#
# There is insufficient memory for the Java Runtime Environment to continue.
# Native memory allocation (malloc) failed to allocate 2034400 bytes for Chunk::new
# Possible reasons:
#   The system is out of physical RAM or swap space
#   The process is running with CompressedOops enabled, and the Java Heap may be blocking the growth of the native heap
# Possible solutions:
#   Reduce memory load on the system
#   Increase physical memory or swap space
#   Check if swap backing store is full
#   Decrease Java heap size (-Xmx/-Xms)
#   Decrease number of Java threads
#   Decrease Java thread stack sizes (-Xss)
#   Set larger code cache with -XX:ReservedCodeCacheSize=
#   JVM is running with Unscaled Compressed Oops mode in which the Java heap is
#     placed in the first 4GB address space. The Java Heap base address is the
#     maximum limit for the native heap growth. Please use -XX:HeapBaseMinAddress
#     to set the Java Heap base and to place the Java Heap above 4GB virtual address.
# This output file may be truncated or incomplete.
#
#  Out of Memory Error (arena.cpp:189), pid=21752, tid=21268
#
# JRE version: OpenJDK Runtime Environment Temurin-17.0.7+7 (17.0.7+7) (build 17.0.7+7)
# Java VM: OpenJDK 64-Bit Server VM Temurin-17.0.7+7 (17.0.7+7, mixed mode, tiered, compressed oops, compressed class ptrs, parallel gc, windows-amd64)
# No core dump will be written. Minidumps are not enabled by default on client versions of Windows
#

---------------  S U M M A R Y ------------

Command Line: --add-modules=ALL-SYSTEM --add-opens=java.base/java.util=ALL-UNNAMED --add-opens=java.base/java.lang=ALL-UNNAMED --add-opens=java.base/sun.nio.fs=ALL-UNNAMED -Declipse.application=org.eclipse.jdt.ls.core.id1 -Dosgi.bundles.defaultStartLevel=4 -Declipse.product=org.eclipse.jdt.ls.core.product -Djava.import.generatesMetadataFilesAtProjectRoot=false -Dfile.encoding=utf8 -XX:+UseParallelGC -XX:GCTimeRatio=4 -XX:AdaptiveSizePolicyWeight=90 -Dsun.zip.disableMemoryMapping=true -Xmx1G -Xms100m -Xlog:disable -javaagent:c:\Users\khami\.vscode\extensions\redhat.java-1.20.0-win32-x64\lombok\lombok-1.18.28.jar -XX:+HeapDumpOnOutOfMemoryError -XX:HeapDumpPath=c:\Users\khami\AppData\Roaming\Code\User\workspaceStorage\6a2d3d3737832186bb7f3db857603596\redhat.java -Daether.dependencyCollector.impl=bf c:\Users\khami\.vscode\extensions\redhat.java-1.20.0-win32-x64\server\plugins\org.eclipse.equinox.launcher_1.6.500.v20230622-2056.jar -configuration c:\Users\khami\AppData\Roaming\Code\User\globalStorage\redhat.java\1.20.0\config_win -data c:\Users\khami\AppData\Roaming\Code\User\workspaceStorage\6a2d3d3737832186bb7f3db857603596\redhat.java\jdt_ws

Host: Intel(R) Core(TM) i7-10750H CPU @ 2.60GHz, 12 cores, 15G,  Windows 11 , 64 bit Build 25905 (10.0.25905.1000)
Time: Mon Jul 17 22:00:32 2023 SE Asia Standard Time elapsed time: 89.659181 seconds (0d 0h 1m 29s)

---------------  T H R E A D  ---------------

Current thread (0x000002144f93b1c0):  JavaThread "C2 CompilerThread0" daemon [_thread_in_native, id=21268, stack(0x000000d32de00000,0x000000d32df00000)]


Current CompileTask:
C2:  89659 15187       4       lombok.eclipse.handlers.EclipseHandlerUtil::typeMatches (10 bytes)

Stack: [0x000000d32de00000,0x000000d32df00000]
Native frames: (J=compiled Java code, j=interpreted, Vv=VM code, C=native code)
V  [jvm.dll+0x67754a]
V  [jvm.dll+0x834304]
V  [jvm.dll+0x835aae]
V  [jvm.dll+0x836113]
V  [jvm.dll+0x24696f]
V  [jvm.dll+0xac0ac]
V  [jvm.dll+0xac67c]
V  [jvm.dll+0x364e37]
V  [jvm.dll+0x32f6b1]
V  [jvm.dll+0x32eb5a]
V  [jvm.dll+0x219641]
V  [jvm.dll+0x218a61]
V  [jvm.dll+0x1a4d8d]
V  [jvm.dll+0x2284da]
V  [jvm.dll+0x226615]
V  [jvm.dll+0x7ea90b]
V  [jvm.dll+0x7e4e7a]
V  [jvm.dll+0x676395]
C  [ucrtbase.dll+0x609e1]
C  [KERNEL32.DLL+0x124d8]
C  [ntdll.dll+0x4091]


---------------  P R O C E S S  ---------------

Threads class SMR info:
_java_thread_list=0x0000021460678a20, length=49, elements={
0x00000214360307b0, 0x000002144a645870, 0x000002144a648970, 0x000002144a64af50,
0x000002144a64ba10, 0x000002144a64dbf0, 0x000002144f932aa0, 0x000002144f93b1c0,
0x000002144f93bac0, 0x000002144f93e240, 0x000002144fac8780, 0x000002144fac7440,
0x000002144fac6aa0, 0x000002144fac95f0, 0x000002144fac7910, 0x000002144fac5c30,
0x000002144fac6f70, 0x000002144fac65d0, 0x000002145422f4b0, 0x0000021454233810,
0x000002145422efe0, 0x0000021454232e70, 0x0000021454230cc0, 0x00000214542354f0,
0x0000021454230320, 0x0000021454231190, 0x000002145422eb10, 0x0000021454233340,
0x0000021454234b50, 0x0000021454231b30, 0x0000021454235020, 0x00000214542329a0,
0x00000214542324d0, 0x0000021453833500, 0x0000021453834370, 0x00000214538351e0,
0x0000021453832b60, 0x0000021453831cf0, 0x00000214538369f0, 0x0000021453833030,
0x0000021453836520, 0x0000021453835b80, 0x00000214538339d0, 0x0000021453833ea0,
0x0000021453830010, 0x00000214538304e0, 0x00000214534c8670, 0x000002145525eb30,
0x000002145525f040
}

Java Threads: ( => current thread )
  0x00000214360307b0 JavaThread "main" [_thread_blocked, id=8216, stack(0x000000d32d500000,0x000000d32d600000)]
  0x000002144a645870 JavaThread "Reference Handler" daemon [_thread_blocked, id=25184, stack(0x000000d32d800000,0x000000d32d900000)]
  0x000002144a648970 JavaThread "Finalizer" daemon [_thread_blocked, id=2796, stack(0x000000d32d900000,0x000000d32da00000)]
  0x000002144a64af50 JavaThread "Signal Dispatcher" daemon [_thread_blocked, id=12980, stack(0x000000d32da00000,0x000000d32db00000)]
  0x000002144a64ba10 JavaThread "Attach Listener" daemon [_thread_blocked, id=23776, stack(0x000000d32db00000,0x000000d32dc00000)]
  0x000002144a64dbf0 JavaThread "Service Thread" daemon [_thread_blocked, id=24572, stack(0x000000d32dc00000,0x000000d32dd00000)]
  0x000002144f932aa0 JavaThread "Monitor Deflation Thread" daemon [_thread_blocked, id=11408, stack(0x000000d32dd00000,0x000000d32de00000)]
=>0x000002144f93b1c0 JavaThread "C2 CompilerThread0" daemon [_thread_in_native, id=21268, stack(0x000000d32de00000,0x000000d32df00000)]
  0x000002144f93bac0 JavaThread "C1 CompilerThread0" daemon [_thread_blocked, id=26568, stack(0x000000d32df00000,0x000000d32e000000)]
  0x000002144f93e240 JavaThread "Sweeper thread" daemon [_thread_blocked, id=23608, stack(0x000000d32e000000,0x000000d32e100000)]
  0x000002144fac8780 JavaThread "Common-Cleaner" daemon [_thread_blocked, id=13152, stack(0x000000d32e100000,0x000000d32e200000)]
  0x000002144fac7440 JavaThread "Notification Thread" daemon [_thread_blocked, id=20540, stack(0x000000d32e300000,0x000000d32e400000)]
  0x000002144fac6aa0 JavaThread "Active Thread: Equinox Container: c315de34-0e09-4f9b-b80f-aab3b7cf0ec1" [_thread_blocked, id=16436, stack(0x000000d32ec00000,0x000000d32ed00000)]
  0x000002144fac95f0 JavaThread "Framework Event Dispatcher: Equinox Container: c315de34-0e09-4f9b-b80f-aab3b7cf0ec1" daemon [_thread_blocked, id=11524, stack(0x000000d32ed00000,0x000000d32ee00000)]
  0x000002144fac7910 JavaThread "Start Level: Equinox Container: c315de34-0e09-4f9b-b80f-aab3b7cf0ec1" daemon [_thread_blocked, id=13664, stack(0x000000d32ee00000,0x000000d32ef00000)]
  0x000002144fac5c30 JavaThread "SCR Component Actor" daemon [_thread_blocked, id=20484, stack(0x000000d32ef00000,0x000000d32f000000)]
  0x000002144fac6f70 JavaThread "Worker-JM" [_thread_blocked, id=17324, stack(0x000000d32f200000,0x000000d32f300000)]
  0x000002144fac65d0 JavaThread "Java indexing" daemon [_thread_blocked, id=24504, stack(0x000000d32f700000,0x000000d32f800000)]
  0x000002145422f4b0 JavaThread "JNA Cleaner" daemon [_thread_blocked, id=8296, stack(0x000000d32f800000,0x000000d32f900000)]
  0x0000021454233810 JavaThread "pool-2-thread-1" [_thread_blocked, id=23348, stack(0x000000d32fb00000,0x000000d32fc00000)]
  0x000002145422efe0 JavaThread "WorkspaceEventsHandler" [_thread_blocked, id=27552, stack(0x000000d32fc00000,0x000000d32fd00000)]
  0x0000021454232e70 JavaThread "pool-1-thread-1" [_thread_in_native, id=2416, stack(0x000000d32fd00000,0x000000d32fe00000)]
  0x0000021454230cc0 JavaThread "Worker-2" [_thread_blocked, id=22936, stack(0x000000d32fe00000,0x000000d32ff00000)]
  0x00000214542354f0 JavaThread "Worker-3" [_thread_blocked, id=1748, stack(0x000000d32ff00000,0x000000d330000000)]
  0x0000021454230320 JavaThread "Worker-4: Building" [_thread_blocked, id=8760, stack(0x000000d330000000,0x000000d330100000)]
  0x0000021454231190 JavaThread "ForkJoinPool.commonPool-worker-1" daemon [_thread_blocked, id=2748, stack(0x000000d330100000,0x000000d330200000)]
  0x000002145422eb10 JavaThread "ForkJoinPool.commonPool-worker-2" daemon [_thread_blocked, id=10408, stack(0x000000d330200000,0x000000d330300000)]
  0x0000021454233340 JavaThread "ForkJoinPool.commonPool-worker-3" daemon [_thread_blocked, id=18040, stack(0x000000d330300000,0x000000d330400000)]
  0x0000021454234b50 JavaThread "ForkJoinPool.commonPool-worker-4" daemon [_thread_blocked, id=26424, stack(0x000000d330500000,0x000000d330600000)]
  0x0000021454231b30 JavaThread "ForkJoinPool.commonPool-worker-5" daemon [_thread_in_native, id=11256, stack(0x000000d330600000,0x000000d330700000)]
  0x0000021454235020 JavaThread "Bundle File Closer" daemon [_thread_blocked, id=4768, stack(0x000000d32f100000,0x000000d32f200000)]
  0x00000214542329a0 JavaThread "ForkJoinPool.commonPool-worker-6" daemon [_thread_blocked, id=5716, stack(0x000000d330700000,0x000000d330800000)]
  0x00000214542324d0 JavaThread "ForkJoinPool.commonPool-worker-7" daemon [_thread_blocked, id=22256, stack(0x000000d330800000,0x000000d330900000)]
  0x0000021453833500 JavaThread "Worker-6" [_thread_blocked, id=6940, stack(0x000000d330a00000,0x000000d330b00000)]
  0x0000021453834370 JavaThread "ForkJoinPool.commonPool-worker-8" daemon [_thread_blocked, id=9628, stack(0x000000d32e500000,0x000000d32e600000)]
  0x00000214538351e0 JavaThread "ForkJoinPool.commonPool-worker-9" daemon [_thread_blocked, id=17816, stack(0x000000d330900000,0x000000d330a00000)]
  0x0000021453832b60 JavaThread "ForkJoinPool.commonPool-worker-10" daemon [_thread_blocked, id=26196, stack(0x000000d330c00000,0x000000d330d00000)]
  0x0000021453831cf0 JavaThread "ForkJoinPool.commonPool-worker-11" daemon [_thread_in_native, id=26888, stack(0x000000d330d00000,0x000000d330e00000)]
  0x00000214538369f0 JavaThread "Java Debug Server" daemon [_thread_in_native, id=10836, stack(0x000000d330e00000,0x000000d330f00000)]
  0x0000021453833030 JavaThread "pool-5-thread-1" [_thread_in_native, id=22888, stack(0x000000d330f00000,0x000000d331000000)]
  0x0000021453836520 JavaThread "RxSchedulerPurge-1" daemon [_thread_blocked, id=22016, stack(0x000000d331000000,0x000000d331100000)]
  0x0000021453835b80 JavaThread "RxCachedWorkerPoolEvictor-1" daemon [_thread_blocked, id=11196, stack(0x000000d331100000,0x000000d331200000)]
  0x00000214538339d0 JavaThread "RxNewThreadScheduler-1" daemon [_thread_blocked, id=2292, stack(0x000000d331200000,0x000000d331300000)]
  0x0000021453833ea0 JavaThread "process reaper (pid 11808)" daemon [_thread_in_native, id=5380, stack(0x000000d32cfd0000,0x000000d32cff0000)]
  0x0000021453830010 JavaThread "Worker-7" [_thread_blocked, id=8532, stack(0x000000d32d200000,0x000000d32d300000)]
  0x00000214538304e0 JavaThread "Worker-8: Updating workspace" [_thread_blocked, id=22812, stack(0x000000d32d300000,0x000000d32d400000)]
  0x00000214534c8670 JavaThread "Worker-9" [_thread_blocked, id=25680, stack(0x000000d32f500000,0x000000d32f600000)]
  0x000002145525eb30 JavaThread "C2 CompilerThread1" daemon [_thread_blocked, id=1244, stack(0x000000d32d400000,0x000000d32d500000)]
  0x000002145525f040 JavaThread "C2 CompilerThread2" daemon [_thread_in_native, id=4416, stack(0x000000d32e200000,0x000000d32e300000)]

Other Threads:
  0x000002144f8f31c0 VMThread "VM Thread" [stack: 0x000000d32d700000,0x000000d32d800000] [id=24384]
  0x000002144fc559b0 WatcherThread [stack: 0x000000d32e400000,0x000000d32e500000] [id=25004]
  0x0000021436047cf0 GCTaskThread "GC Thread#0" [stack: 0x000000d32d600000,0x000000d32d700000] [id=13604]
  0x00000214516659a0 GCTaskThread "GC Thread#1" [stack: 0x000000d32e600000,0x000000d32e700000] [id=7668]
  0x0000021451665c50 GCTaskThread "GC Thread#2" [stack: 0x000000d32e700000,0x000000d32e800000] [id=22860]
  0x00000214511a90e0 GCTaskThread "GC Thread#3" [stack: 0x000000d32e800000,0x000000d32e900000] [id=25064]
  0x00000214511a9390 GCTaskThread "GC Thread#4" [stack: 0x000000d32e900000,0x000000d32ea00000] [id=13120]
  0x00000214514ea510 GCTaskThread "GC Thread#5" [stack: 0x000000d32ea00000,0x000000d32eb00000] [id=9664]
  0x00000214516e6070 GCTaskThread "GC Thread#6" [stack: 0x000000d32eb00000,0x000000d32ec00000] [id=4452]
  0x0000021451b10400 GCTaskThread "GC Thread#7" [stack: 0x000000d32f000000,0x000000d32f100000] [id=23768]
  0x0000021451a07450 GCTaskThread "GC Thread#8" [stack: 0x000000d32f300000,0x000000d32f400000] [id=19096]
  0x0000021451ed1e60 GCTaskThread "GC Thread#9" [stack: 0x000000d32f400000,0x000000d32f500000] [id=9476]

Threads with active compile tasks:
C2 CompilerThread0    89684 15187       4       lombok.eclipse.handlers.EclipseHandlerUtil::typeMatches (10 bytes)
C2 CompilerThread1    89684 15697   !   4       org.eclipse.jdt.internal.compiler.parser.Parser::parse (907 bytes)
C2 CompilerThread2    89684 15682       4       org.eclipse.jdt.internal.compiler.parser.Scanner::getNextToken (182 bytes)

VM state: at safepoint (normal execution)

VM Mutex/Monitor currently owned by a thread:  ([mutex/lock_event])
[0x000002143602c9f0] Threads_lock - owner thread: 0x000002144f8f31c0
[0x000002143602d770] Heap_lock - owner thread: 0x0000021453834370

Heap address: 0x00000000c0000000, size: 1024 MB, Compressed Oops mode: 32-bit

CDS archive(s) not mapped
Compressed class space mapped at: 0x0000000100000000-0x0000000140000000, reserved size: 1073741824
Narrow klass base: 0x0000000000000000, Narrow klass shift: 3, Narrow klass range: 0x140000000

GC Precious Log:
 CPUs: 12 total, 12 available
 Memory: 16160M
 Large Page Support: Disabled
 NUMA Support: Disabled
 Compressed Oops: Enabled (32-bit)
 Alignments: Space 512K, Generation 512K, Heap 2M
 Heap Min Capacity: 100M
 Heap Initial Capacity: 100M
 Heap Max Capacity: 1G
 Pre-touch: Disabled
 Parallel Workers: 10

Heap:
 PSYoungGen      total 13312K, used 13285K [0x00000000eab00000, 0x00000000ecb80000, 0x0000000100000000)
  eden space 9728K, 100% used [0x00000000eab00000,0x00000000eb480000,0x00000000eb480000)
  from space 3584K, 99% used [0x00000000eb480000,0x00000000eb7f9550,0x00000000eb800000)
  to   space 11264K, 87% used [0x00000000ec080000,0x00000000eca27c00,0x00000000ecb80000)
 ParOldGen       total 177664K, used 125189K [0x00000000c0000000, 0x00000000cad80000, 0x00000000eab00000)
  object space 177664K, 70% used [0x00000000c0000000,0x00000000c7a416c0,0x00000000cad80000)
 Metaspace       used 82516K, committed 83904K, reserved 1179648K
  class space    used 8616K, committed 9280K, reserved 1048576K

Card table byte_map: [0x0000021447ee0000,0x00000214480f0000] _byte_map_base: 0x00000214478e0000

Marking Bits: (ParMarkBitMap*) 0x00007ffc027952c0
 Begin Bits: [0x0000021448250000, 0x0000021449250000)
 End Bits:   [0x0000021449250000, 0x000002144a250000)

Polling page: 0x00000214347a0000

Metaspace:

Usage:
  Non-class:     72.17 MB used.
      Class:      8.41 MB used.
       Both:     80.58 MB used.

Virtual space:
  Non-class space:      128.00 MB reserved,      72.88 MB ( 57%) committed,  2 nodes.
      Class space:        1.00 GB reserved,       9.06 MB ( <1%) committed,  1 nodes.
             Both:        1.12 GB reserved,      81.94 MB (  7%) committed. 

Chunk freelists:
   Non-Class:  6.81 MB
       Class:  6.97 MB
        Both:  13.78 MB

MaxMetaspaceSize: unlimited
CompressedClassSpaceSize: 1.00 GB
Initial GC threshold: 21.00 MB
Current GC threshold: 136.38 MB
CDS: off
MetaspaceReclaimPolicy: balanced
 - commit_granule_bytes: 65536.
 - commit_granule_words: 8192.
 - virtual_space_node_default_size: 8388608.
 - enlarge_chunks_in_place: 1.
 - new_chunks_are_fully_committed: 0.
 - uncommit_free_chunks: 1.
 - use_allocation_guard: 0.
 - handle_deallocations: 1.


Internal statistics:

num_allocs_failed_limit: 6.
num_arena_births: 928.
num_arena_deaths: 34.
num_vsnodes_births: 3.
num_vsnodes_deaths: 0.
num_space_committed: 1311.
num_space_uncommitted: 0.
num_chunks_returned_to_freelist: 49.
num_chunks_taken_from_freelist: 4480.
num_chunk_merges: 19.
num_chunk_splits: 2773.
num_chunks_enlarged: 1594.
num_inconsistent_stats: 0.

CodeHeap 'non-profiled nmethods': size=120000Kb used=12168Kb max_used=12168Kb free=107831Kb
 bounds [0x00000214407d0000, 0x00000214413c0000, 0x0000021447d00000]
CodeHeap 'profiled nmethods': size=120000Kb used=27632Kb max_used=27632Kb free=92367Kb
 bounds [0x0000021438d00000, 0x000002143a800000, 0x0000021440230000]
CodeHeap 'non-nmethods': size=5760Kb used=1404Kb max_used=1552Kb free=4355Kb
 bounds [0x0000021440230000, 0x00000214404a0000, 0x00000214407d0000]
 total_blobs=13226 nmethods=12470 adapters=666
 compilation: enabled
              stopped_count=0, restarted_count=0
 full_count=0

Compilation events (20 events):
Event: 88.543 Thread 0x000002144f93bac0 nmethod 15691 0x0000021439efd810 code [0x0000021439efd9a0, 0x0000021439efdaf8]
Event: 88.543 Thread 0x000002144f93bac0 15690       1       org.eclipse.jdt.core.dom.ASTVisitor::visit (2 bytes)
Event: 88.543 Thread 0x000002144f93bac0 nmethod 15690 0x00000214413a1090 code [0x00000214413a1220, 0x00000214413a12f8]
Event: 88.543 Thread 0x000002144f93bac0 15692   !   2       org.eclipse.jdt.internal.core.util.Util::getUnresolvedJavaElement (552 bytes)
Event: 88.545 Thread 0x000002144f93bac0 nmethod 15692 0x000002143a7f5d90 code [0x000002143a7f61a0, 0x000002143a7f7588]
Event: 88.545 Thread 0x000002144f93bac0 15693       2       org.eclipse.jdt.ls.core.internal.handlers.JsonRpcHelpers::toLine (9 bytes)
Event: 88.546 Thread 0x000002144f93bac0 nmethod 15693 0x000002143a7f8290 code [0x000002143a7f8440, 0x000002143a7f8558]
Event: 88.621 Thread 0x000002145525f040 nmethod 15655 0x00000214413a1390 code [0x00000214413a1a40, 0x00000214413a7a28]
Event: 88.622 Thread 0x000002145525f040 15682       4       org.eclipse.jdt.internal.compiler.parser.Scanner::getNextToken (182 bytes)
Event: 88.623 Thread 0x000002144f93bac0 15694       2       org.eclipse.core.runtime.jobs.Job::getPriority (5 bytes)
Event: 88.624 Thread 0x000002144f93bac0 nmethod 15694 0x000002143a7f8610 code [0x000002143a7f87a0, 0x000002143a7f88b8]
Event: 88.624 Thread 0x000002144f93bac0 15695  s    2       org.eclipse.jdt.internal.core.search.processing.JobManager::awaitingJobsCount (21 bytes)
Event: 88.625 Thread 0x000002144f93bac0 nmethod 15695 0x000002143a7f8990 code [0x000002143a7f8b40, 0x000002143a7f8d28]
Event: 88.626 Thread 0x000002144f93bac0 15696       2       org.eclipse.jdt.internal.core.search.indexing.SourceIndexerRequestor::acceptTypeReference (9 bytes)
Event: 88.626 Thread 0x000002144f93bac0 nmethod 15696 0x000002143a7f8e10 code [0x000002143a7f8fe0, 0x000002143a7f9228]
Event: 88.630 Thread 0x000002144f93bac0 15699       2       org.eclipse.jdt.internal.core.search.indexing.IndexingParser::newSingleNameReference (32 bytes)
Event: 88.630 Thread 0x000002144f93bac0 nmethod 15699 0x000002143a7f9490 code [0x000002143a7f9620, 0x000002143a7f9758]
Event: 88.649 Thread 0x000002145525eb30 nmethod 15679 0x00000214413abf90 code [0x00000214413ace40, 0x00000214413b06d8]
Event: 88.650 Thread 0x000002145525eb30 15697   !   4       org.eclipse.jdt.internal.compiler.parser.Parser::parse (907 bytes)
Event: 88.652 Thread 0x000002144f93bac0 15700       2       org.eclipse.jdt.internal.core.search.matching.MethodPattern::queryIn (218 bytes)

GC Heap History (20 events):
Event: 87.762 GC heap after
{Heap after GC invocations=529 (full 19):
 PSYoungGen      total 7680K, used 1341K [0x00000000eab00000, 0x00000000eb580000, 0x0000000100000000)
  eden space 6144K, 0% used [0x00000000eab00000,0x00000000eab00000,0x00000000eb100000)
  from space 1536K, 87% used [0x00000000eb100000,0x00000000eb24f500,0x00000000eb280000)
  to   space 1536K, 0% used [0x00000000eb400000,0x00000000eb400000,0x00000000eb580000)
 ParOldGen       total 165376K, used 139687K [0x00000000c0000000, 0x00000000ca180000, 0x00000000eab00000)
  object space 165376K, 84% used [0x00000000c0000000,0x00000000c8869c40,0x00000000ca180000)
 Metaspace       used 82335K, committed 83776K, reserved 1179648K
  class space    used 8602K, committed 9280K, reserved 1048576K
}
Event: 87.774 GC heap before
{Heap before GC invocations=530 (full 19):
 PSYoungGen      total 7680K, used 7485K [0x00000000eab00000, 0x00000000eb580000, 0x0000000100000000)
  eden space 6144K, 100% used [0x00000000eab00000,0x00000000eb100000,0x00000000eb100000)
  from space 1536K, 87% used [0x00000000eb100000,0x00000000eb24f500,0x00000000eb280000)
  to   space 1536K, 0% used [0x00000000eb400000,0x00000000eb400000,0x00000000eb580000)
 ParOldGen       total 165376K, used 139687K [0x00000000c0000000, 0x00000000ca180000, 0x00000000eab00000)
  object space 165376K, 84% used [0x00000000c0000000,0x00000000c8869c40,0x00000000ca180000)
 Metaspace       used 82335K, committed 83776K, reserved 1179648K
  class space    used 8602K, committed 9280K, reserved 1048576K
}
Event: 87.775 GC heap after
{Heap after GC invocations=530 (full 19):
 PSYoungGen      total 7680K, used 1521K [0x00000000eab00000, 0x00000000eb800000, 0x0000000100000000)
  eden space 6144K, 0% used [0x00000000eab00000,0x00000000eab00000,0x00000000eb100000)
  from space 1536K, 99% used [0x00000000eb400000,0x00000000eb57c600,0x00000000eb580000)
  to   space 3072K, 0% used [0x00000000eb100000,0x00000000eb100000,0x00000000eb400000)
 ParOldGen       total 165376K, used 140706K [0x00000000c0000000, 0x00000000ca180000, 0x00000000eab00000)
  object space 165376K, 85% used [0x00000000c0000000,0x00000000c8968800,0x00000000ca180000)
 Metaspace       used 82335K, committed 83776K, reserved 1179648K
  class space    used 8602K, committed 9280K, reserved 1048576K
}
Event: 87.789 GC heap before
{Heap before GC invocations=531 (full 19):
 PSYoungGen      total 7680K, used 7665K [0x00000000eab00000, 0x00000000eb800000, 0x0000000100000000)
  eden space 6144K, 100% used [0x00000000eab00000,0x00000000eb100000,0x00000000eb100000)
  from space 1536K, 99% used [0x00000000eb400000,0x00000000eb57c600,0x00000000eb580000)
  to   space 3072K, 0% used [0x00000000eb100000,0x00000000eb100000,0x00000000eb400000)
 ParOldGen       total 165376K, used 140706K [0x00000000c0000000, 0x00000000ca180000, 0x00000000eab00000)
  object space 165376K, 85% used [0x00000000c0000000,0x00000000c8968800,0x00000000ca180000)
 Metaspace       used 82341K, committed 83776K, reserved 1179648K
  class space    used 8602K, committed 9280K, reserved 1048576K
}
Event: 87.791 GC heap after
{Heap after GC invocations=531 (full 19):
 PSYoungGen      total 9216K, used 1731K [0x00000000eab00000, 0x00000000eb600000, 0x0000000100000000)
  eden space 6144K, 0% used [0x00000000eab00000,0x00000000eab00000,0x00000000eb100000)
  from space 3072K, 56% used [0x00000000eb100000,0x00000000eb2b0c00,0x00000000eb400000)
  to   space 2048K, 0% used [0x00000000eb400000,0x00000000eb400000,0x00000000eb600000)
 ParOldGen       total 165376K, used 142156K [0x00000000c0000000, 0x00000000ca180000, 0x00000000eab00000)
  object space 165376K, 85% used [0x00000000c0000000,0x00000000c8ad32c8,0x00000000ca180000)
 Metaspace       used 82341K, committed 83776K, reserved 1179648K
  class space    used 8602K, committed 9280K, reserved 1048576K
}
Event: 87.825 GC heap before
{Heap before GC invocations=532 (full 19):
 PSYoungGen      total 9216K, used 7239K [0x00000000eab00000, 0x00000000eb600000, 0x0000000100000000)
  eden space 6144K, 89% used [0x00000000eab00000,0x00000000eb0612a0,0x00000000eb100000)
  from space 3072K, 56% used [0x00000000eb100000,0x00000000eb2b0c00,0x00000000eb400000)
  to   space 2048K, 0% used [0x00000000eb400000,0x00000000eb400000,0x00000000eb600000)
 ParOldGen       total 165376K, used 161356K [0x00000000c0000000, 0x00000000ca180000, 0x00000000eab00000)
  object space 165376K, 97% used [0x00000000c0000000,0x00000000c9d932e8,0x00000000ca180000)
 Metaspace       used 82348K, committed 83776K, reserved 1179648K
  class space    used 8602K, committed 9280K, reserved 1048576K
}
Event: 87.828 GC heap after
{Heap after GC invocations=532 (full 19):
 PSYoungGen      total 9216K, used 1536K [0x00000000eab00000, 0x00000000eb600000, 0x0000000100000000)
  eden space 7168K, 0% used [0x00000000eab00000,0x00000000eab00000,0x00000000eb200000)
  from space 2048K, 75% used [0x00000000eb400000,0x00000000eb580020,0x00000000eb600000)
  to   space 2048K, 0% used [0x00000000eb200000,0x00000000eb200000,0x00000000eb400000)
 ParOldGen       total 165376K, used 162911K [0x00000000c0000000, 0x00000000ca180000, 0x00000000eab00000)
  object space 165376K, 98% used [0x00000000c0000000,0x00000000c9f17f38,0x00000000ca180000)
 Metaspace       used 82348K, committed 83776K, reserved 1179648K
  class space    used 8602K, committed 9280K, reserved 1048576K
}
Event: 88.167 GC heap before
{Heap before GC invocations=533 (full 19):
 PSYoungGen      total 9216K, used 8704K [0x00000000eab00000, 0x00000000eb600000, 0x0000000100000000)
  eden space 7168K, 100% used [0x00000000eab00000,0x00000000eb200000,0x00000000eb200000)
  from space 2048K, 75% used [0x00000000eb400000,0x00000000eb580020,0x00000000eb600000)
  to   space 2048K, 0% used [0x00000000eb200000,0x00000000eb200000,0x00000000eb400000)
 ParOldGen       total 177152K, used 174431K [0x00000000c0000000, 0x00000000cad00000, 0x00000000eab00000)
  object space 177152K, 98% used [0x00000000c0000000,0x00000000caa57f48,0x00000000cad00000)
 Metaspace       used 82357K, committed 83840K, reserved 1179648K
  class space    used 8602K, committed 9280K, reserved 1048576K
}
Event: 88.172 GC heap after
{Heap after GC invocations=533 (full 19):
 PSYoungGen      total 9216K, used 2022K [0x00000000eab00000, 0x00000000ec000000, 0x0000000100000000)
  eden space 7168K, 0% used [0x00000000eab00000,0x00000000eab00000,0x00000000eb200000)
  from space 2048K, 98% used [0x00000000eb200000,0x00000000eb3f9800,0x00000000eb400000)
  to   space 6656K, 0% used [0x00000000eb980000,0x00000000eb980000,0x00000000ec000000)
 ParOldGen       total 178176K, used 178157K [0x00000000c0000000, 0x00000000cae00000, 0x00000000eab00000)
  object space 178176K, 99% used [0x00000000c0000000,0x00000000cadfb708,0x00000000cae00000)
 Metaspace       used 82357K, committed 83840K, reserved 1179648K
  class space    used 8602K, committed 9280K, reserved 1048576K
}
Event: 88.172 GC heap before
{Heap before GC invocations=534 (full 20):
 PSYoungGen      total 9216K, used 2022K [0x00000000eab00000, 0x00000000ec000000, 0x0000000100000000)
  eden space 7168K, 0% used [0x00000000eab00000,0x00000000eab00000,0x00000000eb200000)
  from space 2048K, 98% used [0x00000000eb200000,0x00000000eb3f9800,0x00000000eb400000)
  to   space 6656K, 0% used [0x00000000eb980000,0x00000000eb980000,0x00000000ec000000)
 ParOldGen       total 178176K, used 178157K [0x00000000c0000000, 0x00000000cae00000, 0x00000000eab00000)
  object space 178176K, 99% used [0x00000000c0000000,0x00000000cadfb708,0x00000000cae00000)
 Metaspace       used 82357K, committed 83840K, reserved 1179648K
  class space    used 8602K, committed 9280K, reserved 1048576K
}
Event: 88.264 GC heap after
{Heap after GC invocations=534 (full 20):
 PSYoungGen      total 14848K, used 0K [0x00000000eab00000, 0x00000000ec000000, 0x0000000100000000)
  eden space 8192K, 0% used [0x00000000eab00000,0x00000000eab00000,0x00000000eb300000)
  from space 6656K, 0% used [0x00000000eb980000,0x00000000eb980000,0x00000000ec000000)
  to   space 6656K, 0% used [0x00000000eb300000,0x00000000eb300000,0x00000000eb980000)
 ParOldGen       total 177664K, used 118865K [0x00000000c0000000, 0x00000000cad80000, 0x00000000eab00000)
  object space 177664K, 66% used [0x00000000c0000000,0x00000000c7414530,0x00000000cad80000)
 Metaspace       used 82357K, committed 83840K, reserved 1179648K
  class space    used 8602K, committed 9280K, reserved 1048576K
}
Event: 88.391 GC heap before
{Heap before GC invocations=535 (full 20):
 PSYoungGen      total 14848K, used 8192K [0x00000000eab00000, 0x00000000ec000000, 0x0000000100000000)
  eden space 8192K, 100% used [0x00000000eab00000,0x00000000eb300000,0x00000000eb300000)
  from space 6656K, 0% used [0x00000000eb980000,0x00000000eb980000,0x00000000ec000000)
  to   space 6656K, 0% used [0x00000000eb300000,0x00000000eb300000,0x00000000eb980000)
 ParOldGen       total 177664K, used 118865K [0x00000000c0000000, 0x00000000cad80000, 0x00000000eab00000)
  object space 177664K, 66% used [0x00000000c0000000,0x00000000c7414530,0x00000000cad80000)
 Metaspace       used 82376K, committed 83840K, reserved 1179648K
  class space    used 8602K, committed 9280K, reserved 1048576K
}
Event: 88.394 GC heap after
{Heap after GC invocations=535 (full 20):
 PSYoungGen      total 10752K, used 2388K [0x00000000eab00000, 0x00000000ebc00000, 0x0000000100000000)
  eden space 8192K, 0% used [0x00000000eab00000,0x00000000eab00000,0x00000000eb300000)
  from space 2560K, 93% used [0x00000000eb300000,0x00000000eb555200,0x00000000eb580000)
  to   space 4096K, 0% used [0x00000000eb800000,0x00000000eb800000,0x00000000ebc00000)
 ParOldGen       total 177664K, used 118873K [0x00000000c0000000, 0x00000000cad80000, 0x00000000eab00000)
  object space 177664K, 66% used [0x00000000c0000000,0x00000000c7416530,0x00000000cad80000)
 Metaspace       used 82376K, committed 83840K, reserved 1179648K
  class space    used 8602K, committed 9280K, reserved 1048576K
}
Event: 88.455 GC heap before
{Heap before GC invocations=536 (full 20):
 PSYoungGen      total 10752K, used 10580K [0x00000000eab00000, 0x00000000ebc00000, 0x0000000100000000)
  eden space 8192K, 100% used [0x00000000eab00000,0x00000000eb300000,0x00000000eb300000)
  from space 2560K, 93% used [0x00000000eb300000,0x00000000eb555200,0x00000000eb580000)
  to   space 4096K, 0% used [0x00000000eb800000,0x00000000eb800000,0x00000000ebc00000)
 ParOldGen       total 177664K, used 118873K [0x00000000c0000000, 0x00000000cad80000, 0x00000000eab00000)
  object space 177664K, 66% used [0x00000000c0000000,0x00000000c7416530,0x00000000cad80000)
 Metaspace       used 82376K, committed 83840K, reserved 1179648K
  class space    used 8602K, committed 9280K, reserved 1048576K
}
Event: 88.457 GC heap after
{Heap after GC invocations=536 (full 20):
 PSYoungGen      total 12800K, used 3092K [0x00000000eab00000, 0x00000000ebb80000, 0x0000000100000000)
  eden space 9216K, 0% used [0x00000000eab00000,0x00000000eab00000,0x00000000eb400000)
  from space 3584K, 86% used [0x00000000eb800000,0x00000000ebb05220,0x00000000ebb80000)
  to   space 3584K, 0% used [0x00000000eb480000,0x00000000eb480000,0x00000000eb800000)
 ParOldGen       total 177664K, used 118873K [0x00000000c0000000, 0x00000000cad80000, 0x00000000eab00000)
  object space 177664K, 66% used [0x00000000c0000000,0x00000000c7416530,0x00000000cad80000)
 Metaspace       used 82376K, committed 83840K, reserved 1179648K
  class space    used 8602K, committed 9280K, reserved 1048576K
}
Event: 88.501 GC heap before
{Heap before GC invocations=537 (full 20):
 PSYoungGen      total 12800K, used 12308K [0x00000000eab00000, 0x00000000ebb80000, 0x0000000100000000)
  eden space 9216K, 100% used [0x00000000eab00000,0x00000000eb400000,0x00000000eb400000)
  from space 3584K, 86% used [0x00000000eb800000,0x00000000ebb05220,0x00000000ebb80000)
  to   space 3584K, 0% used [0x00000000eb480000,0x00000000eb480000,0x00000000eb800000)
 ParOldGen       total 177664K, used 118873K [0x00000000c0000000, 0x00000000cad80000, 0x00000000eab00000)
  object space 177664K, 66% used [0x00000000c0000000,0x00000000c7416530,0x00000000cad80000)
 Metaspace       used 82440K, committed 83904K, reserved 1179648K
  class space    used 8608K, committed 9280K, reserved 1048576K
}
Event: 88.503 GC heap after
{Heap after GC invocations=537 (full 20):
 PSYoungGen      total 13312K, used 2484K [0x00000000eab00000, 0x00000000ebb00000, 0x0000000100000000)
  eden space 9728K, 0% used [0x00000000eab00000,0x00000000eab00000,0x00000000eb480000)
  from space 3584K, 69% used [0x00000000eb480000,0x00000000eb6ed200,0x00000000eb800000)
  to   space 3072K, 0% used [0x00000000eb800000,0x00000000eb800000,0x00000000ebb00000)
 ParOldGen       total 177664K, used 118873K [0x00000000c0000000, 0x00000000cad80000, 0x00000000eab00000)
  object space 177664K, 66% used [0x00000000c0000000,0x00000000c7416530,0x00000000cad80000)
 Metaspace       used 82440K, committed 83904K, reserved 1179648K
  class space    used 8608K, committed 9280K, reserved 1048576K
}
Event: 88.554 GC heap before
{Heap before GC invocations=538 (full 20):
 PSYoungGen      total 13312K, used 12210K [0x00000000eab00000, 0x00000000ebb00000, 0x0000000100000000)
  eden space 9728K, 99% used [0x00000000eab00000,0x00000000eb47f6c8,0x00000000eb480000)
  from space 3584K, 69% used [0x00000000eb480000,0x00000000eb6ed200,0x00000000eb800000)
  to   space 3072K, 0% used [0x00000000eb800000,0x00000000eb800000,0x00000000ebb00000)
 ParOldGen       total 177664K, used 118873K [0x00000000c0000000, 0x00000000cad80000, 0x00000000eab00000)
  object space 177664K, 66% used [0x00000000c0000000,0x00000000c7416530,0x00000000cad80000)
 Metaspace       used 82453K, committed 83904K, reserved 1179648K
  class space    used 8608K, committed 9280K, reserved 1048576K
}
Event: 88.558 GC heap after
{Heap after GC invocations=538 (full 20):
 PSYoungGen      total 12800K, used 3060K [0x00000000eab00000, 0x00000000ebc80000, 0x0000000100000000)
  eden space 9728K, 0% used [0x00000000eab00000,0x00000000eab00000,0x00000000eb480000)
  from space 3072K, 99% used [0x00000000eb800000,0x00000000ebafd200,0x00000000ebb00000)
  to   space 3584K, 0% used [0x00000000eb480000,0x00000000eb480000,0x00000000eb800000)
 ParOldGen       total 177664K, used 118929K [0x00000000c0000000, 0x00000000cad80000, 0x00000000eab00000)
  object space 177664K, 66% used [0x00000000c0000000,0x00000000c7424540,0x00000000cad80000)
 Metaspace       used 82453K, committed 83904K, reserved 1179648K
  class space    used 8608K, committed 9280K, reserved 1048576K
}
Event: 88.656 GC heap before
{Heap before GC invocations=539 (full 20):
 PSYoungGen      total 12800K, used 12788K [0x00000000eab00000, 0x00000000ebc80000, 0x0000000100000000)
  eden space 9728K, 100% used [0x00000000eab00000,0x00000000eb480000,0x00000000eb480000)
  from space 3072K, 99% used [0x00000000eb800000,0x00000000ebafd200,0x00000000ebb00000)
  to   space 3584K, 0% used [0x00000000eb480000,0x00000000eb480000,0x00000000eb800000)
 ParOldGen       total 177664K, used 118929K [0x00000000c0000000, 0x00000000cad80000, 0x00000000eab00000)
  object space 177664K, 66% used [0x00000000c0000000,0x00000000c7424540,0x00000000cad80000)
 Metaspace       used 82507K, committed 83904K, reserved 1179648K
  class space    used 8615K, committed 9280K, reserved 1048576K
}

Dll operation events (11 events):
Event: 0.007 Loaded shared library c:\Users\khami\.vscode\extensions\redhat.java-1.20.0-win32-x64\jre\17.0.7-win32-x86_64\bin\java.dll
Event: 0.101 Loaded shared library c:\Users\khami\.vscode\extensions\redhat.java-1.20.0-win32-x64\jre\17.0.7-win32-x86_64\bin\zip.dll
Event: 0.103 Loaded shared library C:\Users\khami\.vscode\extensions\redhat.java-1.20.0-win32-x64\jre\17.0.7-win32-x86_64\bin\instrument.dll
Event: 0.112 Loaded shared library C:\Users\khami\.vscode\extensions\redhat.java-1.20.0-win32-x64\jre\17.0.7-win32-x86_64\bin\net.dll
Event: 0.114 Loaded shared library C:\Users\khami\.vscode\extensions\redhat.java-1.20.0-win32-x64\jre\17.0.7-win32-x86_64\bin\nio.dll
Event: 0.118 Loaded shared library C:\Users\khami\.vscode\extensions\redhat.java-1.20.0-win32-x64\jre\17.0.7-win32-x86_64\bin\zip.dll
Event: 0.128 Loaded shared library C:\Users\khami\.vscode\extensions\redhat.java-1.20.0-win32-x64\jre\17.0.7-win32-x86_64\bin\jimage.dll
Event: 0.163 Loaded shared library c:\Users\khami\.vscode\extensions\redhat.java-1.20.0-win32-x64\jre\17.0.7-win32-x86_64\bin\verify.dll
Event: 0.829 Loaded shared library C:\Users\khami\AppData\Roaming\Code\User\globalStorage\redhat.java\1.20.0\config_win\org.eclipse.equinox.launcher\org.eclipse.equinox.launcher.win32.win32.x86_64_1.2.700.v20221108-1024\eclipse_11801.dll
Event: 2.341 Loaded shared library C:\Users\khami\AppData\Local\Temp\jna-102011712\jna2911000172222088180.dll
Event: 27.149 Loaded shared library C:\Users\khami\.vscode\extensions\redhat.java-1.20.0-win32-x64\jre\17.0.7-win32-x86_64\bin\sunmscapi.dll

Deoptimization events (20 events):
Event: 88.447 Thread 0x0000021454234b50 Uncommon trap: trap_request=0xffffffd6 fr.pc=0x000002144135cb70 relative=0x0000000000001f70
Event: 88.447 Thread 0x0000021454234b50 Uncommon trap: reason=array_check action=maybe_recompile pc=0x000002144135cb70 method=java.util.TimSort.reverseRange([Ljava/lang/Object;II)V @ 20 c2
Event: 88.447 Thread 0x0000021454234b50 DEOPT PACKING pc=0x000002144135cb70 sp=0x000000d3305fd090
Event: 88.447 Thread 0x0000021454234b50 DEOPT UNPACKING pc=0x00000214402866a3 sp=0x000000d3305fcf68 mode 2
Event: 88.448 Thread 0x0000021454234b50 Uncommon trap: trap_request=0xffffffd6 fr.pc=0x000002144135cb70 relative=0x0000000000001f70
Event: 88.448 Thread 0x0000021454234b50 Uncommon trap: reason=array_check action=maybe_recompile pc=0x000002144135cb70 method=java.util.TimSort.reverseRange([Ljava/lang/Object;II)V @ 20 c2
Event: 88.448 Thread 0x0000021454234b50 DEOPT PACKING pc=0x000002144135cb70 sp=0x000000d3305fd090
Event: 88.448 Thread 0x0000021454234b50 DEOPT UNPACKING pc=0x00000214402866a3 sp=0x000000d3305fcf68 mode 2
Event: 88.448 Thread 0x0000021454234b50 Uncommon trap: trap_request=0xffffffd6 fr.pc=0x000002144135cb70 relative=0x0000000000001f70
Event: 88.448 Thread 0x0000021454234b50 Uncommon trap: reason=array_check action=maybe_recompile pc=0x000002144135cb70 method=java.util.TimSort.reverseRange([Ljava/lang/Object;II)V @ 20 c2
Event: 88.448 Thread 0x0000021454234b50 DEOPT PACKING pc=0x000002144135cb70 sp=0x000000d3305fd550
Event: 88.448 Thread 0x0000021454234b50 DEOPT UNPACKING pc=0x00000214402866a3 sp=0x000000d3305fd428 mode 2
Event: 88.476 Thread 0x00000214542324d0 Uncommon trap: trap_request=0xffffff45 fr.pc=0x0000021440b31c80 relative=0x0000000000000080
Event: 88.476 Thread 0x00000214542324d0 Uncommon trap: reason=unstable_if action=reinterpret pc=0x0000021440b31c80 method=org.eclipse.jdt.internal.compiler.parser.Scanner.addTokenToLookBack(I)V @ 1 c2
Event: 88.476 Thread 0x00000214542324d0 DEOPT PACKING pc=0x0000021440b31c80 sp=0x000000d3308fe030
Event: 88.476 Thread 0x00000214542324d0 DEOPT UNPACKING pc=0x00000214402866a3 sp=0x000000d3308fdfc0 mode 2
Event: 88.533 Thread 0x0000021454231190 DEOPT PACKING pc=0x0000021439422e50 sp=0x000000d3301fe5c0
Event: 88.533 Thread 0x0000021454231190 DEOPT UNPACKING pc=0x0000021440286e43 sp=0x000000d3301fda20 mode 0
Event: 88.628 Thread 0x000002144fac65d0 DEOPT PACKING pc=0x000002143a638cbf sp=0x000000d32f7fea20
Event: 88.628 Thread 0x000002144fac65d0 DEOPT UNPACKING pc=0x0000021440286e43 sp=0x000000d32f7fdf28 mode 0

Classes unloaded (17 events):
Event: 1.322 Thread 0x000002144f8f31c0 Unloading class 0x0000000100212400 'java/lang/invoke/LambdaForm$MH+0x0000000100212400'
Event: 1.322 Thread 0x000002144f8f31c0 Unloading class 0x0000000100212000 'java/lang/invoke/LambdaForm$MH+0x0000000100212000'
Event: 1.322 Thread 0x000002144f8f31c0 Unloading class 0x0000000100211c00 'java/lang/invoke/LambdaForm$MH+0x0000000100211c00'
Event: 1.322 Thread 0x000002144f8f31c0 Unloading class 0x0000000100211800 'java/lang/invoke/LambdaForm$MH+0x0000000100211800'
Event: 1.322 Thread 0x000002144f8f31c0 Unloading class 0x0000000100211000 'java/lang/invoke/LambdaForm$BMH+0x0000000100211000'
Event: 1.322 Thread 0x000002144f8f31c0 Unloading class 0x0000000100210c00 'java/lang/invoke/LambdaForm$DMH+0x0000000100210c00'
Event: 1.322 Thread 0x000002144f8f31c0 Unloading class 0x000000010020e000 'java/lang/invoke/LambdaForm$DMH+0x000000010020e000'
Event: 7.152 Thread 0x000002144f8f31c0 Unloading class 0x0000000100694800 'java/lang/invoke/LambdaForm$DMH+0x0000000100694800'
Event: 7.152 Thread 0x000002144f8f31c0 Unloading class 0x0000000100694400 'java/lang/invoke/LambdaForm$DMH+0x0000000100694400'
Event: 7.152 Thread 0x000002144f8f31c0 Unloading class 0x0000000100651800 'java/lang/invoke/LambdaForm$MH+0x0000000100651800'
Event: 7.152 Thread 0x000002144f8f31c0 Unloading class 0x0000000100651400 'java/lang/invoke/LambdaForm$MH+0x0000000100651400'
Event: 7.152 Thread 0x000002144f8f31c0 Unloading class 0x0000000100651000 'java/lang/invoke/LambdaForm$MH+0x0000000100651000'
Event: 7.152 Thread 0x000002144f8f31c0 Unloading class 0x0000000100650c00 'java/lang/invoke/LambdaForm$MH+0x0000000100650c00'
Event: 7.152 Thread 0x000002144f8f31c0 Unloading class 0x0000000100650400 'java/lang/invoke/LambdaForm$DMH+0x0000000100650400'
Event: 7.152 Thread 0x000002144f8f31c0 Unloading class 0x0000000100650000 'java/lang/invoke/LambdaForm$DMH+0x0000000100650000'
Event: 7.152 Thread 0x000002144f8f31c0 Unloading class 0x0000000100649c00 'java/lang/invoke/LambdaForm$DMH+0x0000000100649c00'
Event: 7.152 Thread 0x000002144f8f31c0 Unloading class 0x0000000100649800 'java/lang/invoke/LambdaForm$DMH+0x0000000100649800'

Classes redefined (0 events):
No events

Internal exceptions (20 events):
Event: 88.524 Thread 0x00000214542324d0 Exception <a 'java/lang/NullPointerException'{0x00000000eb03d500}> (0x00000000eb03d500) 
thrown [s\src\hotspot\share\runtime\sharedRuntime.cpp, line 628]
Event: 88.524 Thread 0x00000214542324d0 Implicit null exception at 0x000002143a20114f to 0x000002143a20249c
Event: 88.524 Thread 0x00000214542324d0 Exception <a 'java/lang/NullPointerException'{0x00000000eb03f230}> (0x00000000eb03f230) 
thrown [s\src\hotspot\share\runtime\sharedRuntime.cpp, line 628]
Event: 88.551 Thread 0x00000214542324d0 Implicit null exception at 0x000002143a20114f to 0x000002143a20249c
Event: 88.552 Thread 0x00000214542324d0 Exception <a 'java/lang/NullPointerException'{0x00000000eb380a90}> (0x00000000eb380a90) 
thrown [s\src\hotspot\share\runtime\sharedRuntime.cpp, line 628]
Event: 88.552 Thread 0x00000214542324d0 Implicit null exception at 0x000002143a20114f to 0x000002143a20249c
Event: 88.552 Thread 0x00000214542324d0 Exception <a 'java/lang/NullPointerException'{0x00000000eb382760}> (0x00000000eb382760) 
thrown [s\src\hotspot\share\runtime\sharedRuntime.cpp, line 628]
Event: 88.552 Thread 0x00000214542324d0 Implicit null exception at 0x000002143a20114f to 0x000002143a20249c
Event: 88.552 Thread 0x00000214542324d0 Exception <a 'java/lang/NullPointerException'{0x00000000eb38b030}> (0x00000000eb38b030) 
thrown [s\src\hotspot\share\runtime\sharedRuntime.cpp, line 628]
Event: 88.552 Thread 0x00000214542324d0 Implicit null exception at 0x000002143a20114f to 0x000002143a20249c
Event: 88.552 Thread 0x00000214542324d0 Exception <a 'java/lang/NullPointerException'{0x00000000eb38cc90}> (0x00000000eb38cc90) 
thrown [s\src\hotspot\share\runtime\sharedRuntime.cpp, line 628]
Event: 88.552 Thread 0x00000214542324d0 Implicit null exception at 0x000002143a20114f to 0x000002143a20249c
Event: 88.552 Thread 0x00000214542324d0 Exception <a 'java/lang/NullPointerException'{0x00000000eb394b18}> (0x00000000eb394b18) 
thrown [s\src\hotspot\share\runtime\sharedRuntime.cpp, line 628]
Event: 88.552 Thread 0x00000214542324d0 Implicit null exception at 0x000002143a20114f to 0x000002143a20249c
Event: 88.552 Thread 0x00000214542324d0 Exception <a 'java/lang/NullPointerException'{0x00000000eb396998}> (0x00000000eb396998) 
thrown [s\src\hotspot\share\runtime\sharedRuntime.cpp, line 628]
Event: 88.552 Thread 0x00000214542324d0 Implicit null exception at 0x000002143a20114f to 0x000002143a20249c
Event: 88.552 Thread 0x00000214542324d0 Exception <a 'java/lang/NullPointerException'{0x00000000eb39e900}> (0x00000000eb39e900) 
thrown [s\src\hotspot\share\runtime\sharedRuntime.cpp, line 628]
Event: 88.552 Thread 0x00000214542324d0 Implicit null exception at 0x000002143a20114f to 0x000002143a20249c
Event: 88.552 Thread 0x00000214542324d0 Exception <a 'java/lang/NullPointerException'{0x00000000eb3a0540}> (0x00000000eb3a0540) 
thrown [s\src\hotspot\share\runtime\sharedRuntime.cpp, line 628]
Event: 88.597 Thread 0x000002144fac65d0 Exception <a 'sun/nio/fs/WindowsException'{0x00000000eac8a180}> (0x00000000eac8a180) 
thrown [s\src\hotspot\share\prims\jni.cpp, line 516]

VM Operations (20 events):
Event: 87.741 Executing VM operation: ParallelGCFailedAllocation done
Event: 87.757 Executing VM operation: ParallelGCFailedAllocation
Event: 87.763 Executing VM operation: ParallelGCFailedAllocation done
Event: 87.774 Executing VM operation: ParallelGCFailedAllocation
Event: 87.776 Executing VM operation: ParallelGCFailedAllocation done
Event: 87.789 Executing VM operation: ParallelGCFailedAllocation
Event: 87.791 Executing VM operation: ParallelGCFailedAllocation done
Event: 87.824 Executing VM operation: ParallelGCFailedAllocation
Event: 87.829 Executing VM operation: ParallelGCFailedAllocation done
Event: 88.166 Executing VM operation: ParallelGCFailedAllocation
Event: 88.267 Executing VM operation: ParallelGCFailedAllocation done
Event: 88.389 Executing VM operation: ParallelGCFailedAllocation
Event: 88.394 Executing VM operation: ParallelGCFailedAllocation done
Event: 88.455 Executing VM operation: ParallelGCFailedAllocation
Event: 88.457 Executing VM operation: ParallelGCFailedAllocation done
Event: 88.501 Executing VM operation: ParallelGCFailedAllocation
Event: 88.504 Executing VM operation: ParallelGCFailedAllocation done
Event: 88.554 Executing VM operation: ParallelGCFailedAllocation
Event: 88.558 Executing VM operation: ParallelGCFailedAllocation done
Event: 88.653 Executing VM operation: ParallelGCFailedAllocation

Events (20 events):
Event: 85.699 Thread 0x000002145525f040 Thread exited: 0x000002145525f040
Event: 85.978 Thread 0x000002144f93e240 flushing nmethod 0x0000021438d62e90
Event: 85.978 Thread 0x000002144f93e240 flushing nmethod 0x0000021438db5110
Event: 85.989 Thread 0x000002144f93e240 flushing nmethod 0x0000021439344b10
Event: 85.989 Thread 0x000002144f93e240 flushing nmethod 0x0000021439375490
Event: 86.007 Thread 0x000002144f93e240 flushing nmethod 0x0000021439e75610
Event: 86.007 Thread 0x000002144f93e240 flushing nmethod 0x0000021439eafd90
Event: 86.014 Thread 0x000002144f93e240 flushing nmethod 0x000002143a323790
Event: 86.015 Thread 0x000002145525f040 Thread added: 0x000002145525f040
Event: 86.017 Thread 0x000002144f93e240 flushing nmethod 0x000002143a70d790
Event: 86.255 loading class java/util/Spliterators$IntArraySpliterator
Event: 86.255 loading class java/util/Spliterators$IntArraySpliterator done
Event: 86.659 loading class java/lang/Throwable$WrappedPrintWriter
Event: 86.659 loading class java/lang/Throwable$PrintStreamOrWriter
Event: 86.659 loading class java/lang/Throwable$PrintStreamOrWriter done
Event: 86.659 loading class java/lang/Throwable$WrappedPrintWriter done
Event: 87.725 loading class jdk/internal/module/IllegalAccessLogger
Event: 87.725 loading class jdk/internal/module/IllegalAccessLogger done
Event: 87.725 Thread 0x0000021454b1e6e0 Thread added: 0x0000021454b1e6e0
Event: 87.751 Thread 0x0000021454b1e6e0 Thread exited: 0x0000021454b1e6e0


Dynamic libraries:
0x00007ff6b7510000 - 0x00007ff6b751e000 	c:\Users\khami\.vscode\extensions\redhat.java-1.20.0-win32-x64\jre\17.0.7-win32-x86_64\bin\java.exe
0x00007ffc8f6e0000 - 0x00007ffc8f90b000 	C:\WINDOWS\SYSTEM32\ntdll.dll
0x00007ffc8e4c0000 - 0x00007ffc8e586000 	C:\WINDOWS\System32\KERNEL32.DLL
0x00007ffc8cc50000 - 0x00007ffc8cfae000 	C:\WINDOWS\System32\KERNELBASE.dll
0x00007ffc8cb10000 - 0x00007ffc8cc43000 	C:\WINDOWS\System32\ucrtbase.dll
0x00007ffc587c0000 - 0x00007ffc587d9000 	c:\Users\khami\.vscode\extensions\redhat.java-1.20.0-win32-x64\jre\17.0.7-win32-x86_64\bin\VCRUNTIME140.dll
0x00007ffc761e0000 - 0x00007ffc761f7000 	c:\Users\khami\.vscode\extensions\redhat.java-1.20.0-win32-x64\jre\17.0.7-win32-x86_64\bin\jli.dll
0x00007ffc8f2f0000 - 0x00007ffc8f4a1000 	C:\WINDOWS\System32\USER32.dll
0x00007ffc6d660000 - 0x00007ffc6d8f1000 	C:\WINDOWS\WinSxS\amd64_microsoft.windows.common-controls_6595b64144ccf1df_6.0.25905.1000_none_87b90b8fab340372\COMCTL32.dll
0x00007ffc8d320000 - 0x00007ffc8d347000 	C:\WINDOWS\System32\win32u.dll
0x00007ffc8dcf0000 - 0x00007ffc8dd97000 	C:\WINDOWS\System32\msvcrt.dll
0x00007ffc8d550000 - 0x00007ffc8d579000 	C:\WINDOWS\System32\GDI32.dll
0x00007ffc8d1f0000 - 0x00007ffc8d30f000 	C:\WINDOWS\System32\gdi32full.dll
0x00007ffc8d140000 - 0x00007ffc8d1e5000 	C:\WINDOWS\System32\msvcp_win.dll
0x00007ffc8e590000 - 0x00007ffc8e5c0000 	C:\WINDOWS\System32\IMM32.DLL
0x00007ffc88240000 - 0x00007ffc8824c000 	c:\Users\khami\.vscode\extensions\redhat.java-1.20.0-win32-x64\jre\17.0.7-win32-x86_64\bin\vcruntime140_1.dll
0x00007ffc0f910000 - 0x00007ffc0f9a1000 	c:\Users\khami\.vscode\extensions\redhat.java-1.20.0-win32-x64\jre\17.0.7-win32-x86_64\bin\msvcp140.dll
0x00007ffc01c10000 - 0x00007ffc02858000 	c:\Users\khami\.vscode\extensions\redhat.java-1.20.0-win32-x64\jre\17.0.7-win32-x86_64\bin\server\jvm.dll
0x00007ffc8d580000 - 0x00007ffc8d630000 	C:\WINDOWS\System32\ADVAPI32.dll
0x00007ffc8f240000 - 0x00007ffc8f2e0000 	C:\WINDOWS\System32\sechost.dll
0x00007ffc8f570000 - 0x00007ffc8f695000 	C:\WINDOWS\System32\RPCRT4.dll
0x00007ffc85f10000 - 0x00007ffc85f44000 	C:\WINDOWS\SYSTEM32\WINMM.dll
0x00007ffc87570000 - 0x00007ffc87579000 	C:\WINDOWS\SYSTEM32\WSOCK32.dll
0x00007ffc85780000 - 0x00007ffc8578a000 	C:\WINDOWS\SYSTEM32\VERSION.dll
0x00007ffc8e220000 - 0x00007ffc8e293000 	C:\WINDOWS\System32\WS2_32.dll
0x00007ffc8b970000 - 0x00007ffc8b988000 	C:\WINDOWS\SYSTEM32\kernel.appcore.dll
0x00007ffc87500000 - 0x00007ffc8750a000 	c:\Users\khami\.vscode\extensions\redhat.java-1.20.0-win32-x64\jre\17.0.7-win32-x86_64\bin\jimage.dll
0x00007ffc8a330000 - 0x00007ffc8a565000 	C:\WINDOWS\SYSTEM32\DBGHELP.DLL
0x00007ffc8eec0000 - 0x00007ffc8f23b000 	C:\WINDOWS\System32\combase.dll
0x00007ffc8d9e0000 - 0x00007ffc8dab5000 	C:\WINDOWS\System32\OLEAUT32.dll
0x00007ffc6b0e0000 - 0x00007ffc6b118000 	C:\WINDOWS\SYSTEM32\dbgcore.DLL
0x00007ffc8d350000 - 0x00007ffc8d3d1000 	C:\WINDOWS\System32\bcryptPrimitives.dll
0x00007ffc872f0000 - 0x00007ffc872fe000 	c:\Users\khami\.vscode\extensions\redhat.java-1.20.0-win32-x64\jre\17.0.7-win32-x86_64\bin\instrument.dll
0x00007ffc516d0000 - 0x00007ffc516f5000 	c:\Users\khami\.vscode\extensions\redhat.java-1.20.0-win32-x64\jre\17.0.7-win32-x86_64\bin\java.dll
0x00007ffc51600000 - 0x00007ffc51618000 	c:\Users\khami\.vscode\extensions\redhat.java-1.20.0-win32-x64\jre\17.0.7-win32-x86_64\bin\zip.dll
0x00007ffc8e660000 - 0x00007ffc8edd3000 	C:\WINDOWS\System32\SHELL32.dll
0x00007ffc8a8b0000 - 0x00007ffc8b102000 	C:\WINDOWS\SYSTEM32\windows.storage.dll
0x00007ffc8dac0000 - 0x00007ffc8db93000 	C:\WINDOWS\System32\SHCORE.dll
0x00007ffc8d980000 - 0x00007ffc8d9dc000 	C:\WINDOWS\System32\shlwapi.dll
0x00007ffc8ca40000 - 0x00007ffc8ca63000 	C:\WINDOWS\SYSTEM32\profapi.dll
0x00007ffc510c0000 - 0x00007ffc510d9000 	C:\Users\khami\.vscode\extensions\redhat.java-1.20.0-win32-x64\jre\17.0.7-win32-x86_64\bin\net.dll
0x00007ffc85ab0000 - 0x00007ffc85bcb000 	C:\WINDOWS\SYSTEM32\WINHTTP.dll
0x00007ffc8be30000 - 0x00007ffc8be98000 	C:\WINDOWS\system32\mswsock.dll
0x00007ffc510a0000 - 0x00007ffc510b5000 	C:\Users\khami\.vscode\extensions\redhat.java-1.20.0-win32-x64\jre\17.0.7-win32-x86_64\bin\nio.dll
0x00007ffc85690000 - 0x00007ffc856a0000 	c:\Users\khami\.vscode\extensions\redhat.java-1.20.0-win32-x64\jre\17.0.7-win32-x86_64\bin\verify.dll
0x00007ffc475b0000 - 0x00007ffc475ee000 	C:\Users\khami\AppData\Roaming\Code\User\globalStorage\redhat.java\1.20.0\config_win\org.eclipse.equinox.launcher\org.eclipse.equinox.launcher.win32.win32.x86_64_1.2.700.v20221108-1024\eclipse_11801.dll
0x00007ffc8d7e0000 - 0x00007ffc8d972000 	C:\WINDOWS\System32\ole32.dll
0x00007ffc8c0d0000 - 0x00007ffc8c0eb000 	C:\WINDOWS\SYSTEM32\CRYPTSP.dll
0x00007ffc8b8d0000 - 0x00007ffc8b907000 	C:\WINDOWS\system32\rsaenh.dll
0x00007ffc8bf60000 - 0x00007ffc8bf8a000 	C:\WINDOWS\SYSTEM32\USERENV.dll
0x00007ffc8c320000 - 0x00007ffc8c348000 	C:\WINDOWS\SYSTEM32\bcrypt.dll
0x00007ffc8c0f0000 - 0x00007ffc8c0fc000 	C:\WINDOWS\SYSTEM32\CRYPTBASE.dll
0x00007ffc8b390000 - 0x00007ffc8b3bf000 	C:\WINDOWS\SYSTEM32\IPHLPAPI.DLL
0x00007ffc8e4b0000 - 0x00007ffc8e4ba000 	C:\WINDOWS\System32\NSI.dll
0x00007ffc85a90000 - 0x00007ffc85aa9000 	C:\WINDOWS\SYSTEM32\dhcpcsvc6.DLL
0x00007ffc85a00000 - 0x00007ffc85a1f000 	C:\WINDOWS\SYSTEM32\dhcpcsvc.DLL
0x00007ffc8b410000 - 0x00007ffc8b51f000 	C:\WINDOWS\SYSTEM32\DNSAPI.dll
0x00007ffc41a90000 - 0x00007ffc41ad5000 	C:\Users\khami\AppData\Local\Temp\jna-102011712\jna2911000172222088180.dll
0x00007ffc8f560000 - 0x00007ffc8f568000 	C:\WINDOWS\System32\PSAPI.DLL
0x00007ffc525a0000 - 0x00007ffc525ae000 	C:\Users\khami\.vscode\extensions\redhat.java-1.20.0-win32-x64\jre\17.0.7-win32-x86_64\bin\sunmscapi.dll
0x00007ffc8cfc0000 - 0x00007ffc8d134000 	C:\WINDOWS\System32\CRYPT32.dll
0x00007ffc8c2e0000 - 0x00007ffc8c311000 	C:\WINDOWS\SYSTEM32\ncrypt.dll
0x00007ffc8c290000 - 0x00007ffc8c2ce000 	C:\WINDOWS\SYSTEM32\NTASN1.dll

dbghelp: loaded successfully - version: 4.0.5 - missing functions: none
symbol engine: initialized successfully - sym options: 0x614 - pdb path: .;c:\Users\khami\.vscode\extensions\redhat.java-1.20.0-win32-x64\jre\17.0.7-win32-x86_64\bin;C:\WINDOWS\SYSTEM32;C:\WINDOWS\WinSxS\amd64_microsoft.windows.common-controls_6595b64144ccf1df_6.0.25905.1000_none_87b90b8fab340372;c:\Users\khami\.vscode\extensions\redhat.java-1.20.0-win32-x64\jre\17.0.7-win32-x86_64\bin\server;C:\Users\khami\AppData\Roaming\Code\User\globalStorage\redhat.java\1.20.0\config_win\org.eclipse.equinox.launcher\org.eclipse.equinox.launcher.win32.win32.x86_64_1.2.700.v20221108-1024;C:\Users\khami\AppData\Local\Temp\jna-102011712

VM Arguments:
jvm_args: --add-modules=ALL-SYSTEM --add-opens=java.base/java.util=ALL-UNNAMED --add-opens=java.base/java.lang=ALL-UNNAMED --add-opens=java.base/sun.nio.fs=ALL-UNNAMED -Declipse.application=org.eclipse.jdt.ls.core.id1 -Dosgi.bundles.defaultStartLevel=4 -Declipse.product=org.eclipse.jdt.ls.core.product -Djava.import.generatesMetadataFilesAtProjectRoot=false -Dfile.encoding=utf8 -XX:+UseParallelGC -XX:GCTimeRatio=4 -XX:AdaptiveSizePolicyWeight=90 -Dsun.zip.disableMemoryMapping=true -Xmx1G -Xms100m -Xlog:disable -javaagent:c:\Users\khami\.vscode\extensions\redhat.java-1.20.0-win32-x64\lombok\lombok-1.18.28.jar -XX:+HeapDumpOnOutOfMemoryError -XX:HeapDumpPath=c:\Users\khami\AppData\Roaming\Code\User\workspaceStorage\6a2d3d3737832186bb7f3db857603596\redhat.java -Daether.dependencyCollector.impl=bf 
java_command: c:\Users\khami\.vscode\extensions\redhat.java-1.20.0-win32-x64\server\plugins\org.eclipse.equinox.launcher_1.6.500.v20230622-2056.jar -configuration c:\Users\khami\AppData\Roaming\Code\User\globalStorage\redhat.java\1.20.0\config_win -data c:\Users\khami\AppData\Roaming\Code\User\workspaceStorage\6a2d3d3737832186bb7f3db857603596\redhat.java\jdt_ws
java_class_path (initial): c:\Users\khami\.vscode\extensions\redhat.java-1.20.0-win32-x64\server\plugins\org.eclipse.equinox.launcher_1.6.500.v20230622-2056.jar
Launcher Type: SUN_STANDARD

[Global flags]
    uintx AdaptiveSizePolicyWeight                 = 90                                        {product} {command line}
     intx CICompilerCount                          = 4                                         {product} {ergonomic}
    uintx GCTimeRatio                              = 4                                         {product} {command line}
     bool HeapDumpOnOutOfMemoryError               = true                                   {manageable} {command line}
    ccstr HeapDumpPath                             = c:\Users\khami\AppData\Roaming\Code\User\workspaceStorage\6a2d3d3737832186bb7f3db857603596\redhat.java         {manageable} {command line}
   size_t InitialHeapSize                          = 104857600                                 {product} {command line}
   size_t MaxHeapSize                              = 1073741824                                {product} {command line}
   size_t MaxNewSize                               = 357564416                                 {product} {ergonomic}
   size_t MinHeapDeltaBytes                        = 524288                                    {product} {ergonomic}
   size_t MinHeapSize                              = 104857600                                 {product} {command line}
   size_t NewSize                                  = 34603008                                  {product} {ergonomic}
    uintx NonNMethodCodeHeapSize                   = 5839372                                {pd product} {ergonomic}
    uintx NonProfiledCodeHeapSize                  = 122909434                              {pd product} {ergonomic}
   size_t OldSize                                  = 70254592                                  {product} {ergonomic}
    uintx ProfiledCodeHeapSize                     = 122909434                              {pd product} {ergonomic}
    uintx ReservedCodeCacheSize                    = 251658240                              {pd product} {ergonomic}
     bool SegmentedCodeCache                       = true                                      {product} {ergonomic}
   size_t SoftMaxHeapSize                          = 1073741824                             {manageable} {ergonomic}
     bool UseCompressedClassPointers               = true                           {product lp64_product} {ergonomic}
     bool UseCompressedOops                        = true                           {product lp64_product} {ergonomic}
     bool UseLargePagesIndividualAllocation        = false                                  {pd product} {ergonomic}
     bool UseParallelGC                            = true                                      {product} {command line}

Logging:
Log output configuration:
 #0: stdout all=off uptime,level,tags
 #1: stderr all=off uptime,level,tags

Environment Variables:
JAVA_HOME=C:\Program Files\Eclipse Adoptium\jdk-11.0.19.7-hotspot\
PATH=C:\Program Files\Eclipse Adoptium\jdk-11.0.19.7-hotspot\bin;C:\Program Files\Java\jdk-11\bin;C:\Program Files\Common Files\Oracle\Java\javapath;C:\Program Files (x86)\Common Files\Oracle\Java\javapath;C:\Program Files\Microsoft\jdk-11.0.16.101-hotspot\bin;C:\Program Files\Eclipse Adoptium\jdk-8.0.362.9-hotspot\bin;C:\ProgramData\Oracle\Java\javapath;C:\Program Files\Microsoft MPI\Bin\;C:\windows\system32;C:\windows;C:\windows\System32\Wbem;C:\windows\System32\WindowsPowerShell\v1.0\;C:\windows\System32\OpenSSH\;C:\Program Files (x86)\NVIDIA Corporation\PhysX\Common;C:\Program Files\NVIDIA Corporation\NVIDIA NvDLISR;C:\WINDOWS\system32;C:\WINDOWS;C:\WINDOWS\System32\Wbem;C:\WINDOWS\System32\WindowsPowerShell\v1.0\;C:\WINDOWS\System32\OpenSSH\;C:\TDM-GCC-64\bin;C:\Program Files\Microsoft SQL Server\Client SDK\ODBC\170\Tools\Binn\;C:\Program Files (x86)\Microsoft SQL Server\150\Tools\Binn\;C:\Program Files\Microsoft SQL Server\150\Tools\Binn\;C:\Program Files\Microsoft SQL Server\150\DTS\Binn\;C:\Program Files (x86)\Microsoft SQL Server\150\DTS\Binn\;C:\Program Files\dotnet\;C:\Program Files\Git\cmd;C:\Program Files\Calibre2\;C:\Program Files\Cloudflare\Cloudflare WARP\;C:\Program Files\MySQL\MySQL Shell 8.0\bin\;C:\Users\khami\AppData\Local\Microsoft\WindowsApps;C:\Users\khami\AppData\Local\Programs\Microsoft VS Code\bin;;C:\Program Files\Azure Data Studio\bin;C:\Users\khami\.dotnet\tools
USERNAME=khami
OS=Windows_NT
PROCESSOR_IDENTIFIER=Intel64 Family 6 Model 165 Stepping 2, GenuineIntel
TMP=C:\Users\khami\AppData\Local\Temp
TEMP=C:\Users\khami\AppData\Local\Temp



---------------  S Y S T E M  ---------------

OS:
 Windows 11 , 64 bit Build 25905 (10.0.25905.1000)
OS uptime: 0 days 5:08 hours
Hyper-V role detected

CPU: total 12 (initial active 12) (6 cores per cpu, 2 threads per core) family 6 model 165 stepping 2 microcode 0xf0, cx8, cmov, fxsr, ht, mmx, 3dnowpref, sse, sse2, sse3, ssse3, sse4.1, sse4.2, popcnt, lzcnt, tsc, tscinvbit, avx, avx2, aes, erms, clmul, bmi1, bmi2, adx, fma, vzeroupper, clflush, clflushopt, hv

Memory: 4k page, system-wide physical 16160M (4019M free)
TotalPageFile size 16160M (AvailPageFile size 11M)
current process WorkingSet (physical memory assigned to process): 485M, peak: 485M
current process commit charge ("private bytes"): 525M, peak: 525M

vm_info: OpenJDK 64-Bit Server VM (17.0.7+7) for windows-amd64 JRE (17.0.7+7), built on Apr 18 2023 22:10:42 by "temurin" with MS VC++ 16.7 (VS2019)

END.
