#
# There is insufficient memory for the Java Runtime Environment to continue.
# Native memory allocation (malloc) failed to allocate 1624816 bytes for Chunk::new
# Possible reasons:
#   The system is out of physical RAM or swap space
#   The process is running with CompressedOops enabled, and the Java Heap may be blocking the growth of the native heap
# Possible solutions:
#   Reduce memory load on the system
#   Increase physical memory or swap space
#   Check if swap backing store is full
#   Decrease Java heap size (-Xmx/-Xms)
#   Decrease number of Java threads
#   Decrease Java thread stack sizes (-Xss)
#   Set larger code cache with -XX:ReservedCodeCacheSize=
#   JVM is running with Unscaled Compressed Oops mode in which the Java heap is
#     placed in the first 4GB address space. The Java Heap base address is the
#     maximum limit for the native heap growth. Please use -XX:HeapBaseMinAddress
#     to set the Java Heap base and to place the Java Heap above 4GB virtual address.
# This output file may be truncated or incomplete.
#
#  Out of Memory Error (arena.cpp:189), pid=12852, tid=18916
#
# JRE version: OpenJDK Runtime Environment Temurin-17.0.7+7 (17.0.7+7) (build 17.0.7+7)
# Java VM: OpenJDK 64-Bit Server VM Temurin-17.0.7+7 (17.0.7+7, mixed mode, tiered, compressed oops, compressed class ptrs, parallel gc, windows-amd64)
# No core dump will be written. Minidumps are not enabled by default on client versions of Windows
#

---------------  S U M M A R Y ------------

Command Line: --add-modules=ALL-SYSTEM --add-opens=java.base/java.util=ALL-UNNAMED --add-opens=java.base/java.lang=ALL-UNNAMED --add-opens=java.base/sun.nio.fs=ALL-UNNAMED -Declipse.application=org.eclipse.jdt.ls.core.id1 -Dosgi.bundles.defaultStartLevel=4 -Declipse.product=org.eclipse.jdt.ls.core.product -Djava.import.generatesMetadataFilesAtProjectRoot=false -Dfile.encoding=utf8 -XX:+UseParallelGC -XX:GCTimeRatio=4 -XX:AdaptiveSizePolicyWeight=90 -Dsun.zip.disableMemoryMapping=true -Xmx1G -Xms100m -Xlog:disable -javaagent:c:\Users\khami\.vscode\extensions\redhat.java-1.20.0-win32-x64\lombok\lombok-1.18.28.jar -XX:+HeapDumpOnOutOfMemoryError -XX:HeapDumpPath=c:\Users\khami\AppData\Roaming\Code\User\workspaceStorage\6a2d3d3737832186bb7f3db857603596\redhat.java -Daether.dependencyCollector.impl=bf c:\Users\khami\.vscode\extensions\redhat.java-1.20.0-win32-x64\server\plugins\org.eclipse.equinox.launcher_1.6.500.v20230622-2056.jar -configuration c:\Users\khami\AppData\Roaming\Code\User\globalStorage\redhat.java\1.20.0\config_win -data c:\Users\khami\AppData\Roaming\Code\User\workspaceStorage\6a2d3d3737832186bb7f3db857603596\redhat.java\jdt_ws

Host: Intel(R) Core(TM) i7-10750H CPU @ 2.60GHz, 12 cores, 15G,  Windows 11 , 64 bit Build 25905 (10.0.25905.1000)
Time: Wed Jul 19 00:56:07 2023 SE Asia Standard Time elapsed time: 15.224269 seconds (0d 0h 0m 15s)

---------------  T H R E A D  ---------------

Current thread (0x00000225eda598a0):  JavaThread "C2 CompilerThread0" daemon [_thread_in_native, id=18916, stack(0x000000a2aa100000,0x000000a2aa200000)]


Current CompileTask:
C2:  15224 2896   !   4       org.eclipse.osgi.internal.loader.classpath.ClasspathManager::findClassImpl (308 bytes)

Stack: [0x000000a2aa100000,0x000000a2aa200000]
Native frames: (J=compiled Java code, j=interpreted, Vv=VM code, C=native code)
V  [jvm.dll+0x67754a]
V  [jvm.dll+0x834304]
V  [jvm.dll+0x835aae]
V  [jvm.dll+0x836113]
V  [jvm.dll+0x24696f]
V  [jvm.dll+0xac0ac]
V  [jvm.dll+0xac67c]
V  [jvm.dll+0x364de2]
V  [jvm.dll+0x32f6b1]
V  [jvm.dll+0x32eb5a]
V  [jvm.dll+0x219641]
V  [jvm.dll+0x218a61]
V  [jvm.dll+0x1a4d8d]
V  [jvm.dll+0x2284da]
V  [jvm.dll+0x226615]
V  [jvm.dll+0x7ea90b]
V  [jvm.dll+0x7e4e7a]
V  [jvm.dll+0x676395]
C  [ucrtbase.dll+0x609e1]
C  [KERNEL32.DLL+0x124d8]
C  [ntdll.dll+0x4091]


---------------  P R O C E S S  ---------------

Threads class SMR info:
_java_thread_list=0x00000225f102a900, length=21, elements={
0x00000225d48513b0, 0x00000225e86ccbc0, 0x00000225eda26020, 0x00000225d490d000,
0x00000225d490e630, 0x00000225eda4e8b0, 0x00000225eda544a0, 0x00000225eda598a0,
0x00000225eda5e030, 0x00000225eda603e0, 0x00000225edb8dfe0, 0x00000225edd47b50,
0x00000225edaf53e0, 0x00000225edd7f9f0, 0x00000225efcefd10, 0x00000225efea3370,
0x00000225ef874200, 0x00000225edbe8cc0, 0x00000225efe0b470, 0x00000225ef045570,
0x00000225ef047df0
}

Java Threads: ( => current thread )
  0x00000225d48513b0 JavaThread "main" [_thread_blocked, id=11076, stack(0x000000a2a9800000,0x000000a2a9900000)]
  0x00000225e86ccbc0 JavaThread "Reference Handler" daemon [_thread_blocked, id=20400, stack(0x000000a2a9b00000,0x000000a2a9c00000)]
  0x00000225eda26020 JavaThread "Finalizer" daemon [_thread_blocked, id=5092, stack(0x000000a2a9c00000,0x000000a2a9d00000)]
  0x00000225d490d000 JavaThread "Signal Dispatcher" daemon [_thread_blocked, id=21188, stack(0x000000a2a9d00000,0x000000a2a9e00000)]
  0x00000225d490e630 JavaThread "Attach Listener" daemon [_thread_blocked, id=19040, stack(0x000000a2a9e00000,0x000000a2a9f00000)]
  0x00000225eda4e8b0 JavaThread "Service Thread" daemon [_thread_blocked, id=7704, stack(0x000000a2a9f00000,0x000000a2aa000000)]
  0x00000225eda544a0 JavaThread "Monitor Deflation Thread" daemon [_thread_blocked, id=16676, stack(0x000000a2aa000000,0x000000a2aa100000)]
=>0x00000225eda598a0 JavaThread "C2 CompilerThread0" daemon [_thread_in_native, id=18916, stack(0x000000a2aa100000,0x000000a2aa200000)]
  0x00000225eda5e030 JavaThread "C1 CompilerThread0" daemon [_thread_blocked, id=15420, stack(0x000000a2aa200000,0x000000a2aa300000)]
  0x00000225eda603e0 JavaThread "Sweeper thread" daemon [_thread_blocked, id=2716, stack(0x000000a2aa300000,0x000000a2aa400000)]
  0x00000225edb8dfe0 JavaThread "Common-Cleaner" daemon [_thread_blocked, id=4936, stack(0x000000a2aa400000,0x000000a2aa500000)]
  0x00000225edd47b50 JavaThread "Notification Thread" daemon [_thread_blocked, id=24372, stack(0x000000a2aa500000,0x000000a2aa600000)]
  0x00000225edaf53e0 JavaThread "Active Thread: Equinox Container: 59874fe1-3141-45b0-946e-0fb2e4d40224" [_thread_blocked, id=18208, stack(0x000000a2aae00000,0x000000a2aaf00000)]
  0x00000225edd7f9f0 JavaThread "Framework Event Dispatcher: Equinox Container: 59874fe1-3141-45b0-946e-0fb2e4d40224" daemon [_thread_blocked, id=20604, stack(0x000000a2ab000000,0x000000a2ab100000)]
  0x00000225efcefd10 JavaThread "Start Level: Equinox Container: 59874fe1-3141-45b0-946e-0fb2e4d40224" daemon [_thread_in_native, id=19920, stack(0x000000a2ab100000,0x000000a2ab200000)]
  0x00000225efea3370 JavaThread "SCR Component Actor" daemon [_thread_blocked, id=4080, stack(0x000000a2ab200000,0x000000a2ab300000)]
  0x00000225ef874200 JavaThread "Worker-JM" [_thread_blocked, id=2080, stack(0x000000a2aa700000,0x000000a2aa800000)]
  0x00000225edbe8cc0 JavaThread "Worker-0: Repository registry initialization" [_thread_in_vm, id=19444, stack(0x000000a2ab600000,0x000000a2ab700000)]
  0x00000225efe0b470 JavaThread "Worker-1" [_thread_blocked, id=19280, stack(0x000000a2ab700000,0x000000a2ab800000)]
  0x00000225ef045570 JavaThread "C2 CompilerThread1" daemon [_thread_in_native, id=15616, stack(0x000000a2ab800000,0x000000a2ab900000)]
  0x00000225ef047df0 JavaThread "C2 CompilerThread2" daemon [_thread_in_native, id=18864, stack(0x000000a2ab400000,0x000000a2ab500000)]

Other Threads:
  0x00000225d4907ab0 VMThread "VM Thread" [stack: 0x000000a2a9a00000,0x000000a2a9b00000] [id=3472]
  0x00000225edcfae30 WatcherThread [stack: 0x000000a2aa600000,0x000000a2aa700000] [id=23120]
  0x00000225d4867e90 GCTaskThread "GC Thread#0" [stack: 0x000000a2a9900000,0x000000a2a9a00000] [id=12296]
  0x00000225ef561030 GCTaskThread "GC Thread#1" [stack: 0x000000a2aa800000,0x000000a2aa900000] [id=3516]
  0x00000225ef186a20 GCTaskThread "GC Thread#2" [stack: 0x000000a2aa900000,0x000000a2aaa00000] [id=2320]
  0x00000225ef5612e0 GCTaskThread "GC Thread#3" [stack: 0x000000a2aaa00000,0x000000a2aab00000] [id=3208]
  0x00000225ef561590 GCTaskThread "GC Thread#4" [stack: 0x000000a2aab00000,0x000000a2aac00000] [id=664]
  0x00000225ef4d9a80 GCTaskThread "GC Thread#5" [stack: 0x000000a2aac00000,0x000000a2aad00000] [id=3236]
  0x00000225ef4d9d30 GCTaskThread "GC Thread#6" [stack: 0x000000a2aad00000,0x000000a2aae00000] [id=10596]
  0x00000225d24fde60 GCTaskThread "GC Thread#7" [stack: 0x000000a2ab300000,0x000000a2ab400000] [id=23444]
  0x00000225efcc1b30 GCTaskThread "GC Thread#8" [stack: 0x000000a2aaf00000,0x000000a2ab000000] [id=5380]
  0x00000225ef5256a0 GCTaskThread "GC Thread#9" [stack: 0x000000a2ab500000,0x000000a2ab600000] [id=8580]

Threads with active compile tasks:
C2 CompilerThread0    16729 2896   !   4       org.eclipse.osgi.internal.loader.classpath.ClasspathManager::findClassImpl (308 bytes)
C2 CompilerThread1    16729 2922       4       org.objectweb.asm.ClassReader::readMethod (1066 bytes)
C2 CompilerThread2    16729 2979       4       java.util.Properties::loadConvert (540 bytes)

VM state: not at safepoint (normal execution)

VM Mutex/Monitor currently owned by a thread: None

Heap address: 0x00000000c0000000, size: 1024 MB, Compressed Oops mode: 32-bit

CDS archive(s) not mapped
Compressed class space mapped at: 0x0000000100000000-0x0000000140000000, reserved size: 1073741824
Narrow klass base: 0x0000000000000000, Narrow klass shift: 3, Narrow klass range: 0x140000000

GC Precious Log:
 CPUs: 12 total, 12 available
 Memory: 16160M
 Large Page Support: Disabled
 NUMA Support: Disabled
 Compressed Oops: Enabled (32-bit)
 Alignments: Space 512K, Generation 512K, Heap 2M
 Heap Min Capacity: 100M
 Heap Initial Capacity: 100M
 Heap Max Capacity: 1G
 Pre-touch: Disabled
 Parallel Workers: 10

Heap:
 PSYoungGen      total 28160K, used 13944K [0x00000000eab00000, 0x00000000eca80000, 0x0000000100000000)
  eden space 24064K, 41% used [0x00000000eab00000,0x00000000eb4c9460,0x00000000ec280000)
  from space 4096K, 95% used [0x00000000ec300000,0x00000000ec6d4f48,0x00000000ec700000)
  to   space 3584K, 0% used [0x00000000ec700000,0x00000000ec700000,0x00000000eca80000)
 ParOldGen       total 68608K, used 7853K [0x00000000c0000000, 0x00000000c4300000, 0x00000000eab00000)
  object space 68608K, 11% used [0x00000000c0000000,0x00000000c07ab578,0x00000000c4300000)
 Metaspace       used 32054K, committed 32704K, reserved 1114112K
  class space    used 3219K, committed 3584K, reserved 1048576K

Card table byte_map: [0x00000225d41f0000,0x00000225d4400000] _byte_map_base: 0x00000225d3bf0000

Marking Bits: (ParMarkBitMap*) 0x00007ffaf38552c0
 Begin Bits: [0x00000225e64d0000, 0x00000225e74d0000)
 End Bits:   [0x00000225e74d0000, 0x00000225e84d0000)

Polling page: 0x00000225d2700000

Metaspace:

Usage:
  Non-class:     28.16 MB used.
      Class:      3.14 MB used.
       Both:     31.30 MB used.

Virtual space:
  Non-class space:       64.00 MB reserved,      28.44 MB ( 44%) committed,  1 nodes.
      Class space:        1.00 GB reserved,       3.50 MB ( <1%) committed,  1 nodes.
             Both:        1.06 GB reserved,      31.94 MB (  3%) committed. 

Chunk freelists:
   Non-Class:  3.56 MB
       Class:  12.42 MB
        Both:  15.98 MB

MaxMetaspaceSize: unlimited
CompressedClassSpaceSize: 1.00 GB
Initial GC threshold: 21.00 MB
Current GC threshold: 35.00 MB
CDS: off
MetaspaceReclaimPolicy: balanced
 - commit_granule_bytes: 65536.
 - commit_granule_words: 8192.
 - virtual_space_node_default_size: 8388608.
 - enlarge_chunks_in_place: 1.
 - new_chunks_are_fully_committed: 0.
 - uncommit_free_chunks: 1.
 - use_allocation_guard: 0.
 - handle_deallocations: 1.


Internal statistics:

num_allocs_failed_limit: 3.
num_arena_births: 458.
num_arena_deaths: 14.
num_vsnodes_births: 2.
num_vsnodes_deaths: 0.
num_space_committed: 512.
num_space_uncommitted: 0.
num_chunks_returned_to_freelist: 17.
num_chunks_taken_from_freelist: 1471.
num_chunk_merges: 7.
num_chunk_splits: 918.
num_chunks_enlarged: 532.
num_inconsistent_stats: 0.

CodeHeap 'non-profiled nmethods': size=120000Kb used=1224Kb max_used=1224Kb free=118775Kb
 bounds [0x00000225defa0000, 0x00000225df210000, 0x00000225e64d0000]
CodeHeap 'profiled nmethods': size=120000Kb used=6046Kb max_used=6046Kb free=113953Kb
 bounds [0x00000225d74d0000, 0x00000225d7ac0000, 0x00000225dea00000]
CodeHeap 'non-nmethods': size=5760Kb used=1245Kb max_used=1252Kb free=4514Kb
 bounds [0x00000225dea00000, 0x00000225dec70000, 0x00000225defa0000]
 total_blobs=3552 nmethods=2987 adapters=478
 compilation: enabled
              stopped_count=0, restarted_count=0
 full_count=0

Compilation events (20 events):
Event: 13.198 Thread 0x00000225eda5e030 2955   !   3       org.eclipse.core.internal.preferences.EclipsePreferences::internalPut (108 bytes)
Event: 13.200 Thread 0x00000225eda5e030 nmethod 2955 0x00000225d7a9e390 code [0x00000225d7a9e680, 0x00000225d7a9f588]
Event: 13.200 Thread 0x00000225eda5e030 2956       3       org.eclipse.core.internal.preferences.EclipsePreferences::firePreferenceEvent (75 bytes)
Event: 13.201 Thread 0x00000225eda5e030 nmethod 2956 0x00000225d7a9fd90 code [0x00000225d7aa00a0, 0x00000225d7aa1178]
Event: 13.202 Thread 0x00000225eda5e030 2958       3       org.eclipse.core.runtime.preferences.IEclipsePreferences$PreferenceChangeEvent::<init> (41 bytes)
Event: 13.202 Thread 0x00000225eda5e030 nmethod 2958 0x00000225d7aa1790 code [0x00000225d7aa1960, 0x00000225d7aa1ed8]
Event: 13.202 Thread 0x00000225eda5e030 2959   !   3       org.eclipse.core.internal.preferences.EclipsePreferences::getChild (91 bytes)
Event: 13.203 Thread 0x00000225eda5e030 nmethod 2959 0x00000225d7aa2090 code [0x00000225d7aa22a0, 0x00000225d7aa2b88]
Event: 13.203 Thread 0x00000225eda5e030 2965       3       org.eclipse.core.internal.preferences.EclipsePreferences::absolutePath (104 bytes)
Event: 13.204 Thread 0x00000225eda5e030 nmethod 2965 0x00000225d7aa2d90 code [0x00000225d7aa3060, 0x00000225d7aa3f98]
Event: 13.204 Thread 0x00000225eda5e030 2960       3       org.eclipse.core.internal.preferences.PreferencesService::getDefault (20 bytes)
Event: 13.204 Thread 0x00000225eda5e030 nmethod 2960 0x00000225d7aa4490 code [0x00000225d7aa4660, 0x00000225d7aa4ac8]
Event: 13.204 Thread 0x00000225eda5e030 2961       3       org.eclipse.core.internal.preferences.PreferencesService::getRootNode (4 bytes)
Event: 13.204 Thread 0x00000225eda5e030 nmethod 2961 0x00000225d7aa4c90 code [0x00000225d7aa4e20, 0x00000225d7aa4f38]
Event: 13.204 Thread 0x00000225eda5e030 2962       3       org.eclipse.core.internal.preferences.RootPreferences::node (7 bytes)
Event: 13.204 Thread 0x00000225eda5e030 nmethod 2962 0x00000225d7aa5010 code [0x00000225d7aa51a0, 0x00000225d7aa52e8]
Event: 13.204 Thread 0x00000225eda5e030 2963       3       org.eclipse.core.internal.preferences.RootPreferences::getNode (162 bytes)
Event: 13.206 Thread 0x00000225eda5e030 nmethod 2963 0x00000225d7aa5390 code [0x00000225d7aa5720, 0x00000225d7aa6dc8]
Event: 13.206 Thread 0x00000225eda5e030 2964  s    3       org.eclipse.core.internal.preferences.RootPreferences::getChild (58 bytes)
Event: 13.207 Thread 0x00000225eda5e030 nmethod 2964 0x00000225d7aa7590 code [0x00000225d7aa77e0, 0x00000225d7aa8378]

GC Heap History (16 events):
Event: 7.201 GC heap before
{Heap before GC invocations=1 (full 0):
 PSYoungGen      total 29696K, used 25600K [0x00000000eab00000, 0x00000000ecc00000, 0x0000000100000000)
  eden space 25600K, 100% used [0x00000000eab00000,0x00000000ec400000,0x00000000ec400000)
  from space 4096K, 0% used [0x00000000ec800000,0x00000000ec800000,0x00000000ecc00000)
  to   space 4096K, 0% used [0x00000000ec400000,0x00000000ec400000,0x00000000ec800000)
 ParOldGen       total 68608K, used 0K [0x00000000c0000000, 0x00000000c4300000, 0x00000000eab00000)
  object space 68608K, 0% used [0x00000000c0000000,0x00000000c0000000,0x00000000c4300000)
 Metaspace       used 11198K, committed 11392K, reserved 1114112K
  class space    used 1121K, committed 1216K, reserved 1048576K
}
Event: 7.208 GC heap after
{Heap after GC invocations=1 (full 0):
 PSYoungGen      total 29696K, used 3144K [0x00000000eab00000, 0x00000000ecc00000, 0x0000000100000000)
  eden space 25600K, 0% used [0x00000000eab00000,0x00000000eab00000,0x00000000ec400000)
  from space 4096K, 76% used [0x00000000ec400000,0x00000000ec7123a8,0x00000000ec800000)
  to   space 4096K, 0% used [0x00000000ec800000,0x00000000ec800000,0x00000000ecc00000)
 ParOldGen       total 68608K, used 16K [0x00000000c0000000, 0x00000000c4300000, 0x00000000eab00000)
  object space 68608K, 0% used [0x00000000c0000000,0x00000000c0004000,0x00000000c4300000)
 Metaspace       used 11198K, committed 11392K, reserved 1114112K
  class space    used 1121K, committed 1216K, reserved 1048576K
}
Event: 7.787 GC heap before
{Heap before GC invocations=2 (full 0):
 PSYoungGen      total 29696K, used 28744K [0x00000000eab00000, 0x00000000ecc00000, 0x0000000100000000)
  eden space 25600K, 100% used [0x00000000eab00000,0x00000000ec400000,0x00000000ec400000)
  from space 4096K, 76% used [0x00000000ec400000,0x00000000ec7123a8,0x00000000ec800000)
  to   space 4096K, 0% used [0x00000000ec800000,0x00000000ec800000,0x00000000ecc00000)
 ParOldGen       total 68608K, used 16K [0x00000000c0000000, 0x00000000c4300000, 0x00000000eab00000)
  object space 68608K, 0% used [0x00000000c0000000,0x00000000c0004000,0x00000000c4300000)
 Metaspace       used 15039K, committed 15296K, reserved 1114112K
  class space    used 1523K, committed 1664K, reserved 1048576K
}
Event: 7.793 GC heap after
{Heap after GC invocations=2 (full 0):
 PSYoungGen      total 29696K, used 4072K [0x00000000eab00000, 0x00000000ecc00000, 0x0000000100000000)
  eden space 25600K, 0% used [0x00000000eab00000,0x00000000eab00000,0x00000000ec400000)
  from space 4096K, 99% used [0x00000000ec800000,0x00000000ecbfa078,0x00000000ecc00000)
  to   space 4096K, 0% used [0x00000000ec400000,0x00000000ec400000,0x00000000ec800000)
 ParOldGen       total 68608K, used 1482K [0x00000000c0000000, 0x00000000c4300000, 0x00000000eab00000)
  object space 68608K, 2% used [0x00000000c0000000,0x00000000c0172b90,0x00000000c4300000)
 Metaspace       used 15039K, committed 15296K, reserved 1114112K
  class space    used 1523K, committed 1664K, reserved 1048576K
}
Event: 8.323 GC heap before
{Heap before GC invocations=3 (full 0):
 PSYoungGen      total 29696K, used 29672K [0x00000000eab00000, 0x00000000ecc00000, 0x0000000100000000)
  eden space 25600K, 100% used [0x00000000eab00000,0x00000000ec400000,0x00000000ec400000)
  from space 4096K, 99% used [0x00000000ec800000,0x00000000ecbfa078,0x00000000ecc00000)
  to   space 4096K, 0% used [0x00000000ec400000,0x00000000ec400000,0x00000000ec800000)
 ParOldGen       total 68608K, used 1482K [0x00000000c0000000, 0x00000000c4300000, 0x00000000eab00000)
  object space 68608K, 2% used [0x00000000c0000000,0x00000000c0172b90,0x00000000c4300000)
 Metaspace       used 19895K, committed 20288K, reserved 1114112K
  class space    used 2014K, committed 2176K, reserved 1048576K
}
Event: 8.327 GC heap after
{Heap after GC invocations=3 (full 0):
 PSYoungGen      total 29696K, used 4078K [0x00000000eab00000, 0x00000000ecc00000, 0x0000000100000000)
  eden space 25600K, 0% used [0x00000000eab00000,0x00000000eab00000,0x00000000ec400000)
  from space 4096K, 99% used [0x00000000ec400000,0x00000000ec7fb8d8,0x00000000ec800000)
  to   space 4096K, 0% used [0x00000000ec800000,0x00000000ec800000,0x00000000ecc00000)
 ParOldGen       total 68608K, used 3409K [0x00000000c0000000, 0x00000000c4300000, 0x00000000eab00000)
  object space 68608K, 4% used [0x00000000c0000000,0x00000000c03546a8,0x00000000c4300000)
 Metaspace       used 19895K, committed 20288K, reserved 1114112K
  class space    used 2014K, committed 2176K, reserved 1048576K
}
Event: 8.442 GC heap before
{Heap before GC invocations=4 (full 0):
 PSYoungGen      total 29696K, used 11355K [0x00000000eab00000, 0x00000000ecc00000, 0x0000000100000000)
  eden space 25600K, 28% used [0x00000000eab00000,0x00000000eb21b600,0x00000000ec400000)
  from space 4096K, 99% used [0x00000000ec400000,0x00000000ec7fb8d8,0x00000000ec800000)
  to   space 4096K, 0% used [0x00000000ec800000,0x00000000ec800000,0x00000000ecc00000)
 ParOldGen       total 68608K, used 3409K [0x00000000c0000000, 0x00000000c4300000, 0x00000000eab00000)
  object space 68608K, 4% used [0x00000000c0000000,0x00000000c03546a8,0x00000000c4300000)
 Metaspace       used 21014K, committed 21504K, reserved 1114112K
  class space    used 2144K, committed 2368K, reserved 1048576K
}
Event: 8.444 GC heap after
{Heap after GC invocations=4 (full 0):
 PSYoungGen      total 29696K, used 4085K [0x00000000eab00000, 0x00000000ecc00000, 0x0000000100000000)
  eden space 25600K, 0% used [0x00000000eab00000,0x00000000eab00000,0x00000000ec400000)
  from space 4096K, 99% used [0x00000000ec800000,0x00000000ecbfd470,0x00000000ecc00000)
  to   space 4096K, 0% used [0x00000000ec400000,0x00000000ec400000,0x00000000ec800000)
 ParOldGen       total 68608K, used 3919K [0x00000000c0000000, 0x00000000c4300000, 0x00000000eab00000)
  object space 68608K, 5% used [0x00000000c0000000,0x00000000c03d3e20,0x00000000c4300000)
 Metaspace       used 21014K, committed 21504K, reserved 1114112K
  class space    used 2144K, committed 2368K, reserved 1048576K
}
Event: 8.444 GC heap before
{Heap before GC invocations=5 (full 1):
 PSYoungGen      total 29696K, used 4085K [0x00000000eab00000, 0x00000000ecc00000, 0x0000000100000000)
  eden space 25600K, 0% used [0x00000000eab00000,0x00000000eab00000,0x00000000ec400000)
  from space 4096K, 99% used [0x00000000ec800000,0x00000000ecbfd470,0x00000000ecc00000)
  to   space 4096K, 0% used [0x00000000ec400000,0x00000000ec400000,0x00000000ec800000)
 ParOldGen       total 68608K, used 3919K [0x00000000c0000000, 0x00000000c4300000, 0x00000000eab00000)
  object space 68608K, 5% used [0x00000000c0000000,0x00000000c03d3e20,0x00000000c4300000)
 Metaspace       used 21014K, committed 21504K, reserved 1114112K
  class space    used 2144K, committed 2368K, reserved 1048576K
}
Event: 8.459 GC heap after
{Heap after GC invocations=5 (full 1):
 PSYoungGen      total 29696K, used 0K [0x00000000eab00000, 0x00000000ecc00000, 0x0000000100000000)
  eden space 25600K, 0% used [0x00000000eab00000,0x00000000eab00000,0x00000000ec400000)
  from space 4096K, 0% used [0x00000000ec800000,0x00000000ec800000,0x00000000ecc00000)
  to   space 4096K, 0% used [0x00000000ec400000,0x00000000ec400000,0x00000000ec800000)
 ParOldGen       total 68608K, used 7829K [0x00000000c0000000, 0x00000000c4300000, 0x00000000eab00000)
  object space 68608K, 11% used [0x00000000c0000000,0x00000000c07a5578,0x00000000c4300000)
 Metaspace       used 21001K, committed 21504K, reserved 1114112K
  class space    used 2141K, committed 2368K, reserved 1048576K
}
Event: 9.813 GC heap before
{Heap before GC invocations=6 (full 1):
 PSYoungGen      total 29696K, used 25600K [0x00000000eab00000, 0x00000000ecc00000, 0x0000000100000000)
  eden space 25600K, 100% used [0x00000000eab00000,0x00000000ec400000,0x00000000ec400000)
  from space 4096K, 0% used [0x00000000ec800000,0x00000000ec800000,0x00000000ecc00000)
  to   space 4096K, 0% used [0x00000000ec400000,0x00000000ec400000,0x00000000ec800000)
 ParOldGen       total 68608K, used 7829K [0x00000000c0000000, 0x00000000c4300000, 0x00000000eab00000)
  object space 68608K, 11% used [0x00000000c0000000,0x00000000c07a5578,0x00000000c4300000)
 Metaspace       used 24372K, committed 25024K, reserved 1114112K
  class space    used 2554K, committed 2880K, reserved 1048576K
}
Event: 9.814 GC heap after
{Heap after GC invocations=6 (full 1):
 PSYoungGen      total 28160K, used 2800K [0x00000000eab00000, 0x00000000eca80000, 0x0000000100000000)
  eden space 25088K, 0% used [0x00000000eab00000,0x00000000eab00000,0x00000000ec380000)
  from space 3072K, 91% used [0x00000000ec400000,0x00000000ec6bc260,0x00000000ec700000)
  to   space 3584K, 0% used [0x00000000ec700000,0x00000000ec700000,0x00000000eca80000)
 ParOldGen       total 68608K, used 7837K [0x00000000c0000000, 0x00000000c4300000, 0x00000000eab00000)
  object space 68608K, 11% used [0x00000000c0000000,0x00000000c07a7578,0x00000000c4300000)
 Metaspace       used 24372K, committed 25024K, reserved 1114112K
  class space    used 2554K, committed 2880K, reserved 1048576K
}
Event: 10.008 GC heap before
{Heap before GC invocations=7 (full 1):
 PSYoungGen      total 28160K, used 27888K [0x00000000eab00000, 0x00000000eca80000, 0x0000000100000000)
  eden space 25088K, 100% used [0x00000000eab00000,0x00000000ec380000,0x00000000ec380000)
  from space 3072K, 91% used [0x00000000ec400000,0x00000000ec6bc260,0x00000000ec700000)
  to   space 3584K, 0% used [0x00000000ec700000,0x00000000ec700000,0x00000000eca80000)
 ParOldGen       total 68608K, used 7837K [0x00000000c0000000, 0x00000000c4300000, 0x00000000eab00000)
  object space 68608K, 11% used [0x00000000c0000000,0x00000000c07a7578,0x00000000c4300000)
 Metaspace       used 27611K, committed 28224K, reserved 1114112K
  class space    used 2782K, committed 3072K, reserved 1048576K
}
Event: 11.008 GC heap after
{Heap after GC invocations=7 (full 1):
 PSYoungGen      total 28160K, used 3532K [0x00000000eab00000, 0x00000000ecb00000, 0x0000000100000000)
  eden space 24576K, 0% used [0x00000000eab00000,0x00000000eab00000,0x00000000ec300000)
  from space 3584K, 98% used [0x00000000ec700000,0x00000000eca733e8,0x00000000eca80000)
  to   space 4096K, 0% used [0x00000000ec300000,0x00000000ec300000,0x00000000ec700000)
 ParOldGen       total 68608K, used 7845K [0x00000000c0000000, 0x00000000c4300000, 0x00000000eab00000)
  object space 68608K, 11% used [0x00000000c0000000,0x00000000c07a9578,0x00000000c4300000)
 Metaspace       used 27611K, committed 28224K, reserved 1114112K
  class space    used 2782K, committed 3072K, reserved 1048576K
}
Event: 13.198 GC heap before
{Heap before GC invocations=8 (full 1):
 PSYoungGen      total 28160K, used 28108K [0x00000000eab00000, 0x00000000ecb00000, 0x0000000100000000)
  eden space 24576K, 100% used [0x00000000eab00000,0x00000000ec300000,0x00000000ec300000)
  from space 3584K, 98% used [0x00000000ec700000,0x00000000eca733e8,0x00000000eca80000)
  to   space 4096K, 0% used [0x00000000ec300000,0x00000000ec300000,0x00000000ec700000)
 ParOldGen       total 68608K, used 7845K [0x00000000c0000000, 0x00000000c4300000, 0x00000000eab00000)
  object space 68608K, 11% used [0x00000000c0000000,0x00000000c07a9578,0x00000000c4300000)
 Metaspace       used 31197K, committed 31808K, reserved 1114112K
  class space    used 3125K, committed 3392K, reserved 1048576K
}
Event: 13.200 GC heap after
{Heap after GC invocations=8 (full 1):
 PSYoungGen      total 28160K, used 3923K [0x00000000eab00000, 0x00000000eca80000, 0x0000000100000000)
  eden space 24064K, 0% used [0x00000000eab00000,0x00000000eab00000,0x00000000ec280000)
  from space 4096K, 95% used [0x00000000ec300000,0x00000000ec6d4f48,0x00000000ec700000)
  to   space 3584K, 0% used [0x00000000ec700000,0x00000000ec700000,0x00000000eca80000)
 ParOldGen       total 68608K, used 7853K [0x00000000c0000000, 0x00000000c4300000, 0x00000000eab00000)
  object space 68608K, 11% used [0x00000000c0000000,0x00000000c07ab578,0x00000000c4300000)
 Metaspace       used 31197K, committed 31808K, reserved 1114112K
  class space    used 3125K, committed 3392K, reserved 1048576K
}

Dll operation events (9 events):
Event: 0.056 Loaded shared library c:\Users\khami\.vscode\extensions\redhat.java-1.20.0-win32-x64\jre\17.0.7-win32-x86_64\bin\java.dll
Event: 0.290 Loaded shared library c:\Users\khami\.vscode\extensions\redhat.java-1.20.0-win32-x64\jre\17.0.7-win32-x86_64\bin\zip.dll
Event: 0.294 Loaded shared library C:\Users\khami\.vscode\extensions\redhat.java-1.20.0-win32-x64\jre\17.0.7-win32-x86_64\bin\instrument.dll
Event: 0.312 Loaded shared library C:\Users\khami\.vscode\extensions\redhat.java-1.20.0-win32-x64\jre\17.0.7-win32-x86_64\bin\net.dll
Event: 0.315 Loaded shared library C:\Users\khami\.vscode\extensions\redhat.java-1.20.0-win32-x64\jre\17.0.7-win32-x86_64\bin\nio.dll
Event: 0.324 Loaded shared library C:\Users\khami\.vscode\extensions\redhat.java-1.20.0-win32-x64\jre\17.0.7-win32-x86_64\bin\zip.dll
Event: 0.341 Loaded shared library C:\Users\khami\.vscode\extensions\redhat.java-1.20.0-win32-x64\jre\17.0.7-win32-x86_64\bin\jimage.dll
Event: 0.391 Loaded shared library c:\Users\khami\.vscode\extensions\redhat.java-1.20.0-win32-x64\jre\17.0.7-win32-x86_64\bin\verify.dll
Event: 7.666 Loaded shared library C:\Users\khami\AppData\Roaming\Code\User\globalStorage\redhat.java\1.20.0\config_win\org.eclipse.equinox.launcher\org.eclipse.equinox.launcher.win32.win32.x86_64_1.2.700.v20221108-1024\eclipse_11801.dll

Deoptimization events (20 events):
Event: 9.734 Thread 0x00000225efcefd10 DEOPT PACKING pc=0x00000225df09a414 sp=0x000000a2ab1f1da0
Event: 9.734 Thread 0x00000225efcefd10 DEOPT UNPACKING pc=0x00000225dea566a3 sp=0x000000a2ab1f1d30 mode 2
Event: 11.014 Thread 0x00000225efcefd10 DEOPT PACKING pc=0x00000225d77ce21c sp=0x000000a2ab1f4cf0
Event: 11.014 Thread 0x00000225efcefd10 DEOPT UNPACKING pc=0x00000225dea56e43 sp=0x000000a2ab1f4248 mode 0
Event: 11.024 Thread 0x00000225edbe8cc0 Uncommon trap: trap_request=0xffffffde fr.pc=0x00000225df0c22d0 relative=0x00000000000000b0
Event: 11.024 Thread 0x00000225edbe8cc0 Uncommon trap: reason=class_check action=maybe_recompile pc=0x00000225df0c22d0 method=java.lang.Character.codePointAt(Ljava/lang/CharSequence;I)I @ 2 c2
Event: 11.024 Thread 0x00000225edbe8cc0 DEOPT PACKING pc=0x00000225df0c22d0 sp=0x000000a2ab6feb30
Event: 11.024 Thread 0x00000225edbe8cc0 DEOPT UNPACKING pc=0x00000225dea566a3 sp=0x000000a2ab6feab8 mode 2
Event: 11.024 Thread 0x00000225edbe8cc0 Uncommon trap: trap_request=0xffffffde fr.pc=0x00000225df0c22d0 relative=0x00000000000000b0
Event: 11.024 Thread 0x00000225edbe8cc0 Uncommon trap: reason=class_check action=maybe_recompile pc=0x00000225df0c22d0 method=java.lang.Character.codePointAt(Ljava/lang/CharSequence;I)I @ 2 c2
Event: 11.024 Thread 0x00000225edbe8cc0 DEOPT PACKING pc=0x00000225df0c22d0 sp=0x000000a2ab6feb30
Event: 11.024 Thread 0x00000225edbe8cc0 DEOPT UNPACKING pc=0x00000225dea566a3 sp=0x000000a2ab6feab8 mode 2
Event: 11.024 Thread 0x00000225edbe8cc0 Uncommon trap: trap_request=0xffffffde fr.pc=0x00000225df0c22d0 relative=0x00000000000000b0
Event: 11.024 Thread 0x00000225edbe8cc0 Uncommon trap: reason=class_check action=maybe_recompile pc=0x00000225df0c22d0 method=java.lang.Character.codePointAt(Ljava/lang/CharSequence;I)I @ 2 c2
Event: 11.024 Thread 0x00000225edbe8cc0 DEOPT PACKING pc=0x00000225df0c22d0 sp=0x000000a2ab6feb30
Event: 11.024 Thread 0x00000225edbe8cc0 DEOPT UNPACKING pc=0x00000225dea566a3 sp=0x000000a2ab6feab8 mode 2
Event: 11.024 Thread 0x00000225edbe8cc0 Uncommon trap: trap_request=0xffffffde fr.pc=0x00000225df0c22d0 relative=0x00000000000000b0
Event: 11.024 Thread 0x00000225edbe8cc0 Uncommon trap: reason=class_check action=maybe_recompile pc=0x00000225df0c22d0 method=java.lang.Character.codePointAt(Ljava/lang/CharSequence;I)I @ 2 c2
Event: 11.024 Thread 0x00000225edbe8cc0 DEOPT PACKING pc=0x00000225df0c22d0 sp=0x000000a2ab6feb30
Event: 11.024 Thread 0x00000225edbe8cc0 DEOPT UNPACKING pc=0x00000225dea566a3 sp=0x000000a2ab6feab8 mode 2

Classes unloaded (7 events):
Event: 8.446 Thread 0x00000225d4907ab0 Unloading class 0x0000000100212400 'java/lang/invoke/LambdaForm$MH+0x0000000100212400'
Event: 8.446 Thread 0x00000225d4907ab0 Unloading class 0x0000000100212000 'java/lang/invoke/LambdaForm$MH+0x0000000100212000'
Event: 8.446 Thread 0x00000225d4907ab0 Unloading class 0x0000000100211c00 'java/lang/invoke/LambdaForm$MH+0x0000000100211c00'
Event: 8.446 Thread 0x00000225d4907ab0 Unloading class 0x0000000100211800 'java/lang/invoke/LambdaForm$MH+0x0000000100211800'
Event: 8.446 Thread 0x00000225d4907ab0 Unloading class 0x0000000100211000 'java/lang/invoke/LambdaForm$BMH+0x0000000100211000'
Event: 8.446 Thread 0x00000225d4907ab0 Unloading class 0x0000000100210c00 'java/lang/invoke/LambdaForm$DMH+0x0000000100210c00'
Event: 8.446 Thread 0x00000225d4907ab0 Unloading class 0x000000010020e000 'java/lang/invoke/LambdaForm$DMH+0x000000010020e000'

Classes redefined (0 events):
No events

Internal exceptions (20 events):
Event: 9.740 Thread 0x00000225efcefd10 Exception <a 'java/lang/NoSuchMethodError'{0x00000000ebeef518}: 'int java.lang.invoke.DirectMethodHandle$Holder.invokeVirtual(java.lang.Object, java.lang.Object)'> (0x00000000ebeef518) 
thrown [s\src\hotspot\share\interpreter\linkResolver.cpp, line 759]
Event: 9.740 Thread 0x00000225efcefd10 Exception <a 'java/lang/NoSuchMethodError'{0x00000000ebef4720}: 'int java.lang.invoke.DirectMethodHandle$Holder.invokeStaticInit(java.lang.Object, int, int)'> (0x00000000ebef4720) 
thrown [s\src\hotspot\share\interpreter\linkResolver.cpp, line 759]
Event: 9.741 Thread 0x00000225efcefd10 Exception <a 'java/lang/NoSuchMethodError'{0x00000000ebefcf00}: 'int java.lang.invoke.DirectMethodHandle$Holder.invokeStaticInit(java.lang.Object, long, long)'> (0x00000000ebefcf00) 
thrown [s\src\hotspot\share\interpreter\linkResolver.cpp, line 759]
Event: 9.741 Thread 0x00000225efcefd10 Exception <a 'java/lang/NoSuchMethodError'{0x00000000ebf04f80}: 'int java.lang.invoke.DirectMethodHandle$Holder.invokeStaticInit(java.lang.Object, float, float)'> (0x00000000ebf04f80) 
thrown [s\src\hotspot\share\interpreter\linkResolver.cpp, line 759]
Event: 9.741 Thread 0x00000225efcefd10 Exception <a 'java/lang/NoSuchMethodError'{0x00000000ebf0cdc8}: 'int java.lang.invoke.DirectMethodHandle$Holder.invokeStaticInit(java.lang.Object, double, double)'> (0x00000000ebf0cdc8) 
thrown [s\src\hotspot\share\interpreter\linkResolver.cpp, line 759]
Event: 9.742 Thread 0x00000225efcefd10 Exception <a 'java/lang/NoSuchMethodError'{0x00000000ebf15250}: 'int java.lang.invoke.DirectMethodHandle$Holder.invokeStatic(java.lang.Object, long)'> (0x00000000ebf15250) 
thrown [s\src\hotspot\share\interpreter\linkResolver.cpp, line 759]
Event: 9.744 Thread 0x00000225efcefd10 Exception <a 'java/lang/NoSuchMethodError'{0x00000000ebf3d8f8}: 'int java.lang.invoke.Invokers$Holder.linkToTargetMethod(java.lang.Object, java.lang.Object)'> (0x00000000ebf3d8f8) 
thrown [s\src\hotspot\share\interpreter\linkResolver.cpp, line 759]
Event: 9.761 Thread 0x00000225efcefd10 Exception <a 'java/lang/NoSuchMethodError'{0x00000000ec01d728}: 'java.lang.Object java.lang.invoke.DirectMethodHandle$Holder.invokeSpecial(java.lang.Object, java.lang.Object, java.lang.Object, java.lang.Object, java.lang.Object, java.lang.Object, java.lang.Object, java.lang.Object, java.lang.Object, java.lang.Object, java.lang.Object)'> (0x00000000ec01d728) 
thrown [s\src\hotspot\share\interpreter\linkResolver.cpp, line 759]
Event: 9.761 Thread 0x00000225efcefd10 Exception <a 'java/lang/NoSuchMethodError'{0x00000000ec022e98}: 'java.lang.Object java.lang.invoke.Invokers$Holder.invoke_MT(java.lang.Object, java.lang.Object, java.lang.Object, java.lang.Object, java.lang.Object, java.lang.Object, java.lang.Object, java.lang.Object, java.lang.Object, java.lang.Object, java.lang.Object)'> (0x00000000ec022e98) 
thrown [s\src\hotspot\share\interpreter\linkResolver.cpp, line 759]
Event: 9.767 Thread 0x00000225efcefd10 Exception <a 'java/lang/NoSuchMethodError'{0x00000000ec0aa9d8}: 'java.lang.Object java.lang.invoke.DirectMethodHandle$Holder.invokeSpecial(java.lang.Object, java.lang.Object, java.lang.Object, java.lang.Object, java.lang.Object, java.lang.Object, java.lang.Object, java.lang.Object, java.lang.Object, java.lang.Object)'> (0x00000000ec0aa9d8) 
thrown [s\src\hotspot\share\interpreter\linkResolver.cpp, line 759]
Event: 9.767 Thread 0x00000225efcefd10 Exception <a 'java/lang/NoSuchMethodError'{0x00000000ec0afc28}: 'java.lang.Object java.lang.invoke.Invokers$Holder.invoke_MT(java.lang.Object, java.lang.Object, java.lang.Object, java.lang.Object, java.lang.Object, java.lang.Object, java.lang.Object, java.lang.Object, java.lang.Object, java.lang.Object)'> (0x00000000ec0afc28) 
thrown [s\src\hotspot\share\interpreter\linkResolver.cpp, line 759]
Event: 9.775 Thread 0x00000225efcefd10 Exception <a 'java/lang/NoSuchMethodError'{0x00000000ec151538}: 'java.lang.Object java.lang.invoke.DirectMethodHandle$Holder.newInvokeSpecial(java.lang.Object, java.lang.Object, java.lang.Object, java.lang.Object, java.lang.Object, java.lang.Object, java.lang.Object)'> (0x00000000ec151538) 
thrown [s\src\hotspot\share\interpreter\linkResolver.cpp, line 759]
Event: 9.779 Thread 0x00000225efcefd10 Exception <a 'java/lang/NoSuchMethodError'{0x00000000ec1c1b18}: 'java.lang.Object java.lang.invoke.DirectMethodHandle$Holder.invokeSpecial(java.lang.Object, java.lang.Object, java.lang.Object, java.lang.Object, java.lang.Object, java.lang.Object, java.lang.Object, java.lang.Object, java.lang.Object, java.lang.Object, java.lang.Object, java.lang.Object, java.lang.Object)'> (0x00000000ec1c1b18) 
thrown [s\src\hotspot\share\interpreter\linkResolver.cpp, line 759]
Event: 9.779 Thread 0x00000225efcefd10 Exception <a 'java/lang/NoSuchMethodError'{0x00000000ec1c7648}: 'java.lang.Object java.lang.invoke.Invokers$Holder.invoker(java.lang.Object, java.lang.Object, java.lang.Object, java.lang.Object, java.lang.Object, java.lang.Object, java.lang.Object, java.lang.Object, java.lang.Object, java.lang.Object, java.lang.Object, java.lang.Object, java.lang.Object)'> (0x00000000ec1c7648) 
thrown [s\src\hotspot\share\interpreter\linkResolver.cpp, line 759]
Event: 9.780 Thread 0x00000225efcefd10 Exception <a 'java/lang/NoSuchMethodError'{0x00000000ec1ce348}: 'java.lang.Object java.lang.invoke.DirectMethodHandle$Holder.invokeSpecial(java.lang.Object, java.lang.Object, java.lang.Object, java.lang.Object, java.lang.Object, java.lang.Object, java.lang.Object, java.lang.Object, java.lang.Object, java.lang.Object, java.lang.Object, java.lang.Object, java.lang.Object, java.lang.Object)'> (0x00000000ec1ce348) 
thrown [s\src\hotspot\share\interpreter\linkResolver.cpp, line 759]
Event: 9.784 Thread 0x00000225efcefd10 Exception <a 'java/lang/NoSuchMethodError'{0x00000000ec22e098}: static Lorg/eclipse/m2e/core/internal/lifecyclemapping/model/PluginExecutionMetadata;.<clinit>()V> (0x00000000ec22e098) 
thrown [s\src\hotspot\share\prims\jni.cpp, line 1107]
Event: 9.789 Thread 0x00000225efcefd10 Exception <a 'java/lang/NoSuchMethodError'{0x00000000ec287078}: static Lorg/eclipse/m2e/core/internal/lifecyclemapping/model/PluginExecutionFilter;.<clinit>()V> (0x00000000ec287078) 
thrown [s\src\hotspot\share\prims\jni.cpp, line 1107]
Event: 9.792 Thread 0x00000225efcefd10 Exception <a 'java/lang/NoSuchMethodError'{0x00000000ec2c05e0}: static Lorg/eclipse/m2e/core/internal/project/registry/MavenProjectFacade$MavenProjectConfiguration;.<clinit>()V> (0x00000000ec2c05e0) 
thrown [s\src\hotspot\share\prims\jni.cpp, line 1107]
Event: 9.824 Thread 0x00000225edbe8cc0 Exception <a 'java/io/FileNotFoundException'{0x00000000eabf42e8}> (0x00000000eabf42e8) 
thrown [s\src\hotspot\share\prims\jni.cpp, line 516]
Event: 11.042 Thread 0x00000225edbe8cc0 Exception <a 'java/lang/NoSuchMethodError'{0x00000000eadb8318}: 'java.lang.Object java.lang.invoke.DirectMethodHandle$Holder.invokeSpecialIFC(java.lang.Object, java.lang.Object, java.lang.Object, java.lang.Object)'> (0x00000000eadb8318) 
thrown [s\src\hotspot\share\interpreter\linkResolver.cpp, line 759]

VM Operations (20 events):
Event: 9.472 Executing VM operation: Cleanup
Event: 9.578 Executing VM operation: Cleanup done
Event: 9.584 Executing VM operation: HandshakeAllThreads
Event: 9.584 Executing VM operation: HandshakeAllThreads done
Event: 9.653 Executing VM operation: HandshakeAllThreads
Event: 9.653 Executing VM operation: HandshakeAllThreads done
Event: 9.729 Executing VM operation: HandshakeAllThreads
Event: 9.729 Executing VM operation: HandshakeAllThreads done
Event: 9.812 Executing VM operation: ParallelGCFailedAllocation
Event: 9.814 Executing VM operation: ParallelGCFailedAllocation done
Event: 10.008 Executing VM operation: ParallelGCFailedAllocation
Event: 11.008 Executing VM operation: ParallelGCFailedAllocation done
Event: 11.014 Executing VM operation: HandshakeAllThreads
Event: 11.014 Executing VM operation: HandshakeAllThreads done
Event: 11.054 Executing VM operation: HandshakeAllThreads
Event: 11.054 Executing VM operation: HandshakeAllThreads done
Event: 12.067 Executing VM operation: Cleanup
Event: 12.067 Executing VM operation: Cleanup done
Event: 13.198 Executing VM operation: ParallelGCFailedAllocation
Event: 13.200 Executing VM operation: ParallelGCFailedAllocation done

Events (20 events):
Event: 9.857 loading class java/util/zip/GZIPInputStream
Event: 9.858 loading class java/util/zip/GZIPInputStream done
Event: 9.867 loading class java/io/StringReader
Event: 9.867 loading class java/io/StringReader done
Event: 9.872 loading class java/net/SocketTimeoutException
Event: 9.872 loading class java/io/InterruptedIOException
Event: 9.872 loading class java/io/InterruptedIOException done
Event: 9.872 loading class java/net/SocketTimeoutException done
Event: 9.872 loading class java/net/SocketException
Event: 9.872 loading class java/net/SocketException done
Event: 9.872 loading class java/net/UnknownHostException
Event: 9.872 loading class java/net/UnknownHostException done
Event: 9.872 loading class java/net/ProtocolException
Event: 9.872 loading class java/net/ProtocolException done
Event: 9.930 loading class java/io/FileWriter
Event: 9.930 loading class java/io/FileWriter done
Event: 9.931 loading class java/lang/NegativeArraySizeException
Event: 9.931 loading class java/lang/NegativeArraySizeException done
Event: 11.091 loading class java/io/FilterReader
Event: 11.091 loading class java/io/FilterReader done


Dynamic libraries:
0x00007ff6b2570000 - 0x00007ff6b257e000 	c:\Users\khami\.vscode\extensions\redhat.java-1.20.0-win32-x64\jre\17.0.7-win32-x86_64\bin\java.exe
0x00007ffb9e820000 - 0x00007ffb9ea4b000 	C:\WINDOWS\SYSTEM32\ntdll.dll
0x00007ffb9cef0000 - 0x00007ffb9cfb6000 	C:\WINDOWS\System32\KERNEL32.DLL
0x00007ffb9bc50000 - 0x00007ffb9bfae000 	C:\WINDOWS\System32\KERNELBASE.dll
0x00007ffb9bfc0000 - 0x00007ffb9c0f3000 	C:\WINDOWS\System32\ucrtbase.dll
0x00007ffb89480000 - 0x00007ffb89497000 	c:\Users\khami\.vscode\extensions\redhat.java-1.20.0-win32-x64\jre\17.0.7-win32-x86_64\bin\jli.dll
0x00007ffb85bb0000 - 0x00007ffb85bc9000 	c:\Users\khami\.vscode\extensions\redhat.java-1.20.0-win32-x64\jre\17.0.7-win32-x86_64\bin\VCRUNTIME140.dll
0x00007ffb9e1c0000 - 0x00007ffb9e371000 	C:\WINDOWS\System32\USER32.dll
0x00007ffb7aee0000 - 0x00007ffb7b171000 	C:\WINDOWS\WinSxS\amd64_microsoft.windows.common-controls_6595b64144ccf1df_6.0.25905.1000_none_87b90b8fab340372\COMCTL32.dll
0x00007ffb9c2b0000 - 0x00007ffb9c2d7000 	C:\WINDOWS\System32\win32u.dll
0x00007ffb9c680000 - 0x00007ffb9c6a9000 	C:\WINDOWS\System32\GDI32.dll
0x00007ffb9c9f0000 - 0x00007ffb9ca97000 	C:\WINDOWS\System32\msvcrt.dll
0x00007ffb9c180000 - 0x00007ffb9c29f000 	C:\WINDOWS\System32\gdi32full.dll
0x00007ffb9c5b0000 - 0x00007ffb9c655000 	C:\WINDOWS\System32\msvcp_win.dll
0x00007ffb9e010000 - 0x00007ffb9e040000 	C:\WINDOWS\System32\IMM32.DLL
0x00007ffb96ec0000 - 0x00007ffb96ecc000 	c:\Users\khami\.vscode\extensions\redhat.java-1.20.0-win32-x64\jre\17.0.7-win32-x86_64\bin\vcruntime140_1.dll
0x00007ffb1f770000 - 0x00007ffb1f801000 	c:\Users\khami\.vscode\extensions\redhat.java-1.20.0-win32-x64\jre\17.0.7-win32-x86_64\bin\msvcp140.dll
0x00007ffaf2cd0000 - 0x00007ffaf3918000 	c:\Users\khami\.vscode\extensions\redhat.java-1.20.0-win32-x64\jre\17.0.7-win32-x86_64\bin\server\jvm.dll
0x00007ffb9d040000 - 0x00007ffb9d0f0000 	C:\WINDOWS\System32\ADVAPI32.dll
0x00007ffb9cc90000 - 0x00007ffb9cd30000 	C:\WINDOWS\System32\sechost.dll
0x00007ffb9c6b0000 - 0x00007ffb9c7d5000 	C:\WINDOWS\System32\RPCRT4.dll
0x00007ffb96ea0000 - 0x00007ffb96ea9000 	C:\WINDOWS\SYSTEM32\WSOCK32.dll
0x00007ffb9cc10000 - 0x00007ffb9cc83000 	C:\WINDOWS\System32\WS2_32.dll
0x00007ffb93a40000 - 0x00007ffb93a4a000 	C:\WINDOWS\SYSTEM32\VERSION.dll
0x00007ffb94370000 - 0x00007ffb943a4000 	C:\WINDOWS\SYSTEM32\WINMM.dll
0x00007ffb9abb0000 - 0x00007ffb9abc8000 	C:\WINDOWS\SYSTEM32\kernel.appcore.dll
0x00007ffb93d50000 - 0x00007ffb93d5a000 	c:\Users\khami\.vscode\extensions\redhat.java-1.20.0-win32-x64\jre\17.0.7-win32-x86_64\bin\jimage.dll
0x00007ffb99460000 - 0x00007ffb99695000 	C:\WINDOWS\SYSTEM32\DBGHELP.DLL
0x00007ffb9e460000 - 0x00007ffb9e7db000 	C:\WINDOWS\System32\combase.dll
0x00007ffb9e050000 - 0x00007ffb9e125000 	C:\WINDOWS\System32\OLEAUT32.dll
0x00007ffb75f60000 - 0x00007ffb75f98000 	C:\WINDOWS\SYSTEM32\dbgcore.DLL
0x00007ffb9c2e0000 - 0x00007ffb9c361000 	C:\WINDOWS\System32\bcryptPrimitives.dll
0x00007ffb93b30000 - 0x00007ffb93b3e000 	c:\Users\khami\.vscode\extensions\redhat.java-1.20.0-win32-x64\jre\17.0.7-win32-x86_64\bin\instrument.dll
0x00007ffb82090000 - 0x00007ffb820b5000 	c:\Users\khami\.vscode\extensions\redhat.java-1.20.0-win32-x64\jre\17.0.7-win32-x86_64\bin\java.dll
0x00007ffb4a7b0000 - 0x00007ffb4a7c8000 	c:\Users\khami\.vscode\extensions\redhat.java-1.20.0-win32-x64\jre\17.0.7-win32-x86_64\bin\zip.dll
0x00007ffb9d810000 - 0x00007ffb9df83000 	C:\WINDOWS\System32\SHELL32.dll
0x00007ffb999f0000 - 0x00007ffb9a242000 	C:\WINDOWS\SYSTEM32\windows.storage.dll
0x00007ffb9e380000 - 0x00007ffb9e453000 	C:\WINDOWS\System32\SHCORE.dll
0x00007ffb9cfe0000 - 0x00007ffb9d03c000 	C:\WINDOWS\System32\shlwapi.dll
0x00007ffb9bb80000 - 0x00007ffb9bba3000 	C:\WINDOWS\SYSTEM32\profapi.dll
0x00007ffb83470000 - 0x00007ffb83489000 	C:\Users\khami\.vscode\extensions\redhat.java-1.20.0-win32-x64\jre\17.0.7-win32-x86_64\bin\net.dll
0x00007ffb945e0000 - 0x00007ffb946fb000 	C:\WINDOWS\SYSTEM32\WINHTTP.dll
0x00007ffb9b0e0000 - 0x00007ffb9b148000 	C:\WINDOWS\system32\mswsock.dll
0x00007ffb68f10000 - 0x00007ffb68f25000 	C:\Users\khami\.vscode\extensions\redhat.java-1.20.0-win32-x64\jre\17.0.7-win32-x86_64\bin\nio.dll
0x00007ffb88d20000 - 0x00007ffb88d30000 	c:\Users\khami\.vscode\extensions\redhat.java-1.20.0-win32-x64\jre\17.0.7-win32-x86_64\bin\verify.dll
0x00007ffb088d0000 - 0x00007ffb0890e000 	C:\Users\khami\AppData\Roaming\Code\User\globalStorage\redhat.java\1.20.0\config_win\org.eclipse.equinox.launcher\org.eclipse.equinox.launcher.win32.win32.x86_64_1.2.700.v20221108-1024\eclipse_11801.dll
0x00007ffb9d100000 - 0x00007ffb9d292000 	C:\WINDOWS\System32\ole32.dll

dbghelp: loaded successfully - version: 4.0.5 - missing functions: none
symbol engine: initialized successfully - sym options: 0x614 - pdb path: .;c:\Users\khami\.vscode\extensions\redhat.java-1.20.0-win32-x64\jre\17.0.7-win32-x86_64\bin;C:\WINDOWS\SYSTEM32;C:\WINDOWS\WinSxS\amd64_microsoft.windows.common-controls_6595b64144ccf1df_6.0.25905.1000_none_87b90b8fab340372;c:\Users\khami\.vscode\extensions\redhat.java-1.20.0-win32-x64\jre\17.0.7-win32-x86_64\bin\server;C:\Users\khami\AppData\Roaming\Code\User\globalStorage\redhat.java\1.20.0\config_win\org.eclipse.equinox.launcher\org.eclipse.equinox.launcher.win32.win32.x86_64_1.2.700.v20221108-1024

VM Arguments:
jvm_args: --add-modules=ALL-SYSTEM --add-opens=java.base/java.util=ALL-UNNAMED --add-opens=java.base/java.lang=ALL-UNNAMED --add-opens=java.base/sun.nio.fs=ALL-UNNAMED -Declipse.application=org.eclipse.jdt.ls.core.id1 -Dosgi.bundles.defaultStartLevel=4 -Declipse.product=org.eclipse.jdt.ls.core.product -Djava.import.generatesMetadataFilesAtProjectRoot=false -Dfile.encoding=utf8 -XX:+UseParallelGC -XX:GCTimeRatio=4 -XX:AdaptiveSizePolicyWeight=90 -Dsun.zip.disableMemoryMapping=true -Xmx1G -Xms100m -Xlog:disable -javaagent:c:\Users\khami\.vscode\extensions\redhat.java-1.20.0-win32-x64\lombok\lombok-1.18.28.jar -XX:+HeapDumpOnOutOfMemoryError -XX:HeapDumpPath=c:\Users\khami\AppData\Roaming\Code\User\workspaceStorage\6a2d3d3737832186bb7f3db857603596\redhat.java -Daether.dependencyCollector.impl=bf 
java_command: c:\Users\khami\.vscode\extensions\redhat.java-1.20.0-win32-x64\server\plugins\org.eclipse.equinox.launcher_1.6.500.v20230622-2056.jar -configuration c:\Users\khami\AppData\Roaming\Code\User\globalStorage\redhat.java\1.20.0\config_win -data c:\Users\khami\AppData\Roaming\Code\User\workspaceStorage\6a2d3d3737832186bb7f3db857603596\redhat.java\jdt_ws
java_class_path (initial): c:\Users\khami\.vscode\extensions\redhat.java-1.20.0-win32-x64\server\plugins\org.eclipse.equinox.launcher_1.6.500.v20230622-2056.jar
Launcher Type: SUN_STANDARD

[Global flags]
    uintx AdaptiveSizePolicyWeight                 = 90                                        {product} {command line}
     intx CICompilerCount                          = 4                                         {product} {ergonomic}
    uintx GCTimeRatio                              = 4                                         {product} {command line}
     bool HeapDumpOnOutOfMemoryError               = true                                   {manageable} {command line}
    ccstr HeapDumpPath                             = c:\Users\khami\AppData\Roaming\Code\User\workspaceStorage\6a2d3d3737832186bb7f3db857603596\redhat.java         {manageable} {command line}
   size_t InitialHeapSize                          = 104857600                                 {product} {command line}
   size_t MaxHeapSize                              = 1073741824                                {product} {command line}
   size_t MaxNewSize                               = 357564416                                 {product} {ergonomic}
   size_t MinHeapDeltaBytes                        = 524288                                    {product} {ergonomic}
   size_t MinHeapSize                              = 104857600                                 {product} {command line}
   size_t NewSize                                  = 34603008                                  {product} {ergonomic}
    uintx NonNMethodCodeHeapSize                   = 5839372                                {pd product} {ergonomic}
    uintx NonProfiledCodeHeapSize                  = 122909434                              {pd product} {ergonomic}
   size_t OldSize                                  = 70254592                                  {product} {ergonomic}
    uintx ProfiledCodeHeapSize                     = 122909434                              {pd product} {ergonomic}
    uintx ReservedCodeCacheSize                    = 251658240                              {pd product} {ergonomic}
     bool SegmentedCodeCache                       = true                                      {product} {ergonomic}
   size_t SoftMaxHeapSize                          = 1073741824                             {manageable} {ergonomic}
     bool UseCompressedClassPointers               = true                           {product lp64_product} {ergonomic}
     bool UseCompressedOops                        = true                           {product lp64_product} {ergonomic}
     bool UseLargePagesIndividualAllocation        = false                                  {pd product} {ergonomic}
     bool UseParallelGC                            = true                                      {product} {command line}

Logging:
Log output configuration:
 #0: stdout all=off uptime,level,tags
 #1: stderr all=off uptime,level,tags

Environment Variables:
JAVA_HOME=C:\Program Files\Eclipse Adoptium\jdk-11.0.19.7-hotspot\
PATH=C:\Program Files\Eclipse Adoptium\jdk-11.0.19.7-hotspot\bin;C:\Program Files\Java\jdk-11\bin;C:\Program Files\Common Files\Oracle\Java\javapath;C:\Program Files (x86)\Common Files\Oracle\Java\javapath;C:\Program Files\Microsoft\jdk-11.0.16.101-hotspot\bin;C:\Program Files\Eclipse Adoptium\jdk-8.0.362.9-hotspot\bin;C:\ProgramData\Oracle\Java\javapath;C:\Program Files\Microsoft MPI\Bin\;C:\windows\system32;C:\windows;C:\windows\System32\Wbem;C:\windows\System32\WindowsPowerShell\v1.0\;C:\windows\System32\OpenSSH\;C:\Program Files (x86)\NVIDIA Corporation\PhysX\Common;C:\Program Files\NVIDIA Corporation\NVIDIA NvDLISR;C:\WINDOWS\system32;C:\WINDOWS;C:\WINDOWS\System32\Wbem;C:\WINDOWS\System32\WindowsPowerShell\v1.0\;C:\WINDOWS\System32\OpenSSH\;C:\TDM-GCC-64\bin;C:\Program Files\Microsoft SQL Server\Client SDK\ODBC\170\Tools\Binn\;C:\Program Files (x86)\Microsoft SQL Server\150\Tools\Binn\;C:\Program Files\Microsoft SQL Server\150\Tools\Binn\;C:\Program Files\Microsoft SQL Server\150\DTS\Binn\;C:\Program Files (x86)\Microsoft SQL Server\150\DTS\Binn\;C:\Program Files\dotnet\;C:\Program Files\Git\cmd;C:\Program Files\Calibre2\;C:\Program Files\Cloudflare\Cloudflare WARP\;C:\Program Files\MySQL\MySQL Shell 8.0\bin\;C:\Users\khami\AppData\Local\Microsoft\WindowsApps;C:\Users\khami\AppData\Local\Programs\Microsoft VS Code\bin;;C:\Program Files\Azure Data Studio\bin;C:\Users\khami\.dotnet\tools
USERNAME=khami
OS=Windows_NT
PROCESSOR_IDENTIFIER=Intel64 Family 6 Model 165 Stepping 2, GenuineIntel
TMP=C:\Users\khami\AppData\Local\Temp
TEMP=C:\Users\khami\AppData\Local\Temp



---------------  S Y S T E M  ---------------

OS:
 Windows 11 , 64 bit Build 25905 (10.0.25905.1000)
OS uptime: 0 days 21:52 hours
Hyper-V role detected

CPU: total 12 (initial active 12) (6 cores per cpu, 2 threads per core) family 6 model 165 stepping 2 microcode 0xf0, cx8, cmov, fxsr, ht, mmx, 3dnowpref, sse, sse2, sse3, ssse3, sse4.1, sse4.2, popcnt, lzcnt, tsc, tscinvbit, avx, avx2, aes, erms, clmul, bmi1, bmi2, adx, fma, vzeroupper, clflush, clflushopt, hv

Memory: 4k page, system-wide physical 16160M (3987M free)
TotalPageFile size 16160M (AvailPageFile size 187M)
current process WorkingSet (physical memory assigned to process): 150M, peak: 151M
current process commit charge ("private bytes"): 262M, peak: 264M

vm_info: OpenJDK 64-Bit Server VM (17.0.7+7) for windows-amd64 JRE (17.0.7+7), built on Apr 18 2023 22:10:42 by "temurin" with MS VC++ 16.7 (VS2019)

END.
