#
# There is insufficient memory for the Java Runtime Environment to continue.
# Native memory allocation (mmap) failed to map 277872640 bytes for G1 virtual space
# Possible reasons:
#   The system is out of physical RAM or swap space
#   The process is running with CompressedOops enabled, and the Java Heap may be blocking the growth of the native heap
# Possible solutions:
#   Reduce memory load on the system
#   Increase physical memory or swap space
#   Check if swap backing store is full
#   Decrease Java heap size (-Xmx/-Xms)
#   Decrease number of Java threads
#   Decrease Java thread stack sizes (-Xss)
#   Set larger code cache with -XX:ReservedCodeCacheSize=
#   JVM is running with Unscaled Compressed Oops mode in which the Java heap is
#     placed in the first 4GB address space. The Java Heap base address is the
#     maximum limit for the native heap growth. Please use -XX:HeapBaseMinAddress
#     to set the Java Heap base and to place the Java Heap above 4GB virtual address.
# This output file may be truncated or incomplete.
#
#  Out of Memory Error (os_windows.cpp:3559), pid=16696, tid=20768
#
# JRE version: OpenJDK Runtime Environment Temurin-17.0.7+7 (17.0.7+7) (build 17.0.7+7)
# Java VM: OpenJDK 64-Bit Server VM Temurin-17.0.7+7 (17.0.7+7, mixed mode, emulated-client, tiered, compressed oops, compressed class ptrs, g1 gc, windows-amd64)
# No core dump will be written. Minidumps are not enabled by default on client versions of Windows
#

---------------  S U M M A R Y ------------

Command Line: -XX:+HeapDumpOnOutOfMemoryError -Xmx1024m -Dsts.lsp.client=vscode -Dsts.log.file=/dev/null -XX:TieredStopAtLevel=1 -Xlog:jni+resolve=off -Dspring.config.location=file:c:\Users\khami\.vscode\extensions\vmware.vscode-spring-boot-1.47.0\language-server\BOOT-INF\classes\application.properties org.springframework.ide.vscode.boot.app.BootLanguageServerBootApp

Host: Intel(R) Core(TM) i7-10750H CPU @ 2.60GHz, 12 cores, 15G,  Windows 11 , 64 bit Build 25905 (10.0.25905.1000)
Time: Tue Jul 18 23:52:28 2023 SE Asia Standard Time elapsed time: 6.654740 seconds (0d 0h 0m 6s)

---------------  T H R E A D  ---------------

Current thread (0x0000021ee2646a30):  VMThread "VM Thread" [stack: 0x0000004d91400000,0x0000004d91500000] [id=20768]

Stack: [0x0000004d91400000,0x0000004d91500000]
Native frames: (J=compiled Java code, j=interpreted, Vv=VM code, C=native code)
V  [jvm.dll+0x67754a]
V  [jvm.dll+0x834304]
V  [jvm.dll+0x835aae]
V  [jvm.dll+0x836113]
V  [jvm.dll+0x24696f]
V  [jvm.dll+0x6743f9]
V  [jvm.dll+0x668c8a]
V  [jvm.dll+0x3061bb]
V  [jvm.dll+0x30d6a6]
V  [jvm.dll+0x35cece]
V  [jvm.dll+0x35d0ff]
V  [jvm.dll+0x2dd048]
V  [jvm.dll+0x2db20c]
V  [jvm.dll+0x2da7dc]
V  [jvm.dll+0x31e6db]
V  [jvm.dll+0x83a5bb]
V  [jvm.dll+0x83b2f4]
V  [jvm.dll+0x83b80c]
V  [jvm.dll+0x83bbe4]
V  [jvm.dll+0x83bcb0]
V  [jvm.dll+0x7e4e7a]
V  [jvm.dll+0x676395]
C  [ucrtbase.dll+0x609e1]
C  [KERNEL32.DLL+0x124d8]
C  [ntdll.dll+0x4091]

VM_Operation (0x0000004d945fe0b0): G1CollectForAllocation, mode: safepoint, requested by thread 0x0000021ee866f210


---------------  P R O C E S S  ---------------

Threads class SMR info:
_java_thread_list=0x0000021ee8233c50, length=52, elements={
0x0000021ee264dc00, 0x0000021ee264e6c0, 0x0000021ee26b5130, 0x0000021ee26b7b00,
0x0000021ee26ba3d0, 0x0000021ee26bac90, 0x0000021ee26bb600, 0x0000021ee26c0160,
0x0000021ee28be710, 0x0000021ee28c5080, 0x0000021ee28c5d30, 0x0000021ee28c74a0,
0x0000021ee7d87ca0, 0x0000021ee82e99e0, 0x0000021ee82ea2b0, 0x0000021ee82f7b00,
0x0000021ee82f7fd0, 0x0000021ed521e4a0, 0x0000021ee8512c90, 0x0000021ee855f070,
0x0000021ee857f550, 0x0000021ee857fa20, 0x0000021ee8585760, 0x0000021ee8586aa0,
0x0000021ee8586100, 0x0000021ee8584420, 0x0000021ee85865d0, 0x0000021ee8586f70,
0x0000021ee8587440, 0x0000021ee8587910, 0x0000021ee8583f50, 0x0000021ee85848f0,
0x0000021ee8584dc0, 0x0000021ee8585290, 0x0000021ee8585c30, 0x0000021ee866e3a0,
0x0000021ee866ded0, 0x0000021ee866f210, 0x0000021ee8672230, 0x0000021ee8670080,
0x0000021ee8670a20, 0x0000021ee866f6e0, 0x0000021ee866d060, 0x0000021ee866aeb0,
0x0000021ee8670ef0, 0x0000021ee866bd20, 0x0000021ee86713c0, 0x0000021ee866da00,
0x0000021ee866c1f0, 0x0000021ee866fbb0, 0x0000021ee8670550, 0x0000021ee8672700
}

Java Threads: ( => current thread )
  0x0000021ee264dc00 JavaThread "Reference Handler" daemon [_thread_blocked, id=4564, stack(0x0000004d91500000,0x0000004d91600000)]
  0x0000021ee264e6c0 JavaThread "Finalizer" daemon [_thread_blocked, id=15344, stack(0x0000004d91600000,0x0000004d91700000)]
  0x0000021ee26b5130 JavaThread "Signal Dispatcher" daemon [_thread_blocked, id=10092, stack(0x0000004d91700000,0x0000004d91800000)]
  0x0000021ee26b7b00 JavaThread "Attach Listener" daemon [_thread_blocked, id=15896, stack(0x0000004d91800000,0x0000004d91900000)]
  0x0000021ee26ba3d0 JavaThread "Service Thread" daemon [_thread_blocked, id=2992, stack(0x0000004d91900000,0x0000004d91a00000)]
  0x0000021ee26bac90 JavaThread "Monitor Deflation Thread" daemon [_thread_blocked, id=14704, stack(0x0000004d91a00000,0x0000004d91b00000)]
  0x0000021ee26bb600 JavaThread "C1 CompilerThread0" daemon [_thread_blocked, id=11260, stack(0x0000004d91b00000,0x0000004d91c00000)]
  0x0000021ee26c0160 JavaThread "Sweeper thread" daemon [_thread_blocked, id=22220, stack(0x0000004d91c00000,0x0000004d91d00000)]
  0x0000021ee28be710 JavaThread "C1 CompilerThread1" daemon [_thread_blocked, id=9204, stack(0x0000004d91d00000,0x0000004d91e00000)]
  0x0000021ee28c5080 JavaThread "C1 CompilerThread2" daemon [_thread_blocked, id=7388, stack(0x0000004d91e00000,0x0000004d91f00000)]
  0x0000021ee28c5d30 JavaThread "Notification Thread" daemon [_thread_blocked, id=8876, stack(0x0000004d91f00000,0x0000004d92000000)]
  0x0000021ee28c74a0 JavaThread "Common-Cleaner" daemon [_thread_blocked, id=15464, stack(0x0000004d92100000,0x0000004d92200000)]
  0x0000021ee7d87ca0 JavaThread "C1 CompilerThread3" daemon [_thread_blocked, id=21532, stack(0x0000004d92a00000,0x0000004d92b00000)]
  0x0000021ee82e99e0 JavaThread "boundedElastic-evictor-1" daemon [_thread_blocked, id=22432, stack(0x0000004d92900000,0x0000004d92a00000)]
  0x0000021ee82ea2b0 JavaThread "boundedElastic-evictor-2" daemon [_thread_blocked, id=20400, stack(0x0000004d92f00000,0x0000004d93000000)]
  0x0000021ee82f7b00 JavaThread "pool-10-thread-1" [_thread_blocked, id=17324, stack(0x0000004d93000000,0x0000004d93100000)]
  0x0000021ee82f7fd0 JavaThread "LanguageServerApp-lifecycle" [_thread_blocked, id=21148, stack(0x0000004d93100000,0x0000004d93200000)]
  0x0000021ed521e4a0 JavaThread "DestroyJavaVM" [_thread_blocked, id=20588, stack(0x0000004d90e00000,0x0000004d90f00000)]
  0x0000021ee8512c90 JavaThread "pool-11-thread-1" [_thread_blocked, id=2608, stack(0x0000004d93200000,0x0000004d93300000)]
  0x0000021ee855f070 JavaThread "Simple-Language-Server main thread" daemon [_thread_blocked, id=9788, stack(0x0000004d93300000,0x0000004d93400000)]
  0x0000021ee857f550 JavaThread "pool-2-thread-1" [_thread_blocked, id=11832, stack(0x0000004d93400000,0x0000004d93500000)]
  0x0000021ee857fa20 JavaThread "pool-2-thread-2" [_thread_blocked, id=10424, stack(0x0000004d93500000,0x0000004d93600000)]
  0x0000021ee8585760 JavaThread "pool-2-thread-3" [_thread_blocked, id=4716, stack(0x0000004d93600000,0x0000004d93700000)]
  0x0000021ee8586aa0 JavaThread "pool-6-thread-1" [_thread_blocked, id=3524, stack(0x0000004d93700000,0x0000004d93800000)]
  0x0000021ee8586100 JavaThread "ForkJoinPool.commonPool-worker-1" daemon [_thread_blocked, id=18264, stack(0x0000004d93800000,0x0000004d93900000)]
  0x0000021ee8584420 JavaThread "ClassGraph-worker-0" daemon [_thread_blocked, id=15632, stack(0x0000004d93900000,0x0000004d93a00000)]
  0x0000021ee85865d0 JavaThread "ClassGraph-worker-1" daemon [_thread_blocked, id=18584, stack(0x0000004d93a00000,0x0000004d93b00000)]
  0x0000021ee8586f70 JavaThread "ClassGraph-worker-2" daemon [_thread_blocked, id=7700, stack(0x0000004d93b00000,0x0000004d93c00000)]
  0x0000021ee8587440 JavaThread "ClassGraph-worker-3" daemon [_thread_blocked, id=11660, stack(0x0000004d93c00000,0x0000004d93d00000)]
  0x0000021ee8587910 JavaThread "ClassGraph-worker-4" daemon [_thread_blocked, id=12132, stack(0x0000004d93d00000,0x0000004d93e00000)]
  0x0000021ee8583f50 JavaThread "ClassGraph-worker-5" daemon [_thread_blocked, id=14484, stack(0x0000004d93e00000,0x0000004d93f00000)]
  0x0000021ee85848f0 JavaThread "ClassGraph-worker-6" daemon [_thread_blocked, id=12516, stack(0x0000004d93f00000,0x0000004d94000000)]
  0x0000021ee8584dc0 JavaThread "ClassGraph-worker-7" daemon [_thread_blocked, id=24184, stack(0x0000004d94000000,0x0000004d94100000)]
  0x0000021ee8585290 JavaThread "ClassGraph-worker-8" daemon [_thread_blocked, id=7764, stack(0x0000004d94100000,0x0000004d94200000)]
  0x0000021ee8585c30 JavaThread "ClassGraph-worker-9" daemon [_thread_blocked, id=22988, stack(0x0000004d94200000,0x0000004d94300000)]
  0x0000021ee866e3a0 JavaThread "ClassGraph-worker-10" daemon [_thread_blocked, id=9548, stack(0x0000004d94300000,0x0000004d94400000)]
  0x0000021ee866ded0 JavaThread "ClassGraph-worker-11" daemon [_thread_blocked, id=16240, stack(0x0000004d94400000,0x0000004d94500000)]
  0x0000021ee866f210 JavaThread "ClassGraph-worker-12" daemon [_thread_blocked, id=21024, stack(0x0000004d94500000,0x0000004d94600000)]
  0x0000021ee8672230 JavaThread "ClassGraph-worker-13" daemon [_thread_blocked, id=13208, stack(0x0000004d94600000,0x0000004d94700000)]
  0x0000021ee8670080 JavaThread "ClassGraph-worker-14" daemon [_thread_blocked, id=21612, stack(0x0000004d94700000,0x0000004d94800000)]
  0x0000021ee8670a20 JavaThread "ClassGraph-worker-15" daemon [_thread_blocked, id=17948, stack(0x0000004d94800000,0x0000004d94900000)]
  0x0000021ee866f6e0 JavaThread "ClassGraph-worker-16" daemon [_thread_blocked, id=18520, stack(0x0000004d94900000,0x0000004d94a00000)]
  0x0000021ee866d060 JavaThread "ClassGraph-worker-17" daemon [_thread_blocked, id=22936, stack(0x0000004d94a00000,0x0000004d94b00000)]
  0x0000021ee866aeb0 JavaThread "ClassGraph-worker-18" daemon [_thread_blocked, id=12644, stack(0x0000004d94b00000,0x0000004d94c00000)]
  0x0000021ee8670ef0 JavaThread "parallel-1" daemon [_thread_blocked, id=3276, stack(0x0000004d94c00000,0x0000004d94d00000)]
  0x0000021ee866bd20 JavaThread "pool-3-thread-1" [_thread_blocked, id=10052, stack(0x0000004d94d00000,0x0000004d94e00000)]
  0x0000021ee86713c0 JavaThread "pool-4-thread-1" [_thread_blocked, id=4932, stack(0x0000004d94e00000,0x0000004d94f00000)]
  0x0000021ee866da00 JavaThread "parallel-2" daemon [_thread_blocked, id=11820, stack(0x0000004d94f00000,0x0000004d95000000)]
  0x0000021ee866c1f0 JavaThread "pool-3-thread-2" [_thread_blocked, id=17992, stack(0x0000004d95100000,0x0000004d95200000)]
  0x0000021ee866fbb0 JavaThread "ForkJoinPool.commonPool-worker-2" daemon [_thread_blocked, id=13620, stack(0x0000004d95300000,0x0000004d95400000)]
  0x0000021ee8670550 JavaThread "Project-Reconciler-1" daemon [_thread_blocked, id=21928, stack(0x0000004d95500000,0x0000004d95600000)]
  0x0000021ee8672700 JavaThread "ForkJoinPool.commonPool-worker-3" daemon [_thread_blocked, id=14916, stack(0x0000004d95600000,0x0000004d95700000)]

Other Threads:
=>0x0000021ee2646a30 VMThread "VM Thread" [stack: 0x0000004d91400000,0x0000004d91500000] [id=20768]
  0x0000021ee28c6200 WatcherThread [stack: 0x0000004d92000000,0x0000004d92100000] [id=12588]
  0x0000021ed6bd6d40 GCTaskThread "GC Thread#0" [stack: 0x0000004d90f00000,0x0000004d91000000] [id=12296]
  0x0000021ee78e5030 GCTaskThread "GC Thread#1" [stack: 0x0000004d92200000,0x0000004d92300000] [id=17396]
  0x0000021ee78e52e0 GCTaskThread "GC Thread#2" [stack: 0x0000004d92300000,0x0000004d92400000] [id=21528]
  0x0000021ee78e5590 GCTaskThread "GC Thread#3" [stack: 0x0000004d92400000,0x0000004d92500000] [id=17492]
  0x0000021ee78e5840 GCTaskThread "GC Thread#4" [stack: 0x0000004d92500000,0x0000004d92600000] [id=6520]
  0x0000021ee78e5af0 GCTaskThread "GC Thread#5" [stack: 0x0000004d92600000,0x0000004d92700000] [id=21292]
  0x0000021ee7bb7950 GCTaskThread "GC Thread#6" [stack: 0x0000004d92700000,0x0000004d92800000] [id=16056]
  0x0000021ee7bb7c00 GCTaskThread "GC Thread#7" [stack: 0x0000004d92800000,0x0000004d92900000] [id=1664]
  0x0000021ee7e05240 GCTaskThread "GC Thread#8" [stack: 0x0000004d92b00000,0x0000004d92c00000] [id=1920]
  0x0000021ee7c90380 GCTaskThread "GC Thread#9" [stack: 0x0000004d92c00000,0x0000004d92d00000] [id=11888]
  0x0000021ed6bdfb90 ConcurrentGCThread "G1 Main Marker" [stack: 0x0000004d91000000,0x0000004d91100000] [id=20712]
  0x0000021ed6be04b0 ConcurrentGCThread "G1 Conc#0" [stack: 0x0000004d91100000,0x0000004d91200000] [id=19472]
  0x0000021ee7da3220 ConcurrentGCThread "G1 Conc#1" [stack: 0x0000004d92d00000,0x0000004d92e00000] [id=23884]
  0x0000021ee7c8d840 ConcurrentGCThread "G1 Conc#2" [stack: 0x0000004d92e00000,0x0000004d92f00000] [id=19440]
  0x0000021ee24c6d20 ConcurrentGCThread "G1 Refine#0" [stack: 0x0000004d91200000,0x0000004d91300000] [id=9436]
  0x0000021ee94e5cc0 ConcurrentGCThread "G1 Refine#1" [stack: 0x0000004d95000000,0x0000004d95100000] [id=2212]
  0x0000021ee94e5fa0 ConcurrentGCThread "G1 Refine#2" [stack: 0x0000004d95200000,0x0000004d95300000] [id=1144]
  0x0000021ee94e59e0 ConcurrentGCThread "G1 Refine#3" [stack: 0x0000004d95400000,0x0000004d95500000] [id=4792]
  0x0000021ee24c7550 ConcurrentGCThread "G1 Service" [stack: 0x0000004d91300000,0x0000004d91400000] [id=11120]

Threads with active compile tasks:

VM state: at safepoint (normal execution)

VM Mutex/Monitor currently owned by a thread:  ([mutex/lock_event])
[0x0000021ed515e080] Threads_lock - owner thread: 0x0000021ee2646a30
[0x0000021ed521d330] Heap_lock - owner thread: 0x0000021ee866f210

Heap address: 0x00000000c0000000, size: 1024 MB, Compressed Oops mode: 32-bit

CDS archive(s) not mapped
Compressed class space mapped at: 0x0000000100000000-0x0000000140000000, reserved size: 1073741824
Narrow klass base: 0x0000000000000000, Narrow klass shift: 3, Narrow klass range: 0x140000000

GC Precious Log:
 CPUs: 12 total, 12 available
 Memory: 16160M
 Large Page Support: Disabled
 NUMA Support: Disabled
 Compressed Oops: Enabled (32-bit)
 Heap Region Size: 1M
 Heap Min Capacity: 8M
 Heap Initial Capacity: 254M
 Heap Max Capacity: 1G
 Pre-touch: Disabled
 Parallel Workers: 10
 Concurrent Workers: 3
 Concurrent Refinement Workers: 10
 Periodic GC: Disabled

Heap:
 garbage-first heap   total 340992K, used 110404K [0x00000000c0000000, 0x0000000100000000)
  region size 1024K, 13 young (13312K), 13 survivors (13312K)
 Metaspace       used 44262K, committed 44736K, reserved 1114112K
  class space    used 5596K, committed 5824K, reserved 1048576K

Heap Regions: E=young(eden), S=young(survivor), O=old, HS=humongous(starts), HC=humongous(continues), CS=collection set, F=free, OA=open archive, CA=closed archive, TAMS=top-at-mark-start (previous, next)
|   0|0x00000000c0000000, 0x00000000c0100000, 0x00000000c0100000|100%|HS|  |TAMS 0x00000000c0100000, 0x00000000c0000000| Complete 
|   1|0x00000000c0100000, 0x00000000c0200000, 0x00000000c0200000|100%| O|  |TAMS 0x00000000c0200000, 0x00000000c0100000| Untracked 
|   2|0x00000000c0200000, 0x00000000c0300000, 0x00000000c0300000|100%| O|  |TAMS 0x00000000c0300000, 0x00000000c0200000| Untracked 
|   3|0x00000000c0300000, 0x00000000c0400000, 0x00000000c0400000|100%| O|  |TAMS 0x00000000c0400000, 0x00000000c0300000| Untracked 
|   4|0x00000000c0400000, 0x00000000c0500000, 0x00000000c0500000|100%| O|  |TAMS 0x00000000c0500000, 0x00000000c0400000| Untracked 
|   5|0x00000000c0500000, 0x00000000c0600000, 0x00000000c0600000|100%| O|  |TAMS 0x00000000c0600000, 0x00000000c0500000| Untracked 
|   6|0x00000000c0600000, 0x00000000c0700000, 0x00000000c0700000|100%| O|  |TAMS 0x00000000c0700000, 0x00000000c0600000| Untracked 
|   7|0x00000000c0700000, 0x00000000c0800000, 0x00000000c0800000|100%| O|  |TAMS 0x00000000c0800000, 0x00000000c0700000| Untracked 
|   8|0x00000000c0800000, 0x00000000c0900000, 0x00000000c0900000|100%| O|  |TAMS 0x00000000c0900000, 0x00000000c0800000| Untracked 
|   9|0x00000000c0900000, 0x00000000c09ea200, 0x00000000c0a00000| 91%| O|  |TAMS 0x00000000c09ea200, 0x00000000c0900000| Untracked 
|  10|0x00000000c0a00000, 0x00000000c0b00000, 0x00000000c0b00000|100%| O|  |TAMS 0x00000000c0b00000, 0x00000000c0a00000| Untracked 
|  11|0x00000000c0b00000, 0x00000000c0c00000, 0x00000000c0c00000|100%| O|  |TAMS 0x00000000c0c00000, 0x00000000c0b00000| Untracked 
|  12|0x00000000c0c00000, 0x00000000c0d00000, 0x00000000c0d00000|100%| O|  |TAMS 0x00000000c0d00000, 0x00000000c0c00000| Untracked 
|  13|0x00000000c0d00000, 0x00000000c0e00000, 0x00000000c0e00000|100%| O|  |TAMS 0x00000000c0e00000, 0x00000000c0d00000| Untracked 
|  14|0x00000000c0e00000, 0x00000000c0f00000, 0x00000000c0f00000|100%| O|  |TAMS 0x00000000c0f00000, 0x00000000c0e00000| Untracked 
|  15|0x00000000c0f00000, 0x00000000c1000000, 0x00000000c1000000|100%| O|  |TAMS 0x00000000c1000000, 0x00000000c0f00000| Untracked 
|  16|0x00000000c1000000, 0x00000000c1100000, 0x00000000c1100000|100%| O|  |TAMS 0x00000000c1100000, 0x00000000c1000000| Untracked 
|  17|0x00000000c1100000, 0x00000000c1200000, 0x00000000c1200000|100%| O|  |TAMS 0x00000000c1200000, 0x00000000c1100000| Untracked 
|  18|0x00000000c1200000, 0x00000000c1300000, 0x00000000c1300000|100%| O|  |TAMS 0x00000000c1300000, 0x00000000c1200000| Untracked 
|  19|0x00000000c1300000, 0x00000000c1400000, 0x00000000c1400000|100%| O|  |TAMS 0x00000000c1400000, 0x00000000c1300000| Untracked 
|  20|0x00000000c1400000, 0x00000000c14e3a00, 0x00000000c1500000| 88%| O|  |TAMS 0x00000000c14e3a00, 0x00000000c1400000| Untracked 
|  21|0x00000000c1500000, 0x00000000c1600000, 0x00000000c1600000|100%| O|  |TAMS 0x00000000c1600000, 0x00000000c1500000| Untracked 
|  22|0x00000000c1600000, 0x00000000c1700000, 0x00000000c1700000|100%| O|  |TAMS 0x00000000c1700000, 0x00000000c1600000| Untracked 
|  23|0x00000000c1700000, 0x00000000c1800000, 0x00000000c1800000|100%| O|  |TAMS 0x00000000c1800000, 0x00000000c1700000| Untracked 
|  24|0x00000000c1800000, 0x00000000c1900000, 0x00000000c1900000|100%| O|  |TAMS 0x00000000c1900000, 0x00000000c1800000| Untracked 
|  25|0x00000000c1900000, 0x00000000c1a00000, 0x00000000c1a00000|100%| O|  |TAMS 0x00000000c1a00000, 0x00000000c1900000| Untracked 
|  26|0x00000000c1a00000, 0x00000000c1b00000, 0x00000000c1b00000|100%| O|  |TAMS 0x00000000c1b00000, 0x00000000c1a00000| Untracked 
|  27|0x00000000c1b00000, 0x00000000c1c00000, 0x00000000c1c00000|100%| O|  |TAMS 0x00000000c1c00000, 0x00000000c1b00000| Untracked 
|  28|0x00000000c1c00000, 0x00000000c1d00000, 0x00000000c1d00000|100%| O|  |TAMS 0x00000000c1d00000, 0x00000000c1c00000| Untracked 
|  29|0x00000000c1d00000, 0x00000000c1e00000, 0x00000000c1e00000|100%| O|  |TAMS 0x00000000c1e00000, 0x00000000c1d00000| Untracked 
|  30|0x00000000c1e00000, 0x00000000c1f00000, 0x00000000c1f00000|100%| O|  |TAMS 0x00000000c1f00000, 0x00000000c1e00000| Untracked 
|  31|0x00000000c1f00000, 0x00000000c2000000, 0x00000000c2000000|100%| O|  |TAMS 0x00000000c2000000, 0x00000000c1f00000| Untracked 
|  32|0x00000000c2000000, 0x00000000c2100000, 0x00000000c2100000|100%| O|  |TAMS 0x00000000c2100000, 0x00000000c2000000| Untracked 
|  33|0x00000000c2100000, 0x00000000c2200000, 0x00000000c2200000|100%| O|  |TAMS 0x00000000c2200000, 0x00000000c2100000| Untracked 
|  34|0x00000000c2200000, 0x00000000c2300000, 0x00000000c2300000|100%| O|  |TAMS 0x00000000c2300000, 0x00000000c2200000| Untracked 
|  35|0x00000000c2300000, 0x00000000c2400000, 0x00000000c2400000|100%| O|  |TAMS 0x00000000c2400000, 0x00000000c2300000| Untracked 
|  36|0x00000000c2400000, 0x00000000c2500000, 0x00000000c2500000|100%| O|  |TAMS 0x00000000c2500000, 0x00000000c2400000| Untracked 
|  37|0x00000000c2500000, 0x00000000c2600000, 0x00000000c2600000|100%| O|  |TAMS 0x00000000c2600000, 0x00000000c2500000| Untracked 
|  38|0x00000000c2600000, 0x00000000c2700000, 0x00000000c2700000|100%| O|  |TAMS 0x00000000c2700000, 0x00000000c2600000| Untracked 
|  39|0x00000000c2700000, 0x00000000c2800000, 0x00000000c2800000|100%| O|  |TAMS 0x00000000c2800000, 0x00000000c2700000| Untracked 
|  40|0x00000000c2800000, 0x00000000c2900000, 0x00000000c2900000|100%| O|  |TAMS 0x00000000c2900000, 0x00000000c2800000| Untracked 
|  41|0x00000000c2900000, 0x00000000c2a00000, 0x00000000c2a00000|100%| O|  |TAMS 0x00000000c2a00000, 0x00000000c2900000| Untracked 
|  42|0x00000000c2a00000, 0x00000000c2b00000, 0x00000000c2b00000|100%| O|  |TAMS 0x00000000c2b00000, 0x00000000c2a00000| Untracked 
|  43|0x00000000c2b00000, 0x00000000c2c00000, 0x00000000c2c00000|100%| O|  |TAMS 0x00000000c2c00000, 0x00000000c2b00000| Untracked 
|  44|0x00000000c2c00000, 0x00000000c2d00000, 0x00000000c2d00000|100%| O|  |TAMS 0x00000000c2d00000, 0x00000000c2c00000| Untracked 
|  45|0x00000000c2d00000, 0x00000000c2e00000, 0x00000000c2e00000|100%| O|  |TAMS 0x00000000c2e00000, 0x00000000c2d00000| Untracked 
|  46|0x00000000c2e00000, 0x00000000c2f00000, 0x00000000c2f00000|100%| O|  |TAMS 0x00000000c2f00000, 0x00000000c2e00000| Untracked 
|  47|0x00000000c2f00000, 0x00000000c3000000, 0x00000000c3000000|100%| O|  |TAMS 0x00000000c3000000, 0x00000000c2f00000| Untracked 
|  48|0x00000000c3000000, 0x00000000c3100000, 0x00000000c3100000|100%| O|  |TAMS 0x00000000c3100000, 0x00000000c3000000| Untracked 
|  49|0x00000000c3100000, 0x00000000c3200000, 0x00000000c3200000|100%| O|  |TAMS 0x00000000c3200000, 0x00000000c3100000| Untracked 
|  50|0x00000000c3200000, 0x00000000c3300000, 0x00000000c3300000|100%| O|  |TAMS 0x00000000c3300000, 0x00000000c3200000| Untracked 
|  51|0x00000000c3300000, 0x00000000c3400000, 0x00000000c3400000|100%| O|  |TAMS 0x00000000c3400000, 0x00000000c3300000| Untracked 
|  52|0x00000000c3400000, 0x00000000c3500000, 0x00000000c3500000|100%| O|  |TAMS 0x00000000c3500000, 0x00000000c3400000| Untracked 
|  53|0x00000000c3500000, 0x00000000c3600000, 0x00000000c3600000|100%| O|  |TAMS 0x00000000c3600000, 0x00000000c3500000| Untracked 
|  54|0x00000000c3600000, 0x00000000c3700000, 0x00000000c3700000|100%| O|  |TAMS 0x00000000c3700000, 0x00000000c3600000| Untracked 
|  55|0x00000000c3700000, 0x00000000c3800000, 0x00000000c3800000|100%|HS|  |TAMS 0x00000000c3800000, 0x00000000c3700000| Complete 
|  56|0x00000000c3800000, 0x00000000c3900000, 0x00000000c3900000|100%| O|  |TAMS 0x00000000c3800000, 0x00000000c3800000| Untracked 
|  57|0x00000000c3900000, 0x00000000c3a00000, 0x00000000c3a00000|100%| O|  |TAMS 0x00000000c3a00000, 0x00000000c3900000| Untracked 
|  58|0x00000000c3a00000, 0x00000000c3b00000, 0x00000000c3b00000|100%| O|  |TAMS 0x00000000c3b00000, 0x00000000c3a00000| Untracked 
|  59|0x00000000c3b00000, 0x00000000c3c00000, 0x00000000c3c00000|100%| O|  |TAMS 0x00000000c3c00000, 0x00000000c3b00000| Untracked 
|  60|0x00000000c3c00000, 0x00000000c3d00000, 0x00000000c3d00000|100%| O|  |TAMS 0x00000000c3d00000, 0x00000000c3c00000| Untracked 
|  61|0x00000000c3d00000, 0x00000000c3e00000, 0x00000000c3e00000|100%| O|  |TAMS 0x00000000c3e00000, 0x00000000c3d00000| Untracked 
|  62|0x00000000c3e00000, 0x00000000c3f00000, 0x00000000c3f00000|100%| O|  |TAMS 0x00000000c3f00000, 0x00000000c3e00000| Untracked 
|  63|0x00000000c3f00000, 0x00000000c4000000, 0x00000000c4000000|100%| O|  |TAMS 0x00000000c4000000, 0x00000000c3f00000| Untracked 
|  64|0x00000000c4000000, 0x00000000c4100000, 0x00000000c4100000|100%| O|  |TAMS 0x00000000c4100000, 0x00000000c4000000| Untracked 
|  65|0x00000000c4100000, 0x00000000c4200000, 0x00000000c4200000|100%| O|  |TAMS 0x00000000c4200000, 0x00000000c4100000| Untracked 
|  66|0x00000000c4200000, 0x00000000c4300000, 0x00000000c4300000|100%| O|  |TAMS 0x00000000c4300000, 0x00000000c4200000| Untracked 
|  67|0x00000000c4300000, 0x00000000c4400000, 0x00000000c4400000|100%| O|  |TAMS 0x00000000c4300000, 0x00000000c4300000| Untracked 
|  68|0x00000000c4400000, 0x00000000c4500000, 0x00000000c4500000|100%| O|  |TAMS 0x00000000c4400000, 0x00000000c4400000| Untracked 
|  69|0x00000000c4500000, 0x00000000c4600000, 0x00000000c4600000|100%| O|  |TAMS 0x00000000c45ef000, 0x00000000c4500000| Untracked 
|  70|0x00000000c4600000, 0x00000000c4700000, 0x00000000c4700000|100%| O|  |TAMS 0x00000000c4600000, 0x00000000c4600000| Untracked 
|  71|0x00000000c4700000, 0x00000000c4800000, 0x00000000c4800000|100%| O|  |TAMS 0x00000000c4700000, 0x00000000c4700000| Untracked 
|  72|0x00000000c4800000, 0x00000000c4900000, 0x00000000c4900000|100%| O|  |TAMS 0x00000000c4800000, 0x00000000c4800000| Untracked 
|  73|0x00000000c4900000, 0x00000000c4975600, 0x00000000c4a00000| 45%| O|  |TAMS 0x00000000c4900000, 0x00000000c4900000| Untracked 
|  74|0x00000000c4a00000, 0x00000000c4b00000, 0x00000000c4b00000|100%|HS|  |TAMS 0x00000000c4a00000, 0x00000000c4a00000| Complete 
|  75|0x00000000c4b00000, 0x00000000c4c00000, 0x00000000c4c00000|100%| O|  |TAMS 0x00000000c4b00000, 0x00000000c4b00000| Untracked 
|  76|0x00000000c4c00000, 0x00000000c4d00000, 0x00000000c4d00000|100%| O|  |TAMS 0x00000000c4c00000, 0x00000000c4c00000| Untracked 
|  77|0x00000000c4d00000, 0x00000000c4e00000, 0x00000000c4e00000|100%| O|  |TAMS 0x00000000c4d00000, 0x00000000c4d00000| Untracked 
|  78|0x00000000c4e00000, 0x00000000c4f00000, 0x00000000c4f00000|100%| O|  |TAMS 0x00000000c4e00000, 0x00000000c4e00000| Untracked 
|  79|0x00000000c4f00000, 0x00000000c5000000, 0x00000000c5000000|100%| O|  |TAMS 0x00000000c4f00000, 0x00000000c4f00000| Untracked 
|  80|0x00000000c5000000, 0x00000000c5100000, 0x00000000c5100000|100%| O|  |TAMS 0x00000000c5000000, 0x00000000c5000000| Untracked 
|  81|0x00000000c5100000, 0x00000000c5200000, 0x00000000c5200000|100%| O|  |TAMS 0x00000000c5100000, 0x00000000c5100000| Untracked 
|  82|0x00000000c5200000, 0x00000000c5300000, 0x00000000c5300000|100%| O|  |TAMS 0x00000000c5200000, 0x00000000c5200000| Untracked 
|  83|0x00000000c5300000, 0x00000000c5400000, 0x00000000c5400000|100%| O|  |TAMS 0x00000000c5300000, 0x00000000c5300000| Untracked 
|  84|0x00000000c5400000, 0x00000000c5500000, 0x00000000c5500000|100%| O|  |TAMS 0x00000000c5400000, 0x00000000c5400000| Untracked 
|  85|0x00000000c5500000, 0x00000000c5600000, 0x00000000c5600000|100%| O|  |TAMS 0x00000000c5500000, 0x00000000c5500000| Untracked 
|  86|0x00000000c5600000, 0x00000000c5700000, 0x00000000c5700000|100%| O|  |TAMS 0x00000000c5600000, 0x00000000c5600000| Untracked 
|  87|0x00000000c5700000, 0x00000000c5800000, 0x00000000c5800000|100%| O|  |TAMS 0x00000000c5700000, 0x00000000c5700000| Untracked 
|  88|0x00000000c5800000, 0x00000000c5900000, 0x00000000c5900000|100%| O|  |TAMS 0x00000000c5800000, 0x00000000c5800000| Untracked 
|  89|0x00000000c5900000, 0x00000000c5a00000, 0x00000000c5a00000|100%| O|  |TAMS 0x00000000c5900000, 0x00000000c5900000| Untracked 
|  90|0x00000000c5a00000, 0x00000000c5b00000, 0x00000000c5b00000|100%| O|  |TAMS 0x00000000c5a00000, 0x00000000c5a00000| Untracked 
|  91|0x00000000c5b00000, 0x00000000c5c00000, 0x00000000c5c00000|100%| O|  |TAMS 0x00000000c5b00000, 0x00000000c5b00000| Untracked 
|  92|0x00000000c5c00000, 0x00000000c5d00000, 0x00000000c5d00000|100%| O|  |TAMS 0x00000000c5c00000, 0x00000000c5c00000| Untracked 
|  93|0x00000000c5d00000, 0x00000000c5e00000, 0x00000000c5e00000|100%| O|  |TAMS 0x00000000c5d00000, 0x00000000c5d00000| Untracked 
|  94|0x00000000c5e00000, 0x00000000c5f00000, 0x00000000c5f00000|100%| O|  |TAMS 0x00000000c5e00000, 0x00000000c5e00000| Untracked 
|  95|0x00000000c5f00000, 0x00000000c6000000, 0x00000000c6000000|100%| O|  |TAMS 0x00000000c5f00000, 0x00000000c5f00000| Untracked 
|  96|0x00000000c6000000, 0x00000000c6030600, 0x00000000c6100000| 18%| O|  |TAMS 0x00000000c6000000, 0x00000000c6000000| Untracked 
|  97|0x00000000c6100000, 0x00000000c6100000, 0x00000000c6200000|  0%| F|  |TAMS 0x00000000c6100000, 0x00000000c6100000| Untracked 
|  98|0x00000000c6200000, 0x00000000c6200000, 0x00000000c6300000|  0%| F|  |TAMS 0x00000000c6200000, 0x00000000c6200000| Untracked 
|  99|0x00000000c6300000, 0x00000000c6300000, 0x00000000c6400000|  0%| F|  |TAMS 0x00000000c6300000, 0x00000000c6300000| Untracked 
| 100|0x00000000c6400000, 0x00000000c6400000, 0x00000000c6500000|  0%| F|  |TAMS 0x00000000c6400000, 0x00000000c6400000| Untracked 
| 101|0x00000000c6500000, 0x00000000c6500000, 0x00000000c6600000|  0%| F|  |TAMS 0x00000000c6500000, 0x00000000c6500000| Untracked 
| 102|0x00000000c6600000, 0x00000000c6600000, 0x00000000c6700000|  0%| F|  |TAMS 0x00000000c6600000, 0x00000000c6600000| Untracked 
| 103|0x00000000c6700000, 0x00000000c6700000, 0x00000000c6800000|  0%| F|  |TAMS 0x00000000c6700000, 0x00000000c6700000| Untracked 
| 104|0x00000000c6800000, 0x00000000c6800000, 0x00000000c6900000|  0%| F|  |TAMS 0x00000000c6800000, 0x00000000c6800000| Untracked 
| 105|0x00000000c6900000, 0x00000000c6900000, 0x00000000c6a00000|  0%| F|  |TAMS 0x00000000c6900000, 0x00000000c6900000| Untracked 
| 106|0x00000000c6a00000, 0x00000000c6a00000, 0x00000000c6b00000|  0%| F|  |TAMS 0x00000000c6a00000, 0x00000000c6a00000| Untracked 
| 107|0x00000000c6b00000, 0x00000000c6b00000, 0x00000000c6c00000|  0%| F|  |TAMS 0x00000000c6b00000, 0x00000000c6b00000| Untracked 
| 108|0x00000000c6c00000, 0x00000000c6c00000, 0x00000000c6d00000|  0%| F|  |TAMS 0x00000000c6c00000, 0x00000000c6c00000| Untracked 
| 109|0x00000000c6d00000, 0x00000000c6d00000, 0x00000000c6e00000|  0%| F|  |TAMS 0x00000000c6d00000, 0x00000000c6d00000| Untracked 
| 110|0x00000000c6e00000, 0x00000000c6e00000, 0x00000000c6f00000|  0%| F|  |TAMS 0x00000000c6e00000, 0x00000000c6e00000| Untracked 
| 111|0x00000000c6f00000, 0x00000000c6f00000, 0x00000000c7000000|  0%| F|  |TAMS 0x00000000c6f00000, 0x00000000c6f00000| Untracked 
| 112|0x00000000c7000000, 0x00000000c7000000, 0x00000000c7100000|  0%| F|  |TAMS 0x00000000c7000000, 0x00000000c7000000| Untracked 
| 113|0x00000000c7100000, 0x00000000c7100000, 0x00000000c7200000|  0%| F|  |TAMS 0x00000000c7100000, 0x00000000c7100000| Untracked 
| 114|0x00000000c7200000, 0x00000000c7200000, 0x00000000c7300000|  0%| F|  |TAMS 0x00000000c7200000, 0x00000000c7200000| Untracked 
| 115|0x00000000c7300000, 0x00000000c7300000, 0x00000000c7400000|  0%| F|  |TAMS 0x00000000c7300000, 0x00000000c7300000| Untracked 
| 116|0x00000000c7400000, 0x00000000c7400000, 0x00000000c7500000|  0%| F|  |TAMS 0x00000000c7400000, 0x00000000c7400000| Untracked 
| 117|0x00000000c7500000, 0x00000000c7500000, 0x00000000c7600000|  0%| F|  |TAMS 0x00000000c7500000, 0x00000000c7500000| Untracked 
| 118|0x00000000c7600000, 0x00000000c7600000, 0x00000000c7700000|  0%| F|  |TAMS 0x00000000c7600000, 0x00000000c7600000| Untracked 
| 119|0x00000000c7700000, 0x00000000c7700000, 0x00000000c7800000|  0%| F|  |TAMS 0x00000000c7700000, 0x00000000c7700000| Untracked 
| 120|0x00000000c7800000, 0x00000000c7800000, 0x00000000c7900000|  0%| F|  |TAMS 0x00000000c7800000, 0x00000000c7800000| Untracked 
| 121|0x00000000c7900000, 0x00000000c7900000, 0x00000000c7a00000|  0%| F|  |TAMS 0x00000000c7900000, 0x00000000c7900000| Untracked 
| 122|0x00000000c7a00000, 0x00000000c7a00000, 0x00000000c7b00000|  0%| F|  |TAMS 0x00000000c7a00000, 0x00000000c7a00000| Untracked 
| 123|0x00000000c7b00000, 0x00000000c7b00000, 0x00000000c7c00000|  0%| F|  |TAMS 0x00000000c7b00000, 0x00000000c7b00000| Untracked 
| 124|0x00000000c7c00000, 0x00000000c7c00000, 0x00000000c7d00000|  0%| F|  |TAMS 0x00000000c7c00000, 0x00000000c7c00000| Untracked 
| 125|0x00000000c7d00000, 0x00000000c7d00000, 0x00000000c7e00000|  0%| F|  |TAMS 0x00000000c7d00000, 0x00000000c7d00000| Untracked 
| 126|0x00000000c7e00000, 0x00000000c7e00000, 0x00000000c7f00000|  0%| F|  |TAMS 0x00000000c7e00000, 0x00000000c7e00000| Untracked 
| 127|0x00000000c7f00000, 0x00000000c7f00000, 0x00000000c8000000|  0%| F|  |TAMS 0x00000000c7f00000, 0x00000000c7f00000| Untracked 
| 128|0x00000000c8000000, 0x00000000c8000000, 0x00000000c8100000|  0%| F|  |TAMS 0x00000000c8000000, 0x00000000c8000000| Untracked 
| 129|0x00000000c8100000, 0x00000000c8100000, 0x00000000c8200000|  0%| F|  |TAMS 0x00000000c8100000, 0x00000000c8100000| Untracked 
| 130|0x00000000c8200000, 0x00000000c8200000, 0x00000000c8300000|  0%| F|  |TAMS 0x00000000c8200000, 0x00000000c8200000| Untracked 
| 131|0x00000000c8300000, 0x00000000c8300000, 0x00000000c8400000|  0%| F|  |TAMS 0x00000000c8300000, 0x00000000c8300000| Untracked 
| 132|0x00000000c8400000, 0x00000000c8400000, 0x00000000c8500000|  0%| F|  |TAMS 0x00000000c8400000, 0x00000000c8400000| Untracked 
| 133|0x00000000c8500000, 0x00000000c8500000, 0x00000000c8600000|  0%| F|  |TAMS 0x00000000c8500000, 0x00000000c8500000| Untracked 
| 134|0x00000000c8600000, 0x00000000c8600000, 0x00000000c8700000|  0%| F|  |TAMS 0x00000000c8600000, 0x00000000c8600000| Untracked 
| 135|0x00000000c8700000, 0x00000000c8700000, 0x00000000c8800000|  0%| F|  |TAMS 0x00000000c8700000, 0x00000000c8700000| Untracked 
| 136|0x00000000c8800000, 0x00000000c8800000, 0x00000000c8900000|  0%| F|  |TAMS 0x00000000c8800000, 0x00000000c8800000| Untracked 
| 137|0x00000000c8900000, 0x00000000c8900000, 0x00000000c8a00000|  0%| F|  |TAMS 0x00000000c8900000, 0x00000000c8900000| Untracked 
| 138|0x00000000c8a00000, 0x00000000c8a00000, 0x00000000c8b00000|  0%| F|  |TAMS 0x00000000c8a00000, 0x00000000c8a00000| Untracked 
| 139|0x00000000c8b00000, 0x00000000c8b00000, 0x00000000c8c00000|  0%| F|  |TAMS 0x00000000c8b00000, 0x00000000c8b00000| Untracked 
| 140|0x00000000c8c00000, 0x00000000c8c00000, 0x00000000c8d00000|  0%| F|  |TAMS 0x00000000c8c00000, 0x00000000c8c00000| Untracked 
| 141|0x00000000c8d00000, 0x00000000c8d00000, 0x00000000c8e00000|  0%| F|  |TAMS 0x00000000c8d00000, 0x00000000c8d00000| Untracked 
| 142|0x00000000c8e00000, 0x00000000c8e00000, 0x00000000c8f00000|  0%| F|  |TAMS 0x00000000c8e00000, 0x00000000c8e00000| Untracked 
| 143|0x00000000c8f00000, 0x00000000c8f00000, 0x00000000c9000000|  0%| F|  |TAMS 0x00000000c8f00000, 0x00000000c8f00000| Untracked 
| 144|0x00000000c9000000, 0x00000000c9000000, 0x00000000c9100000|  0%| F|  |TAMS 0x00000000c9000000, 0x00000000c9000000| Untracked 
| 145|0x00000000c9100000, 0x00000000c9100000, 0x00000000c9200000|  0%| F|  |TAMS 0x00000000c9100000, 0x00000000c9100000| Untracked 
| 146|0x00000000c9200000, 0x00000000c9200000, 0x00000000c9300000|  0%| F|  |TAMS 0x00000000c9200000, 0x00000000c9200000| Untracked 
| 147|0x00000000c9300000, 0x00000000c9300000, 0x00000000c9400000|  0%| F|  |TAMS 0x00000000c9300000, 0x00000000c9300000| Untracked 
| 148|0x00000000c9400000, 0x00000000c9400000, 0x00000000c9500000|  0%| F|  |TAMS 0x00000000c9400000, 0x00000000c9400000| Untracked 
| 149|0x00000000c9500000, 0x00000000c9500000, 0x00000000c9600000|  0%| F|  |TAMS 0x00000000c9500000, 0x00000000c9500000| Untracked 
| 150|0x00000000c9600000, 0x00000000c965db40, 0x00000000c9700000| 36%| S|CS|TAMS 0x00000000c9600000, 0x00000000c9600000| Complete 
| 151|0x00000000c9700000, 0x00000000c9800000, 0x00000000c9800000|100%| S|CS|TAMS 0x00000000c9700000, 0x00000000c9700000| Complete 
| 152|0x00000000c9800000, 0x00000000c9900000, 0x00000000c9900000|100%| S|CS|TAMS 0x00000000c9800000, 0x00000000c9800000| Complete 
| 153|0x00000000c9900000, 0x00000000c9a00000, 0x00000000c9a00000|100%| S|CS|TAMS 0x00000000c9900000, 0x00000000c9900000| Complete 
| 154|0x00000000c9a00000, 0x00000000c9b00000, 0x00000000c9b00000|100%| S|CS|TAMS 0x00000000c9a00000, 0x00000000c9a00000| Complete 
| 155|0x00000000c9b00000, 0x00000000c9c00000, 0x00000000c9c00000|100%| S|CS|TAMS 0x00000000c9b00000, 0x00000000c9b00000| Complete 
| 156|0x00000000c9c00000, 0x00000000c9d00000, 0x00000000c9d00000|100%| S|CS|TAMS 0x00000000c9c00000, 0x00000000c9c00000| Complete 
| 157|0x00000000c9d00000, 0x00000000c9e00000, 0x00000000c9e00000|100%| S|CS|TAMS 0x00000000c9d00000, 0x00000000c9d00000| Complete 
| 158|0x00000000c9e00000, 0x00000000c9e00000, 0x00000000c9f00000|  0%| F|  |TAMS 0x00000000c9e00000, 0x00000000c9e00000| Untracked 
| 159|0x00000000c9f00000, 0x00000000c9f00000, 0x00000000ca000000|  0%| F|  |TAMS 0x00000000c9f00000, 0x00000000c9f00000| Untracked 
| 160|0x00000000ca000000, 0x00000000ca000000, 0x00000000ca100000|  0%| F|  |TAMS 0x00000000ca000000, 0x00000000ca000000| Untracked 
| 161|0x00000000ca100000, 0x00000000ca100000, 0x00000000ca200000|  0%| F|  |TAMS 0x00000000ca100000, 0x00000000ca100000| Untracked 
| 162|0x00000000ca200000, 0x00000000ca200000, 0x00000000ca300000|  0%| F|  |TAMS 0x00000000ca200000, 0x00000000ca200000| Untracked 
| 163|0x00000000ca300000, 0x00000000ca300000, 0x00000000ca400000|  0%| F|  |TAMS 0x00000000ca300000, 0x00000000ca300000| Untracked 
| 164|0x00000000ca400000, 0x00000000ca400000, 0x00000000ca500000|  0%| F|  |TAMS 0x00000000ca400000, 0x00000000ca400000| Untracked 
| 165|0x00000000ca500000, 0x00000000ca500000, 0x00000000ca600000|  0%| F|  |TAMS 0x00000000ca500000, 0x00000000ca500000| Untracked 
| 166|0x00000000ca600000, 0x00000000ca600000, 0x00000000ca700000|  0%| F|  |TAMS 0x00000000ca600000, 0x00000000ca600000| Untracked 
| 167|0x00000000ca700000, 0x00000000ca700000, 0x00000000ca800000|  0%| F|  |TAMS 0x00000000ca700000, 0x00000000ca700000| Untracked 
| 168|0x00000000ca800000, 0x00000000ca800000, 0x00000000ca900000|  0%| F|  |TAMS 0x00000000ca800000, 0x00000000ca800000| Untracked 
| 169|0x00000000ca900000, 0x00000000ca900000, 0x00000000caa00000|  0%| F|  |TAMS 0x00000000ca900000, 0x00000000ca900000| Untracked 
| 170|0x00000000caa00000, 0x00000000cab00000, 0x00000000cab00000|100%| S|CS|TAMS 0x00000000caa00000, 0x00000000caa00000| Complete 
| 171|0x00000000cab00000, 0x00000000cac00000, 0x00000000cac00000|100%| S|CS|TAMS 0x00000000cab00000, 0x00000000cab00000| Complete 
| 172|0x00000000cac00000, 0x00000000cad00000, 0x00000000cad00000|100%| S|CS|TAMS 0x00000000cac00000, 0x00000000cac00000| Complete 
| 173|0x00000000cad00000, 0x00000000cae00000, 0x00000000cae00000|100%| S|CS|TAMS 0x00000000cad00000, 0x00000000cad00000| Complete 
| 174|0x00000000cae00000, 0x00000000caf00000, 0x00000000caf00000|100%| S|CS|TAMS 0x00000000cae00000, 0x00000000cae00000| Complete 
| 175|0x00000000caf00000, 0x00000000caf00000, 0x00000000cb000000|  0%| F|  |TAMS 0x00000000caf00000, 0x00000000caf00000| Untracked 
| 176|0x00000000cb000000, 0x00000000cb000000, 0x00000000cb100000|  0%| F|  |TAMS 0x00000000cb000000, 0x00000000cb000000| Untracked 
| 177|0x00000000cb100000, 0x00000000cb100000, 0x00000000cb200000|  0%| F|  |TAMS 0x00000000cb100000, 0x00000000cb100000| Untracked 
| 178|0x00000000cb200000, 0x00000000cb200000, 0x00000000cb300000|  0%| F|  |TAMS 0x00000000cb200000, 0x00000000cb200000| Untracked 
| 179|0x00000000cb300000, 0x00000000cb300000, 0x00000000cb400000|  0%| F|  |TAMS 0x00000000cb300000, 0x00000000cb300000| Untracked 
| 180|0x00000000cb400000, 0x00000000cb400000, 0x00000000cb500000|  0%| F|  |TAMS 0x00000000cb400000, 0x00000000cb400000| Untracked 
| 181|0x00000000cb500000, 0x00000000cb500000, 0x00000000cb600000|  0%| F|  |TAMS 0x00000000cb500000, 0x00000000cb500000| Untracked 
| 182|0x00000000cb600000, 0x00000000cb600000, 0x00000000cb700000|  0%| F|  |TAMS 0x00000000cb600000, 0x00000000cb600000| Untracked 
| 183|0x00000000cb700000, 0x00000000cb700000, 0x00000000cb800000|  0%| F|  |TAMS 0x00000000cb700000, 0x00000000cb700000| Untracked 
| 184|0x00000000cb800000, 0x00000000cb800000, 0x00000000cb900000|  0%| F|  |TAMS 0x00000000cb800000, 0x00000000cb800000| Untracked 
| 185|0x00000000cb900000, 0x00000000cb900000, 0x00000000cba00000|  0%| F|  |TAMS 0x00000000cb900000, 0x00000000cb900000| Untracked 
| 186|0x00000000cba00000, 0x00000000cba00000, 0x00000000cbb00000|  0%| F|  |TAMS 0x00000000cba00000, 0x00000000cba00000| Untracked 
| 187|0x00000000cbb00000, 0x00000000cbb00000, 0x00000000cbc00000|  0%| F|  |TAMS 0x00000000cbb00000, 0x00000000cbb00000| Untracked 
| 188|0x00000000cbc00000, 0x00000000cbc00000, 0x00000000cbd00000|  0%| F|  |TAMS 0x00000000cbc00000, 0x00000000cbc00000| Untracked 
| 189|0x00000000cbd00000, 0x00000000cbd00000, 0x00000000cbe00000|  0%| F|  |TAMS 0x00000000cbd00000, 0x00000000cbd00000| Untracked 
| 190|0x00000000cbe00000, 0x00000000cbe00000, 0x00000000cbf00000|  0%| F|  |TAMS 0x00000000cbe00000, 0x00000000cbe00000| Untracked 
| 191|0x00000000cbf00000, 0x00000000cbf00000, 0x00000000cc000000|  0%| F|  |TAMS 0x00000000cbf00000, 0x00000000cbf00000| Untracked 
| 192|0x00000000cc000000, 0x00000000cc000000, 0x00000000cc100000|  0%| F|  |TAMS 0x00000000cc000000, 0x00000000cc000000| Untracked 
| 193|0x00000000cc100000, 0x00000000cc100000, 0x00000000cc200000|  0%| F|  |TAMS 0x00000000cc100000, 0x00000000cc100000| Untracked 
| 194|0x00000000cc200000, 0x00000000cc200000, 0x00000000cc300000|  0%| F|  |TAMS 0x00000000cc200000, 0x00000000cc200000| Untracked 
| 195|0x00000000cc300000, 0x00000000cc300000, 0x00000000cc400000|  0%| F|  |TAMS 0x00000000cc300000, 0x00000000cc300000| Untracked 
| 196|0x00000000cc400000, 0x00000000cc400000, 0x00000000cc500000|  0%| F|  |TAMS 0x00000000cc400000, 0x00000000cc400000| Untracked 
| 197|0x00000000cc500000, 0x00000000cc500000, 0x00000000cc600000|  0%| F|  |TAMS 0x00000000cc500000, 0x00000000cc500000| Untracked 
| 198|0x00000000cc600000, 0x00000000cc600000, 0x00000000cc700000|  0%| F|  |TAMS 0x00000000cc600000, 0x00000000cc600000| Untracked 
| 199|0x00000000cc700000, 0x00000000cc700000, 0x00000000cc800000|  0%| F|  |TAMS 0x00000000cc700000, 0x00000000cc700000| Untracked 
| 200|0x00000000cc800000, 0x00000000cc800000, 0x00000000cc900000|  0%| F|  |TAMS 0x00000000cc800000, 0x00000000cc800000| Untracked 
| 201|0x00000000cc900000, 0x00000000cc900000, 0x00000000cca00000|  0%| F|  |TAMS 0x00000000cc900000, 0x00000000cc900000| Untracked 
| 202|0x00000000cca00000, 0x00000000cca00000, 0x00000000ccb00000|  0%| F|  |TAMS 0x00000000cca00000, 0x00000000cca00000| Untracked 
| 203|0x00000000ccb00000, 0x00000000ccb00000, 0x00000000ccc00000|  0%| F|  |TAMS 0x00000000ccb00000, 0x00000000ccb00000| Untracked 
| 204|0x00000000ccc00000, 0x00000000ccc00000, 0x00000000ccd00000|  0%| F|  |TAMS 0x00000000ccc00000, 0x00000000ccc00000| Untracked 
| 205|0x00000000ccd00000, 0x00000000ccd00000, 0x00000000cce00000|  0%| F|  |TAMS 0x00000000ccd00000, 0x00000000ccd00000| Untracked 
| 206|0x00000000cce00000, 0x00000000cce00000, 0x00000000ccf00000|  0%| F|  |TAMS 0x00000000cce00000, 0x00000000cce00000| Untracked 
| 207|0x00000000ccf00000, 0x00000000ccf00000, 0x00000000cd000000|  0%| F|  |TAMS 0x00000000ccf00000, 0x00000000ccf00000| Untracked 
| 208|0x00000000cd000000, 0x00000000cd000000, 0x00000000cd100000|  0%| F|  |TAMS 0x00000000cd000000, 0x00000000cd000000| Untracked 
| 209|0x00000000cd100000, 0x00000000cd100000, 0x00000000cd200000|  0%| F|  |TAMS 0x00000000cd100000, 0x00000000cd100000| Untracked 
| 210|0x00000000cd200000, 0x00000000cd200000, 0x00000000cd300000|  0%| F|  |TAMS 0x00000000cd200000, 0x00000000cd200000| Untracked 
| 211|0x00000000cd300000, 0x00000000cd300000, 0x00000000cd400000|  0%| F|  |TAMS 0x00000000cd300000, 0x00000000cd300000| Untracked 
| 212|0x00000000cd400000, 0x00000000cd400000, 0x00000000cd500000|  0%| F|  |TAMS 0x00000000cd400000, 0x00000000cd400000| Untracked 
| 213|0x00000000cd500000, 0x00000000cd500000, 0x00000000cd600000|  0%| F|  |TAMS 0x00000000cd500000, 0x00000000cd500000| Untracked 
| 214|0x00000000cd600000, 0x00000000cd600000, 0x00000000cd700000|  0%| F|  |TAMS 0x00000000cd600000, 0x00000000cd600000| Untracked 
| 215|0x00000000cd700000, 0x00000000cd700000, 0x00000000cd800000|  0%| F|  |TAMS 0x00000000cd700000, 0x00000000cd700000| Untracked 
| 216|0x00000000cd800000, 0x00000000cd800000, 0x00000000cd900000|  0%| F|  |TAMS 0x00000000cd800000, 0x00000000cd800000| Untracked 
| 217|0x00000000cd900000, 0x00000000cd900000, 0x00000000cda00000|  0%| F|  |TAMS 0x00000000cd900000, 0x00000000cd900000| Untracked 
| 218|0x00000000cda00000, 0x00000000cda00000, 0x00000000cdb00000|  0%| F|  |TAMS 0x00000000cda00000, 0x00000000cda00000| Untracked 
| 219|0x00000000cdb00000, 0x00000000cdb00000, 0x00000000cdc00000|  0%| F|  |TAMS 0x00000000cdb00000, 0x00000000cdb00000| Untracked 
| 220|0x00000000cdc00000, 0x00000000cdc00000, 0x00000000cdd00000|  0%| F|  |TAMS 0x00000000cdc00000, 0x00000000cdc00000| Untracked 
| 221|0x00000000cdd00000, 0x00000000cdd00000, 0x00000000cde00000|  0%| F|  |TAMS 0x00000000cdd00000, 0x00000000cdd00000| Untracked 
| 222|0x00000000cde00000, 0x00000000cde00000, 0x00000000cdf00000|  0%| F|  |TAMS 0x00000000cde00000, 0x00000000cde00000| Untracked 
| 223|0x00000000cdf00000, 0x00000000cdf00000, 0x00000000ce000000|  0%| F|  |TAMS 0x00000000cdf00000, 0x00000000cdf00000| Untracked 
| 224|0x00000000ce000000, 0x00000000ce000000, 0x00000000ce100000|  0%| F|  |TAMS 0x00000000ce000000, 0x00000000ce000000| Untracked 
| 225|0x00000000ce100000, 0x00000000ce100000, 0x00000000ce200000|  0%| F|  |TAMS 0x00000000ce100000, 0x00000000ce100000| Untracked 
| 226|0x00000000ce200000, 0x00000000ce200000, 0x00000000ce300000|  0%| F|  |TAMS 0x00000000ce200000, 0x00000000ce200000| Untracked 
| 227|0x00000000ce300000, 0x00000000ce300000, 0x00000000ce400000|  0%| F|  |TAMS 0x00000000ce300000, 0x00000000ce300000| Untracked 
| 228|0x00000000ce400000, 0x00000000ce400000, 0x00000000ce500000|  0%| F|  |TAMS 0x00000000ce400000, 0x00000000ce400000| Untracked 
| 229|0x00000000ce500000, 0x00000000ce500000, 0x00000000ce600000|  0%| F|  |TAMS 0x00000000ce500000, 0x00000000ce500000| Untracked 
| 230|0x00000000ce600000, 0x00000000ce600000, 0x00000000ce700000|  0%| F|  |TAMS 0x00000000ce600000, 0x00000000ce600000| Untracked 
| 231|0x00000000ce700000, 0x00000000ce700000, 0x00000000ce800000|  0%| F|  |TAMS 0x00000000ce700000, 0x00000000ce700000| Untracked 
| 232|0x00000000ce800000, 0x00000000ce800000, 0x00000000ce900000|  0%| F|  |TAMS 0x00000000ce800000, 0x00000000ce800000| Untracked 
| 233|0x00000000ce900000, 0x00000000ce900000, 0x00000000cea00000|  0%| F|  |TAMS 0x00000000ce900000, 0x00000000ce900000| Untracked 
| 234|0x00000000cea00000, 0x00000000cea00000, 0x00000000ceb00000|  0%| F|  |TAMS 0x00000000cea00000, 0x00000000cea00000| Untracked 
| 235|0x00000000ceb00000, 0x00000000ceb00000, 0x00000000cec00000|  0%| F|  |TAMS 0x00000000ceb00000, 0x00000000ceb00000| Untracked 
| 236|0x00000000cec00000, 0x00000000cec00000, 0x00000000ced00000|  0%| F|  |TAMS 0x00000000cec00000, 0x00000000cec00000| Untracked 
| 237|0x00000000ced00000, 0x00000000ced00000, 0x00000000cee00000|  0%| F|  |TAMS 0x00000000ced00000, 0x00000000ced00000| Untracked 
| 238|0x00000000cee00000, 0x00000000cee00000, 0x00000000cef00000|  0%| F|  |TAMS 0x00000000cee00000, 0x00000000cee00000| Untracked 
| 239|0x00000000cef00000, 0x00000000cef00000, 0x00000000cf000000|  0%| F|  |TAMS 0x00000000cef00000, 0x00000000cef00000| Untracked 
| 240|0x00000000cf000000, 0x00000000cf000000, 0x00000000cf100000|  0%| F|  |TAMS 0x00000000cf000000, 0x00000000cf000000| Untracked 
| 241|0x00000000cf100000, 0x00000000cf100000, 0x00000000cf200000|  0%| F|  |TAMS 0x00000000cf100000, 0x00000000cf100000| Untracked 
| 242|0x00000000cf200000, 0x00000000cf200000, 0x00000000cf300000|  0%| F|  |TAMS 0x00000000cf200000, 0x00000000cf200000| Untracked 
| 243|0x00000000cf300000, 0x00000000cf300000, 0x00000000cf400000|  0%| F|  |TAMS 0x00000000cf300000, 0x00000000cf300000| Untracked 
| 244|0x00000000cf400000, 0x00000000cf400000, 0x00000000cf500000|  0%| F|  |TAMS 0x00000000cf400000, 0x00000000cf400000| Untracked 
| 245|0x00000000cf500000, 0x00000000cf500000, 0x00000000cf600000|  0%| F|  |TAMS 0x00000000cf500000, 0x00000000cf500000| Untracked 
| 246|0x00000000cf600000, 0x00000000cf600000, 0x00000000cf700000|  0%| F|  |TAMS 0x00000000cf600000, 0x00000000cf600000| Untracked 
| 247|0x00000000cf700000, 0x00000000cf700000, 0x00000000cf800000|  0%| F|  |TAMS 0x00000000cf700000, 0x00000000cf700000| Untracked 
| 248|0x00000000cf800000, 0x00000000cf800000, 0x00000000cf900000|  0%| F|  |TAMS 0x00000000cf800000, 0x00000000cf800000| Untracked 
| 249|0x00000000cf900000, 0x00000000cf900000, 0x00000000cfa00000|  0%| F|  |TAMS 0x00000000cf900000, 0x00000000cf900000| Untracked 
| 250|0x00000000cfa00000, 0x00000000cfa00000, 0x00000000cfb00000|  0%| F|  |TAMS 0x00000000cfa00000, 0x00000000cfa00000| Untracked 
| 251|0x00000000cfb00000, 0x00000000cfb00000, 0x00000000cfc00000|  0%| F|  |TAMS 0x00000000cfb00000, 0x00000000cfb00000| Untracked 
| 252|0x00000000cfc00000, 0x00000000cfc00000, 0x00000000cfd00000|  0%| F|  |TAMS 0x00000000cfc00000, 0x00000000cfc00000| Untracked 
| 253|0x00000000cfd00000, 0x00000000cfd00000, 0x00000000cfe00000|  0%| F|  |TAMS 0x00000000cfd00000, 0x00000000cfd00000| Untracked 
| 254|0x00000000cfe00000, 0x00000000cfe00000, 0x00000000cff00000|  0%| F|  |TAMS 0x00000000cfe00000, 0x00000000cfe00000| Untracked 
| 255|0x00000000cff00000, 0x00000000cff00000, 0x00000000d0000000|  0%| F|  |TAMS 0x00000000cff00000, 0x00000000cff00000| Untracked 
| 256|0x00000000d0000000, 0x00000000d0000000, 0x00000000d0100000|  0%| F|  |TAMS 0x00000000d0000000, 0x00000000d0000000| Untracked 
| 257|0x00000000d0100000, 0x00000000d0100000, 0x00000000d0200000|  0%| F|  |TAMS 0x00000000d0100000, 0x00000000d0100000| Untracked 
| 258|0x00000000d0200000, 0x00000000d0200000, 0x00000000d0300000|  0%| F|  |TAMS 0x00000000d0200000, 0x00000000d0200000| Untracked 
| 259|0x00000000d0300000, 0x00000000d0300000, 0x00000000d0400000|  0%| F|  |TAMS 0x00000000d0300000, 0x00000000d0300000| Untracked 
| 260|0x00000000d0400000, 0x00000000d0400000, 0x00000000d0500000|  0%| F|  |TAMS 0x00000000d0400000, 0x00000000d0400000| Untracked 
| 261|0x00000000d0500000, 0x00000000d0500000, 0x00000000d0600000|  0%| F|  |TAMS 0x00000000d0500000, 0x00000000d0500000| Untracked 
| 262|0x00000000d0600000, 0x00000000d0600000, 0x00000000d0700000|  0%| F|  |TAMS 0x00000000d0600000, 0x00000000d0600000| Untracked 
| 263|0x00000000d0700000, 0x00000000d0700000, 0x00000000d0800000|  0%| F|  |TAMS 0x00000000d0700000, 0x00000000d0700000| Untracked 
| 264|0x00000000d0800000, 0x00000000d0800000, 0x00000000d0900000|  0%| F|  |TAMS 0x00000000d0800000, 0x00000000d0800000| Untracked 
| 265|0x00000000d0900000, 0x00000000d0900000, 0x00000000d0a00000|  0%| F|  |TAMS 0x00000000d0900000, 0x00000000d0900000| Untracked 
| 266|0x00000000d0a00000, 0x00000000d0a00000, 0x00000000d0b00000|  0%| F|  |TAMS 0x00000000d0a00000, 0x00000000d0a00000| Untracked 
| 267|0x00000000d0b00000, 0x00000000d0b00000, 0x00000000d0c00000|  0%| F|  |TAMS 0x00000000d0b00000, 0x00000000d0b00000| Untracked 
| 268|0x00000000d0c00000, 0x00000000d0c00000, 0x00000000d0d00000|  0%| F|  |TAMS 0x00000000d0c00000, 0x00000000d0c00000| Untracked 
| 269|0x00000000d0d00000, 0x00000000d0d00000, 0x00000000d0e00000|  0%| F|  |TAMS 0x00000000d0d00000, 0x00000000d0d00000| Untracked 
| 270|0x00000000d0e00000, 0x00000000d0e00000, 0x00000000d0f00000|  0%| F|  |TAMS 0x00000000d0e00000, 0x00000000d0e00000| Untracked 
| 271|0x00000000d0f00000, 0x00000000d0f00000, 0x00000000d1000000|  0%| F|  |TAMS 0x00000000d0f00000, 0x00000000d0f00000| Untracked 
| 272|0x00000000d1000000, 0x00000000d1000000, 0x00000000d1100000|  0%| F|  |TAMS 0x00000000d1000000, 0x00000000d1000000| Untracked 
| 273|0x00000000d1100000, 0x00000000d1100000, 0x00000000d1200000|  0%| F|  |TAMS 0x00000000d1100000, 0x00000000d1100000| Untracked 
| 274|0x00000000d1200000, 0x00000000d1200000, 0x00000000d1300000|  0%| F|  |TAMS 0x00000000d1200000, 0x00000000d1200000| Untracked 
| 275|0x00000000d1300000, 0x00000000d1300000, 0x00000000d1400000|  0%| F|  |TAMS 0x00000000d1300000, 0x00000000d1300000| Untracked 
| 276|0x00000000d1400000, 0x00000000d1400000, 0x00000000d1500000|  0%| F|  |TAMS 0x00000000d1400000, 0x00000000d1400000| Untracked 
| 277|0x00000000d1500000, 0x00000000d1500000, 0x00000000d1600000|  0%| F|  |TAMS 0x00000000d1500000, 0x00000000d1500000| Untracked 
| 278|0x00000000d1600000, 0x00000000d1600000, 0x00000000d1700000|  0%| F|  |TAMS 0x00000000d1600000, 0x00000000d1600000| Untracked 
| 279|0x00000000d1700000, 0x00000000d1700000, 0x00000000d1800000|  0%| F|  |TAMS 0x00000000d1700000, 0x00000000d1700000| Untracked 
| 280|0x00000000d1800000, 0x00000000d1800000, 0x00000000d1900000|  0%| F|  |TAMS 0x00000000d1800000, 0x00000000d1800000| Untracked 
| 281|0x00000000d1900000, 0x00000000d1900000, 0x00000000d1a00000|  0%| F|  |TAMS 0x00000000d1900000, 0x00000000d1900000| Untracked 
| 282|0x00000000d1a00000, 0x00000000d1a00000, 0x00000000d1b00000|  0%| F|  |TAMS 0x00000000d1a00000, 0x00000000d1a00000| Untracked 
| 283|0x00000000d1b00000, 0x00000000d1b00000, 0x00000000d1c00000|  0%| F|  |TAMS 0x00000000d1b00000, 0x00000000d1b00000| Untracked 
| 284|0x00000000d1c00000, 0x00000000d1c00000, 0x00000000d1d00000|  0%| F|  |TAMS 0x00000000d1c00000, 0x00000000d1c00000| Untracked 
| 285|0x00000000d1d00000, 0x00000000d1d00000, 0x00000000d1e00000|  0%| F|  |TAMS 0x00000000d1d00000, 0x00000000d1d00000| Untracked 
| 286|0x00000000d1e00000, 0x00000000d1e00000, 0x00000000d1f00000|  0%| F|  |TAMS 0x00000000d1e00000, 0x00000000d1e00000| Untracked 
| 287|0x00000000d1f00000, 0x00000000d1f00000, 0x00000000d2000000|  0%| F|  |TAMS 0x00000000d1f00000, 0x00000000d1f00000| Untracked 
| 288|0x00000000d2000000, 0x00000000d2000000, 0x00000000d2100000|  0%| F|  |TAMS 0x00000000d2000000, 0x00000000d2000000| Untracked 
| 289|0x00000000d2100000, 0x00000000d2100000, 0x00000000d2200000|  0%| F|  |TAMS 0x00000000d2100000, 0x00000000d2100000| Untracked 
| 290|0x00000000d2200000, 0x00000000d2200000, 0x00000000d2300000|  0%| F|  |TAMS 0x00000000d2200000, 0x00000000d2200000| Untracked 
| 291|0x00000000d2300000, 0x00000000d2300000, 0x00000000d2400000|  0%| F|  |TAMS 0x00000000d2300000, 0x00000000d2300000| Untracked 
| 292|0x00000000d2400000, 0x00000000d2400000, 0x00000000d2500000|  0%| F|  |TAMS 0x00000000d2400000, 0x00000000d2400000| Untracked 
| 293|0x00000000d2500000, 0x00000000d2500000, 0x00000000d2600000|  0%| F|  |TAMS 0x00000000d2500000, 0x00000000d2500000| Untracked 
| 294|0x00000000d2600000, 0x00000000d2600000, 0x00000000d2700000|  0%| F|  |TAMS 0x00000000d2600000, 0x00000000d2600000| Untracked 
| 295|0x00000000d2700000, 0x00000000d2700000, 0x00000000d2800000|  0%| F|  |TAMS 0x00000000d2700000, 0x00000000d2700000| Untracked 
| 296|0x00000000d2800000, 0x00000000d2800000, 0x00000000d2900000|  0%| F|  |TAMS 0x00000000d2800000, 0x00000000d2800000| Untracked 
| 297|0x00000000d2900000, 0x00000000d2900000, 0x00000000d2a00000|  0%| F|  |TAMS 0x00000000d2900000, 0x00000000d2900000| Untracked 
| 298|0x00000000d2a00000, 0x00000000d2a00000, 0x00000000d2b00000|  0%| F|  |TAMS 0x00000000d2a00000, 0x00000000d2a00000| Untracked 
| 299|0x00000000d2b00000, 0x00000000d2b00000, 0x00000000d2c00000|  0%| F|  |TAMS 0x00000000d2b00000, 0x00000000d2b00000| Untracked 
| 300|0x00000000d2c00000, 0x00000000d2c00000, 0x00000000d2d00000|  0%| F|  |TAMS 0x00000000d2c00000, 0x00000000d2c00000| Untracked 
| 301|0x00000000d2d00000, 0x00000000d2d00000, 0x00000000d2e00000|  0%| F|  |TAMS 0x00000000d2d00000, 0x00000000d2d00000| Untracked 
| 302|0x00000000d2e00000, 0x00000000d2e00000, 0x00000000d2f00000|  0%| F|  |TAMS 0x00000000d2e00000, 0x00000000d2e00000| Untracked 
| 303|0x00000000d2f00000, 0x00000000d2f00000, 0x00000000d3000000|  0%| F|  |TAMS 0x00000000d2f00000, 0x00000000d2f00000| Untracked 
| 304|0x00000000d3000000, 0x00000000d3000000, 0x00000000d3100000|  0%| F|  |TAMS 0x00000000d3000000, 0x00000000d3000000| Untracked 
| 305|0x00000000d3100000, 0x00000000d3100000, 0x00000000d3200000|  0%| F|  |TAMS 0x00000000d3100000, 0x00000000d3100000| Untracked 
| 306|0x00000000d3200000, 0x00000000d3200000, 0x00000000d3300000|  0%| F|  |TAMS 0x00000000d3200000, 0x00000000d3200000| Untracked 
| 307|0x00000000d3300000, 0x00000000d3300000, 0x00000000d3400000|  0%| F|  |TAMS 0x00000000d3300000, 0x00000000d3300000| Untracked 
| 308|0x00000000d3400000, 0x00000000d3400000, 0x00000000d3500000|  0%| F|  |TAMS 0x00000000d3400000, 0x00000000d3400000| Untracked 
| 309|0x00000000d3500000, 0x00000000d3500000, 0x00000000d3600000|  0%| F|  |TAMS 0x00000000d3500000, 0x00000000d3500000| Untracked 
| 310|0x00000000d3600000, 0x00000000d3600000, 0x00000000d3700000|  0%| F|  |TAMS 0x00000000d3600000, 0x00000000d3600000| Untracked 
| 311|0x00000000d3700000, 0x00000000d3700000, 0x00000000d3800000|  0%| F|  |TAMS 0x00000000d3700000, 0x00000000d3700000| Untracked 
| 312|0x00000000d3800000, 0x00000000d3800000, 0x00000000d3900000|  0%| F|  |TAMS 0x00000000d3800000, 0x00000000d3800000| Untracked 
| 313|0x00000000d3900000, 0x00000000d3900000, 0x00000000d3a00000|  0%| F|  |TAMS 0x00000000d3900000, 0x00000000d3900000| Untracked 
| 314|0x00000000d3a00000, 0x00000000d3a00000, 0x00000000d3b00000|  0%| F|  |TAMS 0x00000000d3a00000, 0x00000000d3a00000| Untracked 
| 315|0x00000000d3b00000, 0x00000000d3b00000, 0x00000000d3c00000|  0%| F|  |TAMS 0x00000000d3b00000, 0x00000000d3b00000| Untracked 
| 316|0x00000000d3c00000, 0x00000000d3c00000, 0x00000000d3d00000|  0%| F|  |TAMS 0x00000000d3c00000, 0x00000000d3c00000| Untracked 
| 317|0x00000000d3d00000, 0x00000000d3d00000, 0x00000000d3e00000|  0%| F|  |TAMS 0x00000000d3d00000, 0x00000000d3d00000| Untracked 
| 318|0x00000000d3e00000, 0x00000000d3e00000, 0x00000000d3f00000|  0%| F|  |TAMS 0x00000000d3e00000, 0x00000000d3e00000| Untracked 
| 319|0x00000000d3f00000, 0x00000000d3f00000, 0x00000000d4000000|  0%| F|  |TAMS 0x00000000d3f00000, 0x00000000d3f00000| Untracked 
| 320|0x00000000d4000000, 0x00000000d4000000, 0x00000000d4100000|  0%| F|  |TAMS 0x00000000d4000000, 0x00000000d4000000| Untracked 
| 321|0x00000000d4100000, 0x00000000d4100000, 0x00000000d4200000|  0%| F|  |TAMS 0x00000000d4100000, 0x00000000d4100000| Untracked 
| 322|0x00000000d4200000, 0x00000000d4200000, 0x00000000d4300000|  0%| F|  |TAMS 0x00000000d4200000, 0x00000000d4200000| Untracked 
| 323|0x00000000d4300000, 0x00000000d4300000, 0x00000000d4400000|  0%| F|  |TAMS 0x00000000d4300000, 0x00000000d4300000| Untracked 
| 324|0x00000000d4400000, 0x00000000d4400000, 0x00000000d4500000|  0%| F|  |TAMS 0x00000000d4400000, 0x00000000d4400000| Untracked 
| 325|0x00000000d4500000, 0x00000000d4500000, 0x00000000d4600000|  0%| F|  |TAMS 0x00000000d4500000, 0x00000000d4500000| Untracked 
| 326|0x00000000d4600000, 0x00000000d4600000, 0x00000000d4700000|  0%| F|  |TAMS 0x00000000d4600000, 0x00000000d4600000| Untracked 
| 327|0x00000000d4700000, 0x00000000d4700000, 0x00000000d4800000|  0%| F|  |TAMS 0x00000000d4700000, 0x00000000d4700000| Untracked 
| 328|0x00000000d4800000, 0x00000000d4800000, 0x00000000d4900000|  0%| F|  |TAMS 0x00000000d4800000, 0x00000000d4800000| Untracked 
| 329|0x00000000d4900000, 0x00000000d4900000, 0x00000000d4a00000|  0%| F|  |TAMS 0x00000000d4900000, 0x00000000d4900000| Untracked 
| 330|0x00000000d4a00000, 0x00000000d4a00000, 0x00000000d4b00000|  0%| F|  |TAMS 0x00000000d4a00000, 0x00000000d4a00000| Untracked 
| 331|0x00000000d4b00000, 0x00000000d4b00000, 0x00000000d4c00000|  0%| F|  |TAMS 0x00000000d4b00000, 0x00000000d4b00000| Untracked 
| 332|0x00000000d4c00000, 0x00000000d4c00000, 0x00000000d4d00000|  0%| F|  |TAMS 0x00000000d4c00000, 0x00000000d4c00000| Untracked 

Card table byte_map: [0x0000021edd560000,0x0000021edd760000] _byte_map_base: 0x0000021edcf60000

Marking Bits (Prev, Next): (CMBitMap*) 0x0000021ed6bd72a0, (CMBitMap*) 0x0000021ed6bd7260
 Prev Bits: [0x0000021ede960000, 0x0000021edf960000)
 Next Bits: [0x0000021edd960000, 0x0000021ede960000)

Polling page: 0x0000021ed6c50000

Metaspace:

Usage:
  Non-class:     37.76 MB used.
      Class:      5.46 MB used.
       Both:     43.23 MB used.

Virtual space:
  Non-class space:       64.00 MB reserved,      38.00 MB ( 59%) committed,  1 nodes.
      Class space:        1.00 GB reserved,       5.69 MB ( <1%) committed,  1 nodes.
             Both:        1.06 GB reserved,      43.69 MB (  4%) committed. 

Chunk freelists:
   Non-Class:  9.64 MB
       Class:  10.31 MB
        Both:  19.95 MB

MaxMetaspaceSize: unlimited
CompressedClassSpaceSize: 1.00 GB
Initial GC threshold: 21.00 MB
Current GC threshold: 70.44 MB
CDS: off
MetaspaceReclaimPolicy: balanced
 - commit_granule_bytes: 65536.
 - commit_granule_words: 8192.
 - virtual_space_node_default_size: 8388608.
 - enlarge_chunks_in_place: 1.
 - new_chunks_are_fully_committed: 0.
 - uncommit_free_chunks: 1.
 - use_allocation_guard: 0.
 - handle_deallocations: 1.


Internal statistics:

num_allocs_failed_limit: 8.
num_arena_births: 542.
num_arena_deaths: 0.
num_vsnodes_births: 2.
num_vsnodes_deaths: 0.
num_space_committed: 699.
num_space_uncommitted: 0.
num_chunks_returned_to_freelist: 8.
num_chunks_taken_from_freelist: 1921.
num_chunk_merges: 8.
num_chunk_splits: 1323.
num_chunks_enlarged: 990.
num_inconsistent_stats: 0.

CodeCache: size=49152Kb used=10431Kb max_used=10431Kb free=38721Kb
 bounds [0x0000021ed9840000, 0x0000021eda270000, 0x0000021edc840000]
 total_blobs=5169 nmethods=4596 adapters=497
 compilation: enabled
              stopped_count=0, restarted_count=0
 full_count=0

Compilation events (20 events):
Event: 4.517 Thread 0x0000021ee7d87ca0 4586       1       java.util.concurrent.locks.ReentrantLock$NonfairSync::tryAcquire (27 bytes)
Event: 4.518 Thread 0x0000021ee7d87ca0 nmethod 4586 0x0000021eda268290 code [0x0000021eda268420, 0x0000021eda268598]
Event: 4.518 Thread 0x0000021ee26bb600 4587       1       java.util.concurrent.ConcurrentHashMap::resizeStamp (9 bytes)
Event: 4.519 Thread 0x0000021ee26bb600 nmethod 4587 0x0000021eda268610 code [0x0000021eda2687a0, 0x0000021eda268868]
Event: 4.547 Thread 0x0000021ee26bb600 4588       1       java.util.regex.Pattern::group0 (1097 bytes)
Event: 4.547 Thread 0x0000021ee28be710 4589       1       java.util.regex.Pattern::createGroup (86 bytes)
Event: 4.547 Thread 0x0000021ee7d87ca0 4590       1       java.util.regex.Pattern$GroupHead::<init> (10 bytes)
Event: 4.547 Thread 0x0000021ee28c5080 4591       1       java.util.regex.Pattern$GroupTail::<init> (17 bytes)
Event: 4.547 Thread 0x0000021ee28c5080 nmethod 4591 0x0000021eda268f10 code [0x0000021eda2690a0, 0x0000021eda2691d8]
Event: 4.547 Thread 0x0000021ee28c5080 4592       1       java.util.regex.Pattern::accept (43 bytes)
Event: 4.547 Thread 0x0000021ee7d87ca0 nmethod 4590 0x0000021eda269290 code [0x0000021eda269420, 0x0000021eda269558]
Event: 4.547 Thread 0x0000021ee28be710 nmethod 4589 0x0000021eda269610 code [0x0000021eda2697c0, 0x0000021eda269c18]
Event: 4.547 Thread 0x0000021ee28c5080 nmethod 4592 0x0000021eda269d90 code [0x0000021eda269f40, 0x0000021eda26a138]
Event: 4.559 Thread 0x0000021ee26bb600 nmethod 4588 0x0000021eda26a590 code [0x0000021eda26ac00, 0x0000021eda26d8b8]
Event: 4.578 Thread 0x0000021ee26bb600 4593       1       java.util.concurrent.atomic.AtomicReference::<init> (5 bytes)
Event: 4.578 Thread 0x0000021ee26bb600 nmethod 4593 0x0000021eda26ed90 code [0x0000021eda26ef20, 0x0000021eda26efd8]
Event: 4.590 Thread 0x0000021ee26bb600 4594       1       nonapi.io.github.classgraph.concurrency.InterruptionChecker::check (27 bytes)
Event: 4.590 Thread 0x0000021ee7d87ca0 4595       1       nonapi.io.github.classgraph.concurrency.InterruptionChecker::getExecutionException (11 bytes)
Event: 4.615 Thread 0x0000021ee7d87ca0 nmethod 4595 0x0000021eda26f090 code [0x0000021eda26f220, 0x0000021eda26f318]
Event: 4.615 Thread 0x0000021ee26bb600 nmethod 4594 0x0000021eda26f410 code [0x0000021eda26f5c0, 0x0000021eda26f798]

GC Heap History (20 events):
Event: 4.124 GC heap after
{Heap after GC invocations=16 (full 0):
 garbage-first heap   total 113664K, used 55415K [0x00000000c0000000, 0x0000000100000000)
  region size 1024K, 6 young (6144K), 6 survivors (6144K)
 Metaspace       used 40625K, committed 41024K, reserved 1114112K
  class space    used 5305K, committed 5504K, reserved 1048576K
}
Event: 4.127 GC heap before
{Heap before GC invocations=16 (full 0):
 garbage-first heap   total 113664K, used 56439K [0x00000000c0000000, 0x0000000100000000)
  region size 1024K, 7 young (7168K), 6 survivors (6144K)
 Metaspace       used 40635K, committed 41024K, reserved 1114112K
  class space    used 5308K, committed 5504K, reserved 1048576K
}
Event: 4.130 GC heap after
{Heap after GC invocations=17 (full 0):
 garbage-first heap   total 113664K, used 56653K [0x00000000c0000000, 0x0000000100000000)
  region size 1024K, 1 young (1024K), 1 survivors (1024K)
 Metaspace       used 40635K, committed 41024K, reserved 1114112K
  class space    used 5308K, committed 5504K, reserved 1048576K
}
Event: 4.174 GC heap before
{Heap before GC invocations=17 (full 0):
 garbage-first heap   total 113664K, used 82253K [0x00000000c0000000, 0x0000000100000000)
  region size 1024K, 27 young (27648K), 1 survivors (1024K)
 Metaspace       used 41304K, committed 41728K, reserved 1114112K
  class space    used 5350K, committed 5568K, reserved 1048576K
}
Event: 4.176 GC heap after
{Heap after GC invocations=18 (full 0):
 garbage-first heap   total 113664K, used 61239K [0x00000000c0000000, 0x0000000100000000)
  region size 1024K, 4 young (4096K), 4 survivors (4096K)
 Metaspace       used 41304K, committed 41728K, reserved 1114112K
  class space    used 5350K, committed 5568K, reserved 1048576K
}
Event: 4.277 GC heap before
{Heap before GC invocations=19 (full 0):
 garbage-first heap   total 113664K, used 85815K [0x00000000c0000000, 0x0000000100000000)
  region size 1024K, 28 young (28672K), 4 survivors (4096K)
 Metaspace       used 42380K, committed 42816K, reserved 1114112K
  class space    used 5448K, committed 5632K, reserved 1048576K
}
Event: 4.283 GC heap after
{Heap after GC invocations=20 (full 0):
 garbage-first heap   total 113664K, used 70387K [0x00000000c0000000, 0x0000000100000000)
  region size 1024K, 4 young (4096K), 4 survivors (4096K)
 Metaspace       used 42380K, committed 42816K, reserved 1114112K
  class space    used 5448K, committed 5632K, reserved 1048576K
}
Event: 4.284 GC heap before
{Heap before GC invocations=20 (full 0):
 garbage-first heap   total 113664K, used 71411K [0x00000000c0000000, 0x0000000100000000)
  region size 1024K, 5 young (5120K), 4 survivors (4096K)
 Metaspace       used 42380K, committed 42816K, reserved 1114112K
  class space    used 5448K, committed 5632K, reserved 1048576K
}
Event: 4.287 GC heap after
{Heap after GC invocations=21 (full 0):
 garbage-first heap   total 113664K, used 71028K [0x00000000c0000000, 0x0000000100000000)
  region size 1024K, 1 young (1024K), 1 survivors (1024K)
 Metaspace       used 42380K, committed 42816K, reserved 1114112K
  class space    used 5448K, committed 5632K, reserved 1048576K
}
Event: 4.324 GC heap before
{Heap before GC invocations=21 (full 0):
 garbage-first heap   total 113664K, used 88436K [0x00000000c0000000, 0x0000000100000000)
  region size 1024K, 17 young (17408K), 1 survivors (1024K)
 Metaspace       used 42502K, committed 43008K, reserved 1114112K
  class space    used 5470K, committed 5696K, reserved 1048576K
}
Event: 4.329 GC heap after
{Heap after GC invocations=22 (full 0):
 garbage-first heap   total 340992K, used 78092K [0x00000000c0000000, 0x0000000100000000)
  region size 1024K, 3 young (3072K), 3 survivors (3072K)
 Metaspace       used 42502K, committed 43008K, reserved 1114112K
  class space    used 5470K, committed 5696K, reserved 1048576K
}
Event: 4.425 GC heap before
{Heap before GC invocations=23 (full 0):
 garbage-first heap   total 321536K, used 226572K [0x00000000c0000000, 0x0000000100000000)
  region size 1024K, 149 young (152576K), 3 survivors (3072K)
 Metaspace       used 42887K, committed 43392K, reserved 1114112K
  class space    used 5505K, committed 5696K, reserved 1048576K
}
Event: 4.442 GC heap after
{Heap after GC invocations=24 (full 0):
 garbage-first heap   total 321536K, used 94476K [0x00000000c0000000, 0x0000000100000000)
  region size 1024K, 19 young (19456K), 19 survivors (19456K)
 Metaspace       used 42887K, committed 43392K, reserved 1114112K
  class space    used 5505K, committed 5696K, reserved 1048576K
}
Event: 4.444 GC heap before
{Heap before GC invocations=24 (full 0):
 garbage-first heap   total 321536K, used 95500K [0x00000000c0000000, 0x0000000100000000)
  region size 1024K, 21 young (21504K), 19 survivors (19456K)
 Metaspace       used 42903K, committed 43392K, reserved 1114112K
  class space    used 5505K, committed 5696K, reserved 1048576K
}
Event: 4.459 GC heap after
{Heap after GC invocations=25 (full 0):
 garbage-first heap   total 321536K, used 94466K [0x00000000c0000000, 0x0000000100000000)
  region size 1024K, 2 young (2048K), 2 survivors (2048K)
 Metaspace       used 42903K, committed 43392K, reserved 1114112K
  class space    used 5505K, committed 5696K, reserved 1048576K
}
Event: 4.492 GC heap before
{Heap before GC invocations=25 (full 0):
 garbage-first heap   total 321536K, used 232706K [0x00000000c0000000, 0x0000000100000000)
  region size 1024K, 138 young (141312K), 2 survivors (2048K)
 Metaspace       used 43347K, committed 43776K, reserved 1114112K
  class space    used 5531K, committed 5696K, reserved 1048576K
}
Event: 4.495 GC heap after
{Heap after GC invocations=26 (full 0):
 garbage-first heap   total 321536K, used 98425K [0x00000000c0000000, 0x0000000100000000)
  region size 1024K, 6 young (6144K), 6 survivors (6144K)
 Metaspace       used 43347K, committed 43776K, reserved 1114112K
  class space    used 5531K, committed 5696K, reserved 1048576K
}
Event: 4.541 GC heap before
{Heap before GC invocations=26 (full 0):
 garbage-first heap   total 321536K, used 238713K [0x00000000c0000000, 0x0000000100000000)
  region size 1024K, 144 young (147456K), 6 survivors (6144K)
 Metaspace       used 43926K, committed 44416K, reserved 1114112K
  class space    used 5560K, committed 5760K, reserved 1048576K
}
Event: 4.545 GC heap after
{Heap after GC invocations=27 (full 0):
 garbage-first heap   total 321536K, used 104573K [0x00000000c0000000, 0x0000000100000000)
  region size 1024K, 12 young (12288K), 12 survivors (12288K)
 Metaspace       used 43926K, committed 44416K, reserved 1114112K
  class space    used 5560K, committed 5760K, reserved 1048576K
}
Event: 4.620 GC heap before
{Heap before GC invocations=27 (full 0):
 garbage-first heap   total 321536K, used 245885K [0x00000000c0000000, 0x0000000100000000)
  region size 1024K, 151 young (154624K), 12 survivors (12288K)
 Metaspace       used 44262K, committed 44736K, reserved 1114112K
  class space    used 5596K, committed 5824K, reserved 1048576K
}

Dll operation events (7 events):
Event: 0.012 Loaded shared library c:\Users\khami\.vscode\extensions\redhat.java-1.20.0-win32-x64\jre\17.0.7-win32-x86_64\bin\java.dll
Event: 0.351 Loaded shared library C:\Users\khami\.vscode\extensions\redhat.java-1.20.0-win32-x64\jre\17.0.7-win32-x86_64\bin\net.dll
Event: 0.353 Loaded shared library C:\Users\khami\.vscode\extensions\redhat.java-1.20.0-win32-x64\jre\17.0.7-win32-x86_64\bin\nio.dll
Event: 0.364 Loaded shared library C:\Users\khami\.vscode\extensions\redhat.java-1.20.0-win32-x64\jre\17.0.7-win32-x86_64\bin\zip.dll
Event: 0.726 Loaded shared library C:\Users\khami\.vscode\extensions\redhat.java-1.20.0-win32-x64\jre\17.0.7-win32-x86_64\bin\jimage.dll
Event: 3.491 Loaded shared library C:\Users\khami\.vscode\extensions\redhat.java-1.20.0-win32-x64\jre\17.0.7-win32-x86_64\bin\management.dll
Event: 3.495 Loaded shared library C:\Users\khami\.vscode\extensions\redhat.java-1.20.0-win32-x64\jre\17.0.7-win32-x86_64\bin\management_ext.dll

Deoptimization events (10 events):
Event: 2.208 Thread 0x0000021ed521e4a0 DEOPT PACKING pc=0x0000021ed9e43599 sp=0x0000004d90efd550
Event: 2.208 Thread 0x0000021ed521e4a0 DEOPT UNPACKING pc=0x0000021ed9897143 sp=0x0000004d90efca30 mode 3
Event: 3.709 Thread 0x0000021ee855f070 DEOPT PACKING pc=0x0000021eda02c1b5 sp=0x0000004d933fd740
Event: 3.709 Thread 0x0000021ee855f070 DEOPT UNPACKING pc=0x0000021ed9897143 sp=0x0000004d933fcc58 mode 3
Event: 3.735 Thread 0x0000021ee8512c90 DEOPT PACKING pc=0x0000021ed9deb701 sp=0x0000004d932fd640
Event: 3.735 Thread 0x0000021ee8512c90 DEOPT UNPACKING pc=0x0000021ed9897143 sp=0x0000004d932fcad0 mode 3
Event: 3.738 Thread 0x0000021ee855f070 DEOPT PACKING pc=0x0000021ed9dc7797 sp=0x0000004d933ff3b0
Event: 3.738 Thread 0x0000021ee855f070 DEOPT UNPACKING pc=0x0000021ed9897143 sp=0x0000004d933fe808 mode 3
Event: 3.817 Thread 0x0000021ee8586100 DEOPT PACKING pc=0x0000021eda04d92b sp=0x0000004d938fe740
Event: 3.817 Thread 0x0000021ee8586100 DEOPT UNPACKING pc=0x0000021ed9897143 sp=0x0000004d938fdc88 mode 3

Classes unloaded (0 events):
No events

Classes redefined (0 events):
No events

Internal exceptions (20 events):
Event: 3.955 Thread 0x0000021ee866aeb0 Exception <a 'sun/nio/fs/WindowsException'{0x00000000cfd4dc70}> (0x00000000cfd4dc70) 
thrown [s\src\hotspot\share\prims\jni.cpp, line 516]
Event: 3.956 Thread 0x0000021ee8587910 Exception <a 'sun/nio/fs/WindowsException'{0x00000000cfd98ff0}> (0x00000000cfd98ff0) 
thrown [s\src\hotspot\share\prims\jni.cpp, line 516]
Event: 3.956 Thread 0x0000021ee8583f50 Exception <a 'sun/nio/fs/WindowsException'{0x00000000cfd6a370}> (0x00000000cfd6a370) 
thrown [s\src\hotspot\share\prims\jni.cpp, line 516]
Event: 3.957 Thread 0x0000021ee8670080 Exception <a 'sun/nio/fs/WindowsException'{0x00000000c4d15aa8}> (0x00000000c4d15aa8) 
thrown [s\src\hotspot\share\prims\jni.cpp, line 516]
Event: 3.957 Thread 0x0000021ee866aeb0 Exception <a 'sun/nio/fs/WindowsException'{0x00000000cfd50490}> (0x00000000cfd50490) 
thrown [s\src\hotspot\share\prims\jni.cpp, line 516]
Event: 3.958 Thread 0x0000021ee86713c0 Exception <a 'sun/nio/fs/WindowsException'{0x00000000c4ca3e10}> (0x00000000c4ca3e10) 
thrown [s\src\hotspot\share\prims\jni.cpp, line 516]
Event: 4.034 Thread 0x0000021ee86713c0 Exception <a 'sun/nio/fs/WindowsException'{0x00000000c4021868}> (0x00000000c4021868) 
thrown [s\src\hotspot\share\prims\jni.cpp, line 516]
Event: 4.035 Thread 0x0000021ee86713c0 Exception <a 'sun/nio/fs/WindowsException'{0x00000000c40223c8}> (0x00000000c40223c8) 
thrown [s\src\hotspot\share\prims\jni.cpp, line 516]
Event: 4.035 Thread 0x0000021ee86713c0 Exception <a 'sun/nio/fs/WindowsException'{0x00000000c4022ee8}> (0x00000000c4022ee8) 
thrown [s\src\hotspot\share\prims\jni.cpp, line 516]
Event: 4.035 Thread 0x0000021ee86713c0 Exception <a 'sun/nio/fs/WindowsException'{0x00000000c4023a48}> (0x00000000c4023a48) 
thrown [s\src\hotspot\share\prims\jni.cpp, line 516]
Event: 4.035 Thread 0x0000021ee86713c0 Exception <a 'sun/nio/fs/WindowsException'{0x00000000c4024670}> (0x00000000c4024670) 
thrown [s\src\hotspot\share\prims\jni.cpp, line 516]
Event: 4.035 Thread 0x0000021ee86713c0 Exception <a 'sun/nio/fs/WindowsException'{0x00000000c4025338}> (0x00000000c4025338) 
thrown [s\src\hotspot\share\prims\jni.cpp, line 516]
Event: 4.036 Thread 0x0000021ee86713c0 Exception <a 'sun/nio/fs/WindowsException'{0x00000000c40b4610}> (0x00000000c40b4610) 
thrown [s\src\hotspot\share\prims\jni.cpp, line 516]
Event: 4.036 Thread 0x0000021ee86713c0 Exception <a 'sun/nio/fs/WindowsException'{0x00000000c40b5170}> (0x00000000c40b5170) 
thrown [s\src\hotspot\share\prims\jni.cpp, line 516]
Event: 4.036 Thread 0x0000021ee86713c0 Exception <a 'sun/nio/fs/WindowsException'{0x00000000c40b5c90}> (0x00000000c40b5c90) 
thrown [s\src\hotspot\share\prims\jni.cpp, line 516]
Event: 4.036 Thread 0x0000021ee86713c0 Exception <a 'sun/nio/fs/WindowsException'{0x00000000c40b67f0}> (0x00000000c40b67f0) 
thrown [s\src\hotspot\share\prims\jni.cpp, line 516]
Event: 4.036 Thread 0x0000021ee86713c0 Exception <a 'sun/nio/fs/WindowsException'{0x00000000c40b7418}> (0x00000000c40b7418) 
thrown [s\src\hotspot\share\prims\jni.cpp, line 516]
Event: 4.036 Thread 0x0000021ee86713c0 Exception <a 'sun/nio/fs/WindowsException'{0x00000000c40b80e0}> (0x00000000c40b80e0) 
thrown [s\src\hotspot\share\prims\jni.cpp, line 516]
Event: 4.261 Thread 0x0000021ee866fbb0 Exception <a 'java/lang/NoSuchMethodError'{0x00000000c5f958c8}: 'java.lang.Object java.lang.invoke.Invokers$Holder.invoke_MT(java.lang.Object, java.lang.Object, java.lang.Object)'> (0x00000000c5f958c8) 
thrown [s\src\hotspot\share\interpreter\linkResolver.cpp, line 759]
Event: 4.616 Thread 0x0000021ee8672700 Exception <a 'java/lang/NoSuchMethodError'{0x00000000cd2e9120}: 'void java.lang.invoke.DirectMethodHandle$Holder.invokeVirtual(java.lang.Object, java.lang.Object, java.lang.Object, java.lang.Object)'> (0x00000000cd2e9120) 
thrown [s\src\hotspot\share\interpreter\linkResolver.cpp, line 759]

VM Operations (20 events):
Event: 4.424 Executing VM operation: HandshakeAllThreads done
Event: 4.424 Executing VM operation: G1CollectForAllocation
Event: 4.424 Executing VM operation: G1CollectForAllocation done
Event: 4.425 Executing VM operation: G1CollectForAllocation
Event: 4.442 Executing VM operation: G1CollectForAllocation done
Event: 4.443 Executing VM operation: G1CollectForAllocation
Event: 4.443 Executing VM operation: G1CollectForAllocation done
Event: 4.444 Executing VM operation: G1CollectForAllocation
Event: 4.459 Executing VM operation: G1CollectForAllocation done
Event: 4.492 Executing VM operation: G1CollectForAllocation
Event: 4.492 Executing VM operation: G1CollectForAllocation done
Event: 4.492 Executing VM operation: G1CollectForAllocation
Event: 4.495 Executing VM operation: G1CollectForAllocation done
Event: 4.540 Executing VM operation: G1CollectForAllocation
Event: 4.541 Executing VM operation: G1CollectForAllocation done
Event: 4.541 Executing VM operation: G1CollectForAllocation
Event: 4.545 Executing VM operation: G1CollectForAllocation done
Event: 4.583 Executing VM operation: HandshakeAllThreads
Event: 4.614 Executing VM operation: HandshakeAllThreads done
Event: 4.617 Executing VM operation: G1CollectForAllocation

Events (20 events):
Event: 4.294 loading class java/nio/file/Files$3
Event: 4.294 loading class java/nio/file/Files$3 done
Event: 4.294 loading class java/nio/file/FileVisitResult
Event: 4.294 loading class java/nio/file/FileVisitResult done
Event: 4.314 loading class java/nio/channels/Channels$ReadableByteChannelImpl
Event: 4.314 loading class java/nio/channels/Channels$ReadableByteChannelImpl done
Event: 4.314 loading class java/nio/channels/NonWritableChannelException
Event: 4.315 loading class java/nio/channels/NonWritableChannelException done
Event: 4.487 Thread 0x0000021ee8670550 Thread added: 0x0000021ee8670550
Event: 4.500 loading class sun/util/ResourceBundleEnumeration
Event: 4.500 loading class sun/util/ResourceBundleEnumeration done
Event: 4.525 loading class java/util/concurrent/CompletionException
Event: 4.525 loading class java/util/concurrent/CompletionException done
Event: 4.525 loading class java/lang/AbstractMethodError
Event: 4.526 loading class java/lang/AbstractMethodError done
Event: 4.526 Thread 0x0000021ee8672700 Thread added: 0x0000021ee8672700
Event: 4.547 loading class java/time/format/DateTimeFormatterBuilder$ZoneTextPrinterParser
Event: 4.547 loading class java/time/format/DateTimeFormatterBuilder$ZoneTextPrinterParser done
Event: 4.547 loading class java/time/format/DateTimeFormatterBuilder$ReducedPrinterParser
Event: 4.548 loading class java/time/format/DateTimeFormatterBuilder$ReducedPrinterParser done


Dynamic libraries:
0x00007ff69d5c0000 - 0x00007ff69d5ce000 	c:\Users\khami\.vscode\extensions\redhat.java-1.20.0-win32-x64\jre\17.0.7-win32-x86_64\bin\java.exe
0x00007ffb9e820000 - 0x00007ffb9ea4b000 	C:\WINDOWS\SYSTEM32\ntdll.dll
0x00007ffb9cef0000 - 0x00007ffb9cfb6000 	C:\WINDOWS\System32\KERNEL32.DLL
0x00007ffb9bc50000 - 0x00007ffb9bfae000 	C:\WINDOWS\System32\KERNELBASE.dll
0x00007ffb9bfc0000 - 0x00007ffb9c0f3000 	C:\WINDOWS\System32\ucrtbase.dll
0x00007ffb4b380000 - 0x00007ffb4b399000 	c:\Users\khami\.vscode\extensions\redhat.java-1.20.0-win32-x64\jre\17.0.7-win32-x86_64\bin\VCRUNTIME140.dll
0x00007ffb83470000 - 0x00007ffb83487000 	c:\Users\khami\.vscode\extensions\redhat.java-1.20.0-win32-x64\jre\17.0.7-win32-x86_64\bin\jli.dll
0x00007ffb9e1c0000 - 0x00007ffb9e371000 	C:\WINDOWS\System32\USER32.dll
0x00007ffb9c2b0000 - 0x00007ffb9c2d7000 	C:\WINDOWS\System32\win32u.dll
0x00007ffb9c680000 - 0x00007ffb9c6a9000 	C:\WINDOWS\System32\GDI32.dll
0x00007ffb7aee0000 - 0x00007ffb7b171000 	C:\WINDOWS\WinSxS\amd64_microsoft.windows.common-controls_6595b64144ccf1df_6.0.25905.1000_none_87b90b8fab340372\COMCTL32.dll
0x00007ffb9c180000 - 0x00007ffb9c29f000 	C:\WINDOWS\System32\gdi32full.dll
0x00007ffb9c9f0000 - 0x00007ffb9ca97000 	C:\WINDOWS\System32\msvcrt.dll
0x00007ffb9c5b0000 - 0x00007ffb9c655000 	C:\WINDOWS\System32\msvcp_win.dll
0x00007ffb9e010000 - 0x00007ffb9e040000 	C:\WINDOWS\System32\IMM32.DLL
0x00007ffb96ec0000 - 0x00007ffb96ecc000 	c:\Users\khami\.vscode\extensions\redhat.java-1.20.0-win32-x64\jre\17.0.7-win32-x86_64\bin\vcruntime140_1.dll
0x00007ffb1f620000 - 0x00007ffb1f6b1000 	c:\Users\khami\.vscode\extensions\redhat.java-1.20.0-win32-x64\jre\17.0.7-win32-x86_64\bin\msvcp140.dll
0x00007ffaf35c0000 - 0x00007ffaf4208000 	c:\Users\khami\.vscode\extensions\redhat.java-1.20.0-win32-x64\jre\17.0.7-win32-x86_64\bin\server\jvm.dll
0x00007ffb9d040000 - 0x00007ffb9d0f0000 	C:\WINDOWS\System32\ADVAPI32.dll
0x00007ffb9cc90000 - 0x00007ffb9cd30000 	C:\WINDOWS\System32\sechost.dll
0x00007ffb9c6b0000 - 0x00007ffb9c7d5000 	C:\WINDOWS\System32\RPCRT4.dll
0x00007ffb96ea0000 - 0x00007ffb96ea9000 	C:\WINDOWS\SYSTEM32\WSOCK32.dll
0x00007ffb9cc10000 - 0x00007ffb9cc83000 	C:\WINDOWS\System32\WS2_32.dll
0x00007ffb94370000 - 0x00007ffb943a4000 	C:\WINDOWS\SYSTEM32\WINMM.dll
0x00007ffb93a40000 - 0x00007ffb93a4a000 	C:\WINDOWS\SYSTEM32\VERSION.dll
0x00007ffb9abb0000 - 0x00007ffb9abc8000 	C:\WINDOWS\SYSTEM32\kernel.appcore.dll
0x00007ffb68ef0000 - 0x00007ffb68efa000 	c:\Users\khami\.vscode\extensions\redhat.java-1.20.0-win32-x64\jre\17.0.7-win32-x86_64\bin\jimage.dll
0x00007ffb99460000 - 0x00007ffb99695000 	C:\WINDOWS\SYSTEM32\DBGHELP.DLL
0x00007ffb9e460000 - 0x00007ffb9e7db000 	C:\WINDOWS\System32\combase.dll
0x00007ffb9e050000 - 0x00007ffb9e125000 	C:\WINDOWS\System32\OLEAUT32.dll
0x00007ffb75f60000 - 0x00007ffb75f98000 	C:\WINDOWS\SYSTEM32\dbgcore.DLL
0x00007ffb9c2e0000 - 0x00007ffb9c361000 	C:\WINDOWS\System32\bcryptPrimitives.dll
0x00007ffb46a10000 - 0x00007ffb46a35000 	c:\Users\khami\.vscode\extensions\redhat.java-1.20.0-win32-x64\jre\17.0.7-win32-x86_64\bin\java.dll
0x00007ffb4a7b0000 - 0x00007ffb4a7c8000 	c:\Users\khami\.vscode\extensions\redhat.java-1.20.0-win32-x64\jre\17.0.7-win32-x86_64\bin\zip.dll
0x00007ffb9d810000 - 0x00007ffb9df83000 	C:\WINDOWS\System32\SHELL32.dll
0x00007ffb999f0000 - 0x00007ffb9a242000 	C:\WINDOWS\SYSTEM32\windows.storage.dll
0x00007ffb9e380000 - 0x00007ffb9e453000 	C:\WINDOWS\System32\SHCORE.dll
0x00007ffb9cfe0000 - 0x00007ffb9d03c000 	C:\WINDOWS\System32\shlwapi.dll
0x00007ffb9bb80000 - 0x00007ffb9bba3000 	C:\WINDOWS\SYSTEM32\profapi.dll
0x00007ffb4a6a0000 - 0x00007ffb4a6b9000 	C:\Users\khami\.vscode\extensions\redhat.java-1.20.0-win32-x64\jre\17.0.7-win32-x86_64\bin\net.dll
0x00007ffb945e0000 - 0x00007ffb946fb000 	C:\WINDOWS\SYSTEM32\WINHTTP.dll
0x00007ffb9b0e0000 - 0x00007ffb9b148000 	C:\WINDOWS\system32\mswsock.dll
0x00007ffb463d0000 - 0x00007ffb463e5000 	C:\Users\khami\.vscode\extensions\redhat.java-1.20.0-win32-x64\jre\17.0.7-win32-x86_64\bin\nio.dll
0x00007ffb9b3a0000 - 0x00007ffb9b3bb000 	C:\WINDOWS\SYSTEM32\CRYPTSP.dll
0x00007ffb9aab0000 - 0x00007ffb9aae7000 	C:\WINDOWS\system32\rsaenh.dll
0x00007ffb9b200000 - 0x00007ffb9b22a000 	C:\WINDOWS\SYSTEM32\USERENV.dll
0x00007ffb9b5f0000 - 0x00007ffb9b618000 	C:\WINDOWS\SYSTEM32\bcrypt.dll
0x00007ffb9b3c0000 - 0x00007ffb9b3cc000 	C:\WINDOWS\SYSTEM32\CRYPTBASE.dll
0x00007ffb9a4d0000 - 0x00007ffb9a4ff000 	C:\WINDOWS\SYSTEM32\IPHLPAPI.DLL
0x00007ffb9cfc0000 - 0x00007ffb9cfca000 	C:\WINDOWS\System32\NSI.dll
0x00007ffb948f0000 - 0x00007ffb94909000 	C:\WINDOWS\SYSTEM32\dhcpcsvc6.DLL
0x00007ffb94340000 - 0x00007ffb9435f000 	C:\WINDOWS\SYSTEM32\dhcpcsvc.DLL
0x00007ffb9a550000 - 0x00007ffb9a65f000 	C:\WINDOWS\SYSTEM32\DNSAPI.dll
0x00007ffb530b0000 - 0x00007ffb530b9000 	C:\Users\khami\.vscode\extensions\redhat.java-1.20.0-win32-x64\jre\17.0.7-win32-x86_64\bin\management.dll
0x00007ffb4fba0000 - 0x00007ffb4fbab000 	C:\Users\khami\.vscode\extensions\redhat.java-1.20.0-win32-x64\jre\17.0.7-win32-x86_64\bin\management_ext.dll
0x00007ffb9cfd0000 - 0x00007ffb9cfd8000 	C:\WINDOWS\System32\PSAPI.DLL

dbghelp: loaded successfully - version: 4.0.5 - missing functions: none
symbol engine: initialized successfully - sym options: 0x614 - pdb path: .;c:\Users\khami\.vscode\extensions\redhat.java-1.20.0-win32-x64\jre\17.0.7-win32-x86_64\bin;C:\WINDOWS\SYSTEM32;C:\WINDOWS\WinSxS\amd64_microsoft.windows.common-controls_6595b64144ccf1df_6.0.25905.1000_none_87b90b8fab340372;c:\Users\khami\.vscode\extensions\redhat.java-1.20.0-win32-x64\jre\17.0.7-win32-x86_64\bin\server

VM Arguments:
jvm_args: -XX:+HeapDumpOnOutOfMemoryError -Xmx1024m -Dsts.lsp.client=vscode -Dsts.log.file=/dev/null -XX:TieredStopAtLevel=1 -Xlog:jni+resolve=off -Dspring.config.location=file:c:\Users\khami\.vscode\extensions\vmware.vscode-spring-boot-1.47.0\language-server\BOOT-INF\classes\application.properties 
java_command: org.springframework.ide.vscode.boot.app.BootLanguageServerBootApp
java_class_path (initial): c:\Users\khami\.vscode\extensions\vmware.vscode-spring-boot-1.47.0\language-server\BOOT-INF\classes;c:\Users\khami\.vscode\extensions\vmware.vscode-spring-boot-1.47.0\language-server\BOOT-INF\lib\annotations-24.0.1.jar;c:\Users\khami\.vscode\extensions\vmware.vscode-spring-boot-1.47.0\language-server\BOOT-INF\lib\antlr-runtime-3.5.3.jar;c:\Users\khami\.vscode\extensions\vmware.vscode-spring-boot-1.47.0\language-server\BOOT-INF\lib\antlr4-4.11.1.jar;c:\Users\khami\.vscode\extensions\vmware.vscode-spring-boot-1.47.0\language-server\BOOT-INF\lib\antlr4-runtime-4.11.1.jar;c:\Users\khami\.vscode\extensions\vmware.vscode-spring-boot-1.47.0\language-server\BOOT-INF\lib\aopalliance-1.0.jar;c:\Users\khami\.vscode\extensions\vmware.vscode-spring-boot-1.47.0\language-server\BOOT-INF\lib\asm-9.5.jar;c:\Users\khami\.vscode\extensions\vmware.vscode-spring-boot-1.47.0\language-server\BOOT-INF\lib\asm-analysis-9.5.jar;c:\Users\khami\.vscode\extensions\vmware.vscode-spring-boot-1.47.0\language-server\BOOT-INF\lib\asm-tree-9.5.jar;c:\Users\khami\.vscode\extensions\vmware.vscode-spring-boot-1.47.0\language-server\BOOT-INF\lib\asm-util-9.5.jar;c:\Users\khami\.vscode\extensions\vmware.vscode-spring-boot-1.47.0\language-server\BOOT-INF\lib\auto-common-1.2.1.jar;c:\Users\khami\.vscode\extensions\vmware.vscode-spring-boot-1.47.0\language-server\BOOT-INF\lib\auto-value-annotations-1.9.jar;c:\Users\khami\.vscode\extensions\vmware.vscode-spring-boot-1.47.0\language-server\BOOT-INF\lib\caffeine-3.1.2.jar;c:\Users\khami\.vscode\extensions\vmware.vscode-spring-boot-1.47.0\language-server\BOOT-INF\lib\checker-qual-3.12.0.jar;c:\Users\khami\.vscode\extensions\vmware.vscode-spring-boot-1.47.0\language-server\BOOT-INF\lib\classgraph-4.8.149.jar;c:\Users\khami\.vscode\extensions\vmware.vscode-spring-boot-1.47.0\language-server\BOOT-INF\lib\commons-codec-1.15.jar;c:\Users\khami\.vscode\extensions\vmware.vscode-spring-boot-1.47.0\language-server\BOOT-INF\lib\commons-compres
Launcher Type: SUN_STANDARD

[Global flags]
     intx CICompilerCount                          = 4                                         {product} {ergonomic}
     uint ConcGCThreads                            = 3                                         {product} {ergonomic}
     uint G1ConcRefinementThreads                  = 10                                        {product} {ergonomic}
   size_t G1HeapRegionSize                         = 1048576                                   {product} {ergonomic}
    uintx GCDrainStackTargetSize                   = 64                                        {product} {ergonomic}
     bool HeapDumpOnOutOfMemoryError               = true                                   {manageable} {command line}
   size_t InitialHeapSize                          = 266338304                                 {product} {ergonomic}
   size_t MarkStackSize                            = 4194304                                   {product} {ergonomic}
   size_t MaxHeapSize                              = 1073741824                                {product} {command line}
   size_t MaxNewSize                               = 643825664                                 {product} {ergonomic}
   size_t MinHeapDeltaBytes                        = 1048576                                   {product} {ergonomic}
   size_t MinHeapSize                              = 8388608                                   {product} {ergonomic}
    uintx NonProfiledCodeHeapSize                  = 0                                      {pd product} {ergonomic}
     bool ProfileInterpreter                       = false                                  {pd product} {command line}
    uintx ProfiledCodeHeapSize                     = 0                                      {pd product} {ergonomic}
   size_t SoftMaxHeapSize                          = 1073741824                             {manageable} {ergonomic}
     intx TieredStopAtLevel                        = 1                                         {product} {command line}
     bool UseCompressedClassPointers               = true                           {product lp64_product} {ergonomic}
     bool UseCompressedOops                        = true                           {product lp64_product} {ergonomic}
     bool UseG1GC                                  = true                                      {product} {ergonomic}
     bool UseLargePagesIndividualAllocation        = false                                  {pd product} {ergonomic}

Logging:
Log output configuration:
 #0: stdout all=warning,jni+resolve=off uptime,level,tags
 #1: stderr all=off uptime,level,tags

Environment Variables:
JAVA_HOME=C:\Program Files\Eclipse Adoptium\jdk-11.0.19.7-hotspot\
PATH=C:\Program Files\Eclipse Adoptium\jdk-11.0.19.7-hotspot\bin;C:\Program Files\Java\jdk-11\bin;C:\Program Files\Common Files\Oracle\Java\javapath;C:\Program Files (x86)\Common Files\Oracle\Java\javapath;C:\Program Files\Microsoft\jdk-11.0.16.101-hotspot\bin;C:\Program Files\Eclipse Adoptium\jdk-8.0.362.9-hotspot\bin;C:\ProgramData\Oracle\Java\javapath;C:\Program Files\Microsoft MPI\Bin\;C:\windows\system32;C:\windows;C:\windows\System32\Wbem;C:\windows\System32\WindowsPowerShell\v1.0\;C:\windows\System32\OpenSSH\;C:\Program Files (x86)\NVIDIA Corporation\PhysX\Common;C:\Program Files\NVIDIA Corporation\NVIDIA NvDLISR;C:\WINDOWS\system32;C:\WINDOWS;C:\WINDOWS\System32\Wbem;C:\WINDOWS\System32\WindowsPowerShell\v1.0\;C:\WINDOWS\System32\OpenSSH\;C:\TDM-GCC-64\bin;C:\Program Files\Microsoft SQL Server\Client SDK\ODBC\170\Tools\Binn\;C:\Program Files (x86)\Microsoft SQL Server\150\Tools\Binn\;C:\Program Files\Microsoft SQL Server\150\Tools\Binn\;C:\Program Files\Microsoft SQL Server\150\DTS\Binn\;C:\Program Files (x86)\Microsoft SQL Server\150\DTS\Binn\;C:\Program Files\dotnet\;C:\Program Files\Git\cmd;C:\Program Files\Calibre2\;C:\Program Files\Cloudflare\Cloudflare WARP\;C:\Program Files\MySQL\MySQL Shell 8.0\bin\;C:\Users\khami\AppData\Local\Microsoft\WindowsApps;C:\Users\khami\AppData\Local\Programs\Microsoft VS Code\bin;;C:\Program Files\Azure Data Studio\bin;C:\Users\khami\.dotnet\tools
USERNAME=khami
OS=Windows_NT
PROCESSOR_IDENTIFIER=Intel64 Family 6 Model 165 Stepping 2, GenuineIntel
TMP=C:\Users\khami\AppData\Local\Temp
TEMP=C:\Users\khami\AppData\Local\Temp



---------------  S Y S T E M  ---------------

OS:
 Windows 11 , 64 bit Build 25905 (10.0.25905.1000)
OS uptime: 0 days 20:49 hours
Hyper-V role detected

CPU: total 12 (initial active 12) (6 cores per cpu, 2 threads per core) family 6 model 165 stepping 2 microcode 0xf0, cx8, cmov, fxsr, ht, mmx, 3dnowpref, sse, sse2, sse3, ssse3, sse4.1, sse4.2, popcnt, lzcnt, tsc, tscinvbit, avx, avx2, aes, erms, clmul, bmi1, bmi2, adx, fma, vzeroupper, clflush, clflushopt, hv

Memory: 4k page, system-wide physical 16160M (3603M free)
TotalPageFile size 16160M (AvailPageFile size 5M)
current process WorkingSet (physical memory assigned to process): 405M, peak: 411M
current process commit charge ("private bytes"): 501M, peak: 770M

vm_info: OpenJDK 64-Bit Server VM (17.0.7+7) for windows-amd64 JRE (17.0.7+7), built on Apr 18 2023 22:10:42 by "temurin" with MS VC++ 16.7 (VS2019)

END.
