#
# There is insufficient memory for the Java Runtime Environment to continue.
# Native memory allocation (malloc) failed to allocate 1783776 bytes for Chunk::new
# Possible reasons:
#   The system is out of physical RAM or swap space
#   The process is running with CompressedOops enabled, and the Java Heap may be blocking the growth of the native heap
# Possible solutions:
#   Reduce memory load on the system
#   Increase physical memory or swap space
#   Check if swap backing store is full
#   Decrease Java heap size (-Xmx/-Xms)
#   Decrease number of Java threads
#   Decrease Java thread stack sizes (-Xss)
#   Set larger code cache with -XX:ReservedCodeCacheSize=
#   JVM is running with Unscaled Compressed Oops mode in which the Java heap is
#     placed in the first 4GB address space. The Java Heap base address is the
#     maximum limit for the native heap growth. Please use -XX:HeapBaseMinAddress
#     to set the Java Heap base and to place the Java Heap above 4GB virtual address.
# This output file may be truncated or incomplete.
#
#  Out of Memory Error (arena.cpp:189), pid=16196, tid=10192
#
# JRE version: OpenJDK Runtime Environment Temurin-17.0.7+7 (17.0.7+7) (build 17.0.7+7)
# Java VM: OpenJDK 64-Bit Server VM Temurin-17.0.7+7 (17.0.7+7, mixed mode, tiered, compressed oops, compressed class ptrs, parallel gc, windows-amd64)
# No core dump will be written. Minidumps are not enabled by default on client versions of Windows
#

---------------  S U M M A R Y ------------

Command Line: --add-modules=ALL-SYSTEM --add-opens=java.base/java.util=ALL-UNNAMED --add-opens=java.base/java.lang=ALL-UNNAMED --add-opens=java.base/sun.nio.fs=ALL-UNNAMED -Declipse.application=org.eclipse.jdt.ls.core.id1 -Dosgi.bundles.defaultStartLevel=4 -Declipse.product=org.eclipse.jdt.ls.core.product -Djava.import.generatesMetadataFilesAtProjectRoot=false -Dfile.encoding=utf8 -XX:+UseParallelGC -XX:GCTimeRatio=4 -XX:AdaptiveSizePolicyWeight=90 -Dsun.zip.disableMemoryMapping=true -Xmx1G -Xms100m -Xlog:disable -javaagent:c:\Users\khami\.vscode\extensions\redhat.java-1.20.0-win32-x64\lombok\lombok-1.18.28.jar c:\Users\khami\.vscode\extensions\redhat.java-1.20.0-win32-x64\server\plugins\org.eclipse.equinox.launcher_1.6.500.v20230622-2056.jar -configuration c:\Users\khami\AppData\Roaming\Code\User\globalStorage\redhat.java\1.20.0\config_ss_win -data c:\Users\khami\AppData\Roaming\Code\User\workspaceStorage\6a2d3d3737832186bb7f3db857603596\redhat.java\ss_ws

Host: Intel(R) Core(TM) i7-10750H CPU @ 2.60GHz, 12 cores, 15G,  Windows 11 , 64 bit Build 25905 (10.0.25905.1000)
Time: Wed Jul 19 00:55:45 2023 SE Asia Standard Time elapsed time: 21.009366 seconds (0d 0h 0m 21s)

---------------  T H R E A D  ---------------

Current thread (0x0000015d24d385e0):  JavaThread "C2 CompilerThread2" daemon [_thread_in_native, id=10192, stack(0x0000005a00f00000,0x0000005a01000000)]


Current CompileTask:
C2:  21009 3963 %     4       org.objectweb.asm.ClassReader::readCode @ 2036 (5109 bytes)

Stack: [0x0000005a00f00000,0x0000005a01000000]
Native frames: (J=compiled Java code, j=interpreted, Vv=VM code, C=native code)
V  [jvm.dll+0x67754a]
V  [jvm.dll+0x834304]
V  [jvm.dll+0x835aae]
V  [jvm.dll+0x836113]
V  [jvm.dll+0x24696f]
V  [jvm.dll+0xac0ac]
V  [jvm.dll+0xac67c]
V  [jvm.dll+0x364e37]
V  [jvm.dll+0x32f6b1]
V  [jvm.dll+0x32eb5a]
V  [jvm.dll+0x219641]
V  [jvm.dll+0x218a61]
V  [jvm.dll+0x1a4d8d]
V  [jvm.dll+0x2284da]
V  [jvm.dll+0x226615]
V  [jvm.dll+0x7ea90b]
V  [jvm.dll+0x7e4e7a]
V  [jvm.dll+0x676395]
C  [ucrtbase.dll+0x609e1]
C  [KERNEL32.DLL+0x124d8]
C  [ntdll.dll+0x4091]


---------------  P R O C E S S  ---------------

Threads class SMR info:
_java_thread_list=0x0000015d25643320, length=28, elements={
0x0000015d07395280, 0x0000015d1d249180, 0x0000015d1d24df80, 0x0000015d0744e2e0,
0x0000015d225f7e10, 0x0000015d225f99e0, 0x0000015d225fdbd0, 0x0000015d226160f0,
0x0000015d22617ab0, 0x0000015d2261a3c0, 0x0000015d2270e290, 0x0000015d23c30710,
0x0000015d246f9d10, 0x0000015d242b9290, 0x0000015d242b9760, 0x0000015d244d4220,
0x0000015d247f6020, 0x0000015d24771ad0, 0x0000015d2476eab0, 0x0000015d2476ef80,
0x0000015d2476f450, 0x0000015d24771130, 0x0000015d24771600, 0x0000015d24771fa0,
0x0000015d24772470, 0x0000015d2476fdf0, 0x0000015d25896820, 0x0000015d24d385e0
}

Java Threads: ( => current thread )
  0x0000015d07395280 JavaThread "main" [_thread_blocked, id=15132, stack(0x0000005a7e500000,0x0000005a7e600000)]
  0x0000015d1d249180 JavaThread "Reference Handler" daemon [_thread_blocked, id=21296, stack(0x0000005a7e800000,0x0000005a7e900000)]
  0x0000015d1d24df80 JavaThread "Finalizer" daemon [_thread_blocked, id=4972, stack(0x0000005a7e900000,0x0000005a7ea00000)]
  0x0000015d0744e2e0 JavaThread "Signal Dispatcher" daemon [_thread_blocked, id=6924, stack(0x0000005a7ea00000,0x0000005a7eb00000)]
  0x0000015d225f7e10 JavaThread "Attach Listener" daemon [_thread_blocked, id=2080, stack(0x0000005a7eb00000,0x0000005a7ec00000)]
  0x0000015d225f99e0 JavaThread "Service Thread" daemon [_thread_blocked, id=16908, stack(0x0000005a7ec00000,0x0000005a7ed00000)]
  0x0000015d225fdbd0 JavaThread "Monitor Deflation Thread" daemon [_thread_blocked, id=15932, stack(0x0000005a7ed00000,0x0000005a7ee00000)]
  0x0000015d226160f0 JavaThread "C2 CompilerThread0" daemon [_thread_in_native, id=1460, stack(0x0000005a7ee00000,0x0000005a7ef00000)]
  0x0000015d22617ab0 JavaThread "C1 CompilerThread0" daemon [_thread_blocked, id=2580, stack(0x0000005a7ef00000,0x0000005a7f000000)]
  0x0000015d2261a3c0 JavaThread "Sweeper thread" daemon [_thread_blocked, id=20272, stack(0x0000005a7f000000,0x0000005a7f100000)]
  0x0000015d2270e290 JavaThread "Common-Cleaner" daemon [_thread_blocked, id=19784, stack(0x0000005a7f100000,0x0000005a7f200000)]
  0x0000015d23c30710 JavaThread "Notification Thread" daemon [_thread_blocked, id=5380, stack(0x0000005a7f200000,0x0000005a7f300000)]
  0x0000015d246f9d10 JavaThread "Active Thread: Equinox Container: ca1f0eb8-40b1-470e-bae8-cd99e020e376" [_thread_blocked, id=21772, stack(0x0000005a7fc00000,0x0000005a7fd00000)]
  0x0000015d242b9290 JavaThread "Framework Event Dispatcher: Equinox Container: ca1f0eb8-40b1-470e-bae8-cd99e020e376" daemon [_thread_blocked, id=10120, stack(0x0000005a7fd00000,0x0000005a7fe00000)]
  0x0000015d242b9760 JavaThread "Start Level: Equinox Container: ca1f0eb8-40b1-470e-bae8-cd99e020e376" daemon [_thread_blocked, id=9520, stack(0x0000005a7fe00000,0x0000005a7ff00000)]
  0x0000015d244d4220 JavaThread "SCR Component Actor" daemon [_thread_blocked, id=10320, stack(0x0000005a7ff00000,0x0000005a80000000)]
  0x0000015d247f6020 JavaThread "Worker-JM" [_thread_blocked, id=688, stack(0x0000005a00100000,0x0000005a00200000)]
  0x0000015d24771ad0 JavaThread "Worker-0" [_thread_blocked, id=24496, stack(0x0000005a00200000,0x0000005a00300000)]
  0x0000015d2476eab0 JavaThread "Worker-1" [_thread_blocked, id=22776, stack(0x0000005a00500000,0x0000005a00600000)]
  0x0000015d2476ef80 JavaThread "Worker-2" [_thread_blocked, id=19280, stack(0x0000005a00600000,0x0000005a00700000)]
  0x0000015d2476f450 JavaThread "Worker-3" [_thread_blocked, id=19412, stack(0x0000005a00800000,0x0000005a00900000)]
  0x0000015d24771130 JavaThread "JNA Cleaner" daemon [_thread_blocked, id=7992, stack(0x0000005a00900000,0x0000005a00a00000)]
  0x0000015d24771600 JavaThread "pool-2-thread-1" [_thread_blocked, id=12560, stack(0x0000005a00700000,0x0000005a00800000)]
  0x0000015d24771fa0 JavaThread "WorkspaceEventsHandler" [_thread_blocked, id=16800, stack(0x0000005a00000000,0x0000005a00100000)]
  0x0000015d24772470 JavaThread "pool-1-thread-1" [_thread_in_native, id=10216, stack(0x0000005a00c00000,0x0000005a00d00000)]
  0x0000015d2476fdf0 JavaThread "ForkJoinPool.commonPool-worker-1" daemon [_thread_in_vm, id=22500, stack(0x0000005a00d00000,0x0000005a00e00000)]
  0x0000015d25896820 JavaThread "C2 CompilerThread1" daemon [_thread_in_native, id=23616, stack(0x0000005a00e00000,0x0000005a00f00000)]
=>0x0000015d24d385e0 JavaThread "C2 CompilerThread2" daemon [_thread_in_native, id=10192, stack(0x0000005a00f00000,0x0000005a01000000)]

Other Threads:
  0x0000015d0741c140 VMThread "VM Thread" [stack: 0x0000005a7e700000,0x0000005a7e800000] [id=23268]
  0x0000015d2287f4a0 WatcherThread [stack: 0x0000005a7f300000,0x0000005a7f400000] [id=8580]
  0x0000015d073aa430 GCTaskThread "GC Thread#0" [stack: 0x0000005a7e600000,0x0000005a7e700000] [id=18076]
  0x0000015d23f46e20 GCTaskThread "GC Thread#1" [stack: 0x0000005a7f600000,0x0000005a7f700000] [id=22600]
  0x0000015d23f470d0 GCTaskThread "GC Thread#2" [stack: 0x0000005a7f700000,0x0000005a7f800000] [id=15804]
  0x0000015d23f47380 GCTaskThread "GC Thread#3" [stack: 0x0000005a7f800000,0x0000005a7f900000] [id=23540]
  0x0000015d24071b10 GCTaskThread "GC Thread#4" [stack: 0x0000005a7f900000,0x0000005a7fa00000] [id=15480]
  0x0000015d24071dc0 GCTaskThread "GC Thread#5" [stack: 0x0000005a7fa00000,0x0000005a7fb00000] [id=22648]
  0x0000015d24072070 GCTaskThread "GC Thread#6" [stack: 0x0000005a7fb00000,0x0000005a7fc00000] [id=11924]
  0x0000015d23e57f50 GCTaskThread "GC Thread#7" [stack: 0x0000005a7f500000,0x0000005a7f600000] [id=15140]
  0x0000015d247d9f20 GCTaskThread "GC Thread#8" [stack: 0x0000005a00300000,0x0000005a00400000] [id=6184]
  0x0000015d247da3e0 GCTaskThread "GC Thread#9" [stack: 0x0000005a00400000,0x0000005a00500000] [id=13592]

Threads with active compile tasks:
C2 CompilerThread0    21041 3943 %     4       org.objectweb.asm.SymbolTable::<init> @ 98 (536 bytes)
C2 CompilerThread1    21041 3897   !   4       org.eclipse.osgi.internal.loader.classpath.ClasspathManager::findLocalClass (210 bytes)
C2 CompilerThread2    21041 3963 %     4       org.objectweb.asm.ClassReader::readCode @ 2036 (5109 bytes)

VM state: not at safepoint (normal execution)

VM Mutex/Monitor currently owned by a thread: None

Heap address: 0x00000000c0000000, size: 1024 MB, Compressed Oops mode: 32-bit

CDS archive(s) not mapped
Compressed class space mapped at: 0x0000000100000000-0x0000000140000000, reserved size: 1073741824
Narrow klass base: 0x0000000000000000, Narrow klass shift: 3, Narrow klass range: 0x140000000

GC Precious Log:
 CPUs: 12 total, 12 available
 Memory: 16160M
 Large Page Support: Disabled
 NUMA Support: Disabled
 Compressed Oops: Enabled (32-bit)
 Alignments: Space 512K, Generation 512K, Heap 2M
 Heap Min Capacity: 100M
 Heap Initial Capacity: 100M
 Heap Max Capacity: 1G
 Pre-touch: Disabled
 Parallel Workers: 10

Heap:
 PSYoungGen      total 22528K, used 2488K [0x00000000eab00000, 0x00000000ec380000, 0x0000000100000000)
  eden space 22016K, 10% used [0x00000000eab00000,0x00000000ead3e370,0x00000000ec080000)
  from space 512K, 37% used [0x00000000ec300000,0x00000000ec330000,0x00000000ec380000)
  to   space 1024K, 0% used [0x00000000ec180000,0x00000000ec180000,0x00000000ec280000)
 ParOldGen       total 68608K, used 27171K [0x00000000c0000000, 0x00000000c4300000, 0x00000000eab00000)
  object space 68608K, 39% used [0x00000000c0000000,0x00000000c1a88f68,0x00000000c4300000)
 Metaspace       used 42210K, committed 42944K, reserved 1114112K
  class space    used 4318K, committed 4608K, reserved 1048576K

Card table byte_map: [0x0000015d1aae0000,0x0000015d1acf0000] _byte_map_base: 0x0000015d1a4e0000

Marking Bits: (ParMarkBitMap*) 0x00007ffaf38552c0
 Begin Bits: [0x0000015d1ae50000, 0x0000015d1be50000)
 End Bits:   [0x0000015d1be50000, 0x0000015d1ce50000)

Polling page: 0x0000015d07450000

Metaspace:

Usage:
  Non-class:     37.00 MB used.
      Class:      4.22 MB used.
       Both:     41.22 MB used.

Virtual space:
  Non-class space:       64.00 MB reserved,      37.44 MB ( 58%) committed,  1 nodes.
      Class space:        1.00 GB reserved,       4.50 MB ( <1%) committed,  1 nodes.
             Both:        1.06 GB reserved,      41.94 MB (  4%) committed. 

Chunk freelists:
   Non-Class:  10.48 MB
       Class:  11.33 MB
        Both:  21.81 MB

MaxMetaspaceSize: unlimited
CompressedClassSpaceSize: 1.00 GB
Initial GC threshold: 21.00 MB
Current GC threshold: 58.38 MB
CDS: off
MetaspaceReclaimPolicy: balanced
 - commit_granule_bytes: 65536.
 - commit_granule_words: 8192.
 - virtual_space_node_default_size: 8388608.
 - enlarge_chunks_in_place: 1.
 - new_chunks_are_fully_committed: 0.
 - uncommit_free_chunks: 1.
 - use_allocation_guard: 0.
 - handle_deallocations: 1.


Internal statistics:

num_allocs_failed_limit: 6.
num_arena_births: 304.
num_arena_deaths: 14.
num_vsnodes_births: 2.
num_vsnodes_deaths: 0.
num_space_committed: 671.
num_space_uncommitted: 0.
num_chunks_returned_to_freelist: 20.
num_chunks_taken_from_freelist: 1660.
num_chunk_merges: 10.
num_chunk_splits: 1107.
num_chunks_enlarged: 734.
num_inconsistent_stats: 0.

CodeHeap 'non-profiled nmethods': size=120000Kb used=2232Kb max_used=2232Kb free=117767Kb
 bounds [0x0000015d134c0000, 0x0000015d13730000, 0x0000015d1a9f0000]
CodeHeap 'profiled nmethods': size=120000Kb used=8348Kb max_used=8348Kb free=111651Kb
 bounds [0x0000015d0b9f0000, 0x0000015d0c220000, 0x0000015d12f20000]
CodeHeap 'non-nmethods': size=5760Kb used=1294Kb max_used=1330Kb free=4465Kb
 bounds [0x0000015d12f20000, 0x0000015d13190000, 0x0000015d134c0000]
 total_blobs=4618 nmethods=3997 adapters=534
 compilation: enabled
              stopped_count=0, restarted_count=0
 full_count=0

Compilation events (20 events):
Event: 18.880 Thread 0x0000015d22617ab0 3982       3       org.objectweb.asm.SymbolTable::hash (19 bytes)
Event: 18.881 Thread 0x0000015d22617ab0 nmethod 3982 0x0000015d0c1fb310 code [0x0000015d0c1fb4c0, 0x0000015d0c1fb658]
Event: 18.881 Thread 0x0000015d22617ab0 3983       3       org.objectweb.asm.ClassVisitor::visitInnerClass (20 bytes)
Event: 18.881 Thread 0x0000015d22617ab0 nmethod 3983 0x0000015d0c1fb790 code [0x0000015d0c1fb940, 0x0000015d0c1fbb48]
Event: 18.881 Thread 0x0000015d22617ab0 3984       3       org.objectweb.asm.ClassWriter::visitInnerClass (130 bytes)
Event: 18.881 Thread 0x0000015d22617ab0 nmethod 3984 0x0000015d0c1fbc10 code [0x0000015d0c1fbe60, 0x0000015d0c1fc5c8]
Event: 18.882 Thread 0x0000015d22617ab0 3985       3       org.objectweb.asm.SymbolTable::hash (23 bytes)
Event: 18.882 Thread 0x0000015d22617ab0 nmethod 3985 0x0000015d0c1fca10 code [0x0000015d0c1fcbc0, 0x0000015d0c1fcda8]
Event: 18.884 Thread 0x0000015d22617ab0 3987       3       java.util.Arrays$ArrayList::iterator (12 bytes)
Event: 18.884 Thread 0x0000015d22617ab0 nmethod 3987 0x0000015d0c1fcf10 code [0x0000015d0c1fd0c0, 0x0000015d0c1fd2f8]
Event: 18.884 Thread 0x0000015d22617ab0 3988       3       java.util.Arrays$ArrayItr::<init> (10 bytes)
Event: 18.884 Thread 0x0000015d22617ab0 nmethod 3988 0x0000015d0c1fd410 code [0x0000015d0c1fd5a0, 0x0000015d0c1fd718]
Event: 18.885 Thread 0x0000015d22617ab0 3989       3       org.objectweb.asm.MethodVisitor::visitCode (15 bytes)
Event: 18.885 Thread 0x0000015d22617ab0 nmethod 3989 0x0000015d0c1fd810 code [0x0000015d0c1fd9c0, 0x0000015d0c1fdbc8]
Event: 18.885 Thread 0x0000015d22617ab0 3990       3       org.objectweb.asm.MethodVisitor::visitMaxs (17 bytes)
Event: 18.885 Thread 0x0000015d22617ab0 nmethod 3990 0x0000015d0c1fdc90 code [0x0000015d0c1fde40, 0x0000015d0c1fe048]
Event: 18.885 Thread 0x0000015d22617ab0 3991       3       org.objectweb.asm.MethodVisitor::visitEnd (15 bytes)
Event: 18.885 Thread 0x0000015d22617ab0 nmethod 3991 0x0000015d0c1fe110 code [0x0000015d0c1fe2c0, 0x0000015d0c1fe4c8]
Event: 18.889 Thread 0x0000015d22617ab0 3992       3       org.objectweb.asm.SymbolTable::addConstantDynamicOrInvokeDynamicReference (34 bytes)
Event: 18.889 Thread 0x0000015d22617ab0 nmethod 3992 0x0000015d0c1fe590 code [0x0000015d0c1fe760, 0x0000015d0c1fe9e8]

GC Heap History (20 events):
Event: 11.532 GC heap before
{Heap before GC invocations=11 (full 2):
 PSYoungGen      total 27648K, used 24064K [0x00000000eab00000, 0x00000000ec980000, 0x0000000100000000)
  eden space 24064K, 100% used [0x00000000eab00000,0x00000000ec280000,0x00000000ec280000)
  from space 3584K, 0% used [0x00000000ec600000,0x00000000ec600000,0x00000000ec980000)
  to   space 3584K, 0% used [0x00000000ec280000,0x00000000ec280000,0x00000000ec600000)
 ParOldGen       total 68608K, used 11055K [0x00000000c0000000, 0x00000000c4300000, 0x00000000eab00000)
  object space 68608K, 16% used [0x00000000c0000000,0x00000000c0acbff8,0x00000000c4300000)
 Metaspace       used 36174K, committed 36864K, reserved 1114112K
  class space    used 3700K, committed 3968K, reserved 1048576K
}
Event: 11.535 GC heap after
{Heap after GC invocations=11 (full 2):
 PSYoungGen      total 26112K, used 2272K [0x00000000eab00000, 0x00000000ec800000, 0x0000000100000000)
  eden space 23552K, 0% used [0x00000000eab00000,0x00000000eab00000,0x00000000ec200000)
  from space 2560K, 88% used [0x00000000ec280000,0x00000000ec4b8020,0x00000000ec500000)
  to   space 3072K, 0% used [0x00000000ec500000,0x00000000ec500000,0x00000000ec800000)
 ParOldGen       total 68608K, used 11063K [0x00000000c0000000, 0x00000000c4300000, 0x00000000eab00000)
  object space 68608K, 16% used [0x00000000c0000000,0x00000000c0acdff8,0x00000000c4300000)
 Metaspace       used 36174K, committed 36864K, reserved 1114112K
  class space    used 3700K, committed 3968K, reserved 1048576K
}
Event: 11.632 GC heap before
{Heap before GC invocations=12 (full 2):
 PSYoungGen      total 26112K, used 25824K [0x00000000eab00000, 0x00000000ec800000, 0x0000000100000000)
  eden space 23552K, 100% used [0x00000000eab00000,0x00000000ec200000,0x00000000ec200000)
  from space 2560K, 88% used [0x00000000ec280000,0x00000000ec4b8020,0x00000000ec500000)
  to   space 3072K, 0% used [0x00000000ec500000,0x00000000ec500000,0x00000000ec800000)
 ParOldGen       total 68608K, used 11063K [0x00000000c0000000, 0x00000000c4300000, 0x00000000eab00000)
  object space 68608K, 16% used [0x00000000c0000000,0x00000000c0acdff8,0x00000000c4300000)
 Metaspace       used 36247K, committed 36992K, reserved 1114112K
  class space    used 3704K, committed 4032K, reserved 1048576K
}
Event: 11.634 GC heap after
{Heap after GC invocations=12 (full 2):
 PSYoungGen      total 25088K, used 3040K [0x00000000eab00000, 0x00000000eca80000, 0x0000000100000000)
  eden space 22016K, 0% used [0x00000000eab00000,0x00000000eab00000,0x00000000ec080000)
  from space 3072K, 98% used [0x00000000ec500000,0x00000000ec7f8020,0x00000000ec800000)
  to   space 4608K, 0% used [0x00000000ec080000,0x00000000ec080000,0x00000000ec500000)
 ParOldGen       total 68608K, used 12231K [0x00000000c0000000, 0x00000000c4300000, 0x00000000eab00000)
  object space 68608K, 17% used [0x00000000c0000000,0x00000000c0bf1ff8,0x00000000c4300000)
 Metaspace       used 36247K, committed 36992K, reserved 1114112K
  class space    used 3704K, committed 4032K, reserved 1048576K
}
Event: 11.701 GC heap before
{Heap before GC invocations=13 (full 2):
 PSYoungGen      total 25088K, used 25056K [0x00000000eab00000, 0x00000000eca80000, 0x0000000100000000)
  eden space 22016K, 100% used [0x00000000eab00000,0x00000000ec080000,0x00000000ec080000)
  from space 3072K, 98% used [0x00000000ec500000,0x00000000ec7f8020,0x00000000ec800000)
  to   space 4608K, 0% used [0x00000000ec080000,0x00000000ec080000,0x00000000ec500000)
 ParOldGen       total 68608K, used 12231K [0x00000000c0000000, 0x00000000c4300000, 0x00000000eab00000)
  object space 68608K, 17% used [0x00000000c0000000,0x00000000c0bf1ff8,0x00000000c4300000)
 Metaspace       used 36338K, committed 37120K, reserved 1114112K
  class space    used 3708K, committed 4032K, reserved 1048576K
}
Event: 11.703 GC heap after
{Heap after GC invocations=13 (full 2):
 PSYoungGen      total 24576K, used 2272K [0x00000000eab00000, 0x00000000ec680000, 0x0000000100000000)
  eden space 22016K, 0% used [0x00000000eab00000,0x00000000eab00000,0x00000000ec080000)
  from space 2560K, 88% used [0x00000000ec080000,0x00000000ec2b8010,0x00000000ec300000)
  to   space 3072K, 0% used [0x00000000ec380000,0x00000000ec380000,0x00000000ec680000)
 ParOldGen       total 68608K, used 15248K [0x00000000c0000000, 0x00000000c4300000, 0x00000000eab00000)
  object space 68608K, 22% used [0x00000000c0000000,0x00000000c0ee4018,0x00000000c4300000)
 Metaspace       used 36338K, committed 37120K, reserved 1114112K
  class space    used 3708K, committed 4032K, reserved 1048576K
}
Event: 11.766 GC heap before
{Heap before GC invocations=14 (full 2):
 PSYoungGen      total 24576K, used 24288K [0x00000000eab00000, 0x00000000ec680000, 0x0000000100000000)
  eden space 22016K, 100% used [0x00000000eab00000,0x00000000ec080000,0x00000000ec080000)
  from space 2560K, 88% used [0x00000000ec080000,0x00000000ec2b8010,0x00000000ec300000)
  to   space 3072K, 0% used [0x00000000ec380000,0x00000000ec380000,0x00000000ec680000)
 ParOldGen       total 68608K, used 15248K [0x00000000c0000000, 0x00000000c4300000, 0x00000000eab00000)
  object space 68608K, 22% used [0x00000000c0000000,0x00000000c0ee4018,0x00000000c4300000)
 Metaspace       used 36394K, committed 37120K, reserved 1114112K
  class space    used 3721K, committed 4032K, reserved 1048576K
}
Event: 11.768 GC heap after
{Heap after GC invocations=14 (full 2):
 PSYoungGen      total 25088K, used 2656K [0x00000000eab00000, 0x00000000ec680000, 0x0000000100000000)
  eden space 22016K, 0% used [0x00000000eab00000,0x00000000eab00000,0x00000000ec080000)
  from space 3072K, 86% used [0x00000000ec380000,0x00000000ec618010,0x00000000ec680000)
  to   space 3072K, 0% used [0x00000000ec080000,0x00000000ec080000,0x00000000ec380000)
 ParOldGen       total 68608K, used 17362K [0x00000000c0000000, 0x00000000c4300000, 0x00000000eab00000)
  object space 68608K, 25% used [0x00000000c0000000,0x00000000c10f4b40,0x00000000c4300000)
 Metaspace       used 36394K, committed 37120K, reserved 1114112K
  class space    used 3721K, committed 4032K, reserved 1048576K
}
Event: 11.807 GC heap before
{Heap before GC invocations=15 (full 2):
 PSYoungGen      total 25088K, used 24672K [0x00000000eab00000, 0x00000000ec680000, 0x0000000100000000)
  eden space 22016K, 100% used [0x00000000eab00000,0x00000000ec080000,0x00000000ec080000)
  from space 3072K, 86% used [0x00000000ec380000,0x00000000ec618010,0x00000000ec680000)
  to   space 3072K, 0% used [0x00000000ec080000,0x00000000ec080000,0x00000000ec380000)
 ParOldGen       total 68608K, used 17362K [0x00000000c0000000, 0x00000000c4300000, 0x00000000eab00000)
  object space 68608K, 25% used [0x00000000c0000000,0x00000000c10f4b40,0x00000000c4300000)
 Metaspace       used 36399K, committed 37120K, reserved 1114112K
  class space    used 3721K, committed 4032K, reserved 1048576K
}
Event: 11.810 GC heap after
{Heap after GC invocations=15 (full 2):
 PSYoungGen      total 25088K, used 2656K [0x00000000eab00000, 0x00000000ec680000, 0x0000000100000000)
  eden space 22016K, 0% used [0x00000000eab00000,0x00000000eab00000,0x00000000ec080000)
  from space 3072K, 86% used [0x00000000ec080000,0x00000000ec318010,0x00000000ec380000)
  to   space 3072K, 0% used [0x00000000ec380000,0x00000000ec380000,0x00000000ec680000)
 ParOldGen       total 68608K, used 19878K [0x00000000c0000000, 0x00000000c4300000, 0x00000000eab00000)
  object space 68608K, 28% used [0x00000000c0000000,0x00000000c1369918,0x00000000c4300000)
 Metaspace       used 36399K, committed 37120K, reserved 1114112K
  class space    used 3721K, committed 4032K, reserved 1048576K
}
Event: 11.850 GC heap before
{Heap before GC invocations=16 (full 2):
 PSYoungGen      total 25088K, used 24672K [0x00000000eab00000, 0x00000000ec680000, 0x0000000100000000)
  eden space 22016K, 100% used [0x00000000eab00000,0x00000000ec080000,0x00000000ec080000)
  from space 3072K, 86% used [0x00000000ec080000,0x00000000ec318010,0x00000000ec380000)
  to   space 3072K, 0% used [0x00000000ec380000,0x00000000ec380000,0x00000000ec680000)
 ParOldGen       total 68608K, used 19878K [0x00000000c0000000, 0x00000000c4300000, 0x00000000eab00000)
  object space 68608K, 28% used [0x00000000c0000000,0x00000000c1369918,0x00000000c4300000)
 Metaspace       used 36399K, committed 37120K, reserved 1114112K
  class space    used 3721K, committed 4032K, reserved 1048576K
}
Event: 11.852 GC heap after
{Heap after GC invocations=16 (full 2):
 PSYoungGen      total 24576K, used 2240K [0x00000000eab00000, 0x00000000ec600000, 0x0000000100000000)
  eden space 22016K, 0% used [0x00000000eab00000,0x00000000eab00000,0x00000000ec080000)
  from space 2560K, 87% used [0x00000000ec380000,0x00000000ec5b0000,0x00000000ec600000)
  to   space 2560K, 0% used [0x00000000ec100000,0x00000000ec100000,0x00000000ec380000)
 ParOldGen       total 68608K, used 22412K [0x00000000c0000000, 0x00000000c4300000, 0x00000000eab00000)
  object space 68608K, 32% used [0x00000000c0000000,0x00000000c15e31a8,0x00000000c4300000)
 Metaspace       used 36399K, committed 37120K, reserved 1114112K
  class space    used 3721K, committed 4032K, reserved 1048576K
}
Event: 17.346 GC heap before
{Heap before GC invocations=17 (full 2):
 PSYoungGen      total 24576K, used 24256K [0x00000000eab00000, 0x00000000ec600000, 0x0000000100000000)
  eden space 22016K, 100% used [0x00000000eab00000,0x00000000ec080000,0x00000000ec080000)
  from space 2560K, 87% used [0x00000000ec380000,0x00000000ec5b0000,0x00000000ec600000)
  to   space 2560K, 0% used [0x00000000ec100000,0x00000000ec100000,0x00000000ec380000)
 ParOldGen       total 68608K, used 22412K [0x00000000c0000000, 0x00000000c4300000, 0x00000000eab00000)
  object space 68608K, 32% used [0x00000000c0000000,0x00000000c15e31a8,0x00000000c4300000)
 Metaspace       used 38297K, committed 38976K, reserved 1114112K
  class space    used 3941K, committed 4224K, reserved 1048576K
}
Event: 17.347 GC heap after
{Heap after GC invocations=17 (full 2):
 PSYoungGen      total 24576K, used 2219K [0x00000000eab00000, 0x00000000ec580000, 0x0000000100000000)
  eden space 22016K, 0% used [0x00000000eab00000,0x00000000eab00000,0x00000000ec080000)
  from space 2560K, 86% used [0x00000000ec100000,0x00000000ec32acc0,0x00000000ec380000)
  to   space 2048K, 0% used [0x00000000ec380000,0x00000000ec380000,0x00000000ec580000)
 ParOldGen       total 68608K, used 24484K [0x00000000c0000000, 0x00000000c4300000, 0x00000000eab00000)
  object space 68608K, 35% used [0x00000000c0000000,0x00000000c17e91a8,0x00000000c4300000)
 Metaspace       used 38297K, committed 38976K, reserved 1114112K
  class space    used 3941K, committed 4224K, reserved 1048576K
}
Event: 18.675 GC heap before
{Heap before GC invocations=18 (full 2):
 PSYoungGen      total 24576K, used 24235K [0x00000000eab00000, 0x00000000ec580000, 0x0000000100000000)
  eden space 22016K, 100% used [0x00000000eab00000,0x00000000ec080000,0x00000000ec080000)
  from space 2560K, 86% used [0x00000000ec100000,0x00000000ec32acc0,0x00000000ec380000)
  to   space 2048K, 0% used [0x00000000ec380000,0x00000000ec380000,0x00000000ec580000)
 ParOldGen       total 68608K, used 24484K [0x00000000c0000000, 0x00000000c4300000, 0x00000000eab00000)
  object space 68608K, 35% used [0x00000000c0000000,0x00000000c17e91a8,0x00000000c4300000)
 Metaspace       used 39736K, committed 40448K, reserved 1114112K
  class space    used 4126K, committed 4416K, reserved 1048576K
}
Event: 18.676 GC heap after
{Heap after GC invocations=18 (full 2):
 PSYoungGen      total 23040K, used 624K [0x00000000eab00000, 0x00000000ec480000, 0x0000000100000000)
  eden space 22016K, 0% used [0x00000000eab00000,0x00000000eab00000,0x00000000ec080000)
  from space 1024K, 60% used [0x00000000ec380000,0x00000000ec41c060,0x00000000ec480000)
  to   space 1536K, 0% used [0x00000000ec180000,0x00000000ec180000,0x00000000ec300000)
 ParOldGen       total 68608K, used 26492K [0x00000000c0000000, 0x00000000c4300000, 0x00000000eab00000)
  object space 68608K, 38% used [0x00000000c0000000,0x00000000c19df100,0x00000000c4300000)
 Metaspace       used 39736K, committed 40448K, reserved 1114112K
  class space    used 4126K, committed 4416K, reserved 1048576K
}
Event: 18.850 GC heap before
{Heap before GC invocations=19 (full 2):
 PSYoungGen      total 23040K, used 22640K [0x00000000eab00000, 0x00000000ec480000, 0x0000000100000000)
  eden space 22016K, 100% used [0x00000000eab00000,0x00000000ec080000,0x00000000ec080000)
  from space 1024K, 60% used [0x00000000ec380000,0x00000000ec41c060,0x00000000ec480000)
  to   space 1536K, 0% used [0x00000000ec180000,0x00000000ec180000,0x00000000ec300000)
 ParOldGen       total 68608K, used 26492K [0x00000000c0000000, 0x00000000c4300000, 0x00000000eab00000)
  object space 68608K, 38% used [0x00000000c0000000,0x00000000c19df100,0x00000000c4300000)
 Metaspace       used 41000K, committed 41728K, reserved 1114112K
  class space    used 4208K, committed 4480K, reserved 1048576K
}
Event: 18.851 GC heap after
{Heap after GC invocations=19 (full 2):
 PSYoungGen      total 23552K, used 1516K [0x00000000eab00000, 0x00000000ec580000, 0x0000000100000000)
  eden space 22016K, 0% used [0x00000000eab00000,0x00000000eab00000,0x00000000ec080000)
  from space 1536K, 98% used [0x00000000ec180000,0x00000000ec2fb3a0,0x00000000ec300000)
  to   space 2560K, 0% used [0x00000000ec300000,0x00000000ec300000,0x00000000ec580000)
 ParOldGen       total 68608K, used 26939K [0x00000000c0000000, 0x00000000c4300000, 0x00000000eab00000)
  object space 68608K, 39% used [0x00000000c0000000,0x00000000c1a4ef68,0x00000000c4300000)
 Metaspace       used 41000K, committed 41728K, reserved 1114112K
  class space    used 4208K, committed 4480K, reserved 1048576K
}
Event: 18.975 GC heap before
{Heap before GC invocations=20 (full 2):
 PSYoungGen      total 23552K, used 23532K [0x00000000eab00000, 0x00000000ec580000, 0x0000000100000000)
  eden space 22016K, 100% used [0x00000000eab00000,0x00000000ec080000,0x00000000ec080000)
  from space 1536K, 98% used [0x00000000ec180000,0x00000000ec2fb3a0,0x00000000ec300000)
  to   space 2560K, 0% used [0x00000000ec300000,0x00000000ec300000,0x00000000ec580000)
 ParOldGen       total 68608K, used 26939K [0x00000000c0000000, 0x00000000c4300000, 0x00000000eab00000)
  object space 68608K, 39% used [0x00000000c0000000,0x00000000c1a4ef68,0x00000000c4300000)
 Metaspace       used 41810K, committed 42496K, reserved 1114112K
  class space    used 4285K, committed 4544K, reserved 1048576K
}
Event: 18.976 GC heap after
{Heap after GC invocations=20 (full 2):
 PSYoungGen      total 22528K, used 192K [0x00000000eab00000, 0x00000000ec380000, 0x0000000100000000)
  eden space 22016K, 0% used [0x00000000eab00000,0x00000000eab00000,0x00000000ec080000)
  from space 512K, 37% used [0x00000000ec300000,0x00000000ec330000,0x00000000ec380000)
  to   space 1024K, 0% used [0x00000000ec180000,0x00000000ec180000,0x00000000ec280000)
 ParOldGen       total 68608K, used 27171K [0x00000000c0000000, 0x00000000c4300000, 0x00000000eab00000)
  object space 68608K, 39% used [0x00000000c0000000,0x00000000c1a88f68,0x00000000c4300000)
 Metaspace       used 41810K, committed 42496K, reserved 1114112K
  class space    used 4285K, committed 4544K, reserved 1048576K
}

Dll operation events (10 events):
Event: 0.011 Loaded shared library c:\Users\khami\.vscode\extensions\redhat.java-1.20.0-win32-x64\jre\17.0.7-win32-x86_64\bin\java.dll
Event: 0.153 Loaded shared library c:\Users\khami\.vscode\extensions\redhat.java-1.20.0-win32-x64\jre\17.0.7-win32-x86_64\bin\zip.dll
Event: 0.157 Loaded shared library C:\Users\khami\.vscode\extensions\redhat.java-1.20.0-win32-x64\jre\17.0.7-win32-x86_64\bin\instrument.dll
Event: 0.170 Loaded shared library C:\Users\khami\.vscode\extensions\redhat.java-1.20.0-win32-x64\jre\17.0.7-win32-x86_64\bin\net.dll
Event: 0.172 Loaded shared library C:\Users\khami\.vscode\extensions\redhat.java-1.20.0-win32-x64\jre\17.0.7-win32-x86_64\bin\nio.dll
Event: 0.179 Loaded shared library C:\Users\khami\.vscode\extensions\redhat.java-1.20.0-win32-x64\jre\17.0.7-win32-x86_64\bin\zip.dll
Event: 0.192 Loaded shared library C:\Users\khami\.vscode\extensions\redhat.java-1.20.0-win32-x64\jre\17.0.7-win32-x86_64\bin\jimage.dll
Event: 0.238 Loaded shared library c:\Users\khami\.vscode\extensions\redhat.java-1.20.0-win32-x64\jre\17.0.7-win32-x86_64\bin\verify.dll
Event: 1.258 Loaded shared library C:\Users\khami\AppData\Roaming\Code\User\globalStorage\redhat.java\1.20.0\config_ss_win\org.eclipse.equinox.launcher\org.eclipse.equinox.launcher.win32.win32.x86_64_1.2.700.v20221108-1024\eclipse_11801.dll
Event: 4.637 Loaded shared library C:\Users\khami\AppData\Local\Temp\jna-102011712\jna11337337912604286483.dll

Deoptimization events (20 events):
Event: 18.836 Thread 0x0000015d2476fdf0 Uncommon trap: trap_request=0xffffffde fr.pc=0x0000015d135bb828 relative=0x00000000000083c8
Event: 18.836 Thread 0x0000015d2476fdf0 Uncommon trap: reason=class_check action=maybe_recompile pc=0x0000015d135bb828 method=lombok.patcher.PatchScript$MethodPatcher.visitMethod(ILjava/lang/String;Ljava/lang/String;Ljava/lang/String;[Ljava/lang/String;)Lorg/objectweb/asm/MethodVisitor; @ 101 c
Event: 18.836 Thread 0x0000015d2476fdf0 DEOPT PACKING pc=0x0000015d135bb828 sp=0x0000005a00df9080
Event: 18.836 Thread 0x0000015d2476fdf0 DEOPT UNPACKING pc=0x0000015d12f766a3 sp=0x0000005a00df9018 mode 2
Event: 18.836 Thread 0x0000015d2476fdf0 Uncommon trap: trap_request=0xffffffde fr.pc=0x0000015d135bb828 relative=0x00000000000083c8
Event: 18.836 Thread 0x0000015d2476fdf0 Uncommon trap: reason=class_check action=maybe_recompile pc=0x0000015d135bb828 method=lombok.patcher.PatchScript$MethodPatcher.visitMethod(ILjava/lang/String;Ljava/lang/String;Ljava/lang/String;[Ljava/lang/String;)Lorg/objectweb/asm/MethodVisitor; @ 101 c
Event: 18.836 Thread 0x0000015d2476fdf0 DEOPT PACKING pc=0x0000015d135bb828 sp=0x0000005a00df9080
Event: 18.836 Thread 0x0000015d2476fdf0 DEOPT UNPACKING pc=0x0000015d12f766a3 sp=0x0000005a00df9018 mode 2
Event: 18.836 Thread 0x0000015d2476fdf0 Uncommon trap: trap_request=0xffffffde fr.pc=0x0000015d135bb828 relative=0x00000000000083c8
Event: 18.836 Thread 0x0000015d2476fdf0 Uncommon trap: reason=class_check action=maybe_recompile pc=0x0000015d135bb828 method=lombok.patcher.PatchScript$MethodPatcher.visitMethod(ILjava/lang/String;Ljava/lang/String;Ljava/lang/String;[Ljava/lang/String;)Lorg/objectweb/asm/MethodVisitor; @ 101 c
Event: 18.836 Thread 0x0000015d2476fdf0 DEOPT PACKING pc=0x0000015d135bb828 sp=0x0000005a00df9080
Event: 18.836 Thread 0x0000015d2476fdf0 DEOPT UNPACKING pc=0x0000015d12f766a3 sp=0x0000005a00df9018 mode 2
Event: 18.836 Thread 0x0000015d2476fdf0 Uncommon trap: trap_request=0xffffffde fr.pc=0x0000015d135bb828 relative=0x00000000000083c8
Event: 18.836 Thread 0x0000015d2476fdf0 Uncommon trap: reason=class_check action=maybe_recompile pc=0x0000015d135bb828 method=lombok.patcher.PatchScript$MethodPatcher.visitMethod(ILjava/lang/String;Ljava/lang/String;Ljava/lang/String;[Ljava/lang/String;)Lorg/objectweb/asm/MethodVisitor; @ 101 c
Event: 18.836 Thread 0x0000015d2476fdf0 DEOPT PACKING pc=0x0000015d135bb828 sp=0x0000005a00df9080
Event: 18.836 Thread 0x0000015d2476fdf0 DEOPT UNPACKING pc=0x0000015d12f766a3 sp=0x0000005a00df9018 mode 2
Event: 18.836 Thread 0x0000015d2476fdf0 Uncommon trap: trap_request=0xffffffde fr.pc=0x0000015d135a87c8 relative=0x0000000000002b28
Event: 18.836 Thread 0x0000015d2476fdf0 Uncommon trap: reason=class_check action=maybe_recompile pc=0x0000015d135a87c8 method=lombok.patcher.PatchScript$MethodPatcher.visitMethod(ILjava/lang/String;Ljava/lang/String;Ljava/lang/String;[Ljava/lang/String;)Lorg/objectweb/asm/MethodVisitor; @ 101 c
Event: 18.836 Thread 0x0000015d2476fdf0 DEOPT PACKING pc=0x0000015d135a87c8 sp=0x0000005a00df9010
Event: 18.836 Thread 0x0000015d2476fdf0 DEOPT UNPACKING pc=0x0000015d12f766a3 sp=0x0000005a00df9018 mode 2

Classes unloaded (7 events):
Event: 2.134 Thread 0x0000015d0741c140 Unloading class 0x0000000100212400 'java/lang/invoke/LambdaForm$MH+0x0000000100212400'
Event: 2.134 Thread 0x0000015d0741c140 Unloading class 0x0000000100212000 'java/lang/invoke/LambdaForm$MH+0x0000000100212000'
Event: 2.134 Thread 0x0000015d0741c140 Unloading class 0x0000000100211c00 'java/lang/invoke/LambdaForm$MH+0x0000000100211c00'
Event: 2.134 Thread 0x0000015d0741c140 Unloading class 0x0000000100211800 'java/lang/invoke/LambdaForm$MH+0x0000000100211800'
Event: 2.134 Thread 0x0000015d0741c140 Unloading class 0x0000000100211000 'java/lang/invoke/LambdaForm$BMH+0x0000000100211000'
Event: 2.134 Thread 0x0000015d0741c140 Unloading class 0x0000000100210c00 'java/lang/invoke/LambdaForm$DMH+0x0000000100210c00'
Event: 2.134 Thread 0x0000015d0741c140 Unloading class 0x000000010020e000 'java/lang/invoke/LambdaForm$DMH+0x000000010020e000'

Classes redefined (0 events):
No events

Internal exceptions (20 events):
Event: 4.663 Thread 0x0000015d242b9760 Exception <a 'java/io/FileNotFoundException'{0x00000000ebd8b688}> (0x00000000ebd8b688) 
thrown [s\src\hotspot\share\prims\jni.cpp, line 516]
Event: 4.671 Thread 0x0000015d242b9760 Exception <a 'java/io/FileNotFoundException'{0x00000000ebdfe450}> (0x00000000ebdfe450) 
thrown [s\src\hotspot\share\prims\jni.cpp, line 516]
Event: 4.680 Thread 0x0000015d242b9760 Exception <a 'java/lang/UnsatisfiedLinkError'{0x00000000ebebf2d8}: The specified procedure could not be found.
> (0x00000000ebebf2d8) 
thrown [s\src\hotspot\share\prims\jni.cpp, line 535]
Event: 5.733 Thread 0x0000015d07395280 Exception <a 'java/lang/NoSuchMethodError'{0x00000000ec0cd390}: 'java.lang.Object java.lang.invoke.DirectMethodHandle$Holder.invokeStatic(java.lang.Object, java.lang.Object, long, java.lang.Object)'> (0x00000000ec0cd390) 
thrown [s\src\hotspot\share\interpreter\linkResolver.cpp, line 759]
Event: 5.734 Thread 0x0000015d07395280 Exception <a 'java/lang/NoSuchMethodError'{0x00000000ec0d0e28}: 'java.lang.Object java.lang.invoke.DirectMethodHandle$Holder.invokeStaticInit(java.lang.Object, java.lang.Object, long, java.lang.Object)'> (0x00000000ec0d0e28) 
thrown [s\src\hotspot\share\interpreter\linkResolver.cpp, line 759]
Event: 5.734 Thread 0x0000015d07395280 Exception <a 'java/lang/NoSuchMethodError'{0x00000000ec0d7438}: 'java.lang.Object java.lang.invoke.DirectMethodHandle$Holder.newInvokeSpecial(java.lang.Object, java.lang.Object, long)'> (0x00000000ec0d7438) 
thrown [s\src\hotspot\share\interpreter\linkResolver.cpp, line 759]
Event: 5.734 Thread 0x0000015d07395280 Exception <a 'java/lang/NoSuchMethodError'{0x00000000ec0dae78}: 'java.lang.Object java.lang.invoke.Invokers$Holder.linkToTargetMethod(java.lang.Object, long, java.lang.Object)'> (0x00000000ec0dae78) 
thrown [s\src\hotspot\share\interpreter\linkResolver.cpp, line 759]
Event: 5.775 Thread 0x0000015d07395280 Exception <a 'java/lang/NoSuchMethodError'{0x00000000ec275fb0}: 'void java.lang.invoke.DirectMethodHandle$Holder.invokeStatic(java.lang.Object, java.lang.Object, java.lang.Object, java.lang.Object)'> (0x00000000ec275fb0) 
thrown [s\src\hotspot\share\interpreter\linkResolver.cpp, line 759]
Event: 5.886 Thread 0x0000015d07395280 Exception <a 'java/lang/NoSuchMethodError'{0x00000000eb29f4a0}: 'void java.lang.invoke.DirectMethodHandle$Holder.invokeSpecial(java.lang.Object, java.lang.Object, java.lang.Object, java.lang.Object, java.lang.Object, java.lang.Object)'> (0x00000000eb29f4a0) 
thrown [s\src\hotspot\share\interpreter\linkResolver.cpp, line 759]
Event: 5.887 Thread 0x0000015d07395280 Exception <a 'java/lang/IncompatibleClassChangeError'{0x00000000eb2a8c20}: Found class java.lang.Object, but interface was expected> (0x00000000eb2a8c20) 
thrown [s\src\hotspot\share\interpreter\linkResolver.cpp, line 826]
Event: 8.058 Thread 0x0000015d24772470 Exception <a 'java/io/FileNotFoundException'{0x00000000eb8b6e10}> (0x00000000eb8b6e10) 
thrown [s\src\hotspot\share\prims\jni.cpp, line 516]
Event: 11.185 Thread 0x0000015d24772470 Exception <a 'sun/nio/fs/WindowsException'{0x00000000eba61a10}> (0x00000000eba61a10) 
thrown [s\src\hotspot\share\prims\jni.cpp, line 516]
Event: 11.190 Thread 0x0000015d2476eab0 Exception <a 'java/io/FileNotFoundException'{0x00000000eba7a1e8}> (0x00000000eba7a1e8) 
thrown [s\src\hotspot\share\prims\jni.cpp, line 516]
Event: 11.191 Thread 0x0000015d2476eab0 Exception <a 'java/io/FileNotFoundException'{0x00000000eba7b4a8}> (0x00000000eba7b4a8) 
thrown [s\src\hotspot\share\prims\jni.cpp, line 516]
Event: 11.295 Thread 0x0000015d2476ef80 Exception <a 'java/lang/NoSuchMethodError'{0x00000000eab36768}: 'java.lang.Object java.lang.invoke.Invokers$Holder.invoke_MT(java.lang.Object, java.lang.Object, java.lang.Object)'> (0x00000000eab36768) 
thrown [s\src\hotspot\share\interpreter\linkResolver.cpp, line 759]
Event: 11.507 Thread 0x0000015d2476ef80 Exception <a 'java/io/FileNotFoundException'{0x00000000ebcfcdf8}> (0x00000000ebcfcdf8) 
thrown [s\src\hotspot\share\prims\jni.cpp, line 516]
Event: 11.507 Thread 0x0000015d2476ef80 Exception <a 'java/io/FileNotFoundException'{0x00000000ebcfe9e0}> (0x00000000ebcfe9e0) 
thrown [s\src\hotspot\share\prims\jni.cpp, line 516]
Event: 11.510 Thread 0x0000015d2476ef80 Exception <a 'java/lang/NoSuchMethodError'{0x00000000ebd0ae58}: 'void java.lang.invoke.DirectMethodHandle$Holder.invokeStaticInit(java.lang.Object, java.lang.Object, java.lang.Object)'> (0x00000000ebd0ae58) 
thrown [s\src\hotspot\share\interpreter\linkResolver.cpp, line 759]
Event: 15.232 Thread 0x0000015d2476fdf0 Exception <a 'java/lang/NoSuchMethodError'{0x00000000eb566798}: 'java.lang.Object java.lang.invoke.DirectMethodHandle$Holder.invokeInterface(java.lang.Object, java.lang.Object, java.lang.Object)'> (0x00000000eb566798) 
thrown [s\src\hotspot\share\interpreter\linkResolver.cpp, line 759]
Event: 18.700 Thread 0x0000015d2476fdf0 Implicit null exception at 0x0000015d13611050 to 0x0000015d13611dc8

VM Operations (20 events):
Event: 11.807 Executing VM operation: ParallelGCFailedAllocation
Event: 11.810 Executing VM operation: ParallelGCFailedAllocation done
Event: 11.850 Executing VM operation: ParallelGCFailedAllocation
Event: 11.853 Executing VM operation: ParallelGCFailedAllocation done
Event: 12.868 Executing VM operation: Cleanup
Event: 12.868 Executing VM operation: Cleanup done
Event: 15.896 Executing VM operation: Cleanup
Event: 16.264 Executing VM operation: Cleanup done
Event: 17.272 Executing VM operation: Cleanup
Event: 17.272 Executing VM operation: Cleanup done
Event: 17.346 Executing VM operation: ParallelGCFailedAllocation
Event: 17.348 Executing VM operation: ParallelGCFailedAllocation done
Event: 17.357 Executing VM operation: HandshakeAllThreads
Event: 17.357 Executing VM operation: HandshakeAllThreads done
Event: 18.674 Executing VM operation: ParallelGCFailedAllocation
Event: 18.676 Executing VM operation: ParallelGCFailedAllocation done
Event: 18.850 Executing VM operation: ParallelGCFailedAllocation
Event: 18.851 Executing VM operation: ParallelGCFailedAllocation done
Event: 18.975 Executing VM operation: ParallelGCFailedAllocation
Event: 18.976 Executing VM operation: ParallelGCFailedAllocation done

Events (20 events):
Event: 18.481 Thread 0x0000015d23dbb6a0 Thread exited: 0x0000015d23dbb6a0
Event: 18.538 loading class java/util/Vector$1
Event: 18.538 loading class java/util/Vector$1 done
Event: 18.700 loading class java/util/Collections$UnmodifiableSortedSet
Event: 18.700 loading class java/util/Collections$UnmodifiableSortedSet done
Event: 18.724 loading class java/util/regex/Pattern$Caret
Event: 18.724 loading class java/util/regex/Pattern$Caret done
Event: 18.784 loading class java/util/function/ToIntFunction
Event: 18.784 loading class java/util/function/ToIntFunction done
Event: 18.784 loading class java/util/stream/ReferencePipeline$4
Event: 18.784 loading class java/util/stream/ReferencePipeline$4 done
Event: 18.785 loading class java/util/stream/Nodes$IntFixedNodeBuilder
Event: 18.785 loading class java/util/stream/Node$Builder$OfInt
Event: 18.785 loading class java/util/stream/Node$Builder$OfInt done
Event: 18.785 loading class java/util/stream/Nodes$IntArrayNode
Event: 18.785 loading class java/util/stream/Nodes$IntArrayNode done
Event: 18.785 loading class java/util/stream/Nodes$IntFixedNodeBuilder done
Event: 18.785 loading class java/util/stream/ReferencePipeline$4$1
Event: 18.785 loading class java/util/stream/ReferencePipeline$4$1 done
Event: 18.858 Thread 0x0000015d24d385e0 Thread added: 0x0000015d24d385e0


Dynamic libraries:
0x00007ff71a0a0000 - 0x00007ff71a0ae000 	c:\Users\khami\.vscode\extensions\redhat.java-1.20.0-win32-x64\jre\17.0.7-win32-x86_64\bin\java.exe
0x00007ffb9e820000 - 0x00007ffb9ea4b000 	C:\WINDOWS\SYSTEM32\ntdll.dll
0x00007ffb9cef0000 - 0x00007ffb9cfb6000 	C:\WINDOWS\System32\KERNEL32.DLL
0x00007ffb9bc50000 - 0x00007ffb9bfae000 	C:\WINDOWS\System32\KERNELBASE.dll
0x00007ffb9bfc0000 - 0x00007ffb9c0f3000 	C:\WINDOWS\System32\ucrtbase.dll
0x00007ffb95830000 - 0x00007ffb95849000 	c:\Users\khami\.vscode\extensions\redhat.java-1.20.0-win32-x64\jre\17.0.7-win32-x86_64\bin\VCRUNTIME140.dll
0x00007ffb92f00000 - 0x00007ffb92f17000 	c:\Users\khami\.vscode\extensions\redhat.java-1.20.0-win32-x64\jre\17.0.7-win32-x86_64\bin\jli.dll
0x00007ffb9e1c0000 - 0x00007ffb9e371000 	C:\WINDOWS\System32\USER32.dll
0x00007ffb9c2b0000 - 0x00007ffb9c2d7000 	C:\WINDOWS\System32\win32u.dll
0x00007ffb9c680000 - 0x00007ffb9c6a9000 	C:\WINDOWS\System32\GDI32.dll
0x00007ffb7aee0000 - 0x00007ffb7b171000 	C:\WINDOWS\WinSxS\amd64_microsoft.windows.common-controls_6595b64144ccf1df_6.0.25905.1000_none_87b90b8fab340372\COMCTL32.dll
0x00007ffb9c180000 - 0x00007ffb9c29f000 	C:\WINDOWS\System32\gdi32full.dll
0x00007ffb9c9f0000 - 0x00007ffb9ca97000 	C:\WINDOWS\System32\msvcrt.dll
0x00007ffb9c5b0000 - 0x00007ffb9c655000 	C:\WINDOWS\System32\msvcp_win.dll
0x00007ffb9e010000 - 0x00007ffb9e040000 	C:\WINDOWS\System32\IMM32.DLL
0x00007ffb989d0000 - 0x00007ffb989dc000 	c:\Users\khami\.vscode\extensions\redhat.java-1.20.0-win32-x64\jre\17.0.7-win32-x86_64\bin\vcruntime140_1.dll
0x00007ffb1f770000 - 0x00007ffb1f801000 	c:\Users\khami\.vscode\extensions\redhat.java-1.20.0-win32-x64\jre\17.0.7-win32-x86_64\bin\msvcp140.dll
0x00007ffaf2cd0000 - 0x00007ffaf3918000 	c:\Users\khami\.vscode\extensions\redhat.java-1.20.0-win32-x64\jre\17.0.7-win32-x86_64\bin\server\jvm.dll
0x00007ffb9d040000 - 0x00007ffb9d0f0000 	C:\WINDOWS\System32\ADVAPI32.dll
0x00007ffb9cc90000 - 0x00007ffb9cd30000 	C:\WINDOWS\System32\sechost.dll
0x00007ffb9c6b0000 - 0x00007ffb9c7d5000 	C:\WINDOWS\System32\RPCRT4.dll
0x00007ffb96ea0000 - 0x00007ffb96ea9000 	C:\WINDOWS\SYSTEM32\WSOCK32.dll
0x00007ffb94370000 - 0x00007ffb943a4000 	C:\WINDOWS\SYSTEM32\WINMM.dll
0x00007ffb93a40000 - 0x00007ffb93a4a000 	C:\WINDOWS\SYSTEM32\VERSION.dll
0x00007ffb9cc10000 - 0x00007ffb9cc83000 	C:\WINDOWS\System32\WS2_32.dll
0x00007ffb9abb0000 - 0x00007ffb9abc8000 	C:\WINDOWS\SYSTEM32\kernel.appcore.dll
0x00007ffb96ec0000 - 0x00007ffb96eca000 	c:\Users\khami\.vscode\extensions\redhat.java-1.20.0-win32-x64\jre\17.0.7-win32-x86_64\bin\jimage.dll
0x00007ffb99460000 - 0x00007ffb99695000 	C:\WINDOWS\SYSTEM32\DBGHELP.DLL
0x00007ffb9e460000 - 0x00007ffb9e7db000 	C:\WINDOWS\System32\combase.dll
0x00007ffb9e050000 - 0x00007ffb9e125000 	C:\WINDOWS\System32\OLEAUT32.dll
0x00007ffb75f60000 - 0x00007ffb75f98000 	C:\WINDOWS\SYSTEM32\dbgcore.DLL
0x00007ffb9c2e0000 - 0x00007ffb9c361000 	C:\WINDOWS\System32\bcryptPrimitives.dll
0x00007ffb93d50000 - 0x00007ffb93d5e000 	c:\Users\khami\.vscode\extensions\redhat.java-1.20.0-win32-x64\jre\17.0.7-win32-x86_64\bin\instrument.dll
0x00007ffb85ba0000 - 0x00007ffb85bc5000 	c:\Users\khami\.vscode\extensions\redhat.java-1.20.0-win32-x64\jre\17.0.7-win32-x86_64\bin\java.dll
0x00007ffb89480000 - 0x00007ffb89498000 	c:\Users\khami\.vscode\extensions\redhat.java-1.20.0-win32-x64\jre\17.0.7-win32-x86_64\bin\zip.dll
0x00007ffb9d810000 - 0x00007ffb9df83000 	C:\WINDOWS\System32\SHELL32.dll
0x00007ffb999f0000 - 0x00007ffb9a242000 	C:\WINDOWS\SYSTEM32\windows.storage.dll
0x00007ffb9e380000 - 0x00007ffb9e453000 	C:\WINDOWS\System32\SHCORE.dll
0x00007ffb9cfe0000 - 0x00007ffb9d03c000 	C:\WINDOWS\System32\shlwapi.dll
0x00007ffb9bb80000 - 0x00007ffb9bba3000 	C:\WINDOWS\SYSTEM32\profapi.dll
0x00007ffb83470000 - 0x00007ffb83489000 	C:\Users\khami\.vscode\extensions\redhat.java-1.20.0-win32-x64\jre\17.0.7-win32-x86_64\bin\net.dll
0x00007ffb945e0000 - 0x00007ffb946fb000 	C:\WINDOWS\SYSTEM32\WINHTTP.dll
0x00007ffb9b0e0000 - 0x00007ffb9b148000 	C:\WINDOWS\system32\mswsock.dll
0x00007ffb820a0000 - 0x00007ffb820b5000 	C:\Users\khami\.vscode\extensions\redhat.java-1.20.0-win32-x64\jre\17.0.7-win32-x86_64\bin\nio.dll
0x00007ffb93b30000 - 0x00007ffb93b40000 	c:\Users\khami\.vscode\extensions\redhat.java-1.20.0-win32-x64\jre\17.0.7-win32-x86_64\bin\verify.dll
0x00007ffb68ef0000 - 0x00007ffb68f2e000 	C:\Users\khami\AppData\Roaming\Code\User\globalStorage\redhat.java\1.20.0\config_ss_win\org.eclipse.equinox.launcher\org.eclipse.equinox.launcher.win32.win32.x86_64_1.2.700.v20221108-1024\eclipse_11801.dll
0x00007ffb9d100000 - 0x00007ffb9d292000 	C:\WINDOWS\System32\ole32.dll
0x00007ffb9b3a0000 - 0x00007ffb9b3bb000 	C:\WINDOWS\SYSTEM32\CRYPTSP.dll
0x00007ffb9aab0000 - 0x00007ffb9aae7000 	C:\WINDOWS\system32\rsaenh.dll
0x00007ffb9b200000 - 0x00007ffb9b22a000 	C:\WINDOWS\SYSTEM32\USERENV.dll
0x00007ffb9b5f0000 - 0x00007ffb9b618000 	C:\WINDOWS\SYSTEM32\bcrypt.dll
0x00007ffb9b3c0000 - 0x00007ffb9b3cc000 	C:\WINDOWS\SYSTEM32\CRYPTBASE.dll
0x00007ffb9a4d0000 - 0x00007ffb9a4ff000 	C:\WINDOWS\SYSTEM32\IPHLPAPI.DLL
0x00007ffb9cfc0000 - 0x00007ffb9cfca000 	C:\WINDOWS\System32\NSI.dll
0x00007ffb948f0000 - 0x00007ffb94909000 	C:\WINDOWS\SYSTEM32\dhcpcsvc6.DLL
0x00007ffb94340000 - 0x00007ffb9435f000 	C:\WINDOWS\SYSTEM32\dhcpcsvc.DLL
0x00007ffb9a550000 - 0x00007ffb9a65f000 	C:\WINDOWS\SYSTEM32\DNSAPI.dll
0x00007ffb1f570000 - 0x00007ffb1f5b5000 	C:\Users\khami\AppData\Local\Temp\jna-102011712\jna11337337912604286483.dll
0x00007ffb9cfd0000 - 0x00007ffb9cfd8000 	C:\WINDOWS\System32\PSAPI.DLL

dbghelp: loaded successfully - version: 4.0.5 - missing functions: none
symbol engine: initialized successfully - sym options: 0x614 - pdb path: .;c:\Users\khami\.vscode\extensions\redhat.java-1.20.0-win32-x64\jre\17.0.7-win32-x86_64\bin;C:\WINDOWS\SYSTEM32;C:\WINDOWS\WinSxS\amd64_microsoft.windows.common-controls_6595b64144ccf1df_6.0.25905.1000_none_87b90b8fab340372;c:\Users\khami\.vscode\extensions\redhat.java-1.20.0-win32-x64\jre\17.0.7-win32-x86_64\bin\server;C:\Users\khami\AppData\Roaming\Code\User\globalStorage\redhat.java\1.20.0\config_ss_win\org.eclipse.equinox.launcher\org.eclipse.equinox.launcher.win32.win32.x86_64_1.2.700.v20221108-1024;C:\Users\khami\AppData\Local\Temp\jna-102011712

VM Arguments:
jvm_args: --add-modules=ALL-SYSTEM --add-opens=java.base/java.util=ALL-UNNAMED --add-opens=java.base/java.lang=ALL-UNNAMED --add-opens=java.base/sun.nio.fs=ALL-UNNAMED -Declipse.application=org.eclipse.jdt.ls.core.id1 -Dosgi.bundles.defaultStartLevel=4 -Declipse.product=org.eclipse.jdt.ls.core.product -Djava.import.generatesMetadataFilesAtProjectRoot=false -Dfile.encoding=utf8 -XX:+UseParallelGC -XX:GCTimeRatio=4 -XX:AdaptiveSizePolicyWeight=90 -Dsun.zip.disableMemoryMapping=true -Xmx1G -Xms100m -Xlog:disable -javaagent:c:\Users\khami\.vscode\extensions\redhat.java-1.20.0-win32-x64\lombok\lombok-1.18.28.jar 
java_command: c:\Users\khami\.vscode\extensions\redhat.java-1.20.0-win32-x64\server\plugins\org.eclipse.equinox.launcher_1.6.500.v20230622-2056.jar -configuration c:\Users\khami\AppData\Roaming\Code\User\globalStorage\redhat.java\1.20.0\config_ss_win -data c:\Users\khami\AppData\Roaming\Code\User\workspaceStorage\6a2d3d3737832186bb7f3db857603596\redhat.java\ss_ws
java_class_path (initial): c:\Users\khami\.vscode\extensions\redhat.java-1.20.0-win32-x64\server\plugins\org.eclipse.equinox.launcher_1.6.500.v20230622-2056.jar
Launcher Type: SUN_STANDARD

[Global flags]
    uintx AdaptiveSizePolicyWeight                 = 90                                        {product} {command line}
     intx CICompilerCount                          = 4                                         {product} {ergonomic}
    uintx GCTimeRatio                              = 4                                         {product} {command line}
   size_t InitialHeapSize                          = 104857600                                 {product} {command line}
   size_t MaxHeapSize                              = 1073741824                                {product} {command line}
   size_t MaxNewSize                               = 357564416                                 {product} {ergonomic}
   size_t MinHeapDeltaBytes                        = 524288                                    {product} {ergonomic}
   size_t MinHeapSize                              = 104857600                                 {product} {command line}
   size_t NewSize                                  = 34603008                                  {product} {ergonomic}
    uintx NonNMethodCodeHeapSize                   = 5839372                                {pd product} {ergonomic}
    uintx NonProfiledCodeHeapSize                  = 122909434                              {pd product} {ergonomic}
   size_t OldSize                                  = 70254592                                  {product} {ergonomic}
    uintx ProfiledCodeHeapSize                     = 122909434                              {pd product} {ergonomic}
    uintx ReservedCodeCacheSize                    = 251658240                              {pd product} {ergonomic}
     bool SegmentedCodeCache                       = true                                      {product} {ergonomic}
   size_t SoftMaxHeapSize                          = 1073741824                             {manageable} {ergonomic}
     bool UseCompressedClassPointers               = true                           {product lp64_product} {ergonomic}
     bool UseCompressedOops                        = true                           {product lp64_product} {ergonomic}
     bool UseLargePagesIndividualAllocation        = false                                  {pd product} {ergonomic}
     bool UseParallelGC                            = true                                      {product} {command line}

Logging:
Log output configuration:
 #0: stdout all=off uptime,level,tags
 #1: stderr all=off uptime,level,tags

Environment Variables:
JAVA_HOME=C:\Program Files\Eclipse Adoptium\jdk-11.0.19.7-hotspot\
PATH=C:\Program Files\Eclipse Adoptium\jdk-11.0.19.7-hotspot\bin;C:\Program Files\Java\jdk-11\bin;C:\Program Files\Common Files\Oracle\Java\javapath;C:\Program Files (x86)\Common Files\Oracle\Java\javapath;C:\Program Files\Microsoft\jdk-11.0.16.101-hotspot\bin;C:\Program Files\Eclipse Adoptium\jdk-8.0.362.9-hotspot\bin;C:\ProgramData\Oracle\Java\javapath;C:\Program Files\Microsoft MPI\Bin\;C:\windows\system32;C:\windows;C:\windows\System32\Wbem;C:\windows\System32\WindowsPowerShell\v1.0\;C:\windows\System32\OpenSSH\;C:\Program Files (x86)\NVIDIA Corporation\PhysX\Common;C:\Program Files\NVIDIA Corporation\NVIDIA NvDLISR;C:\WINDOWS\system32;C:\WINDOWS;C:\WINDOWS\System32\Wbem;C:\WINDOWS\System32\WindowsPowerShell\v1.0\;C:\WINDOWS\System32\OpenSSH\;C:\TDM-GCC-64\bin;C:\Program Files\Microsoft SQL Server\Client SDK\ODBC\170\Tools\Binn\;C:\Program Files (x86)\Microsoft SQL Server\150\Tools\Binn\;C:\Program Files\Microsoft SQL Server\150\Tools\Binn\;C:\Program Files\Microsoft SQL Server\150\DTS\Binn\;C:\Program Files (x86)\Microsoft SQL Server\150\DTS\Binn\;C:\Program Files\dotnet\;C:\Program Files\Git\cmd;C:\Program Files\Calibre2\;C:\Program Files\Cloudflare\Cloudflare WARP\;C:\Program Files\MySQL\MySQL Shell 8.0\bin\;C:\Users\khami\AppData\Local\Microsoft\WindowsApps;C:\Users\khami\AppData\Local\Programs\Microsoft VS Code\bin;;C:\Program Files\Azure Data Studio\bin;C:\Users\khami\.dotnet\tools
USERNAME=khami
OS=Windows_NT
PROCESSOR_IDENTIFIER=Intel64 Family 6 Model 165 Stepping 2, GenuineIntel
TMP=C:\Users\khami\AppData\Local\Temp
TEMP=C:\Users\khami\AppData\Local\Temp



---------------  S Y S T E M  ---------------

OS:
 Windows 11 , 64 bit Build 25905 (10.0.25905.1000)
OS uptime: 0 days 21:52 hours
Hyper-V role detected

CPU: total 12 (initial active 12) (6 cores per cpu, 2 threads per core) family 6 model 165 stepping 2 microcode 0xf0, cx8, cmov, fxsr, ht, mmx, 3dnowpref, sse, sse2, sse3, ssse3, sse4.1, sse4.2, popcnt, lzcnt, tsc, tscinvbit, avx, avx2, aes, erms, clmul, bmi1, bmi2, adx, fma, vzeroupper, clflush, clflushopt, hv

Memory: 4k page, system-wide physical 16160M (3451M free)
TotalPageFile size 16160M (AvailPageFile size 12M)
current process WorkingSet (physical memory assigned to process): 199M, peak: 203M
current process commit charge ("private bytes"): 291M, peak: 297M

vm_info: OpenJDK 64-Bit Server VM (17.0.7+7) for windows-amd64 JRE (17.0.7+7), built on Apr 18 2023 22:10:42 by "temurin" with MS VC++ 16.7 (VS2019)

END.
