#
# There is insufficient memory for the Java Runtime Environment to continue.
# Native memory allocation (malloc) failed to allocate 357856 bytes for Chunk::new
# Possible reasons:
#   The system is out of physical RAM or swap space
#   The process is running with CompressedOops enabled, and the Java Heap may be blocking the growth of the native heap
# Possible solutions:
#   Reduce memory load on the system
#   Increase physical memory or swap space
#   Check if swap backing store is full
#   Decrease Java heap size (-Xmx/-Xms)
#   Decrease number of Java threads
#   Decrease Java thread stack sizes (-Xss)
#   Set larger code cache with -XX:ReservedCodeCacheSize=
#   JVM is running with Unscaled Compressed Oops mode in which the Java heap is
#     placed in the first 4GB address space. The Java Heap base address is the
#     maximum limit for the native heap growth. Please use -XX:HeapBaseMinAddress
#     to set the Java Heap base and to place the Java Heap above 4GB virtual address.
# This output file may be truncated or incomplete.
#
#  Out of Memory Error (arena.cpp:189), pid=10644, tid=15248
#
# JRE version: OpenJDK Runtime Environment Temurin-17.0.7+7 (17.0.7+7) (build 17.0.7+7)
# Java VM: OpenJDK 64-Bit Server VM Temurin-17.0.7+7 (17.0.7+7, mixed mode, tiered, compressed oops, compressed class ptrs, parallel gc, windows-amd64)
# No core dump will be written. Minidumps are not enabled by default on client versions of Windows
#

---------------  S U M M A R Y ------------

Command Line: --add-modules=ALL-SYSTEM --add-opens=java.base/java.util=ALL-UNNAMED --add-opens=java.base/java.lang=ALL-UNNAMED --add-opens=java.base/sun.nio.fs=ALL-UNNAMED -Declipse.application=org.eclipse.jdt.ls.core.id1 -Dosgi.bundles.defaultStartLevel=4 -Declipse.product=org.eclipse.jdt.ls.core.product -Djava.import.generatesMetadataFilesAtProjectRoot=false -Dfile.encoding=utf8 -XX:+UseParallelGC -XX:GCTimeRatio=4 -XX:AdaptiveSizePolicyWeight=90 -Dsun.zip.disableMemoryMapping=true -Xmx1G -Xms100m -Xlog:disable -javaagent:c:\Users\khami\.vscode\extensions\redhat.java-1.20.0-win32-x64\lombok\lombok-1.18.28.jar -XX:+HeapDumpOnOutOfMemoryError -XX:HeapDumpPath=c:\Users\khami\AppData\Roaming\Code\User\workspaceStorage\6a2d3d3737832186bb7f3db857603596\redhat.java -Daether.dependencyCollector.impl=bf c:\Users\khami\.vscode\extensions\redhat.java-1.20.0-win32-x64\server\plugins\org.eclipse.equinox.launcher_1.6.500.v20230622-2056.jar -configuration c:\Users\khami\AppData\Roaming\Code\User\globalStorage\redhat.java\1.20.0\config_win -data c:\Users\khami\AppData\Roaming\Code\User\workspaceStorage\6a2d3d3737832186bb7f3db857603596\redhat.java\jdt_ws

Host: Intel(R) Core(TM) i7-10750H CPU @ 2.60GHz, 12 cores, 15G,  Windows 11 , 64 bit Build 25905 (10.0.25905.1000)
Time: Wed Jul 19 00:55:34 2023 SE Asia Standard Time elapsed time: 9.327562 seconds (0d 0h 0m 9s)

---------------  T H R E A D  ---------------

Current thread (0x0000014fff147b80):  JavaThread "C2 CompilerThread2" daemon [_thread_in_native, id=15248, stack(0x0000001966700000,0x0000001966800000)]


Current CompileTask:
C2:   9327 3298       4       java.util.Properties::loadConvert (540 bytes)

Stack: [0x0000001966700000,0x0000001966800000]
Native frames: (J=compiled Java code, j=interpreted, Vv=VM code, C=native code)
V  [jvm.dll+0x67754a]
V  [jvm.dll+0x834304]
V  [jvm.dll+0x835aae]
V  [jvm.dll+0x836113]
V  [jvm.dll+0x24696f]
V  [jvm.dll+0xac0ac]
V  [jvm.dll+0xac67c]
V  [jvm.dll+0x2adbef]
V  [jvm.dll+0x580067]
V  [jvm.dll+0x221e72]
V  [jvm.dll+0x22224f]
V  [jvm.dll+0x21b4a5]
V  [jvm.dll+0x21895b]
V  [jvm.dll+0x1a4d8d]
V  [jvm.dll+0x2284da]
V  [jvm.dll+0x226615]
V  [jvm.dll+0x7ea90b]
V  [jvm.dll+0x7e4e7a]
V  [jvm.dll+0x676395]
C  [ucrtbase.dll+0x609e1]
C  [KERNEL32.DLL+0x124d8]
C  [ntdll.dll+0x4091]


---------------  P R O C E S S  ---------------

Threads class SMR info:
_java_thread_list=0x0000014fff118260, length=22, elements={
0x0000014fe35ffaf0, 0x0000014fe36b6fe0, 0x0000014ff747bb10, 0x0000014fe36ba4e0,
0x0000014fe36bafa0, 0x0000014fe36bba60, 0x0000014fe36be330, 0x0000014ffc82de10,
0x0000014ffc84a030, 0x0000014ffc862900, 0x0000014fe3662850, 0x0000014ffcad1770,
0x0000014ffe40cc00, 0x0000014ffe803a10, 0x0000014ffe9190c0, 0x0000014ffebc5640,
0x0000014ffe959460, 0x0000014ffecab9f0, 0x0000014ffecacd30, 0x0000014ffeed1100,
0x0000014ffecad200, 0x0000014fff147b80
}

Java Threads: ( => current thread )
  0x0000014fe35ffaf0 JavaThread "main" [_thread_blocked, id=10464, stack(0x0000001964500000,0x0000001964600000)]
  0x0000014fe36b6fe0 JavaThread "Reference Handler" daemon [_thread_blocked, id=6940, stack(0x0000001964800000,0x0000001964900000)]
  0x0000014ff747bb10 JavaThread "Finalizer" daemon [_thread_blocked, id=15900, stack(0x0000001964900000,0x0000001964a00000)]
  0x0000014fe36ba4e0 JavaThread "Signal Dispatcher" daemon [_thread_blocked, id=20596, stack(0x0000001964a00000,0x0000001964b00000)]
  0x0000014fe36bafa0 JavaThread "Attach Listener" daemon [_thread_blocked, id=13636, stack(0x0000001964b00000,0x0000001964c00000)]
  0x0000014fe36bba60 JavaThread "Service Thread" daemon [_thread_blocked, id=5152, stack(0x0000001964c00000,0x0000001964d00000)]
  0x0000014fe36be330 JavaThread "Monitor Deflation Thread" daemon [_thread_blocked, id=24416, stack(0x0000001964d00000,0x0000001964e00000)]
  0x0000014ffc82de10 JavaThread "C2 CompilerThread0" daemon [_thread_blocked, id=15788, stack(0x0000001964e00000,0x0000001964f00000)]
  0x0000014ffc84a030 JavaThread "C1 CompilerThread0" daemon [_thread_blocked, id=24000, stack(0x0000001964f00000,0x0000001965000000)]
  0x0000014ffc862900 JavaThread "Sweeper thread" daemon [_thread_blocked, id=7540, stack(0x0000001965000000,0x0000001965100000)]
  0x0000014fe3662850 JavaThread "Common-Cleaner" daemon [_thread_blocked, id=6248, stack(0x0000001965100000,0x0000001965200000)]
  0x0000014ffcad1770 JavaThread "Notification Thread" daemon [_thread_blocked, id=5284, stack(0x0000001965300000,0x0000001965400000)]
  0x0000014ffe40cc00 JavaThread "Active Thread: Equinox Container: 7376274e-6fef-4425-950c-683323d66ff8" [_thread_blocked, id=12092, stack(0x0000001965b00000,0x0000001965c00000)]
  0x0000014ffe803a10 JavaThread "Framework Event Dispatcher: Equinox Container: 7376274e-6fef-4425-950c-683323d66ff8" daemon [_thread_blocked, id=7228, stack(0x0000001965d00000,0x0000001965e00000)]
  0x0000014ffe9190c0 JavaThread "Start Level: Equinox Container: 7376274e-6fef-4425-950c-683323d66ff8" daemon [_thread_in_vm, id=10100, stack(0x0000001965e00000,0x0000001965f00000)]
  0x0000014ffebc5640 JavaThread "SCR Component Actor" daemon [_thread_blocked, id=15496, stack(0x0000001965f00000,0x0000001966000000)]
  0x0000014ffe959460 JavaThread "Worker-JM" [_thread_blocked, id=18148, stack(0x0000001966200000,0x0000001966300000)]
  0x0000014ffecab9f0 JavaThread "Worker-0" [_thread_blocked, id=14672, stack(0x0000001965c00000,0x0000001965d00000)]
  0x0000014ffecacd30 JavaThread "Worker-1: Repository registry initialization" [_thread_in_vm, id=17516, stack(0x0000001966500000,0x0000001966600000)]
  0x0000014ffeed1100 JavaThread "C2 CompilerThread1" daemon [_thread_blocked, id=6600, stack(0x0000001965200000,0x0000001965300000)]
  0x0000014ffecad200 JavaThread "Worker-2" [_thread_blocked, id=13568, stack(0x0000001966600000,0x0000001966700000)]
=>0x0000014fff147b80 JavaThread "C2 CompilerThread2" daemon [_thread_in_native, id=15248, stack(0x0000001966700000,0x0000001966800000)]

Other Threads:
  0x0000014fe36b5c20 VMThread "VM Thread" [stack: 0x0000001964700000,0x0000001964800000] [id=14516]
  0x0000014ffcb88550 WatcherThread [stack: 0x0000001965400000,0x0000001965500000] [id=3188]
  0x0000014fe3616cb0 GCTaskThread "GC Thread#0" [stack: 0x0000001964600000,0x0000001964700000] [id=6116]
  0x0000014ffe5b4860 GCTaskThread "GC Thread#1" [stack: 0x0000001965500000,0x0000001965600000] [id=17600]
  0x0000014ffe5b4b10 GCTaskThread "GC Thread#2" [stack: 0x0000001965600000,0x0000001965700000] [id=9332]
  0x0000014ffe391c50 GCTaskThread "GC Thread#3" [stack: 0x0000001965700000,0x0000001965800000] [id=9228]
  0x0000014ffe391f00 GCTaskThread "GC Thread#4" [stack: 0x0000001965800000,0x0000001965900000] [id=16956]
  0x0000014ffea48320 GCTaskThread "GC Thread#5" [stack: 0x0000001965900000,0x0000001965a00000] [id=22416]
  0x0000014ffea485d0 GCTaskThread "GC Thread#6" [stack: 0x0000001965a00000,0x0000001965b00000] [id=23680]
  0x0000014fe13bc3b0 GCTaskThread "GC Thread#7" [stack: 0x0000001966000000,0x0000001966100000] [id=13368]
  0x0000014ffecaf020 GCTaskThread "GC Thread#8" [stack: 0x0000001966300000,0x0000001966400000] [id=19452]
  0x0000014ffeb9f830 GCTaskThread "GC Thread#9" [stack: 0x0000001966400000,0x0000001966500000] [id=14832]

Threads with active compile tasks:
C2 CompilerThread2     9347 3298       4       java.util.Properties::loadConvert (540 bytes)

VM state: not at safepoint (normal execution)

VM Mutex/Monitor currently owned by a thread:  ([mutex/lock_event])
[0x0000014fe35f95c0] Metaspace_lock - owner thread: 0x0000014ffecacd30

Heap address: 0x00000000c0000000, size: 1024 MB, Compressed Oops mode: 32-bit

CDS archive(s) not mapped
Compressed class space mapped at: 0x0000000100000000-0x0000000140000000, reserved size: 1073741824
Narrow klass base: 0x0000000000000000, Narrow klass shift: 3, Narrow klass range: 0x140000000

GC Precious Log:
 CPUs: 12 total, 12 available
 Memory: 16160M
 Large Page Support: Disabled
 NUMA Support: Disabled
 Compressed Oops: Enabled (32-bit)
 Alignments: Space 512K, Generation 512K, Heap 2M
 Heap Min Capacity: 100M
 Heap Initial Capacity: 100M
 Heap Max Capacity: 1G
 Pre-touch: Disabled
 Parallel Workers: 10

Heap:
 PSYoungGen      total 28160K, used 13992K [0x00000000eab00000, 0x00000000ecb80000, 0x0000000100000000)
  eden space 23552K, 40% used [0x00000000eab00000,0x00000000eb455b40,0x00000000ec200000)
  from space 4608K, 96% used [0x00000000ec700000,0x00000000ecb54588,0x00000000ecb80000)
  to   space 4608K, 0% used [0x00000000ec280000,0x00000000ec280000,0x00000000ec700000)
 ParOldGen       total 68608K, used 7876K [0x00000000c0000000, 0x00000000c4300000, 0x00000000eab00000)
  object space 68608K, 11% used [0x00000000c0000000,0x00000000c07b1320,0x00000000c4300000)
 Metaspace       used 34231K, committed 34880K, reserved 1114112K
  class space    used 3524K, committed 3840K, reserved 1048576K

Card table byte_map: [0x0000014fe2fa0000,0x0000014fe31b0000] _byte_map_base: 0x0000014fe29a0000

Marking Bits: (ParMarkBitMap*) 0x00007ffaf38552c0
 Begin Bits: [0x0000014ff5280000, 0x0000014ff6280000)
 End Bits:   [0x0000014ff6280000, 0x0000014ff7280000)

Polling page: 0x0000014fe15b0000

Metaspace:

Usage:
  Non-class:     29.99 MB used.
      Class:      3.44 MB used.
       Both:     33.43 MB used.

Virtual space:
  Non-class space:       64.00 MB reserved,      30.31 MB ( 47%) committed,  1 nodes.
      Class space:        1.00 GB reserved,       3.75 MB ( <1%) committed,  1 nodes.
             Both:        1.06 GB reserved,      34.06 MB (  3%) committed. 

Chunk freelists:
   Non-Class:  1.11 MB
       Class:  12.19 MB
        Both:  13.30 MB

MaxMetaspaceSize: unlimited
CompressedClassSpaceSize: 1.00 GB
Initial GC threshold: 21.00 MB
Current GC threshold: 35.00 MB
CDS: off
MetaspaceReclaimPolicy: balanced
 - commit_granule_bytes: 65536.
 - commit_granule_words: 8192.
 - virtual_space_node_default_size: 8388608.
 - enlarge_chunks_in_place: 1.
 - new_chunks_are_fully_committed: 0.
 - uncommit_free_chunks: 1.
 - use_allocation_guard: 0.
 - handle_deallocations: 1.


Internal statistics:

num_allocs_failed_limit: 3.
num_arena_births: 478.
num_arena_deaths: 14.
num_vsnodes_births: 2.
num_vsnodes_deaths: 0.
num_space_committed: 545.
num_space_uncommitted: 0.
num_chunks_returned_to_freelist: 17.
num_chunks_taken_from_freelist: 1653.
num_chunk_merges: 7.
num_chunk_splits: 985.
num_chunks_enlarged: 488.
num_inconsistent_stats: 0.

CodeHeap 'non-profiled nmethods': size=120000Kb used=1526Kb max_used=1526Kb free=118473Kb
 bounds [0x0000014fedd50000, 0x0000014fedfc0000, 0x0000014ff5280000]
CodeHeap 'profiled nmethods': size=120000Kb used=6777Kb max_used=6777Kb free=113222Kb
 bounds [0x0000014fe6280000, 0x0000014fe6920000, 0x0000014fed7b0000]
CodeHeap 'non-nmethods': size=5760Kb used=1247Kb max_used=1301Kb free=4512Kb
 bounds [0x0000014fed7b0000, 0x0000014feda20000, 0x0000014fedd50000]
 total_blobs=3913 nmethods=3348 adapters=479
 compilation: enabled
              stopped_count=0, restarted_count=0
 full_count=0

Compilation events (20 events):
Event: 7.298 Thread 0x0000014ffeed1100 nmethod 3305 0x0000014fedec9210 code [0x0000014fedec9380, 0x0000014fedec9438]
Event: 7.298 Thread 0x0000014ffeed1100 3306       4       java.util.ImmutableCollections$ListN::size (6 bytes)
Event: 7.298 Thread 0x0000014ffeed1100 nmethod 3306 0x0000014fedec9510 code [0x0000014fedec9680, 0x0000014fedec9718]
Event: 7.298 Thread 0x0000014ffc84a030 3308       3       com.google.common.collect.Hashing::smear (19 bytes)
Event: 7.298 Thread 0x0000014ffc84a030 nmethod 3308 0x0000014fe6905610 code [0x0000014fe69057a0, 0x0000014fe6905918]
Event: 7.298 Thread 0x0000014ffc84a030 3309       3       java.lang.Integer::rotateLeft (9 bytes)
Event: 7.298 Thread 0x0000014ffc84a030 nmethod 3309 0x0000014fe6905a10 code [0x0000014fe6905ba0, 0x0000014fe6905c98]
Event: 7.299 Thread 0x0000014ffc84a030 3310       3       com.google.inject.internal.BindingImpl::<init> (30 bytes)
Event: 7.299 Thread 0x0000014ffc84a030 nmethod 3310 0x0000014fe6905d10 code [0x0000014fe6905ea0, 0x0000014fe6906078]
Event: 7.299 Thread 0x0000014ffc84a030 3311       3       jdk.internal.reflect.ConstantPool::getUTF8At (10 bytes)
Event: 7.299 Thread 0x0000014ffc84a030 nmethod 3311 0x0000014fe6906190 code [0x0000014fe6906320, 0x0000014fe6906468]
Event: 7.300 Thread 0x0000014ffc84a030 3313       1       com.google.common.collect.ImmutableMapEntry$NonTerminalImmutableMapEntry::getNextInKeyBucket (5 bytes)
Event: 7.300 Thread 0x0000014ffc84a030 nmethod 3313 0x0000014fedec9c10 code [0x0000014fedec9da0, 0x0000014fedec9e78]
Event: 7.300 Thread 0x0000014ffc84a030 3314       3       org.eclipse.sisu.space.asm.ClassReader::readMethod (1123 bytes)
Event: 7.303 Thread 0x0000014ffc84a030 nmethod 3314 0x0000014fe6906510 code [0x0000014fe6906b40, 0x0000014fe690a5a8]
Event: 7.303 Thread 0x0000014ffc84a030 3320       3       java.util.ArrayList::fastRemove (44 bytes)
Event: 7.303 Thread 0x0000014ffc84a030 nmethod 3320 0x0000014fe690bd10 code [0x0000014fe690bec0, 0x0000014fe690c268]
Event: 7.303 Thread 0x0000014ffc84a030 3319       3       com.google.common.collect.RegularImmutableMap::get (64 bytes)
Event: 7.303 Thread 0x0000014ffc84a030 nmethod 3319 0x0000014fe690c390 code [0x0000014fe690c5a0, 0x0000014fe690cb38]
Event: 7.303 Thread 0x0000014ffc84a030 3316       3       com.google.inject.internal.MoreTypes::isFullySpecified (48 bytes)

GC Heap History (18 events):
Event: 0.936 GC heap before
{Heap before GC invocations=1 (full 0):
 PSYoungGen      total 29696K, used 25600K [0x00000000eab00000, 0x00000000ecc00000, 0x0000000100000000)
  eden space 25600K, 100% used [0x00000000eab00000,0x00000000ec400000,0x00000000ec400000)
  from space 4096K, 0% used [0x00000000ec800000,0x00000000ec800000,0x00000000ecc00000)
  to   space 4096K, 0% used [0x00000000ec400000,0x00000000ec400000,0x00000000ec800000)
 ParOldGen       total 68608K, used 0K [0x00000000c0000000, 0x00000000c4300000, 0x00000000eab00000)
  object space 68608K, 0% used [0x00000000c0000000,0x00000000c0000000,0x00000000c4300000)
 Metaspace       used 11183K, committed 11392K, reserved 1114112K
  class space    used 1121K, committed 1216K, reserved 1048576K
}
Event: 0.942 GC heap after
{Heap after GC invocations=1 (full 0):
 PSYoungGen      total 29696K, used 3144K [0x00000000eab00000, 0x00000000ecc00000, 0x0000000100000000)
  eden space 25600K, 0% used [0x00000000eab00000,0x00000000eab00000,0x00000000ec400000)
  from space 4096K, 76% used [0x00000000ec400000,0x00000000ec7123a8,0x00000000ec800000)
  to   space 4096K, 0% used [0x00000000ec800000,0x00000000ec800000,0x00000000ecc00000)
 ParOldGen       total 68608K, used 16K [0x00000000c0000000, 0x00000000c4300000, 0x00000000eab00000)
  object space 68608K, 0% used [0x00000000c0000000,0x00000000c0004000,0x00000000c4300000)
 Metaspace       used 11183K, committed 11392K, reserved 1114112K
  class space    used 1121K, committed 1216K, reserved 1048576K
}
Event: 1.485 GC heap before
{Heap before GC invocations=2 (full 0):
 PSYoungGen      total 29696K, used 28744K [0x00000000eab00000, 0x00000000ecc00000, 0x0000000100000000)
  eden space 25600K, 100% used [0x00000000eab00000,0x00000000ec400000,0x00000000ec400000)
  from space 4096K, 76% used [0x00000000ec400000,0x00000000ec7123a8,0x00000000ec800000)
  to   space 4096K, 0% used [0x00000000ec800000,0x00000000ec800000,0x00000000ecc00000)
 ParOldGen       total 68608K, used 16K [0x00000000c0000000, 0x00000000c4300000, 0x00000000eab00000)
  object space 68608K, 0% used [0x00000000c0000000,0x00000000c0004000,0x00000000c4300000)
 Metaspace       used 15039K, committed 15296K, reserved 1114112K
  class space    used 1524K, committed 1664K, reserved 1048576K
}
Event: 1.490 GC heap after
{Heap after GC invocations=2 (full 0):
 PSYoungGen      total 29696K, used 4094K [0x00000000eab00000, 0x00000000ecc00000, 0x0000000100000000)
  eden space 25600K, 0% used [0x00000000eab00000,0x00000000eab00000,0x00000000ec400000)
  from space 4096K, 99% used [0x00000000ec800000,0x00000000ecbff8b8,0x00000000ecc00000)
  to   space 4096K, 0% used [0x00000000ec400000,0x00000000ec400000,0x00000000ec800000)
 ParOldGen       total 68608K, used 1468K [0x00000000c0000000, 0x00000000c4300000, 0x00000000eab00000)
  object space 68608K, 2% used [0x00000000c0000000,0x00000000c016f2f8,0x00000000c4300000)
 Metaspace       used 15039K, committed 15296K, reserved 1114112K
  class space    used 1524K, committed 1664K, reserved 1048576K
}
Event: 1.992 GC heap before
{Heap before GC invocations=3 (full 0):
 PSYoungGen      total 29696K, used 29694K [0x00000000eab00000, 0x00000000ecc00000, 0x0000000100000000)
  eden space 25600K, 100% used [0x00000000eab00000,0x00000000ec400000,0x00000000ec400000)
  from space 4096K, 99% used [0x00000000ec800000,0x00000000ecbff8b8,0x00000000ecc00000)
  to   space 4096K, 0% used [0x00000000ec400000,0x00000000ec400000,0x00000000ec800000)
 ParOldGen       total 68608K, used 1468K [0x00000000c0000000, 0x00000000c4300000, 0x00000000eab00000)
  object space 68608K, 2% used [0x00000000c0000000,0x00000000c016f2f8,0x00000000c4300000)
 Metaspace       used 19887K, committed 20288K, reserved 1114112K
  class space    used 2015K, committed 2176K, reserved 1048576K
}
Event: 1.996 GC heap after
{Heap after GC invocations=3 (full 0):
 PSYoungGen      total 29696K, used 4091K [0x00000000eab00000, 0x00000000ecc00000, 0x0000000100000000)
  eden space 25600K, 0% used [0x00000000eab00000,0x00000000eab00000,0x00000000ec400000)
  from space 4096K, 99% used [0x00000000ec400000,0x00000000ec7fecc0,0x00000000ec800000)
  to   space 4096K, 0% used [0x00000000ec800000,0x00000000ec800000,0x00000000ecc00000)
 ParOldGen       total 68608K, used 3451K [0x00000000c0000000, 0x00000000c4300000, 0x00000000eab00000)
  object space 68608K, 5% used [0x00000000c0000000,0x00000000c035ed30,0x00000000c4300000)
 Metaspace       used 19887K, committed 20288K, reserved 1114112K
  class space    used 2015K, committed 2176K, reserved 1048576K
}
Event: 2.171 GC heap before
{Heap before GC invocations=4 (full 0):
 PSYoungGen      total 29696K, used 11454K [0x00000000eab00000, 0x00000000ecc00000, 0x0000000100000000)
  eden space 25600K, 28% used [0x00000000eab00000,0x00000000eb230bb0,0x00000000ec400000)
  from space 4096K, 99% used [0x00000000ec400000,0x00000000ec7fecc0,0x00000000ec800000)
  to   space 4096K, 0% used [0x00000000ec800000,0x00000000ec800000,0x00000000ecc00000)
 ParOldGen       total 68608K, used 3451K [0x00000000c0000000, 0x00000000c4300000, 0x00000000eab00000)
  object space 68608K, 5% used [0x00000000c0000000,0x00000000c035ed30,0x00000000c4300000)
 Metaspace       used 21017K, committed 21504K, reserved 1114112K
  class space    used 2146K, committed 2368K, reserved 1048576K
}
Event: 2.173 GC heap after
{Heap after GC invocations=4 (full 0):
 PSYoungGen      total 29696K, used 4091K [0x00000000eab00000, 0x00000000ecc00000, 0x0000000100000000)
  eden space 25600K, 0% used [0x00000000eab00000,0x00000000eab00000,0x00000000ec400000)
  from space 4096K, 99% used [0x00000000ec800000,0x00000000ecbfeca0,0x00000000ecc00000)
  to   space 4096K, 0% used [0x00000000ec400000,0x00000000ec400000,0x00000000ec800000)
 ParOldGen       total 68608K, used 3919K [0x00000000c0000000, 0x00000000c4300000, 0x00000000eab00000)
  object space 68608K, 5% used [0x00000000c0000000,0x00000000c03d3d60,0x00000000c4300000)
 Metaspace       used 21017K, committed 21504K, reserved 1114112K
  class space    used 2146K, committed 2368K, reserved 1048576K
}
Event: 2.173 GC heap before
{Heap before GC invocations=5 (full 1):
 PSYoungGen      total 29696K, used 4091K [0x00000000eab00000, 0x00000000ecc00000, 0x0000000100000000)
  eden space 25600K, 0% used [0x00000000eab00000,0x00000000eab00000,0x00000000ec400000)
  from space 4096K, 99% used [0x00000000ec800000,0x00000000ecbfeca0,0x00000000ecc00000)
  to   space 4096K, 0% used [0x00000000ec400000,0x00000000ec400000,0x00000000ec800000)
 ParOldGen       total 68608K, used 3919K [0x00000000c0000000, 0x00000000c4300000, 0x00000000eab00000)
  object space 68608K, 5% used [0x00000000c0000000,0x00000000c03d3d60,0x00000000c4300000)
 Metaspace       used 21017K, committed 21504K, reserved 1114112K
  class space    used 2146K, committed 2368K, reserved 1048576K
}
Event: 2.192 GC heap after
{Heap after GC invocations=5 (full 1):
 PSYoungGen      total 29696K, used 0K [0x00000000eab00000, 0x00000000ecc00000, 0x0000000100000000)
  eden space 25600K, 0% used [0x00000000eab00000,0x00000000eab00000,0x00000000ec400000)
  from space 4096K, 0% used [0x00000000ec800000,0x00000000ec800000,0x00000000ecc00000)
  to   space 4096K, 0% used [0x00000000ec400000,0x00000000ec400000,0x00000000ec800000)
 ParOldGen       total 68608K, used 7828K [0x00000000c0000000, 0x00000000c4300000, 0x00000000eab00000)
  object space 68608K, 11% used [0x00000000c0000000,0x00000000c07a5320,0x00000000c4300000)
 Metaspace       used 21004K, committed 21504K, reserved 1114112K
  class space    used 2142K, committed 2368K, reserved 1048576K
}
Event: 3.811 GC heap before
{Heap before GC invocations=6 (full 1):
 PSYoungGen      total 29696K, used 25600K [0x00000000eab00000, 0x00000000ecc00000, 0x0000000100000000)
  eden space 25600K, 100% used [0x00000000eab00000,0x00000000ec400000,0x00000000ec400000)
  from space 4096K, 0% used [0x00000000ec800000,0x00000000ec800000,0x00000000ecc00000)
  to   space 4096K, 0% used [0x00000000ec400000,0x00000000ec400000,0x00000000ec800000)
 ParOldGen       total 68608K, used 7828K [0x00000000c0000000, 0x00000000c4300000, 0x00000000eab00000)
  object space 68608K, 11% used [0x00000000c0000000,0x00000000c07a5320,0x00000000c4300000)
 Metaspace       used 24385K, committed 25024K, reserved 1114112K
  class space    used 2554K, committed 2816K, reserved 1048576K
}
Event: 3.812 GC heap after
{Heap after GC invocations=6 (full 1):
 PSYoungGen      total 28160K, used 2811K [0x00000000eab00000, 0x00000000eca80000, 0x0000000100000000)
  eden space 25088K, 0% used [0x00000000eab00000,0x00000000eab00000,0x00000000ec380000)
  from space 3072K, 91% used [0x00000000ec400000,0x00000000ec6beed8,0x00000000ec700000)
  to   space 3584K, 0% used [0x00000000ec700000,0x00000000ec700000,0x00000000eca80000)
 ParOldGen       total 68608K, used 7836K [0x00000000c0000000, 0x00000000c4300000, 0x00000000eab00000)
  object space 68608K, 11% used [0x00000000c0000000,0x00000000c07a7320,0x00000000c4300000)
 Metaspace       used 24385K, committed 25024K, reserved 1114112K
  class space    used 2554K, committed 2816K, reserved 1048576K
}
Event: 4.946 GC heap before
{Heap before GC invocations=7 (full 1):
 PSYoungGen      total 28160K, used 27899K [0x00000000eab00000, 0x00000000eca80000, 0x0000000100000000)
  eden space 25088K, 100% used [0x00000000eab00000,0x00000000ec380000,0x00000000ec380000)
  from space 3072K, 91% used [0x00000000ec400000,0x00000000ec6beed8,0x00000000ec700000)
  to   space 3584K, 0% used [0x00000000ec700000,0x00000000ec700000,0x00000000eca80000)
 ParOldGen       total 68608K, used 7836K [0x00000000c0000000, 0x00000000c4300000, 0x00000000eab00000)
  object space 68608K, 11% used [0x00000000c0000000,0x00000000c07a7320,0x00000000c4300000)
 Metaspace       used 27252K, committed 27968K, reserved 1114112K
  class space    used 2839K, committed 3136K, reserved 1048576K
}
Event: 4.947 GC heap after
{Heap after GC invocations=7 (full 1):
 PSYoungGen      total 28160K, used 3556K [0x00000000eab00000, 0x00000000ecb00000, 0x0000000100000000)
  eden space 24576K, 0% used [0x00000000eab00000,0x00000000eab00000,0x00000000ec300000)
  from space 3584K, 99% used [0x00000000ec700000,0x00000000eca79188,0x00000000eca80000)
  to   space 4096K, 0% used [0x00000000ec300000,0x00000000ec300000,0x00000000ec700000)
 ParOldGen       total 68608K, used 7860K [0x00000000c0000000, 0x00000000c4300000, 0x00000000eab00000)
  object space 68608K, 11% used [0x00000000c0000000,0x00000000c07ad320,0x00000000c4300000)
 Metaspace       used 27252K, committed 27968K, reserved 1114112K
  class space    used 2839K, committed 3136K, reserved 1048576K
}
Event: 6.122 GC heap before
{Heap before GC invocations=8 (full 1):
 PSYoungGen      total 28160K, used 28075K [0x00000000eab00000, 0x00000000ecb00000, 0x0000000100000000)
  eden space 24576K, 99% used [0x00000000eab00000,0x00000000ec2f1d50,0x00000000ec300000)
  from space 3584K, 99% used [0x00000000ec700000,0x00000000eca79188,0x00000000eca80000)
  to   space 4096K, 0% used [0x00000000ec300000,0x00000000ec300000,0x00000000ec700000)
 ParOldGen       total 68608K, used 7860K [0x00000000c0000000, 0x00000000c4300000, 0x00000000eab00000)
  object space 68608K, 11% used [0x00000000c0000000,0x00000000c07ad320,0x00000000c4300000)
 Metaspace       used 31498K, committed 32192K, reserved 1114112K
  class space    used 3265K, committed 3584K, reserved 1048576K
}
Event: 6.123 GC heap after
{Heap after GC invocations=8 (full 1):
 PSYoungGen      total 28160K, used 4056K [0x00000000eab00000, 0x00000000ecb80000, 0x0000000100000000)
  eden space 24064K, 0% used [0x00000000eab00000,0x00000000eab00000,0x00000000ec280000)
  from space 4096K, 99% used [0x00000000ec300000,0x00000000ec6f60c0,0x00000000ec700000)
  to   space 4608K, 0% used [0x00000000ec700000,0x00000000ec700000,0x00000000ecb80000)
 ParOldGen       total 68608K, used 7868K [0x00000000c0000000, 0x00000000c4300000, 0x00000000eab00000)
  object space 68608K, 11% used [0x00000000c0000000,0x00000000c07af320,0x00000000c4300000)
 Metaspace       used 31498K, committed 32192K, reserved 1114112K
  class space    used 3265K, committed 3584K, reserved 1048576K
}
Event: 7.226 GC heap before
{Heap before GC invocations=9 (full 1):
 PSYoungGen      total 28160K, used 28120K [0x00000000eab00000, 0x00000000ecb80000, 0x0000000100000000)
  eden space 24064K, 100% used [0x00000000eab00000,0x00000000ec280000,0x00000000ec280000)
  from space 4096K, 99% used [0x00000000ec300000,0x00000000ec6f60c0,0x00000000ec700000)
  to   space 4608K, 0% used [0x00000000ec700000,0x00000000ec700000,0x00000000ecb80000)
 ParOldGen       total 68608K, used 7868K [0x00000000c0000000, 0x00000000c4300000, 0x00000000eab00000)
  object space 68608K, 11% used [0x00000000c0000000,0x00000000c07af320,0x00000000c4300000)
 Metaspace       used 32996K, committed 33728K, reserved 1114112K
  class space    used 3380K, committed 3712K, reserved 1048576K
}
Event: 7.228 GC heap after
{Heap after GC invocations=9 (full 1):
 PSYoungGen      total 28160K, used 4433K [0x00000000eab00000, 0x00000000ecb80000, 0x0000000100000000)
  eden space 23552K, 0% used [0x00000000eab00000,0x00000000eab00000,0x00000000ec200000)
  from space 4608K, 96% used [0x00000000ec700000,0x00000000ecb54588,0x00000000ecb80000)
  to   space 4608K, 0% used [0x00000000ec280000,0x00000000ec280000,0x00000000ec700000)
 ParOldGen       total 68608K, used 7876K [0x00000000c0000000, 0x00000000c4300000, 0x00000000eab00000)
  object space 68608K, 11% used [0x00000000c0000000,0x00000000c07b1320,0x00000000c4300000)
 Metaspace       used 32996K, committed 33728K, reserved 1114112K
  class space    used 3380K, committed 3712K, reserved 1048576K
}

Dll operation events (9 events):
Event: 0.012 Loaded shared library c:\Users\khami\.vscode\extensions\redhat.java-1.20.0-win32-x64\jre\17.0.7-win32-x86_64\bin\java.dll
Event: 0.183 Loaded shared library c:\Users\khami\.vscode\extensions\redhat.java-1.20.0-win32-x64\jre\17.0.7-win32-x86_64\bin\zip.dll
Event: 0.196 Loaded shared library C:\Users\khami\.vscode\extensions\redhat.java-1.20.0-win32-x64\jre\17.0.7-win32-x86_64\bin\instrument.dll
Event: 0.213 Loaded shared library C:\Users\khami\.vscode\extensions\redhat.java-1.20.0-win32-x64\jre\17.0.7-win32-x86_64\bin\net.dll
Event: 0.215 Loaded shared library C:\Users\khami\.vscode\extensions\redhat.java-1.20.0-win32-x64\jre\17.0.7-win32-x86_64\bin\nio.dll
Event: 0.224 Loaded shared library C:\Users\khami\.vscode\extensions\redhat.java-1.20.0-win32-x64\jre\17.0.7-win32-x86_64\bin\zip.dll
Event: 0.254 Loaded shared library C:\Users\khami\.vscode\extensions\redhat.java-1.20.0-win32-x64\jre\17.0.7-win32-x86_64\bin\jimage.dll
Event: 0.343 Loaded shared library c:\Users\khami\.vscode\extensions\redhat.java-1.20.0-win32-x64\jre\17.0.7-win32-x86_64\bin\verify.dll
Event: 1.365 Loaded shared library C:\Users\khami\AppData\Roaming\Code\User\globalStorage\redhat.java\1.20.0\config_win\org.eclipse.equinox.launcher\org.eclipse.equinox.launcher.win32.win32.x86_64_1.2.700.v20221108-1024\eclipse_11801.dll

Deoptimization events (20 events):
Event: 7.290 Thread 0x0000014ffe9190c0 DEOPT PACKING pc=0x0000014fedeb06a8 sp=0x0000001965ef8a40
Event: 7.290 Thread 0x0000014ffe9190c0 DEOPT UNPACKING pc=0x0000014fed8066a3 sp=0x0000001965ef89d8 mode 2
Event: 7.290 Thread 0x0000014ffe9190c0 Uncommon trap: trap_request=0xffffffc6 fr.pc=0x0000014fedeb52e4 relative=0x0000000000000224
Event: 7.290 Thread 0x0000014ffe9190c0 Uncommon trap: reason=bimorphic_or_optimized_type_check action=maybe_recompile pc=0x0000014fedeb52e4 method=java.nio.Buffer.<init>(IIIILjdk/internal/access/foreign/MemorySegmentProxy;)V @ 39 c2
Event: 7.290 Thread 0x0000014ffe9190c0 DEOPT PACKING pc=0x0000014fedeb52e4 sp=0x0000001965ef8740
Event: 7.290 Thread 0x0000014ffe9190c0 DEOPT UNPACKING pc=0x0000014fed8066a3 sp=0x0000001965ef86f8 mode 2
Event: 7.291 Thread 0x0000014ffe9190c0 Uncommon trap: trap_request=0xffffffc6 fr.pc=0x0000014fedeb52e4 relative=0x0000000000000224
Event: 7.291 Thread 0x0000014ffe9190c0 Uncommon trap: reason=bimorphic_or_optimized_type_check action=maybe_recompile pc=0x0000014fedeb52e4 method=java.nio.Buffer.<init>(IIIILjdk/internal/access/foreign/MemorySegmentProxy;)V @ 39 c2
Event: 7.291 Thread 0x0000014ffe9190c0 DEOPT PACKING pc=0x0000014fedeb52e4 sp=0x0000001965ef8740
Event: 7.291 Thread 0x0000014ffe9190c0 DEOPT UNPACKING pc=0x0000014fed8066a3 sp=0x0000001965ef86f8 mode 2
Event: 7.291 Thread 0x0000014ffe9190c0 Uncommon trap: trap_request=0xffffffc6 fr.pc=0x0000014fedeb52e4 relative=0x0000000000000224
Event: 7.291 Thread 0x0000014ffe9190c0 Uncommon trap: reason=bimorphic_or_optimized_type_check action=maybe_recompile pc=0x0000014fedeb52e4 method=java.nio.Buffer.<init>(IIIILjdk/internal/access/foreign/MemorySegmentProxy;)V @ 39 c2
Event: 7.291 Thread 0x0000014ffe9190c0 DEOPT PACKING pc=0x0000014fedeb52e4 sp=0x0000001965ef8740
Event: 7.291 Thread 0x0000014ffe9190c0 DEOPT UNPACKING pc=0x0000014fed8066a3 sp=0x0000001965ef86f8 mode 2
Event: 7.292 Thread 0x0000014ffe9190c0 DEOPT PACKING pc=0x0000014fe6759d9e sp=0x0000001965ef8eb0
Event: 7.292 Thread 0x0000014ffe9190c0 DEOPT UNPACKING pc=0x0000014fed806e43 sp=0x0000001965ef83a8 mode 0
Event: 7.292 Thread 0x0000014ffe9190c0 DEOPT PACKING pc=0x0000014fe6759d9e sp=0x0000001965ef8eb0
Event: 7.292 Thread 0x0000014ffe9190c0 DEOPT UNPACKING pc=0x0000014fed806e43 sp=0x0000001965ef83a8 mode 0
Event: 7.293 Thread 0x0000014ffe9190c0 DEOPT PACKING pc=0x0000014fe6759d9e sp=0x0000001965ef8eb0
Event: 7.293 Thread 0x0000014ffe9190c0 DEOPT UNPACKING pc=0x0000014fed806e43 sp=0x0000001965ef83a8 mode 0

Classes unloaded (7 events):
Event: 2.176 Thread 0x0000014fe36b5c20 Unloading class 0x0000000100216400 'java/lang/invoke/LambdaForm$MH+0x0000000100216400'
Event: 2.176 Thread 0x0000014fe36b5c20 Unloading class 0x0000000100216000 'java/lang/invoke/LambdaForm$MH+0x0000000100216000'
Event: 2.176 Thread 0x0000014fe36b5c20 Unloading class 0x0000000100215c00 'java/lang/invoke/LambdaForm$MH+0x0000000100215c00'
Event: 2.176 Thread 0x0000014fe36b5c20 Unloading class 0x0000000100215800 'java/lang/invoke/LambdaForm$MH+0x0000000100215800'
Event: 2.176 Thread 0x0000014fe36b5c20 Unloading class 0x0000000100215000 'java/lang/invoke/LambdaForm$BMH+0x0000000100215000'
Event: 2.176 Thread 0x0000014fe36b5c20 Unloading class 0x0000000100214c00 'java/lang/invoke/LambdaForm$DMH+0x0000000100214c00'
Event: 2.176 Thread 0x0000014fe36b5c20 Unloading class 0x0000000100212000 'java/lang/invoke/LambdaForm$DMH+0x0000000100212000'

Classes redefined (0 events):
No events

Internal exceptions (20 events):
Event: 3.729 Thread 0x0000014ffe9190c0 Exception <a 'java/lang/NoSuchMethodError'{0x00000000ebf1a5c0}: 'int java.lang.invoke.DirectMethodHandle$Holder.invokeStatic(java.lang.Object, long)'> (0x00000000ebf1a5c0) 
thrown [s\src\hotspot\share\interpreter\linkResolver.cpp, line 759]
Event: 3.731 Thread 0x0000014ffe9190c0 Exception <a 'java/lang/NoSuchMethodError'{0x00000000ebf42eb8}: 'int java.lang.invoke.Invokers$Holder.linkToTargetMethod(java.lang.Object, java.lang.Object)'> (0x00000000ebf42eb8) 
thrown [s\src\hotspot\share\interpreter\linkResolver.cpp, line 759]
Event: 3.751 Thread 0x0000014ffe9190c0 Exception <a 'java/lang/NoSuchMethodError'{0x00000000ec022f20}: 'java.lang.Object java.lang.invoke.DirectMethodHandle$Holder.invokeSpecial(java.lang.Object, java.lang.Object, java.lang.Object, java.lang.Object, java.lang.Object, java.lang.Object, java.lang.Object, java.lang.Object, java.lang.Object, java.lang.Object, java.lang.Object)'> (0x00000000ec022f20) 
thrown [s\src\hotspot\share\interpreter\linkResolver.cpp, line 759]
Event: 3.751 Thread 0x0000014ffe9190c0 Exception <a 'java/lang/NoSuchMethodError'{0x00000000ec028438}: 'java.lang.Object java.lang.invoke.Invokers$Holder.invoke_MT(java.lang.Object, java.lang.Object, java.lang.Object, java.lang.Object, java.lang.Object, java.lang.Object, java.lang.Object, java.lang.Object, java.lang.Object, java.lang.Object, java.lang.Object)'> (0x00000000ec028438) 
thrown [s\src\hotspot\share\interpreter\linkResolver.cpp, line 759]
Event: 3.759 Thread 0x0000014ffe9190c0 Exception <a 'java/lang/NoSuchMethodError'{0x00000000ec0b01b8}: 'java.lang.Object java.lang.invoke.DirectMethodHandle$Holder.invokeSpecial(java.lang.Object, java.lang.Object, java.lang.Object, java.lang.Object, java.lang.Object, java.lang.Object, java.lang.Object, java.lang.Object, java.lang.Object, java.lang.Object)'> (0x00000000ec0b01b8) 
thrown [s\src\hotspot\share\interpreter\linkResolver.cpp, line 759]
Event: 3.759 Thread 0x0000014ffe9190c0 Exception <a 'java/lang/NoSuchMethodError'{0x00000000ec0b5408}: 'java.lang.Object java.lang.invoke.Invokers$Holder.invoke_MT(java.lang.Object, java.lang.Object, java.lang.Object, java.lang.Object, java.lang.Object, java.lang.Object, java.lang.Object, java.lang.Object, java.lang.Object, java.lang.Object)'> (0x00000000ec0b5408) 
thrown [s\src\hotspot\share\interpreter\linkResolver.cpp, line 759]
Event: 3.768 Thread 0x0000014ffe9190c0 Exception <a 'java/lang/NoSuchMethodError'{0x00000000ec156b00}: 'java.lang.Object java.lang.invoke.DirectMethodHandle$Holder.newInvokeSpecial(java.lang.Object, java.lang.Object, java.lang.Object, java.lang.Object, java.lang.Object, java.lang.Object, java.lang.Object)'> (0x00000000ec156b00) 
thrown [s\src\hotspot\share\interpreter\linkResolver.cpp, line 759]
Event: 3.775 Thread 0x0000014ffe9190c0 Exception <a 'java/lang/NoSuchMethodError'{0x00000000ec1c75e8}: 'java.lang.Object java.lang.invoke.DirectMethodHandle$Holder.invokeSpecial(java.lang.Object, java.lang.Object, java.lang.Object, java.lang.Object, java.lang.Object, java.lang.Object, java.lang.Object, java.lang.Object, java.lang.Object, java.lang.Object, java.lang.Object, java.lang.Object, java.lang.Object)'> (0x00000000ec1c75e8) 
thrown [s\src\hotspot\share\interpreter\linkResolver.cpp, line 759]
Event: 3.775 Thread 0x0000014ffe9190c0 Exception <a 'java/lang/NoSuchMethodError'{0x00000000ec1cd118}: 'java.lang.Object java.lang.invoke.Invokers$Holder.invoker(java.lang.Object, java.lang.Object, java.lang.Object, java.lang.Object, java.lang.Object, java.lang.Object, java.lang.Object, java.lang.Object, java.lang.Object, java.lang.Object, java.lang.Object, java.lang.Object, java.lang.Object)'> (0x00000000ec1cd118) 
thrown [s\src\hotspot\share\interpreter\linkResolver.cpp, line 759]
Event: 3.776 Thread 0x0000014ffe9190c0 Exception <a 'java/lang/NoSuchMethodError'{0x00000000ec1d3e18}: 'java.lang.Object java.lang.invoke.DirectMethodHandle$Holder.invokeSpecial(java.lang.Object, java.lang.Object, java.lang.Object, java.lang.Object, java.lang.Object, java.lang.Object, java.lang.Object, java.lang.Object, java.lang.Object, java.lang.Object, java.lang.Object, java.lang.Object, java.lang.Object, java.lang.Object)'> (0x00000000ec1d3e18) 
thrown [s\src\hotspot\share\interpreter\linkResolver.cpp, line 759]
Event: 3.783 Thread 0x0000014ffe9190c0 Exception <a 'java/lang/NoSuchMethodError'{0x00000000ec233788}: static Lorg/eclipse/m2e/core/internal/lifecyclemapping/model/PluginExecutionMetadata;.<clinit>()V> (0x00000000ec233788) 
thrown [s\src\hotspot\share\prims\jni.cpp, line 1107]
Event: 3.787 Thread 0x0000014ffe9190c0 Exception <a 'java/lang/NoSuchMethodError'{0x00000000ec28c718}: static Lorg/eclipse/m2e/core/internal/lifecyclemapping/model/PluginExecutionFilter;.<clinit>()V> (0x00000000ec28c718) 
thrown [s\src\hotspot\share\prims\jni.cpp, line 1107]
Event: 3.790 Thread 0x0000014ffe9190c0 Exception <a 'java/lang/NoSuchMethodError'{0x00000000ec2c5f70}: static Lorg/eclipse/m2e/core/internal/project/registry/MavenProjectFacade$MavenProjectConfiguration;.<clinit>()V> (0x00000000ec2c5f70) 
thrown [s\src\hotspot\share\prims\jni.cpp, line 1107]
Event: 3.822 Thread 0x0000014ffecab9f0 Exception <a 'java/io/FileNotFoundException'{0x00000000eabf4060}> (0x00000000eabf4060) 
thrown [s\src\hotspot\share\prims\jni.cpp, line 516]
Event: 4.853 Thread 0x0000014ffecacd30 Exception <a 'java/lang/NoSuchMethodError'{0x00000000eafcb970}: 'java.lang.Object java.lang.invoke.DirectMethodHandle$Holder.invokeSpecialIFC(java.lang.Object, java.lang.Object, java.lang.Object, java.lang.Object)'> (0x00000000eafcb970) 
thrown [s\src\hotspot\share\interpreter\linkResolver.cpp, line 759]
Event: 4.988 Thread 0x0000014ffecacd30 Exception <a 'java/lang/NoSuchMethodError'{0x00000000eb114f88}: 'int java.lang.invoke.DirectMethodHandle$Holder.invokeSpecialIFC(java.lang.Object, java.lang.Object, java.lang.Object, java.lang.Object, java.lang.Object)'> (0x00000000eb114f88) 
thrown [s\src\hotspot\share\interpreter\linkResolver.cpp, line 759]
Event: 5.072 Thread 0x0000014ffecacd30 Exception <a 'java/lang/NoClassDefFoundError'{0x00000000ebe4bbc8}: javax/enterprise/inject/Typed> (0x00000000ebe4bbc8) 
thrown [s\src\hotspot\share\classfile\systemDictionary.cpp, line 245]
Event: 7.289 Thread 0x0000014ffe9190c0 Exception <a 'java/lang/ClassNotFoundException'{0x00000000eb0ffc78}: com/sun/org/apache/xerces/internal/impl/msg/spi/DOMMessagesProvider> (0x00000000eb0ffc78) 
thrown [s\src\hotspot\share\classfile\systemDictionary.cpp, line 256]
Event: 7.291 Thread 0x0000014ffe9190c0 Exception <a 'java/lang/ClassNotFoundException'{0x00000000eb11b940}: com/sun/org/apache/xerces/internal/impl/msg/spi/XMLSerializerMessagesProvider> (0x00000000eb11b940) 
thrown [s\src\hotspot\share\classfile\systemDictionary.cpp, line 256]
Event: 7.291 Thread 0x0000014ffe9190c0 Exception <a 'java/lang/ClassNotFoundException'{0x00000000eb128c18}: com/sun/org/apache/xerces/internal/impl/msg/spi/XMLMessagesProvider> (0x00000000eb128c18) 
thrown [s\src\hotspot\share\classfile\systemDictionary.cpp, line 256]

VM Operations (20 events):
Event: 4.815 Executing VM operation: Cleanup done
Event: 4.836 Executing VM operation: HandshakeAllThreads
Event: 4.836 Executing VM operation: HandshakeAllThreads done
Event: 4.864 Executing VM operation: HandshakeAllThreads
Event: 4.864 Executing VM operation: HandshakeAllThreads done
Event: 4.945 Executing VM operation: ParallelGCFailedAllocation
Event: 4.947 Executing VM operation: ParallelGCFailedAllocation done
Event: 5.060 Executing VM operation: HandshakeAllThreads
Event: 5.060 Executing VM operation: HandshakeAllThreads done
Event: 5.060 Executing VM operation: HandshakeAllThreads
Event: 5.060 Executing VM operation: HandshakeAllThreads done
Event: 6.074 Executing VM operation: Cleanup
Event: 6.104 Executing VM operation: Cleanup done
Event: 6.122 Executing VM operation: ParallelGCFailedAllocation
Event: 6.123 Executing VM operation: ParallelGCFailedAllocation done
Event: 7.129 Executing VM operation: Cleanup
Event: 7.129 Executing VM operation: Cleanup done
Event: 7.226 Executing VM operation: ParallelGCFailedAllocation
Event: 7.229 Executing VM operation: ParallelGCFailedAllocation done
Event: 8.229 Executing VM operation: Cleanup

Events (20 events):
Event: 7.291 loading class com/sun/org/apache/xerces/internal/impl/msg/XMLSerializerMessages_en
Event: 7.291 loading class com/sun/org/apache/xerces/internal/impl/msg/XMLSerializerMessages_en done
Event: 7.291 loading class com/sun/org/apache/xerces/internal/impl/msg/XMLSerializerMessages_en
Event: 7.291 loading class com/sun/org/apache/xerces/internal/impl/msg/XMLSerializerMessages_en done
Event: 7.291 loading class com/sun/org/apache/xerces/internal/impl/msg/XMLSerializerMessages_en_US
Event: 7.291 loading class com/sun/org/apache/xerces/internal/impl/msg/XMLSerializerMessages_en_US done
Event: 7.291 loading class com/sun/org/apache/xerces/internal/impl/msg/XMLSerializerMessages_en_US
Event: 7.291 loading class com/sun/org/apache/xerces/internal/impl/msg/XMLSerializerMessages_en_US done
Event: 7.291 loading class com/sun/org/apache/xerces/internal/impl/msg/XMLMessages
Event: 7.291 loading class com/sun/org/apache/xerces/internal/impl/msg/XMLMessages done
Event: 7.291 loading class com/sun/org/apache/xerces/internal/impl/msg/XMLMessages
Event: 7.291 loading class com/sun/org/apache/xerces/internal/impl/msg/XMLMessages done
Event: 7.294 loading class com/sun/org/apache/xerces/internal/impl/msg/XMLMessages_en
Event: 7.294 loading class com/sun/org/apache/xerces/internal/impl/msg/XMLMessages_en done
Event: 7.294 loading class com/sun/org/apache/xerces/internal/impl/msg/XMLMessages_en
Event: 7.294 loading class com/sun/org/apache/xerces/internal/impl/msg/XMLMessages_en done
Event: 7.294 loading class com/sun/org/apache/xerces/internal/impl/msg/XMLMessages_en_US
Event: 7.294 loading class com/sun/org/apache/xerces/internal/impl/msg/XMLMessages_en_US done
Event: 7.295 loading class com/sun/org/apache/xerces/internal/impl/msg/XMLMessages_en_US
Event: 7.295 loading class com/sun/org/apache/xerces/internal/impl/msg/XMLMessages_en_US done


Dynamic libraries:
0x00007ff71a0a0000 - 0x00007ff71a0ae000 	c:\Users\khami\.vscode\extensions\redhat.java-1.20.0-win32-x64\jre\17.0.7-win32-x86_64\bin\java.exe
0x00007ffb9e820000 - 0x00007ffb9ea4b000 	C:\WINDOWS\SYSTEM32\ntdll.dll
0x00007ffb9cef0000 - 0x00007ffb9cfb6000 	C:\WINDOWS\System32\KERNEL32.DLL
0x00007ffb9bc50000 - 0x00007ffb9bfae000 	C:\WINDOWS\System32\KERNELBASE.dll
0x00007ffb9bfc0000 - 0x00007ffb9c0f3000 	C:\WINDOWS\System32\ucrtbase.dll
0x00007ffb92f00000 - 0x00007ffb92f17000 	c:\Users\khami\.vscode\extensions\redhat.java-1.20.0-win32-x64\jre\17.0.7-win32-x86_64\bin\jli.dll
0x00007ffb9e1c0000 - 0x00007ffb9e371000 	C:\WINDOWS\System32\USER32.dll
0x00007ffb9c2b0000 - 0x00007ffb9c2d7000 	C:\WINDOWS\System32\win32u.dll
0x00007ffb9c680000 - 0x00007ffb9c6a9000 	C:\WINDOWS\System32\GDI32.dll
0x00007ffb9c180000 - 0x00007ffb9c29f000 	C:\WINDOWS\System32\gdi32full.dll
0x00007ffb9c5b0000 - 0x00007ffb9c655000 	C:\WINDOWS\System32\msvcp_win.dll
0x00007ffb95830000 - 0x00007ffb95849000 	c:\Users\khami\.vscode\extensions\redhat.java-1.20.0-win32-x64\jre\17.0.7-win32-x86_64\bin\VCRUNTIME140.dll
0x00007ffb7aee0000 - 0x00007ffb7b171000 	C:\WINDOWS\WinSxS\amd64_microsoft.windows.common-controls_6595b64144ccf1df_6.0.25905.1000_none_87b90b8fab340372\COMCTL32.dll
0x00007ffb9c9f0000 - 0x00007ffb9ca97000 	C:\WINDOWS\System32\msvcrt.dll
0x00007ffb9e010000 - 0x00007ffb9e040000 	C:\WINDOWS\System32\IMM32.DLL
0x00007ffb989d0000 - 0x00007ffb989dc000 	c:\Users\khami\.vscode\extensions\redhat.java-1.20.0-win32-x64\jre\17.0.7-win32-x86_64\bin\vcruntime140_1.dll
0x00007ffb1f770000 - 0x00007ffb1f801000 	c:\Users\khami\.vscode\extensions\redhat.java-1.20.0-win32-x64\jre\17.0.7-win32-x86_64\bin\msvcp140.dll
0x00007ffaf2cd0000 - 0x00007ffaf3918000 	c:\Users\khami\.vscode\extensions\redhat.java-1.20.0-win32-x64\jre\17.0.7-win32-x86_64\bin\server\jvm.dll
0x00007ffb9d040000 - 0x00007ffb9d0f0000 	C:\WINDOWS\System32\ADVAPI32.dll
0x00007ffb9cc90000 - 0x00007ffb9cd30000 	C:\WINDOWS\System32\sechost.dll
0x00007ffb9c6b0000 - 0x00007ffb9c7d5000 	C:\WINDOWS\System32\RPCRT4.dll
0x00007ffb96ea0000 - 0x00007ffb96ea9000 	C:\WINDOWS\SYSTEM32\WSOCK32.dll
0x00007ffb9cc10000 - 0x00007ffb9cc83000 	C:\WINDOWS\System32\WS2_32.dll
0x00007ffb94370000 - 0x00007ffb943a4000 	C:\WINDOWS\SYSTEM32\WINMM.dll
0x00007ffb93a40000 - 0x00007ffb93a4a000 	C:\WINDOWS\SYSTEM32\VERSION.dll
0x00007ffb9abb0000 - 0x00007ffb9abc8000 	C:\WINDOWS\SYSTEM32\kernel.appcore.dll
0x00007ffb96ec0000 - 0x00007ffb96eca000 	c:\Users\khami\.vscode\extensions\redhat.java-1.20.0-win32-x64\jre\17.0.7-win32-x86_64\bin\jimage.dll
0x00007ffb99460000 - 0x00007ffb99695000 	C:\WINDOWS\SYSTEM32\DBGHELP.DLL
0x00007ffb9e460000 - 0x00007ffb9e7db000 	C:\WINDOWS\System32\combase.dll
0x00007ffb9e050000 - 0x00007ffb9e125000 	C:\WINDOWS\System32\OLEAUT32.dll
0x00007ffb75f60000 - 0x00007ffb75f98000 	C:\WINDOWS\SYSTEM32\dbgcore.DLL
0x00007ffb9c2e0000 - 0x00007ffb9c361000 	C:\WINDOWS\System32\bcryptPrimitives.dll
0x00007ffb93d50000 - 0x00007ffb93d5e000 	c:\Users\khami\.vscode\extensions\redhat.java-1.20.0-win32-x64\jre\17.0.7-win32-x86_64\bin\instrument.dll
0x00007ffb85ba0000 - 0x00007ffb85bc5000 	c:\Users\khami\.vscode\extensions\redhat.java-1.20.0-win32-x64\jre\17.0.7-win32-x86_64\bin\java.dll
0x00007ffb89480000 - 0x00007ffb89498000 	c:\Users\khami\.vscode\extensions\redhat.java-1.20.0-win32-x64\jre\17.0.7-win32-x86_64\bin\zip.dll
0x00007ffb9d810000 - 0x00007ffb9df83000 	C:\WINDOWS\System32\SHELL32.dll
0x00007ffb999f0000 - 0x00007ffb9a242000 	C:\WINDOWS\SYSTEM32\windows.storage.dll
0x00007ffb9e380000 - 0x00007ffb9e453000 	C:\WINDOWS\System32\SHCORE.dll
0x00007ffb9cfe0000 - 0x00007ffb9d03c000 	C:\WINDOWS\System32\shlwapi.dll
0x00007ffb9bb80000 - 0x00007ffb9bba3000 	C:\WINDOWS\SYSTEM32\profapi.dll
0x00007ffb83470000 - 0x00007ffb83489000 	C:\Users\khami\.vscode\extensions\redhat.java-1.20.0-win32-x64\jre\17.0.7-win32-x86_64\bin\net.dll
0x00007ffb945e0000 - 0x00007ffb946fb000 	C:\WINDOWS\SYSTEM32\WINHTTP.dll
0x00007ffb9b0e0000 - 0x00007ffb9b148000 	C:\WINDOWS\system32\mswsock.dll
0x00007ffb820a0000 - 0x00007ffb820b5000 	C:\Users\khami\.vscode\extensions\redhat.java-1.20.0-win32-x64\jre\17.0.7-win32-x86_64\bin\nio.dll
0x00007ffb93b30000 - 0x00007ffb93b40000 	c:\Users\khami\.vscode\extensions\redhat.java-1.20.0-win32-x64\jre\17.0.7-win32-x86_64\bin\verify.dll
0x00007ffb46910000 - 0x00007ffb4694e000 	C:\Users\khami\AppData\Roaming\Code\User\globalStorage\redhat.java\1.20.0\config_win\org.eclipse.equinox.launcher\org.eclipse.equinox.launcher.win32.win32.x86_64_1.2.700.v20221108-1024\eclipse_11801.dll
0x00007ffb9d100000 - 0x00007ffb9d292000 	C:\WINDOWS\System32\ole32.dll

dbghelp: loaded successfully - version: 4.0.5 - missing functions: none
symbol engine: initialized successfully - sym options: 0x614 - pdb path: .;c:\Users\khami\.vscode\extensions\redhat.java-1.20.0-win32-x64\jre\17.0.7-win32-x86_64\bin;C:\WINDOWS\SYSTEM32;C:\WINDOWS\WinSxS\amd64_microsoft.windows.common-controls_6595b64144ccf1df_6.0.25905.1000_none_87b90b8fab340372;c:\Users\khami\.vscode\extensions\redhat.java-1.20.0-win32-x64\jre\17.0.7-win32-x86_64\bin\server;C:\Users\khami\AppData\Roaming\Code\User\globalStorage\redhat.java\1.20.0\config_win\org.eclipse.equinox.launcher\org.eclipse.equinox.launcher.win32.win32.x86_64_1.2.700.v20221108-1024

VM Arguments:
jvm_args: --add-modules=ALL-SYSTEM --add-opens=java.base/java.util=ALL-UNNAMED --add-opens=java.base/java.lang=ALL-UNNAMED --add-opens=java.base/sun.nio.fs=ALL-UNNAMED -Declipse.application=org.eclipse.jdt.ls.core.id1 -Dosgi.bundles.defaultStartLevel=4 -Declipse.product=org.eclipse.jdt.ls.core.product -Djava.import.generatesMetadataFilesAtProjectRoot=false -Dfile.encoding=utf8 -XX:+UseParallelGC -XX:GCTimeRatio=4 -XX:AdaptiveSizePolicyWeight=90 -Dsun.zip.disableMemoryMapping=true -Xmx1G -Xms100m -Xlog:disable -javaagent:c:\Users\khami\.vscode\extensions\redhat.java-1.20.0-win32-x64\lombok\lombok-1.18.28.jar -XX:+HeapDumpOnOutOfMemoryError -XX:HeapDumpPath=c:\Users\khami\AppData\Roaming\Code\User\workspaceStorage\6a2d3d3737832186bb7f3db857603596\redhat.java -Daether.dependencyCollector.impl=bf 
java_command: c:\Users\khami\.vscode\extensions\redhat.java-1.20.0-win32-x64\server\plugins\org.eclipse.equinox.launcher_1.6.500.v20230622-2056.jar -configuration c:\Users\khami\AppData\Roaming\Code\User\globalStorage\redhat.java\1.20.0\config_win -data c:\Users\khami\AppData\Roaming\Code\User\workspaceStorage\6a2d3d3737832186bb7f3db857603596\redhat.java\jdt_ws
java_class_path (initial): c:\Users\khami\.vscode\extensions\redhat.java-1.20.0-win32-x64\server\plugins\org.eclipse.equinox.launcher_1.6.500.v20230622-2056.jar
Launcher Type: SUN_STANDARD

[Global flags]
    uintx AdaptiveSizePolicyWeight                 = 90                                        {product} {command line}
     intx CICompilerCount                          = 4                                         {product} {ergonomic}
    uintx GCTimeRatio                              = 4                                         {product} {command line}
     bool HeapDumpOnOutOfMemoryError               = true                                   {manageable} {command line}
    ccstr HeapDumpPath                             = c:\Users\khami\AppData\Roaming\Code\User\workspaceStorage\6a2d3d3737832186bb7f3db857603596\redhat.java         {manageable} {command line}
   size_t InitialHeapSize                          = 104857600                                 {product} {command line}
   size_t MaxHeapSize                              = 1073741824                                {product} {command line}
   size_t MaxNewSize                               = 357564416                                 {product} {ergonomic}
   size_t MinHeapDeltaBytes                        = 524288                                    {product} {ergonomic}
   size_t MinHeapSize                              = 104857600                                 {product} {command line}
   size_t NewSize                                  = 34603008                                  {product} {ergonomic}
    uintx NonNMethodCodeHeapSize                   = 5839372                                {pd product} {ergonomic}
    uintx NonProfiledCodeHeapSize                  = 122909434                              {pd product} {ergonomic}
   size_t OldSize                                  = 70254592                                  {product} {ergonomic}
    uintx ProfiledCodeHeapSize                     = 122909434                              {pd product} {ergonomic}
    uintx ReservedCodeCacheSize                    = 251658240                              {pd product} {ergonomic}
     bool SegmentedCodeCache                       = true                                      {product} {ergonomic}
   size_t SoftMaxHeapSize                          = 1073741824                             {manageable} {ergonomic}
     bool UseCompressedClassPointers               = true                           {product lp64_product} {ergonomic}
     bool UseCompressedOops                        = true                           {product lp64_product} {ergonomic}
     bool UseLargePagesIndividualAllocation        = false                                  {pd product} {ergonomic}
     bool UseParallelGC                            = true                                      {product} {command line}

Logging:
Log output configuration:
 #0: stdout all=off uptime,level,tags
 #1: stderr all=off uptime,level,tags

Environment Variables:
JAVA_HOME=C:\Program Files\Eclipse Adoptium\jdk-11.0.19.7-hotspot\
PATH=C:\Program Files\Eclipse Adoptium\jdk-11.0.19.7-hotspot\bin;C:\Program Files\Java\jdk-11\bin;C:\Program Files\Common Files\Oracle\Java\javapath;C:\Program Files (x86)\Common Files\Oracle\Java\javapath;C:\Program Files\Microsoft\jdk-11.0.16.101-hotspot\bin;C:\Program Files\Eclipse Adoptium\jdk-8.0.362.9-hotspot\bin;C:\ProgramData\Oracle\Java\javapath;C:\Program Files\Microsoft MPI\Bin\;C:\windows\system32;C:\windows;C:\windows\System32\Wbem;C:\windows\System32\WindowsPowerShell\v1.0\;C:\windows\System32\OpenSSH\;C:\Program Files (x86)\NVIDIA Corporation\PhysX\Common;C:\Program Files\NVIDIA Corporation\NVIDIA NvDLISR;C:\WINDOWS\system32;C:\WINDOWS;C:\WINDOWS\System32\Wbem;C:\WINDOWS\System32\WindowsPowerShell\v1.0\;C:\WINDOWS\System32\OpenSSH\;C:\TDM-GCC-64\bin;C:\Program Files\Microsoft SQL Server\Client SDK\ODBC\170\Tools\Binn\;C:\Program Files (x86)\Microsoft SQL Server\150\Tools\Binn\;C:\Program Files\Microsoft SQL Server\150\Tools\Binn\;C:\Program Files\Microsoft SQL Server\150\DTS\Binn\;C:\Program Files (x86)\Microsoft SQL Server\150\DTS\Binn\;C:\Program Files\dotnet\;C:\Program Files\Git\cmd;C:\Program Files\Calibre2\;C:\Program Files\Cloudflare\Cloudflare WARP\;C:\Program Files\MySQL\MySQL Shell 8.0\bin\;C:\Users\khami\AppData\Local\Microsoft\WindowsApps;C:\Users\khami\AppData\Local\Programs\Microsoft VS Code\bin;;C:\Program Files\Azure Data Studio\bin;C:\Users\khami\.dotnet\tools
USERNAME=khami
OS=Windows_NT
PROCESSOR_IDENTIFIER=Intel64 Family 6 Model 165 Stepping 2, GenuineIntel
TMP=C:\Users\khami\AppData\Local\Temp
TEMP=C:\Users\khami\AppData\Local\Temp



---------------  S Y S T E M  ---------------

OS:
 Windows 11 , 64 bit Build 25905 (10.0.25905.1000)
OS uptime: 0 days 21:52 hours
Hyper-V role detected

CPU: total 12 (initial active 12) (6 cores per cpu, 2 threads per core) family 6 model 165 stepping 2 microcode 0xf0, cx8, cmov, fxsr, ht, mmx, 3dnowpref, sse, sse2, sse3, ssse3, sse4.1, sse4.2, popcnt, lzcnt, tsc, tscinvbit, avx, avx2, aes, erms, clmul, bmi1, bmi2, adx, fma, vzeroupper, clflush, clflushopt, hv

Memory: 4k page, system-wide physical 16160M (3565M free)
TotalPageFile size 16160M (AvailPageFile size 3M)
current process WorkingSet (physical memory assigned to process): 141M, peak: 141M
current process commit charge ("private bytes"): 253M, peak: 253M

vm_info: OpenJDK 64-Bit Server VM (17.0.7+7) for windows-amd64 JRE (17.0.7+7), built on Apr 18 2023 22:10:42 by "temurin" with MS VC++ 16.7 (VS2019)

END.
