#
# There is insufficient memory for the Java Runtime Environment to continue.
# Native memory allocation (malloc) failed to allocate 32744 bytes for ChunkPool::allocate
# Possible reasons:
#   The system is out of physical RAM or swap space
#   The process is running with CompressedOops enabled, and the Java Heap may be blocking the growth of the native heap
# Possible solutions:
#   Reduce memory load on the system
#   Increase physical memory or swap space
#   Check if swap backing store is full
#   Decrease Java heap size (-Xmx/-Xms)
#   Decrease number of Java threads
#   Decrease Java thread stack sizes (-Xss)
#   Set larger code cache with -XX:ReservedCodeCacheSize=
#   JVM is running with Unscaled Compressed Oops mode in which the Java heap is
#     placed in the first 4GB address space. The Java Heap base address is the
#     maximum limit for the native heap growth. Please use -XX:HeapBaseMinAddress
#     to set the Java Heap base and to place the Java Heap above 4GB virtual address.
# This output file may be truncated or incomplete.
#
#  Out of Memory Error (arena.cpp:78), pid=15448, tid=19208
#
# JRE version: OpenJDK Runtime Environment Temurin-17.0.7+7 (17.0.7+7) (build 17.0.7+7)
# Java VM: OpenJDK 64-Bit Server VM Temurin-17.0.7+7 (17.0.7+7, mixed mode, emulated-client, tiered, compressed oops, compressed class ptrs, g1 gc, windows-amd64)
# No core dump will be written. Minidumps are not enabled by default on client versions of Windows
#

---------------  S U M M A R Y ------------

Command Line: -XX:+HeapDumpOnOutOfMemoryError -Xmx1024m -Dsts.lsp.client=vscode -Dsts.log.file=/dev/null -XX:TieredStopAtLevel=1 -Xlog:jni+resolve=off -Dspring.config.location=file:c:\Users\khami\.vscode\extensions\vmware.vscode-spring-boot-1.47.0\language-server\BOOT-INF\classes\application.properties org.springframework.ide.vscode.boot.app.BootLanguageServerBootApp

Host: Intel(R) Core(TM) i7-10750H CPU @ 2.60GHz, 12 cores, 15G,  Windows 11 , 64 bit Build 25905 (10.0.25905.1000)
Time: Mon Jul 17 21:57:49 2023 SE Asia Standard Time elapsed time: 17.500869 seconds (0d 0h 0m 17s)

---------------  T H R E A D  ---------------

Current thread (0x00000288d27fe3d0):  JavaThread "C1 CompilerThread2" daemon [_thread_in_native, id=19208, stack(0x000000ec34d00000,0x000000ec34e00000)]


Current CompileTask:
C1:  17500 1763       1       sun.util.locale.StringTokenIterator::next (74 bytes)

Stack: [0x000000ec34d00000,0x000000ec34e00000]
Native frames: (J=compiled Java code, j=interpreted, Vv=VM code, C=native code)
V  [jvm.dll+0x67754a]
V  [jvm.dll+0x834304]
V  [jvm.dll+0x835aae]
V  [jvm.dll+0x836113]
V  [jvm.dll+0x24696f]
V  [jvm.dll+0xac2cc]
V  [jvm.dll+0xac67c]
V  [jvm.dll+0x16acab]
V  [jvm.dll+0x16275f]
V  [jvm.dll+0x15eb4e]
V  [jvm.dll+0x14ce70]
V  [jvm.dll+0x135a57]
V  [jvm.dll+0x1353df]
V  [jvm.dll+0x135616]
V  [jvm.dll+0x134aaa]
V  [jvm.dll+0x136771]
V  [jvm.dll+0x2284da]
V  [jvm.dll+0x226615]
V  [jvm.dll+0x7ea90b]
V  [jvm.dll+0x7e4e7a]
V  [jvm.dll+0x676395]
C  [ucrtbase.dll+0x609e1]
C  [KERNEL32.DLL+0x124d8]
C  [ntdll.dll+0x4091]


---------------  P R O C E S S  ---------------

Threads class SMR info:
_java_thread_list=0x00000288d27df450, length=15, elements={
0x00000288c25490f0, 0x00000288cd84a380, 0x00000288cd84f9c0, 0x00000288cd88c010,
0x00000288cd88e9e0, 0x00000288cd895e40, 0x00000288cd897270, 0x00000288cd89c380,
0x00000288cd8a7420, 0x00000288cdab0f70, 0x00000288cdab2a00, 0x00000288d27fdec0,
0x00000288d27fe3d0, 0x00000288d2be7900, 0x00000288d2c9c1d0
}

Java Threads: ( => current thread )
  0x00000288c25490f0 JavaThread "main" [_thread_in_native, id=13460, stack(0x000000ec33d00000,0x000000ec33e00000)]
  0x00000288cd84a380 JavaThread "Reference Handler" daemon [_thread_blocked, id=24432, stack(0x000000ec34400000,0x000000ec34500000)]
  0x00000288cd84f9c0 JavaThread "Finalizer" daemon [_thread_blocked, id=7212, stack(0x000000ec34500000,0x000000ec34600000)]
  0x00000288cd88c010 JavaThread "Signal Dispatcher" daemon [_thread_blocked, id=22000, stack(0x000000ec34600000,0x000000ec34700000)]
  0x00000288cd88e9e0 JavaThread "Attach Listener" daemon [_thread_blocked, id=12028, stack(0x000000ec34700000,0x000000ec34800000)]
  0x00000288cd895e40 JavaThread "Service Thread" daemon [_thread_blocked, id=21328, stack(0x000000ec34800000,0x000000ec34900000)]
  0x00000288cd897270 JavaThread "Monitor Deflation Thread" daemon [_thread_blocked, id=15040, stack(0x000000ec34900000,0x000000ec34a00000)]
  0x00000288cd89c380 JavaThread "C1 CompilerThread0" daemon [_thread_blocked, id=11440, stack(0x000000ec34a00000,0x000000ec34b00000)]
  0x00000288cd8a7420 JavaThread "Sweeper thread" daemon [_thread_blocked, id=12860, stack(0x000000ec34b00000,0x000000ec34c00000)]
  0x00000288cdab0f70 JavaThread "Notification Thread" daemon [_thread_blocked, id=22356, stack(0x000000ec34e00000,0x000000ec34f00000)]
  0x00000288cdab2a00 JavaThread "Common-Cleaner" daemon [_thread_blocked, id=18424, stack(0x000000ec35000000,0x000000ec35100000)]
  0x00000288d27fdec0 JavaThread "C1 CompilerThread1" daemon [_thread_blocked, id=21676, stack(0x000000ec34c00000,0x000000ec34d00000)]
=>0x00000288d27fe3d0 JavaThread "C1 CompilerThread2" daemon [_thread_in_native, id=19208, stack(0x000000ec34d00000,0x000000ec34e00000)]
  0x00000288d2be7900 JavaThread "background-preinit" [_thread_in_native, id=25080, stack(0x000000ec35800000,0x000000ec35900000)]
  0x00000288d2c9c1d0 JavaThread "C1 CompilerThread3" daemon [_thread_blocked, id=18308, stack(0x000000ec35900000,0x000000ec35a00000)]

Other Threads:
  0x00000288cd835a30 VMThread "VM Thread" [stack: 0x000000ec34300000,0x000000ec34400000] [id=25140]
  0x00000288c259a980 WatcherThread [stack: 0x000000ec34f00000,0x000000ec35000000] [id=14844]
  0x00000288c25877d0 GCTaskThread "GC Thread#0" [stack: 0x000000ec33e00000,0x000000ec33f00000] [id=12276]
  0x00000288d28ef9c0 GCTaskThread "GC Thread#1" [stack: 0x000000ec35200000,0x000000ec35300000] [id=22328]
  0x00000288d28efc70 GCTaskThread "GC Thread#2" [stack: 0x000000ec35300000,0x000000ec35400000] [id=4328]
  0x00000288d28eff20 GCTaskThread "GC Thread#3" [stack: 0x000000ec35400000,0x000000ec35500000] [id=5912]
  0x00000288d28f01d0 GCTaskThread "GC Thread#4" [stack: 0x000000ec35500000,0x000000ec35600000] [id=18444]
  0x00000288d28f0480 GCTaskThread "GC Thread#5" [stack: 0x000000ec35600000,0x000000ec35700000] [id=1496]
  0x00000288d2bde030 GCTaskThread "GC Thread#6" [stack: 0x000000ec35100000,0x000000ec35200000] [id=2900]
  0x00000288d2bdf2f0 GCTaskThread "GC Thread#7" [stack: 0x000000ec35700000,0x000000ec35800000] [id=22820]
  0x00000288c25912f0 ConcurrentGCThread "G1 Main Marker" [stack: 0x000000ec33f00000,0x000000ec34000000] [id=23520]
  0x00000288c25923b0 ConcurrentGCThread "G1 Conc#0" [stack: 0x000000ec34000000,0x000000ec34100000] [id=9700]
  0x00000288c25fd940 ConcurrentGCThread "G1 Refine#0" [stack: 0x000000ec34100000,0x000000ec34200000] [id=10780]
  0x00000288c25fe270 ConcurrentGCThread "G1 Service" [stack: 0x000000ec34200000,0x000000ec34300000] [id=17416]

Threads with active compile tasks:
C1 CompilerThread2    17529 1763       1       sun.util.locale.StringTokenIterator::next (74 bytes)

VM state: not at safepoint (normal execution)

VM Mutex/Monitor currently owned by a thread: None

Heap address: 0x00000000c0000000, size: 1024 MB, Compressed Oops mode: 32-bit

CDS archive(s) not mapped
Compressed class space mapped at: 0x0000000100000000-0x0000000140000000, reserved size: 1073741824
Narrow klass base: 0x0000000000000000, Narrow klass shift: 3, Narrow klass range: 0x140000000

GC Precious Log:
 CPUs: 12 total, 12 available
 Memory: 16160M
 Large Page Support: Disabled
 NUMA Support: Disabled
 Compressed Oops: Enabled (32-bit)
 Heap Region Size: 1M
 Heap Min Capacity: 8M
 Heap Initial Capacity: 254M
 Heap Max Capacity: 1G
 Pre-touch: Disabled
 Parallel Workers: 10
 Concurrent Workers: 3
 Concurrent Refinement Workers: 10
 Periodic GC: Disabled

Heap:
 garbage-first heap   total 260096K, used 33504K [0x00000000c0000000, 0x0000000100000000)
  region size 1024K, 24 young (24576K), 3 survivors (3072K)
 Metaspace       used 20205K, committed 20416K, reserved 1114112K
  class space    used 2486K, committed 2560K, reserved 1048576K

Heap Regions: E=young(eden), S=young(survivor), O=old, HS=humongous(starts), HC=humongous(continues), CS=collection set, F=free, OA=open archive, CA=closed archive, TAMS=top-at-mark-start (previous, next)
|   0|0x00000000c0000000, 0x00000000c0100000, 0x00000000c0100000|100%|HS|  |TAMS 0x00000000c0000000, 0x00000000c0000000| Complete 
|   1|0x00000000c0100000, 0x00000000c0200000, 0x00000000c0200000|100%| O|  |TAMS 0x00000000c0100000, 0x00000000c0100000| Untracked 
|   2|0x00000000c0200000, 0x00000000c0300000, 0x00000000c0300000|100%| O|  |TAMS 0x00000000c0200000, 0x00000000c0200000| Untracked 
|   3|0x00000000c0300000, 0x00000000c0400000, 0x00000000c0400000|100%| O|  |TAMS 0x00000000c0300000, 0x00000000c0300000| Untracked 
|   4|0x00000000c0400000, 0x00000000c0500000, 0x00000000c0500000|100%| O|  |TAMS 0x00000000c0400000, 0x00000000c0400000| Untracked 
|   5|0x00000000c0500000, 0x00000000c0600000, 0x00000000c0600000|100%| O|  |TAMS 0x00000000c0500000, 0x00000000c0500000| Untracked 
|   6|0x00000000c0600000, 0x00000000c0700000, 0x00000000c0700000|100%| O|  |TAMS 0x00000000c0600000, 0x00000000c0600000| Untracked 
|   7|0x00000000c0700000, 0x00000000c0800000, 0x00000000c0800000|100%| O|  |TAMS 0x00000000c0700000, 0x00000000c0700000| Untracked 
|   8|0x00000000c0800000, 0x00000000c0900000, 0x00000000c0900000|100%| O|  |TAMS 0x00000000c0800000, 0x00000000c0800000| Untracked 
|   9|0x00000000c0900000, 0x00000000c09cd800, 0x00000000c0a00000| 80%| O|  |TAMS 0x00000000c0900000, 0x00000000c0900000| Untracked 
|  10|0x00000000c0a00000, 0x00000000c0a00000, 0x00000000c0b00000|  0%| F|  |TAMS 0x00000000c0a00000, 0x00000000c0a00000| Untracked 
|  11|0x00000000c0b00000, 0x00000000c0b00000, 0x00000000c0c00000|  0%| F|  |TAMS 0x00000000c0b00000, 0x00000000c0b00000| Untracked 
|  12|0x00000000c0c00000, 0x00000000c0c00000, 0x00000000c0d00000|  0%| F|  |TAMS 0x00000000c0c00000, 0x00000000c0c00000| Untracked 
|  13|0x00000000c0d00000, 0x00000000c0d00000, 0x00000000c0e00000|  0%| F|  |TAMS 0x00000000c0d00000, 0x00000000c0d00000| Untracked 
|  14|0x00000000c0e00000, 0x00000000c0e00000, 0x00000000c0f00000|  0%| F|  |TAMS 0x00000000c0e00000, 0x00000000c0e00000| Untracked 
|  15|0x00000000c0f00000, 0x00000000c0f00000, 0x00000000c1000000|  0%| F|  |TAMS 0x00000000c0f00000, 0x00000000c0f00000| Untracked 
|  16|0x00000000c1000000, 0x00000000c1000000, 0x00000000c1100000|  0%| F|  |TAMS 0x00000000c1000000, 0x00000000c1000000| Untracked 
|  17|0x00000000c1100000, 0x00000000c1100000, 0x00000000c1200000|  0%| F|  |TAMS 0x00000000c1100000, 0x00000000c1100000| Untracked 
|  18|0x00000000c1200000, 0x00000000c1200000, 0x00000000c1300000|  0%| F|  |TAMS 0x00000000c1200000, 0x00000000c1200000| Untracked 
|  19|0x00000000c1300000, 0x00000000c1300000, 0x00000000c1400000|  0%| F|  |TAMS 0x00000000c1300000, 0x00000000c1300000| Untracked 
|  20|0x00000000c1400000, 0x00000000c1400000, 0x00000000c1500000|  0%| F|  |TAMS 0x00000000c1400000, 0x00000000c1400000| Untracked 
|  21|0x00000000c1500000, 0x00000000c1500000, 0x00000000c1600000|  0%| F|  |TAMS 0x00000000c1500000, 0x00000000c1500000| Untracked 
|  22|0x00000000c1600000, 0x00000000c1600000, 0x00000000c1700000|  0%| F|  |TAMS 0x00000000c1600000, 0x00000000c1600000| Untracked 
|  23|0x00000000c1700000, 0x00000000c1700000, 0x00000000c1800000|  0%| F|  |TAMS 0x00000000c1700000, 0x00000000c1700000| Untracked 
|  24|0x00000000c1800000, 0x00000000c1800000, 0x00000000c1900000|  0%| F|  |TAMS 0x00000000c1800000, 0x00000000c1800000| Untracked 
|  25|0x00000000c1900000, 0x00000000c1900000, 0x00000000c1a00000|  0%| F|  |TAMS 0x00000000c1900000, 0x00000000c1900000| Untracked 
|  26|0x00000000c1a00000, 0x00000000c1a00000, 0x00000000c1b00000|  0%| F|  |TAMS 0x00000000c1a00000, 0x00000000c1a00000| Untracked 
|  27|0x00000000c1b00000, 0x00000000c1b00000, 0x00000000c1c00000|  0%| F|  |TAMS 0x00000000c1b00000, 0x00000000c1b00000| Untracked 
|  28|0x00000000c1c00000, 0x00000000c1c00000, 0x00000000c1d00000|  0%| F|  |TAMS 0x00000000c1c00000, 0x00000000c1c00000| Untracked 
|  29|0x00000000c1d00000, 0x00000000c1d00000, 0x00000000c1e00000|  0%| F|  |TAMS 0x00000000c1d00000, 0x00000000c1d00000| Untracked 
|  30|0x00000000c1e00000, 0x00000000c1e00000, 0x00000000c1f00000|  0%| F|  |TAMS 0x00000000c1e00000, 0x00000000c1e00000| Untracked 
|  31|0x00000000c1f00000, 0x00000000c1f00000, 0x00000000c2000000|  0%| F|  |TAMS 0x00000000c1f00000, 0x00000000c1f00000| Untracked 
|  32|0x00000000c2000000, 0x00000000c2000000, 0x00000000c2100000|  0%| F|  |TAMS 0x00000000c2000000, 0x00000000c2000000| Untracked 
|  33|0x00000000c2100000, 0x00000000c2100000, 0x00000000c2200000|  0%| F|  |TAMS 0x00000000c2100000, 0x00000000c2100000| Untracked 
|  34|0x00000000c2200000, 0x00000000c2200000, 0x00000000c2300000|  0%| F|  |TAMS 0x00000000c2200000, 0x00000000c2200000| Untracked 
|  35|0x00000000c2300000, 0x00000000c2300000, 0x00000000c2400000|  0%| F|  |TAMS 0x00000000c2300000, 0x00000000c2300000| Untracked 
|  36|0x00000000c2400000, 0x00000000c2400000, 0x00000000c2500000|  0%| F|  |TAMS 0x00000000c2400000, 0x00000000c2400000| Untracked 
|  37|0x00000000c2500000, 0x00000000c2500000, 0x00000000c2600000|  0%| F|  |TAMS 0x00000000c2500000, 0x00000000c2500000| Untracked 
|  38|0x00000000c2600000, 0x00000000c2600000, 0x00000000c2700000|  0%| F|  |TAMS 0x00000000c2600000, 0x00000000c2600000| Untracked 
|  39|0x00000000c2700000, 0x00000000c2700000, 0x00000000c2800000|  0%| F|  |TAMS 0x00000000c2700000, 0x00000000c2700000| Untracked 
|  40|0x00000000c2800000, 0x00000000c2800000, 0x00000000c2900000|  0%| F|  |TAMS 0x00000000c2800000, 0x00000000c2800000| Untracked 
|  41|0x00000000c2900000, 0x00000000c2900000, 0x00000000c2a00000|  0%| F|  |TAMS 0x00000000c2900000, 0x00000000c2900000| Untracked 
|  42|0x00000000c2a00000, 0x00000000c2a00000, 0x00000000c2b00000|  0%| F|  |TAMS 0x00000000c2a00000, 0x00000000c2a00000| Untracked 
|  43|0x00000000c2b00000, 0x00000000c2b00000, 0x00000000c2c00000|  0%| F|  |TAMS 0x00000000c2b00000, 0x00000000c2b00000| Untracked 
|  44|0x00000000c2c00000, 0x00000000c2c00000, 0x00000000c2d00000|  0%| F|  |TAMS 0x00000000c2c00000, 0x00000000c2c00000| Untracked 
|  45|0x00000000c2d00000, 0x00000000c2d00000, 0x00000000c2e00000|  0%| F|  |TAMS 0x00000000c2d00000, 0x00000000c2d00000| Untracked 
|  46|0x00000000c2e00000, 0x00000000c2e00000, 0x00000000c2f00000|  0%| F|  |TAMS 0x00000000c2e00000, 0x00000000c2e00000| Untracked 
|  47|0x00000000c2f00000, 0x00000000c2f00000, 0x00000000c3000000|  0%| F|  |TAMS 0x00000000c2f00000, 0x00000000c2f00000| Untracked 
|  48|0x00000000c3000000, 0x00000000c3000000, 0x00000000c3100000|  0%| F|  |TAMS 0x00000000c3000000, 0x00000000c3000000| Untracked 
|  49|0x00000000c3100000, 0x00000000c3100000, 0x00000000c3200000|  0%| F|  |TAMS 0x00000000c3100000, 0x00000000c3100000| Untracked 
|  50|0x00000000c3200000, 0x00000000c3200000, 0x00000000c3300000|  0%| F|  |TAMS 0x00000000c3200000, 0x00000000c3200000| Untracked 
|  51|0x00000000c3300000, 0x00000000c3300000, 0x00000000c3400000|  0%| F|  |TAMS 0x00000000c3300000, 0x00000000c3300000| Untracked 
|  52|0x00000000c3400000, 0x00000000c3400000, 0x00000000c3500000|  0%| F|  |TAMS 0x00000000c3400000, 0x00000000c3400000| Untracked 
|  53|0x00000000c3500000, 0x00000000c3500000, 0x00000000c3600000|  0%| F|  |TAMS 0x00000000c3500000, 0x00000000c3500000| Untracked 
|  54|0x00000000c3600000, 0x00000000c3600000, 0x00000000c3700000|  0%| F|  |TAMS 0x00000000c3600000, 0x00000000c3600000| Untracked 
|  55|0x00000000c3700000, 0x00000000c3700000, 0x00000000c3800000|  0%| F|  |TAMS 0x00000000c3700000, 0x00000000c3700000| Untracked 
|  56|0x00000000c3800000, 0x00000000c3800000, 0x00000000c3900000|  0%| F|  |TAMS 0x00000000c3800000, 0x00000000c3800000| Untracked 
|  57|0x00000000c3900000, 0x00000000c3900000, 0x00000000c3a00000|  0%| F|  |TAMS 0x00000000c3900000, 0x00000000c3900000| Untracked 
|  58|0x00000000c3a00000, 0x00000000c3a00000, 0x00000000c3b00000|  0%| F|  |TAMS 0x00000000c3a00000, 0x00000000c3a00000| Untracked 
|  59|0x00000000c3b00000, 0x00000000c3b00000, 0x00000000c3c00000|  0%| F|  |TAMS 0x00000000c3b00000, 0x00000000c3b00000| Untracked 
|  60|0x00000000c3c00000, 0x00000000c3c00000, 0x00000000c3d00000|  0%| F|  |TAMS 0x00000000c3c00000, 0x00000000c3c00000| Untracked 
|  61|0x00000000c3d00000, 0x00000000c3d00000, 0x00000000c3e00000|  0%| F|  |TAMS 0x00000000c3d00000, 0x00000000c3d00000| Untracked 
|  62|0x00000000c3e00000, 0x00000000c3e00000, 0x00000000c3f00000|  0%| F|  |TAMS 0x00000000c3e00000, 0x00000000c3e00000| Untracked 
|  63|0x00000000c3f00000, 0x00000000c3f00000, 0x00000000c4000000|  0%| F|  |TAMS 0x00000000c3f00000, 0x00000000c3f00000| Untracked 
|  64|0x00000000c4000000, 0x00000000c4000000, 0x00000000c4100000|  0%| F|  |TAMS 0x00000000c4000000, 0x00000000c4000000| Untracked 
|  65|0x00000000c4100000, 0x00000000c4100000, 0x00000000c4200000|  0%| F|  |TAMS 0x00000000c4100000, 0x00000000c4100000| Untracked 
|  66|0x00000000c4200000, 0x00000000c4200000, 0x00000000c4300000|  0%| F|  |TAMS 0x00000000c4200000, 0x00000000c4200000| Untracked 
|  67|0x00000000c4300000, 0x00000000c4300000, 0x00000000c4400000|  0%| F|  |TAMS 0x00000000c4300000, 0x00000000c4300000| Untracked 
|  68|0x00000000c4400000, 0x00000000c4400000, 0x00000000c4500000|  0%| F|  |TAMS 0x00000000c4400000, 0x00000000c4400000| Untracked 
|  69|0x00000000c4500000, 0x00000000c4500000, 0x00000000c4600000|  0%| F|  |TAMS 0x00000000c4500000, 0x00000000c4500000| Untracked 
|  70|0x00000000c4600000, 0x00000000c4600000, 0x00000000c4700000|  0%| F|  |TAMS 0x00000000c4600000, 0x00000000c4600000| Untracked 
|  71|0x00000000c4700000, 0x00000000c4700000, 0x00000000c4800000|  0%| F|  |TAMS 0x00000000c4700000, 0x00000000c4700000| Untracked 
|  72|0x00000000c4800000, 0x00000000c4800000, 0x00000000c4900000|  0%| F|  |TAMS 0x00000000c4800000, 0x00000000c4800000| Untracked 
|  73|0x00000000c4900000, 0x00000000c4900000, 0x00000000c4a00000|  0%| F|  |TAMS 0x00000000c4900000, 0x00000000c4900000| Untracked 
|  74|0x00000000c4a00000, 0x00000000c4a00000, 0x00000000c4b00000|  0%| F|  |TAMS 0x00000000c4a00000, 0x00000000c4a00000| Untracked 
|  75|0x00000000c4b00000, 0x00000000c4b00000, 0x00000000c4c00000|  0%| F|  |TAMS 0x00000000c4b00000, 0x00000000c4b00000| Untracked 
|  76|0x00000000c4c00000, 0x00000000c4c00000, 0x00000000c4d00000|  0%| F|  |TAMS 0x00000000c4c00000, 0x00000000c4c00000| Untracked 
|  77|0x00000000c4d00000, 0x00000000c4d00000, 0x00000000c4e00000|  0%| F|  |TAMS 0x00000000c4d00000, 0x00000000c4d00000| Untracked 
|  78|0x00000000c4e00000, 0x00000000c4e00000, 0x00000000c4f00000|  0%| F|  |TAMS 0x00000000c4e00000, 0x00000000c4e00000| Untracked 
|  79|0x00000000c4f00000, 0x00000000c4f00000, 0x00000000c5000000|  0%| F|  |TAMS 0x00000000c4f00000, 0x00000000c4f00000| Untracked 
|  80|0x00000000c5000000, 0x00000000c5000000, 0x00000000c5100000|  0%| F|  |TAMS 0x00000000c5000000, 0x00000000c5000000| Untracked 
|  81|0x00000000c5100000, 0x00000000c5100000, 0x00000000c5200000|  0%| F|  |TAMS 0x00000000c5100000, 0x00000000c5100000| Untracked 
|  82|0x00000000c5200000, 0x00000000c5200000, 0x00000000c5300000|  0%| F|  |TAMS 0x00000000c5200000, 0x00000000c5200000| Untracked 
|  83|0x00000000c5300000, 0x00000000c5300000, 0x00000000c5400000|  0%| F|  |TAMS 0x00000000c5300000, 0x00000000c5300000| Untracked 
|  84|0x00000000c5400000, 0x00000000c5400000, 0x00000000c5500000|  0%| F|  |TAMS 0x00000000c5400000, 0x00000000c5400000| Untracked 
|  85|0x00000000c5500000, 0x00000000c5500000, 0x00000000c5600000|  0%| F|  |TAMS 0x00000000c5500000, 0x00000000c5500000| Untracked 
|  86|0x00000000c5600000, 0x00000000c5600000, 0x00000000c5700000|  0%| F|  |TAMS 0x00000000c5600000, 0x00000000c5600000| Untracked 
|  87|0x00000000c5700000, 0x00000000c5700000, 0x00000000c5800000|  0%| F|  |TAMS 0x00000000c5700000, 0x00000000c5700000| Untracked 
|  88|0x00000000c5800000, 0x00000000c5800000, 0x00000000c5900000|  0%| F|  |TAMS 0x00000000c5800000, 0x00000000c5800000| Untracked 
|  89|0x00000000c5900000, 0x00000000c5900000, 0x00000000c5a00000|  0%| F|  |TAMS 0x00000000c5900000, 0x00000000c5900000| Untracked 
|  90|0x00000000c5a00000, 0x00000000c5a00000, 0x00000000c5b00000|  0%| F|  |TAMS 0x00000000c5a00000, 0x00000000c5a00000| Untracked 
|  91|0x00000000c5b00000, 0x00000000c5b00000, 0x00000000c5c00000|  0%| F|  |TAMS 0x00000000c5b00000, 0x00000000c5b00000| Untracked 
|  92|0x00000000c5c00000, 0x00000000c5c00000, 0x00000000c5d00000|  0%| F|  |TAMS 0x00000000c5c00000, 0x00000000c5c00000| Untracked 
|  93|0x00000000c5d00000, 0x00000000c5d00000, 0x00000000c5e00000|  0%| F|  |TAMS 0x00000000c5d00000, 0x00000000c5d00000| Untracked 
|  94|0x00000000c5e00000, 0x00000000c5e00000, 0x00000000c5f00000|  0%| F|  |TAMS 0x00000000c5e00000, 0x00000000c5e00000| Untracked 
|  95|0x00000000c5f00000, 0x00000000c5f00000, 0x00000000c6000000|  0%| F|  |TAMS 0x00000000c5f00000, 0x00000000c5f00000| Untracked 
|  96|0x00000000c6000000, 0x00000000c6000000, 0x00000000c6100000|  0%| F|  |TAMS 0x00000000c6000000, 0x00000000c6000000| Untracked 
|  97|0x00000000c6100000, 0x00000000c6100000, 0x00000000c6200000|  0%| F|  |TAMS 0x00000000c6100000, 0x00000000c6100000| Untracked 
|  98|0x00000000c6200000, 0x00000000c6200000, 0x00000000c6300000|  0%| F|  |TAMS 0x00000000c6200000, 0x00000000c6200000| Untracked 
|  99|0x00000000c6300000, 0x00000000c6300000, 0x00000000c6400000|  0%| F|  |TAMS 0x00000000c6300000, 0x00000000c6300000| Untracked 
| 100|0x00000000c6400000, 0x00000000c6400000, 0x00000000c6500000|  0%| F|  |TAMS 0x00000000c6400000, 0x00000000c6400000| Untracked 
| 101|0x00000000c6500000, 0x00000000c6500000, 0x00000000c6600000|  0%| F|  |TAMS 0x00000000c6500000, 0x00000000c6500000| Untracked 
| 102|0x00000000c6600000, 0x00000000c6600000, 0x00000000c6700000|  0%| F|  |TAMS 0x00000000c6600000, 0x00000000c6600000| Untracked 
| 103|0x00000000c6700000, 0x00000000c6700000, 0x00000000c6800000|  0%| F|  |TAMS 0x00000000c6700000, 0x00000000c6700000| Untracked 
| 104|0x00000000c6800000, 0x00000000c6800000, 0x00000000c6900000|  0%| F|  |TAMS 0x00000000c6800000, 0x00000000c6800000| Untracked 
| 105|0x00000000c6900000, 0x00000000c6900000, 0x00000000c6a00000|  0%| F|  |TAMS 0x00000000c6900000, 0x00000000c6900000| Untracked 
| 106|0x00000000c6a00000, 0x00000000c6a00000, 0x00000000c6b00000|  0%| F|  |TAMS 0x00000000c6a00000, 0x00000000c6a00000| Untracked 
| 107|0x00000000c6b00000, 0x00000000c6b00000, 0x00000000c6c00000|  0%| F|  |TAMS 0x00000000c6b00000, 0x00000000c6b00000| Untracked 
| 108|0x00000000c6c00000, 0x00000000c6c00000, 0x00000000c6d00000|  0%| F|  |TAMS 0x00000000c6c00000, 0x00000000c6c00000| Untracked 
| 109|0x00000000c6d00000, 0x00000000c6d00000, 0x00000000c6e00000|  0%| F|  |TAMS 0x00000000c6d00000, 0x00000000c6d00000| Untracked 
| 110|0x00000000c6e00000, 0x00000000c6e00000, 0x00000000c6f00000|  0%| F|  |TAMS 0x00000000c6e00000, 0x00000000c6e00000| Untracked 
| 111|0x00000000c6f00000, 0x00000000c6f00000, 0x00000000c7000000|  0%| F|  |TAMS 0x00000000c6f00000, 0x00000000c6f00000| Untracked 
| 112|0x00000000c7000000, 0x00000000c7000000, 0x00000000c7100000|  0%| F|  |TAMS 0x00000000c7000000, 0x00000000c7000000| Untracked 
| 113|0x00000000c7100000, 0x00000000c7100000, 0x00000000c7200000|  0%| F|  |TAMS 0x00000000c7100000, 0x00000000c7100000| Untracked 
| 114|0x00000000c7200000, 0x00000000c7200000, 0x00000000c7300000|  0%| F|  |TAMS 0x00000000c7200000, 0x00000000c7200000| Untracked 
| 115|0x00000000c7300000, 0x00000000c7300000, 0x00000000c7400000|  0%| F|  |TAMS 0x00000000c7300000, 0x00000000c7300000| Untracked 
| 116|0x00000000c7400000, 0x00000000c7400000, 0x00000000c7500000|  0%| F|  |TAMS 0x00000000c7400000, 0x00000000c7400000| Untracked 
| 117|0x00000000c7500000, 0x00000000c7500000, 0x00000000c7600000|  0%| F|  |TAMS 0x00000000c7500000, 0x00000000c7500000| Untracked 
| 118|0x00000000c7600000, 0x00000000c7600000, 0x00000000c7700000|  0%| F|  |TAMS 0x00000000c7600000, 0x00000000c7600000| Untracked 
| 119|0x00000000c7700000, 0x00000000c7700000, 0x00000000c7800000|  0%| F|  |TAMS 0x00000000c7700000, 0x00000000c7700000| Untracked 
| 120|0x00000000c7800000, 0x00000000c7800000, 0x00000000c7900000|  0%| F|  |TAMS 0x00000000c7800000, 0x00000000c7800000| Untracked 
| 121|0x00000000c7900000, 0x00000000c7900000, 0x00000000c7a00000|  0%| F|  |TAMS 0x00000000c7900000, 0x00000000c7900000| Untracked 
| 122|0x00000000c7a00000, 0x00000000c7a00000, 0x00000000c7b00000|  0%| F|  |TAMS 0x00000000c7a00000, 0x00000000c7a00000| Untracked 
| 123|0x00000000c7b00000, 0x00000000c7b00000, 0x00000000c7c00000|  0%| F|  |TAMS 0x00000000c7b00000, 0x00000000c7b00000| Untracked 
| 124|0x00000000c7c00000, 0x00000000c7c00000, 0x00000000c7d00000|  0%| F|  |TAMS 0x00000000c7c00000, 0x00000000c7c00000| Untracked 
| 125|0x00000000c7d00000, 0x00000000c7d00000, 0x00000000c7e00000|  0%| F|  |TAMS 0x00000000c7d00000, 0x00000000c7d00000| Untracked 
| 126|0x00000000c7e00000, 0x00000000c7e00000, 0x00000000c7f00000|  0%| F|  |TAMS 0x00000000c7e00000, 0x00000000c7e00000| Untracked 
| 127|0x00000000c7f00000, 0x00000000c7f00000, 0x00000000c8000000|  0%| F|  |TAMS 0x00000000c7f00000, 0x00000000c7f00000| Untracked 
| 128|0x00000000c8000000, 0x00000000c8000000, 0x00000000c8100000|  0%| F|  |TAMS 0x00000000c8000000, 0x00000000c8000000| Untracked 
| 129|0x00000000c8100000, 0x00000000c8100000, 0x00000000c8200000|  0%| F|  |TAMS 0x00000000c8100000, 0x00000000c8100000| Untracked 
| 130|0x00000000c8200000, 0x00000000c8200000, 0x00000000c8300000|  0%| F|  |TAMS 0x00000000c8200000, 0x00000000c8200000| Untracked 
| 131|0x00000000c8300000, 0x00000000c8300000, 0x00000000c8400000|  0%| F|  |TAMS 0x00000000c8300000, 0x00000000c8300000| Untracked 
| 132|0x00000000c8400000, 0x00000000c8400000, 0x00000000c8500000|  0%| F|  |TAMS 0x00000000c8400000, 0x00000000c8400000| Untracked 
| 133|0x00000000c8500000, 0x00000000c8500000, 0x00000000c8600000|  0%| F|  |TAMS 0x00000000c8500000, 0x00000000c8500000| Untracked 
| 134|0x00000000c8600000, 0x00000000c8600000, 0x00000000c8700000|  0%| F|  |TAMS 0x00000000c8600000, 0x00000000c8600000| Untracked 
| 135|0x00000000c8700000, 0x00000000c8700000, 0x00000000c8800000|  0%| F|  |TAMS 0x00000000c8700000, 0x00000000c8700000| Untracked 
| 136|0x00000000c8800000, 0x00000000c8800000, 0x00000000c8900000|  0%| F|  |TAMS 0x00000000c8800000, 0x00000000c8800000| Untracked 
| 137|0x00000000c8900000, 0x00000000c8900000, 0x00000000c8a00000|  0%| F|  |TAMS 0x00000000c8900000, 0x00000000c8900000| Untracked 
| 138|0x00000000c8a00000, 0x00000000c8a00000, 0x00000000c8b00000|  0%| F|  |TAMS 0x00000000c8a00000, 0x00000000c8a00000| Untracked 
| 139|0x00000000c8b00000, 0x00000000c8b00000, 0x00000000c8c00000|  0%| F|  |TAMS 0x00000000c8b00000, 0x00000000c8b00000| Untracked 
| 140|0x00000000c8c00000, 0x00000000c8c00000, 0x00000000c8d00000|  0%| F|  |TAMS 0x00000000c8c00000, 0x00000000c8c00000| Untracked 
| 141|0x00000000c8d00000, 0x00000000c8d00000, 0x00000000c8e00000|  0%| F|  |TAMS 0x00000000c8d00000, 0x00000000c8d00000| Untracked 
| 142|0x00000000c8e00000, 0x00000000c8e00000, 0x00000000c8f00000|  0%| F|  |TAMS 0x00000000c8e00000, 0x00000000c8e00000| Untracked 
| 143|0x00000000c8f00000, 0x00000000c8f00000, 0x00000000c9000000|  0%| F|  |TAMS 0x00000000c8f00000, 0x00000000c8f00000| Untracked 
| 144|0x00000000c9000000, 0x00000000c9000000, 0x00000000c9100000|  0%| F|  |TAMS 0x00000000c9000000, 0x00000000c9000000| Untracked 
| 145|0x00000000c9100000, 0x00000000c9100000, 0x00000000c9200000|  0%| F|  |TAMS 0x00000000c9100000, 0x00000000c9100000| Untracked 
| 146|0x00000000c9200000, 0x00000000c9200000, 0x00000000c9300000|  0%| F|  |TAMS 0x00000000c9200000, 0x00000000c9200000| Untracked 
| 147|0x00000000c9300000, 0x00000000c9300000, 0x00000000c9400000|  0%| F|  |TAMS 0x00000000c9300000, 0x00000000c9300000| Untracked 
| 148|0x00000000c9400000, 0x00000000c9400000, 0x00000000c9500000|  0%| F|  |TAMS 0x00000000c9400000, 0x00000000c9400000| Untracked 
| 149|0x00000000c9500000, 0x00000000c9500000, 0x00000000c9600000|  0%| F|  |TAMS 0x00000000c9500000, 0x00000000c9500000| Untracked 
| 150|0x00000000c9600000, 0x00000000c9600000, 0x00000000c9700000|  0%| F|  |TAMS 0x00000000c9600000, 0x00000000c9600000| Untracked 
| 151|0x00000000c9700000, 0x00000000c9700000, 0x00000000c9800000|  0%| F|  |TAMS 0x00000000c9700000, 0x00000000c9700000| Untracked 
| 152|0x00000000c9800000, 0x00000000c9800000, 0x00000000c9900000|  0%| F|  |TAMS 0x00000000c9800000, 0x00000000c9800000| Untracked 
| 153|0x00000000c9900000, 0x00000000c9900000, 0x00000000c9a00000|  0%| F|  |TAMS 0x00000000c9900000, 0x00000000c9900000| Untracked 
| 154|0x00000000c9a00000, 0x00000000c9a00000, 0x00000000c9b00000|  0%| F|  |TAMS 0x00000000c9a00000, 0x00000000c9a00000| Untracked 
| 155|0x00000000c9b00000, 0x00000000c9b00000, 0x00000000c9c00000|  0%| F|  |TAMS 0x00000000c9b00000, 0x00000000c9b00000| Untracked 
| 156|0x00000000c9c00000, 0x00000000c9c00000, 0x00000000c9d00000|  0%| F|  |TAMS 0x00000000c9c00000, 0x00000000c9c00000| Untracked 
| 157|0x00000000c9d00000, 0x00000000c9d00000, 0x00000000c9e00000|  0%| F|  |TAMS 0x00000000c9d00000, 0x00000000c9d00000| Untracked 
| 158|0x00000000c9e00000, 0x00000000c9e00000, 0x00000000c9f00000|  0%| F|  |TAMS 0x00000000c9e00000, 0x00000000c9e00000| Untracked 
| 159|0x00000000c9f00000, 0x00000000c9f00000, 0x00000000ca000000|  0%| F|  |TAMS 0x00000000c9f00000, 0x00000000c9f00000| Untracked 
| 160|0x00000000ca000000, 0x00000000ca000000, 0x00000000ca100000|  0%| F|  |TAMS 0x00000000ca000000, 0x00000000ca000000| Untracked 
| 161|0x00000000ca100000, 0x00000000ca100000, 0x00000000ca200000|  0%| F|  |TAMS 0x00000000ca100000, 0x00000000ca100000| Untracked 
| 162|0x00000000ca200000, 0x00000000ca200000, 0x00000000ca300000|  0%| F|  |TAMS 0x00000000ca200000, 0x00000000ca200000| Untracked 
| 163|0x00000000ca300000, 0x00000000ca300000, 0x00000000ca400000|  0%| F|  |TAMS 0x00000000ca300000, 0x00000000ca300000| Untracked 
| 164|0x00000000ca400000, 0x00000000ca400000, 0x00000000ca500000|  0%| F|  |TAMS 0x00000000ca400000, 0x00000000ca400000| Untracked 
| 165|0x00000000ca500000, 0x00000000ca500000, 0x00000000ca600000|  0%| F|  |TAMS 0x00000000ca500000, 0x00000000ca500000| Untracked 
| 166|0x00000000ca600000, 0x00000000ca600000, 0x00000000ca700000|  0%| F|  |TAMS 0x00000000ca600000, 0x00000000ca600000| Untracked 
| 167|0x00000000ca700000, 0x00000000ca700000, 0x00000000ca800000|  0%| F|  |TAMS 0x00000000ca700000, 0x00000000ca700000| Untracked 
| 168|0x00000000ca800000, 0x00000000ca800000, 0x00000000ca900000|  0%| F|  |TAMS 0x00000000ca800000, 0x00000000ca800000| Untracked 
| 169|0x00000000ca900000, 0x00000000ca900000, 0x00000000caa00000|  0%| F|  |TAMS 0x00000000ca900000, 0x00000000ca900000| Untracked 
| 170|0x00000000caa00000, 0x00000000caa00000, 0x00000000cab00000|  0%| F|  |TAMS 0x00000000caa00000, 0x00000000caa00000| Untracked 
| 171|0x00000000cab00000, 0x00000000cab00000, 0x00000000cac00000|  0%| F|  |TAMS 0x00000000cab00000, 0x00000000cab00000| Untracked 
| 172|0x00000000cac00000, 0x00000000cac00000, 0x00000000cad00000|  0%| F|  |TAMS 0x00000000cac00000, 0x00000000cac00000| Untracked 
| 173|0x00000000cad00000, 0x00000000cad00000, 0x00000000cae00000|  0%| F|  |TAMS 0x00000000cad00000, 0x00000000cad00000| Untracked 
| 174|0x00000000cae00000, 0x00000000cae00000, 0x00000000caf00000|  0%| F|  |TAMS 0x00000000cae00000, 0x00000000cae00000| Untracked 
| 175|0x00000000caf00000, 0x00000000caf00000, 0x00000000cb000000|  0%| F|  |TAMS 0x00000000caf00000, 0x00000000caf00000| Untracked 
| 176|0x00000000cb000000, 0x00000000cb000000, 0x00000000cb100000|  0%| F|  |TAMS 0x00000000cb000000, 0x00000000cb000000| Untracked 
| 177|0x00000000cb100000, 0x00000000cb100000, 0x00000000cb200000|  0%| F|  |TAMS 0x00000000cb100000, 0x00000000cb100000| Untracked 
| 178|0x00000000cb200000, 0x00000000cb200000, 0x00000000cb300000|  0%| F|  |TAMS 0x00000000cb200000, 0x00000000cb200000| Untracked 
| 179|0x00000000cb300000, 0x00000000cb300000, 0x00000000cb400000|  0%| F|  |TAMS 0x00000000cb300000, 0x00000000cb300000| Untracked 
| 180|0x00000000cb400000, 0x00000000cb400000, 0x00000000cb500000|  0%| F|  |TAMS 0x00000000cb400000, 0x00000000cb400000| Untracked 
| 181|0x00000000cb500000, 0x00000000cb500000, 0x00000000cb600000|  0%| F|  |TAMS 0x00000000cb500000, 0x00000000cb500000| Untracked 
| 182|0x00000000cb600000, 0x00000000cb600000, 0x00000000cb700000|  0%| F|  |TAMS 0x00000000cb600000, 0x00000000cb600000| Untracked 
| 183|0x00000000cb700000, 0x00000000cb700000, 0x00000000cb800000|  0%| F|  |TAMS 0x00000000cb700000, 0x00000000cb700000| Untracked 
| 184|0x00000000cb800000, 0x00000000cb800000, 0x00000000cb900000|  0%| F|  |TAMS 0x00000000cb800000, 0x00000000cb800000| Untracked 
| 185|0x00000000cb900000, 0x00000000cb900000, 0x00000000cba00000|  0%| F|  |TAMS 0x00000000cb900000, 0x00000000cb900000| Untracked 
| 186|0x00000000cba00000, 0x00000000cba00000, 0x00000000cbb00000|  0%| F|  |TAMS 0x00000000cba00000, 0x00000000cba00000| Untracked 
| 187|0x00000000cbb00000, 0x00000000cbb00000, 0x00000000cbc00000|  0%| F|  |TAMS 0x00000000cbb00000, 0x00000000cbb00000| Untracked 
| 188|0x00000000cbc00000, 0x00000000cbc00000, 0x00000000cbd00000|  0%| F|  |TAMS 0x00000000cbc00000, 0x00000000cbc00000| Untracked 
| 189|0x00000000cbd00000, 0x00000000cbd00000, 0x00000000cbe00000|  0%| F|  |TAMS 0x00000000cbd00000, 0x00000000cbd00000| Untracked 
| 190|0x00000000cbe00000, 0x00000000cbe00000, 0x00000000cbf00000|  0%| F|  |TAMS 0x00000000cbe00000, 0x00000000cbe00000| Untracked 
| 191|0x00000000cbf00000, 0x00000000cbf00000, 0x00000000cc000000|  0%| F|  |TAMS 0x00000000cbf00000, 0x00000000cbf00000| Untracked 
| 192|0x00000000cc000000, 0x00000000cc000000, 0x00000000cc100000|  0%| F|  |TAMS 0x00000000cc000000, 0x00000000cc000000| Untracked 
| 193|0x00000000cc100000, 0x00000000cc100000, 0x00000000cc200000|  0%| F|  |TAMS 0x00000000cc100000, 0x00000000cc100000| Untracked 
| 194|0x00000000cc200000, 0x00000000cc200000, 0x00000000cc300000|  0%| F|  |TAMS 0x00000000cc200000, 0x00000000cc200000| Untracked 
| 195|0x00000000cc300000, 0x00000000cc300000, 0x00000000cc400000|  0%| F|  |TAMS 0x00000000cc300000, 0x00000000cc300000| Untracked 
| 196|0x00000000cc400000, 0x00000000cc400000, 0x00000000cc500000|  0%| F|  |TAMS 0x00000000cc400000, 0x00000000cc400000| Untracked 
| 197|0x00000000cc500000, 0x00000000cc500000, 0x00000000cc600000|  0%| F|  |TAMS 0x00000000cc500000, 0x00000000cc500000| Untracked 
| 198|0x00000000cc600000, 0x00000000cc600000, 0x00000000cc700000|  0%| F|  |TAMS 0x00000000cc600000, 0x00000000cc600000| Untracked 
| 199|0x00000000cc700000, 0x00000000cc700000, 0x00000000cc800000|  0%| F|  |TAMS 0x00000000cc700000, 0x00000000cc700000| Untracked 
| 200|0x00000000cc800000, 0x00000000cc800000, 0x00000000cc900000|  0%| F|  |TAMS 0x00000000cc800000, 0x00000000cc800000| Untracked 
| 201|0x00000000cc900000, 0x00000000cc900000, 0x00000000cca00000|  0%| F|  |TAMS 0x00000000cc900000, 0x00000000cc900000| Untracked 
| 202|0x00000000cca00000, 0x00000000cca00000, 0x00000000ccb00000|  0%| F|  |TAMS 0x00000000cca00000, 0x00000000cca00000| Untracked 
| 203|0x00000000ccb00000, 0x00000000ccb00000, 0x00000000ccc00000|  0%| F|  |TAMS 0x00000000ccb00000, 0x00000000ccb00000| Untracked 
| 204|0x00000000ccc00000, 0x00000000ccc00000, 0x00000000ccd00000|  0%| F|  |TAMS 0x00000000ccc00000, 0x00000000ccc00000| Untracked 
| 205|0x00000000ccd00000, 0x00000000ccd00000, 0x00000000cce00000|  0%| F|  |TAMS 0x00000000ccd00000, 0x00000000ccd00000| Untracked 
| 206|0x00000000cce00000, 0x00000000cce00000, 0x00000000ccf00000|  0%| F|  |TAMS 0x00000000cce00000, 0x00000000cce00000| Untracked 
| 207|0x00000000ccf00000, 0x00000000ccf00000, 0x00000000cd000000|  0%| F|  |TAMS 0x00000000ccf00000, 0x00000000ccf00000| Untracked 
| 208|0x00000000cd000000, 0x00000000cd000000, 0x00000000cd100000|  0%| F|  |TAMS 0x00000000cd000000, 0x00000000cd000000| Untracked 
| 209|0x00000000cd100000, 0x00000000cd100000, 0x00000000cd200000|  0%| F|  |TAMS 0x00000000cd100000, 0x00000000cd100000| Untracked 
| 210|0x00000000cd200000, 0x00000000cd200000, 0x00000000cd300000|  0%| F|  |TAMS 0x00000000cd200000, 0x00000000cd200000| Untracked 
| 211|0x00000000cd300000, 0x00000000cd300000, 0x00000000cd400000|  0%| F|  |TAMS 0x00000000cd300000, 0x00000000cd300000| Untracked 
| 212|0x00000000cd400000, 0x00000000cd400000, 0x00000000cd500000|  0%| F|  |TAMS 0x00000000cd400000, 0x00000000cd400000| Untracked 
| 213|0x00000000cd500000, 0x00000000cd500000, 0x00000000cd600000|  0%| F|  |TAMS 0x00000000cd500000, 0x00000000cd500000| Untracked 
| 214|0x00000000cd600000, 0x00000000cd600000, 0x00000000cd700000|  0%| F|  |TAMS 0x00000000cd600000, 0x00000000cd600000| Untracked 
| 215|0x00000000cd700000, 0x00000000cd700000, 0x00000000cd800000|  0%| F|  |TAMS 0x00000000cd700000, 0x00000000cd700000| Untracked 
| 216|0x00000000cd800000, 0x00000000cd800000, 0x00000000cd900000|  0%| F|  |TAMS 0x00000000cd800000, 0x00000000cd800000| Untracked 
| 217|0x00000000cd900000, 0x00000000cd900000, 0x00000000cda00000|  0%| F|  |TAMS 0x00000000cd900000, 0x00000000cd900000| Untracked 
| 218|0x00000000cda00000, 0x00000000cda00000, 0x00000000cdb00000|  0%| F|  |TAMS 0x00000000cda00000, 0x00000000cda00000| Untracked 
| 219|0x00000000cdb00000, 0x00000000cdb00000, 0x00000000cdc00000|  0%| F|  |TAMS 0x00000000cdb00000, 0x00000000cdb00000| Untracked 
| 220|0x00000000cdc00000, 0x00000000cdc00000, 0x00000000cdd00000|  0%| F|  |TAMS 0x00000000cdc00000, 0x00000000cdc00000| Untracked 
| 221|0x00000000cdd00000, 0x00000000cdd00000, 0x00000000cde00000|  0%| F|  |TAMS 0x00000000cdd00000, 0x00000000cdd00000| Untracked 
| 222|0x00000000cde00000, 0x00000000cde00000, 0x00000000cdf00000|  0%| F|  |TAMS 0x00000000cde00000, 0x00000000cde00000| Untracked 
| 223|0x00000000cdf00000, 0x00000000cdf00000, 0x00000000ce000000|  0%| F|  |TAMS 0x00000000cdf00000, 0x00000000cdf00000| Untracked 
| 224|0x00000000ce000000, 0x00000000ce000000, 0x00000000ce100000|  0%| F|  |TAMS 0x00000000ce000000, 0x00000000ce000000| Untracked 
| 225|0x00000000ce100000, 0x00000000ce1ea8f8, 0x00000000ce200000| 91%| S|CS|TAMS 0x00000000ce100000, 0x00000000ce100000| Complete 
| 226|0x00000000ce200000, 0x00000000ce300000, 0x00000000ce300000|100%| S|CS|TAMS 0x00000000ce200000, 0x00000000ce200000| Complete 
| 227|0x00000000ce300000, 0x00000000ce400000, 0x00000000ce400000|100%| S|CS|TAMS 0x00000000ce300000, 0x00000000ce300000| Complete 
| 228|0x00000000ce400000, 0x00000000ce400000, 0x00000000ce500000|  0%| F|  |TAMS 0x00000000ce400000, 0x00000000ce400000| Untracked 
| 229|0x00000000ce500000, 0x00000000ce500000, 0x00000000ce600000|  0%| F|  |TAMS 0x00000000ce500000, 0x00000000ce500000| Untracked 
| 230|0x00000000ce600000, 0x00000000ce600000, 0x00000000ce700000|  0%| F|  |TAMS 0x00000000ce600000, 0x00000000ce600000| Untracked 
| 231|0x00000000ce700000, 0x00000000ce7560b0, 0x00000000ce800000| 33%| E|  |TAMS 0x00000000ce700000, 0x00000000ce700000| Complete 
| 232|0x00000000ce800000, 0x00000000ce900000, 0x00000000ce900000|100%| E|CS|TAMS 0x00000000ce800000, 0x00000000ce800000| Complete 
| 233|0x00000000ce900000, 0x00000000cea00000, 0x00000000cea00000|100%| E|CS|TAMS 0x00000000ce900000, 0x00000000ce900000| Complete 
| 234|0x00000000cea00000, 0x00000000ceb00000, 0x00000000ceb00000|100%| E|CS|TAMS 0x00000000cea00000, 0x00000000cea00000| Complete 
| 235|0x00000000ceb00000, 0x00000000cec00000, 0x00000000cec00000|100%| E|CS|TAMS 0x00000000ceb00000, 0x00000000ceb00000| Complete 
| 236|0x00000000cec00000, 0x00000000ced00000, 0x00000000ced00000|100%| E|CS|TAMS 0x00000000cec00000, 0x00000000cec00000| Complete 
| 237|0x00000000ced00000, 0x00000000cee00000, 0x00000000cee00000|100%| E|CS|TAMS 0x00000000ced00000, 0x00000000ced00000| Complete 
| 238|0x00000000cee00000, 0x00000000cef00000, 0x00000000cef00000|100%| E|CS|TAMS 0x00000000cee00000, 0x00000000cee00000| Complete 
| 239|0x00000000cef00000, 0x00000000cf000000, 0x00000000cf000000|100%| E|CS|TAMS 0x00000000cef00000, 0x00000000cef00000| Complete 
| 240|0x00000000cf000000, 0x00000000cf100000, 0x00000000cf100000|100%| E|CS|TAMS 0x00000000cf000000, 0x00000000cf000000| Complete 
| 241|0x00000000cf100000, 0x00000000cf200000, 0x00000000cf200000|100%| E|CS|TAMS 0x00000000cf100000, 0x00000000cf100000| Complete 
| 242|0x00000000cf200000, 0x00000000cf300000, 0x00000000cf300000|100%| E|CS|TAMS 0x00000000cf200000, 0x00000000cf200000| Complete 
| 243|0x00000000cf300000, 0x00000000cf400000, 0x00000000cf400000|100%| E|CS|TAMS 0x00000000cf300000, 0x00000000cf300000| Complete 
| 244|0x00000000cf400000, 0x00000000cf500000, 0x00000000cf500000|100%| E|CS|TAMS 0x00000000cf400000, 0x00000000cf400000| Complete 
| 245|0x00000000cf500000, 0x00000000cf600000, 0x00000000cf600000|100%| E|CS|TAMS 0x00000000cf500000, 0x00000000cf500000| Complete 
| 246|0x00000000cf600000, 0x00000000cf700000, 0x00000000cf700000|100%| E|CS|TAMS 0x00000000cf600000, 0x00000000cf600000| Complete 
| 247|0x00000000cf700000, 0x00000000cf800000, 0x00000000cf800000|100%| E|CS|TAMS 0x00000000cf700000, 0x00000000cf700000| Complete 
| 248|0x00000000cf800000, 0x00000000cf900000, 0x00000000cf900000|100%| E|CS|TAMS 0x00000000cf800000, 0x00000000cf800000| Complete 
| 249|0x00000000cf900000, 0x00000000cfa00000, 0x00000000cfa00000|100%| E|CS|TAMS 0x00000000cf900000, 0x00000000cf900000| Complete 
| 250|0x00000000cfa00000, 0x00000000cfb00000, 0x00000000cfb00000|100%| E|CS|TAMS 0x00000000cfa00000, 0x00000000cfa00000| Complete 
| 251|0x00000000cfb00000, 0x00000000cfc00000, 0x00000000cfc00000|100%| E|CS|TAMS 0x00000000cfb00000, 0x00000000cfb00000| Complete 
| 252|0x00000000cfc00000, 0x00000000cfd00000, 0x00000000cfd00000|100%| E|CS|TAMS 0x00000000cfc00000, 0x00000000cfc00000| Complete 
| 253|0x00000000cfd00000, 0x00000000cfe00000, 0x00000000cfe00000|100%| E|CS|TAMS 0x00000000cfd00000, 0x00000000cfd00000| Complete 

Card table byte_map: [0x00000288c86f0000,0x00000288c88f0000] _byte_map_base: 0x00000288c80f0000

Marking Bits (Prev, Next): (CMBitMap*) 0x00000288c2587cf0, (CMBitMap*) 0x00000288c2587d30
 Prev Bits: [0x00000288c8af0000, 0x00000288c9af0000)
 Next Bits: [0x00000288c9af0000, 0x00000288caaf0000)

Polling page: 0x00000288c1d00000

Metaspace:

Usage:
  Non-class:     17.64 MB used.
      Class:      2.47 MB used.
       Both:     20.11 MB used.

Virtual space:
  Non-class space:       64.00 MB reserved,      17.75 MB ( 28%) committed,  1 nodes.
      Class space:        1.00 GB reserved,       2.56 MB ( <1%) committed,  1 nodes.
             Both:        1.06 GB reserved,      20.31 MB (  2%) committed. 

Chunk freelists:
   Non-Class:  14.08 MB
       Class:  13.33 MB
        Both:  27.41 MB

MaxMetaspaceSize: unlimited
CompressedClassSpaceSize: 1.00 GB
Initial GC threshold: 21.00 MB
Current GC threshold: 21.00 MB
CDS: off
MetaspaceReclaimPolicy: balanced
 - commit_granule_bytes: 65536.
 - commit_granule_words: 8192.
 - virtual_space_node_default_size: 8388608.
 - enlarge_chunks_in_place: 1.
 - new_chunks_are_fully_committed: 0.
 - uncommit_free_chunks: 1.
 - use_allocation_guard: 0.
 - handle_deallocations: 1.


Internal statistics:

num_allocs_failed_limit: 0.
num_arena_births: 180.
num_arena_deaths: 0.
num_vsnodes_births: 2.
num_vsnodes_deaths: 0.
num_space_committed: 325.
num_space_uncommitted: 0.
num_chunks_returned_to_freelist: 0.
num_chunks_taken_from_freelist: 582.
num_chunk_merges: 0.
num_chunk_splits: 398.
num_chunks_enlarged: 317.
num_inconsistent_stats: 0.

CodeCache: size=49152Kb used=5577Kb max_used=5577Kb free=43574Kb
 bounds [0x00000288c51c0000, 0x00000288c5740000, 0x00000288c81c0000]
 total_blobs=2307 nmethods=1832 adapters=399
 compilation: enabled
              stopped_count=0, restarted_count=0
 full_count=0

Compilation events (20 events):
Event: 15.471 Thread 0x00000288d27fdec0 nmethod 1755 0x00000288c567d390 code [0x00000288c567d520, 0x00000288c567d618]
Event: 15.471 Thread 0x00000288cd89c380 nmethod 1758 0x00000288c567d690 code [0x00000288c567d820, 0x00000288c567d8f8]
Event: 15.471 Thread 0x00000288d27fdec0 1754       1       sun.util.locale.BaseLocale::getScript (5 bytes)
Event: 15.471 Thread 0x00000288cd89c380 1759       1       sun.util.locale.ParseStatus::isError (13 bytes)
Event: 15.472 Thread 0x00000288d27fdec0 nmethod 1754 0x00000288c567d990 code [0x00000288c567db20, 0x00000288c567dbf8]
Event: 15.472 Thread 0x00000288cd89c380 nmethod 1759 0x00000288c567dc90 code [0x00000288c567de20, 0x00000288c567def8]
Event: 15.472 Thread 0x00000288d27fdec0 1762       1       sun.util.locale.StringTokenIterator::nextDelimiter (116 bytes)
Event: 15.472 Thread 0x00000288cd89c380 1760       1       sun.util.locale.BaseLocale::hashCode (67 bytes)
Event: 15.472 Thread 0x00000288cd89c380 nmethod 1760 0x00000288c567df90 code [0x00000288c567e160, 0x00000288c567e338]
Event: 15.472 Thread 0x00000288cd89c380 1766       1       sun.util.locale.LocaleUtils::toUpperString (95 bytes)
Event: 15.472 Thread 0x00000288d27fe3d0 nmethod 1761 0x00000288c567e490 code [0x00000288c567e680, 0x00000288c567ec88]
Event: 15.472 Thread 0x00000288d27fe3d0 1756       1       sun.util.locale.StringTokenIterator::currentEnd (5 bytes)
Event: 15.472 Thread 0x00000288d27fe3d0 nmethod 1756 0x00000288c567f110 code [0x00000288c567f2a0, 0x00000288c567f378]
Event: 15.472 Thread 0x00000288d27fe3d0 1757       1       sun.util.locale.BaseLocale$Key::hashCode (5 bytes)
Event: 15.472 Thread 0x00000288d27fe3d0 nmethod 1757 0x00000288c567f410 code [0x00000288c567f5a0, 0x00000288c567f678]
Event: 15.472 Thread 0x00000288d27fe3d0 1763       1       sun.util.locale.StringTokenIterator::next (74 bytes)
Event: 15.472 Thread 0x00000288d27fdec0 nmethod 1762 0x00000288c567f710 code [0x00000288c567f940, 0x00000288c567ff98]
Event: 15.472 Thread 0x00000288d27fdec0 1771       1       sun.util.locale.LocaleUtils::isAlphaString (33 bytes)
Event: 15.473 Thread 0x00000288d27fdec0 nmethod 1771 0x00000288c5680590 code [0x00000288c5680740, 0x00000288c5680a18]
Event: 15.473 Thread 0x00000288d27fdec0 1772       1       sun.util.locale.BaseLocale$Key::hashCode (178 bytes)

GC Heap History (4 events):
Event: 10.838 GC heap before
{Heap before GC invocations=0 (full 0):
 garbage-first heap   total 260096K, used 23552K [0x00000000c0000000, 0x0000000100000000)
  region size 1024K, 23 young (23552K), 0 survivors (0K)
 Metaspace       used 8586K, committed 8768K, reserved 1114112K
  class space    used 991K, committed 1088K, reserved 1048576K
}
Event: 10.842 GC heap after
{Heap after GC invocations=1 (full 0):
 garbage-first heap   total 260096K, used 10095K [0x00000000c0000000, 0x0000000100000000)
  region size 1024K, 3 young (3072K), 3 survivors (3072K)
 Metaspace       used 8586K, committed 8768K, reserved 1114112K
  class space    used 991K, committed 1088K, reserved 1048576K
}
Event: 12.226 GC heap before
{Heap before GC invocations=1 (full 0):
 garbage-first heap   total 260096K, used 33647K [0x00000000c0000000, 0x0000000100000000)
  region size 1024K, 26 young (26624K), 3 survivors (3072K)
 Metaspace       used 15937K, committed 16128K, reserved 1114112K
  class space    used 1978K, committed 2048K, reserved 1048576K
}
Event: 12.228 GC heap after
{Heap after GC invocations=2 (full 0):
 garbage-first heap   total 260096K, used 13024K [0x00000000c0000000, 0x0000000100000000)
  region size 1024K, 3 young (3072K), 3 survivors (3072K)
 Metaspace       used 15937K, committed 16128K, reserved 1114112K
  class space    used 1978K, committed 2048K, reserved 1048576K
}

Dll operation events (5 events):
Event: 0.015 Loaded shared library c:\Users\khami\.vscode\extensions\redhat.java-1.20.0-win32-x64\jre\17.0.7-win32-x86_64\bin\java.dll
Event: 3.244 Loaded shared library C:\Users\khami\.vscode\extensions\redhat.java-1.20.0-win32-x64\jre\17.0.7-win32-x86_64\bin\net.dll
Event: 3.246 Loaded shared library C:\Users\khami\.vscode\extensions\redhat.java-1.20.0-win32-x64\jre\17.0.7-win32-x86_64\bin\nio.dll
Event: 3.253 Loaded shared library C:\Users\khami\.vscode\extensions\redhat.java-1.20.0-win32-x64\jre\17.0.7-win32-x86_64\bin\zip.dll
Event: 8.582 Loaded shared library C:\Users\khami\.vscode\extensions\redhat.java-1.20.0-win32-x64\jre\17.0.7-win32-x86_64\bin\jimage.dll

Deoptimization events (0 events):
No events

Classes unloaded (0 events):
No events

Classes redefined (0 events):
No events

Internal exceptions (20 events):
Event: 12.283 Thread 0x00000288c25490f0 Exception <a 'java/lang/NoSuchMethodError'{0x00000000cf918f20}: 'java.lang.Object java.lang.invoke.DirectMethodHandle$Holder.invokeSpecial(java.lang.Object, java.lang.Object, java.lang.Object, int, java.lang.Object)'> (0x00000000cf918f20) 
thrown [s\src\hotspot\share\interpreter\linkResolver.cpp, line 759]
Event: 12.283 Thread 0x00000288c25490f0 Exception <a 'java/lang/NoSuchMethodError'{0x00000000cf921580}: 'java.lang.Object java.lang.invoke.DirectMethodHandle$Holder.newInvokeSpecial(java.lang.Object, java.lang.Object, java.lang.Object, int, java.lang.Object)'> (0x00000000cf921580) 
thrown [s\src\hotspot\share\interpreter\linkResolver.cpp, line 759]
Event: 12.284 Thread 0x00000288c25490f0 Exception <a 'java/lang/NoSuchMethodError'{0x00000000cf9394a0}: 'java.lang.Object java.lang.invoke.DirectMethodHandle$Holder.newInvokeSpecial(java.lang.Object, int, java.lang.Object)'> (0x00000000cf9394a0) 
thrown [s\src\hotspot\share\interpreter\linkResolver.cpp, line 759]
Event: 12.285 Thread 0x00000288c25490f0 Exception <a 'java/lang/NoSuchMethodError'{0x00000000cf93e288}: 'int java.lang.invoke.DirectMethodHandle$Holder.invokeSpecialIFC(java.lang.Object, java.lang.Object, java.lang.Object, java.lang.Object)'> (0x00000000cf93e288) 
thrown [s\src\hotspot\share\interpreter\linkResolver.cpp, line 759]
Event: 12.293 Thread 0x00000288c25490f0 Exception <a 'java/lang/NoSuchMethodError'{0x00000000cf891af0}: 'void java.lang.invoke.DirectMethodHandle$Holder.invokeInterface(java.lang.Object, java.lang.Object, java.lang.Object)'> (0x00000000cf891af0) 
thrown [s\src\hotspot\share\interpreter\linkResolver.cpp, line 759]
Event: 12.299 Thread 0x00000288c25490f0 Exception <a 'java/lang/NoSuchMethodError'{0x00000000cf8e3af8}: 'void java.lang.invoke.DirectMethodHandle$Holder.invokeStatic(java.lang.Object, java.lang.Object)'> (0x00000000cf8e3af8) 
thrown [s\src\hotspot\share\interpreter\linkResolver.cpp, line 759]
Event: 12.299 Thread 0x00000288c25490f0 Exception <a 'java/lang/NoSuchMethodError'{0x00000000cf8e72f8}: 'void java.lang.invoke.DirectMethodHandle$Holder.invokeStaticInit(java.lang.Object, java.lang.Object)'> (0x00000000cf8e72f8) 
thrown [s\src\hotspot\share\interpreter\linkResolver.cpp, line 759]
Event: 12.300 Thread 0x00000288c25490f0 Exception <a 'java/lang/NoSuchMethodError'{0x00000000cf8f69d0}: 'void java.lang.invoke.DirectMethodHandle$Holder.invokeStaticInit(java.lang.Object, java.lang.Object, java.lang.Object)'> (0x00000000cf8f69d0) 
thrown [s\src\hotspot\share\interpreter\linkResolver.cpp, line 759]
Event: 12.301 Thread 0x00000288c25490f0 Exception <a 'java/lang/NoSuchMethodError'{0x00000000cf708bc0}: 'java.lang.Object java.lang.invoke.DirectMethodHandle$Holder.invokeStaticInit(java.lang.Object)'> (0x00000000cf708bc0) 
thrown [s\src\hotspot\share\interpreter\linkResolver.cpp, line 759]
Event: 12.302 Thread 0x00000288c25490f0 Exception <a 'java/lang/NoSuchMethodError'{0x00000000cf70f1c0}: 'java.lang.Object java.lang.invoke.DirectMethodHandle$Holder.invokeStatic(java.lang.Object, java.lang.Object, long, java.lang.Object)'> (0x00000000cf70f1c0) 
thrown [s\src\hotspot\share\interpreter\linkResolver.cpp, line 759]
Event: 12.302 Thread 0x00000288c25490f0 Exception <a 'java/lang/NoSuchMethodError'{0x00000000cf712c58}: 'java.lang.Object java.lang.invoke.DirectMethodHandle$Holder.invokeStaticInit(java.lang.Object, java.lang.Object, long, java.lang.Object)'> (0x00000000cf712c58) 
thrown [s\src\hotspot\share\interpreter\linkResolver.cpp, line 759]
Event: 12.302 Thread 0x00000288c25490f0 Exception <a 'java/lang/NoSuchMethodError'{0x00000000cf7193d8}: 'java.lang.Object java.lang.invoke.DirectMethodHandle$Holder.newInvokeSpecial(java.lang.Object, java.lang.Object, long)'> (0x00000000cf7193d8) 
thrown [s\src\hotspot\share\interpreter\linkResolver.cpp, line 759]
Event: 12.303 Thread 0x00000288c25490f0 Exception <a 'java/lang/NoSuchMethodError'{0x00000000cf71cf48}: 'java.lang.Object java.lang.invoke.Invokers$Holder.linkToTargetMethod(java.lang.Object, long, java.lang.Object)'> (0x00000000cf71cf48) 
thrown [s\src\hotspot\share\interpreter\linkResolver.cpp, line 759]
Event: 12.316 Thread 0x00000288c25490f0 Exception <a 'java/lang/NoSuchMethodError'{0x00000000cf7cdb88}: 'void java.lang.invoke.DirectMethodHandle$Holder.invokeSpecial(java.lang.Object, java.lang.Object, java.lang.Object)'> (0x00000000cf7cdb88) 
thrown [s\src\hotspot\share\interpreter\linkResolver.cpp, line 759]
Event: 12.316 Thread 0x00000288c25490f0 Exception <a 'java/lang/NoSuchMethodError'{0x00000000cf7d4160}: 'void java.lang.invoke.DirectMethodHandle$Holder.invokeSpecial(java.lang.Object, java.lang.Object, java.lang.Object, java.lang.Object, java.lang.Object)'> (0x00000000cf7d4160) 
thrown [s\src\hotspot\share\interpreter\linkResolver.cpp, line 759]
Event: 12.320 Thread 0x00000288c25490f0 Exception <a 'java/lang/NoSuchMethodError'{0x00000000cf7ff7e8}: 'void java.lang.invoke.DirectMethodHandle$Holder.invokeStatic(java.lang.Object, java.lang.Object, int)'> (0x00000000cf7ff7e8) 
thrown [s\src\hotspot\share\interpreter\linkResolver.cpp, line 759]
Event: 12.324 Thread 0x00000288d2be7900 Exception <a 'java/lang/NoClassDefFoundError'{0x00000000cf69a868}: jakarta/validation/Validation> (0x00000000cf69a868) 
thrown [s\src\hotspot\share\classfile\systemDictionary.cpp, line 245]
Event: 12.332 Thread 0x00000288c25490f0 Exception <a 'java/lang/NoSuchMethodError'{0x00000000cf679f58}: 'java.lang.Object java.lang.invoke.DirectMethodHandle$Holder.invokeStatic(java.lang.Object, java.lang.Object, int)'> (0x00000000cf679f58) 
thrown [s\src\hotspot\share\interpreter\linkResolver.cpp, line 759]
Event: 12.332 Thread 0x00000288c25490f0 Exception <a 'java/lang/NoSuchMethodError'{0x00000000cf504fa0}: 'void java.lang.invoke.DelegatingMethodHandle$Holder.delegate(java.lang.Object, java.lang.Object, int, java.lang.Object)'> (0x00000000cf504fa0) 
thrown [s\src\hotspot\share\interpreter\linkResolver.cpp, line 759]
Event: 12.344 Thread 0x00000288c25490f0 Exception <a 'java/lang/IncompatibleClassChangeError'{0x00000000cf4d7e50}: Found class java.lang.Object, but interface was expected> (0x00000000cf4d7e50) 
thrown [s\src\hotspot\share\interpreter\linkResolver.cpp, line 826]

VM Operations (20 events):
Event: 10.892 Executing VM operation: HandshakeAllThreads done
Event: 10.936 Executing VM operation: HandshakeAllThreads
Event: 10.936 Executing VM operation: HandshakeAllThreads done
Event: 11.049 Executing VM operation: HandshakeAllThreads
Event: 11.049 Executing VM operation: HandshakeAllThreads done
Event: 11.178 Executing VM operation: HandshakeAllThreads
Event: 11.178 Executing VM operation: HandshakeAllThreads done
Event: 12.183 Executing VM operation: Cleanup
Event: 12.183 Executing VM operation: Cleanup done
Event: 12.185 Executing VM operation: HandshakeAllThreads
Event: 12.185 Executing VM operation: HandshakeAllThreads done
Event: 12.226 Executing VM operation: G1CollectForAllocation
Event: 12.229 Executing VM operation: G1CollectForAllocation done
Event: 12.266 Executing VM operation: HandshakeAllThreads
Event: 12.266 Executing VM operation: HandshakeAllThreads done
Event: 12.332 Executing VM operation: HandshakeAllThreads
Event: 12.332 Executing VM operation: HandshakeAllThreads done
Event: 13.331 Executing VM operation: Cleanup
Event: 13.378 Executing VM operation: Cleanup done
Event: 16.406 Executing VM operation: Cleanup

Events (20 events):
Event: 15.469 loading class sun/util/locale/provider/LocaleServiceProviderPool$LocalizedObjectGetter
Event: 15.469 loading class sun/util/locale/provider/LocaleServiceProviderPool$LocalizedObjectGetter done
Event: 15.469 loading class sun/util/locale/provider/CalendarDataUtility$CalendarWeekParameterGetter done
Event: 15.469 loading class java/util/ResourceBundle$Control
Event: 15.469 loading class java/util/ResourceBundle$Control done
Event: 15.469 loading class java/util/ResourceBundle
Event: 15.469 loading class java/util/ResourceBundle done
Event: 15.469 loading class java/util/ResourceBundle$Control$CandidateListCache
Event: 15.469 loading class java/util/ResourceBundle$Control$CandidateListCache done
Event: 15.469 loading class java/util/ResourceBundle$NoFallbackControl
Event: 15.469 loading class java/util/ResourceBundle$SingleFormatControl
Event: 15.469 loading class java/util/ResourceBundle$SingleFormatControl done
Event: 15.469 loading class java/util/ResourceBundle$NoFallbackControl done
Event: 15.470 loading class sun/util/cldr/CLDRCalendarDataProviderImpl
Event: 15.470 loading class sun/util/locale/provider/CalendarDataProviderImpl
Event: 15.470 loading class sun/util/locale/provider/CalendarDataProviderImpl done
Event: 15.470 loading class sun/util/cldr/CLDRCalendarDataProviderImpl done
Event: 15.472 loading class java/util/concurrent/Callable
Event: 15.472 loading class java/util/concurrent/Callable done
Event: 15.480 loading class sun/util/locale/provider/LocaleResources


Dynamic libraries:
0x00007ff6b7510000 - 0x00007ff6b751e000 	c:\Users\khami\.vscode\extensions\redhat.java-1.20.0-win32-x64\jre\17.0.7-win32-x86_64\bin\java.exe
0x00007ffc8f6e0000 - 0x00007ffc8f90b000 	C:\WINDOWS\SYSTEM32\ntdll.dll
0x00007ffc8e4c0000 - 0x00007ffc8e586000 	C:\WINDOWS\System32\KERNEL32.DLL
0x00007ffc8cc50000 - 0x00007ffc8cfae000 	C:\WINDOWS\System32\KERNELBASE.dll
0x00007ffc8cb10000 - 0x00007ffc8cc43000 	C:\WINDOWS\System32\ucrtbase.dll
0x00007ffc587c0000 - 0x00007ffc587d7000 	c:\Users\khami\.vscode\extensions\redhat.java-1.20.0-win32-x64\jre\17.0.7-win32-x86_64\bin\jli.dll
0x00007ffc8f2f0000 - 0x00007ffc8f4a1000 	C:\WINDOWS\System32\USER32.dll
0x00007ffc8d320000 - 0x00007ffc8d347000 	C:\WINDOWS\System32\win32u.dll
0x00007ffc6d660000 - 0x00007ffc6d8f1000 	C:\WINDOWS\WinSxS\amd64_microsoft.windows.common-controls_6595b64144ccf1df_6.0.25905.1000_none_87b90b8fab340372\COMCTL32.dll
0x00007ffc51da0000 - 0x00007ffc51db9000 	c:\Users\khami\.vscode\extensions\redhat.java-1.20.0-win32-x64\jre\17.0.7-win32-x86_64\bin\VCRUNTIME140.dll
0x00007ffc8d550000 - 0x00007ffc8d579000 	C:\WINDOWS\System32\GDI32.dll
0x00007ffc8dcf0000 - 0x00007ffc8dd97000 	C:\WINDOWS\System32\msvcrt.dll
0x00007ffc8d1f0000 - 0x00007ffc8d30f000 	C:\WINDOWS\System32\gdi32full.dll
0x00007ffc8d140000 - 0x00007ffc8d1e5000 	C:\WINDOWS\System32\msvcp_win.dll
0x00007ffc8e590000 - 0x00007ffc8e5c0000 	C:\WINDOWS\System32\IMM32.DLL
0x00007ffc88220000 - 0x00007ffc8822c000 	c:\Users\khami\.vscode\extensions\redhat.java-1.20.0-win32-x64\jre\17.0.7-win32-x86_64\bin\vcruntime140_1.dll
0x00007ffc08440000 - 0x00007ffc084d1000 	c:\Users\khami\.vscode\extensions\redhat.java-1.20.0-win32-x64\jre\17.0.7-win32-x86_64\bin\msvcp140.dll
0x00007ffc00cf0000 - 0x00007ffc01938000 	c:\Users\khami\.vscode\extensions\redhat.java-1.20.0-win32-x64\jre\17.0.7-win32-x86_64\bin\server\jvm.dll
0x00007ffc8d580000 - 0x00007ffc8d630000 	C:\WINDOWS\System32\ADVAPI32.dll
0x00007ffc8f240000 - 0x00007ffc8f2e0000 	C:\WINDOWS\System32\sechost.dll
0x00007ffc8f570000 - 0x00007ffc8f695000 	C:\WINDOWS\System32\RPCRT4.dll
0x00007ffc87500000 - 0x00007ffc87509000 	C:\WINDOWS\SYSTEM32\WSOCK32.dll
0x00007ffc8e220000 - 0x00007ffc8e293000 	C:\WINDOWS\System32\WS2_32.dll
0x00007ffc85f10000 - 0x00007ffc85f44000 	C:\WINDOWS\SYSTEM32\WINMM.dll
0x00007ffc85780000 - 0x00007ffc8578a000 	C:\WINDOWS\SYSTEM32\VERSION.dll
0x00007ffc8b970000 - 0x00007ffc8b988000 	C:\WINDOWS\SYSTEM32\kernel.appcore.dll
0x00007ffc872f0000 - 0x00007ffc872fa000 	c:\Users\khami\.vscode\extensions\redhat.java-1.20.0-win32-x64\jre\17.0.7-win32-x86_64\bin\jimage.dll
0x00007ffc8a330000 - 0x00007ffc8a565000 	C:\WINDOWS\SYSTEM32\DBGHELP.DLL
0x00007ffc8eec0000 - 0x00007ffc8f23b000 	C:\WINDOWS\System32\combase.dll
0x00007ffc8d9e0000 - 0x00007ffc8dab5000 	C:\WINDOWS\System32\OLEAUT32.dll
0x00007ffc6b0e0000 - 0x00007ffc6b118000 	C:\WINDOWS\SYSTEM32\dbgcore.DLL
0x00007ffc8d350000 - 0x00007ffc8d3d1000 	C:\WINDOWS\System32\bcryptPrimitives.dll
0x00007ffc465e0000 - 0x00007ffc46605000 	c:\Users\khami\.vscode\extensions\redhat.java-1.20.0-win32-x64\jre\17.0.7-win32-x86_64\bin\java.dll
0x00007ffc4eb90000 - 0x00007ffc4eba8000 	c:\Users\khami\.vscode\extensions\redhat.java-1.20.0-win32-x64\jre\17.0.7-win32-x86_64\bin\zip.dll
0x00007ffc8e660000 - 0x00007ffc8edd3000 	C:\WINDOWS\System32\SHELL32.dll
0x00007ffc8a8b0000 - 0x00007ffc8b102000 	C:\WINDOWS\SYSTEM32\windows.storage.dll
0x00007ffc8dac0000 - 0x00007ffc8db93000 	C:\WINDOWS\System32\SHCORE.dll
0x00007ffc8d980000 - 0x00007ffc8d9dc000 	C:\WINDOWS\System32\shlwapi.dll
0x00007ffc8ca40000 - 0x00007ffc8ca63000 	C:\WINDOWS\SYSTEM32\profapi.dll
0x00007ffc46810000 - 0x00007ffc46829000 	C:\Users\khami\.vscode\extensions\redhat.java-1.20.0-win32-x64\jre\17.0.7-win32-x86_64\bin\net.dll
0x00007ffc85ab0000 - 0x00007ffc85bcb000 	C:\WINDOWS\SYSTEM32\WINHTTP.dll
0x00007ffc8be30000 - 0x00007ffc8be98000 	C:\WINDOWS\system32\mswsock.dll
0x00007ffc44d00000 - 0x00007ffc44d15000 	C:\Users\khami\.vscode\extensions\redhat.java-1.20.0-win32-x64\jre\17.0.7-win32-x86_64\bin\nio.dll

dbghelp: loaded successfully - version: 4.0.5 - missing functions: none
symbol engine: initialized successfully - sym options: 0x614 - pdb path: .;c:\Users\khami\.vscode\extensions\redhat.java-1.20.0-win32-x64\jre\17.0.7-win32-x86_64\bin;C:\WINDOWS\SYSTEM32;C:\WINDOWS\WinSxS\amd64_microsoft.windows.common-controls_6595b64144ccf1df_6.0.25905.1000_none_87b90b8fab340372;c:\Users\khami\.vscode\extensions\redhat.java-1.20.0-win32-x64\jre\17.0.7-win32-x86_64\bin\server

VM Arguments:
jvm_args: -XX:+HeapDumpOnOutOfMemoryError -Xmx1024m -Dsts.lsp.client=vscode -Dsts.log.file=/dev/null -XX:TieredStopAtLevel=1 -Xlog:jni+resolve=off -Dspring.config.location=file:c:\Users\khami\.vscode\extensions\vmware.vscode-spring-boot-1.47.0\language-server\BOOT-INF\classes\application.properties 
java_command: org.springframework.ide.vscode.boot.app.BootLanguageServerBootApp
java_class_path (initial): c:\Users\khami\.vscode\extensions\vmware.vscode-spring-boot-1.47.0\language-server\BOOT-INF\classes;c:\Users\khami\.vscode\extensions\vmware.vscode-spring-boot-1.47.0\language-server\BOOT-INF\lib\annotations-24.0.1.jar;c:\Users\khami\.vscode\extensions\vmware.vscode-spring-boot-1.47.0\language-server\BOOT-INF\lib\antlr-runtime-3.5.3.jar;c:\Users\khami\.vscode\extensions\vmware.vscode-spring-boot-1.47.0\language-server\BOOT-INF\lib\antlr4-4.11.1.jar;c:\Users\khami\.vscode\extensions\vmware.vscode-spring-boot-1.47.0\language-server\BOOT-INF\lib\antlr4-runtime-4.11.1.jar;c:\Users\khami\.vscode\extensions\vmware.vscode-spring-boot-1.47.0\language-server\BOOT-INF\lib\aopalliance-1.0.jar;c:\Users\khami\.vscode\extensions\vmware.vscode-spring-boot-1.47.0\language-server\BOOT-INF\lib\asm-9.5.jar;c:\Users\khami\.vscode\extensions\vmware.vscode-spring-boot-1.47.0\language-server\BOOT-INF\lib\asm-analysis-9.5.jar;c:\Users\khami\.vscode\extensions\vmware.vscode-spring-boot-1.47.0\language-server\BOOT-INF\lib\asm-tree-9.5.jar;c:\Users\khami\.vscode\extensions\vmware.vscode-spring-boot-1.47.0\language-server\BOOT-INF\lib\asm-util-9.5.jar;c:\Users\khami\.vscode\extensions\vmware.vscode-spring-boot-1.47.0\language-server\BOOT-INF\lib\auto-common-1.2.1.jar;c:\Users\khami\.vscode\extensions\vmware.vscode-spring-boot-1.47.0\language-server\BOOT-INF\lib\auto-value-annotations-1.9.jar;c:\Users\khami\.vscode\extensions\vmware.vscode-spring-boot-1.47.0\language-server\BOOT-INF\lib\caffeine-3.1.2.jar;c:\Users\khami\.vscode\extensions\vmware.vscode-spring-boot-1.47.0\language-server\BOOT-INF\lib\checker-qual-3.12.0.jar;c:\Users\khami\.vscode\extensions\vmware.vscode-spring-boot-1.47.0\language-server\BOOT-INF\lib\classgraph-4.8.149.jar;c:\Users\khami\.vscode\extensions\vmware.vscode-spring-boot-1.47.0\language-server\BOOT-INF\lib\commons-codec-1.15.jar;c:\Users\khami\.vscode\extensions\vmware.vscode-spring-boot-1.47.0\language-server\BOOT-INF\lib\commons-compres
Launcher Type: SUN_STANDARD

[Global flags]
     intx CICompilerCount                          = 4                                         {product} {ergonomic}
     uint ConcGCThreads                            = 3                                         {product} {ergonomic}
     uint G1ConcRefinementThreads                  = 10                                        {product} {ergonomic}
   size_t G1HeapRegionSize                         = 1048576                                   {product} {ergonomic}
    uintx GCDrainStackTargetSize                   = 64                                        {product} {ergonomic}
     bool HeapDumpOnOutOfMemoryError               = true                                   {manageable} {command line}
   size_t InitialHeapSize                          = 266338304                                 {product} {ergonomic}
   size_t MarkStackSize                            = 4194304                                   {product} {ergonomic}
   size_t MaxHeapSize                              = 1073741824                                {product} {command line}
   size_t MaxNewSize                               = 643825664                                 {product} {ergonomic}
   size_t MinHeapDeltaBytes                        = 1048576                                   {product} {ergonomic}
   size_t MinHeapSize                              = 8388608                                   {product} {ergonomic}
    uintx NonProfiledCodeHeapSize                  = 0                                      {pd product} {ergonomic}
     bool ProfileInterpreter                       = false                                  {pd product} {command line}
    uintx ProfiledCodeHeapSize                     = 0                                      {pd product} {ergonomic}
   size_t SoftMaxHeapSize                          = 1073741824                             {manageable} {ergonomic}
     intx TieredStopAtLevel                        = 1                                         {product} {command line}
     bool UseCompressedClassPointers               = true                           {product lp64_product} {ergonomic}
     bool UseCompressedOops                        = true                           {product lp64_product} {ergonomic}
     bool UseG1GC                                  = true                                      {product} {ergonomic}
     bool UseLargePagesIndividualAllocation        = false                                  {pd product} {ergonomic}

Logging:
Log output configuration:
 #0: stdout all=warning,jni+resolve=off uptime,level,tags
 #1: stderr all=off uptime,level,tags

Environment Variables:
JAVA_HOME=C:\Program Files\Eclipse Adoptium\jdk-11.0.19.7-hotspot\
PATH=C:\Program Files\Eclipse Adoptium\jdk-11.0.19.7-hotspot\bin;C:\Program Files\Java\jdk-11\bin;C:\Program Files\Common Files\Oracle\Java\javapath;C:\Program Files (x86)\Common Files\Oracle\Java\javapath;C:\Program Files\Microsoft\jdk-11.0.16.101-hotspot\bin;C:\Program Files\Eclipse Adoptium\jdk-8.0.362.9-hotspot\bin;C:\ProgramData\Oracle\Java\javapath;C:\Program Files\Microsoft MPI\Bin\;C:\windows\system32;C:\windows;C:\windows\System32\Wbem;C:\windows\System32\WindowsPowerShell\v1.0\;C:\windows\System32\OpenSSH\;C:\Program Files (x86)\NVIDIA Corporation\PhysX\Common;C:\Program Files\NVIDIA Corporation\NVIDIA NvDLISR;C:\WINDOWS\system32;C:\WINDOWS;C:\WINDOWS\System32\Wbem;C:\WINDOWS\System32\WindowsPowerShell\v1.0\;C:\WINDOWS\System32\OpenSSH\;C:\TDM-GCC-64\bin;C:\Program Files\Microsoft SQL Server\Client SDK\ODBC\170\Tools\Binn\;C:\Program Files (x86)\Microsoft SQL Server\150\Tools\Binn\;C:\Program Files\Microsoft SQL Server\150\Tools\Binn\;C:\Program Files\Microsoft SQL Server\150\DTS\Binn\;C:\Program Files (x86)\Microsoft SQL Server\150\DTS\Binn\;C:\Program Files\dotnet\;C:\Program Files\Git\cmd;C:\Program Files\Calibre2\;C:\Program Files\Cloudflare\Cloudflare WARP\;C:\Program Files\MySQL\MySQL Shell 8.0\bin\;C:\Users\khami\AppData\Local\Microsoft\WindowsApps;C:\Users\khami\AppData\Local\Programs\Microsoft VS Code\bin;;C:\Program Files\Azure Data Studio\bin;C:\Users\khami\.dotnet\tools
USERNAME=khami
OS=Windows_NT
PROCESSOR_IDENTIFIER=Intel64 Family 6 Model 165 Stepping 2, GenuineIntel
TMP=C:\Users\khami\AppData\Local\Temp
TEMP=C:\Users\khami\AppData\Local\Temp



---------------  S Y S T E M  ---------------

OS:
 Windows 11 , 64 bit Build 25905 (10.0.25905.1000)
OS uptime: 0 days 5:05 hours
Hyper-V role detected

CPU: total 12 (initial active 12) (6 cores per cpu, 2 threads per core) family 6 model 165 stepping 2 microcode 0xf0, cx8, cmov, fxsr, ht, mmx, 3dnowpref, sse, sse2, sse3, ssse3, sse4.1, sse4.2, popcnt, lzcnt, tsc, tscinvbit, avx, avx2, aes, erms, clmul, bmi1, bmi2, adx, fma, vzeroupper, clflush, clflushopt, hv

Memory: 4k page, system-wide physical 16160M (5114M free)
TotalPageFile size 16160M (AvailPageFile size 23M)
current process WorkingSet (physical memory assigned to process): 100M, peak: 100M
current process commit charge ("private bytes"): 367M, peak: 367M

vm_info: OpenJDK 64-Bit Server VM (17.0.7+7) for windows-amd64 JRE (17.0.7+7), built on Apr 18 2023 22:10:42 by "temurin" with MS VC++ 16.7 (VS2019)

END.
