#
# There is insufficient memory for the Java Runtime Environment to continue.
# Native memory allocation (malloc) failed to allocate 2097152 bytes for AllocateHeap
# Possible reasons:
#   The system is out of physical RAM or swap space
#   The process is running with CompressedOops enabled, and the Java Heap may be blocking the growth of the native heap
# Possible solutions:
#   Reduce memory load on the system
#   Increase physical memory or swap space
#   Check if swap backing store is full
#   Decrease Java heap size (-Xmx/-Xms)
#   Decrease number of Java threads
#   Decrease Java thread stack sizes (-Xss)
#   Set larger code cache with -XX:ReservedCodeCacheSize=
#   JVM is running with Unscaled Compressed Oops mode in which the Java heap is
#     placed in the first 4GB address space. The Java Heap base address is the
#     maximum limit for the native heap growth. Please use -XX:HeapBaseMinAddress
#     to set the Java Heap base and to place the Java Heap above 4GB virtual address.
# This output file may be truncated or incomplete.
#
#  Out of Memory Error (allocation.cpp:44), pid=17684, tid=7492
#
# JRE version: OpenJDK Runtime Environment Temurin-17.0.7+7 (17.0.7+7) (build 17.0.7+7)
# Java VM: OpenJDK 64-Bit Server VM Temurin-17.0.7+7 (17.0.7+7, mixed mode, emulated-client, tiered, compressed oops, compressed class ptrs, g1 gc, windows-amd64)
# No core dump will be written. Minidumps are not enabled by default on client versions of Windows
#

---------------  S U M M A R Y ------------

Command Line: -XX:+HeapDumpOnOutOfMemoryError -Xmx1024m -Dsts.lsp.client=vscode -Dsts.log.file=/dev/null -XX:TieredStopAtLevel=1 -Xlog:jni+resolve=off -Dspring.config.location=file:c:\Users\khami\.vscode\extensions\vmware.vscode-spring-boot-1.47.0\language-server\BOOT-INF\classes\application.properties org.springframework.ide.vscode.boot.app.BootLanguageServerBootApp

Host: Intel(R) Core(TM) i7-10750H CPU @ 2.60GHz, 12 cores, 15G,  Windows 11 , 64 bit Build 25905 (10.0.25905.1000)
Time: Mon Jul 17 23:54:45 2023 SE Asia Standard Time elapsed time: 1334.723290 seconds (0d 0h 22m 14s)

---------------  T H R E A D  ---------------

Current thread (0x00000224d07496e0):  VMThread "VM Thread" [stack: 0x000000f530400000,0x000000f530500000] [id=7492]

Stack: [0x000000f530400000,0x000000f530500000]
Native frames: (J=compiled Java code, j=interpreted, Vv=VM code, C=native code)
V  [jvm.dll+0x67754a]
V  [jvm.dll+0x834304]
V  [jvm.dll+0x835aae]
V  [jvm.dll+0x836113]
V  [jvm.dll+0x24696f]
V  [jvm.dll+0xa681f]
V  [jvm.dll+0x2f7481]
V  [jvm.dll+0x2f30f0]
V  [jvm.dll+0x2db6c7]
V  [jvm.dll+0x31e777]
V  [jvm.dll+0x83a5bb]
V  [jvm.dll+0x83b2f4]
V  [jvm.dll+0x83b80c]
V  [jvm.dll+0x83bbe4]
V  [jvm.dll+0x83bcb0]
V  [jvm.dll+0x7e4e7a]
V  [jvm.dll+0x676395]
C  [ucrtbase.dll+0x609e1]
C  [KERNEL32.DLL+0x124d8]
C  [ntdll.dll+0x4091]

VM_Operation (0x000000f5321fecf0): G1CollectFull, mode: safepoint, requested by thread 0x00000224d649f060


---------------  P R O C E S S  ---------------

Threads class SMR info:
_java_thread_list=0x00000224d715e520, length=24, elements={
0x00000224d072a1d0, 0x00000224d072b430, 0x00000224d078b810, 0x00000224d078e5e0,
0x00000224d078eea0, 0x00000224d078ff00, 0x00000224d0790870, 0x00000224d0795930,
0x00000224d09bf7a0, 0x00000224d09c5f20, 0x00000224d642b450, 0x00000224d64474a0,
0x00000224d649f060, 0x00000224d644f3c0, 0x00000224c330e5c0, 0x00000224d64e9380,
0x00000224d6525ca0, 0x00000224d6546810, 0x00000224d6636230, 0x00000224d6639bf0,
0x00000224d66388b0, 0x00000224d663aa60, 0x00000224d663b8d0, 0x00000224d663c270
}

Java Threads: ( => current thread )
  0x00000224d072a1d0 JavaThread "Reference Handler" daemon [_thread_blocked, id=1648, stack(0x000000f530500000,0x000000f530600000)]
  0x00000224d072b430 JavaThread "Finalizer" daemon [_thread_blocked, id=23180, stack(0x000000f530600000,0x000000f530700000)]
  0x00000224d078b810 JavaThread "Signal Dispatcher" daemon [_thread_blocked, id=12032, stack(0x000000f530700000,0x000000f530800000)]
  0x00000224d078e5e0 JavaThread "Attach Listener" daemon [_thread_blocked, id=12208, stack(0x000000f530800000,0x000000f530900000)]
  0x00000224d078eea0 JavaThread "Service Thread" daemon [_thread_blocked, id=8560, stack(0x000000f530900000,0x000000f530a00000)]
  0x00000224d078ff00 JavaThread "Monitor Deflation Thread" daemon [_thread_blocked, id=19120, stack(0x000000f530a00000,0x000000f530b00000)]
  0x00000224d0790870 JavaThread "C1 CompilerThread0" daemon [_thread_blocked, id=11164, stack(0x000000f530b00000,0x000000f530c00000)]
  0x00000224d0795930 JavaThread "Sweeper thread" daemon [_thread_blocked, id=1996, stack(0x000000f530c00000,0x000000f530d00000)]
  0x00000224d09bf7a0 JavaThread "Notification Thread" daemon [_thread_blocked, id=8284, stack(0x000000f530e00000,0x000000f530f00000)]
  0x00000224d09c5f20 JavaThread "Common-Cleaner" daemon [_thread_blocked, id=26380, stack(0x000000f531000000,0x000000f531100000)]
  0x00000224d642b450 JavaThread "boundedElastic-evictor-1" daemon [_thread_blocked, id=16980, stack(0x000000f531900000,0x000000f531a00000)]
  0x00000224d64474a0 JavaThread "boundedElastic-evictor-2" daemon [_thread_blocked, id=26484, stack(0x000000f532000000,0x000000f532100000)]
  0x00000224d649f060 JavaThread "pool-10-thread-1" [_thread_blocked, id=3876, stack(0x000000f532100000,0x000000f532200000)]
  0x00000224d644f3c0 JavaThread "LanguageServerApp-lifecycle" [_thread_blocked, id=26264, stack(0x000000f532200000,0x000000f532300000)]
  0x00000224c330e5c0 JavaThread "DestroyJavaVM" [_thread_blocked, id=14864, stack(0x000000f52fe00000,0x000000f52ff00000)]
  0x00000224d64e9380 JavaThread "pool-11-thread-1" [_thread_in_native, id=4008, stack(0x000000f532300000,0x000000f532400000)]
  0x00000224d6525ca0 JavaThread "Simple-Language-Server main thread" daemon [_thread_blocked, id=20336, stack(0x000000f532400000,0x000000f532500000)]
  0x00000224d6546810 JavaThread "pool-6-thread-1" [_thread_blocked, id=9572, stack(0x000000f532800000,0x000000f532900000)]
  0x00000224d6636230 JavaThread "parallel-1" daemon [_thread_blocked, id=18892, stack(0x000000f533d00000,0x000000f533e00000)]
  0x00000224d6639bf0 JavaThread "pool-4-thread-1" [_thread_blocked, id=1676, stack(0x000000f534400000,0x000000f534500000)]
  0x00000224d66388b0 JavaThread "parallel-2" daemon [_thread_blocked, id=18552, stack(0x000000f534600000,0x000000f534700000)]
  0x00000224d663aa60 JavaThread "parallel-3" daemon [_thread_blocked, id=20136, stack(0x000000f532a00000,0x000000f532b00000)]
  0x00000224d663b8d0 JavaThread "parallel-4" daemon [_thread_blocked, id=11776, stack(0x000000f532b00000,0x000000f532c00000)]
  0x00000224d663c270 JavaThread "Reconciler-1" daemon [_thread_blocked, id=9544, stack(0x000000f532c00000,0x000000f532d00000)]

Other Threads:
=>0x00000224d07496e0 VMThread "VM Thread" [stack: 0x000000f530400000,0x000000f530500000] [id=7492]
  0x00000224d09bfc70 WatcherThread [stack: 0x000000f530f00000,0x000000f531000000] [id=16560]
  0x00000224c4cd6b60 GCTaskThread "GC Thread#0" [stack: 0x000000f52ff00000,0x000000f530000000] [id=11660]
  0x00000224d58c0b40 GCTaskThread "GC Thread#1" [stack: 0x000000f531200000,0x000000f531300000] [id=14788]
  0x00000224d58c0df0 GCTaskThread "GC Thread#2" [stack: 0x000000f531300000,0x000000f531400000] [id=7356]
  0x00000224d58a9510 GCTaskThread "GC Thread#3" [stack: 0x000000f531400000,0x000000f531500000] [id=24564]
  0x00000224d58a97c0 GCTaskThread "GC Thread#4" [stack: 0x000000f531500000,0x000000f531600000] [id=15260]
  0x00000224d58a9a70 GCTaskThread "GC Thread#5" [stack: 0x000000f531600000,0x000000f531700000] [id=13304]
  0x00000224d59a6b90 GCTaskThread "GC Thread#6" [stack: 0x000000f531700000,0x000000f531800000] [id=13676]
  0x00000224d5bbb420 GCTaskThread "GC Thread#7" [stack: 0x000000f531800000,0x000000f531900000] [id=25016]
  0x00000224d5dfa1e0 GCTaskThread "GC Thread#8" [stack: 0x000000f531c00000,0x000000f531d00000] [id=24772]
  0x00000224d5dfaab0 GCTaskThread "GC Thread#9" [stack: 0x000000f531d00000,0x000000f531e00000] [id=2280]
  0x00000224c4cdf9b0 ConcurrentGCThread "G1 Main Marker" [stack: 0x000000f530000000,0x000000f530100000] [id=25032]
  0x00000224c4ce02d0 ConcurrentGCThread "G1 Conc#0" [stack: 0x000000f530100000,0x000000f530200000] [id=14472]
  0x00000224d5ba6550 ConcurrentGCThread "G1 Conc#1" [stack: 0x000000f531e00000,0x000000f531f00000] [id=25784]
  0x00000224d5ba6c20 ConcurrentGCThread "G1 Conc#2" [stack: 0x000000f531f00000,0x000000f532000000] [id=19788]
  0x00000224c4d4e690 ConcurrentGCThread "G1 Refine#0" [stack: 0x000000f530200000,0x000000f530300000] [id=5508]
  0x00000224d66321d0 ConcurrentGCThread "G1 Refine#1" [stack: 0x000000f533e00000,0x000000f533f00000] [id=19008]
  0x00000224d65a0830 ConcurrentGCThread "G1 Refine#2" [stack: 0x000000f533f00000,0x000000f534000000] [id=7568]
  0x00000224d6fab4e0 ConcurrentGCThread "G1 Refine#3" [stack: 0x000000f534300000,0x000000f534400000] [id=9504]
  0x00000224d6fabd80 ConcurrentGCThread "G1 Refine#4" [stack: 0x000000f534500000,0x000000f534600000] [id=6176]
  0x00000224d6faa680 ConcurrentGCThread "G1 Refine#5" [stack: 0x000000f536000000,0x000000f536100000] [id=14448]
  0x00000224d6faa960 ConcurrentGCThread "G1 Refine#6" [stack: 0x000000f534d00000,0x000000f534e00000] [id=9288]
  0x00000224d05b0560 ConcurrentGCThread "G1 Service" [stack: 0x000000f530300000,0x000000f530400000] [id=26920]

Threads with active compile tasks:

VM state: at safepoint (normal execution)

VM Mutex/Monitor currently owned by a thread:  ([mutex/lock_event])
[0x00000224c324e840] Threads_lock - owner thread: 0x00000224d07496e0
[0x00000224c330c400] Heap_lock - owner thread: 0x00000224d649f060

Heap address: 0x00000000c0000000, size: 1024 MB, Compressed Oops mode: 32-bit

CDS archive(s) not mapped
Compressed class space mapped at: 0x0000000100000000-0x0000000140000000, reserved size: 1073741824
Narrow klass base: 0x0000000000000000, Narrow klass shift: 3, Narrow klass range: 0x140000000

GC Precious Log:
 CPUs: 12 total, 12 available
 Memory: 16160M
 Large Page Support: Disabled
 NUMA Support: Disabled
 Compressed Oops: Enabled (32-bit)
 Heap Region Size: 1M
 Heap Min Capacity: 8M
 Heap Initial Capacity: 254M
 Heap Max Capacity: 1G
 Pre-touch: Disabled
 Parallel Workers: 10
 Concurrent Workers: 3
 Concurrent Refinement Workers: 10
 Periodic GC: Disabled

Heap:
 garbage-first heap   total 304128K, used 89761K [0x00000000c0000000, 0x0000000100000000)
  region size 1024K, 1 young (1024K), 0 survivors (0K)
 Metaspace       used 74911K, committed 75712K, reserved 1179648K
  class space    used 10231K, committed 10560K, reserved 1048576K

Heap Regions: E=young(eden), S=young(survivor), O=old, HS=humongous(starts), HC=humongous(continues), CS=collection set, F=free, OA=open archive, CA=closed archive, TAMS=top-at-mark-start (previous, next)
|   0|0x00000000c0000000, 0x00000000c0100000, 0x00000000c0100000|100%|HS|  |TAMS 0x00000000c0100000, 0x00000000c0000000| Untracked 
|   1|0x00000000c0100000, 0x00000000c01ffff0, 0x00000000c0200000| 99%| O|  |TAMS 0x00000000c01ffff0, 0x00000000c0100000| Untracked 
|   2|0x00000000c0200000, 0x00000000c0300000, 0x00000000c0300000|100%| O|  |TAMS 0x00000000c0300000, 0x00000000c0200000| Untracked 
|   3|0x00000000c0300000, 0x00000000c03fffd8, 0x00000000c0400000| 99%| O|  |TAMS 0x00000000c03fffd8, 0x00000000c0300000| Untracked 
|   4|0x00000000c0400000, 0x00000000c0500000, 0x00000000c0500000|100%| O|  |TAMS 0x00000000c0500000, 0x00000000c0400000| Untracked 
|   5|0x00000000c0500000, 0x00000000c05fffe8, 0x00000000c0600000| 99%| O|  |TAMS 0x00000000c05fffe8, 0x00000000c0500000| Untracked 
|   6|0x00000000c0600000, 0x00000000c0700000, 0x00000000c0700000|100%| O|  |TAMS 0x00000000c0700000, 0x00000000c0600000| Untracked 
|   7|0x00000000c0700000, 0x00000000c07fff80, 0x00000000c0800000| 99%| O|  |TAMS 0x00000000c07fff80, 0x00000000c0700000| Untracked 
|   8|0x00000000c0800000, 0x00000000c0900000, 0x00000000c0900000|100%| O|  |TAMS 0x00000000c0900000, 0x00000000c0800000| Untracked 
|   9|0x00000000c0900000, 0x00000000c09fffc8, 0x00000000c0a00000| 99%| O|  |TAMS 0x00000000c09fffc8, 0x00000000c0900000| Untracked 
|  10|0x00000000c0a00000, 0x00000000c0afffe8, 0x00000000c0b00000| 99%| O|  |TAMS 0x00000000c0afffe8, 0x00000000c0a00000| Untracked 
|  11|0x00000000c0b00000, 0x00000000c0bfffd0, 0x00000000c0c00000| 99%| O|  |TAMS 0x00000000c0bfffd0, 0x00000000c0b00000| Untracked 
|  12|0x00000000c0c00000, 0x00000000c0cfffb8, 0x00000000c0d00000| 99%| O|  |TAMS 0x00000000c0cfffb8, 0x00000000c0c00000| Untracked 
|  13|0x00000000c0d00000, 0x00000000c0e00000, 0x00000000c0e00000|100%| O|  |TAMS 0x00000000c0e00000, 0x00000000c0d00000| Untracked 
|  14|0x00000000c0e00000, 0x00000000c0effff8, 0x00000000c0f00000| 99%| O|  |TAMS 0x00000000c0effff8, 0x00000000c0e00000| Untracked 
|  15|0x00000000c0f00000, 0x00000000c0fffff0, 0x00000000c1000000| 99%| O|  |TAMS 0x00000000c0fffff0, 0x00000000c0f00000| Untracked 
|  16|0x00000000c1000000, 0x00000000c10feb58, 0x00000000c1100000| 99%| O|  |TAMS 0x00000000c10feb58, 0x00000000c1000000| Untracked 
|  17|0x00000000c1100000, 0x00000000c11fffe8, 0x00000000c1200000| 99%| O|  |TAMS 0x00000000c11fffe8, 0x00000000c1100000| Untracked 
|  18|0x00000000c1200000, 0x00000000c12ffff8, 0x00000000c1300000| 99%| O|  |TAMS 0x00000000c12ffff8, 0x00000000c1200000| Untracked 
|  19|0x00000000c1300000, 0x00000000c13ffff8, 0x00000000c1400000| 99%| O|  |TAMS 0x00000000c13ffff8, 0x00000000c1300000| Untracked 
|  20|0x00000000c1400000, 0x00000000c14fffb8, 0x00000000c1500000| 99%| O|  |TAMS 0x00000000c14fffb8, 0x00000000c1400000| Untracked 
|  21|0x00000000c1500000, 0x00000000c15fffc0, 0x00000000c1600000| 99%| O|  |TAMS 0x00000000c15fffc0, 0x00000000c1500000| Untracked 
|  22|0x00000000c1600000, 0x00000000c16ffff0, 0x00000000c1700000| 99%| O|  |TAMS 0x00000000c16ffff0, 0x00000000c1600000| Untracked 
|  23|0x00000000c1700000, 0x00000000c17fffd8, 0x00000000c1800000| 99%| O|  |TAMS 0x00000000c17fffd8, 0x00000000c1700000| Untracked 
|  24|0x00000000c1800000, 0x00000000c18ffff8, 0x00000000c1900000| 99%| O|  |TAMS 0x00000000c18ffff8, 0x00000000c1800000| Untracked 
|  25|0x00000000c1900000, 0x00000000c19fca00, 0x00000000c1a00000| 98%| O|  |TAMS 0x00000000c19fca00, 0x00000000c1900000| Untracked 
|  26|0x00000000c1a00000, 0x00000000c1afffe8, 0x00000000c1b00000| 99%| O|  |TAMS 0x00000000c1afffe8, 0x00000000c1a00000| Untracked 
|  27|0x00000000c1b00000, 0x00000000c1bffff0, 0x00000000c1c00000| 99%| O|  |TAMS 0x00000000c1bffff0, 0x00000000c1b00000| Untracked 
|  28|0x00000000c1c00000, 0x00000000c1cfe288, 0x00000000c1d00000| 99%| O|  |TAMS 0x00000000c1cfe288, 0x00000000c1c00000| Untracked 
|  29|0x00000000c1d00000, 0x00000000c1df4930, 0x00000000c1e00000| 95%| O|  |TAMS 0x00000000c1df4930, 0x00000000c1d00000| Untracked 
|  30|0x00000000c1e00000, 0x00000000c1f00000, 0x00000000c1f00000|100%| O|  |TAMS 0x00000000c1f00000, 0x00000000c1e00000| Untracked 
|  31|0x00000000c1f00000, 0x00000000c1ffffa8, 0x00000000c2000000| 99%| O|  |TAMS 0x00000000c1ffffa8, 0x00000000c1f00000| Untracked 
|  32|0x00000000c2000000, 0x00000000c20fffd8, 0x00000000c2100000| 99%| O|  |TAMS 0x00000000c20fffd8, 0x00000000c2000000| Untracked 
|  33|0x00000000c2100000, 0x00000000c21ffff0, 0x00000000c2200000| 99%| O|  |TAMS 0x00000000c21ffff0, 0x00000000c2100000| Untracked 
|  34|0x00000000c2200000, 0x00000000c22fffe8, 0x00000000c2300000| 99%| O|  |TAMS 0x00000000c22fffe8, 0x00000000c2200000| Untracked 
|  35|0x00000000c2300000, 0x00000000c23ffff0, 0x00000000c2400000| 99%| O|  |TAMS 0x00000000c23ffff0, 0x00000000c2300000| Untracked 
|  36|0x00000000c2400000, 0x00000000c24fffb8, 0x00000000c2500000| 99%| O|  |TAMS 0x00000000c24fffb8, 0x00000000c2400000| Untracked 
|  37|0x00000000c2500000, 0x00000000c25ffeb8, 0x00000000c2600000| 99%| O|  |TAMS 0x00000000c25ffeb8, 0x00000000c2500000| Untracked 
|  38|0x00000000c2600000, 0x00000000c26fffe8, 0x00000000c2700000| 99%| O|  |TAMS 0x00000000c26fffe8, 0x00000000c2600000| Untracked 
|  39|0x00000000c2700000, 0x00000000c2800000, 0x00000000c2800000|100%| O|  |TAMS 0x00000000c2800000, 0x00000000c2700000| Untracked 
|  40|0x00000000c2800000, 0x00000000c2900000, 0x00000000c2900000|100%| O|  |TAMS 0x00000000c2900000, 0x00000000c2800000| Untracked 
|  41|0x00000000c2900000, 0x00000000c29ffff0, 0x00000000c2a00000| 99%| O|  |TAMS 0x00000000c29ffff0, 0x00000000c2900000| Untracked 
|  42|0x00000000c2a00000, 0x00000000c2b00000, 0x00000000c2b00000|100%| O|  |TAMS 0x00000000c2b00000, 0x00000000c2a00000| Untracked 
|  43|0x00000000c2b00000, 0x00000000c2bfffc8, 0x00000000c2c00000| 99%| O|  |TAMS 0x00000000c2bfffc8, 0x00000000c2b00000| Untracked 
|  44|0x00000000c2c00000, 0x00000000c2cffff0, 0x00000000c2d00000| 99%| O|  |TAMS 0x00000000c2cffff0, 0x00000000c2c00000| Untracked 
|  45|0x00000000c2d00000, 0x00000000c2dffff8, 0x00000000c2e00000| 99%| O|  |TAMS 0x00000000c2dffff8, 0x00000000c2d00000| Untracked 
|  46|0x00000000c2e00000, 0x00000000c2effff0, 0x00000000c2f00000| 99%| O|  |TAMS 0x00000000c2effff0, 0x00000000c2e00000| Untracked 
|  47|0x00000000c2f00000, 0x00000000c2ffffe8, 0x00000000c3000000| 99%| O|  |TAMS 0x00000000c2ffffe8, 0x00000000c2f00000| Untracked 
|  48|0x00000000c3000000, 0x00000000c30ffff0, 0x00000000c3100000| 99%| O|  |TAMS 0x00000000c30ffff0, 0x00000000c3000000| Untracked 
|  49|0x00000000c3100000, 0x00000000c31ffff8, 0x00000000c3200000| 99%| O|  |TAMS 0x00000000c31ffff8, 0x00000000c3100000| Untracked 
|  50|0x00000000c3200000, 0x00000000c32ffff8, 0x00000000c3300000| 99%| O|  |TAMS 0x00000000c32ffff8, 0x00000000c3200000| Untracked 
|  51|0x00000000c3300000, 0x00000000c3400000, 0x00000000c3400000|100%| O|  |TAMS 0x00000000c3400000, 0x00000000c3300000| Untracked 
|  52|0x00000000c3400000, 0x00000000c34fffd0, 0x00000000c3500000| 99%| O|  |TAMS 0x00000000c34fffd0, 0x00000000c3400000| Untracked 
|  53|0x00000000c3500000, 0x00000000c35fffe8, 0x00000000c3600000| 99%| O|  |TAMS 0x00000000c35fffe8, 0x00000000c3500000| Untracked 
|  54|0x00000000c3600000, 0x00000000c36fffa0, 0x00000000c3700000| 99%| O|  |TAMS 0x00000000c36fffa0, 0x00000000c3600000| Untracked 
|  55|0x00000000c3700000, 0x00000000c37fffe8, 0x00000000c3800000| 99%| O|  |TAMS 0x00000000c37fffe8, 0x00000000c3700000| Untracked 
|  56|0x00000000c3800000, 0x00000000c38ffff8, 0x00000000c3900000| 99%| O|  |TAMS 0x00000000c38ffff8, 0x00000000c3800000| Untracked 
|  57|0x00000000c3900000, 0x00000000c39ffff0, 0x00000000c3a00000| 99%| O|  |TAMS 0x00000000c39ffff0, 0x00000000c3900000| Untracked 
|  58|0x00000000c3a00000, 0x00000000c3afff90, 0x00000000c3b00000| 99%| O|  |TAMS 0x00000000c3afff90, 0x00000000c3a00000| Untracked 
|  59|0x00000000c3b00000, 0x00000000c3bf16f0, 0x00000000c3c00000| 94%| O|  |TAMS 0x00000000c3b00000, 0x00000000c3b00000| Untracked 
|  60|0x00000000c3c00000, 0x00000000c3d00000, 0x00000000c3d00000|100%| O|  |TAMS 0x00000000c3d00000, 0x00000000c3c00000| Untracked 
|  61|0x00000000c3d00000, 0x00000000c3e00000, 0x00000000c3e00000|100%| O|  |TAMS 0x00000000c3e00000, 0x00000000c3d00000| Untracked 
|  62|0x00000000c3e00000, 0x00000000c3efffe0, 0x00000000c3f00000| 99%| O|  |TAMS 0x00000000c3efffe0, 0x00000000c3e00000| Untracked 
|  63|0x00000000c3f00000, 0x00000000c3ffffc0, 0x00000000c4000000| 99%| O|  |TAMS 0x00000000c3ffffc0, 0x00000000c3f00000| Untracked 
|  64|0x00000000c4000000, 0x00000000c40e5718, 0x00000000c4100000| 89%| O|  |TAMS 0x00000000c4000000, 0x00000000c4000000| Untracked 
|  65|0x00000000c4100000, 0x00000000c4200000, 0x00000000c4200000|100%| O|  |TAMS 0x00000000c4200000, 0x00000000c4100000| Untracked 
|  66|0x00000000c4200000, 0x00000000c42fffc8, 0x00000000c4300000| 99%| O|  |TAMS 0x00000000c42fffc8, 0x00000000c4200000| Untracked 
|  67|0x00000000c4300000, 0x00000000c43fffa0, 0x00000000c4400000| 99%| O|  |TAMS 0x00000000c43fffa0, 0x00000000c4300000| Untracked 
|  68|0x00000000c4400000, 0x00000000c44fffc8, 0x00000000c4500000| 99%| O|  |TAMS 0x00000000c44fffc8, 0x00000000c4400000| Untracked 
|  69|0x00000000c4500000, 0x00000000c45c9638, 0x00000000c4600000| 78%| O|  |TAMS 0x00000000c4500000, 0x00000000c4500000| Untracked 
|  70|0x00000000c4600000, 0x00000000c4656548, 0x00000000c4700000| 33%| O|  |TAMS 0x00000000c4600000, 0x00000000c4600000| Untracked 
|  71|0x00000000c4700000, 0x00000000c47d21c8, 0x00000000c4800000| 82%| O|  |TAMS 0x00000000c4700000, 0x00000000c4700000| Untracked 
|  72|0x00000000c4800000, 0x00000000c48ffff0, 0x00000000c4900000| 99%| O|  |TAMS 0x00000000c48ffff0, 0x00000000c4800000| Untracked 
|  73|0x00000000c4900000, 0x00000000c49ffff0, 0x00000000c4a00000| 99%| O|  |TAMS 0x00000000c49ffff0, 0x00000000c4900000| Untracked 
|  74|0x00000000c4a00000, 0x00000000c4affff8, 0x00000000c4b00000| 99%| O|  |TAMS 0x00000000c4affff8, 0x00000000c4a00000| Untracked 
|  75|0x00000000c4b00000, 0x00000000c4bffff8, 0x00000000c4c00000| 99%| O|  |TAMS 0x00000000c4bffff8, 0x00000000c4b00000| Untracked 
|  76|0x00000000c4c00000, 0x00000000c4cf7ba0, 0x00000000c4d00000| 96%| O|  |TAMS 0x00000000c4cf7ba0, 0x00000000c4c00000| Untracked 
|  77|0x00000000c4d00000, 0x00000000c4d00000, 0x00000000c4e00000|  0%| F|  |TAMS 0x00000000c4d00000, 0x00000000c4d00000| Untracked 
|  78|0x00000000c4e00000, 0x00000000c4efffc8, 0x00000000c4f00000| 99%| O|  |TAMS 0x00000000c4efffc8, 0x00000000c4e00000| Untracked 
|  79|0x00000000c4f00000, 0x00000000c4fffff0, 0x00000000c5000000| 99%| O|  |TAMS 0x00000000c4fffff0, 0x00000000c4f00000| Untracked 
|  80|0x00000000c5000000, 0x00000000c5000000, 0x00000000c5100000|  0%| F|  |TAMS 0x00000000c5000000, 0x00000000c5000000| Untracked 
|  81|0x00000000c5100000, 0x00000000c5100000, 0x00000000c5200000|  0%| F|  |TAMS 0x00000000c5100000, 0x00000000c5100000| Untracked 
|  82|0x00000000c5200000, 0x00000000c5200000, 0x00000000c5300000|  0%| F|  |TAMS 0x00000000c5200000, 0x00000000c5200000| Untracked 
|  83|0x00000000c5300000, 0x00000000c5300000, 0x00000000c5400000|  0%| F|  |TAMS 0x00000000c5300000, 0x00000000c5300000| Untracked 
|  84|0x00000000c5400000, 0x00000000c5400000, 0x00000000c5500000|  0%| F|  |TAMS 0x00000000c5400000, 0x00000000c5400000| Untracked 
|  85|0x00000000c5500000, 0x00000000c55fc3b8, 0x00000000c5600000| 98%| O|  |TAMS 0x00000000c55fc3b8, 0x00000000c5500000| Untracked 
|  86|0x00000000c5600000, 0x00000000c56fe440, 0x00000000c5700000| 99%| O|  |TAMS 0x00000000c56fe440, 0x00000000c5600000| Untracked 
|  87|0x00000000c5700000, 0x00000000c5700000, 0x00000000c5800000|  0%| F|  |TAMS 0x00000000c5700000, 0x00000000c5700000| Untracked 
|  88|0x00000000c5800000, 0x00000000c5800000, 0x00000000c5900000|  0%| F|  |TAMS 0x00000000c5800000, 0x00000000c5800000| Untracked 
|  89|0x00000000c5900000, 0x00000000c5900000, 0x00000000c5a00000|  0%| F|  |TAMS 0x00000000c5900000, 0x00000000c5900000| Untracked 
|  90|0x00000000c5a00000, 0x00000000c5a00000, 0x00000000c5b00000|  0%| F|  |TAMS 0x00000000c5a00000, 0x00000000c5a00000| Untracked 
|  91|0x00000000c5b00000, 0x00000000c5b00000, 0x00000000c5c00000|  0%| F|  |TAMS 0x00000000c5b00000, 0x00000000c5b00000| Untracked 
|  92|0x00000000c5c00000, 0x00000000c5cffff8, 0x00000000c5d00000| 99%| O|  |TAMS 0x00000000c5cffff8, 0x00000000c5c00000| Untracked 
|  93|0x00000000c5d00000, 0x00000000c5d00000, 0x00000000c5e00000|  0%| F|  |TAMS 0x00000000c5d00000, 0x00000000c5d00000| Untracked 
|  94|0x00000000c5e00000, 0x00000000c5e00000, 0x00000000c5f00000|  0%| F|  |TAMS 0x00000000c5e00000, 0x00000000c5e00000| Untracked 
|  95|0x00000000c5f00000, 0x00000000c5f00000, 0x00000000c6000000|  0%| F|  |TAMS 0x00000000c5f00000, 0x00000000c5f00000| Untracked 
|  96|0x00000000c6000000, 0x00000000c6000000, 0x00000000c6100000|  0%| F|  |TAMS 0x00000000c6000000, 0x00000000c6000000| Untracked 
|  97|0x00000000c6100000, 0x00000000c6100000, 0x00000000c6200000|  0%| F|  |TAMS 0x00000000c6100000, 0x00000000c6100000| Untracked 
|  98|0x00000000c6200000, 0x00000000c6200000, 0x00000000c6300000|  0%| F|  |TAMS 0x00000000c6200000, 0x00000000c6200000| Untracked 
|  99|0x00000000c6300000, 0x00000000c6300000, 0x00000000c6400000|  0%| F|  |TAMS 0x00000000c6300000, 0x00000000c6300000| Untracked 
| 100|0x00000000c6400000, 0x00000000c6500000, 0x00000000c6500000|100%| O|  |TAMS 0x00000000c6500000, 0x00000000c6400000| Untracked 
| 101|0x00000000c6500000, 0x00000000c6500000, 0x00000000c6600000|  0%| F|  |TAMS 0x00000000c6500000, 0x00000000c6500000| Untracked 
| 102|0x00000000c6600000, 0x00000000c6600000, 0x00000000c6700000|  0%| F|  |TAMS 0x00000000c6600000, 0x00000000c6600000| Untracked 
| 103|0x00000000c6700000, 0x00000000c6700000, 0x00000000c6800000|  0%| F|  |TAMS 0x00000000c6700000, 0x00000000c6700000| Untracked 
| 104|0x00000000c6800000, 0x00000000c6800000, 0x00000000c6900000|  0%| F|  |TAMS 0x00000000c6800000, 0x00000000c6800000| Untracked 
| 105|0x00000000c6900000, 0x00000000c69fffb0, 0x00000000c6a00000| 99%| O|  |TAMS 0x00000000c69fffb0, 0x00000000c6900000| Untracked 
| 106|0x00000000c6a00000, 0x00000000c6a00000, 0x00000000c6b00000|  0%| F|  |TAMS 0x00000000c6a00000, 0x00000000c6a00000| Untracked 
| 107|0x00000000c6b00000, 0x00000000c6b00000, 0x00000000c6c00000|  0%| F|  |TAMS 0x00000000c6b00000, 0x00000000c6b00000| Untracked 
| 108|0x00000000c6c00000, 0x00000000c6c00000, 0x00000000c6d00000|  0%| F|  |TAMS 0x00000000c6c00000, 0x00000000c6c00000| Untracked 
| 109|0x00000000c6d00000, 0x00000000c6d00000, 0x00000000c6e00000|  0%| F|  |TAMS 0x00000000c6d00000, 0x00000000c6d00000| Untracked 
| 110|0x00000000c6e00000, 0x00000000c6e00000, 0x00000000c6f00000|  0%| F|  |TAMS 0x00000000c6e00000, 0x00000000c6e00000| Untracked 
| 111|0x00000000c6f00000, 0x00000000c6f00000, 0x00000000c7000000|  0%| F|  |TAMS 0x00000000c6f00000, 0x00000000c6f00000| Untracked 
| 112|0x00000000c7000000, 0x00000000c7000000, 0x00000000c7100000|  0%| F|  |TAMS 0x00000000c7000000, 0x00000000c7000000| Untracked 
| 113|0x00000000c7100000, 0x00000000c7100000, 0x00000000c7200000|  0%| F|  |TAMS 0x00000000c7100000, 0x00000000c7100000| Untracked 
| 114|0x00000000c7200000, 0x00000000c7200000, 0x00000000c7300000|  0%| F|  |TAMS 0x00000000c7200000, 0x00000000c7200000| Untracked 
| 115|0x00000000c7300000, 0x00000000c7300000, 0x00000000c7400000|  0%| F|  |TAMS 0x00000000c7300000, 0x00000000c7300000| Untracked 
| 116|0x00000000c7400000, 0x00000000c7400000, 0x00000000c7500000|  0%| F|  |TAMS 0x00000000c7400000, 0x00000000c7400000| Untracked 
| 117|0x00000000c7500000, 0x00000000c7500000, 0x00000000c7600000|  0%| F|  |TAMS 0x00000000c7500000, 0x00000000c7500000| Untracked 
| 118|0x00000000c7600000, 0x00000000c7600000, 0x00000000c7700000|  0%| F|  |TAMS 0x00000000c7600000, 0x00000000c7600000| Untracked 
| 119|0x00000000c7700000, 0x00000000c7700000, 0x00000000c7800000|  0%| F|  |TAMS 0x00000000c7700000, 0x00000000c7700000| Untracked 
| 120|0x00000000c7800000, 0x00000000c7800000, 0x00000000c7900000|  0%| F|  |TAMS 0x00000000c7800000, 0x00000000c7800000| Untracked 
| 121|0x00000000c7900000, 0x00000000c7900000, 0x00000000c7a00000|  0%| F|  |TAMS 0x00000000c7900000, 0x00000000c7900000| Untracked 
| 122|0x00000000c7a00000, 0x00000000c7a00000, 0x00000000c7b00000|  0%| F|  |TAMS 0x00000000c7a00000, 0x00000000c7a00000| Untracked 
| 123|0x00000000c7b00000, 0x00000000c7b00000, 0x00000000c7c00000|  0%| F|  |TAMS 0x00000000c7b00000, 0x00000000c7b00000| Untracked 
| 124|0x00000000c7c00000, 0x00000000c7c00000, 0x00000000c7d00000|  0%| F|  |TAMS 0x00000000c7c00000, 0x00000000c7c00000| Untracked 
| 125|0x00000000c7d00000, 0x00000000c7d00000, 0x00000000c7e00000|  0%| F|  |TAMS 0x00000000c7d00000, 0x00000000c7d00000| Untracked 
| 126|0x00000000c7e00000, 0x00000000c7e00000, 0x00000000c7f00000|  0%| F|  |TAMS 0x00000000c7e00000, 0x00000000c7e00000| Untracked 
| 127|0x00000000c7f00000, 0x00000000c7f00000, 0x00000000c8000000|  0%| F|  |TAMS 0x00000000c7f00000, 0x00000000c7f00000| Untracked 
| 128|0x00000000c8000000, 0x00000000c8000000, 0x00000000c8100000|  0%| F|  |TAMS 0x00000000c8000000, 0x00000000c8000000| Untracked 
| 129|0x00000000c8100000, 0x00000000c8100000, 0x00000000c8200000|  0%| F|  |TAMS 0x00000000c8100000, 0x00000000c8100000| Untracked 
| 130|0x00000000c8200000, 0x00000000c8200000, 0x00000000c8300000|  0%| F|  |TAMS 0x00000000c8200000, 0x00000000c8200000| Untracked 
| 131|0x00000000c8300000, 0x00000000c8300000, 0x00000000c8400000|  0%| F|  |TAMS 0x00000000c8300000, 0x00000000c8300000| Untracked 
| 132|0x00000000c8400000, 0x00000000c8500000, 0x00000000c8500000|100%|HS|  |TAMS 0x00000000c8500000, 0x00000000c8400000| Untracked 
| 133|0x00000000c8500000, 0x00000000c8500000, 0x00000000c8600000|  0%| F|  |TAMS 0x00000000c8500000, 0x00000000c8500000| Untracked 
| 134|0x00000000c8600000, 0x00000000c8600000, 0x00000000c8700000|  0%| F|  |TAMS 0x00000000c8600000, 0x00000000c8600000| Untracked 
| 135|0x00000000c8700000, 0x00000000c8700000, 0x00000000c8800000|  0%| F|  |TAMS 0x00000000c8700000, 0x00000000c8700000| Untracked 
| 136|0x00000000c8800000, 0x00000000c8800000, 0x00000000c8900000|  0%| F|  |TAMS 0x00000000c8800000, 0x00000000c8800000| Untracked 
| 137|0x00000000c8900000, 0x00000000c8900000, 0x00000000c8a00000|  0%| F|  |TAMS 0x00000000c8900000, 0x00000000c8900000| Untracked 
| 138|0x00000000c8a00000, 0x00000000c8a00000, 0x00000000c8b00000|  0%| F|  |TAMS 0x00000000c8a00000, 0x00000000c8a00000| Untracked 
| 139|0x00000000c8b00000, 0x00000000c8b00000, 0x00000000c8c00000|  0%| F|  |TAMS 0x00000000c8b00000, 0x00000000c8b00000| Untracked 
| 140|0x00000000c8c00000, 0x00000000c8c00000, 0x00000000c8d00000|  0%| F|  |TAMS 0x00000000c8c00000, 0x00000000c8c00000| Untracked 
| 141|0x00000000c8d00000, 0x00000000c8d00000, 0x00000000c8e00000|  0%| F|  |TAMS 0x00000000c8d00000, 0x00000000c8d00000| Untracked 
| 142|0x00000000c8e00000, 0x00000000c8e00000, 0x00000000c8f00000|  0%| F|  |TAMS 0x00000000c8e00000, 0x00000000c8e00000| Untracked 
| 143|0x00000000c8f00000, 0x00000000c8f00000, 0x00000000c9000000|  0%| F|  |TAMS 0x00000000c8f00000, 0x00000000c8f00000| Untracked 
| 144|0x00000000c9000000, 0x00000000c9000000, 0x00000000c9100000|  0%| F|  |TAMS 0x00000000c9000000, 0x00000000c9000000| Untracked 
| 145|0x00000000c9100000, 0x00000000c9100000, 0x00000000c9200000|  0%| F|  |TAMS 0x00000000c9100000, 0x00000000c9100000| Untracked 
| 146|0x00000000c9200000, 0x00000000c9200000, 0x00000000c9300000|  0%| F|  |TAMS 0x00000000c9200000, 0x00000000c9200000| Untracked 
| 147|0x00000000c9300000, 0x00000000c9300000, 0x00000000c9400000|  0%| F|  |TAMS 0x00000000c9300000, 0x00000000c9300000| Untracked 
| 148|0x00000000c9400000, 0x00000000c94fffe8, 0x00000000c9500000| 99%| O|  |TAMS 0x00000000c94fffe8, 0x00000000c9400000| Untracked 
| 149|0x00000000c9500000, 0x00000000c9500000, 0x00000000c9600000|  0%| F|  |TAMS 0x00000000c9500000, 0x00000000c9500000| Untracked 
| 150|0x00000000c9600000, 0x00000000c9600000, 0x00000000c9700000|  0%| F|  |TAMS 0x00000000c9600000, 0x00000000c9600000| Untracked 
| 151|0x00000000c9700000, 0x00000000c9700000, 0x00000000c9800000|  0%| F|  |TAMS 0x00000000c9700000, 0x00000000c9700000| Untracked 
| 152|0x00000000c9800000, 0x00000000c9800000, 0x00000000c9900000|  0%| F|  |TAMS 0x00000000c9800000, 0x00000000c9800000| Untracked 
| 153|0x00000000c9900000, 0x00000000c9900000, 0x00000000c9a00000|  0%| F|  |TAMS 0x00000000c9900000, 0x00000000c9900000| Untracked 
| 154|0x00000000c9a00000, 0x00000000c9a00000, 0x00000000c9b00000|  0%| F|  |TAMS 0x00000000c9a00000, 0x00000000c9a00000| Untracked 
| 155|0x00000000c9b00000, 0x00000000c9b00000, 0x00000000c9c00000|  0%| F|  |TAMS 0x00000000c9b00000, 0x00000000c9b00000| Untracked 
| 156|0x00000000c9c00000, 0x00000000c9c00000, 0x00000000c9d00000|  0%| F|  |TAMS 0x00000000c9c00000, 0x00000000c9c00000| Untracked 
| 157|0x00000000c9d00000, 0x00000000c9d00000, 0x00000000c9e00000|  0%| F|  |TAMS 0x00000000c9d00000, 0x00000000c9d00000| Untracked 
| 158|0x00000000c9e00000, 0x00000000c9e00000, 0x00000000c9f00000|  0%| F|  |TAMS 0x00000000c9e00000, 0x00000000c9e00000| Untracked 
| 159|0x00000000c9f00000, 0x00000000c9f00000, 0x00000000ca000000|  0%| F|  |TAMS 0x00000000c9f00000, 0x00000000c9f00000| Untracked 
| 160|0x00000000ca000000, 0x00000000ca000000, 0x00000000ca100000|  0%| F|  |TAMS 0x00000000ca000000, 0x00000000ca000000| Untracked 
| 161|0x00000000ca100000, 0x00000000ca100000, 0x00000000ca200000|  0%| F|  |TAMS 0x00000000ca100000, 0x00000000ca100000| Untracked 
| 162|0x00000000ca200000, 0x00000000ca200000, 0x00000000ca300000|  0%| F|  |TAMS 0x00000000ca200000, 0x00000000ca200000| Untracked 
| 163|0x00000000ca300000, 0x00000000ca300000, 0x00000000ca400000|  0%| F|  |TAMS 0x00000000ca300000, 0x00000000ca300000| Untracked 
| 164|0x00000000ca400000, 0x00000000ca400000, 0x00000000ca500000|  0%| F|  |TAMS 0x00000000ca400000, 0x00000000ca400000| Untracked 
| 165|0x00000000ca500000, 0x00000000ca500000, 0x00000000ca600000|  0%| F|  |TAMS 0x00000000ca500000, 0x00000000ca500000| Untracked 
| 166|0x00000000ca600000, 0x00000000ca600000, 0x00000000ca700000|  0%| F|  |TAMS 0x00000000ca600000, 0x00000000ca600000| Untracked 
| 167|0x00000000ca700000, 0x00000000ca700000, 0x00000000ca800000|  0%| F|  |TAMS 0x00000000ca700000, 0x00000000ca700000| Untracked 
| 168|0x00000000ca800000, 0x00000000ca800000, 0x00000000ca900000|  0%| F|  |TAMS 0x00000000ca800000, 0x00000000ca800000| Untracked 
| 169|0x00000000ca900000, 0x00000000ca900000, 0x00000000caa00000|  0%| F|  |TAMS 0x00000000ca900000, 0x00000000ca900000| Untracked 
| 170|0x00000000caa00000, 0x00000000caa00000, 0x00000000cab00000|  0%| F|  |TAMS 0x00000000caa00000, 0x00000000caa00000| Untracked 
| 171|0x00000000cab00000, 0x00000000cab00000, 0x00000000cac00000|  0%| F|  |TAMS 0x00000000cab00000, 0x00000000cab00000| Untracked 
| 172|0x00000000cac00000, 0x00000000cac00000, 0x00000000cad00000|  0%| F|  |TAMS 0x00000000cac00000, 0x00000000cac00000| Untracked 
| 173|0x00000000cad00000, 0x00000000cad00000, 0x00000000cae00000|  0%| F|  |TAMS 0x00000000cad00000, 0x00000000cad00000| Untracked 
| 174|0x00000000cae00000, 0x00000000cae00000, 0x00000000caf00000|  0%| F|  |TAMS 0x00000000cae00000, 0x00000000cae00000| Untracked 
| 175|0x00000000caf00000, 0x00000000caf00000, 0x00000000cb000000|  0%| F|  |TAMS 0x00000000caf00000, 0x00000000caf00000| Untracked 
| 176|0x00000000cb000000, 0x00000000cb000000, 0x00000000cb100000|  0%| F|  |TAMS 0x00000000cb000000, 0x00000000cb000000| Untracked 
| 177|0x00000000cb100000, 0x00000000cb100000, 0x00000000cb200000|  0%| F|  |TAMS 0x00000000cb100000, 0x00000000cb100000| Untracked 
| 178|0x00000000cb200000, 0x00000000cb200000, 0x00000000cb300000|  0%| F|  |TAMS 0x00000000cb200000, 0x00000000cb200000| Untracked 
| 179|0x00000000cb300000, 0x00000000cb300000, 0x00000000cb400000|  0%| F|  |TAMS 0x00000000cb300000, 0x00000000cb300000| Untracked 
| 180|0x00000000cb400000, 0x00000000cb400000, 0x00000000cb500000|  0%| F|  |TAMS 0x00000000cb400000, 0x00000000cb400000| Untracked 
| 181|0x00000000cb500000, 0x00000000cb500000, 0x00000000cb600000|  0%| F|  |TAMS 0x00000000cb500000, 0x00000000cb500000| Untracked 
| 182|0x00000000cb600000, 0x00000000cb600000, 0x00000000cb700000|  0%| F|  |TAMS 0x00000000cb600000, 0x00000000cb600000| Untracked 
| 183|0x00000000cb700000, 0x00000000cb700000, 0x00000000cb800000|  0%| F|  |TAMS 0x00000000cb700000, 0x00000000cb700000| Untracked 
| 184|0x00000000cb800000, 0x00000000cb800000, 0x00000000cb900000|  0%| F|  |TAMS 0x00000000cb800000, 0x00000000cb800000| Untracked 
| 185|0x00000000cb900000, 0x00000000cb900000, 0x00000000cba00000|  0%| F|  |TAMS 0x00000000cb900000, 0x00000000cb900000| Untracked 
| 186|0x00000000cba00000, 0x00000000cbb00000, 0x00000000cbb00000|100%|HS|  |TAMS 0x00000000cbb00000, 0x00000000cba00000| Untracked 
| 187|0x00000000cbb00000, 0x00000000cbb00000, 0x00000000cbc00000|  0%| F|  |TAMS 0x00000000cbb00000, 0x00000000cbb00000| Untracked 
| 188|0x00000000cbc00000, 0x00000000cbc00000, 0x00000000cbd00000|  0%| F|  |TAMS 0x00000000cbc00000, 0x00000000cbc00000| Untracked 
| 189|0x00000000cbd00000, 0x00000000cbd00000, 0x00000000cbe00000|  0%| F|  |TAMS 0x00000000cbd00000, 0x00000000cbd00000| Untracked 
| 190|0x00000000cbe00000, 0x00000000cbe00000, 0x00000000cbf00000|  0%| F|  |TAMS 0x00000000cbe00000, 0x00000000cbe00000| Untracked 
| 191|0x00000000cbf00000, 0x00000000cbf00000, 0x00000000cc000000|  0%| F|  |TAMS 0x00000000cbf00000, 0x00000000cbf00000| Untracked 
| 192|0x00000000cc000000, 0x00000000cc000000, 0x00000000cc100000|  0%| F|  |TAMS 0x00000000cc000000, 0x00000000cc000000| Untracked 
| 193|0x00000000cc100000, 0x00000000cc100000, 0x00000000cc200000|  0%| F|  |TAMS 0x00000000cc100000, 0x00000000cc100000| Untracked 
| 194|0x00000000cc200000, 0x00000000cc200000, 0x00000000cc300000|  0%| F|  |TAMS 0x00000000cc200000, 0x00000000cc200000| Untracked 
| 195|0x00000000cc300000, 0x00000000cc300000, 0x00000000cc400000|  0%| F|  |TAMS 0x00000000cc300000, 0x00000000cc300000| Untracked 
| 196|0x00000000cc400000, 0x00000000cc400000, 0x00000000cc500000|  0%| F|  |TAMS 0x00000000cc400000, 0x00000000cc400000| Untracked 
| 197|0x00000000cc500000, 0x00000000cc500000, 0x00000000cc600000|  0%| F|  |TAMS 0x00000000cc500000, 0x00000000cc500000| Untracked 
| 198|0x00000000cc600000, 0x00000000cc600000, 0x00000000cc700000|  0%| F|  |TAMS 0x00000000cc600000, 0x00000000cc600000| Untracked 
| 199|0x00000000cc700000, 0x00000000cc700000, 0x00000000cc800000|  0%| F|  |TAMS 0x00000000cc700000, 0x00000000cc700000| Untracked 
| 200|0x00000000cc800000, 0x00000000cc800000, 0x00000000cc900000|  0%| F|  |TAMS 0x00000000cc800000, 0x00000000cc800000| Untracked 
| 201|0x00000000cc900000, 0x00000000cc900000, 0x00000000cca00000|  0%| F|  |TAMS 0x00000000cc900000, 0x00000000cc900000| Untracked 
| 202|0x00000000cca00000, 0x00000000cca00000, 0x00000000ccb00000|  0%| F|  |TAMS 0x00000000cca00000, 0x00000000cca00000| Untracked 
| 203|0x00000000ccb00000, 0x00000000ccb00000, 0x00000000ccc00000|  0%| F|  |TAMS 0x00000000ccb00000, 0x00000000ccb00000| Untracked 
| 204|0x00000000ccc00000, 0x00000000ccc00000, 0x00000000ccd00000|  0%| F|  |TAMS 0x00000000ccc00000, 0x00000000ccc00000| Untracked 
| 205|0x00000000ccd00000, 0x00000000ccd00000, 0x00000000cce00000|  0%| F|  |TAMS 0x00000000ccd00000, 0x00000000ccd00000| Untracked 
| 206|0x00000000cce00000, 0x00000000cce00000, 0x00000000ccf00000|  0%| F|  |TAMS 0x00000000cce00000, 0x00000000cce00000| Untracked 
| 207|0x00000000ccf00000, 0x00000000ccf00000, 0x00000000cd000000|  0%| F|  |TAMS 0x00000000ccf00000, 0x00000000ccf00000| Untracked 
| 208|0x00000000cd000000, 0x00000000cd000000, 0x00000000cd100000|  0%| F|  |TAMS 0x00000000cd000000, 0x00000000cd000000| Untracked 
| 209|0x00000000cd100000, 0x00000000cd100000, 0x00000000cd200000|  0%| F|  |TAMS 0x00000000cd100000, 0x00000000cd100000| Untracked 
| 210|0x00000000cd200000, 0x00000000cd200000, 0x00000000cd300000|  0%| F|  |TAMS 0x00000000cd200000, 0x00000000cd200000| Untracked 
| 211|0x00000000cd300000, 0x00000000cd300000, 0x00000000cd400000|  0%| F|  |TAMS 0x00000000cd300000, 0x00000000cd300000| Untracked 
| 212|0x00000000cd400000, 0x00000000cd400000, 0x00000000cd500000|  0%| F|  |TAMS 0x00000000cd400000, 0x00000000cd400000| Untracked 
| 213|0x00000000cd500000, 0x00000000cd500000, 0x00000000cd600000|  0%| F|  |TAMS 0x00000000cd500000, 0x00000000cd500000| Untracked 
| 214|0x00000000cd600000, 0x00000000cd600000, 0x00000000cd700000|  0%| F|  |TAMS 0x00000000cd600000, 0x00000000cd600000| Untracked 
| 215|0x00000000cd700000, 0x00000000cd700000, 0x00000000cd800000|  0%| F|  |TAMS 0x00000000cd700000, 0x00000000cd700000| Untracked 
| 216|0x00000000cd800000, 0x00000000cd800000, 0x00000000cd900000|  0%| F|  |TAMS 0x00000000cd800000, 0x00000000cd800000| Untracked 
| 217|0x00000000cd900000, 0x00000000cd900000, 0x00000000cda00000|  0%| F|  |TAMS 0x00000000cd900000, 0x00000000cd900000| Untracked 
| 218|0x00000000cda00000, 0x00000000cda00000, 0x00000000cdb00000|  0%| F|  |TAMS 0x00000000cda00000, 0x00000000cda00000| Untracked 
| 219|0x00000000cdb00000, 0x00000000cdb00000, 0x00000000cdc00000|  0%| F|  |TAMS 0x00000000cdb00000, 0x00000000cdb00000| Untracked 
| 220|0x00000000cdc00000, 0x00000000cdc00000, 0x00000000cdd00000|  0%| F|  |TAMS 0x00000000cdc00000, 0x00000000cdc00000| Untracked 
| 221|0x00000000cdd00000, 0x00000000cdd00000, 0x00000000cde00000|  0%| F|  |TAMS 0x00000000cdd00000, 0x00000000cdd00000| Untracked 
| 222|0x00000000cde00000, 0x00000000cde00000, 0x00000000cdf00000|  0%| F|  |TAMS 0x00000000cde00000, 0x00000000cde00000| Untracked 
| 223|0x00000000cdf00000, 0x00000000cdf00000, 0x00000000ce000000|  0%| F|  |TAMS 0x00000000cdf00000, 0x00000000cdf00000| Untracked 
| 224|0x00000000ce000000, 0x00000000ce000000, 0x00000000ce100000|  0%| F|  |TAMS 0x00000000ce000000, 0x00000000ce000000| Untracked 
| 225|0x00000000ce100000, 0x00000000ce100000, 0x00000000ce200000|  0%| F|  |TAMS 0x00000000ce100000, 0x00000000ce100000| Untracked 
| 226|0x00000000ce200000, 0x00000000ce200000, 0x00000000ce300000|  0%| F|  |TAMS 0x00000000ce200000, 0x00000000ce200000| Untracked 
| 227|0x00000000ce300000, 0x00000000ce300000, 0x00000000ce400000|  0%| F|  |TAMS 0x00000000ce300000, 0x00000000ce300000| Untracked 
| 228|0x00000000ce400000, 0x00000000ce400000, 0x00000000ce500000|  0%| F|  |TAMS 0x00000000ce400000, 0x00000000ce400000| Untracked 
| 229|0x00000000ce500000, 0x00000000ce500000, 0x00000000ce600000|  0%| F|  |TAMS 0x00000000ce500000, 0x00000000ce500000| Untracked 
| 230|0x00000000ce600000, 0x00000000ce600000, 0x00000000ce700000|  0%| F|  |TAMS 0x00000000ce600000, 0x00000000ce600000| Untracked 
| 231|0x00000000ce700000, 0x00000000ce700000, 0x00000000ce800000|  0%| F|  |TAMS 0x00000000ce700000, 0x00000000ce700000| Untracked 
| 232|0x00000000ce800000, 0x00000000ce800000, 0x00000000ce900000|  0%| F|  |TAMS 0x00000000ce800000, 0x00000000ce800000| Untracked 
| 233|0x00000000ce900000, 0x00000000ce900000, 0x00000000cea00000|  0%| F|  |TAMS 0x00000000ce900000, 0x00000000ce900000| Untracked 
| 234|0x00000000cea00000, 0x00000000cea00000, 0x00000000ceb00000|  0%| F|  |TAMS 0x00000000cea00000, 0x00000000cea00000| Untracked 
| 235|0x00000000ceb00000, 0x00000000ceb00000, 0x00000000cec00000|  0%| F|  |TAMS 0x00000000ceb00000, 0x00000000ceb00000| Untracked 
| 236|0x00000000cec00000, 0x00000000cec00000, 0x00000000ced00000|  0%| F|  |TAMS 0x00000000cec00000, 0x00000000cec00000| Untracked 
| 237|0x00000000ced00000, 0x00000000ced00000, 0x00000000cee00000|  0%| F|  |TAMS 0x00000000ced00000, 0x00000000ced00000| Untracked 
| 238|0x00000000cee00000, 0x00000000cee00000, 0x00000000cef00000|  0%| F|  |TAMS 0x00000000cee00000, 0x00000000cee00000| Untracked 
| 239|0x00000000cef00000, 0x00000000cef00000, 0x00000000cf000000|  0%| F|  |TAMS 0x00000000cef00000, 0x00000000cef00000| Untracked 
| 240|0x00000000cf000000, 0x00000000cf000000, 0x00000000cf100000|  0%| F|  |TAMS 0x00000000cf000000, 0x00000000cf000000| Untracked 
| 241|0x00000000cf100000, 0x00000000cf100000, 0x00000000cf200000|  0%| F|  |TAMS 0x00000000cf100000, 0x00000000cf100000| Untracked 
| 242|0x00000000cf200000, 0x00000000cf200000, 0x00000000cf300000|  0%| F|  |TAMS 0x00000000cf200000, 0x00000000cf200000| Untracked 
| 243|0x00000000cf300000, 0x00000000cf300000, 0x00000000cf400000|  0%| F|  |TAMS 0x00000000cf300000, 0x00000000cf300000| Untracked 
| 244|0x00000000cf400000, 0x00000000cf400000, 0x00000000cf500000|  0%| F|  |TAMS 0x00000000cf400000, 0x00000000cf400000| Untracked 
| 245|0x00000000cf500000, 0x00000000cf500000, 0x00000000cf600000|  0%| F|  |TAMS 0x00000000cf500000, 0x00000000cf500000| Untracked 
| 246|0x00000000cf600000, 0x00000000cf700000, 0x00000000cf700000|100%|HS|  |TAMS 0x00000000cf700000, 0x00000000cf600000| Untracked 
| 247|0x00000000cf700000, 0x00000000cf800000, 0x00000000cf800000|100%|HC|  |TAMS 0x00000000cf800000, 0x00000000cf700000| Untracked 
| 248|0x00000000cf800000, 0x00000000cf800000, 0x00000000cf900000|  0%| F|  |TAMS 0x00000000cf800000, 0x00000000cf800000| Untracked 
| 249|0x00000000cf900000, 0x00000000cf900000, 0x00000000cfa00000|  0%| F|  |TAMS 0x00000000cf900000, 0x00000000cf900000| Untracked 
| 250|0x00000000cfa00000, 0x00000000cfa00000, 0x00000000cfb00000|  0%| F|  |TAMS 0x00000000cfa00000, 0x00000000cfa00000| Untracked 
| 251|0x00000000cfb00000, 0x00000000cfb00000, 0x00000000cfc00000|  0%| F|  |TAMS 0x00000000cfb00000, 0x00000000cfb00000| Untracked 
| 252|0x00000000cfc00000, 0x00000000cfc00000, 0x00000000cfd00000|  0%| F|  |TAMS 0x00000000cfc00000, 0x00000000cfc00000| Untracked 
| 253|0x00000000cfd00000, 0x00000000cfd00000, 0x00000000cfe00000|  0%| F|  |TAMS 0x00000000cfd00000, 0x00000000cfd00000| Untracked 
| 254|0x00000000cfe00000, 0x00000000cfe00000, 0x00000000cff00000|  0%| F|  |TAMS 0x00000000cfe00000, 0x00000000cfe00000| Untracked 
| 255|0x00000000cff00000, 0x00000000cff00000, 0x00000000d0000000|  0%| F|  |TAMS 0x00000000cff00000, 0x00000000cff00000| Untracked 
| 256|0x00000000d0000000, 0x00000000d0000000, 0x00000000d0100000|  0%| F|  |TAMS 0x00000000d0000000, 0x00000000d0000000| Untracked 
| 257|0x00000000d0100000, 0x00000000d0100000, 0x00000000d0200000|  0%| F|  |TAMS 0x00000000d0100000, 0x00000000d0100000| Untracked 
| 258|0x00000000d0200000, 0x00000000d0200000, 0x00000000d0300000|  0%| F|  |TAMS 0x00000000d0200000, 0x00000000d0200000| Untracked 
| 259|0x00000000d0300000, 0x00000000d0300000, 0x00000000d0400000|  0%| F|  |TAMS 0x00000000d0300000, 0x00000000d0300000| Untracked 
| 260|0x00000000d0400000, 0x00000000d0400000, 0x00000000d0500000|  0%| F|  |TAMS 0x00000000d0400000, 0x00000000d0400000| Untracked 
| 261|0x00000000d0500000, 0x00000000d0500000, 0x00000000d0600000|  0%| F|  |TAMS 0x00000000d0500000, 0x00000000d0500000| Untracked 
| 262|0x00000000d0600000, 0x00000000d0600000, 0x00000000d0700000|  0%| F|  |TAMS 0x00000000d0600000, 0x00000000d0600000| Untracked 
| 263|0x00000000d0700000, 0x00000000d0700000, 0x00000000d0800000|  0%| F|  |TAMS 0x00000000d0700000, 0x00000000d0700000| Untracked 
| 264|0x00000000d0800000, 0x00000000d0800000, 0x00000000d0900000|  0%| F|  |TAMS 0x00000000d0800000, 0x00000000d0800000| Untracked 
| 265|0x00000000d0900000, 0x00000000d0900000, 0x00000000d0a00000|  0%| F|  |TAMS 0x00000000d0900000, 0x00000000d0900000| Untracked 
| 266|0x00000000d0a00000, 0x00000000d0a00000, 0x00000000d0b00000|  0%| F|  |TAMS 0x00000000d0a00000, 0x00000000d0a00000| Untracked 
| 267|0x00000000d0b00000, 0x00000000d0b00000, 0x00000000d0c00000|  0%| F|  |TAMS 0x00000000d0b00000, 0x00000000d0b00000| Untracked 
| 268|0x00000000d0c00000, 0x00000000d0c00000, 0x00000000d0d00000|  0%| F|  |TAMS 0x00000000d0c00000, 0x00000000d0c00000| Untracked 
| 269|0x00000000d0d00000, 0x00000000d0d00000, 0x00000000d0e00000|  0%| F|  |TAMS 0x00000000d0d00000, 0x00000000d0d00000| Untracked 
| 270|0x00000000d0e00000, 0x00000000d0e00000, 0x00000000d0f00000|  0%| F|  |TAMS 0x00000000d0e00000, 0x00000000d0e00000| Untracked 
| 271|0x00000000d0f00000, 0x00000000d0f00000, 0x00000000d1000000|  0%| F|  |TAMS 0x00000000d0f00000, 0x00000000d0f00000| Untracked 
| 272|0x00000000d1000000, 0x00000000d1000000, 0x00000000d1100000|  0%| F|  |TAMS 0x00000000d1000000, 0x00000000d1000000| Untracked 
| 273|0x00000000d1100000, 0x00000000d1100000, 0x00000000d1200000|  0%| F|  |TAMS 0x00000000d1100000, 0x00000000d1100000| Untracked 
| 274|0x00000000d1200000, 0x00000000d1200000, 0x00000000d1300000|  0%| F|  |TAMS 0x00000000d1200000, 0x00000000d1200000| Untracked 
| 275|0x00000000d1300000, 0x00000000d1300000, 0x00000000d1400000|  0%| F|  |TAMS 0x00000000d1300000, 0x00000000d1300000| Untracked 
| 276|0x00000000d1400000, 0x00000000d1400000, 0x00000000d1500000|  0%| F|  |TAMS 0x00000000d1400000, 0x00000000d1400000| Untracked 
| 277|0x00000000d1500000, 0x00000000d1500000, 0x00000000d1600000|  0%| F|  |TAMS 0x00000000d1500000, 0x00000000d1500000| Untracked 
| 278|0x00000000d1600000, 0x00000000d1600000, 0x00000000d1700000|  0%| F|  |TAMS 0x00000000d1600000, 0x00000000d1600000| Untracked 
| 279|0x00000000d1700000, 0x00000000d1700000, 0x00000000d1800000|  0%| F|  |TAMS 0x00000000d1700000, 0x00000000d1700000| Untracked 
| 280|0x00000000d1800000, 0x00000000d1800000, 0x00000000d1900000|  0%| F|  |TAMS 0x00000000d1800000, 0x00000000d1800000| Untracked 
| 281|0x00000000d1900000, 0x00000000d1900000, 0x00000000d1a00000|  0%| F|  |TAMS 0x00000000d1900000, 0x00000000d1900000| Untracked 
| 282|0x00000000d1a00000, 0x00000000d1a00000, 0x00000000d1b00000|  0%| F|  |TAMS 0x00000000d1a00000, 0x00000000d1a00000| Untracked 
| 283|0x00000000d1b00000, 0x00000000d1b00000, 0x00000000d1c00000|  0%| F|  |TAMS 0x00000000d1b00000, 0x00000000d1b00000| Untracked 
| 284|0x00000000d1c00000, 0x00000000d1c00000, 0x00000000d1d00000|  0%| F|  |TAMS 0x00000000d1c00000, 0x00000000d1c00000| Untracked 
| 285|0x00000000d1d00000, 0x00000000d1d00000, 0x00000000d1e00000|  0%| F|  |TAMS 0x00000000d1d00000, 0x00000000d1d00000| Untracked 
| 286|0x00000000d1e00000, 0x00000000d1e00000, 0x00000000d1f00000|  0%| F|  |TAMS 0x00000000d1e00000, 0x00000000d1e00000| Untracked 
| 287|0x00000000d1f00000, 0x00000000d1f00000, 0x00000000d2000000|  0%| F|  |TAMS 0x00000000d1f00000, 0x00000000d1f00000| Untracked 
| 288|0x00000000d2000000, 0x00000000d2000000, 0x00000000d2100000|  0%| F|  |TAMS 0x00000000d2000000, 0x00000000d2000000| Untracked 
| 289|0x00000000d2100000, 0x00000000d2100000, 0x00000000d2200000|  0%| F|  |TAMS 0x00000000d2100000, 0x00000000d2100000| Untracked 
| 290|0x00000000d2200000, 0x00000000d2200000, 0x00000000d2300000|  0%| F|  |TAMS 0x00000000d2200000, 0x00000000d2200000| Untracked 
| 291|0x00000000d2300000, 0x00000000d2300000, 0x00000000d2400000|  0%| F|  |TAMS 0x00000000d2300000, 0x00000000d2300000| Untracked 
| 292|0x00000000d2400000, 0x00000000d2400000, 0x00000000d2500000|  0%| F|  |TAMS 0x00000000d2400000, 0x00000000d2400000| Untracked 
| 293|0x00000000d2500000, 0x00000000d2500000, 0x00000000d2600000|  0%| F|  |TAMS 0x00000000d2500000, 0x00000000d2500000| Untracked 
| 294|0x00000000d2600000, 0x00000000d2600000, 0x00000000d2700000|  0%| F|  |TAMS 0x00000000d2600000, 0x00000000d2600000| Untracked 
| 295|0x00000000d2700000, 0x00000000d2700000, 0x00000000d2800000|  0%| F|  |TAMS 0x00000000d2700000, 0x00000000d2700000| Untracked 
| 296|0x00000000d2800000, 0x00000000d28d70d8, 0x00000000d2900000| 84%| E|  |TAMS 0x00000000d2800000, 0x00000000d2800000| Complete 

Card table byte_map: [0x00000224cb640000,0x00000224cb840000] _byte_map_base: 0x00000224cb040000

Marking Bits (Prev, Next): (CMBitMap*) 0x00000224c4cd7080, (CMBitMap*) 0x00000224c4cd70c0
 Prev Bits: [0x00000224cba40000, 0x00000224cca40000)
 Next Bits: [0x00000224cca40000, 0x00000224cda40000)

Polling page: 0x00000224c3200000

Metaspace:

Usage:
  Non-class:     63.16 MB used.
      Class:      9.99 MB used.
       Both:     73.16 MB used.

Virtual space:
  Non-class space:      128.00 MB reserved,      63.62 MB ( 50%) committed,  2 nodes.
      Class space:        1.00 GB reserved,      10.31 MB (  1%) committed,  1 nodes.
             Both:        1.12 GB reserved,      73.94 MB (  6%) committed. 

Chunk freelists:
   Non-Class:  15.69 MB
       Class:  5.75 MB
        Both:  21.44 MB

MaxMetaspaceSize: unlimited
CompressedClassSpaceSize: 1.00 GB
Initial GC threshold: 21.00 MB
Current GC threshold: 123.25 MB
CDS: off
MetaspaceReclaimPolicy: balanced
 - commit_granule_bytes: 65536.
 - commit_granule_words: 8192.
 - virtual_space_node_default_size: 8388608.
 - enlarge_chunks_in_place: 1.
 - new_chunks_are_fully_committed: 0.
 - uncommit_free_chunks: 1.
 - use_allocation_guard: 0.
 - handle_deallocations: 1.


Internal statistics:

num_allocs_failed_limit: 8.
num_arena_births: 714.
num_arena_deaths: 224.
num_vsnodes_births: 3.
num_vsnodes_deaths: 0.
num_space_committed: 1183.
num_space_uncommitted: 0.
num_chunks_returned_to_freelist: 279.
num_chunks_taken_from_freelist: 3351.
num_chunk_merges: 100.
num_chunk_splits: 2259.
num_chunks_enlarged: 1547.
num_inconsistent_stats: 0.

CodeCache: size=49152Kb used=24255Kb max_used=25871Kb free=24897Kb
 bounds [0x00000224c79a0000, 0x00000224c9350000, 0x00000224ca9a0000]
 total_blobs=13792 nmethods=13100 adapters=618
 compilation: enabled
              stopped_count=0, restarted_count=0
 full_count=0

Compilation events (20 events):
Event: 1089.294 Thread 0x00000224d0790870 13259       1       java.lang.invoke.LambdaForm$MH/0x000000010039a800::invoke (27 bytes)
Event: 1089.294 Thread 0x00000224d0790870 nmethod 13259 0x00000224c7b05e10 code [0x00000224c7b05fc0, 0x00000224c7b06118]
Event: 1090.634 Thread 0x00000224d0790870 13260   !   1       java.time.format.DateTimeFormatterBuilder$CompositePrinterParser::format (116 bytes)
Event: 1090.634 Thread 0x00000224d0790870 nmethod 13260 0x00000224c7b05790 code [0x00000224c7b05940, 0x00000224c7b05bd8]
Event: 1133.849 Thread 0x00000224d0790870 13261       1       java.util.concurrent.ConcurrentLinkedDeque::first (65 bytes)
Event: 1133.849 Thread 0x00000224d0790870 nmethod 13261 0x00000224c7b04d90 code [0x00000224c7b04f80, 0x00000224c7b05478]
Event: 1273.840 Thread 0x00000224d0790870 13262       1       java.time.Clock$TickClock::millis (23 bytes)
Event: 1273.840 Thread 0x00000224d0790870 nmethod 13262 0x00000224c7b04910 code [0x00000224c7b04ac0, 0x00000224c7b04c68]
Event: 1273.840 Thread 0x00000224d0790870 13263       1       java.time.Clock$SystemClock::millis (4 bytes)
Event: 1273.841 Thread 0x00000224d0790870 nmethod 13263 0x00000224c7b04610 code [0x00000224c7b047a0, 0x00000224c7b04878]
Event: 1283.840 Thread 0x00000224d0790870 13265       1       reactor.core.scheduler.BoundedElasticScheduler$BoundedServices::eviction (90 bytes)
Event: 1283.841 Thread 0x00000224d0790870 nmethod 13265 0x00000224c7b03e10 code [0x00000224c7b04000, 0x00000224c7b04388]
Event: 1283.841 Thread 0x00000224d0790870 13267       1       java.util.concurrent.ConcurrentLinkedDeque::toArrayInternal (141 bytes)
Event: 1283.841 Thread 0x00000224d0790870 nmethod 13267 0x00000224c7b03290 code [0x00000224c7b03480, 0x00000224c7b03b58]
Event: 1283.841 Thread 0x00000224d0790870 13264       1       reactor.core.scheduler.BoundedElasticScheduler$$Lambda$610/0x00000001004a14b0::run (8 bytes)
Event: 1283.841 Thread 0x00000224d0790870 nmethod 13264 0x00000224c7b02f90 code [0x00000224c7b03120, 0x00000224c7b03208]
Event: 1283.841 Thread 0x00000224d0790870 13266       1       java.util.concurrent.ConcurrentLinkedDeque::toArray (6 bytes)
Event: 1283.841 Thread 0x00000224d0790870 nmethod 13266 0x00000224c7b02c90 code [0x00000224c7b02e20, 0x00000224c7b02f08]
Event: 1292.052 Thread 0x00000224d0790870 13268       1       org.springframework.ide.vscode.commons.languageserver.util.SimpleLanguageServer::getParentProcessId (5 bytes)
Event: 1292.053 Thread 0x00000224d0790870 nmethod 13268 0x00000224c7b02990 code [0x00000224c7b02b20, 0x00000224c7b02bf8]

GC Heap History (20 events):
Event: 1231.227 GC heap before
{Heap before GC invocations=131 (full 43):
 garbage-first heap   total 304128K, used 89761K [0x00000000c0000000, 0x0000000100000000)
  region size 1024K, 1 young (1024K), 0 survivors (0K)
 Metaspace       used 74911K, committed 75712K, reserved 1179648K
  class space    used 10231K, committed 10560K, reserved 1048576K
}
Event: 1231.262 GC heap after
{Heap after GC invocations=132 (full 44):
 garbage-first heap   total 304128K, used 89761K [0x00000000c0000000, 0x0000000100000000)
  region size 1024K, 0 young (0K), 0 survivors (0K)
 Metaspace       used 74911K, committed 75712K, reserved 1179648K
  class space    used 10231K, committed 10560K, reserved 1048576K
}
Event: 1241.368 GC heap before
{Heap before GC invocations=132 (full 44):
 garbage-first heap   total 304128K, used 89761K [0x00000000c0000000, 0x0000000100000000)
  region size 1024K, 1 young (1024K), 0 survivors (0K)
 Metaspace       used 74911K, committed 75712K, reserved 1179648K
  class space    used 10231K, committed 10560K, reserved 1048576K
}
Event: 1241.404 GC heap after
{Heap after GC invocations=133 (full 45):
 garbage-first heap   total 304128K, used 89761K [0x00000000c0000000, 0x0000000100000000)
  region size 1024K, 0 young (0K), 0 survivors (0K)
 Metaspace       used 74911K, committed 75712K, reserved 1179648K
  class space    used 10231K, committed 10560K, reserved 1048576K
}
Event: 1251.522 GC heap before
{Heap before GC invocations=133 (full 45):
 garbage-first heap   total 304128K, used 89761K [0x00000000c0000000, 0x0000000100000000)
  region size 1024K, 1 young (1024K), 0 survivors (0K)
 Metaspace       used 74911K, committed 75712K, reserved 1179648K
  class space    used 10231K, committed 10560K, reserved 1048576K
}
Event: 1251.558 GC heap after
{Heap after GC invocations=134 (full 46):
 garbage-first heap   total 304128K, used 89761K [0x00000000c0000000, 0x0000000100000000)
  region size 1024K, 0 young (0K), 0 survivors (0K)
 Metaspace       used 74911K, committed 75712K, reserved 1179648K
  class space    used 10231K, committed 10560K, reserved 1048576K
}
Event: 1261.681 GC heap before
{Heap before GC invocations=134 (full 46):
 garbage-first heap   total 304128K, used 89761K [0x00000000c0000000, 0x0000000100000000)
  region size 1024K, 1 young (1024K), 0 survivors (0K)
 Metaspace       used 74911K, committed 75712K, reserved 1179648K
  class space    used 10231K, committed 10560K, reserved 1048576K
}
Event: 1261.717 GC heap after
{Heap after GC invocations=135 (full 47):
 garbage-first heap   total 304128K, used 89761K [0x00000000c0000000, 0x0000000100000000)
  region size 1024K, 0 young (0K), 0 survivors (0K)
 Metaspace       used 74911K, committed 75712K, reserved 1179648K
  class space    used 10231K, committed 10560K, reserved 1048576K
}
Event: 1271.843 GC heap before
{Heap before GC invocations=135 (full 47):
 garbage-first heap   total 304128K, used 89761K [0x00000000c0000000, 0x0000000100000000)
  region size 1024K, 1 young (1024K), 0 survivors (0K)
 Metaspace       used 74911K, committed 75712K, reserved 1179648K
  class space    used 10231K, committed 10560K, reserved 1048576K
}
Event: 1271.884 GC heap after
{Heap after GC invocations=136 (full 48):
 garbage-first heap   total 304128K, used 89761K [0x00000000c0000000, 0x0000000100000000)
  region size 1024K, 0 young (0K), 0 survivors (0K)
 Metaspace       used 74911K, committed 75712K, reserved 1179648K
  class space    used 10231K, committed 10560K, reserved 1048576K
}
Event: 1281.999 GC heap before
{Heap before GC invocations=136 (full 48):
 garbage-first heap   total 304128K, used 89761K [0x00000000c0000000, 0x0000000100000000)
  region size 1024K, 1 young (1024K), 0 survivors (0K)
 Metaspace       used 74911K, committed 75712K, reserved 1179648K
  class space    used 10231K, committed 10560K, reserved 1048576K
}
Event: 1282.036 GC heap after
{Heap after GC invocations=137 (full 49):
 garbage-first heap   total 304128K, used 89761K [0x00000000c0000000, 0x0000000100000000)
  region size 1024K, 0 young (0K), 0 survivors (0K)
 Metaspace       used 74911K, committed 75712K, reserved 1179648K
  class space    used 10231K, committed 10560K, reserved 1048576K
}
Event: 1292.153 GC heap before
{Heap before GC invocations=137 (full 49):
 garbage-first heap   total 304128K, used 89761K [0x00000000c0000000, 0x0000000100000000)
  region size 1024K, 1 young (1024K), 0 survivors (0K)
 Metaspace       used 74911K, committed 75712K, reserved 1179648K
  class space    used 10231K, committed 10560K, reserved 1048576K
}
Event: 1292.190 GC heap after
{Heap after GC invocations=138 (full 50):
 garbage-first heap   total 304128K, used 89761K [0x00000000c0000000, 0x0000000100000000)
  region size 1024K, 0 young (0K), 0 survivors (0K)
 Metaspace       used 74911K, committed 75712K, reserved 1179648K
  class space    used 10231K, committed 10560K, reserved 1048576K
}
Event: 1302.308 GC heap before
{Heap before GC invocations=138 (full 50):
 garbage-first heap   total 304128K, used 89761K [0x00000000c0000000, 0x0000000100000000)
  region size 1024K, 1 young (1024K), 0 survivors (0K)
 Metaspace       used 74911K, committed 75712K, reserved 1179648K
  class space    used 10231K, committed 10560K, reserved 1048576K
}
Event: 1302.349 GC heap after
{Heap after GC invocations=139 (full 51):
 garbage-first heap   total 304128K, used 89761K [0x00000000c0000000, 0x0000000100000000)
  region size 1024K, 0 young (0K), 0 survivors (0K)
 Metaspace       used 74911K, committed 75712K, reserved 1179648K
  class space    used 10231K, committed 10560K, reserved 1048576K
}
Event: 1312.467 GC heap before
{Heap before GC invocations=139 (full 51):
 garbage-first heap   total 304128K, used 89761K [0x00000000c0000000, 0x0000000100000000)
  region size 1024K, 1 young (1024K), 0 survivors (0K)
 Metaspace       used 74911K, committed 75712K, reserved 1179648K
  class space    used 10231K, committed 10560K, reserved 1048576K
}
Event: 1312.506 GC heap after
{Heap after GC invocations=140 (full 52):
 garbage-first heap   total 304128K, used 89761K [0x00000000c0000000, 0x0000000100000000)
  region size 1024K, 0 young (0K), 0 survivors (0K)
 Metaspace       used 74911K, committed 75712K, reserved 1179648K
  class space    used 10231K, committed 10560K, reserved 1048576K
}
Event: 1322.620 GC heap before
{Heap before GC invocations=140 (full 52):
 garbage-first heap   total 304128K, used 89761K [0x00000000c0000000, 0x0000000100000000)
  region size 1024K, 1 young (1024K), 0 survivors (0K)
 Metaspace       used 74911K, committed 75712K, reserved 1179648K
  class space    used 10231K, committed 10560K, reserved 1048576K
}
Event: 1322.664 GC heap after
{Heap after GC invocations=141 (full 53):
 garbage-first heap   total 304128K, used 89761K [0x00000000c0000000, 0x0000000100000000)
  region size 1024K, 0 young (0K), 0 survivors (0K)
 Metaspace       used 74911K, committed 75712K, reserved 1179648K
  class space    used 10231K, committed 10560K, reserved 1048576K
}

Dll operation events (10 events):
Event: 0.015 Loaded shared library c:\Users\khami\.vscode\extensions\redhat.java-1.20.0-win32-x64\jre\17.0.7-win32-x86_64\bin\java.dll
Event: 0.282 Loaded shared library C:\Users\khami\.vscode\extensions\redhat.java-1.20.0-win32-x64\jre\17.0.7-win32-x86_64\bin\net.dll
Event: 0.284 Loaded shared library C:\Users\khami\.vscode\extensions\redhat.java-1.20.0-win32-x64\jre\17.0.7-win32-x86_64\bin\nio.dll
Event: 0.291 Loaded shared library C:\Users\khami\.vscode\extensions\redhat.java-1.20.0-win32-x64\jre\17.0.7-win32-x86_64\bin\zip.dll
Event: 0.573 Loaded shared library C:\Users\khami\.vscode\extensions\redhat.java-1.20.0-win32-x64\jre\17.0.7-win32-x86_64\bin\jimage.dll
Event: 3.888 Loaded shared library C:\Users\khami\.vscode\extensions\redhat.java-1.20.0-win32-x64\jre\17.0.7-win32-x86_64\bin\management.dll
Event: 3.891 Loaded shared library C:\Users\khami\.vscode\extensions\redhat.java-1.20.0-win32-x64\jre\17.0.7-win32-x86_64\bin\management_ext.dll
Event: 7.612 Loaded shared library C:\Users\khami\.vscode\extensions\redhat.java-1.20.0-win32-x64\jre\17.0.7-win32-x86_64\bin\sunmscapi.dll
Event: 9.163 Loaded shared library C:\Users\khami\AppData\Local\Temp\snappy-1.1.8-91bd12fa-548d-4bae-bb28-366fbd8dfc85-snappyjava.dll
Event: 16.643 Loaded shared library c:\Users\khami\.vscode\extensions\redhat.java-1.20.0-win32-x64\jre\17.0.7-win32-x86_64\bin\verify.dll

Deoptimization events (20 events):
Event: 17.474 Thread 0x00000224d65471b0 DEOPT PACKING pc=0x00000224c8e1301c sp=0x000000f5329fe210
Event: 17.474 Thread 0x00000224d65471b0 DEOPT UNPACKING pc=0x00000224c79f7143 sp=0x000000f5329fd718 mode 0
Event: 17.474 Thread 0x00000224d65471b0 DEOPT PACKING pc=0x00000224c8d50af4 sp=0x000000f5329fe300
Event: 17.474 Thread 0x00000224d65471b0 DEOPT UNPACKING pc=0x00000224c79f7143 sp=0x000000f5329fd7f8 mode 0
Event: 17.474 Thread 0x00000224d65471b0 DEOPT PACKING pc=0x00000224c8d1e274 sp=0x000000f5329fe3d0
Event: 17.474 Thread 0x00000224d65471b0 DEOPT UNPACKING pc=0x00000224c79f7143 sp=0x000000f5329fd8a8 mode 0
Event: 17.474 Thread 0x00000224d65471b0 DEOPT PACKING pc=0x00000224c8d1cca4 sp=0x000000f5329fe480
Event: 17.474 Thread 0x00000224d65471b0 DEOPT UNPACKING pc=0x00000224c79f7143 sp=0x000000f5329fda00 mode 0
Event: 17.474 Thread 0x00000224d65471b0 DEOPT PACKING pc=0x00000224c8ddd1ac sp=0x000000f5329fe7a0
Event: 17.474 Thread 0x00000224d65471b0 DEOPT UNPACKING pc=0x00000224c79f7143 sp=0x000000f5329fdc30 mode 0
Event: 17.489 Thread 0x00000224d65471b0 DEOPT PACKING pc=0x00000224c7f22b73 sp=0x000000f5329fdbe0
Event: 17.489 Thread 0x00000224d65471b0 DEOPT UNPACKING pc=0x00000224c79f7143 sp=0x000000f5329fd100 mode 3
Event: 19.941 Thread 0x00000224d6634a20 DEOPT PACKING pc=0x00000224c8ee348c sp=0x000000f532dfd490
Event: 19.941 Thread 0x00000224d6634a20 DEOPT UNPACKING pc=0x00000224c79f7143 sp=0x000000f532dfc920 mode 0
Event: 19.982 Thread 0x00000224d6634a20 DEOPT PACKING pc=0x00000224c89413fc sp=0x000000f532dfc6a0
Event: 19.982 Thread 0x00000224d6634a20 DEOPT UNPACKING pc=0x00000224c79f7143 sp=0x000000f532dfbc28 mode 0
Event: 21.013 Thread 0x00000224d6634a20 DEOPT PACKING pc=0x00000224c8a01f24 sp=0x000000f532dfd690
Event: 21.013 Thread 0x00000224d6634a20 DEOPT UNPACKING pc=0x00000224c79f7143 sp=0x000000f532dfcc08 mode 0
Event: 91.804 Thread 0x00000224d64e9380 DEOPT PACKING pc=0x00000224c8018d54 sp=0x000000f5323ff0f0
Event: 91.804 Thread 0x00000224d64e9380 DEOPT UNPACKING pc=0x00000224c79f7143 sp=0x000000f5323fe578 mode 0

Classes unloaded (20 events):
Event: 525.152 Thread 0x00000224d07496e0 Unloading class 0x0000000100220800 'java/lang/invoke/LambdaForm$MH+0x0000000100220800'
Event: 525.152 Thread 0x00000224d07496e0 Unloading class 0x0000000100215000 'java/lang/invoke/LambdaForm$DMH+0x0000000100215000'
Event: 525.152 Thread 0x00000224d07496e0 Unloading class 0x0000000100091c00 'java/lang/invoke/LambdaForm$MH+0x0000000100091c00'
Event: 525.152 Thread 0x00000224d07496e0 Unloading class 0x0000000100091800 'java/lang/invoke/LambdaForm$MH+0x0000000100091800'
Event: 525.152 Thread 0x00000224d07496e0 Unloading class 0x0000000100091400 'java/lang/invoke/LambdaForm$MH+0x0000000100091400'
Event: 525.152 Thread 0x00000224d07496e0 Unloading class 0x0000000100091000 'java/lang/invoke/LambdaForm$MH+0x0000000100091000'
Event: 525.152 Thread 0x00000224d07496e0 Unloading class 0x0000000100090c00 'java/lang/invoke/LambdaForm$MH+0x0000000100090c00'
Event: 525.152 Thread 0x00000224d07496e0 Unloading class 0x0000000100090800 'java/lang/invoke/LambdaForm$MH+0x0000000100090800'
Event: 525.152 Thread 0x00000224d07496e0 Unloading class 0x0000000100090400 'java/lang/invoke/LambdaForm$MH+0x0000000100090400'
Event: 525.152 Thread 0x00000224d07496e0 Unloading class 0x0000000100090000 'java/lang/invoke/LambdaForm$MH+0x0000000100090000'
Event: 525.152 Thread 0x00000224d07496e0 Unloading class 0x000000010008b800 'java/lang/invoke/LambdaForm$MH+0x000000010008b800'
Event: 525.152 Thread 0x00000224d07496e0 Unloading class 0x000000010008b400 'java/lang/invoke/LambdaForm$MH+0x000000010008b400'
Event: 525.152 Thread 0x00000224d07496e0 Unloading class 0x000000010008b000 'java/lang/invoke/LambdaForm$MH+0x000000010008b000'
Event: 525.152 Thread 0x00000224d07496e0 Unloading class 0x000000010008ac00 'java/lang/invoke/LambdaForm$MH+0x000000010008ac00'
Event: 525.152 Thread 0x00000224d07496e0 Unloading class 0x000000010008a800 'java/lang/invoke/LambdaForm$MH+0x000000010008a800'
Event: 525.152 Thread 0x00000224d07496e0 Unloading class 0x000000010008a400 'java/lang/invoke/LambdaForm$MH+0x000000010008a400'
Event: 525.152 Thread 0x00000224d07496e0 Unloading class 0x0000000100089c00 'java/lang/invoke/LambdaForm$MH+0x0000000100089c00'
Event: 525.152 Thread 0x00000224d07496e0 Unloading class 0x0000000100089400 'java/lang/invoke/LambdaForm$MH+0x0000000100089400'
Event: 525.152 Thread 0x00000224d07496e0 Unloading class 0x0000000100088c00 'java/lang/invoke/LambdaForm$MH+0x0000000100088c00'
Event: 525.152 Thread 0x00000224d07496e0 Unloading class 0x0000000100088400 'java/lang/invoke/LambdaForm$MH+0x0000000100088400'

Classes redefined (0 events):
No events

Internal exceptions (20 events):
Event: 21.288 Thread 0x00000224d6634a20 Exception <a 'sun/nio/fs/WindowsException'{0x00000000f434fb50}> (0x00000000f434fb50) 
thrown [s\src\hotspot\share\prims\jni.cpp, line 516]
Event: 21.288 Thread 0x00000224d6634a20 Exception <a 'sun/nio/fs/WindowsException'{0x00000000f434ff40}> (0x00000000f434ff40) 
thrown [s\src\hotspot\share\prims\jni.cpp, line 516]
Event: 21.288 Thread 0x00000224d6634a20 Exception <a 'sun/nio/fs/WindowsException'{0x00000000f4355670}> (0x00000000f4355670) 
thrown [s\src\hotspot\share\prims\jni.cpp, line 516]
Event: 21.288 Thread 0x00000224d6634a20 Exception <a 'sun/nio/fs/WindowsException'{0x00000000f43559f0}> (0x00000000f43559f0) 
thrown [s\src\hotspot\share\prims\jni.cpp, line 516]
Event: 21.288 Thread 0x00000224d6634a20 Exception <a 'sun/nio/fs/WindowsException'{0x00000000f4356eb0}> (0x00000000f4356eb0) 
thrown [s\src\hotspot\share\prims\jni.cpp, line 516]
Event: 21.288 Thread 0x00000224d6634a20 Exception <a 'sun/nio/fs/WindowsException'{0x00000000f4357250}> (0x00000000f4357250) 
thrown [s\src\hotspot\share\prims\jni.cpp, line 516]
Event: 21.295 Thread 0x00000224d6634a20 Exception <a 'sun/nio/fs/WindowsException'{0x00000000f42de0e8}> (0x00000000f42de0e8) 
thrown [s\src\hotspot\share\prims\jni.cpp, line 516]
Event: 21.295 Thread 0x00000224d6634a20 Exception <a 'sun/nio/fs/WindowsException'{0x00000000f42de4c8}> (0x00000000f42de4c8) 
thrown [s\src\hotspot\share\prims\jni.cpp, line 516]
Event: 21.295 Thread 0x00000224d6634a20 Exception <a 'sun/nio/fs/WindowsException'{0x00000000f42df9e8}> (0x00000000f42df9e8) 
thrown [s\src\hotspot\share\prims\jni.cpp, line 516]
Event: 21.295 Thread 0x00000224d6634a20 Exception <a 'sun/nio/fs/WindowsException'{0x00000000f42dfde8}> (0x00000000f42dfde8) 
thrown [s\src\hotspot\share\prims\jni.cpp, line 516]
Event: 21.295 Thread 0x00000224d6634a20 Exception <a 'sun/nio/fs/WindowsException'{0x00000000f42fb678}> (0x00000000f42fb678) 
thrown [s\src\hotspot\share\prims\jni.cpp, line 516]
Event: 21.295 Thread 0x00000224d6634a20 Exception <a 'sun/nio/fs/WindowsException'{0x00000000f42fbab8}> (0x00000000f42fbab8) 
thrown [s\src\hotspot\share\prims\jni.cpp, line 516]
Event: 21.295 Thread 0x00000224d6634a20 Exception <a 'sun/nio/fs/WindowsException'{0x00000000f42fd038}> (0x00000000f42fd038) 
thrown [s\src\hotspot\share\prims\jni.cpp, line 516]
Event: 21.295 Thread 0x00000224d6634a20 Exception <a 'sun/nio/fs/WindowsException'{0x00000000f42fd498}> (0x00000000f42fd498) 
thrown [s\src\hotspot\share\prims\jni.cpp, line 516]
Event: 21.295 Thread 0x00000224d6634a20 Exception <a 'sun/nio/fs/WindowsException'{0x00000000f4102180}> (0x00000000f4102180) 
thrown [s\src\hotspot\share\prims\jni.cpp, line 516]
Event: 21.295 Thread 0x00000224d6634a20 Exception <a 'sun/nio/fs/WindowsException'{0x00000000f41025a0}> (0x00000000f41025a0) 
thrown [s\src\hotspot\share\prims\jni.cpp, line 516]
Event: 21.296 Thread 0x00000224d6634a20 Exception <a 'sun/nio/fs/WindowsException'{0x00000000f4103b08}> (0x00000000f4103b08) 
thrown [s\src\hotspot\share\prims\jni.cpp, line 516]
Event: 21.296 Thread 0x00000224d6634a20 Exception <a 'sun/nio/fs/WindowsException'{0x00000000f4103f50}> (0x00000000f4103f50) 
thrown [s\src\hotspot\share\prims\jni.cpp, line 516]
Event: 53.915 Thread 0x00000224d649f060 Exception <a 'java/lang/NoSuchMethodError'{0x00000000f3582c60}: 'void java.lang.invoke.DirectMethodHandle$Holder.invokeStatic(java.lang.Object, long)'> (0x00000000f3582c60) 
thrown [s\src\hotspot\share\interpreter\linkResolver.cpp, line 759]
Event: 53.916 Thread 0x00000224d649f060 Exception <a 'java/lang/NoSuchMethodError'{0x00000000f3588010}: 'java.lang.Object java.lang.invoke.DirectMethodHandle$Holder.newInvokeSpecial(java.lang.Object, long)'> (0x00000000f3588010) 
thrown [s\src\hotspot\share\interpreter\linkResolver.cpp, line 759]

VM Operations (20 events):
Event: 1231.262 Executing VM operation: G1CollectFull done
Event: 1241.367 Executing VM operation: G1CollectFull
Event: 1241.405 Executing VM operation: G1CollectFull done
Event: 1251.522 Executing VM operation: G1CollectFull
Event: 1251.558 Executing VM operation: G1CollectFull done
Event: 1261.681 Executing VM operation: G1CollectFull
Event: 1261.717 Executing VM operation: G1CollectFull done
Event: 1271.843 Executing VM operation: G1CollectFull
Event: 1271.884 Executing VM operation: G1CollectFull done
Event: 1281.999 Executing VM operation: G1CollectFull
Event: 1282.037 Executing VM operation: G1CollectFull done
Event: 1292.153 Executing VM operation: G1CollectFull
Event: 1292.190 Executing VM operation: G1CollectFull done
Event: 1302.308 Executing VM operation: G1CollectFull
Event: 1302.349 Executing VM operation: G1CollectFull done
Event: 1312.467 Executing VM operation: G1CollectFull
Event: 1312.506 Executing VM operation: G1CollectFull done
Event: 1322.619 Executing VM operation: G1CollectFull
Event: 1322.664 Executing VM operation: G1CollectFull done
Event: 1333.712 Executing VM operation: G1CollectFull

Events (20 events):
Event: 91.805 Thread 0x00000224d65454d0 Thread added: 0x00000224d65454d0
Event: 122.691 Thread 0x00000224e0a4a880 Thread added: 0x00000224e0a4a880
Event: 127.704 Thread 0x00000224e0a4a880 Thread exited: 0x00000224e0a4a880
Event: 137.844 Thread 0x00000224d6636700 Thread exited: 0x00000224d6636700
Event: 197.859 Thread 0x00000224d663a0c0 Thread exited: 0x00000224d663a0c0
Event: 257.864 Thread 0x00000224d6637a40 Thread exited: 0x00000224d6637a40
Event: 317.875 Thread 0x00000224d663bda0 Thread exited: 0x00000224d663bda0
Event: 540.800 Thread 0x00000224d65454d0 Thread exited: 0x00000224d65454d0
Event: 546.207 Thread 0x00000224d6545e70 Thread added: 0x00000224d6545e70
Event: 698.836 Thread 0x00000224d090a180 Thread added: 0x00000224d090a180
Event: 698.836 Thread 0x00000224d7146350 Thread added: 0x00000224d7146350
Event: 698.836 Thread 0x00000224d71471e0 Thread added: 0x00000224d71471e0
Event: 703.850 Thread 0x00000224d71471e0 Thread exited: 0x00000224d71471e0
Event: 703.850 Thread 0x00000224d7146350 Thread exited: 0x00000224d7146350
Event: 708.858 Thread 0x00000224d090a180 Thread exited: 0x00000224d090a180
Event: 804.972 Thread 0x00000224d6545e70 Thread exited: 0x00000224d6545e70
Event: 900.205 Thread 0x00000224d6544b30 Thread added: 0x00000224d6544b30
Event: 977.995 Thread 0x00000224d6544b30 Thread exited: 0x00000224d6544b30
Event: 1087.800 Thread 0x00000224d6545e70 Thread added: 0x00000224d6545e70
Event: 1162.946 Thread 0x00000224d6545e70 Thread exited: 0x00000224d6545e70


Dynamic libraries:
0x00007ff6b7510000 - 0x00007ff6b751e000 	c:\Users\khami\.vscode\extensions\redhat.java-1.20.0-win32-x64\jre\17.0.7-win32-x86_64\bin\java.exe
0x00007ffc8f6e0000 - 0x00007ffc8f90b000 	C:\WINDOWS\SYSTEM32\ntdll.dll
0x00007ffc8e4c0000 - 0x00007ffc8e586000 	C:\WINDOWS\System32\KERNEL32.DLL
0x00007ffc8cc50000 - 0x00007ffc8cfae000 	C:\WINDOWS\System32\KERNELBASE.dll
0x00007ffc8cb10000 - 0x00007ffc8cc43000 	C:\WINDOWS\System32\ucrtbase.dll
0x00007ffc7b580000 - 0x00007ffc7b597000 	c:\Users\khami\.vscode\extensions\redhat.java-1.20.0-win32-x64\jre\17.0.7-win32-x86_64\bin\jli.dll
0x00007ffc8f2f0000 - 0x00007ffc8f4a1000 	C:\WINDOWS\System32\USER32.dll
0x00007ffc8d320000 - 0x00007ffc8d347000 	C:\WINDOWS\System32\win32u.dll
0x00007ffc8d550000 - 0x00007ffc8d579000 	C:\WINDOWS\System32\GDI32.dll
0x00007ffc8d1f0000 - 0x00007ffc8d30f000 	C:\WINDOWS\System32\gdi32full.dll
0x00007ffc8d140000 - 0x00007ffc8d1e5000 	C:\WINDOWS\System32\msvcp_win.dll
0x00007ffc761e0000 - 0x00007ffc761f9000 	c:\Users\khami\.vscode\extensions\redhat.java-1.20.0-win32-x64\jre\17.0.7-win32-x86_64\bin\VCRUNTIME140.dll
0x00007ffc6d660000 - 0x00007ffc6d8f1000 	C:\WINDOWS\WinSxS\amd64_microsoft.windows.common-controls_6595b64144ccf1df_6.0.25905.1000_none_87b90b8fab340372\COMCTL32.dll
0x00007ffc8dcf0000 - 0x00007ffc8dd97000 	C:\WINDOWS\System32\msvcrt.dll
0x00007ffc8e590000 - 0x00007ffc8e5c0000 	C:\WINDOWS\System32\IMM32.DLL
0x00007ffc88240000 - 0x00007ffc8824c000 	c:\Users\khami\.vscode\extensions\redhat.java-1.20.0-win32-x64\jre\17.0.7-win32-x86_64\bin\vcruntime140_1.dll
0x00007ffc51080000 - 0x00007ffc51111000 	c:\Users\khami\.vscode\extensions\redhat.java-1.20.0-win32-x64\jre\17.0.7-win32-x86_64\bin\msvcp140.dll
0x00007ffc02020000 - 0x00007ffc02c68000 	c:\Users\khami\.vscode\extensions\redhat.java-1.20.0-win32-x64\jre\17.0.7-win32-x86_64\bin\server\jvm.dll
0x00007ffc8d580000 - 0x00007ffc8d630000 	C:\WINDOWS\System32\ADVAPI32.dll
0x00007ffc8f240000 - 0x00007ffc8f2e0000 	C:\WINDOWS\System32\sechost.dll
0x00007ffc8f570000 - 0x00007ffc8f695000 	C:\WINDOWS\System32\RPCRT4.dll
0x00007ffc87570000 - 0x00007ffc87579000 	C:\WINDOWS\SYSTEM32\WSOCK32.dll
0x00007ffc8e220000 - 0x00007ffc8e293000 	C:\WINDOWS\System32\WS2_32.dll
0x00007ffc85f10000 - 0x00007ffc85f44000 	C:\WINDOWS\SYSTEM32\WINMM.dll
0x00007ffc85780000 - 0x00007ffc8578a000 	C:\WINDOWS\SYSTEM32\VERSION.dll
0x00007ffc8b970000 - 0x00007ffc8b988000 	C:\WINDOWS\SYSTEM32\kernel.appcore.dll
0x00007ffc87500000 - 0x00007ffc8750a000 	c:\Users\khami\.vscode\extensions\redhat.java-1.20.0-win32-x64\jre\17.0.7-win32-x86_64\bin\jimage.dll
0x00007ffc8a330000 - 0x00007ffc8a565000 	C:\WINDOWS\SYSTEM32\DBGHELP.DLL
0x00007ffc8eec0000 - 0x00007ffc8f23b000 	C:\WINDOWS\System32\combase.dll
0x00007ffc8d9e0000 - 0x00007ffc8dab5000 	C:\WINDOWS\System32\OLEAUT32.dll
0x00007ffc6b0e0000 - 0x00007ffc6b118000 	C:\WINDOWS\SYSTEM32\dbgcore.DLL
0x00007ffc8d350000 - 0x00007ffc8d3d1000 	C:\WINDOWS\System32\bcryptPrimitives.dll
0x00007ffc51fd0000 - 0x00007ffc51ff5000 	c:\Users\khami\.vscode\extensions\redhat.java-1.20.0-win32-x64\jre\17.0.7-win32-x86_64\bin\java.dll
0x00007ffc76180000 - 0x00007ffc76198000 	c:\Users\khami\.vscode\extensions\redhat.java-1.20.0-win32-x64\jre\17.0.7-win32-x86_64\bin\zip.dll
0x00007ffc8e660000 - 0x00007ffc8edd3000 	C:\WINDOWS\System32\SHELL32.dll
0x00007ffc8a8b0000 - 0x00007ffc8b102000 	C:\WINDOWS\SYSTEM32\windows.storage.dll
0x00007ffc8dac0000 - 0x00007ffc8db93000 	C:\WINDOWS\System32\SHCORE.dll
0x00007ffc8d980000 - 0x00007ffc8d9dc000 	C:\WINDOWS\System32\shlwapi.dll
0x00007ffc8ca40000 - 0x00007ffc8ca63000 	C:\WINDOWS\SYSTEM32\profapi.dll
0x00007ffc6e630000 - 0x00007ffc6e649000 	C:\Users\khami\.vscode\extensions\redhat.java-1.20.0-win32-x64\jre\17.0.7-win32-x86_64\bin\net.dll
0x00007ffc85ab0000 - 0x00007ffc85bcb000 	C:\WINDOWS\SYSTEM32\WINHTTP.dll
0x00007ffc8be30000 - 0x00007ffc8be98000 	C:\WINDOWS\system32\mswsock.dll
0x00007ffc587c0000 - 0x00007ffc587d5000 	C:\Users\khami\.vscode\extensions\redhat.java-1.20.0-win32-x64\jre\17.0.7-win32-x86_64\bin\nio.dll
0x00007ffc8c0d0000 - 0x00007ffc8c0eb000 	C:\WINDOWS\SYSTEM32\CRYPTSP.dll
0x00007ffc8b8d0000 - 0x00007ffc8b907000 	C:\WINDOWS\system32\rsaenh.dll
0x00007ffc8bf60000 - 0x00007ffc8bf8a000 	C:\WINDOWS\SYSTEM32\USERENV.dll
0x00007ffc8c320000 - 0x00007ffc8c348000 	C:\WINDOWS\SYSTEM32\bcrypt.dll
0x00007ffc8c0f0000 - 0x00007ffc8c0fc000 	C:\WINDOWS\SYSTEM32\CRYPTBASE.dll
0x00007ffc8b390000 - 0x00007ffc8b3bf000 	C:\WINDOWS\SYSTEM32\IPHLPAPI.DLL
0x00007ffc8e4b0000 - 0x00007ffc8e4ba000 	C:\WINDOWS\System32\NSI.dll
0x00007ffc85a90000 - 0x00007ffc85aa9000 	C:\WINDOWS\SYSTEM32\dhcpcsvc6.DLL
0x00007ffc85a00000 - 0x00007ffc85a1f000 	C:\WINDOWS\SYSTEM32\dhcpcsvc.DLL
0x00007ffc8b410000 - 0x00007ffc8b51f000 	C:\WINDOWS\SYSTEM32\DNSAPI.dll
0x00007ffc55a40000 - 0x00007ffc55a49000 	C:\Users\khami\.vscode\extensions\redhat.java-1.20.0-win32-x64\jre\17.0.7-win32-x86_64\bin\management.dll
0x00007ffc55570000 - 0x00007ffc5557b000 	C:\Users\khami\.vscode\extensions\redhat.java-1.20.0-win32-x64\jre\17.0.7-win32-x86_64\bin\management_ext.dll
0x00007ffc8f560000 - 0x00007ffc8f568000 	C:\WINDOWS\System32\PSAPI.DLL
0x00007ffc52f40000 - 0x00007ffc52f4e000 	C:\Users\khami\.vscode\extensions\redhat.java-1.20.0-win32-x64\jre\17.0.7-win32-x86_64\bin\sunmscapi.dll
0x00007ffc8cfc0000 - 0x00007ffc8d134000 	C:\WINDOWS\System32\CRYPT32.dll
0x00007ffc8c2e0000 - 0x00007ffc8c311000 	C:\WINDOWS\SYSTEM32\ncrypt.dll
0x00007ffc8c290000 - 0x00007ffc8c2ce000 	C:\WINDOWS\SYSTEM32\NTASN1.dll
0x00007ffc7b600000 - 0x00007ffc7b60a000 	C:\Windows\System32\rasadhlp.dll
0x00007ffc84cc0000 - 0x00007ffc84d42000 	C:\WINDOWS\System32\fwpuclnt.dll
0x000000006c500000 - 0x000000006c5c7000 	C:\Users\khami\AppData\Local\Temp\snappy-1.1.8-91bd12fa-548d-4bae-bb28-366fbd8dfc85-snappyjava.dll
0x00007ffc86d10000 - 0x00007ffc86d20000 	c:\Users\khami\.vscode\extensions\redhat.java-1.20.0-win32-x64\jre\17.0.7-win32-x86_64\bin\verify.dll

dbghelp: loaded successfully - version: 4.0.5 - missing functions: none
symbol engine: initialized successfully - sym options: 0x614 - pdb path: .;c:\Users\khami\.vscode\extensions\redhat.java-1.20.0-win32-x64\jre\17.0.7-win32-x86_64\bin;C:\WINDOWS\SYSTEM32;C:\WINDOWS\WinSxS\amd64_microsoft.windows.common-controls_6595b64144ccf1df_6.0.25905.1000_none_87b90b8fab340372;c:\Users\khami\.vscode\extensions\redhat.java-1.20.0-win32-x64\jre\17.0.7-win32-x86_64\bin\server;C:\Users\khami\AppData\Local\Temp

VM Arguments:
jvm_args: -XX:+HeapDumpOnOutOfMemoryError -Xmx1024m -Dsts.lsp.client=vscode -Dsts.log.file=/dev/null -XX:TieredStopAtLevel=1 -Xlog:jni+resolve=off -Dspring.config.location=file:c:\Users\khami\.vscode\extensions\vmware.vscode-spring-boot-1.47.0\language-server\BOOT-INF\classes\application.properties 
java_command: org.springframework.ide.vscode.boot.app.BootLanguageServerBootApp
java_class_path (initial): c:\Users\khami\.vscode\extensions\vmware.vscode-spring-boot-1.47.0\language-server\BOOT-INF\classes;c:\Users\khami\.vscode\extensions\vmware.vscode-spring-boot-1.47.0\language-server\BOOT-INF\lib\annotations-24.0.1.jar;c:\Users\khami\.vscode\extensions\vmware.vscode-spring-boot-1.47.0\language-server\BOOT-INF\lib\antlr-runtime-3.5.3.jar;c:\Users\khami\.vscode\extensions\vmware.vscode-spring-boot-1.47.0\language-server\BOOT-INF\lib\antlr4-4.11.1.jar;c:\Users\khami\.vscode\extensions\vmware.vscode-spring-boot-1.47.0\language-server\BOOT-INF\lib\antlr4-runtime-4.11.1.jar;c:\Users\khami\.vscode\extensions\vmware.vscode-spring-boot-1.47.0\language-server\BOOT-INF\lib\aopalliance-1.0.jar;c:\Users\khami\.vscode\extensions\vmware.vscode-spring-boot-1.47.0\language-server\BOOT-INF\lib\asm-9.5.jar;c:\Users\khami\.vscode\extensions\vmware.vscode-spring-boot-1.47.0\language-server\BOOT-INF\lib\asm-analysis-9.5.jar;c:\Users\khami\.vscode\extensions\vmware.vscode-spring-boot-1.47.0\language-server\BOOT-INF\lib\asm-tree-9.5.jar;c:\Users\khami\.vscode\extensions\vmware.vscode-spring-boot-1.47.0\language-server\BOOT-INF\lib\asm-util-9.5.jar;c:\Users\khami\.vscode\extensions\vmware.vscode-spring-boot-1.47.0\language-server\BOOT-INF\lib\auto-common-1.2.1.jar;c:\Users\khami\.vscode\extensions\vmware.vscode-spring-boot-1.47.0\language-server\BOOT-INF\lib\auto-value-annotations-1.9.jar;c:\Users\khami\.vscode\extensions\vmware.vscode-spring-boot-1.47.0\language-server\BOOT-INF\lib\caffeine-3.1.2.jar;c:\Users\khami\.vscode\extensions\vmware.vscode-spring-boot-1.47.0\language-server\BOOT-INF\lib\checker-qual-3.12.0.jar;c:\Users\khami\.vscode\extensions\vmware.vscode-spring-boot-1.47.0\language-server\BOOT-INF\lib\classgraph-4.8.149.jar;c:\Users\khami\.vscode\extensions\vmware.vscode-spring-boot-1.47.0\language-server\BOOT-INF\lib\commons-codec-1.15.jar;c:\Users\khami\.vscode\extensions\vmware.vscode-spring-boot-1.47.0\language-server\BOOT-INF\lib\commons-compres
Launcher Type: SUN_STANDARD

[Global flags]
     intx CICompilerCount                          = 4                                         {product} {ergonomic}
     uint ConcGCThreads                            = 3                                         {product} {ergonomic}
     uint G1ConcRefinementThreads                  = 10                                        {product} {ergonomic}
   size_t G1HeapRegionSize                         = 1048576                                   {product} {ergonomic}
    uintx GCDrainStackTargetSize                   = 64                                        {product} {ergonomic}
     bool HeapDumpOnOutOfMemoryError               = true                                   {manageable} {command line}
   size_t InitialHeapSize                          = 266338304                                 {product} {ergonomic}
   size_t MarkStackSize                            = 4194304                                   {product} {ergonomic}
   size_t MaxHeapSize                              = 1073741824                                {product} {command line}
   size_t MaxNewSize                               = 643825664                                 {product} {ergonomic}
   size_t MinHeapDeltaBytes                        = 1048576                                   {product} {ergonomic}
   size_t MinHeapSize                              = 8388608                                   {product} {ergonomic}
    uintx NonProfiledCodeHeapSize                  = 0                                      {pd product} {ergonomic}
     bool ProfileInterpreter                       = false                                  {pd product} {command line}
    uintx ProfiledCodeHeapSize                     = 0                                      {pd product} {ergonomic}
   size_t SoftMaxHeapSize                          = 1073741824                             {manageable} {ergonomic}
     intx TieredStopAtLevel                        = 1                                         {product} {command line}
     bool UseCompressedClassPointers               = true                           {product lp64_product} {ergonomic}
     bool UseCompressedOops                        = true                           {product lp64_product} {ergonomic}
     bool UseG1GC                                  = true                                      {product} {ergonomic}
     bool UseLargePagesIndividualAllocation        = false                                  {pd product} {ergonomic}

Logging:
Log output configuration:
 #0: stdout all=warning,jni+resolve=off uptime,level,tags
 #1: stderr all=off uptime,level,tags

Environment Variables:
JAVA_HOME=C:\Program Files\Eclipse Adoptium\jdk-11.0.19.7-hotspot\
PATH=C:\Program Files\Eclipse Adoptium\jdk-11.0.19.7-hotspot\bin;C:\Program Files\Java\jdk-11\bin;C:\Program Files\Common Files\Oracle\Java\javapath;C:\Program Files (x86)\Common Files\Oracle\Java\javapath;C:\Program Files\Microsoft\jdk-11.0.16.101-hotspot\bin;C:\Program Files\Eclipse Adoptium\jdk-8.0.362.9-hotspot\bin;C:\ProgramData\Oracle\Java\javapath;C:\Program Files\Microsoft MPI\Bin\;C:\windows\system32;C:\windows;C:\windows\System32\Wbem;C:\windows\System32\WindowsPowerShell\v1.0\;C:\windows\System32\OpenSSH\;C:\Program Files (x86)\NVIDIA Corporation\PhysX\Common;C:\Program Files\NVIDIA Corporation\NVIDIA NvDLISR;C:\WINDOWS\system32;C:\WINDOWS;C:\WINDOWS\System32\Wbem;C:\WINDOWS\System32\WindowsPowerShell\v1.0\;C:\WINDOWS\System32\OpenSSH\;C:\TDM-GCC-64\bin;C:\Program Files\Microsoft SQL Server\Client SDK\ODBC\170\Tools\Binn\;C:\Program Files (x86)\Microsoft SQL Server\150\Tools\Binn\;C:\Program Files\Microsoft SQL Server\150\Tools\Binn\;C:\Program Files\Microsoft SQL Server\150\DTS\Binn\;C:\Program Files (x86)\Microsoft SQL Server\150\DTS\Binn\;C:\Program Files\dotnet\;C:\Program Files\Git\cmd;C:\Program Files\Calibre2\;C:\Program Files\Cloudflare\Cloudflare WARP\;C:\Program Files\MySQL\MySQL Shell 8.0\bin\;C:\Users\khami\AppData\Local\Microsoft\WindowsApps;C:\Users\khami\AppData\Local\Programs\Microsoft VS Code\bin;;C:\Program Files\Azure Data Studio\bin;C:\Users\khami\.dotnet\tools
USERNAME=khami
OS=Windows_NT
PROCESSOR_IDENTIFIER=Intel64 Family 6 Model 165 Stepping 2, GenuineIntel
TMP=C:\Users\khami\AppData\Local\Temp
TEMP=C:\Users\khami\AppData\Local\Temp



---------------  S Y S T E M  ---------------

OS:
 Windows 11 , 64 bit Build 25905 (10.0.25905.1000)
OS uptime: 0 days 7:02 hours
Hyper-V role detected

CPU: total 12 (initial active 12) (6 cores per cpu, 2 threads per core) family 6 model 165 stepping 2 microcode 0xf0, cx8, cmov, fxsr, ht, mmx, 3dnowpref, sse, sse2, sse3, ssse3, sse4.1, sse4.2, popcnt, lzcnt, tsc, tscinvbit, avx, avx2, aes, erms, clmul, bmi1, bmi2, adx, fma, vzeroupper, clflush, clflushopt, hv

Memory: 4k page, system-wide physical 16160M (4764M free)
TotalPageFile size 16160M (AvailPageFile size 5M)
current process WorkingSet (physical memory assigned to process): 531M, peak: 1287M
current process commit charge ("private bytes"): 536M, peak: 1281M

vm_info: OpenJDK 64-Bit Server VM (17.0.7+7) for windows-amd64 JRE (17.0.7+7), built on Apr 18 2023 22:10:42 by "temurin" with MS VC++ 16.7 (VS2019)

END.
