#
# There is insufficient memory for the Java Runtime Environment to continue.
# Native memory allocation (malloc) failed to allocate 544016 bytes for Chunk::new
# Possible reasons:
#   The system is out of physical RAM or swap space
#   The process is running with CompressedOops enabled, and the Java Heap may be blocking the growth of the native heap
# Possible solutions:
#   Reduce memory load on the system
#   Increase physical memory or swap space
#   Check if swap backing store is full
#   Decrease Java heap size (-Xmx/-Xms)
#   Decrease number of Java threads
#   Decrease Java thread stack sizes (-Xss)
#   Set larger code cache with -XX:ReservedCodeCacheSize=
#   JVM is running with Zero Based Compressed Oops mode in which the Java heap is
#     placed in the first 32GB address space. The Java Heap base address is the
#     maximum limit for the native heap growth. Please use -XX:HeapBaseMinAddress
#     to set the Java Heap base and to place the Java Heap above 32GB virtual address.
# This output file may be truncated or incomplete.
#
#  Out of Memory Error (./open/src/hotspot/share/memory/arena.cpp:197), pid=8428, tid=30936
#
# JRE version: Java(TM) SE Runtime Environment 18.9 (11.0.18+9) (build 11.0.18+9-LTS-195)
# Java VM: Java HotSpot(TM) 64-Bit Server VM 18.9 (11.0.18+9-LTS-195, mixed mode, tiered, compressed oops, g1 gc, windows-amd64)
# No core dump will be written. Minidumps are not enabled by default on client versions of Windows
#

---------------  S U M M A R Y ------------

Command Line: -agentlib:jdwp=transport=dt_socket,server=n,suspend=y,address=localhost:50794 -Dspring.jmx.enabled=true -Dmanagement.endpoints.jmx.exposure.include=* -Dspring.application.admin.enabled=true -Dspring.boot.project.name=onlinelearning -Djava.rmi.server.hostname=localhost group5.swp391.onlinelearning.MainApp

Host: AMD Ryzen 5 2600 Six-Core Processor            , 12 cores, 15G,  Windows 10 , 64 bit Build 19041 (10.0.19041.3155)
Time: Fri Jul 21 00:00:26 2023 SE Asia Standard Time elapsed time: 8.724138 seconds (0d 0h 0m 8s)

---------------  T H R E A D  ---------------

Current thread (0x0000023906196000):  JavaThread "C2 CompilerThread2" daemon [_thread_in_native, id=30936, stack(0x000000642b700000,0x000000642b800000)]


Current CompileTask:
C2:   8724 6466       4       org.springframework.core.annotation.TypeMappedAnnotations::get (52 bytes)

Stack: [0x000000642b700000,0x000000642b800000]
Native frames: (J=compiled Java code, j=interpreted, Vv=VM code, C=native code)
V  [jvm.dll+0x65d8aa]
V  [jvm.dll+0x79fc1f]
V  [jvm.dll+0x7a12e9]
V  [jvm.dll+0x7a1983]
V  [jvm.dll+0x2585b5]
V  [jvm.dll+0xb284c]
V  [jvm.dll+0xb2e0c]
V  [jvm.dll+0x365e21]
V  [jvm.dll+0x1a20e4]
V  [jvm.dll+0x2114fd]
V  [jvm.dll+0x210378]
V  [jvm.dll+0x18c641]
V  [jvm.dll+0x220609]
V  [jvm.dll+0x21e92c]
V  [jvm.dll+0x763f61]
V  [jvm.dll+0x75c924]
V  [jvm.dll+0x65c755]
C  [ucrtbase.dll+0x21bb2]
C  [KERNEL32.DLL+0x17614]
C  [ntdll.dll+0x526b1]


---------------  P R O C E S S  ---------------

Threads class SMR info:
_java_thread_list=0x000002390ed2e660, length=27, elements={
0x0000023961aa9800, 0x0000023904c63000, 0x0000023904c65800, 0x0000023905532000,
0x0000023905532800, 0x0000023905534000, 0x0000023905537000, 0x000002390553b800,
0x000002390558d000, 0x000002390574d800, 0x0000023905751000, 0x0000023905751800,
0x0000023905771000, 0x0000023905e26800, 0x0000023906196000, 0x0000023906953000,
0x0000023906b24000, 0x0000023906b22800, 0x0000023906b76800, 0x0000023906b50800,
0x0000023906ac2800, 0x000002390f13a800, 0x000002390feda000, 0x0000023906d26000,
0x000002390735e800, 0x0000023913cea800, 0x0000023913ce9800
}

Java Threads: ( => current thread )
  0x0000023961aa9800 JavaThread "main" [_thread_blocked, id=10692, stack(0x000000642a200000,0x000000642a300000)]
  0x0000023904c63000 JavaThread "Reference Handler" daemon [_thread_blocked, id=1052, stack(0x000000642a900000,0x000000642aa00000)]
  0x0000023904c65800 JavaThread "Finalizer" daemon [_thread_blocked, id=28516, stack(0x000000642aa00000,0x000000642ab00000)]
  0x0000023905532000 JavaThread "Signal Dispatcher" daemon [_thread_blocked, id=31660, stack(0x000000642ab00000,0x000000642ac00000)]
  0x0000023905532800 JavaThread "Attach Listener" daemon [_thread_blocked, id=24540, stack(0x000000642ac00000,0x000000642ad00000)]
  0x0000023905534000 JavaThread "Service Thread" daemon [_thread_blocked, id=12308, stack(0x000000642ad00000,0x000000642ae00000)]
  0x0000023905537000 JavaThread "C2 CompilerThread0" daemon [_thread_in_native, id=1040, stack(0x000000642ae00000,0x000000642af00000)]
  0x000002390553b800 JavaThread "C1 CompilerThread0" daemon [_thread_blocked, id=25532, stack(0x000000642af00000,0x000000642b000000)]
  0x000002390558d000 JavaThread "Sweeper thread" daemon [_thread_blocked, id=19460, stack(0x000000642b000000,0x000000642b100000)]
  0x000002390574d800 JavaThread "JDWP Transport Listener: dt_socket" daemon [_thread_blocked, id=2860, stack(0x000000642b100000,0x000000642b200000)]
  0x0000023905751000 JavaThread "JDWP Event Helper Thread" daemon [_thread_blocked, id=25508, stack(0x000000642b200000,0x000000642b300000)]
  0x0000023905751800 JavaThread "JDWP Command Reader" daemon [_thread_in_native, id=10264, stack(0x000000642b300000,0x000000642b400000)]
  0x0000023905771000 JavaThread "Common-Cleaner" daemon [_thread_blocked, id=1268, stack(0x000000642b500000,0x000000642b600000)]
  0x0000023905e26800 JavaThread "C2 CompilerThread1" daemon [_thread_in_native, id=14252, stack(0x000000642b600000,0x000000642b700000)]
=>0x0000023906196000 JavaThread "C2 CompilerThread2" daemon [_thread_in_native, id=30936, stack(0x000000642b700000,0x000000642b800000)]
  0x0000023906953000 JavaThread "RMI TCP Accept-0" daemon [_thread_in_native, id=2924, stack(0x000000642be00000,0x000000642bf00000)]
  0x0000023906b24000 JavaThread "RMI TCP Connection(1)-127.0.0.1" daemon [_thread_in_native, id=22812, stack(0x000000642bf00000,0x000000642c000000)]
  0x0000023906b22800 JavaThread "Thread-0" [_thread_blocked, id=18232, stack(0x000000642c000000,0x000000642c100000)]
  0x0000023906b76800 JavaThread "restartedMain" [_thread_blocked, id=8756, stack(0x000000642c100000,0x000000642c200000)]
  0x0000023906b50800 JavaThread "RMI Scheduler(0)" daemon [_thread_blocked, id=14180, stack(0x000000642c200000,0x000000642c300000)]
  0x0000023906ac2800 JavaThread "JMX server connection timeout 23" daemon [_thread_blocked, id=8528, stack(0x000000642c300000,0x000000642c400000)]
  0x000002390f13a800 JavaThread "mysql-cj-abandoned-connection-cleanup" daemon [_thread_blocked, id=24748, stack(0x000000642c600000,0x000000642c700000)]
  0x000002390feda000 JavaThread "Catalina-utility-1" [_thread_blocked, id=1260, stack(0x000000642c900000,0x000000642ca00000)]
  0x0000023906d26000 JavaThread "Catalina-utility-2" [_thread_blocked, id=22956, stack(0x000000642ca00000,0x000000642cb00000)]
  0x000002390735e800 JavaThread "container-0" [_thread_blocked, id=19104, stack(0x000000642cb00000,0x000000642cc00000)]
  0x0000023913cea800 JavaThread "HikariPool-1 housekeeper" daemon [_thread_blocked, id=2288, stack(0x000000642cf00000,0x000000642d000000)]
  0x0000023913ce9800 JavaThread "HikariPool-1 connection adder" daemon [_thread_blocked, id=10584, stack(0x000000642d000000,0x000000642d100000)]

Other Threads:
  0x0000023904c62800 VMThread "VM Thread" [stack: 0x000000642a800000,0x000000642a900000] [id=31416]
  0x0000023905766000 WatcherThread [stack: 0x000000642b400000,0x000000642b500000] [id=20784]
  0x0000023961abf800 GCTaskThread "GC Thread#0" [stack: 0x000000642a300000,0x000000642a400000] [id=31096]
  0x00000239065c1800 GCTaskThread "GC Thread#1" [stack: 0x000000642b800000,0x000000642b900000] [id=13056]
  0x00000239068fa800 GCTaskThread "GC Thread#2" [stack: 0x000000642b900000,0x000000642ba00000] [id=13984]
  0x00000239068fb000 GCTaskThread "GC Thread#3" [stack: 0x000000642ba00000,0x000000642bb00000] [id=22252]
  0x0000023906900000 GCTaskThread "GC Thread#4" [stack: 0x000000642bb00000,0x000000642bc00000] [id=28524]
  0x0000023906901000 GCTaskThread "GC Thread#5" [stack: 0x000000642bc00000,0x000000642bd00000] [id=30892]
  0x0000023906dc9000 GCTaskThread "GC Thread#6" [stack: 0x000000642c700000,0x000000642c800000] [id=29956]
  0x0000023906dc7000 GCTaskThread "GC Thread#7" [stack: 0x000000642c800000,0x000000642c900000] [id=31396]
  0x0000023906dc4800 GCTaskThread "GC Thread#8" [stack: 0x000000642cc00000,0x000000642cd00000] [id=27708]
  0x0000023906dc6000 GCTaskThread "GC Thread#9" [stack: 0x000000642cd00000,0x000000642ce00000] [id=10452]
  0x0000023961b1e800 ConcurrentGCThread "G1 Main Marker" [stack: 0x000000642a400000,0x000000642a500000] [id=15916]
  0x0000023961b20000 ConcurrentGCThread "G1 Conc#0" [stack: 0x000000642a500000,0x000000642a600000] [id=16712]
  0x0000023906db3000 ConcurrentGCThread "G1 Conc#1" [stack: 0x000000642c400000,0x000000642c500000] [id=1272]
  0x0000023906dc5800 ConcurrentGCThread "G1 Conc#2" [stack: 0x000000642c500000,0x000000642c600000] [id=30884]
  0x0000023904b3e800 ConcurrentGCThread "G1 Refine#0" [stack: 0x000000642a600000,0x000000642a700000] [id=11676]
  0x00000239069de800 ConcurrentGCThread "G1 Refine#1" [stack: 0x000000642bd00000,0x000000642be00000] [id=26820]
  0x0000023904b43000 ConcurrentGCThread "G1 Young RemSet Sampling" [stack: 0x000000642a700000,0x000000642a800000] [id=25944]

Threads with active compile tasks:
C2 CompilerThread0     8773 6509   !   4       java.lang.reflect.Field::declaredAnnotations (82 bytes)
C2 CompilerThread1     8773 6914       4       org.springframework.core.annotation.AnnotationsScanner::getBaseTypeMethods (145 bytes)
C2 CompilerThread2     8773 6466       4       org.springframework.core.annotation.TypeMappedAnnotations::get (52 bytes)

VM state:not at safepoint (normal execution)

VM Mutex/Monitor currently owned by a thread: None

Heap address: 0x0000000700c00000, size: 4084 MB, Compressed Oops mode: Zero based, Oop shift amount: 3
Narrow klass base: 0x0000000800000000, Narrow klass shift: 0
Compressed class space size: 1073741824 Address: 0x0000000800000000

Heap:
 garbage-first heap   total 315392K, used 57064K [0x0000000700c00000, 0x0000000800000000)
  region size 1024K, 37 young (37888K), 11 survivors (11264K)
 Metaspace       used 70476K, capacity 72568K, committed 72832K, reserved 1112064K
  class space    used 8948K, capacity 9768K, committed 9856K, reserved 1048576K
Heap Regions: E=young(eden), S=young(survivor), O=old, HS=humongous(starts), HC=humongous(continues), CS=collection set, F=free, A=archive, TAMS=top-at-mark-start (previous, next)
|   0|0x0000000700c00000, 0x0000000700d00000, 0x0000000700d00000|100%|HS|  |TAMS 0x0000000700d00000, 0x0000000700c00000| Complete 
|   1|0x0000000700d00000, 0x0000000700e00000, 0x0000000700e00000|100%| O|  |TAMS 0x0000000700e00000, 0x0000000700d00000| Untracked 
|   2|0x0000000700e00000, 0x0000000700f00000, 0x0000000700f00000|100%| O|  |TAMS 0x0000000700f00000, 0x0000000700e00000| Untracked 
|   3|0x0000000700f00000, 0x0000000701000000, 0x0000000701000000|100%| O|  |TAMS 0x0000000701000000, 0x0000000700f00000| Untracked 
|   4|0x0000000701000000, 0x0000000701100000, 0x0000000701100000|100%| O|  |TAMS 0x0000000701100000, 0x0000000701000000| Untracked 
|   5|0x0000000701100000, 0x0000000701200000, 0x0000000701200000|100%| O|  |TAMS 0x0000000701200000, 0x0000000701100000| Untracked 
|   6|0x0000000701200000, 0x0000000701300000, 0x0000000701300000|100%| O|  |TAMS 0x0000000701300000, 0x0000000701200000| Untracked 
|   7|0x0000000701300000, 0x0000000701400000, 0x0000000701400000|100%| O|  |TAMS 0x0000000701400000, 0x0000000701300000| Untracked 
|   8|0x0000000701400000, 0x0000000701500000, 0x0000000701500000|100%| O|  |TAMS 0x0000000701500000, 0x0000000701400000| Untracked 
|   9|0x0000000701500000, 0x0000000701600000, 0x0000000701600000|100%| O|  |TAMS 0x0000000701600000, 0x0000000701500000| Untracked 
|  10|0x0000000701600000, 0x0000000701700000, 0x0000000701700000|100%| O|  |TAMS 0x00000007016fe600, 0x0000000701600000| Untracked 
|  11|0x0000000701700000, 0x0000000701800000, 0x0000000701800000|100%| O|  |TAMS 0x0000000701700000, 0x0000000701700000| Untracked 
|  12|0x0000000701800000, 0x0000000701900000, 0x0000000701900000|100%| O|  |TAMS 0x0000000701800000, 0x0000000701800000| Untracked 
|  13|0x0000000701900000, 0x0000000701a00000, 0x0000000701a00000|100%| O|  |TAMS 0x0000000701900000, 0x0000000701900000| Untracked 
|  14|0x0000000701a00000, 0x0000000701b00000, 0x0000000701b00000|100%| O|  |TAMS 0x0000000701a00000, 0x0000000701a00000| Untracked 
|  15|0x0000000701b00000, 0x0000000701c00000, 0x0000000701c00000|100%| O|  |TAMS 0x0000000701b00000, 0x0000000701b00000| Untracked 
|  16|0x0000000701c00000, 0x0000000701d00000, 0x0000000701d00000|100%| O|  |TAMS 0x0000000701c00000, 0x0000000701c00000| Untracked 
|  17|0x0000000701d00000, 0x0000000701e00000, 0x0000000701e00000|100%| O|  |TAMS 0x0000000701d00000, 0x0000000701d00000| Untracked 
|  18|0x0000000701e00000, 0x0000000701f00000, 0x0000000701f00000|100%| O|  |TAMS 0x0000000701e00000, 0x0000000701e00000| Untracked 
|  19|0x0000000701f00000, 0x0000000702000000, 0x0000000702000000|100%| O|  |TAMS 0x0000000701f00000, 0x0000000701f00000| Untracked 
|  20|0x0000000702000000, 0x0000000702078c00, 0x0000000702100000| 47%| O|  |TAMS 0x0000000702000000, 0x0000000702000000| Untracked 
|  21|0x0000000702100000, 0x0000000702100000, 0x0000000702200000|  0%| F|  |TAMS 0x0000000702100000, 0x0000000702100000| Untracked 
|  22|0x0000000702200000, 0x0000000702200000, 0x0000000702300000|  0%| F|  |TAMS 0x0000000702200000, 0x0000000702200000| Untracked 
|  23|0x0000000702300000, 0x0000000702300000, 0x0000000702400000|  0%| F|  |TAMS 0x0000000702300000, 0x0000000702300000| Untracked 
|  24|0x0000000702400000, 0x0000000702400000, 0x0000000702500000|  0%| F|  |TAMS 0x0000000702400000, 0x0000000702400000| Untracked 
|  25|0x0000000702500000, 0x0000000702500000, 0x0000000702600000|  0%| F|  |TAMS 0x0000000702500000, 0x0000000702500000| Untracked 
|  26|0x0000000702600000, 0x0000000702600000, 0x0000000702700000|  0%| F|  |TAMS 0x0000000702600000, 0x0000000702600000| Untracked 
|  27|0x0000000702700000, 0x0000000702700000, 0x0000000702800000|  0%| F|  |TAMS 0x0000000702700000, 0x0000000702700000| Untracked 
|  28|0x0000000702800000, 0x0000000702800000, 0x0000000702900000|  0%| F|  |TAMS 0x0000000702800000, 0x0000000702800000| Untracked 
|  29|0x0000000702900000, 0x0000000702900000, 0x0000000702a00000|  0%| F|  |TAMS 0x0000000702900000, 0x0000000702900000| Untracked 
|  30|0x0000000702a00000, 0x0000000702a00000, 0x0000000702b00000|  0%| F|  |TAMS 0x0000000702a00000, 0x0000000702a00000| Untracked 
|  31|0x0000000702b00000, 0x0000000702b00000, 0x0000000702c00000|  0%| F|  |TAMS 0x0000000702b00000, 0x0000000702b00000| Untracked 
|  32|0x0000000702c00000, 0x0000000702c00000, 0x0000000702d00000|  0%| F|  |TAMS 0x0000000702c00000, 0x0000000702c00000| Untracked 
|  33|0x0000000702d00000, 0x0000000702d00000, 0x0000000702e00000|  0%| F|  |TAMS 0x0000000702d00000, 0x0000000702d00000| Untracked 
|  34|0x0000000702e00000, 0x0000000702e00000, 0x0000000702f00000|  0%| F|  |TAMS 0x0000000702e00000, 0x0000000702e00000| Untracked 
|  35|0x0000000702f00000, 0x0000000702f00000, 0x0000000703000000|  0%| F|  |TAMS 0x0000000702f00000, 0x0000000702f00000| Untracked 
|  36|0x0000000703000000, 0x0000000703000000, 0x0000000703100000|  0%| F|  |TAMS 0x0000000703000000, 0x0000000703000000| Untracked 
|  37|0x0000000703100000, 0x0000000703100000, 0x0000000703200000|  0%| F|  |TAMS 0x0000000703100000, 0x0000000703100000| Untracked 
|  38|0x0000000703200000, 0x0000000703200000, 0x0000000703300000|  0%| F|  |TAMS 0x0000000703200000, 0x0000000703200000| Untracked 
|  39|0x0000000703300000, 0x0000000703300000, 0x0000000703400000|  0%| F|  |TAMS 0x0000000703300000, 0x0000000703300000| Untracked 
|  40|0x0000000703400000, 0x0000000703400000, 0x0000000703500000|  0%| F|  |TAMS 0x0000000703400000, 0x0000000703400000| Untracked 
|  41|0x0000000703500000, 0x0000000703500000, 0x0000000703600000|  0%| F|  |TAMS 0x0000000703500000, 0x0000000703500000| Untracked 
|  42|0x0000000703600000, 0x0000000703600000, 0x0000000703700000|  0%| F|  |TAMS 0x0000000703600000, 0x0000000703600000| Untracked 
|  43|0x0000000703700000, 0x0000000703700000, 0x0000000703800000|  0%| F|  |TAMS 0x0000000703700000, 0x0000000703700000| Untracked 
|  44|0x0000000703800000, 0x0000000703800000, 0x0000000703900000|  0%| F|  |TAMS 0x0000000703800000, 0x0000000703800000| Untracked 
|  45|0x0000000703900000, 0x0000000703900000, 0x0000000703a00000|  0%| F|  |TAMS 0x0000000703900000, 0x0000000703900000| Untracked 
|  46|0x0000000703a00000, 0x0000000703a00000, 0x0000000703b00000|  0%| F|  |TAMS 0x0000000703a00000, 0x0000000703a00000| Untracked 
|  47|0x0000000703b00000, 0x0000000703b00000, 0x0000000703c00000|  0%| F|  |TAMS 0x0000000703b00000, 0x0000000703b00000| Untracked 
|  48|0x0000000703c00000, 0x0000000703c00000, 0x0000000703d00000|  0%| F|  |TAMS 0x0000000703c00000, 0x0000000703c00000| Untracked 
|  49|0x0000000703d00000, 0x0000000703d00000, 0x0000000703e00000|  0%| F|  |TAMS 0x0000000703d00000, 0x0000000703d00000| Untracked 
|  50|0x0000000703e00000, 0x0000000703e00000, 0x0000000703f00000|  0%| F|  |TAMS 0x0000000703e00000, 0x0000000703e00000| Untracked 
|  51|0x0000000703f00000, 0x0000000703f00000, 0x0000000704000000|  0%| F|  |TAMS 0x0000000703f00000, 0x0000000703f00000| Untracked 
|  52|0x0000000704000000, 0x0000000704000000, 0x0000000704100000|  0%| F|  |TAMS 0x0000000704000000, 0x0000000704000000| Untracked 
|  53|0x0000000704100000, 0x0000000704100000, 0x0000000704200000|  0%| F|  |TAMS 0x0000000704100000, 0x0000000704100000| Untracked 
|  54|0x0000000704200000, 0x0000000704200000, 0x0000000704300000|  0%| F|  |TAMS 0x0000000704200000, 0x0000000704200000| Untracked 
|  55|0x0000000704300000, 0x0000000704300000, 0x0000000704400000|  0%| F|  |TAMS 0x0000000704300000, 0x0000000704300000| Untracked 
|  56|0x0000000704400000, 0x0000000704400000, 0x0000000704500000|  0%| F|  |TAMS 0x0000000704400000, 0x0000000704400000| Untracked 
|  57|0x0000000704500000, 0x0000000704500000, 0x0000000704600000|  0%| F|  |TAMS 0x0000000704500000, 0x0000000704500000| Untracked 
|  58|0x0000000704600000, 0x0000000704600000, 0x0000000704700000|  0%| F|  |TAMS 0x0000000704600000, 0x0000000704600000| Untracked 
|  59|0x0000000704700000, 0x0000000704700000, 0x0000000704800000|  0%| F|  |TAMS 0x0000000704700000, 0x0000000704700000| Untracked 
|  60|0x0000000704800000, 0x0000000704800000, 0x0000000704900000|  0%| F|  |TAMS 0x0000000704800000, 0x0000000704800000| Untracked 
|  61|0x0000000704900000, 0x0000000704900000, 0x0000000704a00000|  0%| F|  |TAMS 0x0000000704900000, 0x0000000704900000| Untracked 
|  62|0x0000000704a00000, 0x0000000704a00000, 0x0000000704b00000|  0%| F|  |TAMS 0x0000000704a00000, 0x0000000704a00000| Untracked 
|  63|0x0000000704b00000, 0x0000000704b00000, 0x0000000704c00000|  0%| F|  |TAMS 0x0000000704b00000, 0x0000000704b00000| Untracked 
|  64|0x0000000704c00000, 0x0000000704c00000, 0x0000000704d00000|  0%| F|  |TAMS 0x0000000704c00000, 0x0000000704c00000| Untracked 
|  65|0x0000000704d00000, 0x0000000704d00000, 0x0000000704e00000|  0%| F|  |TAMS 0x0000000704d00000, 0x0000000704d00000| Untracked 
|  66|0x0000000704e00000, 0x0000000704e00000, 0x0000000704f00000|  0%| F|  |TAMS 0x0000000704e00000, 0x0000000704e00000| Untracked 
|  67|0x0000000704f00000, 0x0000000704f00000, 0x0000000705000000|  0%| F|  |TAMS 0x0000000704f00000, 0x0000000704f00000| Untracked 
|  68|0x0000000705000000, 0x0000000705000000, 0x0000000705100000|  0%| F|  |TAMS 0x0000000705000000, 0x0000000705000000| Untracked 
|  69|0x0000000705100000, 0x0000000705100000, 0x0000000705200000|  0%| F|  |TAMS 0x0000000705100000, 0x0000000705100000| Untracked 
|  70|0x0000000705200000, 0x0000000705200000, 0x0000000705300000|  0%| F|  |TAMS 0x0000000705200000, 0x0000000705200000| Untracked 
|  71|0x0000000705300000, 0x0000000705300000, 0x0000000705400000|  0%| F|  |TAMS 0x0000000705300000, 0x0000000705300000| Untracked 
|  72|0x0000000705400000, 0x0000000705400000, 0x0000000705500000|  0%| F|  |TAMS 0x0000000705400000, 0x0000000705400000| Untracked 
|  73|0x0000000705500000, 0x0000000705500000, 0x0000000705600000|  0%| F|  |TAMS 0x0000000705500000, 0x0000000705500000| Untracked 
|  74|0x0000000705600000, 0x0000000705600000, 0x0000000705700000|  0%| F|  |TAMS 0x0000000705600000, 0x0000000705600000| Untracked 
|  75|0x0000000705700000, 0x0000000705700000, 0x0000000705800000|  0%| F|  |TAMS 0x0000000705700000, 0x0000000705700000| Untracked 
|  76|0x0000000705800000, 0x0000000705800000, 0x0000000705900000|  0%| F|  |TAMS 0x0000000705800000, 0x0000000705800000| Untracked 
|  77|0x0000000705900000, 0x0000000705900000, 0x0000000705a00000|  0%| F|  |TAMS 0x0000000705900000, 0x0000000705900000| Untracked 
|  78|0x0000000705a00000, 0x0000000705a00000, 0x0000000705b00000|  0%| F|  |TAMS 0x0000000705a00000, 0x0000000705a00000| Untracked 
|  79|0x0000000705b00000, 0x0000000705b00000, 0x0000000705c00000|  0%| F|  |TAMS 0x0000000705b00000, 0x0000000705b00000| Untracked 
|  80|0x0000000705c00000, 0x0000000705c00000, 0x0000000705d00000|  0%| F|  |TAMS 0x0000000705c00000, 0x0000000705c00000| Untracked 
|  81|0x0000000705d00000, 0x0000000705d00000, 0x0000000705e00000|  0%| F|  |TAMS 0x0000000705d00000, 0x0000000705d00000| Untracked 
|  82|0x0000000705e00000, 0x0000000705e00000, 0x0000000705f00000|  0%| F|  |TAMS 0x0000000705e00000, 0x0000000705e00000| Untracked 
|  83|0x0000000705f00000, 0x0000000705f00000, 0x0000000706000000|  0%| F|  |TAMS 0x0000000705f00000, 0x0000000705f00000| Untracked 
|  84|0x0000000706000000, 0x0000000706000000, 0x0000000706100000|  0%| F|  |TAMS 0x0000000706000000, 0x0000000706000000| Untracked 
|  85|0x0000000706100000, 0x0000000706100000, 0x0000000706200000|  0%| F|  |TAMS 0x0000000706100000, 0x0000000706100000| Untracked 
|  86|0x0000000706200000, 0x0000000706200000, 0x0000000706300000|  0%| F|  |TAMS 0x0000000706200000, 0x0000000706200000| Untracked 
|  87|0x0000000706300000, 0x0000000706300000, 0x0000000706400000|  0%| F|  |TAMS 0x0000000706300000, 0x0000000706300000| Untracked 
|  88|0x0000000706400000, 0x0000000706400000, 0x0000000706500000|  0%| F|  |TAMS 0x0000000706400000, 0x0000000706400000| Untracked 
|  89|0x0000000706500000, 0x0000000706500000, 0x0000000706600000|  0%| F|  |TAMS 0x0000000706500000, 0x0000000706500000| Untracked 
|  90|0x0000000706600000, 0x0000000706600000, 0x0000000706700000|  0%| F|  |TAMS 0x0000000706600000, 0x0000000706600000| Untracked 
|  91|0x0000000706700000, 0x0000000706700000, 0x0000000706800000|  0%| F|  |TAMS 0x0000000706700000, 0x0000000706700000| Untracked 
|  92|0x0000000706800000, 0x0000000706841708, 0x0000000706900000| 25%| S|CS|TAMS 0x0000000706800000, 0x0000000706800000| Complete 
|  93|0x0000000706900000, 0x0000000706a00000, 0x0000000706a00000|100%| S|CS|TAMS 0x0000000706900000, 0x0000000706900000| Complete 
|  94|0x0000000706a00000, 0x0000000706b00000, 0x0000000706b00000|100%| S|CS|TAMS 0x0000000706a00000, 0x0000000706a00000| Complete 
|  95|0x0000000706b00000, 0x0000000706c00000, 0x0000000706c00000|100%| S|CS|TAMS 0x0000000706b00000, 0x0000000706b00000| Complete 
|  96|0x0000000706c00000, 0x0000000706d00000, 0x0000000706d00000|100%| S|CS|TAMS 0x0000000706c00000, 0x0000000706c00000| Complete 
|  97|0x0000000706d00000, 0x0000000706e00000, 0x0000000706e00000|100%| S|CS|TAMS 0x0000000706d00000, 0x0000000706d00000| Complete 
|  98|0x0000000706e00000, 0x0000000706f00000, 0x0000000706f00000|100%| S|CS|TAMS 0x0000000706e00000, 0x0000000706e00000| Complete 
|  99|0x0000000706f00000, 0x0000000707000000, 0x0000000707000000|100%| S|CS|TAMS 0x0000000706f00000, 0x0000000706f00000| Complete 
| 100|0x0000000707000000, 0x0000000707100000, 0x0000000707100000|100%| S|CS|TAMS 0x0000000707000000, 0x0000000707000000| Complete 
| 101|0x0000000707100000, 0x0000000707200000, 0x0000000707200000|100%| S|CS|TAMS 0x0000000707100000, 0x0000000707100000| Complete 
| 102|0x0000000707200000, 0x0000000707300000, 0x0000000707300000|100%| S|CS|TAMS 0x0000000707200000, 0x0000000707200000| Complete 
| 103|0x0000000707300000, 0x0000000707300000, 0x0000000707400000|  0%| F|  |TAMS 0x0000000707300000, 0x0000000707300000| Untracked 
| 104|0x0000000707400000, 0x0000000707400000, 0x0000000707500000|  0%| F|  |TAMS 0x0000000707400000, 0x0000000707400000| Untracked 
| 105|0x0000000707500000, 0x0000000707500000, 0x0000000707600000|  0%| F|  |TAMS 0x0000000707500000, 0x0000000707500000| Untracked 
| 106|0x0000000707600000, 0x0000000707600000, 0x0000000707700000|  0%| F|  |TAMS 0x0000000707600000, 0x0000000707600000| Untracked 
| 107|0x0000000707700000, 0x0000000707700000, 0x0000000707800000|  0%| F|  |TAMS 0x0000000707700000, 0x0000000707700000| Untracked 
| 108|0x0000000707800000, 0x0000000707800000, 0x0000000707900000|  0%| F|  |TAMS 0x0000000707800000, 0x0000000707800000| Untracked 
| 109|0x0000000707900000, 0x0000000707900000, 0x0000000707a00000|  0%| F|  |TAMS 0x0000000707900000, 0x0000000707900000| Untracked 
| 110|0x0000000707a00000, 0x0000000707a00000, 0x0000000707b00000|  0%| F|  |TAMS 0x0000000707a00000, 0x0000000707a00000| Untracked 
| 111|0x0000000707b00000, 0x0000000707b00000, 0x0000000707c00000|  0%| F|  |TAMS 0x0000000707b00000, 0x0000000707b00000| Untracked 
| 112|0x0000000707c00000, 0x0000000707c00000, 0x0000000707d00000|  0%| F|  |TAMS 0x0000000707c00000, 0x0000000707c00000| Untracked 
| 113|0x0000000707d00000, 0x0000000707d00000, 0x0000000707e00000|  0%| F|  |TAMS 0x0000000707d00000, 0x0000000707d00000| Untracked 
| 114|0x0000000707e00000, 0x0000000707e00000, 0x0000000707f00000|  0%| F|  |TAMS 0x0000000707e00000, 0x0000000707e00000| Untracked 
| 115|0x0000000707f00000, 0x0000000707f00000, 0x0000000708000000|  0%| F|  |TAMS 0x0000000707f00000, 0x0000000707f00000| Untracked 
| 116|0x0000000708000000, 0x0000000708000000, 0x0000000708100000|  0%| F|  |TAMS 0x0000000708000000, 0x0000000708000000| Untracked 
| 117|0x0000000708100000, 0x0000000708100000, 0x0000000708200000|  0%| F|  |TAMS 0x0000000708100000, 0x0000000708100000| Untracked 
| 118|0x0000000708200000, 0x0000000708200000, 0x0000000708300000|  0%| F|  |TAMS 0x0000000708200000, 0x0000000708200000| Untracked 
| 119|0x0000000708300000, 0x0000000708300000, 0x0000000708400000|  0%| F|  |TAMS 0x0000000708300000, 0x0000000708300000| Untracked 
| 120|0x0000000708400000, 0x0000000708400000, 0x0000000708500000|  0%| F|  |TAMS 0x0000000708400000, 0x0000000708400000| Untracked 
| 121|0x0000000708500000, 0x0000000708500000, 0x0000000708600000|  0%| F|  |TAMS 0x0000000708500000, 0x0000000708500000| Untracked 
| 122|0x0000000708600000, 0x0000000708600000, 0x0000000708700000|  0%| F|  |TAMS 0x0000000708600000, 0x0000000708600000| Untracked 
| 123|0x0000000708700000, 0x0000000708700000, 0x0000000708800000|  0%| F|  |TAMS 0x0000000708700000, 0x0000000708700000| Untracked 
| 124|0x0000000708800000, 0x0000000708800000, 0x0000000708900000|  0%| F|  |TAMS 0x0000000708800000, 0x0000000708800000| Untracked 
| 125|0x0000000708900000, 0x0000000708900000, 0x0000000708a00000|  0%| F|  |TAMS 0x0000000708900000, 0x0000000708900000| Untracked 
| 126|0x0000000708a00000, 0x0000000708a00000, 0x0000000708b00000|  0%| F|  |TAMS 0x0000000708a00000, 0x0000000708a00000| Untracked 
| 127|0x0000000708b00000, 0x0000000708b00000, 0x0000000708c00000|  0%| F|  |TAMS 0x0000000708b00000, 0x0000000708b00000| Untracked 
| 128|0x0000000708c00000, 0x0000000708c00000, 0x0000000708d00000|  0%| F|  |TAMS 0x0000000708c00000, 0x0000000708c00000| Untracked 
| 129|0x0000000708d00000, 0x0000000708d00000, 0x0000000708e00000|  0%| F|  |TAMS 0x0000000708d00000, 0x0000000708d00000| Untracked 
| 130|0x0000000708e00000, 0x0000000708e00000, 0x0000000708f00000|  0%| F|  |TAMS 0x0000000708e00000, 0x0000000708e00000| Untracked 
| 131|0x0000000708f00000, 0x0000000708f00000, 0x0000000709000000|  0%| F|  |TAMS 0x0000000708f00000, 0x0000000708f00000| Untracked 
| 132|0x0000000709000000, 0x0000000709000000, 0x0000000709100000|  0%| F|  |TAMS 0x0000000709000000, 0x0000000709000000| Untracked 
| 133|0x0000000709100000, 0x0000000709100000, 0x0000000709200000|  0%| F|  |TAMS 0x0000000709100000, 0x0000000709100000| Untracked 
| 134|0x0000000709200000, 0x0000000709200000, 0x0000000709300000|  0%| F|  |TAMS 0x0000000709200000, 0x0000000709200000| Untracked 
| 135|0x0000000709300000, 0x0000000709300000, 0x0000000709400000|  0%| F|  |TAMS 0x0000000709300000, 0x0000000709300000| Untracked 
| 136|0x0000000709400000, 0x0000000709400000, 0x0000000709500000|  0%| F|  |TAMS 0x0000000709400000, 0x0000000709400000| Untracked 
| 137|0x0000000709500000, 0x0000000709500000, 0x0000000709600000|  0%| F|  |TAMS 0x0000000709500000, 0x0000000709500000| Untracked 
| 138|0x0000000709600000, 0x0000000709600000, 0x0000000709700000|  0%| F|  |TAMS 0x0000000709600000, 0x0000000709600000| Untracked 
| 139|0x0000000709700000, 0x0000000709700000, 0x0000000709800000|  0%| F|  |TAMS 0x0000000709700000, 0x0000000709700000| Untracked 
| 140|0x0000000709800000, 0x0000000709800000, 0x0000000709900000|  0%| F|  |TAMS 0x0000000709800000, 0x0000000709800000| Untracked 
| 141|0x0000000709900000, 0x0000000709900000, 0x0000000709a00000|  0%| F|  |TAMS 0x0000000709900000, 0x0000000709900000| Untracked 
| 142|0x0000000709a00000, 0x0000000709a00000, 0x0000000709b00000|  0%| F|  |TAMS 0x0000000709a00000, 0x0000000709a00000| Untracked 
| 143|0x0000000709b00000, 0x0000000709b00000, 0x0000000709c00000|  0%| F|  |TAMS 0x0000000709b00000, 0x0000000709b00000| Untracked 
| 144|0x0000000709c00000, 0x0000000709c00000, 0x0000000709d00000|  0%| F|  |TAMS 0x0000000709c00000, 0x0000000709c00000| Untracked 
| 145|0x0000000709d00000, 0x0000000709d00000, 0x0000000709e00000|  0%| F|  |TAMS 0x0000000709d00000, 0x0000000709d00000| Untracked 
| 146|0x0000000709e00000, 0x0000000709e00000, 0x0000000709f00000|  0%| F|  |TAMS 0x0000000709e00000, 0x0000000709e00000| Untracked 
| 147|0x0000000709f00000, 0x0000000709f00000, 0x000000070a000000|  0%| F|  |TAMS 0x0000000709f00000, 0x0000000709f00000| Untracked 
| 148|0x000000070a000000, 0x000000070a000000, 0x000000070a100000|  0%| F|  |TAMS 0x000000070a000000, 0x000000070a000000| Untracked 
| 149|0x000000070a100000, 0x000000070a100000, 0x000000070a200000|  0%| F|  |TAMS 0x000000070a100000, 0x000000070a100000| Untracked 
| 150|0x000000070a200000, 0x000000070a200000, 0x000000070a300000|  0%| F|  |TAMS 0x000000070a200000, 0x000000070a200000| Untracked 
| 151|0x000000070a300000, 0x000000070a300000, 0x000000070a400000|  0%| F|  |TAMS 0x000000070a300000, 0x000000070a300000| Untracked 
| 152|0x000000070a400000, 0x000000070a400000, 0x000000070a500000|  0%| F|  |TAMS 0x000000070a400000, 0x000000070a400000| Untracked 
| 153|0x000000070a500000, 0x000000070a500000, 0x000000070a600000|  0%| F|  |TAMS 0x000000070a500000, 0x000000070a500000| Untracked 
| 154|0x000000070a600000, 0x000000070a600000, 0x000000070a700000|  0%| F|  |TAMS 0x000000070a600000, 0x000000070a600000| Untracked 
| 155|0x000000070a700000, 0x000000070a700000, 0x000000070a800000|  0%| F|  |TAMS 0x000000070a700000, 0x000000070a700000| Untracked 
| 156|0x000000070a800000, 0x000000070a800000, 0x000000070a900000|  0%| F|  |TAMS 0x000000070a800000, 0x000000070a800000| Untracked 
| 157|0x000000070a900000, 0x000000070a900000, 0x000000070aa00000|  0%| F|  |TAMS 0x000000070a900000, 0x000000070a900000| Untracked 
| 158|0x000000070aa00000, 0x000000070aa00000, 0x000000070ab00000|  0%| F|  |TAMS 0x000000070aa00000, 0x000000070aa00000| Untracked 
| 159|0x000000070ab00000, 0x000000070ab00000, 0x000000070ac00000|  0%| F|  |TAMS 0x000000070ab00000, 0x000000070ab00000| Untracked 
| 160|0x000000070ac00000, 0x000000070ac00000, 0x000000070ad00000|  0%| F|  |TAMS 0x000000070ac00000, 0x000000070ac00000| Untracked 
| 161|0x000000070ad00000, 0x000000070ad00000, 0x000000070ae00000|  0%| F|  |TAMS 0x000000070ad00000, 0x000000070ad00000| Untracked 
| 162|0x000000070ae00000, 0x000000070ae00000, 0x000000070af00000|  0%| F|  |TAMS 0x000000070ae00000, 0x000000070ae00000| Untracked 
| 163|0x000000070af00000, 0x000000070af00000, 0x000000070b000000|  0%| F|  |TAMS 0x000000070af00000, 0x000000070af00000| Untracked 
| 164|0x000000070b000000, 0x000000070b000000, 0x000000070b100000|  0%| F|  |TAMS 0x000000070b000000, 0x000000070b000000| Untracked 
| 165|0x000000070b100000, 0x000000070b100000, 0x000000070b200000|  0%| F|  |TAMS 0x000000070b100000, 0x000000070b100000| Untracked 
| 166|0x000000070b200000, 0x000000070b200000, 0x000000070b300000|  0%| F|  |TAMS 0x000000070b200000, 0x000000070b200000| Untracked 
| 167|0x000000070b300000, 0x000000070b300000, 0x000000070b400000|  0%| F|  |TAMS 0x000000070b300000, 0x000000070b300000| Untracked 
| 168|0x000000070b400000, 0x000000070b400000, 0x000000070b500000|  0%| F|  |TAMS 0x000000070b400000, 0x000000070b400000| Untracked 
| 169|0x000000070b500000, 0x000000070b500000, 0x000000070b600000|  0%| F|  |TAMS 0x000000070b500000, 0x000000070b500000| Untracked 
| 170|0x000000070b600000, 0x000000070b600000, 0x000000070b700000|  0%| F|  |TAMS 0x000000070b600000, 0x000000070b600000| Untracked 
| 171|0x000000070b700000, 0x000000070b700000, 0x000000070b800000|  0%| F|  |TAMS 0x000000070b700000, 0x000000070b700000| Untracked 
| 172|0x000000070b800000, 0x000000070b800000, 0x000000070b900000|  0%| F|  |TAMS 0x000000070b800000, 0x000000070b800000| Untracked 
| 173|0x000000070b900000, 0x000000070b900000, 0x000000070ba00000|  0%| F|  |TAMS 0x000000070b900000, 0x000000070b900000| Untracked 
| 174|0x000000070ba00000, 0x000000070ba00000, 0x000000070bb00000|  0%| F|  |TAMS 0x000000070ba00000, 0x000000070ba00000| Untracked 
| 175|0x000000070bb00000, 0x000000070bb00000, 0x000000070bc00000|  0%| F|  |TAMS 0x000000070bb00000, 0x000000070bb00000| Untracked 
| 176|0x000000070bc00000, 0x000000070bc00000, 0x000000070bd00000|  0%| F|  |TAMS 0x000000070bc00000, 0x000000070bc00000| Untracked 
| 177|0x000000070bd00000, 0x000000070bd00000, 0x000000070be00000|  0%| F|  |TAMS 0x000000070bd00000, 0x000000070bd00000| Untracked 
| 178|0x000000070be00000, 0x000000070be00000, 0x000000070bf00000|  0%| F|  |TAMS 0x000000070be00000, 0x000000070be00000| Untracked 
| 179|0x000000070bf00000, 0x000000070bf00000, 0x000000070c000000|  0%| F|  |TAMS 0x000000070bf00000, 0x000000070bf00000| Untracked 
| 180|0x000000070c000000, 0x000000070c000000, 0x000000070c100000|  0%| F|  |TAMS 0x000000070c000000, 0x000000070c000000| Untracked 
| 181|0x000000070c100000, 0x000000070c100000, 0x000000070c200000|  0%| F|  |TAMS 0x000000070c100000, 0x000000070c100000| Untracked 
| 182|0x000000070c200000, 0x000000070c200000, 0x000000070c300000|  0%| F|  |TAMS 0x000000070c200000, 0x000000070c200000| Untracked 
| 183|0x000000070c300000, 0x000000070c300000, 0x000000070c400000|  0%| F|  |TAMS 0x000000070c300000, 0x000000070c300000| Untracked 
| 184|0x000000070c400000, 0x000000070c400000, 0x000000070c500000|  0%| F|  |TAMS 0x000000070c400000, 0x000000070c400000| Untracked 
| 185|0x000000070c500000, 0x000000070c500000, 0x000000070c600000|  0%| F|  |TAMS 0x000000070c500000, 0x000000070c500000| Untracked 
| 186|0x000000070c600000, 0x000000070c600000, 0x000000070c700000|  0%| F|  |TAMS 0x000000070c600000, 0x000000070c600000| Untracked 
| 187|0x000000070c700000, 0x000000070c700000, 0x000000070c800000|  0%| F|  |TAMS 0x000000070c700000, 0x000000070c700000| Untracked 
| 188|0x000000070c800000, 0x000000070c800000, 0x000000070c900000|  0%| F|  |TAMS 0x000000070c800000, 0x000000070c800000| Untracked 
| 189|0x000000070c900000, 0x000000070c900000, 0x000000070ca00000|  0%| F|  |TAMS 0x000000070c900000, 0x000000070c900000| Untracked 
| 190|0x000000070ca00000, 0x000000070ca00000, 0x000000070cb00000|  0%| F|  |TAMS 0x000000070ca00000, 0x000000070ca00000| Untracked 
| 191|0x000000070cb00000, 0x000000070cb00000, 0x000000070cc00000|  0%| F|  |TAMS 0x000000070cb00000, 0x000000070cb00000| Untracked 
| 192|0x000000070cc00000, 0x000000070cc00000, 0x000000070cd00000|  0%| F|  |TAMS 0x000000070cc00000, 0x000000070cc00000| Untracked 
| 193|0x000000070cd00000, 0x000000070cd00000, 0x000000070ce00000|  0%| F|  |TAMS 0x000000070cd00000, 0x000000070cd00000| Untracked 
| 194|0x000000070ce00000, 0x000000070ce00000, 0x000000070cf00000|  0%| F|  |TAMS 0x000000070ce00000, 0x000000070ce00000| Untracked 
| 195|0x000000070cf00000, 0x000000070cf00000, 0x000000070d000000|  0%| F|  |TAMS 0x000000070cf00000, 0x000000070cf00000| Untracked 
| 196|0x000000070d000000, 0x000000070d000000, 0x000000070d100000|  0%| F|  |TAMS 0x000000070d000000, 0x000000070d000000| Untracked 
| 197|0x000000070d100000, 0x000000070d100000, 0x000000070d200000|  0%| F|  |TAMS 0x000000070d100000, 0x000000070d100000| Untracked 
| 198|0x000000070d200000, 0x000000070d200000, 0x000000070d300000|  0%| F|  |TAMS 0x000000070d200000, 0x000000070d200000| Untracked 
| 199|0x000000070d300000, 0x000000070d300000, 0x000000070d400000|  0%| F|  |TAMS 0x000000070d300000, 0x000000070d300000| Untracked 
| 200|0x000000070d400000, 0x000000070d400000, 0x000000070d500000|  0%| F|  |TAMS 0x000000070d400000, 0x000000070d400000| Untracked 
| 201|0x000000070d500000, 0x000000070d500000, 0x000000070d600000|  0%| F|  |TAMS 0x000000070d500000, 0x000000070d500000| Untracked 
| 202|0x000000070d600000, 0x000000070d600000, 0x000000070d700000|  0%| F|  |TAMS 0x000000070d600000, 0x000000070d600000| Untracked 
| 203|0x000000070d700000, 0x000000070d700000, 0x000000070d800000|  0%| F|  |TAMS 0x000000070d700000, 0x000000070d700000| Untracked 
| 204|0x000000070d800000, 0x000000070d800000, 0x000000070d900000|  0%| F|  |TAMS 0x000000070d800000, 0x000000070d800000| Untracked 
| 205|0x000000070d900000, 0x000000070d900000, 0x000000070da00000|  0%| F|  |TAMS 0x000000070d900000, 0x000000070d900000| Untracked 
| 206|0x000000070da00000, 0x000000070da00000, 0x000000070db00000|  0%| F|  |TAMS 0x000000070da00000, 0x000000070da00000| Untracked 
| 207|0x000000070db00000, 0x000000070db00000, 0x000000070dc00000|  0%| F|  |TAMS 0x000000070db00000, 0x000000070db00000| Untracked 
| 208|0x000000070dc00000, 0x000000070dc00000, 0x000000070dd00000|  0%| F|  |TAMS 0x000000070dc00000, 0x000000070dc00000| Untracked 
| 209|0x000000070dd00000, 0x000000070dd00000, 0x000000070de00000|  0%| F|  |TAMS 0x000000070dd00000, 0x000000070dd00000| Untracked 
| 210|0x000000070de00000, 0x000000070de00000, 0x000000070df00000|  0%| F|  |TAMS 0x000000070de00000, 0x000000070de00000| Untracked 
| 211|0x000000070df00000, 0x000000070df00000, 0x000000070e000000|  0%| F|  |TAMS 0x000000070df00000, 0x000000070df00000| Untracked 
| 212|0x000000070e000000, 0x000000070e000000, 0x000000070e100000|  0%| F|  |TAMS 0x000000070e000000, 0x000000070e000000| Untracked 
| 213|0x000000070e100000, 0x000000070e100000, 0x000000070e200000|  0%| F|  |TAMS 0x000000070e100000, 0x000000070e100000| Untracked 
| 214|0x000000070e200000, 0x000000070e200000, 0x000000070e300000|  0%| F|  |TAMS 0x000000070e200000, 0x000000070e200000| Untracked 
| 215|0x000000070e300000, 0x000000070e300000, 0x000000070e400000|  0%| F|  |TAMS 0x000000070e300000, 0x000000070e300000| Untracked 
| 216|0x000000070e400000, 0x000000070e400000, 0x000000070e500000|  0%| F|  |TAMS 0x000000070e400000, 0x000000070e400000| Untracked 
| 217|0x000000070e500000, 0x000000070e500000, 0x000000070e600000|  0%| F|  |TAMS 0x000000070e500000, 0x000000070e500000| Untracked 
| 218|0x000000070e600000, 0x000000070e600000, 0x000000070e700000|  0%| F|  |TAMS 0x000000070e600000, 0x000000070e600000| Untracked 
| 219|0x000000070e700000, 0x000000070e700000, 0x000000070e800000|  0%| F|  |TAMS 0x000000070e700000, 0x000000070e700000| Untracked 
| 220|0x000000070e800000, 0x000000070e800000, 0x000000070e900000|  0%| F|  |TAMS 0x000000070e800000, 0x000000070e800000| Untracked 
| 221|0x000000070e900000, 0x000000070e900000, 0x000000070ea00000|  0%| F|  |TAMS 0x000000070e900000, 0x000000070e900000| Untracked 
| 222|0x000000070ea00000, 0x000000070ea00000, 0x000000070eb00000|  0%| F|  |TAMS 0x000000070ea00000, 0x000000070ea00000| Untracked 
| 223|0x000000070eb00000, 0x000000070eb00000, 0x000000070ec00000|  0%| F|  |TAMS 0x000000070eb00000, 0x000000070eb00000| Untracked 
| 224|0x000000070ec00000, 0x000000070ec00000, 0x000000070ed00000|  0%| F|  |TAMS 0x000000070ec00000, 0x000000070ec00000| Untracked 
| 225|0x000000070ed00000, 0x000000070ed00000, 0x000000070ee00000|  0%| F|  |TAMS 0x000000070ed00000, 0x000000070ed00000| Untracked 
| 226|0x000000070ee00000, 0x000000070ee00000, 0x000000070ef00000|  0%| F|  |TAMS 0x000000070ee00000, 0x000000070ee00000| Untracked 
| 227|0x000000070ef00000, 0x000000070ef00000, 0x000000070f000000|  0%| F|  |TAMS 0x000000070ef00000, 0x000000070ef00000| Untracked 
| 228|0x000000070f000000, 0x000000070f000000, 0x000000070f100000|  0%| F|  |TAMS 0x000000070f000000, 0x000000070f000000| Untracked 
| 229|0x000000070f100000, 0x000000070f100000, 0x000000070f200000|  0%| F|  |TAMS 0x000000070f100000, 0x000000070f100000| Untracked 
| 230|0x000000070f200000, 0x000000070f200000, 0x000000070f300000|  0%| F|  |TAMS 0x000000070f200000, 0x000000070f200000| Untracked 
| 231|0x000000070f300000, 0x000000070f300000, 0x000000070f400000|  0%| F|  |TAMS 0x000000070f300000, 0x000000070f300000| Untracked 
| 232|0x000000070f400000, 0x000000070f400000, 0x000000070f500000|  0%| F|  |TAMS 0x000000070f400000, 0x000000070f400000| Untracked 
| 233|0x000000070f500000, 0x000000070f500000, 0x000000070f600000|  0%| F|  |TAMS 0x000000070f500000, 0x000000070f500000| Untracked 
| 234|0x000000070f600000, 0x000000070f600000, 0x000000070f700000|  0%| F|  |TAMS 0x000000070f600000, 0x000000070f600000| Untracked 
| 235|0x000000070f700000, 0x000000070f700000, 0x000000070f800000|  0%| F|  |TAMS 0x000000070f700000, 0x000000070f700000| Untracked 
| 236|0x000000070f800000, 0x000000070f800000, 0x000000070f900000|  0%| F|  |TAMS 0x000000070f800000, 0x000000070f800000| Untracked 
| 237|0x000000070f900000, 0x000000070f900000, 0x000000070fa00000|  0%| F|  |TAMS 0x000000070f900000, 0x000000070f900000| Untracked 
| 238|0x000000070fa00000, 0x000000070fa00000, 0x000000070fb00000|  0%| F|  |TAMS 0x000000070fa00000, 0x000000070fa00000| Untracked 
| 239|0x000000070fb00000, 0x000000070fb00000, 0x000000070fc00000|  0%| F|  |TAMS 0x000000070fb00000, 0x000000070fb00000| Untracked 
| 240|0x000000070fc00000, 0x000000070fc00000, 0x000000070fd00000|  0%| F|  |TAMS 0x000000070fc00000, 0x000000070fc00000| Untracked 
| 241|0x000000070fd00000, 0x000000070fd00000, 0x000000070fe00000|  0%| F|  |TAMS 0x000000070fd00000, 0x000000070fd00000| Untracked 
| 242|0x000000070fe00000, 0x000000070fe00000, 0x000000070ff00000|  0%| F|  |TAMS 0x000000070fe00000, 0x000000070fe00000| Untracked 
| 243|0x000000070ff00000, 0x000000070ff00000, 0x0000000710000000|  0%| F|  |TAMS 0x000000070ff00000, 0x000000070ff00000| Untracked 
| 244|0x0000000710000000, 0x0000000710000000, 0x0000000710100000|  0%| F|  |TAMS 0x0000000710000000, 0x0000000710000000| Untracked 
| 245|0x0000000710100000, 0x0000000710100000, 0x0000000710200000|  0%| F|  |TAMS 0x0000000710100000, 0x0000000710100000| Untracked 
| 246|0x0000000710200000, 0x0000000710200000, 0x0000000710300000|  0%| F|  |TAMS 0x0000000710200000, 0x0000000710200000| Untracked 
| 247|0x0000000710300000, 0x0000000710300000, 0x0000000710400000|  0%| F|  |TAMS 0x0000000710300000, 0x0000000710300000| Untracked 
| 248|0x0000000710400000, 0x0000000710400000, 0x0000000710500000|  0%| F|  |TAMS 0x0000000710400000, 0x0000000710400000| Untracked 
| 249|0x0000000710500000, 0x0000000710500000, 0x0000000710600000|  0%| F|  |TAMS 0x0000000710500000, 0x0000000710500000| Untracked 
| 250|0x0000000710600000, 0x0000000710600000, 0x0000000710700000|  0%| F|  |TAMS 0x0000000710600000, 0x0000000710600000| Untracked 
| 251|0x0000000710700000, 0x0000000710700000, 0x0000000710800000|  0%| F|  |TAMS 0x0000000710700000, 0x0000000710700000| Untracked 
| 252|0x0000000710800000, 0x0000000710800000, 0x0000000710900000|  0%| F|  |TAMS 0x0000000710800000, 0x0000000710800000| Untracked 
| 253|0x0000000710900000, 0x0000000710900000, 0x0000000710a00000|  0%| F|  |TAMS 0x0000000710900000, 0x0000000710900000| Untracked 
| 254|0x0000000710a00000, 0x0000000710a00000, 0x0000000710b00000|  0%| F|  |TAMS 0x0000000710a00000, 0x0000000710a00000| Untracked 
| 255|0x0000000710b00000, 0x0000000710b00000, 0x0000000710c00000|  0%| F|  |TAMS 0x0000000710b00000, 0x0000000710b00000| Untracked 
| 256|0x0000000710c00000, 0x0000000710c00000, 0x0000000710d00000|  0%| F|  |TAMS 0x0000000710c00000, 0x0000000710c00000| Untracked 
| 257|0x0000000710d00000, 0x0000000710d00000, 0x0000000710e00000|  0%| F|  |TAMS 0x0000000710d00000, 0x0000000710d00000| Untracked 
| 258|0x0000000710e00000, 0x0000000710e00000, 0x0000000710f00000|  0%| F|  |TAMS 0x0000000710e00000, 0x0000000710e00000| Untracked 
| 259|0x0000000710f00000, 0x0000000710f00000, 0x0000000711000000|  0%| F|  |TAMS 0x0000000710f00000, 0x0000000710f00000| Untracked 
| 260|0x0000000711000000, 0x0000000711000000, 0x0000000711100000|  0%| F|  |TAMS 0x0000000711000000, 0x0000000711000000| Untracked 
| 261|0x0000000711100000, 0x0000000711100000, 0x0000000711200000|  0%| F|  |TAMS 0x0000000711100000, 0x0000000711100000| Untracked 
| 262|0x0000000711200000, 0x0000000711200000, 0x0000000711300000|  0%| F|  |TAMS 0x0000000711200000, 0x0000000711200000| Untracked 
| 263|0x0000000711300000, 0x0000000711300000, 0x0000000711400000|  0%| F|  |TAMS 0x0000000711300000, 0x0000000711300000| Untracked 
| 264|0x0000000711400000, 0x0000000711400000, 0x0000000711500000|  0%| F|  |TAMS 0x0000000711400000, 0x0000000711400000| Untracked 
| 265|0x0000000711500000, 0x0000000711500000, 0x0000000711600000|  0%| F|  |TAMS 0x0000000711500000, 0x0000000711500000| Untracked 
| 266|0x0000000711600000, 0x0000000711600000, 0x0000000711700000|  0%| F|  |TAMS 0x0000000711600000, 0x0000000711600000| Untracked 
| 267|0x0000000711700000, 0x0000000711700000, 0x0000000711800000|  0%| F|  |TAMS 0x0000000711700000, 0x0000000711700000| Untracked 
| 268|0x0000000711800000, 0x0000000711800000, 0x0000000711900000|  0%| F|  |TAMS 0x0000000711800000, 0x0000000711800000| Untracked 
| 269|0x0000000711900000, 0x0000000711900000, 0x0000000711a00000|  0%| F|  |TAMS 0x0000000711900000, 0x0000000711900000| Untracked 
| 270|0x0000000711a00000, 0x0000000711a00000, 0x0000000711b00000|  0%| F|  |TAMS 0x0000000711a00000, 0x0000000711a00000| Untracked 
| 271|0x0000000711b00000, 0x0000000711b00000, 0x0000000711c00000|  0%| F|  |TAMS 0x0000000711b00000, 0x0000000711b00000| Untracked 
| 272|0x0000000711c00000, 0x0000000711c00000, 0x0000000711d00000|  0%| F|  |TAMS 0x0000000711c00000, 0x0000000711c00000| Untracked 
| 273|0x0000000711d00000, 0x0000000711d00000, 0x0000000711e00000|  0%| F|  |TAMS 0x0000000711d00000, 0x0000000711d00000| Untracked 
| 274|0x0000000711e00000, 0x0000000711e00000, 0x0000000711f00000|  0%| F|  |TAMS 0x0000000711e00000, 0x0000000711e00000| Untracked 
| 275|0x0000000711f00000, 0x0000000711f00000, 0x0000000712000000|  0%| F|  |TAMS 0x0000000711f00000, 0x0000000711f00000| Untracked 
| 276|0x0000000712000000, 0x0000000712000000, 0x0000000712100000|  0%| F|  |TAMS 0x0000000712000000, 0x0000000712000000| Untracked 
| 277|0x0000000712100000, 0x0000000712100000, 0x0000000712200000|  0%| F|  |TAMS 0x0000000712100000, 0x0000000712100000| Untracked 
| 278|0x0000000712200000, 0x0000000712200000, 0x0000000712300000|  0%| F|  |TAMS 0x0000000712200000, 0x0000000712200000| Untracked 
| 279|0x0000000712300000, 0x0000000712300000, 0x0000000712400000|  0%| F|  |TAMS 0x0000000712300000, 0x0000000712300000| Untracked 
| 280|0x0000000712400000, 0x0000000712400000, 0x0000000712500000|  0%| F|  |TAMS 0x0000000712400000, 0x0000000712400000| Untracked 
| 281|0x0000000712500000, 0x0000000712580800, 0x0000000712600000| 50%| E|  |TAMS 0x0000000712500000, 0x0000000712500000| Complete 
| 282|0x0000000712600000, 0x0000000712700000, 0x0000000712700000|100%| E|CS|TAMS 0x0000000712600000, 0x0000000712600000| Complete 
| 283|0x0000000712700000, 0x0000000712800000, 0x0000000712800000|100%| E|CS|TAMS 0x0000000712700000, 0x0000000712700000| Complete 
| 284|0x0000000712800000, 0x0000000712900000, 0x0000000712900000|100%| E|CS|TAMS 0x0000000712800000, 0x0000000712800000| Complete 
| 285|0x0000000712900000, 0x0000000712a00000, 0x0000000712a00000|100%| E|CS|TAMS 0x0000000712900000, 0x0000000712900000| Complete 
| 286|0x0000000712a00000, 0x0000000712b00000, 0x0000000712b00000|100%| E|CS|TAMS 0x0000000712a00000, 0x0000000712a00000| Complete 
| 287|0x0000000712b00000, 0x0000000712c00000, 0x0000000712c00000|100%| E|CS|TAMS 0x0000000712b00000, 0x0000000712b00000| Complete 
| 288|0x0000000712c00000, 0x0000000712d00000, 0x0000000712d00000|100%| E|CS|TAMS 0x0000000712c00000, 0x0000000712c00000| Complete 
| 289|0x0000000712d00000, 0x0000000712e00000, 0x0000000712e00000|100%| E|CS|TAMS 0x0000000712d00000, 0x0000000712d00000| Complete 
| 290|0x0000000712e00000, 0x0000000712f00000, 0x0000000712f00000|100%| E|CS|TAMS 0x0000000712e00000, 0x0000000712e00000| Complete 
| 291|0x0000000712f00000, 0x0000000713000000, 0x0000000713000000|100%| E|CS|TAMS 0x0000000712f00000, 0x0000000712f00000| Complete 
| 292|0x0000000713000000, 0x0000000713100000, 0x0000000713100000|100%| E|CS|TAMS 0x0000000713000000, 0x0000000713000000| Complete 
| 293|0x0000000713100000, 0x0000000713200000, 0x0000000713200000|100%| E|CS|TAMS 0x0000000713100000, 0x0000000713100000| Complete 
| 294|0x0000000713200000, 0x0000000713300000, 0x0000000713300000|100%| E|CS|TAMS 0x0000000713200000, 0x0000000713200000| Complete 
| 295|0x0000000713300000, 0x0000000713400000, 0x0000000713400000|100%| E|CS|TAMS 0x0000000713300000, 0x0000000713300000| Complete 
| 296|0x0000000713400000, 0x0000000713500000, 0x0000000713500000|100%| E|CS|TAMS 0x0000000713400000, 0x0000000713400000| Complete 
| 297|0x0000000713500000, 0x0000000713600000, 0x0000000713600000|100%| E|CS|TAMS 0x0000000713500000, 0x0000000713500000| Complete 
| 298|0x0000000713600000, 0x0000000713700000, 0x0000000713700000|100%| E|CS|TAMS 0x0000000713600000, 0x0000000713600000| Complete 
| 299|0x0000000713700000, 0x0000000713800000, 0x0000000713800000|100%| E|CS|TAMS 0x0000000713700000, 0x0000000713700000| Complete 
| 300|0x0000000713800000, 0x0000000713900000, 0x0000000713900000|100%| E|CS|TAMS 0x0000000713800000, 0x0000000713800000| Complete 
| 301|0x0000000713900000, 0x0000000713a00000, 0x0000000713a00000|100%| E|CS|TAMS 0x0000000713900000, 0x0000000713900000| Complete 
| 302|0x0000000713a00000, 0x0000000713b00000, 0x0000000713b00000|100%| E|CS|TAMS 0x0000000713a00000, 0x0000000713a00000| Complete 
| 303|0x0000000713b00000, 0x0000000713c00000, 0x0000000713c00000|100%| E|CS|TAMS 0x0000000713b00000, 0x0000000713b00000| Complete 
| 304|0x0000000713c00000, 0x0000000713d00000, 0x0000000713d00000|100%| E|CS|TAMS 0x0000000713c00000, 0x0000000713c00000| Complete 
| 305|0x0000000713d00000, 0x0000000713e00000, 0x0000000713e00000|100%| E|CS|TAMS 0x0000000713d00000, 0x0000000713d00000| Complete 
| 306|0x0000000713e00000, 0x0000000713f00000, 0x0000000713f00000|100%| E|CS|TAMS 0x0000000713e00000, 0x0000000713e00000| Complete 
| 307|0x0000000713f00000, 0x0000000714000000, 0x0000000714000000|100%| E|CS|TAMS 0x0000000713f00000, 0x0000000713f00000| Complete 

Card table byte_map: [0x0000023978ec0000,0x00000239796c0000] _byte_map_base: 0x00000239756ba000

Marking Bits (Prev, Next): (CMBitMap*) 0x0000023961b0dd40, (CMBitMap*) 0x0000023961b0dd08
 Prev Bits: [0x0000023900000000, 0x0000023903fd0000)
 Next Bits: [0x0000023979ec0000, 0x000002397de90000)

Polling page: 0x0000023961270000

Metaspace:

Usage:
  Non-class:     61.33 MB capacity,    60.10 MB ( 98%) used,  1005.58 KB (  2%) free+waste,   254.12 KB ( <1%) overhead. 
      Class:      9.54 MB capacity,     8.74 MB ( 92%) used,   696.64 KB (  7%) free+waste,   122.44 KB (  1%) overhead. 
       Both:     70.87 MB capacity,    68.84 MB ( 97%) used,     1.66 MB (  2%) free+waste,   376.56 KB ( <1%) overhead. 

Virtual space:
  Non-class space:       62.00 MB reserved,      61.50 MB (>99%) committed 
      Class space:        1.00 GB reserved,       9.62 MB ( <1%) committed 
             Both:        1.06 GB reserved,      71.12 MB (  7%) committed 

Chunk freelists:
   Non-Class:  6.00 KB
       Class:  0 bytes
        Both:  6.00 KB

CodeHeap 'non-profiled nmethods': size=120000Kb used=4863Kb max_used=4863Kb free=115136Kb
 bounds [0x0000023970c40000, 0x0000023971100000, 0x0000023978170000]
CodeHeap 'profiled nmethods': size=120000Kb used=15381Kb max_used=15381Kb free=104618Kb
 bounds [0x0000023969710000, 0x000002396a620000, 0x0000023970c40000]
CodeHeap 'non-nmethods': size=5760Kb used=1337Kb max_used=1437Kb free=4422Kb
 bounds [0x0000023969170000, 0x00000239693e0000, 0x0000023969710000]
 total_blobs=7701 nmethods=7075 adapters=544
 compilation: enabled
              stopped_count=0, restarted_count=0
 full_count=0

Compilation events (10 events):
Event: 8.705 Thread 0x000002390553b800 nmethod 7151 0x000002396a60ac90 code [0x000002396a60ae80, 0x000002396a60b198]
Event: 8.710 Thread 0x000002390553b800 7152       2       org.springframework.context.support.PostProcessorRegistrationDelegate$BeanPostProcessorChecker::postProcessAfterInitialization (91 bytes)
Event: 8.711 Thread 0x000002390553b800 nmethod 7152 0x000002396a60b390 code [0x000002396a60b600, 0x000002396a60bc88]
Event: 8.717 Thread 0x000002390553b800 7153       1       org.springframework.aop.framework.autoproxy.AbstractAutoProxyCreator::determineCandidateConstructors (2 bytes)
Event: 8.717 Thread 0x000002390553b800 nmethod 7153 0x00000239710ff390 code [0x00000239710ff520, 0x00000239710ff5d8]
Event: 8.719 Thread 0x000002390553b800 7154       1       org.springframework.beans.factory.support.AbstractAutowireCapableBeanFactory::getLogger (5 bytes)
Event: 8.719 Thread 0x000002390553b800 nmethod 7154 0x00000239710ff690 code [0x00000239710ff820, 0x00000239710ff8d8]
Event: 8.719 Thread 0x000002390553b800 7155       2       org.springframework.beans.factory.annotation.InitDestroyAnnotationBeanPostProcessor::postProcessAfterInitialization (2 bytes)
Event: 8.719 Thread 0x000002390553b800 nmethod 7155 0x000002396a60c090 code [0x000002396a60c220, 0x000002396a60c318]
Event: 8.719 Thread 0x000002390553b800 7156   !   2       org.springframework.beans.factory.support.DefaultSingletonBeanRegistry::registerDependentBean (115 bytes)

GC Heap History (10 events):
Event: 3.018 GC heap before
{Heap before GC invocations=5 (full 0):
 garbage-first heap   total 262144K, used 94707K [0x0000000700c00000, 0x0000000800000000)
  region size 1024K, 85 young (87040K), 4 survivors (4096K)
 Metaspace       used 33782K, capacity 34713K, committed 34816K, reserved 1079296K
  class space    used 3963K, capacity 4325K, committed 4352K, reserved 1048576K
}
Event: 3.024 GC heap after
{Heap after GC invocations=6 (full 0):
 garbage-first heap   total 262144K, used 15293K [0x0000000700c00000, 0x0000000800000000)
  region size 1024K, 7 young (7168K), 7 survivors (7168K)
 Metaspace       used 33782K, capacity 34713K, committed 34816K, reserved 1079296K
  class space    used 3963K, capacity 4325K, committed 4352K, reserved 1048576K
}
Event: 3.207 GC heap before
{Heap before GC invocations=6 (full 0):
 garbage-first heap   total 262144K, used 30653K [0x0000000700c00000, 0x0000000800000000)
  region size 1024K, 23 young (23552K), 7 survivors (7168K)
 Metaspace       used 34880K, capacity 35797K, committed 35840K, reserved 1081344K
  class space    used 4101K, capacity 4472K, committed 4480K, reserved 1048576K
}
Event: 3.215 GC heap after
{Heap after GC invocations=7 (full 0):
 garbage-first heap   total 262144K, used 15348K [0x0000000700c00000, 0x0000000800000000)
  region size 1024K, 7 young (7168K), 7 survivors (7168K)
 Metaspace       used 34880K, capacity 35797K, committed 35840K, reserved 1081344K
  class space    used 4101K, capacity 4472K, committed 4480K, reserved 1048576K
}
Event: 5.639 GC heap before
{Heap before GC invocations=8 (full 0):
 garbage-first heap   total 262144K, used 147444K [0x0000000700c00000, 0x0000000800000000)
  region size 1024K, 136 young (139264K), 7 survivors (7168K)
 Metaspace       used 46914K, capacity 48448K, committed 48640K, reserved 1091584K
  class space    used 5749K, capacity 6360K, committed 6400K, reserved 1048576K
}
Event: 5.649 GC heap after
{Heap after GC invocations=9 (full 0):
 garbage-first heap   total 262144K, used 21745K [0x0000000700c00000, 0x0000000800000000)
  region size 1024K, 14 young (14336K), 14 survivors (14336K)
 Metaspace       used 46914K, capacity 48448K, committed 48640K, reserved 1091584K
  class space    used 5749K, capacity 6360K, committed 6400K, reserved 1048576K
}
Event: 6.592 GC heap before
{Heap before GC invocations=9 (full 0):
 garbage-first heap   total 262144K, used 92401K [0x0000000700c00000, 0x0000000800000000)
  region size 1024K, 85 young (87040K), 14 survivors (14336K)
 Metaspace       used 58426K, capacity 60129K, committed 60160K, reserved 1101824K
  class space    used 7360K, capacity 8038K, committed 8064K, reserved 1048576K
}
Event: 6.606 GC heap after
{Heap after GC invocations=10 (full 0):
 garbage-first heap   total 262144K, used 26259K [0x0000000700c00000, 0x0000000800000000)
  region size 1024K, 15 young (15360K), 15 survivors (15360K)
 Metaspace       used 58426K, capacity 60129K, committed 60160K, reserved 1101824K
  class space    used 7360K, capacity 8038K, committed 8064K, reserved 1048576K
}
Event: 8.508 GC heap before
{Heap before GC invocations=11 (full 0):
 garbage-first heap   total 262144K, used 167571K [0x0000000700c00000, 0x0000000800000000)
  region size 1024K, 153 young (156672K), 15 survivors (15360K)
 Metaspace       used 70120K, capacity 72224K, committed 72320K, reserved 1112064K
  class space    used 8931K, capacity 9762K, committed 9856K, reserved 1048576K
}
Event: 8.529 GC heap after
{Heap after GC invocations=12 (full 0):
 garbage-first heap   total 315392K, used 31464K [0x0000000700c00000, 0x0000000800000000)
  region size 1024K, 11 young (11264K), 11 survivors (11264K)
 Metaspace       used 70120K, capacity 72224K, committed 72320K, reserved 1112064K
  class space    used 8931K, capacity 9762K, committed 9856K, reserved 1048576K
}

Deoptimization events (10 events):
Event: 7.954 Thread 0x0000023906b76800 Uncommon trap: reason=speculate_null_assert action=make_not_entrant pc=0x0000023970d14f18 method=org.springframework.util.ConcurrentReferenceHashMap$Segment.restructureIfNecessary(Z)V @ 41 c2
Event: 8.286 Thread 0x0000023906b76800 Uncommon trap: reason=unstable_if action=reinterpret pc=0x0000023970f5e820 method=org.springframework.core.annotation.TypeMappedAnnotations$MergedAnnotationFinder.doWithAnnotations(Ljava/lang/Object;ILjava/lang/Object;[Ljava/lang/annotation/Annotation;)Lo
Event: 8.288 Thread 0x0000023906b76800 Uncommon trap: reason=class_check action=maybe_recompile pc=0x0000023970ec26f0 method=java.util.concurrent.ConcurrentHashMap.get(Ljava/lang/Object;)Ljava/lang/Object; @ 93 c2
Event: 8.288 Thread 0x0000023906b76800 Uncommon trap: reason=class_check action=maybe_recompile pc=0x0000023970ec26f0 method=java.util.concurrent.ConcurrentHashMap.get(Ljava/lang/Object;)Ljava/lang/Object; @ 93 c2
Event: 8.288 Thread 0x0000023906b76800 Uncommon trap: reason=class_check action=maybe_recompile pc=0x0000023970ec26f0 method=java.util.concurrent.ConcurrentHashMap.get(Ljava/lang/Object;)Ljava/lang/Object; @ 93 c2
Event: 8.288 Thread 0x0000023906b76800 Uncommon trap: reason=class_check action=maybe_recompile pc=0x0000023970ec26f0 method=java.util.concurrent.ConcurrentHashMap.get(Ljava/lang/Object;)Ljava/lang/Object; @ 93 c2
Event: 8.397 Thread 0x0000023906b76800 Uncommon trap: reason=unstable_if action=reinterpret pc=0x00000239710da730 method=org.springframework.core.annotation.AnnotationsScanner.processMethodHierarchy(Ljava/lang/Object;[ILjava/lang/Class;Lorg/springframework/core/annotation/AnnotationsProcessor;
Event: 8.397 Thread 0x0000023906b76800 Uncommon trap: reason=unstable_if action=reinterpret pc=0x00000239710db1e8 method=org.springframework.core.annotation.AnnotationsScanner.processMethodHierarchy(Ljava/lang/Object;[ILjava/lang/Class;Lorg/springframework/core/annotation/AnnotationsProcessor;
Event: 8.402 Thread 0x0000023906b76800 Uncommon trap: reason=null_check action=make_not_entrant pc=0x0000023970df4214 method=org.springframework.util.ClassUtils.isAssignable(Ljava/lang/Class;Ljava/lang/Class;)Z @ 14 c2
Event: 8.430 Thread 0x0000023906b76800 Uncommon trap: reason=unstable_if action=reinterpret pc=0x0000023970eb1b58 method=org.springframework.aop.framework.autoproxy.AbstractAutoProxyCreator.predictBeanType(Ljava/lang/Class;Ljava/lang/String;)Ljava/lang/Class; @ 9 c2

Classes redefined (0 events):
No events

Internal exceptions (10 events):
Event: 8.371 Thread 0x0000023906b76800 Exception <a 'java/lang/reflect/InvocationTargetException'{0x00000007084a7f08}> (0x00000007084a7f08) thrown at [./open/src/hotspot/share/runtime/reflection.cpp, line 1242]
Event: 8.372 Thread 0x0000023906b76800 Exception <a 'java/lang/reflect/InvocationTargetException'{0x00000007084b1230}> (0x00000007084b1230) thrown at [./open/src/hotspot/share/runtime/reflection.cpp, line 1242]
Event: 8.400 Thread 0x0000023906b76800 Exception <a 'java/lang/reflect/InvocationTargetException'{0x0000000707f3e178}> (0x0000000707f3e178) thrown at [./open/src/hotspot/share/runtime/reflection.cpp, line 1242]
Event: 8.401 Thread 0x0000023906b76800 Exception <a 'java/lang/reflect/InvocationTargetException'{0x0000000707f4a610}> (0x0000000707f4a610) thrown at [./open/src/hotspot/share/runtime/reflection.cpp, line 1242]
Event: 8.403 Thread 0x0000023906b76800 Exception <a 'java/lang/reflect/InvocationTargetException'{0x0000000707f532d0}> (0x0000000707f532d0) thrown at [./open/src/hotspot/share/runtime/reflection.cpp, line 1242]
Event: 8.476 Thread 0x0000023906b76800 Exception <a 'java/lang/ClassNotFoundException'{0x00000007079e6480}: java/lang/ObjectCustomizer> (0x00000007079e6480) thrown at [./open/src/hotspot/share/classfile/systemDictionary.cpp, line 226]
Event: 8.477 Thread 0x0000023906b76800 Exception <a 'java/lang/ClassNotFoundException'{0x00000007079fb7c0}: group5/swp391/onlinelearning/entity/WalletCustomizer> (0x00000007079fb7c0) thrown at [./open/src/hotspot/share/classfile/systemDictionary.cpp, line 226]
Event: 8.490 Thread 0x0000023906b76800 Exception <a 'java/lang/reflect/InvocationTargetException'{0x00000007075aec80}> (0x00000007075aec80) thrown at [./open/src/hotspot/share/runtime/reflection.cpp, line 1242]
Event: 8.540 Thread 0x0000023906b76800 Exception <a 'java/lang/reflect/InvocationTargetException'{0x0000000713ddf330}> (0x0000000713ddf330) thrown at [./open/src/hotspot/share/runtime/reflection.cpp, line 1242]
Event: 8.543 Thread 0x0000023906b76800 Exception <a 'java/lang/reflect/InvocationTargetException'{0x0000000713debd18}> (0x0000000713debd18) thrown at [./open/src/hotspot/share/runtime/reflection.cpp, line 1242]

Events (10 events):
Event: 8.682 Executing VM operation: ChangeBreakpoints
Event: 8.684 Executing VM operation: ChangeBreakpoints done
Event: 8.705 Thread 0x0000023906b76800 DEOPT PACKING pc=0x0000023971044754 sp=0x000000642c1fb8c0
Event: 8.705 Thread 0x0000023906b76800 DEOPT UNPACKING pc=0x00000239691abb5e sp=0x000000642c1fad40 mode 1
Event: 8.705 Thread 0x0000023906b76800 DEOPT PACKING pc=0x000002396a17096c sp=0x000000642c1fb8f0
Event: 8.705 Thread 0x0000023906b76800 DEOPT UNPACKING pc=0x00000239691abb5e sp=0x000000642c1fade0 mode 1
Event: 8.710 Executing VM operation: ThreadsSuspendJVMTI
Event: 8.710 Executing VM operation: ThreadsSuspendJVMTI done
Event: 8.711 Executing VM operation: ChangeBreakpoints
Event: 8.715 Executing VM operation: ChangeBreakpoints done


Dynamic libraries:
0x00007ff65b1b0000 - 0x00007ff65b1c0000 	C:\Program Files\Java\jdk-11\bin\java.exe
0x00007ff941dd0000 - 0x00007ff941fc8000 	C:\WINDOWS\SYSTEM32\ntdll.dll
0x00007ff940a70000 - 0x00007ff940b2f000 	C:\WINDOWS\System32\KERNEL32.DLL
0x00007ff93f5e0000 - 0x00007ff93f8d6000 	C:\WINDOWS\System32\KERNELBASE.dll
0x00007ff93f4b0000 - 0x00007ff93f5b0000 	C:\WINDOWS\System32\ucrtbase.dll
0x00007ff93cd10000 - 0x00007ff93cd28000 	C:\Program Files\Java\jdk-11\bin\jli.dll
0x00007ff93cc80000 - 0x00007ff93cc9b000 	C:\Program Files\Java\jdk-11\bin\VCRUNTIME140.dll
0x00007ff940270000 - 0x00007ff94031f000 	C:\WINDOWS\System32\ADVAPI32.dll
0x00007ff9409d0000 - 0x00007ff940a6e000 	C:\WINDOWS\System32\msvcrt.dll
0x00007ff941cf0000 - 0x00007ff941d8c000 	C:\WINDOWS\System32\sechost.dll
0x00007ff940840000 - 0x00007ff940966000 	C:\WINDOWS\System32\RPCRT4.dll
0x00007ff940be0000 - 0x00007ff940d7d000 	C:\WINDOWS\System32\USER32.dll
0x00007ff93fad0000 - 0x00007ff93faf2000 	C:\WINDOWS\System32\win32u.dll
0x00007ff929c00000 - 0x00007ff929e9a000 	C:\WINDOWS\WinSxS\amd64_microsoft.windows.common-controls_6595b64144ccf1df_6.0.19041.1110_none_60b5254171f9507e\COMCTL32.dll
0x00007ff940b50000 - 0x00007ff940b7c000 	C:\WINDOWS\System32\GDI32.dll
0x00007ff93fd10000 - 0x00007ff93fe25000 	C:\WINDOWS\System32\gdi32full.dll
0x00007ff93f930000 - 0x00007ff93f9cd000 	C:\WINDOWS\System32\msvcp_win.dll
0x00007ff938440000 - 0x00007ff93844a000 	C:\WINDOWS\SYSTEM32\VERSION.dll
0x00007ff940240000 - 0x00007ff940270000 	C:\WINDOWS\System32\IMM32.DLL
0x00007ff93ab70000 - 0x00007ff93ab7c000 	C:\Program Files\Java\jdk-11\bin\vcruntime140_1.dll
0x00007ff90d6b0000 - 0x00007ff90d73e000 	C:\Program Files\Java\jdk-11\bin\msvcp140.dll
0x00007ff860ae0000 - 0x00007ff861648000 	C:\Program Files\Java\jdk-11\bin\server\jvm.dll
0x00007ff941c80000 - 0x00007ff941c88000 	C:\WINDOWS\System32\PSAPI.DLL
0x00007ff8e52e0000 - 0x00007ff8e52e9000 	C:\WINDOWS\SYSTEM32\WSOCK32.dll
0x00007ff931c10000 - 0x00007ff931c37000 	C:\WINDOWS\SYSTEM32\WINMM.dll
0x00007ff940ea0000 - 0x00007ff940f0b000 	C:\WINDOWS\System32\WS2_32.dll
0x00007ff93d380000 - 0x00007ff93d392000 	C:\WINDOWS\SYSTEM32\kernel.appcore.dll
0x00007ff93ab40000 - 0x00007ff93ab50000 	C:\Program Files\Java\jdk-11\bin\verify.dll
0x00007ff92b1c0000 - 0x00007ff92b3a4000 	C:\WINDOWS\SYSTEM32\DBGHELP.DLL
0x00007ff927030000 - 0x00007ff927064000 	C:\WINDOWS\SYSTEM32\dbgcore.DLL
0x00007ff93f9d0000 - 0x00007ff93fa52000 	C:\WINDOWS\System32\bcryptPrimitives.dll
0x00007ff926f90000 - 0x00007ff926fb8000 	C:\Program Files\Java\jdk-11\bin\java.dll
0x00007ff93ab30000 - 0x00007ff93ab3a000 	C:\Program Files\Java\jdk-11\bin\jimage.dll
0x00007ff9135a0000 - 0x00007ff9135d8000 	C:\Program Files\Java\jdk-11\bin\jdwp.dll
0x00007ff926f70000 - 0x00007ff926f87000 	C:\Program Files\Java\jdk-11\bin\zip.dll
0x00007ff941530000 - 0x00007ff941c74000 	C:\WINDOWS\System32\SHELL32.dll
0x00007ff93d580000 - 0x00007ff93dd14000 	C:\WINDOWS\SYSTEM32\windows.storage.dll
0x00007ff93fe30000 - 0x00007ff940184000 	C:\WINDOWS\System32\combase.dll
0x00007ff93eef0000 - 0x00007ff93ef1e000 	C:\WINDOWS\SYSTEM32\Wldp.dll
0x00007ff940320000 - 0x00007ff9403cd000 	C:\WINDOWS\System32\SHCORE.dll
0x00007ff941c90000 - 0x00007ff941ce5000 	C:\WINDOWS\System32\shlwapi.dll
0x00007ff93f3e0000 - 0x00007ff93f405000 	C:\WINDOWS\SYSTEM32\profapi.dll
0x00007ff93ab20000 - 0x00007ff93ab2b000 	C:\Program Files\Java\jdk-11\bin\dt_socket.dll
0x00007ff93ec50000 - 0x00007ff93ecba000 	C:\WINDOWS\System32\mswsock.dll
0x00007ff93e940000 - 0x00007ff93ea0a000 	C:\WINDOWS\SYSTEM32\DNSAPI.dll
0x00007ff93e8f0000 - 0x00007ff93e92c000 	C:\WINDOWS\SYSTEM32\IPHLPAPI.DLL
0x00007ff940830000 - 0x00007ff940838000 	C:\WINDOWS\System32\NSI.dll
0x00007ff92a890000 - 0x00007ff92a912000 	C:\WINDOWS\System32\fwpuclnt.dll
0x00007ff93f5b0000 - 0x00007ff93f5d7000 	C:\WINDOWS\System32\bcrypt.dll
0x00007ff9314f0000 - 0x00007ff9314fa000 	C:\Windows\System32\rasadhlp.dll
0x00007ff926f10000 - 0x00007ff926f29000 	C:\Program Files\Java\jdk-11\bin\net.dll
0x00007ff937b20000 - 0x00007ff937c2a000 	C:\WINDOWS\SYSTEM32\WINHTTP.dll
0x00007ff91ce70000 - 0x00007ff91ce82000 	C:\Program Files\Java\jdk-11\bin\nio.dll
0x00007ff926f00000 - 0x00007ff926f09000 	C:\Program Files\Java\jdk-11\bin\management.dll
0x00007ff91cf30000 - 0x00007ff91cf3b000 	C:\Program Files\Java\jdk-11\bin\management_ext.dll
0x00007ff93ee50000 - 0x00007ff93ee68000 	C:\WINDOWS\SYSTEM32\CRYPTSP.dll
0x00007ff93e500000 - 0x00007ff93e534000 	C:\WINDOWS\system32\rsaenh.dll
0x00007ff93f3a0000 - 0x00007ff93f3ce000 	C:\WINDOWS\SYSTEM32\USERENV.dll
0x00007ff93ee40000 - 0x00007ff93ee4c000 	C:\WINDOWS\SYSTEM32\CRYPTBASE.dll
0x00007ff939010000 - 0x00007ff939027000 	C:\WINDOWS\SYSTEM32\dhcpcsvc6.DLL
0x00007ff938ff0000 - 0x00007ff93900d000 	C:\WINDOWS\SYSTEM32\dhcpcsvc.DLL
0x00007ff920190000 - 0x00007ff9201a7000 	C:\WINDOWS\system32\napinsp.dll
0x00007ff920170000 - 0x00007ff92018b000 	C:\WINDOWS\system32\pnrpnsp.dll
0x00007ff91ffb0000 - 0x00007ff91ffc5000 	C:\WINDOWS\system32\wshbth.dll
0x00007ff93cb40000 - 0x00007ff93cb5d000 	C:\WINDOWS\system32\NLAapi.dll
0x00007ff91ff60000 - 0x00007ff91ff72000 	C:\WINDOWS\System32\winrnr.dll
0x00007ff90d680000 - 0x00007ff90d6a7000 	C:\Program Files\Java\jdk-11\bin\sunec.dll
0x00007ff917fb0000 - 0x00007ff917fbd000 	C:\Program Files\Java\jdk-11\bin\sunmscapi.dll
0x00007ff93fb00000 - 0x00007ff93fc5e000 	C:\WINDOWS\System32\CRYPT32.dll
0x00007ff93ef60000 - 0x00007ff93ef88000 	C:\WINDOWS\SYSTEM32\ncrypt.dll
0x00007ff93ef20000 - 0x00007ff93ef5b000 	C:\WINDOWS\SYSTEM32\NTASN1.dll

dbghelp: loaded successfully - version: 4.0.5 - missing functions: none
symbol engine: initialized successfully - sym options: 0x614 - pdb path: .;C:\Program Files\Java\jdk-11\bin;C:\WINDOWS\SYSTEM32;C:\WINDOWS\WinSxS\amd64_microsoft.windows.common-controls_6595b64144ccf1df_6.0.19041.1110_none_60b5254171f9507e;C:\Program Files\Java\jdk-11\bin\server

VM Arguments:
jvm_args: -agentlib:jdwp=transport=dt_socket,server=n,suspend=y,address=localhost:50794 -Dspring.jmx.enabled=true -Dmanagement.endpoints.jmx.exposure.include=* -Dspring.application.admin.enabled=true -Dspring.boot.project.name=onlinelearning -Djava.rmi.server.hostname=localhost 
java_command: group5.swp391.onlinelearning.MainApp
java_class_path (initial): E:\SWP391_ONVID\onlinelearning\target\classes;C:\Users\Admin\.m2\repository\org\springframework\boot\spring-boot-starter-actuator\2.7.12\spring-boot-starter-actuator-2.7.12.jar;C:\Users\Admin\.m2\repository\org\springframework\boot\spring-boot-starter\2.7.12\spring-boot-starter-2.7.12.jar;C:\Users\Admin\.m2\repository\org\springframework\boot\spring-boot-starter-logging\2.7.12\spring-boot-starter-logging-2.7.12.jar;C:\Users\Admin\.m2\repository\ch\qos\logback\logback-classic\1.2.12\logback-classic-1.2.12.jar;C:\Users\Admin\.m2\repository\ch\qos\logback\logback-core\1.2.12\logback-core-1.2.12.jar;C:\Users\Admin\.m2\repository\org\apache\logging\log4j\log4j-to-slf4j\2.17.2\log4j-to-slf4j-2.17.2.jar;C:\Users\Admin\.m2\repository\org\apache\logging\log4j\log4j-api\2.17.2\log4j-api-2.17.2.jar;C:\Users\Admin\.m2\repository\org\slf4j\jul-to-slf4j\1.7.36\jul-to-slf4j-1.7.36.jar;C:\Users\Admin\.m2\repository\jakarta\annotation\jakarta.annotation-api\1.3.5\jakarta.annotation-api-1.3.5.jar;C:\Users\Admin\.m2\repository\org\yaml\snakeyaml\1.30\snakeyaml-1.30.jar;C:\Users\Admin\.m2\repository\org\springframework\boot\spring-boot-actuator-autoconfigure\2.7.12\spring-boot-actuator-autoconfigure-2.7.12.jar;C:\Users\Admin\.m2\repository\org\springframework\boot\spring-boot-actuator\2.7.12\spring-boot-actuator-2.7.12.jar;C:\Users\Admin\.m2\repository\com\fasterxml\jackson\core\jackson-databind\2.13.5\jackson-databind-2.13.5.jar;C:\Users\Admin\.m2\repository\com\fasterxml\jackson\core\jackson-annotations\2.13.5\jackson-annotations-2.13.5.jar;C:\Users\Admin\.m2\repository\com\fasterxml\jackson\core\jackson-core\2.13.5\jackson-core-2.13.5.jar;C:\Users\Admin\.m2\repository\com\fasterxml\jackson\datatype\jackson-datatype-jsr310\2.13.5\jackson-datatype-jsr310-2.13.5.jar;C:\Users\Admin\.m2\repository\io\micrometer\micrometer-core\1.9.11\micrometer-core-1.9.11.jar;C:\Users\Admin\.m2\repository\org\hdrhistogram\HdrHistogram\2.1.12\HdrHistogram-2.1.12.jar;C:\Users\
Launcher Type: SUN_STANDARD

[Global flags]
     intx CICompilerCount                          = 4                                         {product} {ergonomic}
     uint ConcGCThreads                            = 3                                         {product} {ergonomic}
     uint G1ConcRefinementThreads                  = 10                                        {product} {ergonomic}
   size_t G1HeapRegionSize                         = 1048576                                   {product} {ergonomic}
    uintx GCDrainStackTargetSize                   = 64                                        {product} {ergonomic}
   size_t InitialHeapSize                          = 268435456                                 {product} {ergonomic}
   size_t MarkStackSize                            = 4194304                                   {product} {ergonomic}
   size_t MaxHeapSize                              = 4282384384                                {product} {ergonomic}
   size_t MaxNewSize                               = 2569011200                                {product} {ergonomic}
   size_t MinHeapDeltaBytes                        = 1048576                                   {product} {ergonomic}
    uintx NonNMethodCodeHeapSize                   = 5836300                                {pd product} {ergonomic}
    uintx NonProfiledCodeHeapSize                  = 122910970                              {pd product} {ergonomic}
    uintx ProfiledCodeHeapSize                     = 122910970                              {pd product} {ergonomic}
    uintx ReservedCodeCacheSize                    = 251658240                              {pd product} {ergonomic}
     bool SegmentedCodeCache                       = true                                      {product} {ergonomic}
     bool UseCompressedClassPointers               = true                                 {lp64_product} {ergonomic}
     bool UseCompressedOops                        = true                                 {lp64_product} {ergonomic}
     bool UseG1GC                                  = true                                      {product} {ergonomic}
     bool UseLargePagesIndividualAllocation        = false                                  {pd product} {ergonomic}

Logging:
Log output configuration:
 #0: stdout all=warning uptime,level,tags
 #1: stderr all=off uptime,level,tags

Environment Variables:
JAVA_HOME=C:\Program Files\Java\jdk-11
PATH=C:\Users\Admin\bin;C:\Program Files\Git\mingw64\bin;C:\Program Files\Git\usr\local\bin;C:\Program Files\Git\usr\bin;C:\Program Files\Git\usr\bin;C:\Program Files\Git\mingw64\bin;C:\Program Files\Git\usr\bin;C:\Users\Admin\bin;C:\Python311\Scripts;C:\Python311;C:\Program Files\Common Files\Oracle\Java\javapath;C:\ProgramData\Oracle\Java\javapath;C:\WINDOWS\system32;C:\WINDOWS;C:\WINDOWS\System32\Wbem;C:\WINDOWS\System32\WindowsPowerShell\v1.0;C:\WINDOWS\System32\OpenSSH;C:\Program Files\Java\jdk-18\bin;C:\Program Files (x86)\Microsoft SQL Server\150\Tools\Binn;C:\Program Files\Microsoft SQL Server\150\Tools\Binn;C:\Program Files (x86)\Microsoft SQL Server\150\DTS\Binn;C:\Program Files\Microsoft SQL Server\150\DTS\Binn;C:\Program Files\Microsoft SQL Server\Client SDK\ODBC\170\Tools\Binn;C:\Program Files\Azure Data Studio\bin;C:\Program Files\Git\cmd;C:\Program Files\Cloudflare\Cloudflare WARP;C:\Program Files\dotnet;C:\Program Files\Java\jdk-11\bin;C:\Program Files\nodejs;C:\ProgramData\chocolatey\bin;C:\Program Files\MySQL\MySQL Shell 8.0\bin;C:\Users\Admin\AppData\Local\Microsoft\WindowsApps;C:\Program Files\Azure Data Studio\bin;C:\Users\Admin\AppData\Local\Programs\Microsoft VS Code\bin;C:\Users\Admin\.dotnet\tools;C:\Users\Admin\AppData\Roaming\npm;C:\Program Files\Git\usr\bin\vendor_perl;C:\Program Files\Git\usr\bin\core_perl
USERNAME=Admin
SHELL=C:\Program Files\Git\usr\bin\bash.exe
DISPLAY=needs-to-be-defined
OS=Windows_NT
PROCESSOR_IDENTIFIER=AMD64 Family 23 Model 8 Stepping 2, AuthenticAMD



---------------  S Y S T E M  ---------------

OS: Windows 10 , 64 bit Build 19041 (10.0.19041.3155)

CPU:total 12 (initial active 12) (12 cores per cpu, 2 threads per core) family 23 model 8 stepping 2 microcode 0x0, cmov, cx8, fxsr, mmx, sse, sse2, sse3, ssse3, sse4.1, sse4.2, popcnt, avx, avx2, aes, clmul, mmxext, 3dnowpref, lzcnt, sse4a, ht, tsc, tscinvbit, tscinv, bmi1, bmi2, adx, s

Memory: 4k page, system-wide physical 16334M (1952M free)
TotalPageFile size 26826M (AvailPageFile size 3M)
current process WorkingSet (physical memory assigned to process): 551M, peak: 556M
current process commit charge ("private bytes"): 694M, peak: 700M

vm_info: Java HotSpot(TM) 64-Bit Server VM (11.0.18+9-LTS-195) for windows-amd64 JRE (11.0.18+9-LTS-195), built on Dec  6 2022 15:50:58 by "mach5one" with MS VC++ 17.1 (VS2022)

END.
