#
# There is insufficient memory for the Java Runtime Environment to continue.
# Native memory allocation (malloc) failed to allocate 2097152 bytes for AllocateHeap
# Possible reasons:
#   The system is out of physical RAM or swap space
#   The process is running with CompressedOops enabled, and the Java Heap may be blocking the growth of the native heap
# Possible solutions:
#   Reduce memory load on the system
#   Increase physical memory or swap space
#   Check if swap backing store is full
#   Decrease Java heap size (-Xmx/-Xms)
#   Decrease number of Java threads
#   Decrease Java thread stack sizes (-Xss)
#   Set larger code cache with -XX:ReservedCodeCacheSize=
#   JVM is running with Unscaled Compressed Oops mode in which the Java heap is
#     placed in the first 4GB address space. The Java Heap base address is the
#     maximum limit for the native heap growth. Please use -XX:HeapBaseMinAddress
#     to set the Java Heap base and to place the Java Heap above 4GB virtual address.
# This output file may be truncated or incomplete.
#
#  Out of Memory Error (allocation.cpp:44), pid=14488, tid=24008
#
# JRE version: OpenJDK Runtime Environment Temurin-17.0.7+7 (17.0.7+7) (build 17.0.7+7)
# Java VM: OpenJDK 64-Bit Server VM Temurin-17.0.7+7 (17.0.7+7, mixed mode, emulated-client, tiered, compressed oops, compressed class ptrs, g1 gc, windows-amd64)
# No core dump will be written. Minidumps are not enabled by default on client versions of Windows
#

---------------  S U M M A R Y ------------

Command Line: -XX:+HeapDumpOnOutOfMemoryError -Xmx1024m -Dsts.lsp.client=vscode -Dsts.log.file=/dev/null -XX:TieredStopAtLevel=1 -Xlog:jni+resolve=off -Dspring.config.location=file:c:\Users\khami\.vscode\extensions\vmware.vscode-spring-boot-1.47.0\language-server\BOOT-INF\classes\application.properties org.springframework.ide.vscode.boot.app.BootLanguageServerBootApp

Host: Intel(R) Core(TM) i7-10750H CPU @ 2.60GHz, 12 cores, 15G,  Windows 11 , 64 bit Build 25905 (10.0.25905.1000)
Time: Tue Jul 18 20:39:34 2023 SE Asia Standard Time elapsed time: 6262.875639 seconds (0d 1h 44m 22s)

---------------  T H R E A D  ---------------

Current thread (0x000002754f404e30):  VMThread "VM Thread" [stack: 0x000000e293a00000,0x000000e293b00000] [id=24008]

Stack: [0x000000e293a00000,0x000000e293b00000]
Native frames: (J=compiled Java code, j=interpreted, Vv=VM code, C=native code)
V  [jvm.dll+0x67754a]
V  [jvm.dll+0x834304]
V  [jvm.dll+0x835aae]
V  [jvm.dll+0x836113]
V  [jvm.dll+0x24696f]
V  [jvm.dll+0xa681f]
V  [jvm.dll+0x2f7481]
V  [jvm.dll+0x2f30f0]
V  [jvm.dll+0x2db6c7]
V  [jvm.dll+0x31e777]
V  [jvm.dll+0x83a5bb]
V  [jvm.dll+0x83b2f4]
V  [jvm.dll+0x83b80c]
V  [jvm.dll+0x83bbe4]
V  [jvm.dll+0x83bcb0]
V  [jvm.dll+0x7e4e7a]
V  [jvm.dll+0x676395]
C  [ucrtbase.dll+0x609e1]
C  [KERNEL32.DLL+0x124d8]
C  [ntdll.dll+0x4091]

VM_Operation (0x000000e2956feb30): G1CollectFull, mode: safepoint, requested by thread 0x0000027555417060


---------------  P R O C E S S  ---------------

Threads class SMR info:
_java_thread_list=0x000002755f3bc550, length=32, elements={
0x000002754f41c390, 0x000002754f41de60, 0x000002754f452800, 0x000002754f4530c0,
0x000002754f453980, 0x000002754f454240, 0x000002754f455720, 0x000002754f463c20,
0x000002754f68df80, 0x000002754f698300, 0x00000275553d5820, 0x00000275553d5cf0,
0x0000027555417060, 0x0000027555425ba0, 0x000002754419adc0, 0x000002755547c740,
0x00000275554bf220, 0x00000275554d4370, 0x0000027555654fb0, 0x0000027555658e40,
0x00000275556537a0, 0x0000027555652930, 0x0000027555654ae0, 0x0000027555651f90,
0x000002755f1991b0, 0x000002755f1974d0, 0x000002755f19b830, 0x000002755f19d510,
0x000002755f19bd00, 0x000002755f195cc0, 0x000002755f196190, 0x000002755f199680
}

Java Threads: ( => current thread )
  0x000002754f41c390 JavaThread "Reference Handler" daemon [_thread_blocked, id=22304, stack(0x000000e293b00000,0x000000e293c00000)]
  0x000002754f41de60 JavaThread "Finalizer" daemon [_thread_blocked, id=21448, stack(0x000000e293c00000,0x000000e293d00000)]
  0x000002754f452800 JavaThread "Signal Dispatcher" daemon [_thread_blocked, id=10472, stack(0x000000e293d00000,0x000000e293e00000)]
  0x000002754f4530c0 JavaThread "Attach Listener" daemon [_thread_blocked, id=6248, stack(0x000000e293e00000,0x000000e293f00000)]
  0x000002754f453980 JavaThread "Service Thread" daemon [_thread_blocked, id=13004, stack(0x000000e293f00000,0x000000e294000000)]
  0x000002754f454240 JavaThread "Monitor Deflation Thread" daemon [_thread_blocked, id=23164, stack(0x000000e294000000,0x000000e294100000)]
  0x000002754f455720 JavaThread "C1 CompilerThread0" daemon [_thread_blocked, id=9964, stack(0x000000e294100000,0x000000e294200000)]
  0x000002754f463c20 JavaThread "Sweeper thread" daemon [_thread_blocked, id=15520, stack(0x000000e294200000,0x000000e294300000)]
  0x000002754f68df80 JavaThread "Notification Thread" daemon [_thread_blocked, id=1444, stack(0x000000e294400000,0x000000e294500000)]
  0x000002754f698300 JavaThread "Common-Cleaner" daemon [_thread_blocked, id=9224, stack(0x000000e294600000,0x000000e294700000)]
  0x00000275553d5820 JavaThread "boundedElastic-evictor-1" daemon [_thread_blocked, id=19180, stack(0x000000e294e00000,0x000000e294f00000)]
  0x00000275553d5cf0 JavaThread "boundedElastic-evictor-2" daemon [_thread_blocked, id=11580, stack(0x000000e295500000,0x000000e295600000)]
  0x0000027555417060 JavaThread "pool-10-thread-1" [_thread_blocked, id=4972, stack(0x000000e295600000,0x000000e295700000)]
  0x0000027555425ba0 JavaThread "LanguageServerApp-lifecycle" [_thread_blocked, id=1724, stack(0x000000e295700000,0x000000e295800000)]
  0x000002754419adc0 JavaThread "DestroyJavaVM" [_thread_blocked, id=6772, stack(0x000000e293400000,0x000000e293500000)]
  0x000002755547c740 JavaThread "pool-11-thread-1" [_thread_in_native, id=3920, stack(0x000000e295800000,0x000000e295900000)]
  0x00000275554bf220 JavaThread "Simple-Language-Server main thread" daemon [_thread_blocked, id=5704, stack(0x000000e295900000,0x000000e295a00000)]
  0x00000275554d4370 JavaThread "pool-6-thread-1" [_thread_blocked, id=16712, stack(0x000000e295d00000,0x000000e295e00000)]
  0x0000027555654fb0 JavaThread "parallel-1" daemon [_thread_blocked, id=24500, stack(0x000000e297200000,0x000000e297300000)]
  0x0000027555658e40 JavaThread "pool-4-thread-1" [_thread_blocked, id=21652, stack(0x000000e297600000,0x000000e297700000)]
  0x00000275556537a0 JavaThread "parallel-2" daemon [_thread_blocked, id=3900, stack(0x000000e297700000,0x000000e297800000)]
  0x0000027555652930 JavaThread "parallel-3" daemon [_thread_blocked, id=5292, stack(0x000000e295f00000,0x000000e296000000)]
  0x0000027555654ae0 JavaThread "parallel-4" daemon [_thread_blocked, id=11820, stack(0x000000e296000000,0x000000e296100000)]
  0x0000027555651f90 JavaThread "Reconciler-1" daemon [_thread_blocked, id=9164, stack(0x000000e296200000,0x000000e296300000)]
  0x000002755f1991b0 JavaThread "parallel-5" daemon [_thread_blocked, id=1860, stack(0x000000e294300000,0x000000e294400000)]
  0x000002755f1974d0 JavaThread "parallel-6" daemon [_thread_blocked, id=21560, stack(0x000000e293200000,0x000000e293300000)]
  0x000002755f19b830 JavaThread "parallel-7" daemon [_thread_blocked, id=17440, stack(0x000000e295a00000,0x000000e295b00000)]
  0x000002755f19d510 JavaThread "parallel-8" daemon [_thread_blocked, id=5216, stack(0x000000e295b00000,0x000000e295c00000)]
  0x000002755f19bd00 JavaThread "parallel-9" daemon [_thread_blocked, id=24552, stack(0x000000e295c00000,0x000000e295d00000)]
  0x000002755f195cc0 JavaThread "parallel-10" daemon [_thread_blocked, id=3112, stack(0x000000e296100000,0x000000e296200000)]
  0x000002755f196190 JavaThread "parallel-11" daemon [_thread_blocked, id=17380, stack(0x000000e296300000,0x000000e296400000)]
  0x000002755f199680 JavaThread "parallel-12" daemon [_thread_blocked, id=15208, stack(0x000000e296600000,0x000000e296700000)]

Other Threads:
=>0x000002754f404e30 VMThread "VM Thread" [stack: 0x000000e293a00000,0x000000e293b00000] [id=24008]
  0x00000275441e89d0 WatcherThread [stack: 0x000000e294500000,0x000000e294600000] [id=8836]
  0x00000275441d66c0 GCTaskThread "GC Thread#0" [stack: 0x000000e293500000,0x000000e293600000] [id=2340]
  0x000002754f51c6b0 GCTaskThread "GC Thread#1" [stack: 0x000000e294700000,0x000000e294800000] [id=4896]
  0x00000275549667f0 GCTaskThread "GC Thread#2" [stack: 0x000000e294800000,0x000000e294900000] [id=5320]
  0x0000027554966aa0 GCTaskThread "GC Thread#3" [stack: 0x000000e294900000,0x000000e294a00000] [id=3612]
  0x0000027554966d50 GCTaskThread "GC Thread#4" [stack: 0x000000e294a00000,0x000000e294b00000] [id=13624]
  0x0000027554967000 GCTaskThread "GC Thread#5" [stack: 0x000000e294b00000,0x000000e294c00000] [id=15076]
  0x0000027554bf2a00 GCTaskThread "GC Thread#6" [stack: 0x000000e294c00000,0x000000e294d00000] [id=4840]
  0x0000027554bf2cb0 GCTaskThread "GC Thread#7" [stack: 0x000000e294d00000,0x000000e294e00000] [id=2624]
  0x00000275548e8800 GCTaskThread "GC Thread#8" [stack: 0x000000e295100000,0x000000e295200000] [id=21328]
  0x000002754f4ecb60 GCTaskThread "GC Thread#9" [stack: 0x000000e295200000,0x000000e295300000] [id=20492]
  0x00000275441df510 ConcurrentGCThread "G1 Main Marker" [stack: 0x000000e293600000,0x000000e293700000] [id=12804]
  0x00000275441e0e40 ConcurrentGCThread "G1 Conc#0" [stack: 0x000000e293700000,0x000000e293800000] [id=22980]
  0x00000275547d47a0 ConcurrentGCThread "G1 Conc#1" [stack: 0x000000e295300000,0x000000e295400000] [id=16240]
  0x000002755427b220 ConcurrentGCThread "G1 Conc#2" [stack: 0x000000e295400000,0x000000e295500000] [id=23724]
  0x000002754424d230 ConcurrentGCThread "G1 Refine#0" [stack: 0x000000e293800000,0x000000e293900000] [id=15328]
  0x0000027554e791a0 ConcurrentGCThread "G1 Refine#1" [stack: 0x000000e297800000,0x000000e297900000] [id=16136]
  0x0000027554e79480 ConcurrentGCThread "G1 Refine#2" [stack: 0x000000e297b00000,0x000000e297c00000] [id=21068]
  0x0000027556776e80 ConcurrentGCThread "G1 Refine#3" [stack: 0x000000e297d00000,0x000000e297e00000] [id=432]
  0x0000027556777a00 ConcurrentGCThread "G1 Refine#4" [stack: 0x000000e297e00000,0x000000e297f00000] [id=19124]
  0x0000027556777720 ConcurrentGCThread "G1 Refine#5" [stack: 0x000000e298000000,0x000000e298100000] [id=8012]
  0x0000027556777160 ConcurrentGCThread "G1 Refine#6" [stack: 0x000000e298100000,0x000000e298200000] [id=12520]
  0x0000027556777ce0 ConcurrentGCThread "G1 Refine#7" [stack: 0x000000e298200000,0x000000e298300000] [id=15180]
  0x0000027556777fc0 ConcurrentGCThread "G1 Refine#8" [stack: 0x000000e298300000,0x000000e298400000] [id=6436]
  0x0000027556776ba0 ConcurrentGCThread "G1 Refine#9" [stack: 0x000000e298400000,0x000000e298500000] [id=22788]
  0x000002754424ea10 ConcurrentGCThread "G1 Service" [stack: 0x000000e293900000,0x000000e293a00000] [id=5076]

Threads with active compile tasks:

VM state: at safepoint (normal execution)

VM Mutex/Monitor currently owned by a thread:  ([mutex/lock_event])
[0x0000027544196300] Threads_lock - owner thread: 0x000002754f404e30
[0x00000275441945c0] Heap_lock - owner thread: 0x0000027555417060

Heap address: 0x00000000c0000000, size: 1024 MB, Compressed Oops mode: 32-bit

CDS archive(s) not mapped
Compressed class space mapped at: 0x0000000100000000-0x0000000140000000, reserved size: 1073741824
Narrow klass base: 0x0000000000000000, Narrow klass shift: 3, Narrow klass range: 0x140000000

GC Precious Log:
 CPUs: 12 total, 12 available
 Memory: 16160M
 Large Page Support: Disabled
 NUMA Support: Disabled
 Compressed Oops: Enabled (32-bit)
 Heap Region Size: 1M
 Heap Min Capacity: 8M
 Heap Initial Capacity: 254M
 Heap Max Capacity: 1G
 Pre-touch: Disabled
 Parallel Workers: 10
 Concurrent Workers: 3
 Concurrent Refinement Workers: 10
 Periodic GC: Disabled

Heap:
 garbage-first heap   total 317440K, used 93544K [0x00000000c0000000, 0x0000000100000000)
  region size 1024K, 1 young (1024K), 0 survivors (0K)
 Metaspace       used 76023K, committed 76608K, reserved 1179648K
  class space    used 10429K, committed 10688K, reserved 1048576K

Heap Regions: E=young(eden), S=young(survivor), O=old, HS=humongous(starts), HC=humongous(continues), CS=collection set, F=free, OA=open archive, CA=closed archive, TAMS=top-at-mark-start (previous, next)
|   0|0x00000000c0000000, 0x00000000c0100000, 0x00000000c0100000|100%|HS|  |TAMS 0x00000000c0100000, 0x00000000c0000000| Untracked 
|   1|0x00000000c0100000, 0x00000000c01ffff0, 0x00000000c0200000| 99%| O|  |TAMS 0x00000000c01ffff0, 0x00000000c0100000| Untracked 
|   2|0x00000000c0200000, 0x00000000c02fffe8, 0x00000000c0300000| 99%| O|  |TAMS 0x00000000c02fffe8, 0x00000000c0200000| Untracked 
|   3|0x00000000c0300000, 0x00000000c0400000, 0x00000000c0400000|100%| O|  |TAMS 0x00000000c0400000, 0x00000000c0300000| Untracked 
|   4|0x00000000c0400000, 0x00000000c04fffc8, 0x00000000c0500000| 99%| O|  |TAMS 0x00000000c04fffc8, 0x00000000c0400000| Untracked 
|   5|0x00000000c0500000, 0x00000000c0600000, 0x00000000c0600000|100%| O|  |TAMS 0x00000000c0600000, 0x00000000c0500000| Untracked 
|   6|0x00000000c0600000, 0x00000000c0700000, 0x00000000c0700000|100%| O|  |TAMS 0x00000000c0700000, 0x00000000c0600000| Untracked 
|   7|0x00000000c0700000, 0x00000000c0800000, 0x00000000c0800000|100%| O|  |TAMS 0x00000000c0800000, 0x00000000c0700000| Untracked 
|   8|0x00000000c0800000, 0x00000000c08feb70, 0x00000000c0900000| 99%| O|  |TAMS 0x00000000c08feb70, 0x00000000c0800000| Untracked 
|   9|0x00000000c0900000, 0x00000000c09ffff8, 0x00000000c0a00000| 99%| O|  |TAMS 0x00000000c09ffff8, 0x00000000c0900000| Untracked 
|  10|0x00000000c0a00000, 0x00000000c0affff8, 0x00000000c0b00000| 99%| O|  |TAMS 0x00000000c0affff8, 0x00000000c0a00000| Untracked 
|  11|0x00000000c0b00000, 0x00000000c0c00000, 0x00000000c0c00000|100%| O|  |TAMS 0x00000000c0c00000, 0x00000000c0b00000| Untracked 
|  12|0x00000000c0c00000, 0x00000000c0cffff0, 0x00000000c0d00000| 99%| O|  |TAMS 0x00000000c0cffff0, 0x00000000c0c00000| Untracked 
|  13|0x00000000c0d00000, 0x00000000c0dffff8, 0x00000000c0e00000| 99%| O|  |TAMS 0x00000000c0dffff8, 0x00000000c0d00000| Untracked 
|  14|0x00000000c0e00000, 0x00000000c0efffc0, 0x00000000c0f00000| 99%| O|  |TAMS 0x00000000c0efffc0, 0x00000000c0e00000| Untracked 
|  15|0x00000000c0f00000, 0x00000000c1000000, 0x00000000c1000000|100%| O|  |TAMS 0x00000000c1000000, 0x00000000c0f00000| Untracked 
|  16|0x00000000c1000000, 0x00000000c10febb8, 0x00000000c1100000| 99%| O|  |TAMS 0x00000000c10febb8, 0x00000000c1000000| Untracked 
|  17|0x00000000c1100000, 0x00000000c11f9458, 0x00000000c1200000| 97%| O|  |TAMS 0x00000000c11f9458, 0x00000000c1100000| Untracked 
|  18|0x00000000c1200000, 0x00000000c12fffe0, 0x00000000c1300000| 99%| O|  |TAMS 0x00000000c12fffe0, 0x00000000c1200000| Untracked 
|  19|0x00000000c1300000, 0x00000000c1400000, 0x00000000c1400000|100%| O|  |TAMS 0x00000000c1400000, 0x00000000c1300000| Untracked 
|  20|0x00000000c1400000, 0x00000000c14fffc0, 0x00000000c1500000| 99%| O|  |TAMS 0x00000000c14fffc0, 0x00000000c1400000| Untracked 
|  21|0x00000000c1500000, 0x00000000c1600000, 0x00000000c1600000|100%| O|  |TAMS 0x00000000c1600000, 0x00000000c1500000| Untracked 
|  22|0x00000000c1600000, 0x00000000c1700000, 0x00000000c1700000|100%| O|  |TAMS 0x00000000c1700000, 0x00000000c1600000| Untracked 
|  23|0x00000000c1700000, 0x00000000c17ffff0, 0x00000000c1800000| 99%| O|  |TAMS 0x00000000c17ffff0, 0x00000000c1700000| Untracked 
|  24|0x00000000c1800000, 0x00000000c18fffc0, 0x00000000c1900000| 99%| O|  |TAMS 0x00000000c18fffc0, 0x00000000c1800000| Untracked 
|  25|0x00000000c1900000, 0x00000000c19ffff8, 0x00000000c1a00000| 99%| O|  |TAMS 0x00000000c19ffff8, 0x00000000c1900000| Untracked 
|  26|0x00000000c1a00000, 0x00000000c1b00000, 0x00000000c1b00000|100%| O|  |TAMS 0x00000000c1b00000, 0x00000000c1a00000| Untracked 
|  27|0x00000000c1b00000, 0x00000000c1bfffe8, 0x00000000c1c00000| 99%| O|  |TAMS 0x00000000c1bfffe8, 0x00000000c1b00000| Untracked 
|  28|0x00000000c1c00000, 0x00000000c1cfff80, 0x00000000c1d00000| 99%| O|  |TAMS 0x00000000c1cfff80, 0x00000000c1c00000| Untracked 
|  29|0x00000000c1d00000, 0x00000000c1e00000, 0x00000000c1e00000|100%| O|  |TAMS 0x00000000c1e00000, 0x00000000c1d00000| Untracked 
|  30|0x00000000c1e00000, 0x00000000c1efffc0, 0x00000000c1f00000| 99%| O|  |TAMS 0x00000000c1efffc0, 0x00000000c1e00000| Untracked 
|  31|0x00000000c1f00000, 0x00000000c2000000, 0x00000000c2000000|100%| O|  |TAMS 0x00000000c2000000, 0x00000000c1f00000| Untracked 
|  32|0x00000000c2000000, 0x00000000c20ffff8, 0x00000000c2100000| 99%| O|  |TAMS 0x00000000c20ffff8, 0x00000000c2000000| Untracked 
|  33|0x00000000c2100000, 0x00000000c21ffff8, 0x00000000c2200000| 99%| O|  |TAMS 0x00000000c21ffff8, 0x00000000c2100000| Untracked 
|  34|0x00000000c2200000, 0x00000000c22ffff0, 0x00000000c2300000| 99%| O|  |TAMS 0x00000000c22ffff0, 0x00000000c2200000| Untracked 
|  35|0x00000000c2300000, 0x00000000c23ffff8, 0x00000000c2400000| 99%| O|  |TAMS 0x00000000c23ffff8, 0x00000000c2300000| Untracked 
|  36|0x00000000c2400000, 0x00000000c24ffff8, 0x00000000c2500000| 99%| O|  |TAMS 0x00000000c24ffff8, 0x00000000c2400000| Untracked 
|  37|0x00000000c2500000, 0x00000000c2600000, 0x00000000c2600000|100%|HS|  |TAMS 0x00000000c2600000, 0x00000000c2500000| Untracked 
|  38|0x00000000c2600000, 0x00000000c26fffe0, 0x00000000c2700000| 99%| O|  |TAMS 0x00000000c26fffe0, 0x00000000c2600000| Untracked 
|  39|0x00000000c2700000, 0x00000000c27fea30, 0x00000000c2800000| 99%| O|  |TAMS 0x00000000c27fea30, 0x00000000c2700000| Untracked 
|  40|0x00000000c2800000, 0x00000000c28fffe0, 0x00000000c2900000| 99%| O|  |TAMS 0x00000000c28fffe0, 0x00000000c2800000| Untracked 
|  41|0x00000000c2900000, 0x00000000c29fffc0, 0x00000000c2a00000| 99%| O|  |TAMS 0x00000000c29fffc0, 0x00000000c2900000| Untracked 
|  42|0x00000000c2a00000, 0x00000000c2affff0, 0x00000000c2b00000| 99%| O|  |TAMS 0x00000000c2affff0, 0x00000000c2a00000| Untracked 
|  43|0x00000000c2b00000, 0x00000000c2bfffe0, 0x00000000c2c00000| 99%| O|  |TAMS 0x00000000c2bfffe0, 0x00000000c2b00000| Untracked 
|  44|0x00000000c2c00000, 0x00000000c2d00000, 0x00000000c2d00000|100%| O|  |TAMS 0x00000000c2d00000, 0x00000000c2c00000| Untracked 
|  45|0x00000000c2d00000, 0x00000000c2dfffc8, 0x00000000c2e00000| 99%| O|  |TAMS 0x00000000c2dfffc8, 0x00000000c2d00000| Untracked 
|  46|0x00000000c2e00000, 0x00000000c2f00000, 0x00000000c2f00000|100%| O|  |TAMS 0x00000000c2f00000, 0x00000000c2e00000| Untracked 
|  47|0x00000000c2f00000, 0x00000000c2ffffe0, 0x00000000c3000000| 99%| O|  |TAMS 0x00000000c2ffffe0, 0x00000000c2f00000| Untracked 
|  48|0x00000000c3000000, 0x00000000c30fffd0, 0x00000000c3100000| 99%| O|  |TAMS 0x00000000c30fffd0, 0x00000000c3000000| Untracked 
|  49|0x00000000c3100000, 0x00000000c31fffd8, 0x00000000c3200000| 99%| O|  |TAMS 0x00000000c31fffd8, 0x00000000c3100000| Untracked 
|  50|0x00000000c3200000, 0x00000000c32ffff8, 0x00000000c3300000| 99%| O|  |TAMS 0x00000000c32ffff8, 0x00000000c3200000| Untracked 
|  51|0x00000000c3300000, 0x00000000c33ffff8, 0x00000000c3400000| 99%| O|  |TAMS 0x00000000c33ffff8, 0x00000000c3300000| Untracked 
|  52|0x00000000c3400000, 0x00000000c34fffd0, 0x00000000c3500000| 99%| O|  |TAMS 0x00000000c34fffd0, 0x00000000c3400000| Untracked 
|  53|0x00000000c3500000, 0x00000000c35fffe0, 0x00000000c3600000| 99%| O|  |TAMS 0x00000000c35fffe0, 0x00000000c3500000| Untracked 
|  54|0x00000000c3600000, 0x00000000c36fffd8, 0x00000000c3700000| 99%| O|  |TAMS 0x00000000c36fffd8, 0x00000000c3600000| Untracked 
|  55|0x00000000c3700000, 0x00000000c37fffd0, 0x00000000c3800000| 99%| O|  |TAMS 0x00000000c37fffd0, 0x00000000c3700000| Untracked 
|  56|0x00000000c3800000, 0x00000000c38fffb8, 0x00000000c3900000| 99%| O|  |TAMS 0x00000000c38fffb8, 0x00000000c3800000| Untracked 
|  57|0x00000000c3900000, 0x00000000c39fffa0, 0x00000000c3a00000| 99%| O|  |TAMS 0x00000000c39fffa0, 0x00000000c3900000| Untracked 
|  58|0x00000000c3a00000, 0x00000000c3afe5a8, 0x00000000c3b00000| 99%| O|  |TAMS 0x00000000c3afe5a8, 0x00000000c3a00000| Untracked 
|  59|0x00000000c3b00000, 0x00000000c3bffff8, 0x00000000c3c00000| 99%| O|  |TAMS 0x00000000c3bffff8, 0x00000000c3b00000| Untracked 
|  60|0x00000000c3c00000, 0x00000000c3cfffe0, 0x00000000c3d00000| 99%| O|  |TAMS 0x00000000c3cfffe0, 0x00000000c3c00000| Untracked 
|  61|0x00000000c3d00000, 0x00000000c3e00000, 0x00000000c3e00000|100%| O|  |TAMS 0x00000000c3e00000, 0x00000000c3d00000| Untracked 
|  62|0x00000000c3e00000, 0x00000000c3effff0, 0x00000000c3f00000| 99%| O|  |TAMS 0x00000000c3effff0, 0x00000000c3e00000| Untracked 
|  63|0x00000000c3f00000, 0x00000000c4000000, 0x00000000c4000000|100%| O|  |TAMS 0x00000000c4000000, 0x00000000c3f00000| Untracked 
|  64|0x00000000c4000000, 0x00000000c40ffff0, 0x00000000c4100000| 99%| O|  |TAMS 0x00000000c40ffff0, 0x00000000c4000000| Untracked 
|  65|0x00000000c4100000, 0x00000000c41fa178, 0x00000000c4200000| 97%| O|  |TAMS 0x00000000c41fa178, 0x00000000c4100000| Untracked 
|  66|0x00000000c4200000, 0x00000000c4300000, 0x00000000c4300000|100%|HS|  |TAMS 0x00000000c4300000, 0x00000000c4200000| Untracked 
|  67|0x00000000c4300000, 0x00000000c4400000, 0x00000000c4400000|100%|HC|  |TAMS 0x00000000c4400000, 0x00000000c4300000| Untracked 
|  68|0x00000000c4400000, 0x00000000c44ffff0, 0x00000000c4500000| 99%| O|  |TAMS 0x00000000c44ffff0, 0x00000000c4400000| Untracked 
|  69|0x00000000c4500000, 0x00000000c45ffff8, 0x00000000c4600000| 99%| O|  |TAMS 0x00000000c45ffff8, 0x00000000c4500000| Untracked 
|  70|0x00000000c4600000, 0x00000000c46fff60, 0x00000000c4700000| 99%| O|  |TAMS 0x00000000c46fff60, 0x00000000c4600000| Untracked 
|  71|0x00000000c4700000, 0x00000000c47fffe8, 0x00000000c4800000| 99%| O|  |TAMS 0x00000000c47fffe8, 0x00000000c4700000| Untracked 
|  72|0x00000000c4800000, 0x00000000c4900000, 0x00000000c4900000|100%| O|  |TAMS 0x00000000c4900000, 0x00000000c4800000| Untracked 
|  73|0x00000000c4900000, 0x00000000c49fff28, 0x00000000c4a00000| 99%| O|  |TAMS 0x00000000c49fff28, 0x00000000c4900000| Untracked 
|  74|0x00000000c4a00000, 0x00000000c4afe610, 0x00000000c4b00000| 99%| O|  |TAMS 0x00000000c4afe610, 0x00000000c4a00000| Untracked 
|  75|0x00000000c4b00000, 0x00000000c4bfffe8, 0x00000000c4c00000| 99%| O|  |TAMS 0x00000000c4bfffe8, 0x00000000c4b00000| Untracked 
|  76|0x00000000c4c00000, 0x00000000c4cfffe8, 0x00000000c4d00000| 99%| O|  |TAMS 0x00000000c4cfffe8, 0x00000000c4c00000| Untracked 
|  77|0x00000000c4d00000, 0x00000000c4dfffd8, 0x00000000c4e00000| 99%| O|  |TAMS 0x00000000c4dfffd8, 0x00000000c4d00000| Untracked 
|  78|0x00000000c4e00000, 0x00000000c4ebf568, 0x00000000c4f00000| 74%| O|  |TAMS 0x00000000c4e00000, 0x00000000c4e00000| Untracked 
|  79|0x00000000c4f00000, 0x00000000c5000000, 0x00000000c5000000|100%| O|  |TAMS 0x00000000c5000000, 0x00000000c4f00000| Untracked 
|  80|0x00000000c5000000, 0x00000000c50ffff8, 0x00000000c5100000| 99%| O|  |TAMS 0x00000000c50ffff8, 0x00000000c5000000| Untracked 
|  81|0x00000000c5100000, 0x00000000c51ffff8, 0x00000000c5200000| 99%| O|  |TAMS 0x00000000c51ffff8, 0x00000000c5100000| Untracked 
|  82|0x00000000c5200000, 0x00000000c52cab18, 0x00000000c5300000| 79%| O|  |TAMS 0x00000000c5200000, 0x00000000c5200000| Untracked 
|  83|0x00000000c5300000, 0x00000000c53fffd0, 0x00000000c5400000| 99%| O|  |TAMS 0x00000000c53fffd0, 0x00000000c5300000| Untracked 
|  84|0x00000000c5400000, 0x00000000c54fffe0, 0x00000000c5500000| 99%| O|  |TAMS 0x00000000c54fffe0, 0x00000000c5400000| Untracked 
|  85|0x00000000c5500000, 0x00000000c55fffe0, 0x00000000c5600000| 99%| O|  |TAMS 0x00000000c55fffe0, 0x00000000c5500000| Untracked 
|  86|0x00000000c5600000, 0x00000000c56dcc70, 0x00000000c5700000| 86%| O|  |TAMS 0x00000000c5600000, 0x00000000c5600000| Untracked 
|  87|0x00000000c5700000, 0x00000000c5800000, 0x00000000c5800000|100%| O|  |TAMS 0x00000000c5800000, 0x00000000c5700000| Untracked 
|  88|0x00000000c5800000, 0x00000000c5900000, 0x00000000c5900000|100%| O|  |TAMS 0x00000000c5800000, 0x00000000c5800000| Untracked 
|  89|0x00000000c5900000, 0x00000000c5907908, 0x00000000c5a00000|  2%| O|  |TAMS 0x00000000c5900000, 0x00000000c5900000| Untracked 
|  90|0x00000000c5a00000, 0x00000000c5a00088, 0x00000000c5b00000|  0%| O|  |TAMS 0x00000000c5a00000, 0x00000000c5a00000| Untracked 
|  91|0x00000000c5b00000, 0x00000000c5b00000, 0x00000000c5c00000|  0%| F|  |TAMS 0x00000000c5b00000, 0x00000000c5b00000| Untracked 
|  92|0x00000000c5c00000, 0x00000000c5c00000, 0x00000000c5d00000|  0%| F|  |TAMS 0x00000000c5c00000, 0x00000000c5c00000| Untracked 
|  93|0x00000000c5d00000, 0x00000000c5d00000, 0x00000000c5e00000|  0%| F|  |TAMS 0x00000000c5d00000, 0x00000000c5d00000| Untracked 
|  94|0x00000000c5e00000, 0x00000000c5e00000, 0x00000000c5f00000|  0%| F|  |TAMS 0x00000000c5e00000, 0x00000000c5e00000| Untracked 
|  95|0x00000000c5f00000, 0x00000000c5f00000, 0x00000000c6000000|  0%| F|  |TAMS 0x00000000c5f00000, 0x00000000c5f00000| Untracked 
|  96|0x00000000c6000000, 0x00000000c6000000, 0x00000000c6100000|  0%| F|  |TAMS 0x00000000c6000000, 0x00000000c6000000| Untracked 
|  97|0x00000000c6100000, 0x00000000c6100000, 0x00000000c6200000|  0%| F|  |TAMS 0x00000000c6100000, 0x00000000c6100000| Untracked 
|  98|0x00000000c6200000, 0x00000000c6200000, 0x00000000c6300000|  0%| F|  |TAMS 0x00000000c6200000, 0x00000000c6200000| Untracked 
|  99|0x00000000c6300000, 0x00000000c6300000, 0x00000000c6400000|  0%| F|  |TAMS 0x00000000c6300000, 0x00000000c6300000| Untracked 
| 100|0x00000000c6400000, 0x00000000c6400000, 0x00000000c6500000|  0%| F|  |TAMS 0x00000000c6400000, 0x00000000c6400000| Untracked 
| 101|0x00000000c6500000, 0x00000000c6500000, 0x00000000c6600000|  0%| F|  |TAMS 0x00000000c6500000, 0x00000000c6500000| Untracked 
| 102|0x00000000c6600000, 0x00000000c6600000, 0x00000000c6700000|  0%| F|  |TAMS 0x00000000c6600000, 0x00000000c6600000| Untracked 
| 103|0x00000000c6700000, 0x00000000c6700000, 0x00000000c6800000|  0%| F|  |TAMS 0x00000000c6700000, 0x00000000c6700000| Untracked 
| 104|0x00000000c6800000, 0x00000000c6800000, 0x00000000c6900000|  0%| F|  |TAMS 0x00000000c6800000, 0x00000000c6800000| Untracked 
| 105|0x00000000c6900000, 0x00000000c6900000, 0x00000000c6a00000|  0%| F|  |TAMS 0x00000000c6900000, 0x00000000c6900000| Untracked 
| 106|0x00000000c6a00000, 0x00000000c6afff68, 0x00000000c6b00000| 99%| O|  |TAMS 0x00000000c6afff68, 0x00000000c6a00000| Untracked 
| 107|0x00000000c6b00000, 0x00000000c6b00000, 0x00000000c6c00000|  0%| F|  |TAMS 0x00000000c6b00000, 0x00000000c6b00000| Untracked 
| 108|0x00000000c6c00000, 0x00000000c6c00000, 0x00000000c6d00000|  0%| F|  |TAMS 0x00000000c6c00000, 0x00000000c6c00000| Untracked 
| 109|0x00000000c6d00000, 0x00000000c6d00000, 0x00000000c6e00000|  0%| F|  |TAMS 0x00000000c6d00000, 0x00000000c6d00000| Untracked 
| 110|0x00000000c6e00000, 0x00000000c6e00000, 0x00000000c6f00000|  0%| F|  |TAMS 0x00000000c6e00000, 0x00000000c6e00000| Untracked 
| 111|0x00000000c6f00000, 0x00000000c7000000, 0x00000000c7000000|100%|HS|  |TAMS 0x00000000c7000000, 0x00000000c6f00000| Untracked 
| 112|0x00000000c7000000, 0x00000000c7000000, 0x00000000c7100000|  0%| F|  |TAMS 0x00000000c7000000, 0x00000000c7000000| Untracked 
| 113|0x00000000c7100000, 0x00000000c7100000, 0x00000000c7200000|  0%| F|  |TAMS 0x00000000c7100000, 0x00000000c7100000| Untracked 
| 114|0x00000000c7200000, 0x00000000c7200000, 0x00000000c7300000|  0%| F|  |TAMS 0x00000000c7200000, 0x00000000c7200000| Untracked 
| 115|0x00000000c7300000, 0x00000000c7300000, 0x00000000c7400000|  0%| F|  |TAMS 0x00000000c7300000, 0x00000000c7300000| Untracked 
| 116|0x00000000c7400000, 0x00000000c74ffff8, 0x00000000c7500000| 99%| O|  |TAMS 0x00000000c74ffff8, 0x00000000c7400000| Untracked 
| 117|0x00000000c7500000, 0x00000000c7500000, 0x00000000c7600000|  0%| F|  |TAMS 0x00000000c7500000, 0x00000000c7500000| Untracked 
| 118|0x00000000c7600000, 0x00000000c7600000, 0x00000000c7700000|  0%| F|  |TAMS 0x00000000c7600000, 0x00000000c7600000| Untracked 
| 119|0x00000000c7700000, 0x00000000c7700000, 0x00000000c7800000|  0%| F|  |TAMS 0x00000000c7700000, 0x00000000c7700000| Untracked 
| 120|0x00000000c7800000, 0x00000000c7800000, 0x00000000c7900000|  0%| F|  |TAMS 0x00000000c7800000, 0x00000000c7800000| Untracked 
| 121|0x00000000c7900000, 0x00000000c7900000, 0x00000000c7a00000|  0%| F|  |TAMS 0x00000000c7900000, 0x00000000c7900000| Untracked 
| 122|0x00000000c7a00000, 0x00000000c7a00000, 0x00000000c7b00000|  0%| F|  |TAMS 0x00000000c7a00000, 0x00000000c7a00000| Untracked 
| 123|0x00000000c7b00000, 0x00000000c7b00000, 0x00000000c7c00000|  0%| F|  |TAMS 0x00000000c7b00000, 0x00000000c7b00000| Untracked 
| 124|0x00000000c7c00000, 0x00000000c7c00000, 0x00000000c7d00000|  0%| F|  |TAMS 0x00000000c7c00000, 0x00000000c7c00000| Untracked 
| 125|0x00000000c7d00000, 0x00000000c7d00000, 0x00000000c7e00000|  0%| F|  |TAMS 0x00000000c7d00000, 0x00000000c7d00000| Untracked 
| 126|0x00000000c7e00000, 0x00000000c7e00000, 0x00000000c7f00000|  0%| F|  |TAMS 0x00000000c7e00000, 0x00000000c7e00000| Untracked 
| 127|0x00000000c7f00000, 0x00000000c7f00000, 0x00000000c8000000|  0%| F|  |TAMS 0x00000000c7f00000, 0x00000000c7f00000| Untracked 
| 128|0x00000000c8000000, 0x00000000c8000000, 0x00000000c8100000|  0%| F|  |TAMS 0x00000000c8000000, 0x00000000c8000000| Untracked 
| 129|0x00000000c8100000, 0x00000000c8100000, 0x00000000c8200000|  0%| F|  |TAMS 0x00000000c8100000, 0x00000000c8100000| Untracked 
| 130|0x00000000c8200000, 0x00000000c8200000, 0x00000000c8300000|  0%| F|  |TAMS 0x00000000c8200000, 0x00000000c8200000| Untracked 
| 131|0x00000000c8300000, 0x00000000c8300000, 0x00000000c8400000|  0%| F|  |TAMS 0x00000000c8300000, 0x00000000c8300000| Untracked 
| 132|0x00000000c8400000, 0x00000000c8400000, 0x00000000c8500000|  0%| F|  |TAMS 0x00000000c8400000, 0x00000000c8400000| Untracked 
| 133|0x00000000c8500000, 0x00000000c8500000, 0x00000000c8600000|  0%| F|  |TAMS 0x00000000c8500000, 0x00000000c8500000| Untracked 
| 134|0x00000000c8600000, 0x00000000c8600000, 0x00000000c8700000|  0%| F|  |TAMS 0x00000000c8600000, 0x00000000c8600000| Untracked 
| 135|0x00000000c8700000, 0x00000000c8700000, 0x00000000c8800000|  0%| F|  |TAMS 0x00000000c8700000, 0x00000000c8700000| Untracked 
| 136|0x00000000c8800000, 0x00000000c8800000, 0x00000000c8900000|  0%| F|  |TAMS 0x00000000c8800000, 0x00000000c8800000| Untracked 
| 137|0x00000000c8900000, 0x00000000c8900000, 0x00000000c8a00000|  0%| F|  |TAMS 0x00000000c8900000, 0x00000000c8900000| Untracked 
| 138|0x00000000c8a00000, 0x00000000c8a00000, 0x00000000c8b00000|  0%| F|  |TAMS 0x00000000c8a00000, 0x00000000c8a00000| Untracked 
| 139|0x00000000c8b00000, 0x00000000c8b00000, 0x00000000c8c00000|  0%| F|  |TAMS 0x00000000c8b00000, 0x00000000c8b00000| Untracked 
| 140|0x00000000c8c00000, 0x00000000c8c00000, 0x00000000c8d00000|  0%| F|  |TAMS 0x00000000c8c00000, 0x00000000c8c00000| Untracked 
| 141|0x00000000c8d00000, 0x00000000c8d00000, 0x00000000c8e00000|  0%| F|  |TAMS 0x00000000c8d00000, 0x00000000c8d00000| Untracked 
| 142|0x00000000c8e00000, 0x00000000c8e00000, 0x00000000c8f00000|  0%| F|  |TAMS 0x00000000c8e00000, 0x00000000c8e00000| Untracked 
| 143|0x00000000c8f00000, 0x00000000c8f00000, 0x00000000c9000000|  0%| F|  |TAMS 0x00000000c8f00000, 0x00000000c8f00000| Untracked 
| 144|0x00000000c9000000, 0x00000000c9000000, 0x00000000c9100000|  0%| F|  |TAMS 0x00000000c9000000, 0x00000000c9000000| Untracked 
| 145|0x00000000c9100000, 0x00000000c9100000, 0x00000000c9200000|  0%| F|  |TAMS 0x00000000c9100000, 0x00000000c9100000| Untracked 
| 146|0x00000000c9200000, 0x00000000c9200000, 0x00000000c9300000|  0%| F|  |TAMS 0x00000000c9200000, 0x00000000c9200000| Untracked 
| 147|0x00000000c9300000, 0x00000000c9300000, 0x00000000c9400000|  0%| F|  |TAMS 0x00000000c9300000, 0x00000000c9300000| Untracked 
| 148|0x00000000c9400000, 0x00000000c9400000, 0x00000000c9500000|  0%| F|  |TAMS 0x00000000c9400000, 0x00000000c9400000| Untracked 
| 149|0x00000000c9500000, 0x00000000c9500000, 0x00000000c9600000|  0%| F|  |TAMS 0x00000000c9500000, 0x00000000c9500000| Untracked 
| 150|0x00000000c9600000, 0x00000000c9600000, 0x00000000c9700000|  0%| F|  |TAMS 0x00000000c9600000, 0x00000000c9600000| Untracked 
| 151|0x00000000c9700000, 0x00000000c9700000, 0x00000000c9800000|  0%| F|  |TAMS 0x00000000c9700000, 0x00000000c9700000| Untracked 
| 152|0x00000000c9800000, 0x00000000c9800000, 0x00000000c9900000|  0%| F|  |TAMS 0x00000000c9800000, 0x00000000c9800000| Untracked 
| 153|0x00000000c9900000, 0x00000000c9900000, 0x00000000c9a00000|  0%| F|  |TAMS 0x00000000c9900000, 0x00000000c9900000| Untracked 
| 154|0x00000000c9a00000, 0x00000000c9a00000, 0x00000000c9b00000|  0%| F|  |TAMS 0x00000000c9a00000, 0x00000000c9a00000| Untracked 
| 155|0x00000000c9b00000, 0x00000000c9b00000, 0x00000000c9c00000|  0%| F|  |TAMS 0x00000000c9b00000, 0x00000000c9b00000| Untracked 
| 156|0x00000000c9c00000, 0x00000000c9c00000, 0x00000000c9d00000|  0%| F|  |TAMS 0x00000000c9c00000, 0x00000000c9c00000| Untracked 
| 157|0x00000000c9d00000, 0x00000000c9d00000, 0x00000000c9e00000|  0%| F|  |TAMS 0x00000000c9d00000, 0x00000000c9d00000| Untracked 
| 158|0x00000000c9e00000, 0x00000000c9e00000, 0x00000000c9f00000|  0%| F|  |TAMS 0x00000000c9e00000, 0x00000000c9e00000| Untracked 
| 159|0x00000000c9f00000, 0x00000000c9f00000, 0x00000000ca000000|  0%| F|  |TAMS 0x00000000c9f00000, 0x00000000c9f00000| Untracked 
| 160|0x00000000ca000000, 0x00000000ca000000, 0x00000000ca100000|  0%| F|  |TAMS 0x00000000ca000000, 0x00000000ca000000| Untracked 
| 161|0x00000000ca100000, 0x00000000ca100000, 0x00000000ca200000|  0%| F|  |TAMS 0x00000000ca100000, 0x00000000ca100000| Untracked 
| 162|0x00000000ca200000, 0x00000000ca200000, 0x00000000ca300000|  0%| F|  |TAMS 0x00000000ca200000, 0x00000000ca200000| Untracked 
| 163|0x00000000ca300000, 0x00000000ca300000, 0x00000000ca400000|  0%| F|  |TAMS 0x00000000ca300000, 0x00000000ca300000| Untracked 
| 164|0x00000000ca400000, 0x00000000ca400000, 0x00000000ca500000|  0%| F|  |TAMS 0x00000000ca400000, 0x00000000ca400000| Untracked 
| 165|0x00000000ca500000, 0x00000000ca500000, 0x00000000ca600000|  0%| F|  |TAMS 0x00000000ca500000, 0x00000000ca500000| Untracked 
| 166|0x00000000ca600000, 0x00000000ca600000, 0x00000000ca700000|  0%| F|  |TAMS 0x00000000ca600000, 0x00000000ca600000| Untracked 
| 167|0x00000000ca700000, 0x00000000ca700000, 0x00000000ca800000|  0%| F|  |TAMS 0x00000000ca700000, 0x00000000ca700000| Untracked 
| 168|0x00000000ca800000, 0x00000000ca800000, 0x00000000ca900000|  0%| F|  |TAMS 0x00000000ca800000, 0x00000000ca800000| Untracked 
| 169|0x00000000ca900000, 0x00000000ca900000, 0x00000000caa00000|  0%| F|  |TAMS 0x00000000ca900000, 0x00000000ca900000| Untracked 
| 170|0x00000000caa00000, 0x00000000caa00000, 0x00000000cab00000|  0%| F|  |TAMS 0x00000000caa00000, 0x00000000caa00000| Untracked 
| 171|0x00000000cab00000, 0x00000000cab00000, 0x00000000cac00000|  0%| F|  |TAMS 0x00000000cab00000, 0x00000000cab00000| Untracked 
| 172|0x00000000cac00000, 0x00000000cac00000, 0x00000000cad00000|  0%| F|  |TAMS 0x00000000cac00000, 0x00000000cac00000| Untracked 
| 173|0x00000000cad00000, 0x00000000cad00000, 0x00000000cae00000|  0%| F|  |TAMS 0x00000000cad00000, 0x00000000cad00000| Untracked 
| 174|0x00000000cae00000, 0x00000000cae00000, 0x00000000caf00000|  0%| F|  |TAMS 0x00000000cae00000, 0x00000000cae00000| Untracked 
| 175|0x00000000caf00000, 0x00000000caf00000, 0x00000000cb000000|  0%| F|  |TAMS 0x00000000caf00000, 0x00000000caf00000| Untracked 
| 176|0x00000000cb000000, 0x00000000cb000000, 0x00000000cb100000|  0%| F|  |TAMS 0x00000000cb000000, 0x00000000cb000000| Untracked 
| 177|0x00000000cb100000, 0x00000000cb100000, 0x00000000cb200000|  0%| F|  |TAMS 0x00000000cb100000, 0x00000000cb100000| Untracked 
| 178|0x00000000cb200000, 0x00000000cb200000, 0x00000000cb300000|  0%| F|  |TAMS 0x00000000cb200000, 0x00000000cb200000| Untracked 
| 179|0x00000000cb300000, 0x00000000cb300000, 0x00000000cb400000|  0%| F|  |TAMS 0x00000000cb300000, 0x00000000cb300000| Untracked 
| 180|0x00000000cb400000, 0x00000000cb400000, 0x00000000cb500000|  0%| F|  |TAMS 0x00000000cb400000, 0x00000000cb400000| Untracked 
| 181|0x00000000cb500000, 0x00000000cb500000, 0x00000000cb600000|  0%| F|  |TAMS 0x00000000cb500000, 0x00000000cb500000| Untracked 
| 182|0x00000000cb600000, 0x00000000cb600000, 0x00000000cb700000|  0%| F|  |TAMS 0x00000000cb600000, 0x00000000cb600000| Untracked 
| 183|0x00000000cb700000, 0x00000000cb700000, 0x00000000cb800000|  0%| F|  |TAMS 0x00000000cb700000, 0x00000000cb700000| Untracked 
| 184|0x00000000cb800000, 0x00000000cb800000, 0x00000000cb900000|  0%| F|  |TAMS 0x00000000cb800000, 0x00000000cb800000| Untracked 
| 185|0x00000000cb900000, 0x00000000cb900000, 0x00000000cba00000|  0%| F|  |TAMS 0x00000000cb900000, 0x00000000cb900000| Untracked 
| 186|0x00000000cba00000, 0x00000000cba00000, 0x00000000cbb00000|  0%| F|  |TAMS 0x00000000cba00000, 0x00000000cba00000| Untracked 
| 187|0x00000000cbb00000, 0x00000000cbb00000, 0x00000000cbc00000|  0%| F|  |TAMS 0x00000000cbb00000, 0x00000000cbb00000| Untracked 
| 188|0x00000000cbc00000, 0x00000000cbc00000, 0x00000000cbd00000|  0%| F|  |TAMS 0x00000000cbc00000, 0x00000000cbc00000| Untracked 
| 189|0x00000000cbd00000, 0x00000000cbd00000, 0x00000000cbe00000|  0%| F|  |TAMS 0x00000000cbd00000, 0x00000000cbd00000| Untracked 
| 190|0x00000000cbe00000, 0x00000000cbe00000, 0x00000000cbf00000|  0%| F|  |TAMS 0x00000000cbe00000, 0x00000000cbe00000| Untracked 
| 191|0x00000000cbf00000, 0x00000000cbf00000, 0x00000000cc000000|  0%| F|  |TAMS 0x00000000cbf00000, 0x00000000cbf00000| Untracked 
| 192|0x00000000cc000000, 0x00000000cc000000, 0x00000000cc100000|  0%| F|  |TAMS 0x00000000cc000000, 0x00000000cc000000| Untracked 
| 193|0x00000000cc100000, 0x00000000cc100000, 0x00000000cc200000|  0%| F|  |TAMS 0x00000000cc100000, 0x00000000cc100000| Untracked 
| 194|0x00000000cc200000, 0x00000000cc200000, 0x00000000cc300000|  0%| F|  |TAMS 0x00000000cc200000, 0x00000000cc200000| Untracked 
| 195|0x00000000cc300000, 0x00000000cc300000, 0x00000000cc400000|  0%| F|  |TAMS 0x00000000cc300000, 0x00000000cc300000| Untracked 
| 196|0x00000000cc400000, 0x00000000cc400000, 0x00000000cc500000|  0%| F|  |TAMS 0x00000000cc400000, 0x00000000cc400000| Untracked 
| 197|0x00000000cc500000, 0x00000000cc500000, 0x00000000cc600000|  0%| F|  |TAMS 0x00000000cc500000, 0x00000000cc500000| Untracked 
| 198|0x00000000cc600000, 0x00000000cc600000, 0x00000000cc700000|  0%| F|  |TAMS 0x00000000cc600000, 0x00000000cc600000| Untracked 
| 199|0x00000000cc700000, 0x00000000cc700000, 0x00000000cc800000|  0%| F|  |TAMS 0x00000000cc700000, 0x00000000cc700000| Untracked 
| 200|0x00000000cc800000, 0x00000000cc800000, 0x00000000cc900000|  0%| F|  |TAMS 0x00000000cc800000, 0x00000000cc800000| Untracked 
| 201|0x00000000cc900000, 0x00000000cc900000, 0x00000000cca00000|  0%| F|  |TAMS 0x00000000cc900000, 0x00000000cc900000| Untracked 
| 202|0x00000000cca00000, 0x00000000cca00000, 0x00000000ccb00000|  0%| F|  |TAMS 0x00000000cca00000, 0x00000000cca00000| Untracked 
| 203|0x00000000ccb00000, 0x00000000ccb00000, 0x00000000ccc00000|  0%| F|  |TAMS 0x00000000ccb00000, 0x00000000ccb00000| Untracked 
| 204|0x00000000ccc00000, 0x00000000ccc00000, 0x00000000ccd00000|  0%| F|  |TAMS 0x00000000ccc00000, 0x00000000ccc00000| Untracked 
| 205|0x00000000ccd00000, 0x00000000ccd00000, 0x00000000cce00000|  0%| F|  |TAMS 0x00000000ccd00000, 0x00000000ccd00000| Untracked 
| 206|0x00000000cce00000, 0x00000000cce00000, 0x00000000ccf00000|  0%| F|  |TAMS 0x00000000cce00000, 0x00000000cce00000| Untracked 
| 207|0x00000000ccf00000, 0x00000000ccf00000, 0x00000000cd000000|  0%| F|  |TAMS 0x00000000ccf00000, 0x00000000ccf00000| Untracked 
| 208|0x00000000cd000000, 0x00000000cd000000, 0x00000000cd100000|  0%| F|  |TAMS 0x00000000cd000000, 0x00000000cd000000| Untracked 
| 209|0x00000000cd100000, 0x00000000cd100000, 0x00000000cd200000|  0%| F|  |TAMS 0x00000000cd100000, 0x00000000cd100000| Untracked 
| 210|0x00000000cd200000, 0x00000000cd200000, 0x00000000cd300000|  0%| F|  |TAMS 0x00000000cd200000, 0x00000000cd200000| Untracked 
| 211|0x00000000cd300000, 0x00000000cd300000, 0x00000000cd400000|  0%| F|  |TAMS 0x00000000cd300000, 0x00000000cd300000| Untracked 
| 212|0x00000000cd400000, 0x00000000cd400000, 0x00000000cd500000|  0%| F|  |TAMS 0x00000000cd400000, 0x00000000cd400000| Untracked 
| 213|0x00000000cd500000, 0x00000000cd500000, 0x00000000cd600000|  0%| F|  |TAMS 0x00000000cd500000, 0x00000000cd500000| Untracked 
| 214|0x00000000cd600000, 0x00000000cd600000, 0x00000000cd700000|  0%| F|  |TAMS 0x00000000cd600000, 0x00000000cd600000| Untracked 
| 215|0x00000000cd700000, 0x00000000cd700000, 0x00000000cd800000|  0%| F|  |TAMS 0x00000000cd700000, 0x00000000cd700000| Untracked 
| 216|0x00000000cd800000, 0x00000000cd800000, 0x00000000cd900000|  0%| F|  |TAMS 0x00000000cd800000, 0x00000000cd800000| Untracked 
| 217|0x00000000cd900000, 0x00000000cd900000, 0x00000000cda00000|  0%| F|  |TAMS 0x00000000cd900000, 0x00000000cd900000| Untracked 
| 218|0x00000000cda00000, 0x00000000cda00000, 0x00000000cdb00000|  0%| F|  |TAMS 0x00000000cda00000, 0x00000000cda00000| Untracked 
| 219|0x00000000cdb00000, 0x00000000cdb00000, 0x00000000cdc00000|  0%| F|  |TAMS 0x00000000cdb00000, 0x00000000cdb00000| Untracked 
| 220|0x00000000cdc00000, 0x00000000cdc00000, 0x00000000cdd00000|  0%| F|  |TAMS 0x00000000cdc00000, 0x00000000cdc00000| Untracked 
| 221|0x00000000cdd00000, 0x00000000cdd00000, 0x00000000cde00000|  0%| F|  |TAMS 0x00000000cdd00000, 0x00000000cdd00000| Untracked 
| 222|0x00000000cde00000, 0x00000000cde00000, 0x00000000cdf00000|  0%| F|  |TAMS 0x00000000cde00000, 0x00000000cde00000| Untracked 
| 223|0x00000000cdf00000, 0x00000000cdf00000, 0x00000000ce000000|  0%| F|  |TAMS 0x00000000cdf00000, 0x00000000cdf00000| Untracked 
| 224|0x00000000ce000000, 0x00000000ce000000, 0x00000000ce100000|  0%| F|  |TAMS 0x00000000ce000000, 0x00000000ce000000| Untracked 
| 225|0x00000000ce100000, 0x00000000ce100000, 0x00000000ce200000|  0%| F|  |TAMS 0x00000000ce100000, 0x00000000ce100000| Untracked 
| 226|0x00000000ce200000, 0x00000000ce200000, 0x00000000ce300000|  0%| F|  |TAMS 0x00000000ce200000, 0x00000000ce200000| Untracked 
| 227|0x00000000ce300000, 0x00000000ce300000, 0x00000000ce400000|  0%| F|  |TAMS 0x00000000ce300000, 0x00000000ce300000| Untracked 
| 228|0x00000000ce400000, 0x00000000ce400000, 0x00000000ce500000|  0%| F|  |TAMS 0x00000000ce400000, 0x00000000ce400000| Untracked 
| 229|0x00000000ce500000, 0x00000000ce500000, 0x00000000ce600000|  0%| F|  |TAMS 0x00000000ce500000, 0x00000000ce500000| Untracked 
| 230|0x00000000ce600000, 0x00000000ce600000, 0x00000000ce700000|  0%| F|  |TAMS 0x00000000ce600000, 0x00000000ce600000| Untracked 
| 231|0x00000000ce700000, 0x00000000ce700000, 0x00000000ce800000|  0%| F|  |TAMS 0x00000000ce700000, 0x00000000ce700000| Untracked 
| 232|0x00000000ce800000, 0x00000000ce800000, 0x00000000ce900000|  0%| F|  |TAMS 0x00000000ce800000, 0x00000000ce800000| Untracked 
| 233|0x00000000ce900000, 0x00000000ce900000, 0x00000000cea00000|  0%| F|  |TAMS 0x00000000ce900000, 0x00000000ce900000| Untracked 
| 234|0x00000000cea00000, 0x00000000cea00000, 0x00000000ceb00000|  0%| F|  |TAMS 0x00000000cea00000, 0x00000000cea00000| Untracked 
| 235|0x00000000ceb00000, 0x00000000ceb00000, 0x00000000cec00000|  0%| F|  |TAMS 0x00000000ceb00000, 0x00000000ceb00000| Untracked 
| 236|0x00000000cec00000, 0x00000000cec00000, 0x00000000ced00000|  0%| F|  |TAMS 0x00000000cec00000, 0x00000000cec00000| Untracked 
| 237|0x00000000ced00000, 0x00000000ced00000, 0x00000000cee00000|  0%| F|  |TAMS 0x00000000ced00000, 0x00000000ced00000| Untracked 
| 238|0x00000000cee00000, 0x00000000cee00000, 0x00000000cef00000|  0%| F|  |TAMS 0x00000000cee00000, 0x00000000cee00000| Untracked 
| 239|0x00000000cef00000, 0x00000000cef00000, 0x00000000cf000000|  0%| F|  |TAMS 0x00000000cef00000, 0x00000000cef00000| Untracked 
| 240|0x00000000cf000000, 0x00000000cf000000, 0x00000000cf100000|  0%| F|  |TAMS 0x00000000cf000000, 0x00000000cf000000| Untracked 
| 241|0x00000000cf100000, 0x00000000cf100000, 0x00000000cf200000|  0%| F|  |TAMS 0x00000000cf100000, 0x00000000cf100000| Untracked 
| 242|0x00000000cf200000, 0x00000000cf200000, 0x00000000cf300000|  0%| F|  |TAMS 0x00000000cf200000, 0x00000000cf200000| Untracked 
| 243|0x00000000cf300000, 0x00000000cf300000, 0x00000000cf400000|  0%| F|  |TAMS 0x00000000cf300000, 0x00000000cf300000| Untracked 
| 244|0x00000000cf400000, 0x00000000cf400000, 0x00000000cf500000|  0%| F|  |TAMS 0x00000000cf400000, 0x00000000cf400000| Untracked 
| 245|0x00000000cf500000, 0x00000000cf500000, 0x00000000cf600000|  0%| F|  |TAMS 0x00000000cf500000, 0x00000000cf500000| Untracked 
| 246|0x00000000cf600000, 0x00000000cf600000, 0x00000000cf700000|  0%| F|  |TAMS 0x00000000cf600000, 0x00000000cf600000| Untracked 
| 247|0x00000000cf700000, 0x00000000cf700000, 0x00000000cf800000|  0%| F|  |TAMS 0x00000000cf700000, 0x00000000cf700000| Untracked 
| 248|0x00000000cf800000, 0x00000000cf800000, 0x00000000cf900000|  0%| F|  |TAMS 0x00000000cf800000, 0x00000000cf800000| Untracked 
| 249|0x00000000cf900000, 0x00000000cf900000, 0x00000000cfa00000|  0%| F|  |TAMS 0x00000000cf900000, 0x00000000cf900000| Untracked 
| 250|0x00000000cfa00000, 0x00000000cfa00000, 0x00000000cfb00000|  0%| F|  |TAMS 0x00000000cfa00000, 0x00000000cfa00000| Untracked 
| 251|0x00000000cfb00000, 0x00000000cfb00000, 0x00000000cfc00000|  0%| F|  |TAMS 0x00000000cfb00000, 0x00000000cfb00000| Untracked 
| 252|0x00000000cfc00000, 0x00000000cfc00000, 0x00000000cfd00000|  0%| F|  |TAMS 0x00000000cfc00000, 0x00000000cfc00000| Untracked 
| 253|0x00000000cfd00000, 0x00000000cfd00000, 0x00000000cfe00000|  0%| F|  |TAMS 0x00000000cfd00000, 0x00000000cfd00000| Untracked 
| 254|0x00000000cfe00000, 0x00000000cfe00000, 0x00000000cff00000|  0%| F|  |TAMS 0x00000000cfe00000, 0x00000000cfe00000| Untracked 
| 255|0x00000000cff00000, 0x00000000cff00000, 0x00000000d0000000|  0%| F|  |TAMS 0x00000000cff00000, 0x00000000cff00000| Untracked 
| 256|0x00000000d0000000, 0x00000000d0000000, 0x00000000d0100000|  0%| F|  |TAMS 0x00000000d0000000, 0x00000000d0000000| Untracked 
| 257|0x00000000d0100000, 0x00000000d0100000, 0x00000000d0200000|  0%| F|  |TAMS 0x00000000d0100000, 0x00000000d0100000| Untracked 
| 258|0x00000000d0200000, 0x00000000d0200000, 0x00000000d0300000|  0%| F|  |TAMS 0x00000000d0200000, 0x00000000d0200000| Untracked 
| 259|0x00000000d0300000, 0x00000000d0300000, 0x00000000d0400000|  0%| F|  |TAMS 0x00000000d0300000, 0x00000000d0300000| Untracked 
| 260|0x00000000d0400000, 0x00000000d0400000, 0x00000000d0500000|  0%| F|  |TAMS 0x00000000d0400000, 0x00000000d0400000| Untracked 
| 261|0x00000000d0500000, 0x00000000d0500000, 0x00000000d0600000|  0%| F|  |TAMS 0x00000000d0500000, 0x00000000d0500000| Untracked 
| 262|0x00000000d0600000, 0x00000000d0600000, 0x00000000d0700000|  0%| F|  |TAMS 0x00000000d0600000, 0x00000000d0600000| Untracked 
| 263|0x00000000d0700000, 0x00000000d0700000, 0x00000000d0800000|  0%| F|  |TAMS 0x00000000d0700000, 0x00000000d0700000| Untracked 
| 264|0x00000000d0800000, 0x00000000d0800000, 0x00000000d0900000|  0%| F|  |TAMS 0x00000000d0800000, 0x00000000d0800000| Untracked 
| 265|0x00000000d0900000, 0x00000000d0900000, 0x00000000d0a00000|  0%| F|  |TAMS 0x00000000d0900000, 0x00000000d0900000| Untracked 
| 266|0x00000000d0a00000, 0x00000000d0a00000, 0x00000000d0b00000|  0%| F|  |TAMS 0x00000000d0a00000, 0x00000000d0a00000| Untracked 
| 267|0x00000000d0b00000, 0x00000000d0b00000, 0x00000000d0c00000|  0%| F|  |TAMS 0x00000000d0b00000, 0x00000000d0b00000| Untracked 
| 268|0x00000000d0c00000, 0x00000000d0c00000, 0x00000000d0d00000|  0%| F|  |TAMS 0x00000000d0c00000, 0x00000000d0c00000| Untracked 
| 269|0x00000000d0d00000, 0x00000000d0d00000, 0x00000000d0e00000|  0%| F|  |TAMS 0x00000000d0d00000, 0x00000000d0d00000| Untracked 
| 270|0x00000000d0e00000, 0x00000000d0e00000, 0x00000000d0f00000|  0%| F|  |TAMS 0x00000000d0e00000, 0x00000000d0e00000| Untracked 
| 271|0x00000000d0f00000, 0x00000000d0f00000, 0x00000000d1000000|  0%| F|  |TAMS 0x00000000d0f00000, 0x00000000d0f00000| Untracked 
| 272|0x00000000d1000000, 0x00000000d1000000, 0x00000000d1100000|  0%| F|  |TAMS 0x00000000d1000000, 0x00000000d1000000| Untracked 
| 273|0x00000000d1100000, 0x00000000d1100000, 0x00000000d1200000|  0%| F|  |TAMS 0x00000000d1100000, 0x00000000d1100000| Untracked 
| 274|0x00000000d1200000, 0x00000000d1200000, 0x00000000d1300000|  0%| F|  |TAMS 0x00000000d1200000, 0x00000000d1200000| Untracked 
| 275|0x00000000d1300000, 0x00000000d1300000, 0x00000000d1400000|  0%| F|  |TAMS 0x00000000d1300000, 0x00000000d1300000| Untracked 
| 276|0x00000000d1400000, 0x00000000d1400000, 0x00000000d1500000|  0%| F|  |TAMS 0x00000000d1400000, 0x00000000d1400000| Untracked 
| 277|0x00000000d1500000, 0x00000000d1500000, 0x00000000d1600000|  0%| F|  |TAMS 0x00000000d1500000, 0x00000000d1500000| Untracked 
| 278|0x00000000d1600000, 0x00000000d1600000, 0x00000000d1700000|  0%| F|  |TAMS 0x00000000d1600000, 0x00000000d1600000| Untracked 
| 279|0x00000000d1700000, 0x00000000d1700000, 0x00000000d1800000|  0%| F|  |TAMS 0x00000000d1700000, 0x00000000d1700000| Untracked 
| 280|0x00000000d1800000, 0x00000000d1800000, 0x00000000d1900000|  0%| F|  |TAMS 0x00000000d1800000, 0x00000000d1800000| Untracked 
| 281|0x00000000d1900000, 0x00000000d1900000, 0x00000000d1a00000|  0%| F|  |TAMS 0x00000000d1900000, 0x00000000d1900000| Untracked 
| 282|0x00000000d1a00000, 0x00000000d1a00000, 0x00000000d1b00000|  0%| F|  |TAMS 0x00000000d1a00000, 0x00000000d1a00000| Untracked 
| 283|0x00000000d1b00000, 0x00000000d1b00000, 0x00000000d1c00000|  0%| F|  |TAMS 0x00000000d1b00000, 0x00000000d1b00000| Untracked 
| 284|0x00000000d1c00000, 0x00000000d1c00000, 0x00000000d1d00000|  0%| F|  |TAMS 0x00000000d1c00000, 0x00000000d1c00000| Untracked 
| 285|0x00000000d1d00000, 0x00000000d1d00000, 0x00000000d1e00000|  0%| F|  |TAMS 0x00000000d1d00000, 0x00000000d1d00000| Untracked 
| 286|0x00000000d1e00000, 0x00000000d1e00000, 0x00000000d1f00000|  0%| F|  |TAMS 0x00000000d1e00000, 0x00000000d1e00000| Untracked 
| 287|0x00000000d1f00000, 0x00000000d1f00000, 0x00000000d2000000|  0%| F|  |TAMS 0x00000000d1f00000, 0x00000000d1f00000| Untracked 
| 288|0x00000000d2000000, 0x00000000d2000000, 0x00000000d2100000|  0%| F|  |TAMS 0x00000000d2000000, 0x00000000d2000000| Untracked 
| 289|0x00000000d2100000, 0x00000000d2100000, 0x00000000d2200000|  0%| F|  |TAMS 0x00000000d2100000, 0x00000000d2100000| Untracked 
| 290|0x00000000d2200000, 0x00000000d2200000, 0x00000000d2300000|  0%| F|  |TAMS 0x00000000d2200000, 0x00000000d2200000| Untracked 
| 291|0x00000000d2300000, 0x00000000d2300000, 0x00000000d2400000|  0%| F|  |TAMS 0x00000000d2300000, 0x00000000d2300000| Untracked 
| 292|0x00000000d2400000, 0x00000000d2400000, 0x00000000d2500000|  0%| F|  |TAMS 0x00000000d2400000, 0x00000000d2400000| Untracked 
| 293|0x00000000d2500000, 0x00000000d2500000, 0x00000000d2600000|  0%| F|  |TAMS 0x00000000d2500000, 0x00000000d2500000| Untracked 
| 294|0x00000000d2600000, 0x00000000d2600000, 0x00000000d2700000|  0%| F|  |TAMS 0x00000000d2600000, 0x00000000d2600000| Untracked 
| 295|0x00000000d2700000, 0x00000000d2700000, 0x00000000d2800000|  0%| F|  |TAMS 0x00000000d2700000, 0x00000000d2700000| Untracked 
| 296|0x00000000d2800000, 0x00000000d2800000, 0x00000000d2900000|  0%| F|  |TAMS 0x00000000d2800000, 0x00000000d2800000| Untracked 
| 297|0x00000000d2900000, 0x00000000d2900000, 0x00000000d2a00000|  0%| F|  |TAMS 0x00000000d2900000, 0x00000000d2900000| Untracked 
| 298|0x00000000d2a00000, 0x00000000d2a00000, 0x00000000d2b00000|  0%| F|  |TAMS 0x00000000d2a00000, 0x00000000d2a00000| Untracked 
| 299|0x00000000d2b00000, 0x00000000d2b00000, 0x00000000d2c00000|  0%| F|  |TAMS 0x00000000d2b00000, 0x00000000d2b00000| Untracked 
| 300|0x00000000d2c00000, 0x00000000d2c00000, 0x00000000d2d00000|  0%| F|  |TAMS 0x00000000d2c00000, 0x00000000d2c00000| Untracked 
| 301|0x00000000d2d00000, 0x00000000d2d00000, 0x00000000d2e00000|  0%| F|  |TAMS 0x00000000d2d00000, 0x00000000d2d00000| Untracked 
| 302|0x00000000d2e00000, 0x00000000d2e00000, 0x00000000d2f00000|  0%| F|  |TAMS 0x00000000d2e00000, 0x00000000d2e00000| Untracked 
| 303|0x00000000d2f00000, 0x00000000d2f00000, 0x00000000d3000000|  0%| F|  |TAMS 0x00000000d2f00000, 0x00000000d2f00000| Untracked 
| 304|0x00000000d3000000, 0x00000000d3000000, 0x00000000d3100000|  0%| F|  |TAMS 0x00000000d3000000, 0x00000000d3000000| Untracked 
| 305|0x00000000d3100000, 0x00000000d3100000, 0x00000000d3200000|  0%| F|  |TAMS 0x00000000d3100000, 0x00000000d3100000| Untracked 
| 306|0x00000000d3200000, 0x00000000d3200000, 0x00000000d3300000|  0%| F|  |TAMS 0x00000000d3200000, 0x00000000d3200000| Untracked 
| 307|0x00000000d3300000, 0x00000000d3300000, 0x00000000d3400000|  0%| F|  |TAMS 0x00000000d3300000, 0x00000000d3300000| Untracked 
| 308|0x00000000d3400000, 0x00000000d3400000, 0x00000000d3500000|  0%| F|  |TAMS 0x00000000d3400000, 0x00000000d3400000| Untracked 
| 309|0x00000000d3500000, 0x00000000d35060d0, 0x00000000d3600000|  2%| E|  |TAMS 0x00000000d3500000, 0x00000000d3500000| Complete 

Card table byte_map: [0x000002754a340000,0x000002754a540000] _byte_map_base: 0x0000027549d40000

Marking Bits (Prev, Next): (CMBitMap*) 0x00000275441d6be0, (CMBitMap*) 0x00000275441d6c20
 Prev Bits: [0x000002754a740000, 0x000002754b740000)
 Next Bits: [0x000002754b740000, 0x000002754c740000)

Polling page: 0x0000027542060000

Metaspace:

Usage:
  Non-class:     64.06 MB used.
      Class:     10.19 MB used.
       Both:     74.24 MB used.

Virtual space:
  Non-class space:      128.00 MB reserved,      64.38 MB ( 50%) committed,  2 nodes.
      Class space:        1.00 GB reserved,      10.44 MB (  1%) committed,  1 nodes.
             Both:        1.12 GB reserved,      74.81 MB (  6%) committed. 

Chunk freelists:
   Non-Class:  15.69 MB
       Class:  5.40 MB
        Both:  21.09 MB

MaxMetaspaceSize: unlimited
CompressedClassSpaceSize: 1.00 GB
Initial GC threshold: 21.00 MB
Current GC threshold: 124.50 MB
CDS: off
MetaspaceReclaimPolicy: balanced
 - commit_granule_bytes: 65536.
 - commit_granule_words: 8192.
 - virtual_space_node_default_size: 8388608.
 - enlarge_chunks_in_place: 1.
 - new_chunks_are_fully_committed: 0.
 - uncommit_free_chunks: 1.
 - use_allocation_guard: 0.
 - handle_deallocations: 1.


Internal statistics:

num_allocs_failed_limit: 6.
num_arena_births: 922.
num_arena_deaths: 284.
num_vsnodes_births: 3.
num_vsnodes_deaths: 0.
num_space_committed: 1197.
num_space_uncommitted: 0.
num_chunks_returned_to_freelist: 357.
num_chunks_taken_from_freelist: 3548.
num_chunk_merges: 101.
num_chunk_splits: 2369.
num_chunks_enlarged: 1754.
num_inconsistent_stats: 0.

CodeCache: size=49152Kb used=37911Kb max_used=39542Kb free=11240Kb
 bounds [0x0000027546e10000, 0x00000275494c0000, 0x0000027549e10000]
 total_blobs=20366 nmethods=19672 adapters=620
 compilation: enabled
              stopped_count=0, restarted_count=0
 full_count=0

Compilation events (20 events):
Event: 6029.225 Thread 0x000002754f455720 19919       1       org.eclipse.jdt.internal.compiler.impl.Constant::computeConstantOperation (272 bytes)
Event: 6029.226 Thread 0x000002754f455720 nmethod 19919 0x000002754730d310 code [0x000002754730d600, 0x000002754730df38]
Event: 6029.226 Thread 0x000002754f455720 19920       1       org.eclipse.jdt.internal.compiler.impl.Constant::computeConstantOperationMINUS (1101 bytes)
Event: 6029.229 Thread 0x000002754f455720 nmethod 19920 0x00000275492d8210 code [0x00000275492d8c40, 0x00000275492db9d8]
Event: 6031.841 Thread 0x000002754f455720 19921   !   1       jdk.internal.reflect.GeneratedConstructorAccessor60::newInstance (49 bytes)
Event: 6031.841 Thread 0x000002754f455720 nmethod 19921 0x0000027547c34e10 code [0x0000027547c34fc0, 0x0000027547c35248]
Event: 6031.841 Thread 0x000002754f455720 19922   !   1       jdk.internal.reflect.GeneratedMethodAccessor48::invoke (67 bytes)
Event: 6031.842 Thread 0x000002754f455720 nmethod 19922 0x0000027548ae1c90 code [0x0000027548ae1e80, 0x0000027548ae22d8]
Event: 6031.842 Thread 0x000002754f455720 19923       1       org.eclipse.lsp4j.adapters.HoverTypeAdapter::write (10 bytes)
Event: 6031.842 Thread 0x000002754f455720 nmethod 19923 0x0000027547c34990 code [0x0000027547c34b20, 0x0000027547c34c28]
Event: 6031.842 Thread 0x000002754f455720 19924       1       org.eclipse.lsp4j.adapters.HoverTypeAdapter::write (53 bytes)
Event: 6031.843 Thread 0x000002754f455720 nmethod 19924 0x0000027547312490 code [0x0000027547312680, 0x00000275473128c8]
Event: 6031.843 Thread 0x000002754f455720 19925       1       org.eclipse.lsp4j.adapters.HoverTypeAdapter::writeContents (104 bytes)
Event: 6031.843 Thread 0x000002754f455720 nmethod 19925 0x0000027547311d90 code [0x0000027547311f80, 0x0000027547312268]
Event: 6031.843 Thread 0x000002754f455720 19926       1       org.eclipse.lsp4j.adapters.HoverTypeAdapter::writeRange (12 bytes)
Event: 6031.843 Thread 0x000002754f455720 nmethod 19926 0x0000027548af0510 code [0x0000027548af06a0, 0x0000027548af07a8]
Event: 6066.099 Thread 0x000002754f455720 19927       1       com.google.gson.internal.$Gson$Types$ParameterizedTypeImpl::equals (24 bytes)
Event: 6066.100 Thread 0x000002754f455720 nmethod 19927 0x0000027548af0110 code [0x0000027548af02c0, 0x0000027548af0468]
Event: 6090.716 Thread 0x000002754f455720 19928       1       java.net.URI::toUpper (19 bytes)
Event: 6090.717 Thread 0x000002754f455720 nmethod 19928 0x0000027548aefe10 code [0x0000027548aeffa0, 0x0000027548af0098]

GC Heap History (20 events):
Event: 6128.193 GC heap before
{Heap before GC invocations=1545 (full 111):
 garbage-first heap   total 324608K, used 103475K [0x00000000c0000000, 0x0000000100000000)
  region size 1024K, 9 young (9216K), 0 survivors (0K)
 Metaspace       used 76023K, committed 76608K, reserved 1179648K
  class space    used 10429K, committed 10688K, reserved 1048576K
}
Event: 6128.274 GC heap after
{Heap after GC invocations=1546 (full 112):
 garbage-first heap   total 321536K, used 93547K [0x00000000c0000000, 0x0000000100000000)
  region size 1024K, 0 young (0K), 0 survivors (0K)
 Metaspace       used 76023K, committed 76608K, reserved 1179648K
  class space    used 10429K, committed 10688K, reserved 1048576K
}
Event: 6168.417 GC heap before
{Heap before GC invocations=1546 (full 112):
 garbage-first heap   total 321536K, used 93547K [0x00000000c0000000, 0x0000000100000000)
  region size 1024K, 1 young (1024K), 0 survivors (0K)
 Metaspace       used 76023K, committed 76608K, reserved 1179648K
  class space    used 10429K, committed 10688K, reserved 1048576K
}
Event: 6168.471 GC heap after
{Heap after GC invocations=1547 (full 113):
 garbage-first heap   total 321536K, used 93544K [0x00000000c0000000, 0x0000000100000000)
  region size 1024K, 0 young (0K), 0 survivors (0K)
 Metaspace       used 76023K, committed 76608K, reserved 1179648K
  class space    used 10429K, committed 10688K, reserved 1048576K
}
Event: 6178.574 GC heap before
{Heap before GC invocations=1547 (full 113):
 garbage-first heap   total 321536K, used 93544K [0x00000000c0000000, 0x0000000100000000)
  region size 1024K, 1 young (1024K), 0 survivors (0K)
 Metaspace       used 76023K, committed 76608K, reserved 1179648K
  class space    used 10429K, committed 10688K, reserved 1048576K
}
Event: 6178.622 GC heap after
{Heap after GC invocations=1548 (full 114):
 garbage-first heap   total 317440K, used 93544K [0x00000000c0000000, 0x0000000100000000)
  region size 1024K, 0 young (0K), 0 survivors (0K)
 Metaspace       used 76023K, committed 76608K, reserved 1179648K
  class space    used 10429K, committed 10688K, reserved 1048576K
}
Event: 6188.735 GC heap before
{Heap before GC invocations=1548 (full 114):
 garbage-first heap   total 317440K, used 93544K [0x00000000c0000000, 0x0000000100000000)
  region size 1024K, 1 young (1024K), 0 survivors (0K)
 Metaspace       used 76023K, committed 76608K, reserved 1179648K
  class space    used 10429K, committed 10688K, reserved 1048576K
}
Event: 6188.782 GC heap after
{Heap after GC invocations=1549 (full 115):
 garbage-first heap   total 317440K, used 93544K [0x00000000c0000000, 0x0000000100000000)
  region size 1024K, 0 young (0K), 0 survivors (0K)
 Metaspace       used 76023K, committed 76608K, reserved 1179648K
  class space    used 10429K, committed 10688K, reserved 1048576K
}
Event: 6198.880 GC heap before
{Heap before GC invocations=1549 (full 115):
 garbage-first heap   total 317440K, used 93544K [0x00000000c0000000, 0x0000000100000000)
  region size 1024K, 1 young (1024K), 0 survivors (0K)
 Metaspace       used 76023K, committed 76608K, reserved 1179648K
  class space    used 10429K, committed 10688K, reserved 1048576K
}
Event: 6198.924 GC heap after
{Heap after GC invocations=1550 (full 116):
 garbage-first heap   total 317440K, used 93544K [0x00000000c0000000, 0x0000000100000000)
  region size 1024K, 0 young (0K), 0 survivors (0K)
 Metaspace       used 76023K, committed 76608K, reserved 1179648K
  class space    used 10429K, committed 10688K, reserved 1048576K
}
Event: 6209.057 GC heap before
{Heap before GC invocations=1550 (full 116):
 garbage-first heap   total 317440K, used 93544K [0x00000000c0000000, 0x0000000100000000)
  region size 1024K, 1 young (1024K), 0 survivors (0K)
 Metaspace       used 76023K, committed 76608K, reserved 1179648K
  class space    used 10429K, committed 10688K, reserved 1048576K
}
Event: 6209.110 GC heap after
{Heap after GC invocations=1551 (full 117):
 garbage-first heap   total 317440K, used 93544K [0x00000000c0000000, 0x0000000100000000)
  region size 1024K, 0 young (0K), 0 survivors (0K)
 Metaspace       used 76023K, committed 76608K, reserved 1179648K
  class space    used 10429K, committed 10688K, reserved 1048576K
}
Event: 6219.233 GC heap before
{Heap before GC invocations=1551 (full 117):
 garbage-first heap   total 317440K, used 93544K [0x00000000c0000000, 0x0000000100000000)
  region size 1024K, 1 young (1024K), 0 survivors (0K)
 Metaspace       used 76023K, committed 76608K, reserved 1179648K
  class space    used 10429K, committed 10688K, reserved 1048576K
}
Event: 6219.282 GC heap after
{Heap after GC invocations=1552 (full 118):
 garbage-first heap   total 317440K, used 93544K [0x00000000c0000000, 0x0000000100000000)
  region size 1024K, 0 young (0K), 0 survivors (0K)
 Metaspace       used 76023K, committed 76608K, reserved 1179648K
  class space    used 10429K, committed 10688K, reserved 1048576K
}
Event: 6229.402 GC heap before
{Heap before GC invocations=1552 (full 118):
 garbage-first heap   total 317440K, used 93544K [0x00000000c0000000, 0x0000000100000000)
  region size 1024K, 1 young (1024K), 0 survivors (0K)
 Metaspace       used 76023K, committed 76608K, reserved 1179648K
  class space    used 10429K, committed 10688K, reserved 1048576K
}
Event: 6229.449 GC heap after
{Heap after GC invocations=1553 (full 119):
 garbage-first heap   total 317440K, used 93544K [0x00000000c0000000, 0x0000000100000000)
  region size 1024K, 0 young (0K), 0 survivors (0K)
 Metaspace       used 76023K, committed 76608K, reserved 1179648K
  class space    used 10429K, committed 10688K, reserved 1048576K
}
Event: 6239.585 GC heap before
{Heap before GC invocations=1553 (full 119):
 garbage-first heap   total 317440K, used 93544K [0x00000000c0000000, 0x0000000100000000)
  region size 1024K, 1 young (1024K), 0 survivors (0K)
 Metaspace       used 76023K, committed 76608K, reserved 1179648K
  class space    used 10429K, committed 10688K, reserved 1048576K
}
Event: 6239.635 GC heap after
{Heap after GC invocations=1554 (full 120):
 garbage-first heap   total 317440K, used 93544K [0x00000000c0000000, 0x0000000100000000)
  region size 1024K, 0 young (0K), 0 survivors (0K)
 Metaspace       used 76023K, committed 76608K, reserved 1179648K
  class space    used 10429K, committed 10688K, reserved 1048576K
}
Event: 6249.751 GC heap before
{Heap before GC invocations=1554 (full 120):
 garbage-first heap   total 317440K, used 93544K [0x00000000c0000000, 0x0000000100000000)
  region size 1024K, 1 young (1024K), 0 survivors (0K)
 Metaspace       used 76023K, committed 76608K, reserved 1179648K
  class space    used 10429K, committed 10688K, reserved 1048576K
}
Event: 6249.797 GC heap after
{Heap after GC invocations=1555 (full 121):
 garbage-first heap   total 317440K, used 93544K [0x00000000c0000000, 0x0000000100000000)
  region size 1024K, 0 young (0K), 0 survivors (0K)
 Metaspace       used 76023K, committed 76608K, reserved 1179648K
  class space    used 10429K, committed 10688K, reserved 1048576K
}

Dll operation events (10 events):
Event: 0.019 Loaded shared library c:\Users\khami\.vscode\extensions\redhat.java-1.20.0-win32-x64\jre\17.0.7-win32-x86_64\bin\java.dll
Event: 0.475 Loaded shared library C:\Users\khami\.vscode\extensions\redhat.java-1.20.0-win32-x64\jre\17.0.7-win32-x86_64\bin\net.dll
Event: 0.478 Loaded shared library C:\Users\khami\.vscode\extensions\redhat.java-1.20.0-win32-x64\jre\17.0.7-win32-x86_64\bin\nio.dll
Event: 1.048 Loaded shared library C:\Users\khami\.vscode\extensions\redhat.java-1.20.0-win32-x64\jre\17.0.7-win32-x86_64\bin\zip.dll
Event: 8.597 Loaded shared library C:\Users\khami\.vscode\extensions\redhat.java-1.20.0-win32-x64\jre\17.0.7-win32-x86_64\bin\jimage.dll
Event: 14.126 Loaded shared library C:\Users\khami\.vscode\extensions\redhat.java-1.20.0-win32-x64\jre\17.0.7-win32-x86_64\bin\management.dll
Event: 14.130 Loaded shared library C:\Users\khami\.vscode\extensions\redhat.java-1.20.0-win32-x64\jre\17.0.7-win32-x86_64\bin\management_ext.dll
Event: 15.922 Loaded shared library C:\Users\khami\.vscode\extensions\redhat.java-1.20.0-win32-x64\jre\17.0.7-win32-x86_64\bin\sunmscapi.dll
Event: 25.572 Loaded shared library c:\Users\khami\.vscode\extensions\redhat.java-1.20.0-win32-x64\jre\17.0.7-win32-x86_64\bin\verify.dll
Event: 28.990 Loaded shared library C:\Users\khami\AppData\Local\Temp\snappy-1.1.8-6ea04d4b-7164-4ae5-a5c5-2d3b0f51166b-snappyjava.dll

Deoptimization events (20 events):
Event: 401.968 Thread 0x0000027555658e40 DEOPT PACKING pc=0x000002754731249d sp=0x000000e2976fd4b0
Event: 401.968 Thread 0x0000027555658e40 DEOPT UNPACKING pc=0x0000027546e67143 sp=0x000000e2976fc9e0 mode 3
Event: 404.630 Thread 0x0000027555f60b40 DEOPT PACKING pc=0x000002754730db98 sp=0x000000e298afeb40
Event: 404.630 Thread 0x0000027555f60b40 DEOPT UNPACKING pc=0x0000027546e67143 sp=0x000000e298afe030 mode 3
Event: 406.411 Thread 0x0000027555658e40 DEOPT PACKING pc=0x000002754898f60f sp=0x000000e2976fe990
Event: 406.411 Thread 0x0000027555658e40 DEOPT UNPACKING pc=0x0000027546e67143 sp=0x000000e2976fdee0 mode 3
Event: 444.384 Thread 0x000002755f196660 DEOPT PACKING pc=0x0000027548bbf795 sp=0x000000e2950fc690
Event: 444.384 Thread 0x000002755f196660 DEOPT UNPACKING pc=0x0000027546e67143 sp=0x000000e2950fbb18 mode 3
Event: 452.225 Thread 0x0000027555f5e4c0 DEOPT PACKING pc=0x0000027548ce169f sp=0x000000e298bfdb00
Event: 452.225 Thread 0x0000027555f5e4c0 DEOPT UNPACKING pc=0x0000027546e67143 sp=0x000000e298bfd538 mode 3
Event: 476.455 Thread 0x0000027555f5e4c0 DEOPT PACKING pc=0x000002754794b4a4 sp=0x000000e298bfe4a0
Event: 476.455 Thread 0x0000027555f5e4c0 DEOPT UNPACKING pc=0x0000027546e67143 sp=0x000000e298bfd9e8 mode 0
Event: 479.547 Thread 0x0000027555f60b40 DEOPT PACKING pc=0x0000027548be4432 sp=0x000000e298afe5c0
Event: 479.547 Thread 0x0000027555f60b40 DEOPT UNPACKING pc=0x0000027546e67143 sp=0x000000e298afdae8 mode 3
Event: 720.176 Thread 0x0000027555f5e4c0 DEOPT PACKING pc=0x0000027548f9bd5e sp=0x000000e298bfd5b0
Event: 720.176 Thread 0x0000027555f5e4c0 DEOPT UNPACKING pc=0x0000027546e67143 sp=0x000000e298bfcac0 mode 3
Event: 759.529 Thread 0x0000027555f5e4c0 DEOPT PACKING pc=0x0000027549110cab sp=0x000000e298bfe380
Event: 759.529 Thread 0x0000027555f5e4c0 DEOPT UNPACKING pc=0x0000027546e67143 sp=0x000000e298bfd880 mode 3
Event: 907.746 Thread 0x0000027555f5e4c0 DEOPT PACKING pc=0x0000027549246dd1 sp=0x000000e298bfe430
Event: 907.746 Thread 0x0000027555f5e4c0 DEOPT UNPACKING pc=0x0000027546e67143 sp=0x000000e298bfd918 mode 3

Classes unloaded (20 events):
Event: 904.166 Thread 0x000002754f404e30 Unloading class 0x000000010008b800 'java/lang/invoke/LambdaForm$MH+0x000000010008b800'
Event: 904.166 Thread 0x000002754f404e30 Unloading class 0x00000001003a4000 'java/lang/invoke/LambdaForm$MH+0x00000001003a4000'
Event: 904.166 Thread 0x000002754f404e30 Unloading class 0x0000000100420400 'java/lang/invoke/LambdaForm$MH+0x0000000100420400'
Event: 904.166 Thread 0x000002754f404e30 Unloading class 0x0000000100546800 'java/lang/invoke/LambdaForm$MH+0x0000000100546800'
Event: 904.166 Thread 0x000002754f404e30 Unloading class 0x0000000100a70400 'java/lang/invoke/LambdaForm$MH+0x0000000100a70400'
Event: 904.166 Thread 0x000002754f404e30 Unloading class 0x0000000100a78000 'java/lang/invoke/LambdaForm$MH+0x0000000100a78000'
Event: 904.166 Thread 0x000002754f404e30 Unloading class 0x0000000100a7a800 'java/lang/invoke/LambdaForm$MH+0x0000000100a7a800'
Event: 1737.328 Thread 0x000002754f404e30 Unloading class 0x00000001006d0400 'jdk/internal/reflect/GeneratedMethodAccessor67'
Event: 1737.328 Thread 0x000002754f404e30 Unloading class 0x0000000100089c00 'jdk/internal/reflect/GeneratedConstructorAccessor65'
Event: 1737.328 Thread 0x000002754f404e30 Unloading class 0x0000000100a8c000 'jdk/internal/reflect/GeneratedConstructorAccessor58'
Event: 1747.586 Thread 0x000002754f404e30 Unloading class 0x0000000100a93400 'jdk/internal/reflect/GeneratedConstructorAccessor80'
Event: 1747.586 Thread 0x000002754f404e30 Unloading class 0x0000000100a93000 'jdk/internal/reflect/GeneratedMethodAccessor72'
Event: 1747.586 Thread 0x000002754f404e30 Unloading class 0x000000010052c000 'jdk/internal/reflect/GeneratedMethodAccessor16'
Event: 1821.025 Thread 0x000002754f404e30 Unloading class 0x0000000100394400 'jdk/internal/reflect/GeneratedMethodAccessor60'
Event: 1821.025 Thread 0x000002754f404e30 Unloading class 0x0000000100394c00 'jdk/internal/reflect/GeneratedConstructorAccessor69'
Event: 1821.025 Thread 0x000002754f404e30 Unloading class 0x0000000100395400 'jdk/internal/reflect/GeneratedMethodAccessor59'
Event: 1821.025 Thread 0x000002754f404e30 Unloading class 0x00000001003a0400 'jdk/internal/reflect/GeneratedConstructorAccessor68'
Event: 1821.025 Thread 0x000002754f404e30 Unloading class 0x00000001003a0800 'jdk/internal/reflect/GeneratedMethodAccessor58'
Event: 1821.025 Thread 0x000002754f404e30 Unloading class 0x00000001003a1800 'jdk/internal/reflect/GeneratedMethodAccessor57'
Event: 1821.025 Thread 0x000002754f404e30 Unloading class 0x00000001003b0400 'jdk/internal/reflect/GeneratedMethodAccessor56'

Classes redefined (0 events):
No events

Internal exceptions (20 events):
Event: 1510.117 Thread 0x000002755f19c1d0 Exception <a 'sun/nio/fs/WindowsException'{0x00000000f79fc908}> (0x00000000f79fc908) 
thrown [s\src\hotspot\share\prims\jni.cpp, line 516]
Event: 1510.117 Thread 0x000002755f19c1d0 Exception <a 'sun/nio/fs/WindowsException'{0x00000000f79fccc8}> (0x00000000f79fccc8) 
thrown [s\src\hotspot\share\prims\jni.cpp, line 516]
Event: 1510.118 Thread 0x000002755f19c1d0 Exception <a 'sun/nio/fs/WindowsException'{0x00000000f7833900}> (0x00000000f7833900) 
thrown [s\src\hotspot\share\prims\jni.cpp, line 516]
Event: 1510.118 Thread 0x000002755f19c1d0 Exception <a 'sun/nio/fs/WindowsException'{0x00000000f7833c90}> (0x00000000f7833c90) 
thrown [s\src\hotspot\share\prims\jni.cpp, line 516]
Event: 1510.118 Thread 0x000002755f19c1d0 Exception <a 'sun/nio/fs/WindowsException'{0x00000000f7835168}> (0x00000000f7835168) 
thrown [s\src\hotspot\share\prims\jni.cpp, line 516]
Event: 1510.118 Thread 0x000002755f19c1d0 Exception <a 'sun/nio/fs/WindowsException'{0x00000000f7835518}> (0x00000000f7835518) 
thrown [s\src\hotspot\share\prims\jni.cpp, line 516]
Event: 1510.119 Thread 0x000002755f19c1d0 Exception <a 'sun/nio/fs/WindowsException'{0x00000000f787a7d0}> (0x00000000f787a7d0) 
thrown [s\src\hotspot\share\prims\jni.cpp, line 516]
Event: 1510.119 Thread 0x000002755f19c1d0 Exception <a 'sun/nio/fs/WindowsException'{0x00000000f787abd0}> (0x00000000f787abd0) 
thrown [s\src\hotspot\share\prims\jni.cpp, line 516]
Event: 1510.119 Thread 0x000002755f19c1d0 Exception <a 'sun/nio/fs/WindowsException'{0x00000000f787c108}> (0x00000000f787c108) 
thrown [s\src\hotspot\share\prims\jni.cpp, line 516]
Event: 1510.119 Thread 0x000002755f19c1d0 Exception <a 'sun/nio/fs/WindowsException'{0x00000000f787c528}> (0x00000000f787c528) 
thrown [s\src\hotspot\share\prims\jni.cpp, line 516]
Event: 1510.121 Thread 0x000002755f19c1d0 Exception <a 'sun/nio/fs/WindowsException'{0x00000000f78ed518}> (0x00000000f78ed518) 
thrown [s\src\hotspot\share\prims\jni.cpp, line 516]
Event: 1510.121 Thread 0x000002755f19c1d0 Exception <a 'sun/nio/fs/WindowsException'{0x00000000f78ed8a8}> (0x00000000f78ed8a8) 
thrown [s\src\hotspot\share\prims\jni.cpp, line 516]
Event: 1510.121 Thread 0x000002755f19c1d0 Exception <a 'sun/nio/fs/WindowsException'{0x00000000f78eed80}> (0x00000000f78eed80) 
thrown [s\src\hotspot\share\prims\jni.cpp, line 516]
Event: 1510.121 Thread 0x000002755f19c1d0 Exception <a 'sun/nio/fs/WindowsException'{0x00000000f78ef138}> (0x00000000f78ef138) 
thrown [s\src\hotspot\share\prims\jni.cpp, line 516]
Event: 1582.308 Thread 0x0000027555657b00 Exception <a 'sun/nio/fs/WindowsException'{0x00000000f67eb620}> (0x00000000f67eb620) 
thrown [s\src\hotspot\share\prims\jni.cpp, line 516]
Event: 1582.309 Thread 0x0000027555657b00 Exception <a 'sun/nio/fs/WindowsException'{0x00000000f67ec1a8}> (0x00000000f67ec1a8) 
thrown [s\src\hotspot\share\prims\jni.cpp, line 516]
Event: 1583.564 Thread 0x0000027555657b00 Exception <a 'sun/nio/fs/WindowsException'{0x00000000ff94c708}> (0x00000000ff94c708) 
thrown [s\src\hotspot\share\prims\jni.cpp, line 516]
Event: 1583.564 Thread 0x0000027555657b00 Exception <a 'sun/nio/fs/WindowsException'{0x00000000ff94d290}> (0x00000000ff94d290) 
thrown [s\src\hotspot\share\prims\jni.cpp, line 516]
Event: 5887.542 Thread 0x0000027555655950 Exception <a 'sun/nio/fs/WindowsException'{0x00000000d3c05ed8}> (0x00000000d3c05ed8) 
thrown [s\src\hotspot\share\prims\jni.cpp, line 516]
Event: 5887.542 Thread 0x0000027555655950 Exception <a 'sun/nio/fs/WindowsException'{0x00000000d3c06a60}> (0x00000000d3c06a60) 
thrown [s\src\hotspot\share\prims\jni.cpp, line 516]

VM Operations (20 events):
Event: 6128.275 Executing VM operation: G1CollectFull done
Event: 6168.417 Executing VM operation: G1CollectFull
Event: 6168.472 Executing VM operation: G1CollectFull done
Event: 6178.574 Executing VM operation: G1CollectFull
Event: 6178.622 Executing VM operation: G1CollectFull done
Event: 6188.735 Executing VM operation: G1CollectFull
Event: 6188.782 Executing VM operation: G1CollectFull done
Event: 6198.879 Executing VM operation: G1CollectFull
Event: 6198.924 Executing VM operation: G1CollectFull done
Event: 6209.057 Executing VM operation: G1CollectFull
Event: 6209.110 Executing VM operation: G1CollectFull done
Event: 6219.233 Executing VM operation: G1CollectFull
Event: 6219.282 Executing VM operation: G1CollectFull done
Event: 6229.402 Executing VM operation: G1CollectFull
Event: 6229.450 Executing VM operation: G1CollectFull done
Event: 6239.585 Executing VM operation: G1CollectFull
Event: 6239.635 Executing VM operation: G1CollectFull done
Event: 6249.751 Executing VM operation: G1CollectFull
Event: 6249.797 Executing VM operation: G1CollectFull done
Event: 6261.863 Executing VM operation: G1CollectFull

Events (20 events):
Event: 1821.115 Thread 0x000002754f463c20 flushing nmethod 0x0000027547c42410
Event: 1821.122 Thread 0x000002754f463c20 flushing nmethod 0x00000275487c2390
Event: 1821.123 Thread 0x000002754f463c20 flushing nmethod 0x00000275487d1710
Event: 1821.124 Thread 0x000002754f463c20 flushing nmethod 0x000002754898eb90
Event: 1821.124 Thread 0x000002754f463c20 flushing nmethod 0x0000027548aa1890
Event: 1821.125 Thread 0x000002754f463c20 flushing nmethod 0x0000027548ae1c90
Event: 1821.125 Thread 0x000002754f463c20 flushing nmethod 0x0000027548aefa90
Event: 1821.125 Thread 0x000002754f463c20 flushing nmethod 0x0000027548bbf510
Event: 5887.533 Thread 0x0000027555655950 Thread added: 0x0000027555655950
Event: 5887.533 Thread 0x0000027555655e20 Thread added: 0x0000027555655e20
Event: 5948.031 Thread 0x0000027555655950 Thread exited: 0x0000027555655950
Event: 5948.031 Thread 0x0000027555655e20 Thread exited: 0x0000027555655e20
Event: 6029.212 Thread 0x0000027555657b00 Thread added: 0x0000027555657b00
Event: 6029.213 Thread 0x00000275556584a0 Thread added: 0x00000275556584a0
Event: 6089.225 Thread 0x00000275556584a0 Thread exited: 0x00000275556584a0
Event: 6090.431 Thread 0x0000027555652e00 Thread added: 0x0000027555652e00
Event: 6090.441 Thread 0x00000275556597e0 Thread added: 0x00000275556597e0
Event: 6150.488 Thread 0x0000027555652e00 Thread exited: 0x0000027555652e00
Event: 6150.488 Thread 0x0000027555657b00 Thread exited: 0x0000027555657b00
Event: 6192.664 Thread 0x00000275556597e0 Thread exited: 0x00000275556597e0


Dynamic libraries:
0x00007ff700dc0000 - 0x00007ff700dce000 	c:\Users\khami\.vscode\extensions\redhat.java-1.20.0-win32-x64\jre\17.0.7-win32-x86_64\bin\java.exe
0x00007ffb9e820000 - 0x00007ffb9ea4b000 	C:\WINDOWS\SYSTEM32\ntdll.dll
0x00007ffb9cef0000 - 0x00007ffb9cfb6000 	C:\WINDOWS\System32\KERNEL32.DLL
0x00007ffb9bc50000 - 0x00007ffb9bfae000 	C:\WINDOWS\System32\KERNELBASE.dll
0x00007ffb9bfc0000 - 0x00007ffb9c0f3000 	C:\WINDOWS\System32\ucrtbase.dll
0x00007ffb4b5c0000 - 0x00007ffb4b5d7000 	c:\Users\khami\.vscode\extensions\redhat.java-1.20.0-win32-x64\jre\17.0.7-win32-x86_64\bin\jli.dll
0x00007ffb49350000 - 0x00007ffb49369000 	c:\Users\khami\.vscode\extensions\redhat.java-1.20.0-win32-x64\jre\17.0.7-win32-x86_64\bin\VCRUNTIME140.dll
0x00007ffb7aee0000 - 0x00007ffb7b171000 	C:\WINDOWS\WinSxS\amd64_microsoft.windows.common-controls_6595b64144ccf1df_6.0.25905.1000_none_87b90b8fab340372\COMCTL32.dll
0x00007ffb9c9f0000 - 0x00007ffb9ca97000 	C:\WINDOWS\System32\msvcrt.dll
0x00007ffb9e1c0000 - 0x00007ffb9e371000 	C:\WINDOWS\System32\USER32.dll
0x00007ffb9c2b0000 - 0x00007ffb9c2d7000 	C:\WINDOWS\System32\win32u.dll
0x00007ffb9c680000 - 0x00007ffb9c6a9000 	C:\WINDOWS\System32\GDI32.dll
0x00007ffb9c180000 - 0x00007ffb9c29f000 	C:\WINDOWS\System32\gdi32full.dll
0x00007ffb9c5b0000 - 0x00007ffb9c655000 	C:\WINDOWS\System32\msvcp_win.dll
0x00007ffb9e010000 - 0x00007ffb9e040000 	C:\WINDOWS\System32\IMM32.DLL
0x00007ffb59730000 - 0x00007ffb5973c000 	c:\Users\khami\.vscode\extensions\redhat.java-1.20.0-win32-x64\jre\17.0.7-win32-x86_64\bin\vcruntime140_1.dll
0x00007ffb1e310000 - 0x00007ffb1e3a1000 	c:\Users\khami\.vscode\extensions\redhat.java-1.20.0-win32-x64\jre\17.0.7-win32-x86_64\bin\msvcp140.dll
0x00007ffb01390000 - 0x00007ffb01fd8000 	c:\Users\khami\.vscode\extensions\redhat.java-1.20.0-win32-x64\jre\17.0.7-win32-x86_64\bin\server\jvm.dll
0x00007ffb9d040000 - 0x00007ffb9d0f0000 	C:\WINDOWS\System32\ADVAPI32.dll
0x00007ffb9cc90000 - 0x00007ffb9cd30000 	C:\WINDOWS\System32\sechost.dll
0x00007ffb9c6b0000 - 0x00007ffb9c7d5000 	C:\WINDOWS\System32\RPCRT4.dll
0x00007ffb61050000 - 0x00007ffb61059000 	C:\WINDOWS\SYSTEM32\WSOCK32.dll
0x00007ffb9cc10000 - 0x00007ffb9cc83000 	C:\WINDOWS\System32\WS2_32.dll
0x00007ffb94370000 - 0x00007ffb943a4000 	C:\WINDOWS\SYSTEM32\WINMM.dll
0x00007ffb93a40000 - 0x00007ffb93a4a000 	C:\WINDOWS\SYSTEM32\VERSION.dll
0x00007ffb9abb0000 - 0x00007ffb9abc8000 	C:\WINDOWS\SYSTEM32\kernel.appcore.dll
0x00007ffb54680000 - 0x00007ffb5468a000 	c:\Users\khami\.vscode\extensions\redhat.java-1.20.0-win32-x64\jre\17.0.7-win32-x86_64\bin\jimage.dll
0x00007ffb99460000 - 0x00007ffb99695000 	C:\WINDOWS\SYSTEM32\DBGHELP.DLL
0x00007ffb9e460000 - 0x00007ffb9e7db000 	C:\WINDOWS\System32\combase.dll
0x00007ffb9e050000 - 0x00007ffb9e125000 	C:\WINDOWS\System32\OLEAUT32.dll
0x00007ffb75f60000 - 0x00007ffb75f98000 	C:\WINDOWS\SYSTEM32\dbgcore.DLL
0x00007ffb9c2e0000 - 0x00007ffb9c361000 	C:\WINDOWS\System32\bcryptPrimitives.dll
0x00007ffb26fe0000 - 0x00007ffb27005000 	c:\Users\khami\.vscode\extensions\redhat.java-1.20.0-win32-x64\jre\17.0.7-win32-x86_64\bin\java.dll
0x00007ffb26710000 - 0x00007ffb26728000 	c:\Users\khami\.vscode\extensions\redhat.java-1.20.0-win32-x64\jre\17.0.7-win32-x86_64\bin\zip.dll
0x00007ffb9d810000 - 0x00007ffb9df83000 	C:\WINDOWS\System32\SHELL32.dll
0x00007ffb999f0000 - 0x00007ffb9a242000 	C:\WINDOWS\SYSTEM32\windows.storage.dll
0x00007ffb9e380000 - 0x00007ffb9e453000 	C:\WINDOWS\System32\SHCORE.dll
0x00007ffb9cfe0000 - 0x00007ffb9d03c000 	C:\WINDOWS\System32\shlwapi.dll
0x00007ffb9bb80000 - 0x00007ffb9bba3000 	C:\WINDOWS\SYSTEM32\profapi.dll
0x00007ffb95830000 - 0x00007ffb95849000 	C:\Users\khami\.vscode\extensions\redhat.java-1.20.0-win32-x64\jre\17.0.7-win32-x86_64\bin\net.dll
0x00007ffb945e0000 - 0x00007ffb946fb000 	C:\WINDOWS\SYSTEM32\WINHTTP.dll
0x00007ffb9b0e0000 - 0x00007ffb9b148000 	C:\WINDOWS\system32\mswsock.dll
0x00007ffb95560000 - 0x00007ffb95575000 	C:\Users\khami\.vscode\extensions\redhat.java-1.20.0-win32-x64\jre\17.0.7-win32-x86_64\bin\nio.dll
0x00007ffb9b3a0000 - 0x00007ffb9b3bb000 	C:\WINDOWS\SYSTEM32\CRYPTSP.dll
0x00007ffb9aab0000 - 0x00007ffb9aae7000 	C:\WINDOWS\system32\rsaenh.dll
0x00007ffb9b200000 - 0x00007ffb9b22a000 	C:\WINDOWS\SYSTEM32\USERENV.dll
0x00007ffb9b5f0000 - 0x00007ffb9b618000 	C:\WINDOWS\SYSTEM32\bcrypt.dll
0x00007ffb9b3c0000 - 0x00007ffb9b3cc000 	C:\WINDOWS\SYSTEM32\CRYPTBASE.dll
0x00007ffb9a4d0000 - 0x00007ffb9a4ff000 	C:\WINDOWS\SYSTEM32\IPHLPAPI.DLL
0x00007ffb9cfc0000 - 0x00007ffb9cfca000 	C:\WINDOWS\System32\NSI.dll
0x00007ffb948f0000 - 0x00007ffb94909000 	C:\WINDOWS\SYSTEM32\dhcpcsvc6.DLL
0x00007ffb94340000 - 0x00007ffb9435f000 	C:\WINDOWS\SYSTEM32\dhcpcsvc.DLL
0x00007ffb9a550000 - 0x00007ffb9a65f000 	C:\WINDOWS\SYSTEM32\DNSAPI.dll
0x00007ffb4b310000 - 0x00007ffb4b319000 	C:\Users\khami\.vscode\extensions\redhat.java-1.20.0-win32-x64\jre\17.0.7-win32-x86_64\bin\management.dll
0x00007ffb4aa80000 - 0x00007ffb4aa8b000 	C:\Users\khami\.vscode\extensions\redhat.java-1.20.0-win32-x64\jre\17.0.7-win32-x86_64\bin\management_ext.dll
0x00007ffb9cfd0000 - 0x00007ffb9cfd8000 	C:\WINDOWS\System32\PSAPI.DLL
0x00007ffb85bc0000 - 0x00007ffb85bce000 	C:\Users\khami\.vscode\extensions\redhat.java-1.20.0-win32-x64\jre\17.0.7-win32-x86_64\bin\sunmscapi.dll
0x00007ffb9c430000 - 0x00007ffb9c5a4000 	C:\WINDOWS\System32\CRYPT32.dll
0x00007ffb9b5b0000 - 0x00007ffb9b5e1000 	C:\WINDOWS\SYSTEM32\ncrypt.dll
0x00007ffb9b560000 - 0x00007ffb9b59e000 	C:\WINDOWS\SYSTEM32\NTASN1.dll
0x00007ffb948e0000 - 0x00007ffb948ea000 	C:\Windows\System32\rasadhlp.dll
0x00007ffb933b0000 - 0x00007ffb93432000 	C:\WINDOWS\System32\fwpuclnt.dll
0x00007ffb96e60000 - 0x00007ffb96e70000 	c:\Users\khami\.vscode\extensions\redhat.java-1.20.0-win32-x64\jre\17.0.7-win32-x86_64\bin\verify.dll
0x000000006c500000 - 0x000000006c5c7000 	C:\Users\khami\AppData\Local\Temp\snappy-1.1.8-6ea04d4b-7164-4ae5-a5c5-2d3b0f51166b-snappyjava.dll

dbghelp: loaded successfully - version: 4.0.5 - missing functions: none
symbol engine: initialized successfully - sym options: 0x614 - pdb path: .;c:\Users\khami\.vscode\extensions\redhat.java-1.20.0-win32-x64\jre\17.0.7-win32-x86_64\bin;C:\WINDOWS\SYSTEM32;C:\WINDOWS\WinSxS\amd64_microsoft.windows.common-controls_6595b64144ccf1df_6.0.25905.1000_none_87b90b8fab340372;c:\Users\khami\.vscode\extensions\redhat.java-1.20.0-win32-x64\jre\17.0.7-win32-x86_64\bin\server;C:\Users\khami\AppData\Local\Temp

VM Arguments:
jvm_args: -XX:+HeapDumpOnOutOfMemoryError -Xmx1024m -Dsts.lsp.client=vscode -Dsts.log.file=/dev/null -XX:TieredStopAtLevel=1 -Xlog:jni+resolve=off -Dspring.config.location=file:c:\Users\khami\.vscode\extensions\vmware.vscode-spring-boot-1.47.0\language-server\BOOT-INF\classes\application.properties 
java_command: org.springframework.ide.vscode.boot.app.BootLanguageServerBootApp
java_class_path (initial): c:\Users\khami\.vscode\extensions\vmware.vscode-spring-boot-1.47.0\language-server\BOOT-INF\classes;c:\Users\khami\.vscode\extensions\vmware.vscode-spring-boot-1.47.0\language-server\BOOT-INF\lib\annotations-24.0.1.jar;c:\Users\khami\.vscode\extensions\vmware.vscode-spring-boot-1.47.0\language-server\BOOT-INF\lib\antlr-runtime-3.5.3.jar;c:\Users\khami\.vscode\extensions\vmware.vscode-spring-boot-1.47.0\language-server\BOOT-INF\lib\antlr4-4.11.1.jar;c:\Users\khami\.vscode\extensions\vmware.vscode-spring-boot-1.47.0\language-server\BOOT-INF\lib\antlr4-runtime-4.11.1.jar;c:\Users\khami\.vscode\extensions\vmware.vscode-spring-boot-1.47.0\language-server\BOOT-INF\lib\aopalliance-1.0.jar;c:\Users\khami\.vscode\extensions\vmware.vscode-spring-boot-1.47.0\language-server\BOOT-INF\lib\asm-9.5.jar;c:\Users\khami\.vscode\extensions\vmware.vscode-spring-boot-1.47.0\language-server\BOOT-INF\lib\asm-analysis-9.5.jar;c:\Users\khami\.vscode\extensions\vmware.vscode-spring-boot-1.47.0\language-server\BOOT-INF\lib\asm-tree-9.5.jar;c:\Users\khami\.vscode\extensions\vmware.vscode-spring-boot-1.47.0\language-server\BOOT-INF\lib\asm-util-9.5.jar;c:\Users\khami\.vscode\extensions\vmware.vscode-spring-boot-1.47.0\language-server\BOOT-INF\lib\auto-common-1.2.1.jar;c:\Users\khami\.vscode\extensions\vmware.vscode-spring-boot-1.47.0\language-server\BOOT-INF\lib\auto-value-annotations-1.9.jar;c:\Users\khami\.vscode\extensions\vmware.vscode-spring-boot-1.47.0\language-server\BOOT-INF\lib\caffeine-3.1.2.jar;c:\Users\khami\.vscode\extensions\vmware.vscode-spring-boot-1.47.0\language-server\BOOT-INF\lib\checker-qual-3.12.0.jar;c:\Users\khami\.vscode\extensions\vmware.vscode-spring-boot-1.47.0\language-server\BOOT-INF\lib\classgraph-4.8.149.jar;c:\Users\khami\.vscode\extensions\vmware.vscode-spring-boot-1.47.0\language-server\BOOT-INF\lib\commons-codec-1.15.jar;c:\Users\khami\.vscode\extensions\vmware.vscode-spring-boot-1.47.0\language-server\BOOT-INF\lib\commons-compres
Launcher Type: SUN_STANDARD

[Global flags]
     intx CICompilerCount                          = 4                                         {product} {ergonomic}
     uint ConcGCThreads                            = 3                                         {product} {ergonomic}
     uint G1ConcRefinementThreads                  = 10                                        {product} {ergonomic}
   size_t G1HeapRegionSize                         = 1048576                                   {product} {ergonomic}
    uintx GCDrainStackTargetSize                   = 64                                        {product} {ergonomic}
     bool HeapDumpOnOutOfMemoryError               = true                                   {manageable} {command line}
   size_t InitialHeapSize                          = 266338304                                 {product} {ergonomic}
   size_t MarkStackSize                            = 4194304                                   {product} {ergonomic}
   size_t MaxHeapSize                              = 1073741824                                {product} {command line}
   size_t MaxNewSize                               = 643825664                                 {product} {ergonomic}
   size_t MinHeapDeltaBytes                        = 1048576                                   {product} {ergonomic}
   size_t MinHeapSize                              = 8388608                                   {product} {ergonomic}
    uintx NonProfiledCodeHeapSize                  = 0                                      {pd product} {ergonomic}
     bool ProfileInterpreter                       = false                                  {pd product} {command line}
    uintx ProfiledCodeHeapSize                     = 0                                      {pd product} {ergonomic}
   size_t SoftMaxHeapSize                          = 1073741824                             {manageable} {ergonomic}
     intx TieredStopAtLevel                        = 1                                         {product} {command line}
     bool UseCompressedClassPointers               = true                           {product lp64_product} {ergonomic}
     bool UseCompressedOops                        = true                           {product lp64_product} {ergonomic}
     bool UseG1GC                                  = true                                      {product} {ergonomic}
     bool UseLargePagesIndividualAllocation        = false                                  {pd product} {ergonomic}

Logging:
Log output configuration:
 #0: stdout all=warning,jni+resolve=off uptime,level,tags
 #1: stderr all=off uptime,level,tags

Environment Variables:
JAVA_HOME=C:\Program Files\Eclipse Adoptium\jdk-11.0.19.7-hotspot\
PATH=C:\Program Files\Eclipse Adoptium\jdk-11.0.19.7-hotspot\bin;C:\Program Files\Java\jdk-11\bin;C:\Program Files\Common Files\Oracle\Java\javapath;C:\Program Files (x86)\Common Files\Oracle\Java\javapath;C:\Program Files\Microsoft\jdk-11.0.16.101-hotspot\bin;C:\Program Files\Eclipse Adoptium\jdk-8.0.362.9-hotspot\bin;C:\ProgramData\Oracle\Java\javapath;C:\Program Files\Microsoft MPI\Bin\;C:\windows\system32;C:\windows;C:\windows\System32\Wbem;C:\windows\System32\WindowsPowerShell\v1.0\;C:\windows\System32\OpenSSH\;C:\Program Files (x86)\NVIDIA Corporation\PhysX\Common;C:\Program Files\NVIDIA Corporation\NVIDIA NvDLISR;C:\WINDOWS\system32;C:\WINDOWS;C:\WINDOWS\System32\Wbem;C:\WINDOWS\System32\WindowsPowerShell\v1.0\;C:\WINDOWS\System32\OpenSSH\;C:\TDM-GCC-64\bin;C:\Program Files\Microsoft SQL Server\Client SDK\ODBC\170\Tools\Binn\;C:\Program Files (x86)\Microsoft SQL Server\150\Tools\Binn\;C:\Program Files\Microsoft SQL Server\150\Tools\Binn\;C:\Program Files\Microsoft SQL Server\150\DTS\Binn\;C:\Program Files (x86)\Microsoft SQL Server\150\DTS\Binn\;C:\Program Files\dotnet\;C:\Program Files\Git\cmd;C:\Program Files\Calibre2\;C:\Program Files\Cloudflare\Cloudflare WARP\;C:\Program Files\MySQL\MySQL Shell 8.0\bin\;C:\Users\khami\AppData\Local\Microsoft\WindowsApps;C:\Users\khami\AppData\Local\Programs\Microsoft VS Code\bin;;C:\Program Files\Azure Data Studio\bin;C:\Users\khami\.dotnet\tools
USERNAME=khami
OS=Windows_NT
PROCESSOR_IDENTIFIER=Intel64 Family 6 Model 165 Stepping 2, GenuineIntel
TMP=C:\Users\khami\AppData\Local\Temp
TEMP=C:\Users\khami\AppData\Local\Temp



---------------  S Y S T E M  ---------------

OS:
 Windows 11 , 64 bit Build 25905 (10.0.25905.1000)
OS uptime: 0 days 17:36 hours
Hyper-V role detected

CPU: total 12 (initial active 12) (6 cores per cpu, 2 threads per core) family 6 model 165 stepping 2 microcode 0xf0, cx8, cmov, fxsr, ht, mmx, 3dnowpref, sse, sse2, sse3, ssse3, sse4.1, sse4.2, popcnt, lzcnt, tsc, tscinvbit, avx, avx2, aes, erms, clmul, bmi1, bmi2, adx, fma, vzeroupper, clflush, clflushopt, hv

Memory: 4k page, system-wide physical 16160M (3543M free)
TotalPageFile size 16160M (AvailPageFile size 3M)
current process WorkingSet (physical memory assigned to process): 577M, peak: 1417M
current process commit charge ("private bytes"): 571M, peak: 1320M

vm_info: OpenJDK 64-Bit Server VM (17.0.7+7) for windows-amd64 JRE (17.0.7+7), built on Apr 18 2023 22:10:42 by "temurin" with MS VC++ 16.7 (VS2019)

END.
