#
# There is insufficient memory for the Java Runtime Environment to continue.
# Native memory allocation (malloc) failed to allocate 1540336 bytes for Chunk::new
# Possible reasons:
#   The system is out of physical RAM or swap space
#   The process is running with CompressedOops enabled, and the Java Heap may be blocking the growth of the native heap
# Possible solutions:
#   Reduce memory load on the system
#   Increase physical memory or swap space
#   Check if swap backing store is full
#   Decrease Java heap size (-Xmx/-Xms)
#   Decrease number of Java threads
#   Decrease Java thread stack sizes (-Xss)
#   Set larger code cache with -XX:ReservedCodeCacheSize=
#   JVM is running with Zero Based Compressed Oops mode in which the Java heap is
#     placed in the first 32GB address space. The Java Heap base address is the
#     maximum limit for the native heap growth. Please use -XX:HeapBaseMinAddress
#     to set the Java Heap base and to place the Java Heap above 32GB virtual address.
# This output file may be truncated or incomplete.
#
#  Out of Memory Error (arena.cpp:197), pid=11808, tid=2816
#
# JRE version: OpenJDK Runtime Environment Temurin-11.0.19+7 (11.0.19+7) (build 11.0.19+7)
# Java VM: OpenJDK 64-Bit Server VM Temurin-11.0.19+7 (11.0.19+7, mixed mode, tiered, compressed oops, g1 gc, windows-amd64)
# No core dump will be written. Minidumps are not enabled by default on client versions of Windows
#

---------------  S U M M A R Y ------------

Command Line: -Dspring.jmx.enabled=true -Dmanagement.endpoints.jmx.exposure.include=* -Dspring.application.admin.enabled=true -Dspring.boot.project.name=onlinelearning -Djava.rmi.server.hostname=localhost group5.swp391.onlinelearning.MainApp

Host: Intel(R) Core(TM) i7-10750H CPU @ 2.60GHz, 12 cores, 15G,  Windows 11 , 64 bit Build 25905 (10.0.25905.1000)
Time: Mon Jul 17 22:00:32 2023 SE Asia Standard Time elapsed time: 59.316037 seconds (0d 0h 0m 59s)

---------------  T H R E A D  ---------------

Current thread (0x00000245299d3000):  JavaThread "C2 CompilerThread1" daemon [_thread_in_native, id=2816, stack(0x000000fbc5f00000,0x000000fbc6000000)]


Current CompileTask:
C2:  59316 11070       4       org.springframework.data.repository.core.support.DefaultRepositoryInformation::getQueryMethods (77 bytes)

Stack: [0x000000fbc5f00000,0x000000fbc6000000]
Native frames: (J=compiled Java code, j=interpreted, Vv=VM code, C=native code)
V  [jvm.dll+0x64fb5a]
V  [jvm.dll+0x7e3549]
V  [jvm.dll+0x7e4c49]
V  [jvm.dll+0x7e5333]
V  [jvm.dll+0x26afd5]
V  [jvm.dll+0xc1a5c]
V  [jvm.dll+0xc200c]
V  [jvm.dll+0x37b2f2]
V  [jvm.dll+0x1b37c2]
V  [jvm.dll+0x222ecf]
V  [jvm.dll+0x221d88]
V  [jvm.dll+0x19e6c1]
V  [jvm.dll+0x231f59]
V  [jvm.dll+0x2300af]
V  [jvm.dll+0x7a48d0]
V  [jvm.dll+0x79d6e4]
V  [jvm.dll+0x64e915]
C  [ucrtbase.dll+0x609e1]
C  [KERNEL32.DLL+0x124d8]
C  [ntdll.dll+0x4091]


---------------  P R O C E S S  ---------------

Threads class SMR info:
_java_thread_list=0x000002452b2007a0, length=25, elements={
0x000002457f936800, 0x000002457f938000, 0x000002457f9c7800, 0x000002457f9cb800,
0x000002457f9cc800, 0x000002457f9ce000, 0x000002457f9e3000, 0x000002457f9e4000,
0x000002457fb60800, 0x0000024520597000, 0x0000024520816000, 0x00000245209da800,
0x0000024520b70000, 0x00000245261a0800, 0x0000024522430000, 0x00000245238ed800,
0x000002452242f000, 0x000002452242b000, 0x000002452242c000, 0x000002452242d000,
0x000002452242d800, 0x000002452242a800, 0x000002452242e800, 0x00000245299d3000,
0x00000245299d8800
}

Java Threads: ( => current thread )
  0x000002457f936800 JavaThread "Reference Handler" daemon [_thread_blocked, id=17444, stack(0x000000fbc4300000,0x000000fbc4400000)]
  0x000002457f938000 JavaThread "Finalizer" daemon [_thread_blocked, id=5492, stack(0x000000fbc4400000,0x000000fbc4500000)]
  0x000002457f9c7800 JavaThread "Signal Dispatcher" daemon [_thread_blocked, id=16180, stack(0x000000fbc4500000,0x000000fbc4600000)]
  0x000002457f9cb800 JavaThread "Attach Listener" daemon [_thread_blocked, id=23916, stack(0x000000fbc4600000,0x000000fbc4700000)]
  0x000002457f9cc800 JavaThread "Service Thread" daemon [_thread_blocked, id=22104, stack(0x000000fbc4700000,0x000000fbc4800000)]
  0x000002457f9ce000 JavaThread "C2 CompilerThread0" daemon [_thread_in_native, id=16932, stack(0x000000fbc4800000,0x000000fbc4900000)]
  0x000002457f9e3000 JavaThread "C1 CompilerThread0" daemon [_thread_blocked, id=3812, stack(0x000000fbc4900000,0x000000fbc4a00000)]
  0x000002457f9e4000 JavaThread "Sweeper thread" daemon [_thread_blocked, id=12992, stack(0x000000fbc4a00000,0x000000fbc4b00000)]
  0x000002457fb60800 JavaThread "Common-Cleaner" daemon [_thread_blocked, id=15052, stack(0x000000fbc4c00000,0x000000fbc4d00000)]
  0x0000024520597000 JavaThread "RMI TCP Accept-0" daemon [_thread_in_native, id=13004, stack(0x000000fbc5a00000,0x000000fbc5b00000)]
  0x0000024520816000 JavaThread "RMI TCP Connection(1)-127.0.0.1" daemon [_thread_in_native, id=18004, stack(0x000000fbc5b00000,0x000000fbc5c00000)]
  0x00000245209da800 JavaThread "RMI Scheduler(0)" daemon [_thread_blocked, id=22172, stack(0x000000fbc5c00000,0x000000fbc5d00000)]
  0x0000024520b70000 JavaThread "JMX server connection timeout 22" daemon [_thread_blocked, id=20640, stack(0x000000fbc5d00000,0x000000fbc5e00000)]
  0x00000245261a0800 JavaThread "mysql-cj-abandoned-connection-cleanup" daemon [_thread_blocked, id=6020, stack(0x000000fbc5500000,0x000000fbc5600000)]
  0x0000024522430000 JavaThread "Live Reload Server" daemon [_thread_in_native, id=2384, stack(0x000000fbc6900000,0x000000fbc6a00000)]
  0x00000245238ed800 JavaThread "DestroyJavaVM" [_thread_blocked, id=17892, stack(0x000000fbc3c00000,0x000000fbc3d00000)]
  0x000002452242f000 JavaThread "Thread-7" [_thread_blocked, id=16324, stack(0x000000fbc5400000,0x000000fbc5500000)]
  0x000002452242b000 JavaThread "restartedMain" [_thread_in_Java, id=18088, stack(0x000000fbc5e00000,0x000000fbc5f00000)]
  0x000002452242c000 JavaThread "Catalina-utility-1" [_thread_blocked, id=18540, stack(0x000000fbc6100000,0x000000fbc6200000)]
  0x000002452242d000 JavaThread "Catalina-utility-2" [_thread_blocked, id=24072, stack(0x000000fbc6300000,0x000000fbc6400000)]
  0x000002452242d800 JavaThread "container-0" [_thread_blocked, id=4300, stack(0x000000fbc6400000,0x000000fbc6500000)]
  0x000002452242a800 JavaThread "HikariPool-3 housekeeper" daemon [_thread_blocked, id=16604, stack(0x000000fbc6700000,0x000000fbc6800000)]
  0x000002452242e800 JavaThread "HikariPool-3 connection adder" daemon [_thread_blocked, id=13644, stack(0x000000fbc6800000,0x000000fbc6900000)]
=>0x00000245299d3000 JavaThread "C2 CompilerThread1" daemon [_thread_in_native, id=2816, stack(0x000000fbc5f00000,0x000000fbc6000000)]
  0x00000245299d8800 JavaThread "C2 CompilerThread2" daemon [_thread_in_native, id=20960, stack(0x000000fbc6000000,0x000000fbc6100000)]

Other Threads:
  0x000002457f936000 VMThread "VM Thread" [stack: 0x000000fbc4200000,0x000000fbc4300000] [id=17132]
  0x000002457fb58000 WatcherThread [stack: 0x000000fbc4b00000,0x000000fbc4c00000] [id=14948]
  0x0000024579d54800 GCTaskThread "GC Thread#0" [stack: 0x000000fbc3d00000,0x000000fbc3e00000] [id=22624]
  0x000002451fbd4000 GCTaskThread "GC Thread#1" [stack: 0x000000fbc4e00000,0x000000fbc4f00000] [id=19192]
  0x000002451ff77000 GCTaskThread "GC Thread#2" [stack: 0x000000fbc4f00000,0x000000fbc5000000] [id=21548]
  0x000002451ff88000 GCTaskThread "GC Thread#3" [stack: 0x000000fbc5000000,0x000000fbc5100000] [id=27284]
  0x000002451fffd000 GCTaskThread "GC Thread#4" [stack: 0x000000fbc5100000,0x000000fbc5200000] [id=19296]
  0x000002451ff99000 GCTaskThread "GC Thread#5" [stack: 0x000000fbc5200000,0x000000fbc5300000] [id=14968]
  0x0000024520b4d000 GCTaskThread "GC Thread#6" [stack: 0x000000fbc5600000,0x000000fbc5700000] [id=13564]
  0x000002451ffa8000 GCTaskThread "GC Thread#7" [stack: 0x000000fbc5700000,0x000000fbc5800000] [id=1984]
  0x0000024521f11800 GCTaskThread "GC Thread#8" [stack: 0x000000fbc6500000,0x000000fbc6600000] [id=6492]
  0x0000024521f14000 GCTaskThread "GC Thread#9" [stack: 0x000000fbc6600000,0x000000fbc6700000] [id=17060]
  0x0000024579db4000 ConcurrentGCThread "G1 Main Marker" [stack: 0x000000fbc3e00000,0x000000fbc3f00000] [id=22136]
  0x0000024579dbc800 ConcurrentGCThread "G1 Conc#0" [stack: 0x000000fbc3f00000,0x000000fbc4000000] [id=7544]
  0x00000245209a2000 ConcurrentGCThread "G1 Conc#1" [stack: 0x000000fbc5800000,0x000000fbc5900000] [id=23012]
  0x0000024520938800 ConcurrentGCThread "G1 Conc#2" [stack: 0x000000fbc5900000,0x000000fbc5a00000] [id=18464]
  0x0000024579db9800 ConcurrentGCThread "G1 Refine#0" [stack: 0x000000fbc4000000,0x000000fbc4100000] [id=9500]
  0x000002457ef93000 ConcurrentGCThread "G1 Young RemSet Sampling" [stack: 0x000000fbc4100000,0x000000fbc4200000] [id=4920]

Threads with active compile tasks:
C2 CompilerThread0    59343 11161       4       org.hibernate.validator.internal.util.TypeHelper::resolveTypes (149 bytes)
C2 CompilerThread1    59344 11070       4       org.springframework.data.repository.core.support.DefaultRepositoryInformation::getQueryMethods (77 bytes)
C2 CompilerThread2    59344 11144       4       java.lang.reflect.ProxyGenerator$ProxyMethod::generateMethod (733 bytes)

VM state:not at safepoint (normal execution)

VM Mutex/Monitor currently owned by a thread: None

Heap address: 0x0000000703600000, size: 4042 MB, Compressed Oops mode: Zero based, Oop shift amount: 3
Narrow klass base: 0x0000000800000000, Narrow klass shift: 0
Compressed class space size: 1073741824 Address: 0x0000000800000000

Heap:
 garbage-first heap   total 116736K, used 66115K [0x0000000703600000, 0x0000000800000000)
  region size 1024K, 32 young (32768K), 7 survivors (7168K)
 Metaspace       used 81628K, capacity 84339K, committed 84480K, reserved 1122304K
  class space    used 10055K, capacity 11140K, committed 11264K, reserved 1048576K
Heap Regions: E=young(eden), S=young(survivor), O=old, HS=humongous(starts), HC=humongous(continues), CS=collection set, F=free, A=archive, TAMS=top-at-mark-start (previous, next)
|   0|0x0000000703600000, 0x0000000703700000, 0x0000000703700000|100%|HS|  |TAMS 0x0000000703600000, 0x0000000703600000| Untracked 
|   1|0x0000000703700000, 0x00000007037ffff8, 0x0000000703800000| 99%| O|  |TAMS 0x0000000703700000, 0x0000000703700000| Untracked 
|   2|0x0000000703800000, 0x00000007038fffd8, 0x0000000703900000| 99%| O|  |TAMS 0x0000000703800000, 0x0000000703800000| Untracked 
|   3|0x0000000703900000, 0x0000000703a00000, 0x0000000703a00000|100%| O|  |TAMS 0x0000000703900000, 0x0000000703900000| Untracked 
|   4|0x0000000703a00000, 0x0000000703affff8, 0x0000000703b00000| 99%| O|  |TAMS 0x0000000703a00000, 0x0000000703a00000| Untracked 
|   5|0x0000000703b00000, 0x0000000703bffff0, 0x0000000703c00000| 99%| O|  |TAMS 0x0000000703b00000, 0x0000000703b00000| Untracked 
|   6|0x0000000703c00000, 0x0000000703cfffe8, 0x0000000703d00000| 99%| O|  |TAMS 0x0000000703c00000, 0x0000000703c00000| Untracked 
|   7|0x0000000703d00000, 0x0000000703e00000, 0x0000000703e00000|100%| O|  |TAMS 0x0000000703d00000, 0x0000000703d00000| Untracked 
|   8|0x0000000703e00000, 0x0000000703efff98, 0x0000000703f00000| 99%| O|  |TAMS 0x0000000703e00000, 0x0000000703e00000| Untracked 
|   9|0x0000000703f00000, 0x0000000704000000, 0x0000000704000000|100%| O|  |TAMS 0x0000000703f00000, 0x0000000703f00000| Untracked 
|  10|0x0000000704000000, 0x0000000704100000, 0x0000000704100000|100%| O|  |TAMS 0x0000000704000000, 0x0000000704000000| Untracked 
|  11|0x0000000704100000, 0x00000007041fffb8, 0x0000000704200000| 99%| O|  |TAMS 0x0000000704100000, 0x0000000704100000| Untracked 
|  12|0x0000000704200000, 0x00000007042ffff8, 0x0000000704300000| 99%| O|  |TAMS 0x0000000704200000, 0x0000000704200000| Untracked 
|  13|0x0000000704300000, 0x00000007043fffd0, 0x0000000704400000| 99%| O|  |TAMS 0x0000000704300000, 0x0000000704300000| Untracked 
|  14|0x0000000704400000, 0x00000007044ffff0, 0x0000000704500000| 99%| O|  |TAMS 0x0000000704400000, 0x0000000704400000| Untracked 
|  15|0x0000000704500000, 0x0000000704600000, 0x0000000704600000|100%| O|  |TAMS 0x0000000704500000, 0x0000000704500000| Untracked 
|  16|0x0000000704600000, 0x00000007046fffd0, 0x0000000704700000| 99%| O|  |TAMS 0x0000000704600000, 0x0000000704600000| Untracked 
|  17|0x0000000704700000, 0x00000007047ffff8, 0x0000000704800000| 99%| O|  |TAMS 0x0000000704700000, 0x0000000704700000| Untracked 
|  18|0x0000000704800000, 0x00000007048fffe8, 0x0000000704900000| 99%| O|  |TAMS 0x0000000704800000, 0x0000000704800000| Untracked 
|  19|0x0000000704900000, 0x00000007049ffff0, 0x0000000704a00000| 99%| O|  |TAMS 0x0000000704900000, 0x0000000704900000| Untracked 
|  20|0x0000000704a00000, 0x0000000704ac8718, 0x0000000704b00000| 78%| O|  |TAMS 0x0000000704a00000, 0x0000000704a00000| Untracked 
|  21|0x0000000704b00000, 0x0000000704c00000, 0x0000000704c00000|100%| O|  |TAMS 0x0000000704b00000, 0x0000000704b00000| Untracked 
|  22|0x0000000704c00000, 0x0000000704d00000, 0x0000000704d00000|100%| O|  |TAMS 0x0000000704c00000, 0x0000000704c00000| Untracked 
|  23|0x0000000704d00000, 0x0000000704d81200, 0x0000000704e00000| 50%| O|  |TAMS 0x0000000704d00000, 0x0000000704d00000| Untracked 
|  24|0x0000000704e00000, 0x0000000704e00000, 0x0000000704f00000|  0%| F|  |TAMS 0x0000000704e00000, 0x0000000704e00000| Untracked 
|  25|0x0000000704f00000, 0x0000000704f00000, 0x0000000705000000|  0%| F|  |TAMS 0x0000000704f00000, 0x0000000704f00000| Untracked 
|  26|0x0000000705000000, 0x0000000705000000, 0x0000000705100000|  0%| F|  |TAMS 0x0000000705000000, 0x0000000705000000| Untracked 
|  27|0x0000000705100000, 0x0000000705100000, 0x0000000705200000|  0%| F|  |TAMS 0x0000000705100000, 0x0000000705100000| Untracked 
|  28|0x0000000705200000, 0x0000000705200000, 0x0000000705300000|  0%| F|  |TAMS 0x0000000705200000, 0x0000000705200000| Untracked 
|  29|0x0000000705300000, 0x0000000705300000, 0x0000000705400000|  0%| F|  |TAMS 0x0000000705300000, 0x0000000705300000| Untracked 
|  30|0x0000000705400000, 0x0000000705400000, 0x0000000705500000|  0%| F|  |TAMS 0x0000000705400000, 0x0000000705400000| Untracked 
|  31|0x0000000705500000, 0x0000000705500000, 0x0000000705600000|  0%| F|  |TAMS 0x0000000705500000, 0x0000000705500000| Untracked 
|  32|0x0000000705600000, 0x0000000705600000, 0x0000000705700000|  0%| F|  |TAMS 0x0000000705600000, 0x0000000705600000| Untracked 
|  33|0x0000000705700000, 0x0000000705700000, 0x0000000705800000|  0%| F|  |TAMS 0x0000000705700000, 0x0000000705700000| Untracked 
|  34|0x0000000705800000, 0x0000000705800000, 0x0000000705900000|  0%| F|  |TAMS 0x0000000705800000, 0x0000000705800000| Untracked 
|  35|0x0000000705900000, 0x00000007059ffff8, 0x0000000705a00000| 99%| O|  |TAMS 0x0000000705900000, 0x0000000705900000| Untracked 
|  36|0x0000000705a00000, 0x0000000705affff0, 0x0000000705b00000| 99%| O|  |TAMS 0x0000000705a00000, 0x0000000705a00000| Untracked 
|  37|0x0000000705b00000, 0x0000000705bbf3d8, 0x0000000705c00000| 74%| O|  |TAMS 0x0000000705b00000, 0x0000000705b00000| Untracked 
|  38|0x0000000705c00000, 0x0000000705cfaa28, 0x0000000705d00000| 97%| O|  |TAMS 0x0000000705c00000, 0x0000000705c00000| Untracked 
|  39|0x0000000705d00000, 0x0000000705dfffd0, 0x0000000705e00000| 99%| O|  |TAMS 0x0000000705d00000, 0x0000000705d00000| Untracked 
|  40|0x0000000705e00000, 0x0000000705ee8c60, 0x0000000705f00000| 90%| O|  |TAMS 0x0000000705e00000, 0x0000000705e00000| Untracked 
|  41|0x0000000705f00000, 0x0000000705f00000, 0x0000000706000000|  0%| F|  |TAMS 0x0000000705f00000, 0x0000000705f00000| Untracked 
|  42|0x0000000706000000, 0x0000000706100000, 0x0000000706100000|100%| O|  |TAMS 0x0000000706000000, 0x0000000706000000| Untracked 
|  43|0x0000000706100000, 0x0000000706200000, 0x0000000706200000|100%| O|  |TAMS 0x0000000706100000, 0x0000000706100000| Untracked 
|  44|0x0000000706200000, 0x00000007062b0310, 0x0000000706300000| 68%| O|  |TAMS 0x0000000706200000, 0x0000000706200000| Untracked 
|  45|0x0000000706300000, 0x000000070631ad10, 0x0000000706400000| 10%| S|CS|TAMS 0x0000000706300000, 0x0000000706300000| Complete 
|  46|0x0000000706400000, 0x0000000706400000, 0x0000000706500000|  0%| F|  |TAMS 0x0000000706400000, 0x0000000706400000| Untracked 
|  47|0x0000000706500000, 0x0000000706500000, 0x0000000706600000|  0%| F|  |TAMS 0x0000000706500000, 0x0000000706500000| Untracked 
|  48|0x0000000706600000, 0x0000000706600000, 0x0000000706700000|  0%| F|  |TAMS 0x0000000706600000, 0x0000000706600000| Untracked 
|  49|0x0000000706700000, 0x0000000706700000, 0x0000000706800000|  0%| F|  |TAMS 0x0000000706700000, 0x0000000706700000| Untracked 
|  50|0x0000000706800000, 0x0000000706900000, 0x0000000706900000|100%| S|CS|TAMS 0x0000000706800000, 0x0000000706800000| Complete 
|  51|0x0000000706900000, 0x00000007069fffd8, 0x0000000706a00000| 99%| O|  |TAMS 0x0000000706900000, 0x0000000706900000| Untracked 
|  52|0x0000000706a00000, 0x0000000706b00000, 0x0000000706b00000|100%| S|CS|TAMS 0x0000000706a00000, 0x0000000706a00000| Complete 
|  53|0x0000000706b00000, 0x0000000706c00000, 0x0000000706c00000|100%| S|CS|TAMS 0x0000000706b00000, 0x0000000706b00000| Complete 
|  54|0x0000000706c00000, 0x0000000706d00000, 0x0000000706d00000|100%| S|CS|TAMS 0x0000000706c00000, 0x0000000706c00000| Complete 
|  55|0x0000000706d00000, 0x0000000706d00000, 0x0000000706e00000|  0%| F|  |TAMS 0x0000000706d00000, 0x0000000706d00000| Untracked 
|  56|0x0000000706e00000, 0x0000000706e00000, 0x0000000706f00000|  0%| F|  |TAMS 0x0000000706e00000, 0x0000000706e00000| Untracked 
|  57|0x0000000706f00000, 0x0000000706f00000, 0x0000000707000000|  0%| F|  |TAMS 0x0000000706f00000, 0x0000000706f00000| Untracked 
|  58|0x0000000707000000, 0x0000000707100000, 0x0000000707100000|100%| S|CS|TAMS 0x0000000707000000, 0x0000000707000000| Complete 
|  59|0x0000000707100000, 0x0000000707200000, 0x0000000707200000|100%| S|CS|TAMS 0x0000000707100000, 0x0000000707100000| Complete 
|  60|0x0000000707200000, 0x0000000707200000, 0x0000000707300000|  0%| F|  |TAMS 0x0000000707200000, 0x0000000707200000| Untracked 
|  61|0x0000000707300000, 0x0000000707300000, 0x0000000707400000|  0%| F|  |TAMS 0x0000000707300000, 0x0000000707300000| Untracked 
|  62|0x0000000707400000, 0x0000000707400000, 0x0000000707500000|  0%| F|  |TAMS 0x0000000707400000, 0x0000000707400000| Untracked 
|  63|0x0000000707500000, 0x0000000707500000, 0x0000000707600000|  0%| F|  |TAMS 0x0000000707500000, 0x0000000707500000| Untracked 
|  64|0x0000000707600000, 0x0000000707600000, 0x0000000707700000|  0%| F|  |TAMS 0x0000000707600000, 0x0000000707600000| Untracked 
|  65|0x0000000707700000, 0x0000000707700000, 0x0000000707800000|  0%| F|  |TAMS 0x0000000707700000, 0x0000000707700000| Untracked 
|  66|0x0000000707800000, 0x00000007078cc7b8, 0x0000000707900000| 79%| O|  |TAMS 0x0000000707800000, 0x0000000707800000| Untracked 
|  67|0x0000000707900000, 0x0000000707900000, 0x0000000707a00000|  0%| F|  |TAMS 0x0000000707900000, 0x0000000707900000| Untracked 
|  68|0x0000000707a00000, 0x0000000707a00000, 0x0000000707b00000|  0%| F|  |TAMS 0x0000000707a00000, 0x0000000707a00000| Untracked 
|  69|0x0000000707b00000, 0x0000000707b00000, 0x0000000707c00000|  0%| F|  |TAMS 0x0000000707b00000, 0x0000000707b00000| Untracked 
|  70|0x0000000707c00000, 0x0000000707c00000, 0x0000000707d00000|  0%| F|  |TAMS 0x0000000707c00000, 0x0000000707c00000| Untracked 
|  71|0x0000000707d00000, 0x0000000707d00000, 0x0000000707e00000|  0%| F|  |TAMS 0x0000000707d00000, 0x0000000707d00000| Untracked 
|  72|0x0000000707e00000, 0x0000000707e00000, 0x0000000707f00000|  0%| F|  |TAMS 0x0000000707e00000, 0x0000000707e00000| Untracked 
|  73|0x0000000707f00000, 0x0000000707f00000, 0x0000000708000000|  0%| F|  |TAMS 0x0000000707f00000, 0x0000000707f00000| Untracked 
|  74|0x0000000708000000, 0x0000000708000000, 0x0000000708100000|  0%| F|  |TAMS 0x0000000708000000, 0x0000000708000000| Untracked 
|  75|0x0000000708100000, 0x0000000708100000, 0x0000000708200000|  0%| F|  |TAMS 0x0000000708100000, 0x0000000708100000| Untracked 
|  76|0x0000000708200000, 0x0000000708200000, 0x0000000708300000|  0%| F|  |TAMS 0x0000000708200000, 0x0000000708200000| Untracked 
|  77|0x0000000708300000, 0x0000000708300000, 0x0000000708400000|  0%| F|  |TAMS 0x0000000708300000, 0x0000000708300000| Untracked 
|  78|0x0000000708400000, 0x0000000708400000, 0x0000000708500000|  0%| F|  |TAMS 0x0000000708400000, 0x0000000708400000| Untracked 
|  79|0x0000000708500000, 0x0000000708500000, 0x0000000708600000|  0%| F|  |TAMS 0x0000000708500000, 0x0000000708500000| Untracked 
|  80|0x0000000708600000, 0x0000000708600000, 0x0000000708700000|  0%| F|  |TAMS 0x0000000708600000, 0x0000000708600000| Untracked 
|  81|0x0000000708700000, 0x0000000708700000, 0x0000000708800000|  0%| F|  |TAMS 0x0000000708700000, 0x0000000708700000| Untracked 
|  82|0x0000000708800000, 0x0000000708800000, 0x0000000708900000|  0%| F|  |TAMS 0x0000000708800000, 0x0000000708800000| Untracked 
|  83|0x0000000708900000, 0x0000000708900000, 0x0000000708a00000|  0%| F|  |TAMS 0x0000000708900000, 0x0000000708900000| Untracked 
|  84|0x0000000708a00000, 0x0000000708a00000, 0x0000000708b00000|  0%| F|  |TAMS 0x0000000708a00000, 0x0000000708a00000| Untracked 
|  85|0x0000000708b00000, 0x0000000708b00000, 0x0000000708c00000|  0%| F|  |TAMS 0x0000000708b00000, 0x0000000708b00000| Untracked 
|  86|0x0000000708c00000, 0x0000000708c00000, 0x0000000708d00000|  0%| F|  |TAMS 0x0000000708c00000, 0x0000000708c00000| Untracked 
|  87|0x0000000708d00000, 0x0000000708d80800, 0x0000000708e00000| 50%| E|  |TAMS 0x0000000708d00000, 0x0000000708d00000| Complete 
|  88|0x0000000708e00000, 0x0000000708f00000, 0x0000000708f00000|100%| E|CS|TAMS 0x0000000708e00000, 0x0000000708e00000| Complete 
|  89|0x0000000708f00000, 0x0000000709000000, 0x0000000709000000|100%| E|CS|TAMS 0x0000000708f00000, 0x0000000708f00000| Complete 
|  90|0x0000000709000000, 0x0000000709100000, 0x0000000709100000|100%| E|CS|TAMS 0x0000000709000000, 0x0000000709000000| Complete 
|  91|0x0000000709100000, 0x0000000709200000, 0x0000000709200000|100%| E|CS|TAMS 0x0000000709100000, 0x0000000709100000| Complete 
|  92|0x0000000709200000, 0x0000000709300000, 0x0000000709300000|100%| E|CS|TAMS 0x0000000709200000, 0x0000000709200000| Complete 
|  93|0x0000000709300000, 0x0000000709400000, 0x0000000709400000|100%| E|CS|TAMS 0x0000000709300000, 0x0000000709300000| Complete 
|  94|0x0000000709400000, 0x0000000709500000, 0x0000000709500000|100%| E|CS|TAMS 0x0000000709400000, 0x0000000709400000| Complete 
|  95|0x0000000709500000, 0x0000000709600000, 0x0000000709600000|100%| E|CS|TAMS 0x0000000709500000, 0x0000000709500000| Complete 
|  96|0x0000000709600000, 0x00000007096ffff8, 0x0000000709700000| 99%| O|  |TAMS 0x0000000709600000, 0x0000000709600000| Untracked 
|  97|0x0000000709700000, 0x0000000709800000, 0x0000000709800000|100%| E|CS|TAMS 0x0000000709700000, 0x0000000709700000| Complete 
|  98|0x0000000709800000, 0x0000000709900000, 0x0000000709900000|100%| E|CS|TAMS 0x0000000709800000, 0x0000000709800000| Complete 
|  99|0x0000000709900000, 0x0000000709a00000, 0x0000000709a00000|100%| E|CS|TAMS 0x0000000709900000, 0x0000000709900000| Complete 
| 100|0x0000000709a00000, 0x0000000709b00000, 0x0000000709b00000|100%| E|CS|TAMS 0x0000000709a00000, 0x0000000709a00000| Complete 
| 101|0x0000000709b00000, 0x0000000709c00000, 0x0000000709c00000|100%| E|CS|TAMS 0x0000000709b00000, 0x0000000709b00000| Complete 
| 102|0x0000000709c00000, 0x0000000709c0d3b8, 0x0000000709d00000|  5%| O|  |TAMS 0x0000000709c00000, 0x0000000709c00000| Untracked 
| 103|0x0000000709d00000, 0x0000000709e00000, 0x0000000709e00000|100%| E|CS|TAMS 0x0000000709d00000, 0x0000000709d00000| Complete 
| 104|0x0000000709e00000, 0x0000000709f00000, 0x0000000709f00000|100%| E|CS|TAMS 0x0000000709e00000, 0x0000000709e00000| Complete 
| 105|0x0000000709f00000, 0x000000070a000000, 0x000000070a000000|100%| E|CS|TAMS 0x0000000709f00000, 0x0000000709f00000| Complete 
| 106|0x000000070a000000, 0x000000070a100000, 0x000000070a100000|100%| E|CS|TAMS 0x000000070a000000, 0x000000070a000000| Complete 
| 107|0x000000070a100000, 0x000000070a200000, 0x000000070a200000|100%| E|CS|TAMS 0x000000070a100000, 0x000000070a100000| Complete 
| 108|0x000000070a200000, 0x000000070a300000, 0x000000070a300000|100%| E|CS|TAMS 0x000000070a200000, 0x000000070a200000| Complete 
| 109|0x000000070a300000, 0x000000070a400000, 0x000000070a400000|100%| E|CS|TAMS 0x000000070a300000, 0x000000070a300000| Complete 
| 110|0x000000070a400000, 0x000000070a500000, 0x000000070a500000|100%| E|CS|TAMS 0x000000070a400000, 0x000000070a400000| Complete 
| 111|0x000000070a500000, 0x000000070a600000, 0x000000070a600000|100%| E|CS|TAMS 0x000000070a500000, 0x000000070a500000| Complete 
| 112|0x000000070a600000, 0x000000070a700000, 0x000000070a700000|100%| E|CS|TAMS 0x000000070a600000, 0x000000070a600000| Complete 
| 113|0x000000070a700000, 0x000000070a800000, 0x000000070a800000|100%| E|CS|TAMS 0x000000070a700000, 0x000000070a700000| Complete 

Card table byte_map: [0x000002457b310000,0x000002457bb00000] _byte_map_base: 0x0000024577af5000

Marking Bits (Prev, Next): (CMBitMap*) 0x0000024579da26b0, (CMBitMap*) 0x0000024579da2678
 Prev Bits: [0x000002451b5d0000, 0x000002451f4f8000)
 Next Bits: [0x00000245176a0000, 0x000002451b5c8000)

Polling page: 0x0000024578480000

Metaspace:

Usage:
  Non-class:     71.48 MB capacity,    69.90 MB ( 98%) used,     1.28 MB (  2%) free+waste,   319.62 KB ( <1%) overhead. 
      Class:     10.88 MB capacity,     9.82 MB ( 90%) used,   934.83 KB (  8%) free+waste,   149.38 KB (  1%) overhead. 
       Both:     82.36 MB capacity,    79.72 MB ( 97%) used,     2.19 MB (  3%) free+waste,   469.00 KB ( <1%) overhead. 

Virtual space:
  Non-class space:       72.00 MB reserved,      71.50 MB (>99%) committed 
      Class space:        1.00 GB reserved,      11.00 MB (  1%) committed 
             Both:        1.07 GB reserved,      82.50 MB (  8%) committed 

Chunk freelists:
   Non-Class:  17.00 KB
       Class:  28.00 KB
        Both:  45.00 KB

MaxMetaspaceSize: 17179869184.00 GB
CompressedClassSpaceSize: 1.00 GB
Initial GC threshold: 20.80 MB
Current GC threshold: 134.17 MB
CDS: off

CodeHeap 'non-profiled nmethods': size=120000Kb used=8708Kb max_used=8708Kb free=111292Kb
 bounds [0x0000024510170000, 0x0000024510a00000, 0x00000245176a0000]
CodeHeap 'profiled nmethods': size=120000Kb used=24582Kb max_used=24582Kb free=95417Kb
 bounds [0x0000024508c40000, 0x000002450a450000, 0x0000024510170000]
CodeHeap 'non-nmethods': size=5760Kb used=1343Kb max_used=1429Kb free=4416Kb
 bounds [0x00000245086a0000, 0x0000024508910000, 0x0000024508c40000]
 total_blobs=11626 nmethods=10983 adapters=554
 compilation: enabled
              stopped_count=0, restarted_count=0
 full_count=0

Compilation events (20 events):
Event: 58.268 Thread 0x000002457f9e3000 nmethod 11153 0x000002450a431790 code [0x000002450a431c00, 0x000002450a4347a8]
Event: 58.268 Thread 0x000002457f9e3000 11154   !   3       jdk.internal.reflect.GeneratedConstructorAccessor54::newInstance (53 bytes)
Event: 58.268 Thread 0x000002457f9e3000 nmethod 11154 0x000002450a435810 code [0x000002450a435a60, 0x000002450a436308]
Event: 58.270 Thread 0x000002457f9e3000 11155       3       org.springframework.core.SerializableTypeWrapper$FieldTypeProvider::getType (8 bytes)
Event: 58.272 Thread 0x000002457f9e3000 nmethod 11155 0x000002450a436710 code [0x000002450a436a20, 0x000002450a437f38]
Event: 58.272 Thread 0x000002457f9e3000 11156       3       org.springframework.core.annotation.TypeMappedAnnotations::<init> (36 bytes)
Event: 58.272 Thread 0x000002457f9e3000 nmethod 11156 0x000002450a438610 code [0x000002450a4387e0, 0x000002450a438b38]
Event: 58.274 Thread 0x000002457f9ce000 nmethod 11147 0x00000245109ee810 code [0x00000245109eea40, 0x00000245109ef6c0]
Event: 58.275 Thread 0x000002457f9ce000 11151       4       java.util.concurrent.ConcurrentHashMap::remove (8 bytes)
Event: 58.275 Thread 0x000002457f9e3000 11158       3       org.springframework.boot.context.properties.bind.AbstractBindHandler::<init> (16 bytes)
Event: 58.275 Thread 0x000002457f9e3000 nmethod 11158 0x000002450a438c10 code [0x000002450a438de0, 0x000002450a439128]
Event: 58.275 Thread 0x000002457f9ce000 nmethod 11151 0x00000245109efe10 code [0x00000245109effa0, 0x00000245109f0028]
Event: 58.275 Thread 0x000002457f9ce000 11157       4       org.springframework.core.annotation.TypeMappedAnnotations::isPresent (39 bytes)
Event: 58.277 Thread 0x000002457f9e3000 11160       3       org.springframework.core.MethodParameter::getParameterType (48 bytes)
Event: 58.278 Thread 0x000002457f9e3000 nmethod 11160 0x000002450a439290 code [0x000002450a4394a0, 0x000002450a439a98]
Event: 58.288 Thread 0x000002457f9e3000 11163       3       org.springframework.beans.factory.support.ConstructorResolver$ArgumentsHolder::getAssignabilityWeight (67 bytes)
Event: 58.289 Thread 0x000002457f9e3000 nmethod 11163 0x000002450a439c10 code [0x000002450a439e80, 0x000002450a43a898]
Event: 58.291 Thread 0x000002457f9ce000 nmethod 11157 0x00000245109f0110 code [0x00000245109f0340, 0x00000245109f0940]
Event: 58.291 Thread 0x000002457f9e3000 11164       3       org.springframework.beans.factory.support.ConstructorResolver::resolveConstructorArguments (346 bytes)
Event: 58.291 Thread 0x000002457f9ce000 11161       4       org.hibernate.validator.internal.util.TypeHelper::resolveTypes (149 bytes)

GC Heap History (20 events):
Event: 4.717 GC heap before
{Heap before GC invocations=8 (full 0):
 garbage-first heap   total 312320K, used 40810K [0x0000000703600000, 0x0000000800000000)
  region size 1024K, 34 young (34816K), 17 survivors (17408K)
 Metaspace       used 58371K, capacity 60043K, committed 60160K, reserved 1101824K
  class space    used 7311K, capacity 8000K, committed 8064K, reserved 1048576K
}
Event: 4.736 GC heap after
{Heap after GC invocations=9 (full 0):
 garbage-first heap   total 312320K, used 26564K [0x0000000703600000, 0x0000000800000000)
  region size 1024K, 13 young (13312K), 13 survivors (13312K)
 Metaspace       used 58371K, capacity 60043K, committed 60160K, reserved 1101824K
  class space    used 7311K, capacity 8000K, committed 8064K, reserved 1048576K
}
Event: 6.528 GC heap before
{Heap before GC invocations=10 (full 0):
 garbage-first heap   total 312320K, used 200644K [0x0000000703600000, 0x0000000800000000)
  region size 1024K, 183 young (187392K), 13 survivors (13312K)
 Metaspace       used 71342K, capacity 73495K, committed 73728K, reserved 1114112K
  class space    used 9029K, capacity 9891K, committed 9984K, reserved 1048576K
}
Event: 6.537 GC heap after
{Heap after GC invocations=11 (full 0):
 garbage-first heap   total 312320K, used 32236K [0x0000000703600000, 0x0000000800000000)
  region size 1024K, 19 young (19456K), 19 survivors (19456K)
 Metaspace       used 71342K, capacity 73495K, committed 73728K, reserved 1114112K
  class space    used 9029K, capacity 9891K, committed 9984K, reserved 1048576K
}
Event: 47.714 GC heap before
{Heap before GC invocations=11 (full 0):
 garbage-first heap   total 312320K, used 118252K [0x0000000703600000, 0x0000000800000000)
  region size 1024K, 104 young (106496K), 19 survivors (19456K)
 Metaspace       used 77051K, capacity 79629K, committed 79744K, reserved 1118208K
  class space    used 9796K, capacity 10828K, committed 10880K, reserved 1048576K
}
Event: 47.796 GC heap after
{Heap after GC invocations=12 (full 1):
 garbage-first heap   total 106496K, used 29160K [0x0000000703600000, 0x0000000800000000)
  region size 1024K, 0 young (0K), 0 survivors (0K)
 Metaspace       used 77040K, capacity 79611K, committed 79744K, reserved 1118208K
  class space    used 9794K, capacity 10825K, committed 10880K, reserved 1048576K
}
Event: 49.355 GC heap before
{Heap before GC invocations=12 (full 1):
 garbage-first heap   total 106496K, used 78312K [0x0000000703600000, 0x0000000800000000)
  region size 1024K, 48 young (49152K), 0 survivors (0K)
 Metaspace       used 77325K, capacity 79933K, committed 80000K, reserved 1118208K
  class space    used 9829K, capacity 10865K, committed 10880K, reserved 1048576K
}
Event: 49.359 GC heap after
{Heap after GC invocations=13 (full 1):
 garbage-first heap   total 128000K, used 32232K [0x0000000703600000, 0x0000000800000000)
  region size 1024K, 3 young (3072K), 3 survivors (3072K)
 Metaspace       used 77325K, capacity 79933K, committed 80000K, reserved 1118208K
  class space    used 9829K, capacity 10865K, committed 10880K, reserved 1048576K
}
Event: 51.000 GC heap before
{Heap before GC invocations=13 (full 1):
 garbage-first heap   total 128000K, used 96744K [0x0000000703600000, 0x0000000800000000)
  region size 1024K, 66 young (67584K), 3 survivors (3072K)
 Metaspace       used 78416K, capacity 80999K, committed 81152K, reserved 1120256K
  class space    used 9877K, capacity 10934K, committed 11008K, reserved 1048576K
}
Event: 51.017 GC heap after
{Heap after GC invocations=14 (full 1):
 garbage-first heap   total 128000K, used 36010K [0x0000000703600000, 0x0000000800000000)
  region size 1024K, 7 young (7168K), 7 survivors (7168K)
 Metaspace       used 78416K, capacity 80999K, committed 81152K, reserved 1120256K
  class space    used 9877K, capacity 10934K, committed 11008K, reserved 1048576K
}
Event: 51.646 GC heap before
{Heap before GC invocations=14 (full 1):
 garbage-first heap   total 128000K, used 97450K [0x0000000703600000, 0x0000000800000000)
  region size 1024K, 67 young (68608K), 7 survivors (7168K)
 Metaspace       used 79277K, capacity 81898K, committed 81920K, reserved 1120256K
  class space    used 9925K, capacity 10993K, committed 11008K, reserved 1048576K
}
Event: 51.649 GC heap after
{Heap after GC invocations=15 (full 1):
 garbage-first heap   total 128000K, used 38391K [0x0000000703600000, 0x0000000800000000)
  region size 1024K, 7 young (7168K), 7 survivors (7168K)
 Metaspace       used 79277K, capacity 81898K, committed 81920K, reserved 1120256K
  class space    used 9925K, capacity 10993K, committed 11008K, reserved 1048576K
}
Event: 54.869 GC heap before
{Heap before GC invocations=15 (full 1):
 garbage-first heap   total 128000K, used 81399K [0x0000000703600000, 0x0000000800000000)
  region size 1024K, 50 young (51200K), 7 survivors (7168K)
 Metaspace       used 79568K, capacity 82194K, committed 82432K, reserved 1120256K
  class space    used 9934K, capacity 10999K, committed 11008K, reserved 1048576K
}
Event: 54.925 GC heap after
{Heap after GC invocations=16 (full 2):
 garbage-first heap   total 116736K, used 32723K [0x0000000703600000, 0x0000000800000000)
  region size 1024K, 0 young (0K), 0 survivors (0K)
 Metaspace       used 79556K, capacity 82176K, committed 82432K, reserved 1120256K
  class space    used 9932K, capacity 10996K, committed 11008K, reserved 1048576K
}
Event: 55.763 GC heap before
{Heap before GC invocations=16 (full 2):
 garbage-first heap   total 116736K, used 89043K [0x0000000703600000, 0x0000000800000000)
  region size 1024K, 56 young (57344K), 0 survivors (0K)
 Metaspace       used 79976K, capacity 82671K, committed 82816K, reserved 1120256K
  class space    used 9975K, capacity 11070K, committed 11136K, reserved 1048576K
}
Event: 55.766 GC heap after
{Heap after GC invocations=17 (full 2):
 garbage-first heap   total 116736K, used 36404K [0x0000000703600000, 0x0000000800000000)
  region size 1024K, 4 young (4096K), 4 survivors (4096K)
 Metaspace       used 79976K, capacity 82671K, committed 82816K, reserved 1120256K
  class space    used 9975K, capacity 11070K, committed 11136K, reserved 1048576K
}
Event: 56.833 GC heap before
{Heap before GC invocations=17 (full 2):
 garbage-first heap   total 116736K, used 90676K [0x0000000703600000, 0x0000000800000000)
  region size 1024K, 57 young (58368K), 4 survivors (4096K)
 Metaspace       used 80700K, capacity 83424K, committed 83584K, reserved 1122304K
  class space    used 10011K, capacity 11103K, committed 11136K, reserved 1048576K
}
Event: 56.838 GC heap after
{Heap after GC invocations=18 (full 2):
 garbage-first heap   total 116736K, used 39089K [0x0000000703600000, 0x0000000800000000)
  region size 1024K, 7 young (7168K), 7 survivors (7168K)
 Metaspace       used 80700K, capacity 83424K, committed 83584K, reserved 1122304K
  class space    used 10011K, capacity 11103K, committed 11136K, reserved 1048576K
}
Event: 57.928 GC heap before
{Heap before GC invocations=18 (full 2):
 garbage-first heap   total 116736K, used 91313K [0x0000000703600000, 0x0000000800000000)
  region size 1024K, 58 young (59392K), 7 survivors (7168K)
 Metaspace       used 81365K, capacity 84069K, committed 84224K, reserved 1122304K
  class space    used 10042K, capacity 11138K, committed 11264K, reserved 1048576K
}
Event: 57.935 GC heap after
{Heap after GC invocations=19 (full 2):
 garbage-first heap   total 116736K, used 41539K [0x0000000703600000, 0x0000000800000000)
  region size 1024K, 7 young (7168K), 7 survivors (7168K)
 Metaspace       used 81365K, capacity 84069K, committed 84224K, reserved 1122304K
  class space    used 10042K, capacity 11138K, committed 11264K, reserved 1048576K
}

Deoptimization events (20 events):
Event: 56.782 Thread 0x000002452242b000 Uncommon trap: trap_request=0xffffffbe fr.pc=0x0000024510969b8c relative=0x000000000000180c
Event: 56.782 Thread 0x000002452242b000 Uncommon trap: reason=profile_predicate action=maybe_recompile pc=0x0000024510969b8c method=net.bytebuddy.implementation.bytecode.StackManipulation$Compound.<init>(Ljava/util/List;)V @ 28 c2
Event: 56.782 Thread 0x000002452242b000 DEOPT PACKING pc=0x0000024510969b8c sp=0x000000fbc5efbe10
Event: 56.782 Thread 0x000002452242b000 DEOPT UNPACKING pc=0x00000245086ea1af sp=0x000000fbc5efbe10 mode 2
Event: 56.782 Thread 0x000002452242b000 Uncommon trap: trap_request=0xffffffbe fr.pc=0x0000024510969b8c relative=0x000000000000180c
Event: 56.783 Thread 0x000002452242b000 Uncommon trap: reason=profile_predicate action=maybe_recompile pc=0x0000024510969b8c method=net.bytebuddy.implementation.bytecode.StackManipulation$Compound.<init>(Ljava/util/List;)V @ 28 c2
Event: 56.783 Thread 0x000002452242b000 DEOPT PACKING pc=0x0000024510969b8c sp=0x000000fbc5efbab0
Event: 56.783 Thread 0x000002452242b000 DEOPT UNPACKING pc=0x00000245086ea1af sp=0x000000fbc5efbab0 mode 2
Event: 56.783 Thread 0x000002452242b000 Uncommon trap: trap_request=0xffffffbe fr.pc=0x0000024510969b8c relative=0x000000000000180c
Event: 56.783 Thread 0x000002452242b000 Uncommon trap: reason=profile_predicate action=maybe_recompile pc=0x0000024510969b8c method=net.bytebuddy.implementation.bytecode.StackManipulation$Compound.<init>(Ljava/util/List;)V @ 28 c2
Event: 56.783 Thread 0x000002452242b000 DEOPT PACKING pc=0x0000024510969b8c sp=0x000000fbc5efb9f0
Event: 56.783 Thread 0x000002452242b000 DEOPT UNPACKING pc=0x00000245086ea1af sp=0x000000fbc5efb9f0 mode 2
Event: 57.169 Thread 0x000002452242b000 DEOPT PACKING pc=0x0000024509fc2199 sp=0x000000fbc5efc520
Event: 57.169 Thread 0x000002452242b000 DEOPT UNPACKING pc=0x00000245086ea95e sp=0x000000fbc5efbc48 mode 0
Event: 58.066 Thread 0x000002452242b000 DEOPT PACKING pc=0x00000245096010a1 sp=0x000000fbc5ef9d70
Event: 58.066 Thread 0x000002452242b000 DEOPT UNPACKING pc=0x00000245086ea95e sp=0x000000fbc5ef92a0 mode 0
Event: 58.153 Thread 0x000002452242b000 Uncommon trap: trap_request=0xfffffff4 fr.pc=0x00000245109dc388 relative=0x0000000000006708
Event: 58.153 Thread 0x000002452242b000 Uncommon trap: reason=null_check action=make_not_entrant pc=0x00000245109dc388 method=org.springframework.core.convert.TypeDescriptor.isCollection()Z @ 6 c2
Event: 58.153 Thread 0x000002452242b000 DEOPT PACKING pc=0x00000245109dc388 sp=0x000000fbc5efafd0
Event: 58.153 Thread 0x000002452242b000 DEOPT UNPACKING pc=0x00000245086ea1af sp=0x000000fbc5efaf90 mode 2

Classes redefined (0 events):
No events

Internal exceptions (20 events):
Event: 57.350 Thread 0x000002452242b000 Exception <a 'java/lang/ClassNotFoundException'{0x0000000709ec1968}: group5/swp391/onlinelearning/entity/FeedbackCustomizer> (0x0000000709ec1968) thrown at [s\src\hotspot\share\classfile\systemDictionary.cpp, line 230]
Event: 57.354 Thread 0x000002452242b000 Exception <a 'java/lang/ClassNotFoundException'{0x0000000709d07790}: java/lang/ObjectCustomizer> (0x0000000709d07790) thrown at [s\src\hotspot\share\classfile\systemDictionary.cpp, line 230]
Event: 57.354 Thread 0x000002452242b000 Exception <a 'java/lang/ClassNotFoundException'{0x0000000709d1b4b0}: group5/swp391/onlinelearning/entity/CartCustomizer> (0x0000000709d1b4b0) thrown at [s\src\hotspot\share\classfile\systemDictionary.cpp, line 230]
Event: 57.364 Thread 0x000002452242b000 Exception <a 'java/lang/ClassNotFoundException'{0x0000000709d5bf88}: java/lang/ObjectCustomizer> (0x0000000709d5bf88) thrown at [s\src\hotspot\share\classfile\systemDictionary.cpp, line 230]
Event: 57.365 Thread 0x000002452242b000 Exception <a 'java/lang/ClassNotFoundException'{0x0000000709d70998}: group5/swp391/onlinelearning/entity/OrderDetailCustomizer> (0x0000000709d70998) thrown at [s\src\hotspot\share\classfile\systemDictionary.cpp, line 230]
Event: 57.367 Thread 0x000002452242b000 Exception <a 'java/lang/ClassNotFoundException'{0x0000000709d91e50}: java/lang/ObjectCustomizer> (0x0000000709d91e50) thrown at [s\src\hotspot\share\classfile\systemDictionary.cpp, line 230]
Event: 57.367 Thread 0x000002452242b000 Exception <a 'java/lang/ClassNotFoundException'{0x0000000709da6d10}: group5/swp391/onlinelearning/entity/MyOrderCustomizer> (0x0000000709da6d10) thrown at [s\src\hotspot\share\classfile\systemDictionary.cpp, line 230]
Event: 57.372 Thread 0x000002452242b000 Exception <a 'java/lang/ClassNotFoundException'{0x0000000709df9b88}: java/lang/ObjectCustomizer> (0x0000000709df9b88) thrown at [s\src\hotspot\share\classfile\systemDictionary.cpp, line 230]
Event: 57.372 Thread 0x000002452242b000 Exception <a 'java/lang/ClassNotFoundException'{0x0000000709b0e300}: group5/swp391/onlinelearning/entity/LessonCustomizer> (0x0000000709b0e300) thrown at [s\src\hotspot\share\classfile\systemDictionary.cpp, line 230]
Event: 57.381 Thread 0x000002452242b000 Exception <a 'java/lang/ClassNotFoundException'{0x0000000709b646d0}: java/lang/ObjectCustomizer> (0x0000000709b646d0) thrown at [s\src\hotspot\share\classfile\systemDictionary.cpp, line 230]
Event: 57.382 Thread 0x000002452242b000 Exception <a 'java/lang/ClassNotFoundException'{0x0000000709b79410}: group5/swp391/onlinelearning/entity/LearnCustomizer> (0x0000000709b79410) thrown at [s\src\hotspot\share\classfile\systemDictionary.cpp, line 230]
Event: 57.386 Thread 0x000002452242b000 Exception <a 'java/lang/ClassNotFoundException'{0x0000000709bbaf58}: java/lang/ObjectCustomizer> (0x0000000709bbaf58) thrown at [s\src\hotspot\share\classfile\systemDictionary.cpp, line 230]
Event: 57.387 Thread 0x000002452242b000 Exception <a 'java/lang/ClassNotFoundException'{0x0000000709bcf968}: group5/swp391/onlinelearning/entity/ContentSiteCustomizer> (0x0000000709bcf968) thrown at [s\src\hotspot\share\classfile\systemDictionary.cpp, line 230]
Event: 57.389 Thread 0x000002452242b000 Exception <a 'java/lang/ClassNotFoundException'{0x0000000709a27948}: java/lang/ObjectCustomizer> (0x0000000709a27948) thrown at [s\src\hotspot\share\classfile\systemDictionary.cpp, line 230]
Event: 57.390 Thread 0x000002452242b000 Exception <a 'java/lang/ClassNotFoundException'{0x0000000709a3d2e8}: group5/swp391/onlinelearning/entity/WithdrawalDetailCustomizer> (0x0000000709a3d2e8) thrown at [s\src\hotspot\share\classfile\systemDictionary.cpp, line 230]
Event: 57.467 Thread 0x000002452242b000 Exception <a 'java/lang/ClassNotFoundException'{0x0000000709354750}: java/lang/ObjectCustomizer> (0x0000000709354750) thrown at [s\src\hotspot\share\classfile\systemDictionary.cpp, line 230]
Event: 57.468 Thread 0x000002452242b000 Exception <a 'java/lang/ClassNotFoundException'{0x0000000709367e50}: group5/swp391/onlinelearning/entity/CVCustomizer> (0x0000000709367e50) thrown at [s\src\hotspot\share\classfile\systemDictionary.cpp, line 230]
Event: 57.818 Thread 0x000002452242b000 Exception <a 'java/lang/ClassNotFoundException'{0x000000070808c960}: java/lang/ObjectCustomizer> (0x000000070808c960) thrown at [s\src\hotspot\share\classfile\systemDictionary.cpp, line 230]
Event: 57.819 Thread 0x000002452242b000 Exception <a 'java/lang/ClassNotFoundException'{0x00000007080a0c00}: group5/swp391/onlinelearning/entity/WalletCustomizer> (0x00000007080a0c00) thrown at [s\src\hotspot\share\classfile\systemDictionary.cpp, line 230]
Event: 58.153 Thread 0x000002452242b000 Implicit null exception at 0x00000245109d5f67 to 0x00000245109dc378

Events (20 events):
Event: 57.468 loading class group5/swp391/onlinelearning/entity/CVCustomizer
Event: 57.468 loading class group5/swp391/onlinelearning/entity/CVCustomizer done
Event: 57.468 loading class group5/swp391/onlinelearning/entity/CVCustomizer
Event: 57.468 loading class group5/swp391/onlinelearning/entity/CVCustomizer done
Event: 57.817 loading class java/lang/ObjectCustomizer
Event: 57.817 loading class java/lang/ObjectCustomizer done
Event: 57.818 loading class java/lang/ObjectCustomizer
Event: 57.818 loading class java/lang/ObjectCustomizer done
Event: 57.818 loading class group5/swp391/onlinelearning/entity/WalletCustomizer
Event: 57.818 loading class group5/swp391/onlinelearning/entity/WalletCustomizer done
Event: 57.818 loading class group5/swp391/onlinelearning/entity/WalletCustomizer
Event: 57.818 loading class group5/swp391/onlinelearning/entity/WalletCustomizer done
Event: 57.818 loading class group5/swp391/onlinelearning/entity/WalletCustomizer
Event: 57.818 loading class group5/swp391/onlinelearning/entity/WalletCustomizer done
Event: 57.928 Executing VM operation: G1CollectForAllocation
Event: 57.935 Executing VM operation: G1CollectForAllocation done
Event: 58.278 loading class javax/money/MonetaryAmount
Event: 58.278 loading class javax/money/MonetaryAmount done
Event: 58.278 loading class org/joda/time/ReadableInstant
Event: 58.278 loading class org/joda/time/ReadableInstant done


Dynamic libraries:
0x00007ff6400e0000 - 0x00007ff6400ee000 	C:\Program Files\Eclipse Adoptium\jdk-11.0.19.7-hotspot\bin\java.exe
0x00007ffc8f6e0000 - 0x00007ffc8f90b000 	C:\WINDOWS\SYSTEM32\ntdll.dll
0x00007ffc8e4c0000 - 0x00007ffc8e586000 	C:\WINDOWS\System32\KERNEL32.DLL
0x00007ffc8cc50000 - 0x00007ffc8cfae000 	C:\WINDOWS\System32\KERNELBASE.dll
0x00007ffc8cb10000 - 0x00007ffc8cc43000 	C:\WINDOWS\System32\ucrtbase.dll
0x00007ffc51080000 - 0x00007ffc51099000 	C:\Program Files\Eclipse Adoptium\jdk-11.0.19.7-hotspot\bin\VCRUNTIME140.dll
0x00007ffc51060000 - 0x00007ffc51078000 	C:\Program Files\Eclipse Adoptium\jdk-11.0.19.7-hotspot\bin\jli.dll
0x00007ffc8f2f0000 - 0x00007ffc8f4a1000 	C:\WINDOWS\System32\USER32.dll
0x00007ffc6d660000 - 0x00007ffc6d8f1000 	C:\WINDOWS\WinSxS\amd64_microsoft.windows.common-controls_6595b64144ccf1df_6.0.25905.1000_none_87b90b8fab340372\COMCTL32.dll
0x00007ffc8d320000 - 0x00007ffc8d347000 	C:\WINDOWS\System32\win32u.dll
0x00007ffc8dcf0000 - 0x00007ffc8dd97000 	C:\WINDOWS\System32\msvcrt.dll
0x00007ffc8d550000 - 0x00007ffc8d579000 	C:\WINDOWS\System32\GDI32.dll
0x00007ffc8d1f0000 - 0x00007ffc8d30f000 	C:\WINDOWS\System32\gdi32full.dll
0x00007ffc8d140000 - 0x00007ffc8d1e5000 	C:\WINDOWS\System32\msvcp_win.dll
0x00007ffc8e590000 - 0x00007ffc8e5c0000 	C:\WINDOWS\System32\IMM32.DLL
0x00007ffc51ef0000 - 0x00007ffc51efc000 	C:\Program Files\Eclipse Adoptium\jdk-11.0.19.7-hotspot\bin\vcruntime140_1.dll
0x00007ffc09d00000 - 0x00007ffc09d91000 	C:\Program Files\Eclipse Adoptium\jdk-11.0.19.7-hotspot\bin\msvcp140.dll
0x00007ffbfecd0000 - 0x00007ffbff88c000 	C:\Program Files\Eclipse Adoptium\jdk-11.0.19.7-hotspot\bin\server\jvm.dll
0x00007ffc8d580000 - 0x00007ffc8d630000 	C:\WINDOWS\System32\ADVAPI32.dll
0x00007ffc8f240000 - 0x00007ffc8f2e0000 	C:\WINDOWS\System32\sechost.dll
0x00007ffc8f570000 - 0x00007ffc8f695000 	C:\WINDOWS\System32\RPCRT4.dll
0x00007ffc8f560000 - 0x00007ffc8f568000 	C:\WINDOWS\System32\PSAPI.DLL
0x00007ffc85f10000 - 0x00007ffc85f44000 	C:\WINDOWS\SYSTEM32\WINMM.dll
0x00007ffc87570000 - 0x00007ffc87579000 	C:\WINDOWS\SYSTEM32\WSOCK32.dll
0x00007ffc85780000 - 0x00007ffc8578a000 	C:\WINDOWS\SYSTEM32\VERSION.dll
0x00007ffc8e220000 - 0x00007ffc8e293000 	C:\WINDOWS\System32\WS2_32.dll
0x00007ffc8b970000 - 0x00007ffc8b988000 	C:\WINDOWS\SYSTEM32\kernel.appcore.dll
0x00007ffc51d90000 - 0x00007ffc51da0000 	C:\Program Files\Eclipse Adoptium\jdk-11.0.19.7-hotspot\bin\verify.dll
0x00007ffc8a330000 - 0x00007ffc8a565000 	C:\WINDOWS\SYSTEM32\DBGHELP.DLL
0x00007ffc8eec0000 - 0x00007ffc8f23b000 	C:\WINDOWS\System32\combase.dll
0x00007ffc8d9e0000 - 0x00007ffc8dab5000 	C:\WINDOWS\System32\OLEAUT32.dll
0x00007ffc6b0e0000 - 0x00007ffc6b118000 	C:\WINDOWS\SYSTEM32\dbgcore.DLL
0x00007ffc8d350000 - 0x00007ffc8d3d1000 	C:\WINDOWS\System32\bcryptPrimitives.dll
0x00007ffc459c0000 - 0x00007ffc459e8000 	C:\Program Files\Eclipse Adoptium\jdk-11.0.19.7-hotspot\bin\java.dll
0x00007ffc515f0000 - 0x00007ffc515fa000 	C:\Program Files\Eclipse Adoptium\jdk-11.0.19.7-hotspot\bin\jimage.dll
0x00007ffc44d00000 - 0x00007ffc44d18000 	C:\Program Files\Eclipse Adoptium\jdk-11.0.19.7-hotspot\bin\zip.dll
0x00007ffc8e660000 - 0x00007ffc8edd3000 	C:\WINDOWS\System32\SHELL32.dll
0x00007ffc8a8b0000 - 0x00007ffc8b102000 	C:\WINDOWS\SYSTEM32\windows.storage.dll
0x00007ffc8dac0000 - 0x00007ffc8db93000 	C:\WINDOWS\System32\SHCORE.dll
0x00007ffc8d980000 - 0x00007ffc8d9dc000 	C:\WINDOWS\System32\shlwapi.dll
0x00007ffc8ca40000 - 0x00007ffc8ca63000 	C:\WINDOWS\SYSTEM32\profapi.dll
0x00007ffc3ff50000 - 0x00007ffc3ff69000 	C:\Program Files\Eclipse Adoptium\jdk-11.0.19.7-hotspot\bin\net.dll
0x00007ffc85ab0000 - 0x00007ffc85bcb000 	C:\WINDOWS\SYSTEM32\WINHTTP.dll
0x00007ffc8be30000 - 0x00007ffc8be98000 	C:\WINDOWS\system32\mswsock.dll
0x00007ffc3ff30000 - 0x00007ffc3ff43000 	C:\Program Files\Eclipse Adoptium\jdk-11.0.19.7-hotspot\bin\nio.dll
0x00007ffc51050000 - 0x00007ffc51059000 	C:\Program Files\Eclipse Adoptium\jdk-11.0.19.7-hotspot\bin\management.dll
0x00007ffc51010000 - 0x00007ffc5101b000 	C:\Program Files\Eclipse Adoptium\jdk-11.0.19.7-hotspot\bin\management_ext.dll
0x00007ffc8b410000 - 0x00007ffc8b51f000 	C:\WINDOWS\SYSTEM32\DNSAPI.dll
0x00007ffc8b390000 - 0x00007ffc8b3bf000 	C:\WINDOWS\SYSTEM32\IPHLPAPI.DLL
0x00007ffc8e4b0000 - 0x00007ffc8e4ba000 	C:\WINDOWS\System32\NSI.dll
0x00007ffc7b600000 - 0x00007ffc7b60a000 	C:\Windows\System32\rasadhlp.dll
0x00007ffc84cc0000 - 0x00007ffc84d42000 	C:\WINDOWS\System32\fwpuclnt.dll
0x00007ffc8c0d0000 - 0x00007ffc8c0eb000 	C:\WINDOWS\SYSTEM32\CRYPTSP.dll
0x00007ffc8b8d0000 - 0x00007ffc8b907000 	C:\WINDOWS\system32\rsaenh.dll
0x00007ffc8bf60000 - 0x00007ffc8bf8a000 	C:\WINDOWS\SYSTEM32\USERENV.dll
0x00007ffc8c320000 - 0x00007ffc8c348000 	C:\WINDOWS\SYSTEM32\bcrypt.dll
0x00007ffc8c0f0000 - 0x00007ffc8c0fc000 	C:\WINDOWS\SYSTEM32\CRYPTBASE.dll
0x00007ffc85a90000 - 0x00007ffc85aa9000 	C:\WINDOWS\SYSTEM32\dhcpcsvc6.DLL
0x00007ffc85a00000 - 0x00007ffc85a1f000 	C:\WINDOWS\SYSTEM32\dhcpcsvc.DLL
0x00007ffc5e540000 - 0x00007ffc5e557000 	C:\WINDOWS\system32\napinsp.dll
0x00007ffc5df70000 - 0x00007ffc5df8d000 	C:\WINDOWS\system32\pnrpnsp.dll
0x00007ffc5df40000 - 0x00007ffc5df61000 	C:\WINDOWS\system32\nlansp_c.dll
0x00007ffc5dd90000 - 0x00007ffc5dda5000 	C:\WINDOWS\system32\wshbth.dll
0x00007ffc5dd70000 - 0x00007ffc5dd82000 	C:\WINDOWS\System32\winrnr.dll
0x00007ffc3ff00000 - 0x00007ffc3ff27000 	C:\Program Files\Eclipse Adoptium\jdk-11.0.19.7-hotspot\bin\sunec.dll
0x00007ffc4ec50000 - 0x00007ffc4ec5e000 	C:\Program Files\Eclipse Adoptium\jdk-11.0.19.7-hotspot\bin\sunmscapi.dll
0x00007ffc8cfc0000 - 0x00007ffc8d134000 	C:\WINDOWS\System32\CRYPT32.dll
0x00007ffc8c2e0000 - 0x00007ffc8c311000 	C:\WINDOWS\SYSTEM32\ncrypt.dll
0x00007ffc8c290000 - 0x00007ffc8c2ce000 	C:\WINDOWS\SYSTEM32\NTASN1.dll

dbghelp: loaded successfully - version: 4.0.5 - missing functions: none
symbol engine: initialized successfully - sym options: 0x614 - pdb path: .;C:\Program Files\Eclipse Adoptium\jdk-11.0.19.7-hotspot\bin;C:\WINDOWS\SYSTEM32;C:\WINDOWS\WinSxS\amd64_microsoft.windows.common-controls_6595b64144ccf1df_6.0.25905.1000_none_87b90b8fab340372;C:\Program Files\Eclipse Adoptium\jdk-11.0.19.7-hotspot\bin\server

VM Arguments:
jvm_args: -Dspring.jmx.enabled=true -Dmanagement.endpoints.jmx.exposure.include=* -Dspring.application.admin.enabled=true -Dspring.boot.project.name=onlinelearning -Djava.rmi.server.hostname=localhost 
java_command: group5.swp391.onlinelearning.MainApp
java_class_path (initial): D:\KHA\FPTU\Semesters\Semester5\SWP391\SWP391_ONVID\onlinelearning\target\classes;C:\Users\khami\.m2\repository\org\springframework\boot\spring-boot-starter-actuator\2.7.12\spring-boot-starter-actuator-2.7.12.jar;C:\Users\khami\.m2\repository\org\springframework\boot\spring-boot-starter\2.7.12\spring-boot-starter-2.7.12.jar;C:\Users\khami\.m2\repository\org\springframework\boot\spring-boot-starter-logging\2.7.12\spring-boot-starter-logging-2.7.12.jar;C:\Users\khami\.m2\repository\ch\qos\logback\logback-classic\1.2.12\logback-classic-1.2.12.jar;C:\Users\khami\.m2\repository\ch\qos\logback\logback-core\1.2.12\logback-core-1.2.12.jar;C:\Users\khami\.m2\repository\org\apache\logging\log4j\log4j-to-slf4j\2.17.2\log4j-to-slf4j-2.17.2.jar;C:\Users\khami\.m2\repository\org\apache\logging\log4j\log4j-api\2.17.2\log4j-api-2.17.2.jar;C:\Users\khami\.m2\repository\org\slf4j\jul-to-slf4j\1.7.36\jul-to-slf4j-1.7.36.jar;C:\Users\khami\.m2\repository\jakarta\annotation\jakarta.annotation-api\1.3.5\jakarta.annotation-api-1.3.5.jar;C:\Users\khami\.m2\repository\org\yaml\snakeyaml\1.30\snakeyaml-1.30.jar;C:\Users\khami\.m2\repository\org\springframework\boot\spring-boot-actuator-autoconfigure\2.7.12\spring-boot-actuator-autoconfigure-2.7.12.jar;C:\Users\khami\.m2\repository\org\springframework\boot\spring-boot-actuator\2.7.12\spring-boot-actuator-2.7.12.jar;C:\Users\khami\.m2\repository\com\fasterxml\jackson\core\jackson-databind\2.13.5\jackson-databind-2.13.5.jar;C:\Users\khami\.m2\repository\com\fasterxml\jackson\core\jackson-annotations\2.13.5\jackson-annotations-2.13.5.jar;C:\Users\khami\.m2\repository\com\fasterxml\jackson\core\jackson-core\2.13.5\jackson-core-2.13.5.jar;C:\Users\khami\.m2\repository\com\fasterxml\jackson\datatype\jackson-datatype-jsr310\2.13.5\jackson-datatype-jsr310-2.13.5.jar;C:\Users\khami\.m2\repository\io\micrometer\micrometer-core\1.9.11\micrometer-core-1.9.11.jar;C:\Users\khami\.m2\repository\org\hdrhistogram\HdrHistogram\2.1.
Launcher Type: SUN_STANDARD

[Global flags]
     intx CICompilerCount                          = 4                                         {product} {ergonomic}
     uint ConcGCThreads                            = 3                                         {product} {ergonomic}
     uint G1ConcRefinementThreads                  = 10                                        {product} {ergonomic}
   size_t G1HeapRegionSize                         = 1048576                                   {product} {ergonomic}
    uintx GCDrainStackTargetSize                   = 64                                        {product} {ergonomic}
   size_t InitialHeapSize                          = 266338304                                 {product} {ergonomic}
   size_t MarkStackSize                            = 4194304                                   {product} {ergonomic}
   size_t MaxHeapSize                              = 4238344192                                {product} {ergonomic}
   size_t MaxNewSize                               = 2542796800                                {product} {ergonomic}
   size_t MinHeapDeltaBytes                        = 1048576                                   {product} {ergonomic}
    uintx NonNMethodCodeHeapSize                   = 5836300                                {pd product} {ergonomic}
    uintx NonProfiledCodeHeapSize                  = 122910970                              {pd product} {ergonomic}
    uintx ProfiledCodeHeapSize                     = 122910970                              {pd product} {ergonomic}
    uintx ReservedCodeCacheSize                    = 251658240                              {pd product} {ergonomic}
     bool SegmentedCodeCache                       = true                                      {product} {ergonomic}
     bool UseCompressedClassPointers               = true                                 {lp64_product} {ergonomic}
     bool UseCompressedOops                        = true                                 {lp64_product} {ergonomic}
     bool UseG1GC                                  = true                                      {product} {ergonomic}
     bool UseLargePagesIndividualAllocation        = false                                  {pd product} {ergonomic}

Logging:
Log output configuration:
 #0: stdout all=warning uptime,level,tags
 #1: stderr all=off uptime,level,tags

Environment Variables:
JAVA_HOME=C:\Program Files\Eclipse Adoptium\jdk-11.0.19.7-hotspot\
PATH=C:\Users\khami\bin;C:\Program Files\Git\mingw64\bin;C:\Program Files\Git\usr\local\bin;C:\Program Files\Git\usr\bin;C:\Program Files\Git\usr\bin;C:\Program Files\Git\mingw64\bin;C:\Program Files\Git\usr\bin;C:\Users\khami\bin;C:\Program Files\Eclipse Adoptium\jdk-11.0.19.7-hotspot\bin;C:\Program Files\Java\jdk-11\bin;C:\Program Files\Common Files\Oracle\Java\javapath;C:\Program Files (x86)\Common Files\Oracle\Java\javapath;C:\Program Files\Microsoft\jdk-11.0.16.101-hotspot\bin;C:\Program Files\Eclipse Adoptium\jdk-8.0.362.9-hotspot\bin;C:\ProgramData\Oracle\Java\javapath;C:\Program Files\Microsoft MPI\Bin;C:\windows\system32;C:\windows;C:\windows\System32\Wbem;C:\windows\System32\WindowsPowerShell\v1.0;C:\windows\System32\OpenSSH;C:\Program Files (x86)\NVIDIA Corporation\PhysX\Common;C:\Program Files\NVIDIA Corporation\NVIDIA NvDLISR;C:\WINDOWS\system32;C:\WINDOWS;C:\WINDOWS\System32\Wbem;C:\WINDOWS\System32\WindowsPowerShell\v1.0;C:\WINDOWS\System32\OpenSSH;C:\TDM-GCC-64\bin;C:\Program Files\Microsoft SQL Server\Client SDK\ODBC\170\Tools\Binn;C:\Program Files (x86)\Microsoft SQL Server\150\Tools\Binn;C:\Program Files\Microsoft SQL Server\150\Tools\Binn;C:\Program Files\Microsoft SQL Server\150\DTS\Binn;C:\Program Files (x86)\Microsoft SQL Server\150\DTS\Binn;C:\Program Files\dotnet;C:\Program Files\Git\cmd;C:\Program Files\Calibre2;C:\Program Files\Cloudflare\Cloudflare WARP;C:\Program Files\MySQL\MySQL Shell 8.0\bin;C:\Users\khami\AppData\Local\Microsoft\WindowsApps;C:\Users\khami\AppData\Local\Programs\Microsoft VS Code\bin;C:\Program Files\Azure Data Studio\bin;C:\Users\khami\.dotnet\tools;C:\Program Files\Git\usr\bin\vendor_perl;C:\Program Files\Git\usr\bin\core_perl
USERNAME=khami
SHELL=C:\Program Files\Git\usr\bin\bash.exe
DISPLAY=needs-to-be-defined
LANG=en_US.UTF-8
TERM=xterm-256color
TMPDIR=C:\Users\khami\AppData\Local\Temp
OS=Windows_NT
PROCESSOR_IDENTIFIER=Intel64 Family 6 Model 165 Stepping 2, GenuineIntel
TMP=C:\Users\khami\AppData\Local\Temp
TEMP=C:\Users\khami\AppData\Local\Temp



---------------  S Y S T E M  ---------------

OS: Windows 11 , 64 bit Build 25905 (10.0.25905.1000)
OS uptime: 0 days 5:08 hours
Hyper-V role detected

CPU:total 12 (initial active 12) (6 cores per cpu, 2 threads per core) family 6 model 165 stepping 2 microcode 0xf0, cmov, cx8, fxsr, mmx, sse, sse2, sse3, ssse3, sse4.1, sse4.2, popcnt, avx, avx2, aes, clmul, erms, 3dnowpref, lzcnt, ht, tsc, tscinvbit, bmi1, bmi2, adx, fma

Memory: 4k page, system-wide physical 16160M (4473M free)
TotalPageFile size 16160M (AvailPageFile size 190M)
current process WorkingSet (physical memory assigned to process): 357M, peak: 498M
current process commit charge ("private bytes"): 408M, peak: 632M

vm_info: OpenJDK 64-Bit Server VM (11.0.19+7) for windows-amd64 JRE (11.0.19+7), built on Apr 18 2023 23:12:18 by "" with MS VC++ 16.7 (VS2019)

END.
