#
# There is insufficient memory for the Java Runtime Environment to continue.
# Native memory allocation (malloc) failed to allocate 1373136 bytes for Chunk::new
# Possible reasons:
#   The system is out of physical RAM or swap space
#   The process is running with CompressedOops enabled, and the Java Heap may be blocking the growth of the native heap
# Possible solutions:
#   Reduce memory load on the system
#   Increase physical memory or swap space
#   Check if swap backing store is full
#   Decrease Java heap size (-Xmx/-Xms)
#   Decrease number of Java threads
#   Decrease Java thread stack sizes (-Xss)
#   Set larger code cache with -XX:ReservedCodeCacheSize=
#   JVM is running with Unscaled Compressed Oops mode in which the Java heap is
#     placed in the first 4GB address space. The Java Heap base address is the
#     maximum limit for the native heap growth. Please use -XX:HeapBaseMinAddress
#     to set the Java Heap base and to place the Java Heap above 4GB virtual address.
# This output file may be truncated or incomplete.
#
#  Out of Memory Error (arena.cpp:189), pid=7764, tid=11176
#
# JRE version: OpenJDK Runtime Environment Temurin-17.0.7+7 (17.0.7+7) (build 17.0.7+7)
# Java VM: OpenJDK 64-Bit Server VM Temurin-17.0.7+7 (17.0.7+7, mixed mode, tiered, compressed oops, compressed class ptrs, parallel gc, windows-amd64)
# No core dump will be written. Minidumps are not enabled by default on client versions of Windows
#

---------------  S U M M A R Y ------------

Command Line: --add-modules=ALL-SYSTEM --add-opens=java.base/java.util=ALL-UNNAMED --add-opens=java.base/java.lang=ALL-UNNAMED --add-opens=java.base/sun.nio.fs=ALL-UNNAMED -Declipse.application=org.eclipse.jdt.ls.core.id1 -Dosgi.bundles.defaultStartLevel=4 -Declipse.product=org.eclipse.jdt.ls.core.product -Djava.import.generatesMetadataFilesAtProjectRoot=false -Dfile.encoding=utf8 -XX:+UseParallelGC -XX:GCTimeRatio=4 -XX:AdaptiveSizePolicyWeight=90 -Dsun.zip.disableMemoryMapping=true -Xmx1G -Xms100m -Xlog:disable -javaagent:c:\Users\khami\.vscode\extensions\redhat.java-1.20.0-win32-x64\lombok\lombok-1.18.28.jar c:\Users\khami\.vscode\extensions\redhat.java-1.20.0-win32-x64\server\plugins\org.eclipse.equinox.launcher_1.6.500.v20230622-2056.jar -configuration c:\Users\khami\AppData\Roaming\Code\User\globalStorage\redhat.java\1.20.0\config_ss_win -data c:\Users\khami\AppData\Roaming\Code\User\workspaceStorage\6a2d3d3737832186bb7f3db857603596\redhat.java\ss_ws

Host: Intel(R) Core(TM) i7-10750H CPU @ 2.60GHz, 12 cores, 15G,  Windows 11 , 64 bit Build 25905 (10.0.25905.1000)
Time: Wed Jul 19 00:56:08 2023 SE Asia Standard Time elapsed time: 16.665954 seconds (0d 0h 0m 16s)

---------------  T H R E A D  ---------------

Current thread (0x0000026b7de74a00):  JavaThread "C2 CompilerThread0" daemon [_thread_in_native, id=11176, stack(0x000000b4ab700000,0x000000b4ab800000)]


Current CompileTask:
C2:  16666 2861       4       jdk.internal.org.objectweb.asm.Frame::execute (2318 bytes)

Stack: [0x000000b4ab700000,0x000000b4ab800000]
Native frames: (J=compiled Java code, j=interpreted, Vv=VM code, C=native code)
V  [jvm.dll+0x67754a]
V  [jvm.dll+0x834304]
V  [jvm.dll+0x835aae]
V  [jvm.dll+0x836113]
V  [jvm.dll+0x24696f]
V  [jvm.dll+0xac0ac]
V  [jvm.dll+0xac67c]
V  [jvm.dll+0x364de2]
V  [jvm.dll+0x32f6b1]
V  [jvm.dll+0x32eb5a]
V  [jvm.dll+0x219641]
V  [jvm.dll+0x218a61]
V  [jvm.dll+0x1a4d8d]
V  [jvm.dll+0x2284da]
V  [jvm.dll+0x226615]
V  [jvm.dll+0x7ea90b]
V  [jvm.dll+0x7e4e7a]
V  [jvm.dll+0x676395]
C  [ucrtbase.dll+0x609e1]
C  [KERNEL32.DLL+0x124d8]
C  [ntdll.dll+0x4091]


---------------  P R O C E S S  ---------------

Threads class SMR info:
_java_thread_list=0x0000026b0ff222d0, length=25, elements={
0x0000026b73c80f60, 0x0000026b78afb170, 0x0000026b78afbcf0, 0x0000026b73d3aff0,
0x0000026b73d3c620, 0x0000026b7de71920, 0x0000026b7de6f770, 0x0000026b7de74a00,
0x0000026b7de7bb20, 0x0000026b7de87380, 0x0000026b7de6f2a0, 0x0000026b7de6edd0,
0x0000026b7de6df60, 0x0000026b7de6e430, 0x0000026b7de6fc40, 0x0000026b7de70110,
0x0000026b7de70ab0, 0x0000026b7de70f80, 0x0000026b7de71450, 0x0000026b0fe441e0,
0x0000026b0fe476d0, 0x0000026b0fe42ea0, 0x0000026b0fe42030, 0x0000026b0fe459f0,
0x0000026b0fe446b0
}

Java Threads: ( => current thread )
  0x0000026b73c80f60 JavaThread "main" [_thread_blocked, id=22040, stack(0x000000b4aae00000,0x000000b4aaf00000)]
  0x0000026b78afb170 JavaThread "Reference Handler" daemon [_thread_blocked, id=10624, stack(0x000000b4ab100000,0x000000b4ab200000)]
  0x0000026b78afbcf0 JavaThread "Finalizer" daemon [_thread_blocked, id=18412, stack(0x000000b4ab200000,0x000000b4ab300000)]
  0x0000026b73d3aff0 JavaThread "Signal Dispatcher" daemon [_thread_blocked, id=15432, stack(0x000000b4ab300000,0x000000b4ab400000)]
  0x0000026b73d3c620 JavaThread "Attach Listener" daemon [_thread_blocked, id=7084, stack(0x000000b4ab400000,0x000000b4ab500000)]
  0x0000026b7de71920 JavaThread "Service Thread" daemon [_thread_blocked, id=18696, stack(0x000000b4ab500000,0x000000b4ab600000)]
  0x0000026b7de6f770 JavaThread "Monitor Deflation Thread" daemon [_thread_blocked, id=14876, stack(0x000000b4ab600000,0x000000b4ab700000)]
=>0x0000026b7de74a00 JavaThread "C2 CompilerThread0" daemon [_thread_in_native, id=11176, stack(0x000000b4ab700000,0x000000b4ab800000)]
  0x0000026b7de7bb20 JavaThread "C1 CompilerThread0" daemon [_thread_blocked, id=18768, stack(0x000000b4ab800000,0x000000b4ab900000)]
  0x0000026b7de87380 JavaThread "Sweeper thread" daemon [_thread_blocked, id=19556, stack(0x000000b4ab900000,0x000000b4aba00000)]
  0x0000026b7de6f2a0 JavaThread "Common-Cleaner" daemon [_thread_blocked, id=21672, stack(0x000000b4aba00000,0x000000b4abb00000)]
  0x0000026b7de6edd0 JavaThread "Notification Thread" daemon [_thread_blocked, id=12200, stack(0x000000b4abc00000,0x000000b4abd00000)]
  0x0000026b7de6df60 JavaThread "Active Thread: Equinox Container: 738a9b2a-bc7f-48c2-8dd8-cc5cc3174dd3" [_thread_blocked, id=3152, stack(0x000000b4ac400000,0x000000b4ac500000)]
  0x0000026b7de6e430 JavaThread "Framework Event Dispatcher: Equinox Container: 738a9b2a-bc7f-48c2-8dd8-cc5cc3174dd3" daemon [_thread_blocked, id=23108, stack(0x000000b4ac500000,0x000000b4ac600000)]
  0x0000026b7de6fc40 JavaThread "Start Level: Equinox Container: 738a9b2a-bc7f-48c2-8dd8-cc5cc3174dd3" daemon [_thread_blocked, id=20596, stack(0x000000b4ac600000,0x000000b4ac700000)]
  0x0000026b7de70110 JavaThread "SCR Component Actor" daemon [_thread_blocked, id=22968, stack(0x000000b4ac700000,0x000000b4ac800000)]
  0x0000026b7de70ab0 JavaThread "Worker-JM" [_thread_blocked, id=12680, stack(0x000000b4aca00000,0x000000b4acb00000)]
  0x0000026b7de70f80 JavaThread "Worker-0" [_thread_blocked, id=22600, stack(0x000000b4acd00000,0x000000b4ace00000)]
  0x0000026b7de71450 JavaThread "Worker-1" [_thread_blocked, id=15804, stack(0x000000b4ace00000,0x000000b4acf00000)]
  0x0000026b0fe441e0 JavaThread "Worker-2" [_thread_blocked, id=15076, stack(0x000000b4ad000000,0x000000b4ad100000)]
  0x0000026b0fe476d0 JavaThread "Worker-3" [_thread_blocked, id=680, stack(0x000000b4ad100000,0x000000b4ad200000)]
  0x0000026b0fe42ea0 JavaThread "JNA Cleaner" daemon [_thread_blocked, id=2560, stack(0x000000b4ac300000,0x000000b4ac400000)]
  0x0000026b0fe42030 JavaThread "pool-2-thread-1" [_thread_blocked, id=7976, stack(0x000000b4ad200000,0x000000b4ad300000)]
  0x0000026b0fe459f0 JavaThread "WorkspaceEventsHandler" [_thread_blocked, id=12408, stack(0x000000b4ad300000,0x000000b4ad400000)]
  0x0000026b0fe446b0 JavaThread "pool-1-thread-1" [_thread_in_vm, id=24276, stack(0x000000b4ad400000,0x000000b4ad500000)]

Other Threads:
  0x0000026b73d0bd70 VMThread "VM Thread" [stack: 0x000000b4ab000000,0x000000b4ab100000] [id=6840]
  0x0000026b7e1cd040 WatcherThread [stack: 0x000000b4abd00000,0x000000b4abe00000] [id=21396]
  0x0000026b73c973c0 GCTaskThread "GC Thread#0" [stack: 0x000000b4aaf00000,0x000000b4ab000000] [id=19832]
  0x0000026b7f5dfc50 GCTaskThread "GC Thread#1" [stack: 0x000000b4abb00000,0x000000b4abc00000] [id=20764]
  0x0000026b7f5dff00 GCTaskThread "GC Thread#2" [stack: 0x000000b4abe00000,0x000000b4abf00000] [id=10792]
  0x0000026b7f5e01b0 GCTaskThread "GC Thread#3" [stack: 0x000000b4abf00000,0x000000b4ac000000] [id=1864]
  0x0000026b7f5e0460 GCTaskThread "GC Thread#4" [stack: 0x000000b4ac000000,0x000000b4ac100000] [id=15612]
  0x0000026b7fa81370 GCTaskThread "GC Thread#5" [stack: 0x000000b4ac100000,0x000000b4ac200000] [id=22824]
  0x0000026b7fa81620 GCTaskThread "GC Thread#6" [stack: 0x000000b4ac200000,0x000000b4ac300000] [id=2668]
  0x0000026b0f03ba90 GCTaskThread "GC Thread#7" [stack: 0x000000b4ac800000,0x000000b4ac900000] [id=4720]
  0x0000026b0f0eb490 GCTaskThread "GC Thread#8" [stack: 0x000000b4acb00000,0x000000b4acc00000] [id=20272]
  0x0000026b0f131610 GCTaskThread "GC Thread#9" [stack: 0x000000b4acc00000,0x000000b4acd00000] [id=19784]

Threads with active compile tasks:
C2 CompilerThread0    16685 2861       4       jdk.internal.org.objectweb.asm.Frame::execute (2318 bytes)

VM state: not at safepoint (normal execution)

VM Mutex/Monitor currently owned by a thread: None

Heap address: 0x00000000c0000000, size: 1024 MB, Compressed Oops mode: 32-bit

CDS archive(s) not mapped
Compressed class space mapped at: 0x0000000100000000-0x0000000140000000, reserved size: 1073741824
Narrow klass base: 0x0000000000000000, Narrow klass shift: 3, Narrow klass range: 0x140000000

GC Precious Log:
 CPUs: 12 total, 12 available
 Memory: 16160M
 Large Page Support: Disabled
 NUMA Support: Disabled
 Compressed Oops: Enabled (32-bit)
 Alignments: Space 512K, Generation 512K, Heap 2M
 Heap Min Capacity: 100M
 Heap Initial Capacity: 100M
 Heap Max Capacity: 1G
 Pre-touch: Disabled
 Parallel Workers: 10

Heap:
 PSYoungGen      total 25600K, used 15865K [0x00000000eab00000, 0x00000000ec980000, 0x0000000100000000)
  eden space 24064K, 59% used [0x00000000eab00000,0x00000000eb8ff218,0x00000000ec280000)
  from space 1536K, 99% used [0x00000000ec500000,0x00000000ec67f470,0x00000000ec680000)
  to   space 3072K, 0% used [0x00000000ec680000,0x00000000ec680000,0x00000000ec980000)
 ParOldGen       total 68608K, used 8347K [0x00000000c0000000, 0x00000000c4300000, 0x00000000eab00000)
  object space 68608K, 12% used [0x00000000c0000000,0x00000000c0826e88,0x00000000c4300000)
 Metaspace       used 34231K, committed 34880K, reserved 1114112K
  class space    used 3462K, committed 3776K, reserved 1048576K

Card table byte_map: [0x0000026b73620000,0x0000026b73830000] _byte_map_base: 0x0000026b73020000

Marking Bits: (ParMarkBitMap*) 0x00007ffaf38552c0
 Begin Bits: [0x0000026b76900000, 0x0000026b77900000)
 End Bits:   [0x0000026b77900000, 0x0000026b78900000)

Polling page: 0x0000026b71c40000

Metaspace:

Usage:
  Non-class:     30.05 MB used.
      Class:      3.38 MB used.
       Both:     33.43 MB used.

Virtual space:
  Non-class space:       64.00 MB reserved,      30.44 MB ( 48%) committed,  1 nodes.
      Class space:        1.00 GB reserved,       3.69 MB ( <1%) committed,  1 nodes.
             Both:        1.06 GB reserved,      34.12 MB (  3%) committed. 

Chunk freelists:
   Non-Class:  1.42 MB
       Class:  12.14 MB
        Both:  13.56 MB

MaxMetaspaceSize: unlimited
CompressedClassSpaceSize: 1.00 GB
Initial GC threshold: 21.00 MB
Current GC threshold: 35.00 MB
CDS: off
MetaspaceReclaimPolicy: balanced
 - commit_granule_bytes: 65536.
 - commit_granule_words: 8192.
 - virtual_space_node_default_size: 8388608.
 - enlarge_chunks_in_place: 1.
 - new_chunks_are_fully_committed: 0.
 - uncommit_free_chunks: 1.
 - use_allocation_guard: 0.
 - handle_deallocations: 1.


Internal statistics:

num_allocs_failed_limit: 5.
num_arena_births: 288.
num_arena_deaths: 14.
num_vsnodes_births: 2.
num_vsnodes_deaths: 0.
num_space_committed: 546.
num_space_uncommitted: 0.
num_chunks_returned_to_freelist: 19.
num_chunks_taken_from_freelist: 1309.
num_chunk_merges: 9.
num_chunk_splits: 854.
num_chunks_enlarged: 572.
num_inconsistent_stats: 0.

CodeHeap 'non-profiled nmethods': size=120000Kb used=1202Kb max_used=1202Kb free=118797Kb
 bounds [0x0000026b07ad0000, 0x0000026b07d40000, 0x0000026b0f000000]
CodeHeap 'profiled nmethods': size=120000Kb used=5926Kb max_used=5926Kb free=114073Kb
 bounds [0x0000026b00000000, 0x0000026b005d0000, 0x0000026b07530000]
CodeHeap 'non-nmethods': size=5760Kb used=1254Kb max_used=1288Kb free=4505Kb
 bounds [0x0000026b07530000, 0x0000026b077a0000, 0x0000026b07ad0000]
 total_blobs=3512 nmethods=2937 adapters=488
 compilation: enabled
              stopped_count=0, restarted_count=0
 full_count=0

Compilation events (20 events):
Event: 15.638 Thread 0x0000026b7de7bb20 nmethod 2919 0x0000026b005adf90 code [0x0000026b005ae360, 0x0000026b005afee8]
Event: 15.638 Thread 0x0000026b7de7bb20 2920       3       java.lang.Class::getGenericInfo (52 bytes)
Event: 15.639 Thread 0x0000026b7de7bb20 nmethod 2920 0x0000026b005b0510 code [0x0000026b005b0780, 0x0000026b005b1388]
Event: 15.639 Thread 0x0000026b7de7bb20 2922       3       java.util.Collections::singletonList (9 bytes)
Event: 15.639 Thread 0x0000026b7de7bb20 nmethod 2922 0x0000026b005b1890 code [0x0000026b005b1a40, 0x0000026b005b1d18]
Event: 15.639 Thread 0x0000026b7de7bb20 2921       3       java.nio.Buffer::<init> (105 bytes)
Event: 15.639 Thread 0x0000026b7de7bb20 nmethod 2921 0x0000026b005b1e90 code [0x0000026b005b2140, 0x0000026b005b2c58]
Event: 15.641 Thread 0x0000026b7de7bb20 2923       3       java.lang.reflect.Field::isSynthetic (8 bytes)
Event: 15.641 Thread 0x0000026b7de7bb20 nmethod 2923 0x0000026b005b3090 code [0x0000026b005b3220, 0x0000026b005b33f8]
Event: 15.641 Thread 0x0000026b7de7bb20 2924       3       java.lang.reflect.Field::getAnnotation (23 bytes)
Event: 15.641 Thread 0x0000026b7de7bb20 nmethod 2924 0x0000026b005b3490 code [0x0000026b005b36a0, 0x0000026b005b3d28]
Event: 15.642 Thread 0x0000026b7de7bb20 2925       3       com.google.gson.internal.Excluder::excludeField (226 bytes)
Event: 15.643 Thread 0x0000026b7de7bb20 nmethod 2925 0x0000026b005b3f90 code [0x0000026b005b4500, 0x0000026b005b7068]
Event: 15.643 Thread 0x0000026b7de7bb20 2926       3       jdk.internal.reflect.AccessorGenerator::sub (5 bytes)
Event: 15.643 Thread 0x0000026b7de7bb20 nmethod 2926 0x0000026b005b7c10 code [0x0000026b005b7da0, 0x0000026b005b7e98]
Event: 15.643 Thread 0x0000026b7de7bb20 2927       3       jdk.internal.reflect.ClassFileAssembler::setStack (25 bytes)
Event: 15.643 Thread 0x0000026b7de7bb20 nmethod 2927 0x0000026b005b7f10 code [0x0000026b005b80a0, 0x0000026b005b81f8]
Event: 15.643 Thread 0x0000026b7de7bb20 2928       3       com.google.gson.stream.JsonReader::nextNonWhitespace (354 bytes)
Event: 15.644 Thread 0x0000026b7de7bb20 nmethod 2928 0x0000026b005b8290 code [0x0000026b005b8740, 0x0000026b005ba5d8]
Event: 15.644 Thread 0x0000026b7de7bb20 2932       3       com.google.gson.stream.JsonReader::nextQuotedValue (270 bytes)

GC Heap History (16 events):
Event: 7.052 GC heap before
{Heap before GC invocations=1 (full 0):
 PSYoungGen      total 29696K, used 25600K [0x00000000eab00000, 0x00000000ecc00000, 0x0000000100000000)
  eden space 25600K, 100% used [0x00000000eab00000,0x00000000ec400000,0x00000000ec400000)
  from space 4096K, 0% used [0x00000000ec800000,0x00000000ec800000,0x00000000ecc00000)
  to   space 4096K, 0% used [0x00000000ec400000,0x00000000ec400000,0x00000000ec800000)
 ParOldGen       total 68608K, used 0K [0x00000000c0000000, 0x00000000c4300000, 0x00000000eab00000)
  object space 68608K, 0% used [0x00000000c0000000,0x00000000c0000000,0x00000000c4300000)
 Metaspace       used 11203K, committed 11392K, reserved 1114112K
  class space    used 1122K, committed 1216K, reserved 1048576K
}
Event: 7.060 GC heap after
{Heap after GC invocations=1 (full 0):
 PSYoungGen      total 29696K, used 3176K [0x00000000eab00000, 0x00000000ecc00000, 0x0000000100000000)
  eden space 25600K, 0% used [0x00000000eab00000,0x00000000eab00000,0x00000000ec400000)
  from space 4096K, 77% used [0x00000000ec400000,0x00000000ec71a3a8,0x00000000ec800000)
  to   space 4096K, 0% used [0x00000000ec800000,0x00000000ec800000,0x00000000ecc00000)
 ParOldGen       total 68608K, used 16K [0x00000000c0000000, 0x00000000c4300000, 0x00000000eab00000)
  object space 68608K, 0% used [0x00000000c0000000,0x00000000c0004000,0x00000000c4300000)
 Metaspace       used 11203K, committed 11392K, reserved 1114112K
  class space    used 1122K, committed 1216K, reserved 1048576K
}
Event: 7.694 GC heap before
{Heap before GC invocations=2 (full 0):
 PSYoungGen      total 29696K, used 28776K [0x00000000eab00000, 0x00000000ecc00000, 0x0000000100000000)
  eden space 25600K, 100% used [0x00000000eab00000,0x00000000ec400000,0x00000000ec400000)
  from space 4096K, 77% used [0x00000000ec400000,0x00000000ec71a3a8,0x00000000ec800000)
  to   space 4096K, 0% used [0x00000000ec800000,0x00000000ec800000,0x00000000ecc00000)
 ParOldGen       total 68608K, used 16K [0x00000000c0000000, 0x00000000c4300000, 0x00000000eab00000)
  object space 68608K, 0% used [0x00000000c0000000,0x00000000c0004000,0x00000000c4300000)
 Metaspace       used 15480K, committed 15744K, reserved 1114112K
  class space    used 1583K, committed 1728K, reserved 1048576K
}
Event: 7.698 GC heap after
{Heap after GC invocations=2 (full 0):
 PSYoungGen      total 29696K, used 4078K [0x00000000eab00000, 0x00000000ecc00000, 0x0000000100000000)
  eden space 25600K, 0% used [0x00000000eab00000,0x00000000eab00000,0x00000000ec400000)
  from space 4096K, 99% used [0x00000000ec800000,0x00000000ecbfb8a8,0x00000000ecc00000)
  to   space 4096K, 0% used [0x00000000ec400000,0x00000000ec400000,0x00000000ec800000)
 ParOldGen       total 68608K, used 820K [0x00000000c0000000, 0x00000000c4300000, 0x00000000eab00000)
  object space 68608K, 1% used [0x00000000c0000000,0x00000000c00cd390,0x00000000c4300000)
 Metaspace       used 15480K, committed 15744K, reserved 1114112K
  class space    used 1583K, committed 1728K, reserved 1048576K
}
Event: 8.287 GC heap before
{Heap before GC invocations=3 (full 0):
 PSYoungGen      total 29696K, used 29678K [0x00000000eab00000, 0x00000000ecc00000, 0x0000000100000000)
  eden space 25600K, 100% used [0x00000000eab00000,0x00000000ec400000,0x00000000ec400000)
  from space 4096K, 99% used [0x00000000ec800000,0x00000000ecbfb8a8,0x00000000ecc00000)
  to   space 4096K, 0% used [0x00000000ec400000,0x00000000ec400000,0x00000000ec800000)
 ParOldGen       total 68608K, used 820K [0x00000000c0000000, 0x00000000c4300000, 0x00000000eab00000)
  object space 68608K, 1% used [0x00000000c0000000,0x00000000c00cd390,0x00000000c4300000)
 Metaspace       used 20328K, committed 20736K, reserved 1114112K
  class space    used 2074K, committed 2240K, reserved 1048576K
}
Event: 8.290 GC heap after
{Heap after GC invocations=3 (full 0):
 PSYoungGen      total 29696K, used 4079K [0x00000000eab00000, 0x00000000ecc00000, 0x0000000100000000)
  eden space 25600K, 0% used [0x00000000eab00000,0x00000000eab00000,0x00000000ec400000)
  from space 4096K, 99% used [0x00000000ec400000,0x00000000ec7fbd78,0x00000000ec800000)
  to   space 4096K, 0% used [0x00000000ec800000,0x00000000ec800000,0x00000000ecc00000)
 ParOldGen       total 68608K, used 2703K [0x00000000c0000000, 0x00000000c4300000, 0x00000000eab00000)
  object space 68608K, 3% used [0x00000000c0000000,0x00000000c02a3e88,0x00000000c4300000)
 Metaspace       used 20328K, committed 20736K, reserved 1114112K
  class space    used 2074K, committed 2240K, reserved 1048576K
}
Event: 8.351 GC heap before
{Heap before GC invocations=4 (full 0):
 PSYoungGen      total 29696K, used 8582K [0x00000000eab00000, 0x00000000ecc00000, 0x0000000100000000)
  eden space 25600K, 17% used [0x00000000eab00000,0x00000000eaf65d28,0x00000000ec400000)
  from space 4096K, 99% used [0x00000000ec400000,0x00000000ec7fbd78,0x00000000ec800000)
  to   space 4096K, 0% used [0x00000000ec800000,0x00000000ec800000,0x00000000ecc00000)
 ParOldGen       total 68608K, used 2703K [0x00000000c0000000, 0x00000000c4300000, 0x00000000eab00000)
  object space 68608K, 3% used [0x00000000c0000000,0x00000000c02a3e88,0x00000000c4300000)
 Metaspace       used 21062K, committed 21504K, reserved 1114112K
  class space    used 2150K, committed 2368K, reserved 1048576K
}
Event: 8.353 GC heap after
{Heap after GC invocations=4 (full 0):
 PSYoungGen      total 29696K, used 4085K [0x00000000eab00000, 0x00000000ecc00000, 0x0000000100000000)
  eden space 25600K, 0% used [0x00000000eab00000,0x00000000eab00000,0x00000000ec400000)
  from space 4096K, 99% used [0x00000000ec800000,0x00000000ecbfd5e8,0x00000000ecc00000)
  to   space 4096K, 0% used [0x00000000ec400000,0x00000000ec400000,0x00000000ec800000)
 ParOldGen       total 68608K, used 3015K [0x00000000c0000000, 0x00000000c4300000, 0x00000000eab00000)
  object space 68608K, 4% used [0x00000000c0000000,0x00000000c02f1ea8,0x00000000c4300000)
 Metaspace       used 21062K, committed 21504K, reserved 1114112K
  class space    used 2150K, committed 2368K, reserved 1048576K
}
Event: 8.353 GC heap before
{Heap before GC invocations=5 (full 1):
 PSYoungGen      total 29696K, used 4085K [0x00000000eab00000, 0x00000000ecc00000, 0x0000000100000000)
  eden space 25600K, 0% used [0x00000000eab00000,0x00000000eab00000,0x00000000ec400000)
  from space 4096K, 99% used [0x00000000ec800000,0x00000000ecbfd5e8,0x00000000ecc00000)
  to   space 4096K, 0% used [0x00000000ec400000,0x00000000ec400000,0x00000000ec800000)
 ParOldGen       total 68608K, used 3015K [0x00000000c0000000, 0x00000000c4300000, 0x00000000eab00000)
  object space 68608K, 4% used [0x00000000c0000000,0x00000000c02f1ea8,0x00000000c4300000)
 Metaspace       used 21062K, committed 21504K, reserved 1114112K
  class space    used 2150K, committed 2368K, reserved 1048576K
}
Event: 8.367 GC heap after
{Heap after GC invocations=5 (full 1):
 PSYoungGen      total 29696K, used 0K [0x00000000eab00000, 0x00000000ecc00000, 0x0000000100000000)
  eden space 25600K, 0% used [0x00000000eab00000,0x00000000eab00000,0x00000000ec400000)
  from space 4096K, 0% used [0x00000000ec800000,0x00000000ec800000,0x00000000ecc00000)
  to   space 4096K, 0% used [0x00000000ec400000,0x00000000ec400000,0x00000000ec800000)
 ParOldGen       total 68608K, used 6927K [0x00000000c0000000, 0x00000000c4300000, 0x00000000eab00000)
  object space 68608K, 10% used [0x00000000c0000000,0x00000000c06c3f10,0x00000000c4300000)
 Metaspace       used 21049K, committed 21504K, reserved 1114112K
  class space    used 2147K, committed 2368K, reserved 1048576K
}
Event: 8.561 GC heap before
{Heap before GC invocations=6 (full 1):
 PSYoungGen      total 29696K, used 25600K [0x00000000eab00000, 0x00000000ecc00000, 0x0000000100000000)
  eden space 25600K, 100% used [0x00000000eab00000,0x00000000ec400000,0x00000000ec400000)
  from space 4096K, 0% used [0x00000000ec800000,0x00000000ec800000,0x00000000ecc00000)
  to   space 4096K, 0% used [0x00000000ec400000,0x00000000ec400000,0x00000000ec800000)
 ParOldGen       total 68608K, used 6927K [0x00000000c0000000, 0x00000000c4300000, 0x00000000eab00000)
  object space 68608K, 10% used [0x00000000c0000000,0x00000000c06c3f10,0x00000000c4300000)
 Metaspace       used 24586K, committed 25088K, reserved 1114112K
  class space    used 2411K, committed 2624K, reserved 1048576K
}
Event: 8.561 GC heap after
{Heap after GC invocations=6 (full 1):
 PSYoungGen      total 25600K, used 403K [0x00000000eab00000, 0x00000000ec880000, 0x0000000100000000)
  eden space 25088K, 0% used [0x00000000eab00000,0x00000000eab00000,0x00000000ec380000)
  from space 512K, 78% used [0x00000000ec400000,0x00000000ec464db8,0x00000000ec480000)
  to   space 2048K, 0% used [0x00000000ec680000,0x00000000ec680000,0x00000000ec880000)
 ParOldGen       total 68608K, used 6927K [0x00000000c0000000, 0x00000000c4300000, 0x00000000eab00000)
  object space 68608K, 10% used [0x00000000c0000000,0x00000000c06c3f10,0x00000000c4300000)
 Metaspace       used 24586K, committed 25088K, reserved 1114112K
  class space    used 2411K, committed 2624K, reserved 1048576K
}
Event: 11.006 GC heap before
{Heap before GC invocations=7 (full 1):
 PSYoungGen      total 25600K, used 25491K [0x00000000eab00000, 0x00000000ec880000, 0x0000000100000000)
  eden space 25088K, 100% used [0x00000000eab00000,0x00000000ec380000,0x00000000ec380000)
  from space 512K, 78% used [0x00000000ec400000,0x00000000ec464db8,0x00000000ec480000)
  to   space 2048K, 0% used [0x00000000ec680000,0x00000000ec680000,0x00000000ec880000)
 ParOldGen       total 68608K, used 6927K [0x00000000c0000000, 0x00000000c4300000, 0x00000000eab00000)
  object space 68608K, 10% used [0x00000000c0000000,0x00000000c06c3f10,0x00000000c4300000)
 Metaspace       used 27586K, committed 28096K, reserved 1114112K
  class space    used 2668K, committed 2880K, reserved 1048576K
}
Event: 11.007 GC heap after
{Heap after GC invocations=7 (full 1):
 PSYoungGen      total 26112K, used 1071K [0x00000000eab00000, 0x00000000ec800000, 0x0000000100000000)
  eden space 24576K, 0% used [0x00000000eab00000,0x00000000eab00000,0x00000000ec300000)
  from space 1536K, 69% used [0x00000000ec680000,0x00000000ec78bf08,0x00000000ec800000)
  to   space 1536K, 0% used [0x00000000ec500000,0x00000000ec500000,0x00000000ec680000)
 ParOldGen       total 68608K, used 6935K [0x00000000c0000000, 0x00000000c4300000, 0x00000000eab00000)
  object space 68608K, 10% used [0x00000000c0000000,0x00000000c06c5f10,0x00000000c4300000)
 Metaspace       used 27586K, committed 28096K, reserved 1114112K
  class space    used 2668K, committed 2880K, reserved 1048576K
}
Event: 15.468 GC heap before
{Heap before GC invocations=8 (full 1):
 PSYoungGen      total 26112K, used 25647K [0x00000000eab00000, 0x00000000ec800000, 0x0000000100000000)
  eden space 24576K, 100% used [0x00000000eab00000,0x00000000ec300000,0x00000000ec300000)
  from space 1536K, 69% used [0x00000000ec680000,0x00000000ec78bf08,0x00000000ec800000)
  to   space 1536K, 0% used [0x00000000ec500000,0x00000000ec500000,0x00000000ec680000)
 ParOldGen       total 68608K, used 6935K [0x00000000c0000000, 0x00000000c4300000, 0x00000000eab00000)
  object space 68608K, 10% used [0x00000000c0000000,0x00000000c06c5f10,0x00000000c4300000)
 Metaspace       used 31870K, committed 32512K, reserved 1114112K
  class space    used 3165K, committed 3456K, reserved 1048576K
}
Event: 15.470 GC heap after
{Heap after GC invocations=8 (full 1):
 PSYoungGen      total 25600K, used 1533K [0x00000000eab00000, 0x00000000ec980000, 0x0000000100000000)
  eden space 24064K, 0% used [0x00000000eab00000,0x00000000eab00000,0x00000000ec280000)
  from space 1536K, 99% used [0x00000000ec500000,0x00000000ec67f470,0x00000000ec680000)
  to   space 3072K, 0% used [0x00000000ec680000,0x00000000ec680000,0x00000000ec980000)
 ParOldGen       total 68608K, used 8347K [0x00000000c0000000, 0x00000000c4300000, 0x00000000eab00000)
  object space 68608K, 12% used [0x00000000c0000000,0x00000000c0826e88,0x00000000c4300000)
 Metaspace       used 31870K, committed 32512K, reserved 1114112K
  class space    used 3165K, committed 3456K, reserved 1048576K
}

Dll operation events (10 events):
Event: 0.057 Loaded shared library c:\Users\khami\.vscode\extensions\redhat.java-1.20.0-win32-x64\jre\17.0.7-win32-x86_64\bin\java.dll
Event: 0.290 Loaded shared library c:\Users\khami\.vscode\extensions\redhat.java-1.20.0-win32-x64\jre\17.0.7-win32-x86_64\bin\zip.dll
Event: 0.294 Loaded shared library C:\Users\khami\.vscode\extensions\redhat.java-1.20.0-win32-x64\jre\17.0.7-win32-x86_64\bin\instrument.dll
Event: 0.312 Loaded shared library C:\Users\khami\.vscode\extensions\redhat.java-1.20.0-win32-x64\jre\17.0.7-win32-x86_64\bin\net.dll
Event: 0.315 Loaded shared library C:\Users\khami\.vscode\extensions\redhat.java-1.20.0-win32-x64\jre\17.0.7-win32-x86_64\bin\nio.dll
Event: 0.324 Loaded shared library C:\Users\khami\.vscode\extensions\redhat.java-1.20.0-win32-x64\jre\17.0.7-win32-x86_64\bin\zip.dll
Event: 0.341 Loaded shared library C:\Users\khami\.vscode\extensions\redhat.java-1.20.0-win32-x64\jre\17.0.7-win32-x86_64\bin\jimage.dll
Event: 0.391 Loaded shared library c:\Users\khami\.vscode\extensions\redhat.java-1.20.0-win32-x64\jre\17.0.7-win32-x86_64\bin\verify.dll
Event: 7.512 Loaded shared library C:\Users\khami\AppData\Roaming\Code\User\globalStorage\redhat.java\1.20.0\config_ss_win\org.eclipse.equinox.launcher\org.eclipse.equinox.launcher.win32.win32.x86_64_1.2.700.v20221108-1024\eclipse_11801.dll
Event: 15.377 Loaded shared library C:\Users\khami\AppData\Local\Temp\jna-102011712\jna3722946290490952475.dll

Deoptimization events (20 events):
Event: 15.573 Thread 0x0000026b73c80f60 Uncommon trap: trap_request=0xffffff45 fr.pc=0x0000026b07b883b4 relative=0x0000000000000114
Event: 15.573 Thread 0x0000026b73c80f60 Uncommon trap: reason=unstable_if action=reinterpret pc=0x0000026b07b883b4 method=jdk.internal.org.objectweb.asm.SymbolTable.put(Ljdk/internal/org/objectweb/asm/SymbolTable$Entry;)Ljdk/internal/org/objectweb/asm/SymbolTable$Entry; @ 13 c2
Event: 15.573 Thread 0x0000026b73c80f60 DEOPT PACKING pc=0x0000026b07b883b4 sp=0x000000b4aaefdcc0
Event: 15.573 Thread 0x0000026b73c80f60 DEOPT UNPACKING pc=0x0000026b075866a3 sp=0x000000b4aaefdc20 mode 2
Event: 15.582 Thread 0x0000026b73c80f60 Uncommon trap: trap_request=0xffffff45 fr.pc=0x0000026b07af6748 relative=0x0000000000000048
Event: 15.582 Thread 0x0000026b73c80f60 Uncommon trap: reason=unstable_if action=reinterpret pc=0x0000026b07af6748 method=java.lang.CharacterData.of(I)Ljava/lang/CharacterData; @ 4 c2
Event: 15.582 Thread 0x0000026b73c80f60 DEOPT PACKING pc=0x0000026b07af6748 sp=0x000000b4aaefd770
Event: 15.582 Thread 0x0000026b73c80f60 DEOPT UNPACKING pc=0x0000026b075866a3 sp=0x000000b4aaefd708 mode 2
Event: 15.585 Thread 0x0000026b73c80f60 Uncommon trap: trap_request=0xffffff45 fr.pc=0x0000026b07ae6624 relative=0x0000000000000384
Event: 15.585 Thread 0x0000026b73c80f60 Uncommon trap: reason=unstable_if action=reinterpret pc=0x0000026b07ae6624 method=java.lang.StringLatin1.canEncode(I)Z @ 4 c2
Event: 15.585 Thread 0x0000026b73c80f60 DEOPT PACKING pc=0x0000026b07ae6624 sp=0x000000b4aaefdfd0
Event: 15.585 Thread 0x0000026b73c80f60 DEOPT UNPACKING pc=0x0000026b075866a3 sp=0x000000b4aaefdef8 mode 2
Event: 15.585 Thread 0x0000026b73c80f60 Uncommon trap: trap_request=0xffffff45 fr.pc=0x0000026b07b221e4 relative=0x0000000000000344
Event: 15.585 Thread 0x0000026b73c80f60 Uncommon trap: reason=unstable_if action=reinterpret pc=0x0000026b07b221e4 method=java.lang.AbstractStringBuilder.isLatin1()Z @ 10 c2
Event: 15.585 Thread 0x0000026b73c80f60 DEOPT PACKING pc=0x0000026b07b221e4 sp=0x000000b4aaefdfe0
Event: 15.585 Thread 0x0000026b73c80f60 DEOPT UNPACKING pc=0x0000026b075866a3 sp=0x000000b4aaefdf70 mode 2
Event: 15.585 Thread 0x0000026b73c80f60 Uncommon trap: trap_request=0xffffff45 fr.pc=0x0000026b07b30a5c relative=0x000000000000005c
Event: 15.585 Thread 0x0000026b73c80f60 Uncommon trap: reason=unstable_if action=reinterpret pc=0x0000026b07b30a5c method=java.lang.AbstractStringBuilder.isLatin1()Z @ 10 c2
Event: 15.585 Thread 0x0000026b73c80f60 DEOPT PACKING pc=0x0000026b07b30a5c sp=0x000000b4aaefdfd0
Event: 15.585 Thread 0x0000026b73c80f60 DEOPT UNPACKING pc=0x0000026b075866a3 sp=0x000000b4aaefdf60 mode 2

Classes unloaded (7 events):
Event: 8.355 Thread 0x0000026b73d0bd70 Unloading class 0x0000000100212400 'java/lang/invoke/LambdaForm$MH+0x0000000100212400'
Event: 8.355 Thread 0x0000026b73d0bd70 Unloading class 0x0000000100212000 'java/lang/invoke/LambdaForm$MH+0x0000000100212000'
Event: 8.355 Thread 0x0000026b73d0bd70 Unloading class 0x0000000100211c00 'java/lang/invoke/LambdaForm$MH+0x0000000100211c00'
Event: 8.355 Thread 0x0000026b73d0bd70 Unloading class 0x0000000100211800 'java/lang/invoke/LambdaForm$MH+0x0000000100211800'
Event: 8.355 Thread 0x0000026b73d0bd70 Unloading class 0x0000000100211000 'java/lang/invoke/LambdaForm$BMH+0x0000000100211000'
Event: 8.355 Thread 0x0000026b73d0bd70 Unloading class 0x0000000100210c00 'java/lang/invoke/LambdaForm$DMH+0x0000000100210c00'
Event: 8.355 Thread 0x0000026b73d0bd70 Unloading class 0x000000010020e000 'java/lang/invoke/LambdaForm$DMH+0x000000010020e000'

Classes redefined (0 events):
No events

Internal exceptions (20 events):
Event: 9.705 Thread 0x0000026b7de6fc40 Exception <a 'java/lang/ClassNotFoundException'{0x00000000ebf6c8d0}: com/sun/org/apache/xerces/internal/impl/msg/spi/XMLSerializerMessagesProvider> (0x00000000ebf6c8d0) 
thrown [s\src\hotspot\share\classfile\systemDictionary.cpp, line 256]
Event: 9.706 Thread 0x0000026b7de6fc40 Exception <a 'java/lang/ClassNotFoundException'{0x00000000ebf79ba8}: com/sun/org/apache/xerces/internal/impl/msg/spi/XMLMessagesProvider> (0x00000000ebf79ba8) 
thrown [s\src\hotspot\share\classfile\systemDictionary.cpp, line 256]
Event: 9.718 Thread 0x0000026b7de6fc40 Exception <a 'java/lang/NoSuchMethodError'{0x00000000ec03ee68}: 'void java.lang.invoke.DirectMethodHandle$Holder.invokeVirtual(java.lang.Object, java.lang.Object)'> (0x00000000ec03ee68) 
thrown [s\src\hotspot\share\interpreter\linkResolver.cpp, line 759]
Event: 10.944 Thread 0x0000026b7de6fc40 Exception <a 'java/lang/NoSuchMethodError'{0x00000000ec2ee6f0}: 'java.lang.Object java.lang.invoke.DirectMethodHandle$Holder.invokeStaticInit(java.lang.Object, int, int, int, int)'> (0x00000000ec2ee6f0) 
thrown [s\src\hotspot\share\interpreter\linkResolver.cpp, line 759]
Event: 11.046 Thread 0x0000026b7de6fc40 Exception <a 'java/lang/NoSuchMethodError'{0x00000000eaba2310}: 'java.lang.Object java.lang.invoke.DirectMethodHandle$Holder.invokeStaticInit(java.lang.Object, java.lang.Object, int, int, int, int)'> (0x00000000eaba2310) 
thrown [s\src\hotspot\share\interpreter\linkResolver.cpp, line 759]
Event: 11.079 Thread 0x0000026b7de6fc40 Exception <a 'sun/nio/fs/WindowsException'{0x00000000ead38670}> (0x00000000ead38670) 
thrown [s\src\hotspot\share\prims\jni.cpp, line 516]
Event: 11.162 Thread 0x0000026b7de6fc40 Exception <a 'java/lang/ClassNotFoundException'{0x00000000eb41e440}: com/sun/org/apache/xml/internal/serializer/spi/XMLEntitiesProvider> (0x00000000eb41e440) 
thrown [s\src\hotspot\share\classfile\systemDictionary.cpp, line 256]
Event: 13.207 Thread 0x0000026b0fe441e0 Exception <a 'java/lang/NoSuchMethodError'{0x00000000eb57ad08}: 'int java.lang.invoke.DirectMethodHandle$Holder.invokeVirtual(java.lang.Object, java.lang.Object)'> (0x00000000eb57ad08) 
thrown [s\src\hotspot\share\interpreter\linkResolver.cpp, line 759]
Event: 14.295 Thread 0x0000026b7de6fc40 Exception <a 'java/io/FileNotFoundException'{0x00000000ebb7aba0}> (0x00000000ebb7aba0) 
thrown [s\src\hotspot\share\prims\jni.cpp, line 516]
Event: 15.396 Thread 0x0000026b7de6fc40 Exception <a 'java/lang/UnsatisfiedLinkError'{0x00000000ebec9fb8}: The specified procedure could not be found.
> (0x00000000ebec9fb8) 
thrown [s\src\hotspot\share\prims\jni.cpp, line 535]
Event: 15.399 Thread 0x0000026b7de6fc40 Exception <a 'java/io/FileNotFoundException'{0x00000000ebeed820}> (0x00000000ebeed820) 
thrown [s\src\hotspot\share\prims\jni.cpp, line 516]
Event: 15.405 Thread 0x0000026b7de6fc40 Exception <a 'java/io/FileNotFoundException'{0x00000000ebf60608}> (0x00000000ebf60608) 
thrown [s\src\hotspot\share\prims\jni.cpp, line 516]
Event: 15.411 Thread 0x0000026b7de6fc40 Exception <a 'java/lang/UnsatisfiedLinkError'{0x00000000ebfef9e0}: The specified procedure could not be found.
> (0x00000000ebfef9e0) 
thrown [s\src\hotspot\share\prims\jni.cpp, line 535]
Event: 15.438 Thread 0x0000026b73c80f60 Exception <a 'java/lang/NoSuchMethodError'{0x00000000ec1afb78}: 'java.lang.Object java.lang.invoke.DirectMethodHandle$Holder.invokeStatic(java.lang.Object, java.lang.Object, long, java.lang.Object)'> (0x00000000ec1afb78) 
thrown [s\src\hotspot\share\interpreter\linkResolver.cpp, line 759]
Event: 15.438 Thread 0x0000026b73c80f60 Exception <a 'java/lang/NoSuchMethodError'{0x00000000ec1b3610}: 'java.lang.Object java.lang.invoke.DirectMethodHandle$Holder.invokeStaticInit(java.lang.Object, java.lang.Object, long, java.lang.Object)'> (0x00000000ec1b3610) 
thrown [s\src\hotspot\share\interpreter\linkResolver.cpp, line 759]
Event: 15.438 Thread 0x0000026b73c80f60 Exception <a 'java/lang/NoSuchMethodError'{0x00000000ec1b9c20}: 'java.lang.Object java.lang.invoke.DirectMethodHandle$Holder.newInvokeSpecial(java.lang.Object, java.lang.Object, long)'> (0x00000000ec1b9c20) 
thrown [s\src\hotspot\share\interpreter\linkResolver.cpp, line 759]
Event: 15.438 Thread 0x0000026b73c80f60 Exception <a 'java/lang/NoSuchMethodError'{0x00000000ec1bd660}: 'java.lang.Object java.lang.invoke.Invokers$Holder.linkToTargetMethod(java.lang.Object, long, java.lang.Object)'> (0x00000000ec1bd660) 
thrown [s\src\hotspot\share\interpreter\linkResolver.cpp, line 759]
Event: 15.475 Thread 0x0000026b73c80f60 Exception <a 'java/lang/NoSuchMethodError'{0x00000000eab585d8}: 'void java.lang.invoke.DirectMethodHandle$Holder.invokeStatic(java.lang.Object, java.lang.Object, java.lang.Object, java.lang.Object)'> (0x00000000eab585d8) 
thrown [s\src\hotspot\share\interpreter\linkResolver.cpp, line 759]
Event: 15.565 Thread 0x0000026b73c80f60 Exception <a 'java/lang/NoSuchMethodError'{0x00000000eb369c48}: 'void java.lang.invoke.DirectMethodHandle$Holder.invokeSpecial(java.lang.Object, java.lang.Object, java.lang.Object, java.lang.Object, java.lang.Object, java.lang.Object)'> (0x00000000eb369c48) 
thrown [s\src\hotspot\share\interpreter\linkResolver.cpp, line 759]
Event: 15.566 Thread 0x0000026b73c80f60 Exception <a 'java/lang/IncompatibleClassChangeError'{0x00000000eb3734f8}: Found class java.lang.Object, but interface was expected> (0x00000000eb3734f8) 
thrown [s\src\hotspot\share\interpreter\linkResolver.cpp, line 826]

VM Operations (20 events):
Event: 10.745 Executing VM operation: Cleanup done
Event: 11.006 Executing VM operation: ParallelGCFailedAllocation
Event: 11.007 Executing VM operation: ParallelGCFailedAllocation done
Event: 12.021 Executing VM operation: Cleanup
Event: 13.190 Executing VM operation: Cleanup done
Event: 13.217 Executing VM operation: HandshakeAllThreads
Event: 13.217 Executing VM operation: HandshakeAllThreads done
Event: 14.217 Executing VM operation: Cleanup
Event: 14.277 Executing VM operation: Cleanup done
Event: 15.279 Executing VM operation: Cleanup
Event: 15.326 Executing VM operation: Cleanup done
Event: 15.388 Executing VM operation: HandshakeAllThreads
Event: 15.388 Executing VM operation: HandshakeAllThreads done
Event: 15.423 Executing VM operation: HandshakeAllThreads
Event: 15.423 Executing VM operation: HandshakeAllThreads done
Event: 15.468 Executing VM operation: ParallelGCFailedAllocation
Event: 15.470 Executing VM operation: ParallelGCFailedAllocation done
Event: 15.583 Executing VM operation: HandshakeAllThreads
Event: 15.583 Executing VM operation: HandshakeAllThreads done
Event: 16.593 Executing VM operation: Cleanup

Events (20 events):
Event: 15.582 loading class java/util/stream/Sink$ChainedInt
Event: 15.582 loading class java/util/stream/Sink$ChainedInt done
Event: 15.582 loading class java/util/stream/IntPipeline$10$1 done
Event: 15.582 loading class java/lang/StringUTF16$CharsSpliterator
Event: 15.582 loading class java/lang/StringUTF16$CharsSpliterator done
Event: 15.582 loading class java/lang/CharacterData00
Event: 15.582 loading class java/lang/CharacterData00 done
Event: 15.583 loading class java/text/DecimalFormat
Event: 15.584 loading class java/text/DecimalFormat done
Event: 15.584 loading class java/text/DigitList
Event: 15.584 loading class java/text/DigitList done
Event: 15.584 loading class java/math/RoundingMode
Event: 15.584 loading class java/math/RoundingMode done
Event: 15.586 Thread 0x0000026b0fe459f0 Thread added: 0x0000026b0fe459f0
Event: 15.586 Thread 0x0000026b0fe446b0 Thread added: 0x0000026b0fe446b0
Event: 15.591 Thread 0x0000026b0f9108e0 Thread added: 0x0000026b0f9108e0
Event: 15.607 loading class sun/reflect/generics/repository/FieldRepository
Event: 15.607 loading class sun/reflect/generics/repository/FieldRepository done
Event: 15.609 loading class jdk/internal/reflect/UnsafeQualifiedIntegerFieldAccessorImpl
Event: 15.610 loading class jdk/internal/reflect/UnsafeQualifiedIntegerFieldAccessorImpl done


Dynamic libraries:
0x00007ff6b2570000 - 0x00007ff6b257e000 	c:\Users\khami\.vscode\extensions\redhat.java-1.20.0-win32-x64\jre\17.0.7-win32-x86_64\bin\java.exe
0x00007ffb9e820000 - 0x00007ffb9ea4b000 	C:\WINDOWS\SYSTEM32\ntdll.dll
0x00007ffb9cef0000 - 0x00007ffb9cfb6000 	C:\WINDOWS\System32\KERNEL32.DLL
0x00007ffb9bc50000 - 0x00007ffb9bfae000 	C:\WINDOWS\System32\KERNELBASE.dll
0x00007ffb9bfc0000 - 0x00007ffb9c0f3000 	C:\WINDOWS\System32\ucrtbase.dll
0x00007ffb85bb0000 - 0x00007ffb85bc9000 	c:\Users\khami\.vscode\extensions\redhat.java-1.20.0-win32-x64\jre\17.0.7-win32-x86_64\bin\VCRUNTIME140.dll
0x00007ffb89480000 - 0x00007ffb89497000 	c:\Users\khami\.vscode\extensions\redhat.java-1.20.0-win32-x64\jre\17.0.7-win32-x86_64\bin\jli.dll
0x00007ffb9e1c0000 - 0x00007ffb9e371000 	C:\WINDOWS\System32\USER32.dll
0x00007ffb9c2b0000 - 0x00007ffb9c2d7000 	C:\WINDOWS\System32\win32u.dll
0x00007ffb7aee0000 - 0x00007ffb7b171000 	C:\WINDOWS\WinSxS\amd64_microsoft.windows.common-controls_6595b64144ccf1df_6.0.25905.1000_none_87b90b8fab340372\COMCTL32.dll
0x00007ffb9c680000 - 0x00007ffb9c6a9000 	C:\WINDOWS\System32\GDI32.dll
0x00007ffb9c180000 - 0x00007ffb9c29f000 	C:\WINDOWS\System32\gdi32full.dll
0x00007ffb9c9f0000 - 0x00007ffb9ca97000 	C:\WINDOWS\System32\msvcrt.dll
0x00007ffb9c5b0000 - 0x00007ffb9c655000 	C:\WINDOWS\System32\msvcp_win.dll
0x00007ffb9e010000 - 0x00007ffb9e040000 	C:\WINDOWS\System32\IMM32.DLL
0x00007ffb96ec0000 - 0x00007ffb96ecc000 	c:\Users\khami\.vscode\extensions\redhat.java-1.20.0-win32-x64\jre\17.0.7-win32-x86_64\bin\vcruntime140_1.dll
0x00007ffb1f770000 - 0x00007ffb1f801000 	c:\Users\khami\.vscode\extensions\redhat.java-1.20.0-win32-x64\jre\17.0.7-win32-x86_64\bin\msvcp140.dll
0x00007ffaf2cd0000 - 0x00007ffaf3918000 	c:\Users\khami\.vscode\extensions\redhat.java-1.20.0-win32-x64\jre\17.0.7-win32-x86_64\bin\server\jvm.dll
0x00007ffb9d040000 - 0x00007ffb9d0f0000 	C:\WINDOWS\System32\ADVAPI32.dll
0x00007ffb9cc90000 - 0x00007ffb9cd30000 	C:\WINDOWS\System32\sechost.dll
0x00007ffb9c6b0000 - 0x00007ffb9c7d5000 	C:\WINDOWS\System32\RPCRT4.dll
0x00007ffb96ea0000 - 0x00007ffb96ea9000 	C:\WINDOWS\SYSTEM32\WSOCK32.dll
0x00007ffb9cc10000 - 0x00007ffb9cc83000 	C:\WINDOWS\System32\WS2_32.dll
0x00007ffb94370000 - 0x00007ffb943a4000 	C:\WINDOWS\SYSTEM32\WINMM.dll
0x00007ffb93a40000 - 0x00007ffb93a4a000 	C:\WINDOWS\SYSTEM32\VERSION.dll
0x00007ffb9abb0000 - 0x00007ffb9abc8000 	C:\WINDOWS\SYSTEM32\kernel.appcore.dll
0x00007ffb93d50000 - 0x00007ffb93d5a000 	c:\Users\khami\.vscode\extensions\redhat.java-1.20.0-win32-x64\jre\17.0.7-win32-x86_64\bin\jimage.dll
0x00007ffb99460000 - 0x00007ffb99695000 	C:\WINDOWS\SYSTEM32\DBGHELP.DLL
0x00007ffb9e460000 - 0x00007ffb9e7db000 	C:\WINDOWS\System32\combase.dll
0x00007ffb9e050000 - 0x00007ffb9e125000 	C:\WINDOWS\System32\OLEAUT32.dll
0x00007ffb75f60000 - 0x00007ffb75f98000 	C:\WINDOWS\SYSTEM32\dbgcore.DLL
0x00007ffb9c2e0000 - 0x00007ffb9c361000 	C:\WINDOWS\System32\bcryptPrimitives.dll
0x00007ffb93b30000 - 0x00007ffb93b3e000 	c:\Users\khami\.vscode\extensions\redhat.java-1.20.0-win32-x64\jre\17.0.7-win32-x86_64\bin\instrument.dll
0x00007ffb82090000 - 0x00007ffb820b5000 	c:\Users\khami\.vscode\extensions\redhat.java-1.20.0-win32-x64\jre\17.0.7-win32-x86_64\bin\java.dll
0x00007ffb4a7b0000 - 0x00007ffb4a7c8000 	c:\Users\khami\.vscode\extensions\redhat.java-1.20.0-win32-x64\jre\17.0.7-win32-x86_64\bin\zip.dll
0x00007ffb9d810000 - 0x00007ffb9df83000 	C:\WINDOWS\System32\SHELL32.dll
0x00007ffb999f0000 - 0x00007ffb9a242000 	C:\WINDOWS\SYSTEM32\windows.storage.dll
0x00007ffb9e380000 - 0x00007ffb9e453000 	C:\WINDOWS\System32\SHCORE.dll
0x00007ffb9cfe0000 - 0x00007ffb9d03c000 	C:\WINDOWS\System32\shlwapi.dll
0x00007ffb9bb80000 - 0x00007ffb9bba3000 	C:\WINDOWS\SYSTEM32\profapi.dll
0x00007ffb83470000 - 0x00007ffb83489000 	C:\Users\khami\.vscode\extensions\redhat.java-1.20.0-win32-x64\jre\17.0.7-win32-x86_64\bin\net.dll
0x00007ffb945e0000 - 0x00007ffb946fb000 	C:\WINDOWS\SYSTEM32\WINHTTP.dll
0x00007ffb9b0e0000 - 0x00007ffb9b148000 	C:\WINDOWS\system32\mswsock.dll
0x00007ffb68f10000 - 0x00007ffb68f25000 	C:\Users\khami\.vscode\extensions\redhat.java-1.20.0-win32-x64\jre\17.0.7-win32-x86_64\bin\nio.dll
0x00007ffb88d20000 - 0x00007ffb88d30000 	c:\Users\khami\.vscode\extensions\redhat.java-1.20.0-win32-x64\jre\17.0.7-win32-x86_64\bin\verify.dll
0x00007ffb1e3c0000 - 0x00007ffb1e3fe000 	C:\Users\khami\AppData\Roaming\Code\User\globalStorage\redhat.java\1.20.0\config_ss_win\org.eclipse.equinox.launcher\org.eclipse.equinox.launcher.win32.win32.x86_64_1.2.700.v20221108-1024\eclipse_11801.dll
0x00007ffb9d100000 - 0x00007ffb9d292000 	C:\WINDOWS\System32\ole32.dll
0x00007ffb9b3a0000 - 0x00007ffb9b3bb000 	C:\WINDOWS\SYSTEM32\CRYPTSP.dll
0x00007ffb9aab0000 - 0x00007ffb9aae7000 	C:\WINDOWS\system32\rsaenh.dll
0x00007ffb9b200000 - 0x00007ffb9b22a000 	C:\WINDOWS\SYSTEM32\USERENV.dll
0x00007ffb9b5f0000 - 0x00007ffb9b618000 	C:\WINDOWS\SYSTEM32\bcrypt.dll
0x00007ffb9b3c0000 - 0x00007ffb9b3cc000 	C:\WINDOWS\SYSTEM32\CRYPTBASE.dll
0x00007ffb9a4d0000 - 0x00007ffb9a4ff000 	C:\WINDOWS\SYSTEM32\IPHLPAPI.DLL
0x00007ffb9cfc0000 - 0x00007ffb9cfca000 	C:\WINDOWS\System32\NSI.dll
0x00007ffb948f0000 - 0x00007ffb94909000 	C:\WINDOWS\SYSTEM32\dhcpcsvc6.DLL
0x00007ffb94340000 - 0x00007ffb9435f000 	C:\WINDOWS\SYSTEM32\dhcpcsvc.DLL
0x00007ffb9a550000 - 0x00007ffb9a65f000 	C:\WINDOWS\SYSTEM32\DNSAPI.dll
0x00007ffb07fb0000 - 0x00007ffb07ff5000 	C:\Users\khami\AppData\Local\Temp\jna-102011712\jna3722946290490952475.dll
0x00007ffb9cfd0000 - 0x00007ffb9cfd8000 	C:\WINDOWS\System32\PSAPI.DLL

dbghelp: loaded successfully - version: 4.0.5 - missing functions: none
symbol engine: initialized successfully - sym options: 0x614 - pdb path: .;c:\Users\khami\.vscode\extensions\redhat.java-1.20.0-win32-x64\jre\17.0.7-win32-x86_64\bin;C:\WINDOWS\SYSTEM32;C:\WINDOWS\WinSxS\amd64_microsoft.windows.common-controls_6595b64144ccf1df_6.0.25905.1000_none_87b90b8fab340372;c:\Users\khami\.vscode\extensions\redhat.java-1.20.0-win32-x64\jre\17.0.7-win32-x86_64\bin\server;C:\Users\khami\AppData\Roaming\Code\User\globalStorage\redhat.java\1.20.0\config_ss_win\org.eclipse.equinox.launcher\org.eclipse.equinox.launcher.win32.win32.x86_64_1.2.700.v20221108-1024;C:\Users\khami\AppData\Local\Temp\jna-102011712

VM Arguments:
jvm_args: --add-modules=ALL-SYSTEM --add-opens=java.base/java.util=ALL-UNNAMED --add-opens=java.base/java.lang=ALL-UNNAMED --add-opens=java.base/sun.nio.fs=ALL-UNNAMED -Declipse.application=org.eclipse.jdt.ls.core.id1 -Dosgi.bundles.defaultStartLevel=4 -Declipse.product=org.eclipse.jdt.ls.core.product -Djava.import.generatesMetadataFilesAtProjectRoot=false -Dfile.encoding=utf8 -XX:+UseParallelGC -XX:GCTimeRatio=4 -XX:AdaptiveSizePolicyWeight=90 -Dsun.zip.disableMemoryMapping=true -Xmx1G -Xms100m -Xlog:disable -javaagent:c:\Users\khami\.vscode\extensions\redhat.java-1.20.0-win32-x64\lombok\lombok-1.18.28.jar 
java_command: c:\Users\khami\.vscode\extensions\redhat.java-1.20.0-win32-x64\server\plugins\org.eclipse.equinox.launcher_1.6.500.v20230622-2056.jar -configuration c:\Users\khami\AppData\Roaming\Code\User\globalStorage\redhat.java\1.20.0\config_ss_win -data c:\Users\khami\AppData\Roaming\Code\User\workspaceStorage\6a2d3d3737832186bb7f3db857603596\redhat.java\ss_ws
java_class_path (initial): c:\Users\khami\.vscode\extensions\redhat.java-1.20.0-win32-x64\server\plugins\org.eclipse.equinox.launcher_1.6.500.v20230622-2056.jar
Launcher Type: SUN_STANDARD

[Global flags]
    uintx AdaptiveSizePolicyWeight                 = 90                                        {product} {command line}
     intx CICompilerCount                          = 4                                         {product} {ergonomic}
    uintx GCTimeRatio                              = 4                                         {product} {command line}
   size_t InitialHeapSize                          = 104857600                                 {product} {command line}
   size_t MaxHeapSize                              = 1073741824                                {product} {command line}
   size_t MaxNewSize                               = 357564416                                 {product} {ergonomic}
   size_t MinHeapDeltaBytes                        = 524288                                    {product} {ergonomic}
   size_t MinHeapSize                              = 104857600                                 {product} {command line}
   size_t NewSize                                  = 34603008                                  {product} {ergonomic}
    uintx NonNMethodCodeHeapSize                   = 5839372                                {pd product} {ergonomic}
    uintx NonProfiledCodeHeapSize                  = 122909434                              {pd product} {ergonomic}
   size_t OldSize                                  = 70254592                                  {product} {ergonomic}
    uintx ProfiledCodeHeapSize                     = 122909434                              {pd product} {ergonomic}
    uintx ReservedCodeCacheSize                    = 251658240                              {pd product} {ergonomic}
     bool SegmentedCodeCache                       = true                                      {product} {ergonomic}
   size_t SoftMaxHeapSize                          = 1073741824                             {manageable} {ergonomic}
     bool UseCompressedClassPointers               = true                           {product lp64_product} {ergonomic}
     bool UseCompressedOops                        = true                           {product lp64_product} {ergonomic}
     bool UseLargePagesIndividualAllocation        = false                                  {pd product} {ergonomic}
     bool UseParallelGC                            = true                                      {product} {command line}

Logging:
Log output configuration:
 #0: stdout all=off uptime,level,tags
 #1: stderr all=off uptime,level,tags

Environment Variables:
JAVA_HOME=C:\Program Files\Eclipse Adoptium\jdk-11.0.19.7-hotspot\
PATH=C:\Program Files\Eclipse Adoptium\jdk-11.0.19.7-hotspot\bin;C:\Program Files\Java\jdk-11\bin;C:\Program Files\Common Files\Oracle\Java\javapath;C:\Program Files (x86)\Common Files\Oracle\Java\javapath;C:\Program Files\Microsoft\jdk-11.0.16.101-hotspot\bin;C:\Program Files\Eclipse Adoptium\jdk-8.0.362.9-hotspot\bin;C:\ProgramData\Oracle\Java\javapath;C:\Program Files\Microsoft MPI\Bin\;C:\windows\system32;C:\windows;C:\windows\System32\Wbem;C:\windows\System32\WindowsPowerShell\v1.0\;C:\windows\System32\OpenSSH\;C:\Program Files (x86)\NVIDIA Corporation\PhysX\Common;C:\Program Files\NVIDIA Corporation\NVIDIA NvDLISR;C:\WINDOWS\system32;C:\WINDOWS;C:\WINDOWS\System32\Wbem;C:\WINDOWS\System32\WindowsPowerShell\v1.0\;C:\WINDOWS\System32\OpenSSH\;C:\TDM-GCC-64\bin;C:\Program Files\Microsoft SQL Server\Client SDK\ODBC\170\Tools\Binn\;C:\Program Files (x86)\Microsoft SQL Server\150\Tools\Binn\;C:\Program Files\Microsoft SQL Server\150\Tools\Binn\;C:\Program Files\Microsoft SQL Server\150\DTS\Binn\;C:\Program Files (x86)\Microsoft SQL Server\150\DTS\Binn\;C:\Program Files\dotnet\;C:\Program Files\Git\cmd;C:\Program Files\Calibre2\;C:\Program Files\Cloudflare\Cloudflare WARP\;C:\Program Files\MySQL\MySQL Shell 8.0\bin\;C:\Users\khami\AppData\Local\Microsoft\WindowsApps;C:\Users\khami\AppData\Local\Programs\Microsoft VS Code\bin;;C:\Program Files\Azure Data Studio\bin;C:\Users\khami\.dotnet\tools
USERNAME=khami
OS=Windows_NT
PROCESSOR_IDENTIFIER=Intel64 Family 6 Model 165 Stepping 2, GenuineIntel
TMP=C:\Users\khami\AppData\Local\Temp
TEMP=C:\Users\khami\AppData\Local\Temp



---------------  S Y S T E M  ---------------

OS:
 Windows 11 , 64 bit Build 25905 (10.0.25905.1000)
OS uptime: 0 days 21:52 hours
Hyper-V role detected

CPU: total 12 (initial active 12) (6 cores per cpu, 2 threads per core) family 6 model 165 stepping 2 microcode 0xf0, cx8, cmov, fxsr, ht, mmx, 3dnowpref, sse, sse2, sse3, ssse3, sse4.1, sse4.2, popcnt, lzcnt, tsc, tscinvbit, avx, avx2, aes, erms, clmul, bmi1, bmi2, adx, fma, vzeroupper, clflush, clflushopt, hv

Memory: 4k page, system-wide physical 16160M (3873M free)
TotalPageFile size 16160M (AvailPageFile size 18M)
current process WorkingSet (physical memory assigned to process): 136M, peak: 150M
current process commit charge ("private bytes"): 247M, peak: 263M

vm_info: OpenJDK 64-Bit Server VM (17.0.7+7) for windows-amd64 JRE (17.0.7+7), built on Apr 18 2023 22:10:42 by "temurin" with MS VC++ 16.7 (VS2019)

END.
