#
# There is insufficient memory for the Java Runtime Environment to continue.
# Native memory allocation (malloc) failed to allocate 253536 bytes for Chunk::new
# Possible reasons:
#   The system is out of physical RAM or swap space
#   The process is running with CompressedOops enabled, and the Java Heap may be blocking the growth of the native heap
# Possible solutions:
#   Reduce memory load on the system
#   Increase physical memory or swap space
#   Check if swap backing store is full
#   Decrease Java heap size (-Xmx/-Xms)
#   Decrease number of Java threads
#   Decrease Java thread stack sizes (-Xss)
#   Set larger code cache with -XX:ReservedCodeCacheSize=
#   JVM is running with Unscaled Compressed Oops mode in which the Java heap is
#     placed in the first 4GB address space. The Java Heap base address is the
#     maximum limit for the native heap growth. Please use -XX:HeapBaseMinAddress
#     to set the Java Heap base and to place the Java Heap above 4GB virtual address.
# This output file may be truncated or incomplete.
#
#  Out of Memory Error (arena.cpp:189), pid=20328, tid=3704
#
# JRE version: OpenJDK Runtime Environment Temurin-17.0.7+7 (17.0.7+7) (build 17.0.7+7)
# Java VM: OpenJDK 64-Bit Server VM Temurin-17.0.7+7 (17.0.7+7, mixed mode, tiered, compressed oops, compressed class ptrs, parallel gc, windows-amd64)
# No core dump will be written. Minidumps are not enabled by default on client versions of Windows
#

---------------  S U M M A R Y ------------

Command Line: --add-modules=ALL-SYSTEM --add-opens=java.base/java.util=ALL-UNNAMED --add-opens=java.base/java.lang=ALL-UNNAMED --add-opens=java.base/sun.nio.fs=ALL-UNNAMED -Declipse.application=org.eclipse.jdt.ls.core.id1 -Dosgi.bundles.defaultStartLevel=4 -Declipse.product=org.eclipse.jdt.ls.core.product -Djava.import.generatesMetadataFilesAtProjectRoot=false -Dfile.encoding=utf8 -XX:+UseParallelGC -XX:GCTimeRatio=4 -XX:AdaptiveSizePolicyWeight=90 -Dsun.zip.disableMemoryMapping=true -Xmx1G -Xms100m -Xlog:disable -javaagent:c:\Users\khami\.vscode\extensions\redhat.java-1.20.0-win32-x64\lombok\lombok-1.18.28.jar c:\Users\khami\.vscode\extensions\redhat.java-1.20.0-win32-x64\server\plugins\org.eclipse.equinox.launcher_1.6.500.v20230622-2056.jar -configuration c:\Users\khami\AppData\Roaming\Code\User\globalStorage\redhat.java\1.20.0\config_ss_win -data c:\Users\khami\AppData\Roaming\Code\User\workspaceStorage\6a2d3d3737832186bb7f3db857603596\redhat.java\ss_ws

Host: Intel(R) Core(TM) i7-10750H CPU @ 2.60GHz, 12 cores, 15G,  Windows 11 , 64 bit Build 25905 (10.0.25905.1000)
Time: Wed Jul 19 00:55:51 2023 SE Asia Standard Time elapsed time: 3.215146 seconds (0d 0h 0m 3s)

---------------  T H R E A D  ---------------

Current thread (0x000002203f799300):  JavaThread "C2 CompilerThread1" daemon [_thread_in_native, id=3704, stack(0x000000ba11100000,0x000000ba11200000)]


Current CompileTask:
C2:   3215 1259   !   4       lombok.patcher.ScriptManager$OurClassFileTransformer::transform (364 bytes)

Stack: [0x000000ba11100000,0x000000ba11200000]
Native frames: (J=compiled Java code, j=interpreted, Vv=VM code, C=native code)
V  [jvm.dll+0x67754a]
V  [jvm.dll+0x834304]
V  [jvm.dll+0x835aae]
V  [jvm.dll+0x836113]
V  [jvm.dll+0x24696f]
V  [jvm.dll+0xac0ac]
V  [jvm.dll+0xac67c]
V  [jvm.dll+0x2adbef]
V  [jvm.dll+0x580067]
V  [jvm.dll+0x221e72]
V  [jvm.dll+0x22224f]
V  [jvm.dll+0x21b4a5]
V  [jvm.dll+0x21895b]
V  [jvm.dll+0x1a4d8d]
V  [jvm.dll+0x2284da]
V  [jvm.dll+0x226615]
V  [jvm.dll+0x7ea90b]
V  [jvm.dll+0x7e4e7a]
V  [jvm.dll+0x676395]
C  [ucrtbase.dll+0x609e1]
C  [KERNEL32.DLL+0x124d8]
C  [ntdll.dll+0x4091]


---------------  P R O C E S S  ---------------

Threads class SMR info:
_java_thread_list=0x00000220415107b0, length=15, elements={
0x0000022025c90fc0, 0x0000022025d46000, 0x0000022025d46ac0, 0x0000022025d4b210,
0x0000022025d4bcd0, 0x0000022025d4daa0, 0x000002203f602cb0, 0x000002203f60f620,
0x000002203f60ffd0, 0x000002203f6108d0, 0x000002203f783d30, 0x000002203f799300,
0x000002203f84a540, 0x0000022040ca8920, 0x0000022041574030
}

Java Threads: ( => current thread )
  0x0000022025c90fc0 JavaThread "main" [_thread_in_native, id=3492, stack(0x000000ba10400000,0x000000ba10500000)]
  0x0000022025d46000 JavaThread "Reference Handler" daemon [_thread_blocked, id=4448, stack(0x000000ba10700000,0x000000ba10800000)]
  0x0000022025d46ac0 JavaThread "Finalizer" daemon [_thread_blocked, id=3032, stack(0x000000ba10800000,0x000000ba10900000)]
  0x0000022025d4b210 JavaThread "Signal Dispatcher" daemon [_thread_blocked, id=23960, stack(0x000000ba10900000,0x000000ba10a00000)]
  0x0000022025d4bcd0 JavaThread "Attach Listener" daemon [_thread_blocked, id=9032, stack(0x000000ba10a00000,0x000000ba10b00000)]
  0x0000022025d4daa0 JavaThread "Service Thread" daemon [_thread_blocked, id=18648, stack(0x000000ba10b00000,0x000000ba10c00000)]
  0x000002203f602cb0 JavaThread "Monitor Deflation Thread" daemon [_thread_blocked, id=7720, stack(0x000000ba10c00000,0x000000ba10d00000)]
  0x000002203f60f620 JavaThread "C2 CompilerThread0" daemon [_thread_blocked, id=18816, stack(0x000000ba10d00000,0x000000ba10e00000)]
  0x000002203f60ffd0 JavaThread "C1 CompilerThread0" daemon [_thread_in_native, id=19252, stack(0x000000ba10e00000,0x000000ba10f00000)]
  0x000002203f6108d0 JavaThread "Sweeper thread" daemon [_thread_blocked, id=8488, stack(0x000000ba10f00000,0x000000ba11000000)]
  0x000002203f783d30 JavaThread "Common-Cleaner" daemon [_thread_blocked, id=20188, stack(0x000000ba11000000,0x000000ba11100000)]
=>0x000002203f799300 JavaThread "C2 CompilerThread1" daemon [_thread_in_native, id=3704, stack(0x000000ba11100000,0x000000ba11200000)]
  0x000002203f84a540 JavaThread "Notification Thread" daemon [_thread_blocked, id=16720, stack(0x000000ba11200000,0x000000ba11300000)]
  0x0000022040ca8920 JavaThread "C2 CompilerThread2" daemon [_thread_blocked, id=15232, stack(0x000000ba11400000,0x000000ba11500000)]
  0x0000022041574030 JavaThread "Active Thread: Equinox Container: aca76574-516b-48d2-9543-3a70256867da" [_thread_blocked, id=21592, stack(0x000000ba11b00000,0x000000ba11c00000)]

Other Threads:
  0x000002203f5c1fd0 VMThread "VM Thread" [stack: 0x000000ba10600000,0x000000ba10700000] [id=23992]
  0x000002203f847d10 WatcherThread [stack: 0x000000ba11300000,0x000000ba11400000] [id=15868]
  0x0000022025ca6e60 GCTaskThread "GC Thread#0" [stack: 0x000000ba10500000,0x000000ba10600000] [id=14656]
  0x0000022040f476a0 GCTaskThread "GC Thread#1" [stack: 0x000000ba11500000,0x000000ba11600000] [id=1932]
  0x000002204121eda0 GCTaskThread "GC Thread#2" [stack: 0x000000ba11600000,0x000000ba11700000] [id=18776]
  0x0000022041233160 GCTaskThread "GC Thread#3" [stack: 0x000000ba11700000,0x000000ba11800000] [id=5320]
  0x0000022040f397f0 GCTaskThread "GC Thread#4" [stack: 0x000000ba11800000,0x000000ba11900000] [id=9788]
  0x0000022040f39aa0 GCTaskThread "GC Thread#5" [stack: 0x000000ba11900000,0x000000ba11a00000] [id=20420]
  0x0000022040f39d50 GCTaskThread "GC Thread#6" [stack: 0x000000ba11a00000,0x000000ba11b00000] [id=18880]

Threads with active compile tasks:
C1 CompilerThread0     3238 1297   !   3       java.util.jar.JarVerifier::processEntry (440 bytes)
C2 CompilerThread1     3238 1259   !   4       lombok.patcher.ScriptManager$OurClassFileTransformer::transform (364 bytes)

VM state: not at safepoint (normal execution)

VM Mutex/Monitor currently owned by a thread: None

Heap address: 0x00000000c0000000, size: 1024 MB, Compressed Oops mode: 32-bit

CDS archive(s) not mapped
Compressed class space mapped at: 0x0000000100000000-0x0000000140000000, reserved size: 1073741824
Narrow klass base: 0x0000000000000000, Narrow klass shift: 3, Narrow klass range: 0x140000000

GC Precious Log:
 CPUs: 12 total, 12 available
 Memory: 16160M
 Large Page Support: Disabled
 NUMA Support: Disabled
 Compressed Oops: Enabled (32-bit)
 Alignments: Space 512K, Generation 512K, Heap 2M
 Heap Min Capacity: 100M
 Heap Initial Capacity: 100M
 Heap Max Capacity: 1G
 Pre-touch: Disabled
 Parallel Workers: 10

Heap:
 PSYoungGen      total 29696K, used 16710K [0x00000000eab00000, 0x00000000ecc00000, 0x0000000100000000)
  eden space 25600K, 53% used [0x00000000eab00000,0x00000000eb843740,0x00000000ec400000)
  from space 4096K, 76% used [0x00000000ec400000,0x00000000ec70e3b8,0x00000000ec800000)
  to   space 4096K, 0% used [0x00000000ec800000,0x00000000ec800000,0x00000000ecc00000)
 ParOldGen       total 68608K, used 16K [0x00000000c0000000, 0x00000000c4300000, 0x00000000eab00000)
  object space 68608K, 0% used [0x00000000c0000000,0x00000000c0004000,0x00000000c4300000)
 Metaspace       used 13191K, committed 13376K, reserved 1114112K
  class space    used 1309K, committed 1408K, reserved 1048576K

Card table byte_map: [0x0000022037b50000,0x0000022037d60000] _byte_map_base: 0x0000022037550000

Marking Bits: (ParMarkBitMap*) 0x00007ffaf38552c0
 Begin Bits: [0x0000022037ec0000, 0x0000022038ec0000)
 End Bits:   [0x0000022038ec0000, 0x0000022039ec0000)

Polling page: 0x0000022025d50000

Metaspace:

Usage:
  Non-class:     11.60 MB used.
      Class:      1.28 MB used.
       Both:     12.88 MB used.

Virtual space:
  Non-class space:       64.00 MB reserved,      11.69 MB ( 18%) committed,  1 nodes.
      Class space:        1.00 GB reserved,       1.38 MB ( <1%) committed,  1 nodes.
             Both:        1.06 GB reserved,      13.06 MB (  1%) committed. 

Chunk freelists:
   Non-Class:  3.69 MB
       Class:  14.52 MB
        Both:  18.20 MB

MaxMetaspaceSize: unlimited
CompressedClassSpaceSize: 1.00 GB
Initial GC threshold: 21.00 MB
Current GC threshold: 21.00 MB
CDS: off
MetaspaceReclaimPolicy: balanced
 - commit_granule_bytes: 65536.
 - commit_granule_words: 8192.
 - virtual_space_node_default_size: 8388608.
 - enlarge_chunks_in_place: 1.
 - new_chunks_are_fully_committed: 0.
 - uncommit_free_chunks: 1.
 - use_allocation_guard: 0.
 - handle_deallocations: 1.


Internal statistics:

num_allocs_failed_limit: 0.
num_arena_births: 52.
num_arena_deaths: 0.
num_vsnodes_births: 2.
num_vsnodes_deaths: 0.
num_space_committed: 209.
num_space_uncommitted: 0.
num_chunks_returned_to_freelist: 0.
num_chunks_taken_from_freelist: 200.
num_chunk_merges: 0.
num_chunk_splits: 133.
num_chunks_enlarged: 103.
num_inconsistent_stats: 0.

CodeHeap 'non-profiled nmethods': size=120000Kb used=492Kb max_used=492Kb free=119507Kb
 bounds [0x0000022030440000, 0x00000220306b0000, 0x0000022037970000]
CodeHeap 'profiled nmethods': size=120000Kb used=2331Kb max_used=2331Kb free=117668Kb
 bounds [0x0000022028970000, 0x0000022028be0000, 0x000002202fea0000]
CodeHeap 'non-nmethods': size=5760Kb used=1149Kb max_used=1168Kb free=4610Kb
 bounds [0x000002202fea0000, 0x0000022030110000, 0x0000022030440000]
 total_blobs=1739 nmethods=1294 adapters=359
 compilation: enabled
              stopped_count=0, restarted_count=0
 full_count=0

Compilation events (20 events):
Event: 1.190 Thread 0x000002203f799300 1259   !   4       lombok.patcher.ScriptManager$OurClassFileTransformer::transform (364 bytes)
Event: 1.190 Thread 0x000002203f60ffd0 1260   !   3       jdk.internal.loader.URLClassPath$JarLoader::checkResource (78 bytes)
Event: 1.190 Thread 0x000002203f60ffd0 nmethod 1260 0x0000022028ba4c90 code [0x0000022028ba4ec0, 0x0000022028ba57a8]
Event: 1.196 Thread 0x000002203f60ffd0 1261       3       java.util.zip.InflaterInputStream::<init> (79 bytes)
Event: 1.196 Thread 0x000002203f60ffd0 nmethod 1261 0x0000022028ba5c10 code [0x0000022028ba5e00, 0x0000022028ba6498]
Event: 1.196 Thread 0x000002203f60ffd0 1262       3       java.util.zip.ZipFile$InflaterCleanupAction::<init> (15 bytes)
Event: 1.196 Thread 0x000002203f60ffd0 nmethod 1262 0x0000022028ba6690 code [0x0000022028ba6820, 0x0000022028ba69b8]
Event: 1.196 Thread 0x000002203f60ffd0 1263   !   3       java.util.zip.ZipFile$ZipFileInflaterInputStream::close (67 bytes)
Event: 1.196 Thread 0x000002203f60ffd0 nmethod 1263 0x0000022028ba6a90 code [0x0000022028ba6cc0, 0x0000022028ba74d8]
Event: 1.196 Thread 0x000002203f60ffd0 1264       3       java.util.zip.InflaterInputStream::close (34 bytes)
Event: 1.196 Thread 0x000002203f60ffd0 nmethod 1264 0x0000022028ba7890 code [0x0000022028ba7a40, 0x0000022028ba7cf8]
Event: 1.196 Thread 0x000002203f60ffd0 1265       3       java.util.zip.ZipFile$InflaterCleanupAction::run (12 bytes)
Event: 1.196 Thread 0x000002203f60ffd0 nmethod 1265 0x0000022028ba7e10 code [0x0000022028ba7fc0, 0x0000022028ba8128]
Event: 1.196 Thread 0x000002203f60ffd0 1266   !   3       java.util.zip.ZipFile$CleanableResource::releaseInflater (53 bytes)
Event: 1.197 Thread 0x000002203f60ffd0 nmethod 1266 0x0000022028ba8210 code [0x0000022028ba8400, 0x0000022028ba8828]
Event: 1.197 Thread 0x000002203f60ffd0 1267   !   3       java.util.zip.ZipFile$CleanableResource::getInflater (47 bytes)
Event: 1.197 Thread 0x0000022040ca8920 1269       4       java.lang.StringLatin1::toUpperCase (186 bytes)
Event: 1.197 Thread 0x000002203f60ffd0 nmethod 1267 0x0000022028ba8a90 code [0x0000022028ba8c60, 0x0000022028ba9138]
Event: 1.197 Thread 0x000002203f60ffd0 1268       3       java.util.zip.ZipFile$ZipFileInflaterInputStream::<init> (41 bytes)
Event: 1.197 Thread 0x000002203f60ffd0 nmethod 1268 0x0000022028ba9390 code [0x0000022028ba9560, 0x0000022028ba98f8]

GC Heap History (2 events):
Event: 1.029 GC heap before
{Heap before GC invocations=1 (full 0):
 PSYoungGen      total 29696K, used 25600K [0x00000000eab00000, 0x00000000ecc00000, 0x0000000100000000)
  eden space 25600K, 100% used [0x00000000eab00000,0x00000000ec400000,0x00000000ec400000)
  from space 4096K, 0% used [0x00000000ec800000,0x00000000ec800000,0x00000000ecc00000)
  to   space 4096K, 0% used [0x00000000ec400000,0x00000000ec400000,0x00000000ec800000)
 ParOldGen       total 68608K, used 0K [0x00000000c0000000, 0x00000000c4300000, 0x00000000eab00000)
  object space 68608K, 0% used [0x00000000c0000000,0x00000000c0000000,0x00000000c4300000)
 Metaspace       used 11216K, committed 11392K, reserved 1114112K
  class space    used 1123K, committed 1216K, reserved 1048576K
}
Event: 1.034 GC heap after
{Heap after GC invocations=1 (full 0):
 PSYoungGen      total 29696K, used 3128K [0x00000000eab00000, 0x00000000ecc00000, 0x0000000100000000)
  eden space 25600K, 0% used [0x00000000eab00000,0x00000000eab00000,0x00000000ec400000)
  from space 4096K, 76% used [0x00000000ec400000,0x00000000ec70e3b8,0x00000000ec800000)
  to   space 4096K, 0% used [0x00000000ec800000,0x00000000ec800000,0x00000000ecc00000)
 ParOldGen       total 68608K, used 16K [0x00000000c0000000, 0x00000000c4300000, 0x00000000eab00000)
  object space 68608K, 0% used [0x00000000c0000000,0x00000000c0004000,0x00000000c4300000)
 Metaspace       used 11216K, committed 11392K, reserved 1114112K
  class space    used 1123K, committed 1216K, reserved 1048576K
}

Dll operation events (8 events):
Event: 0.090 Loaded shared library c:\Users\khami\.vscode\extensions\redhat.java-1.20.0-win32-x64\jre\17.0.7-win32-x86_64\bin\java.dll
Event: 0.320 Loaded shared library c:\Users\khami\.vscode\extensions\redhat.java-1.20.0-win32-x64\jre\17.0.7-win32-x86_64\bin\zip.dll
Event: 0.329 Loaded shared library C:\Users\khami\.vscode\extensions\redhat.java-1.20.0-win32-x64\jre\17.0.7-win32-x86_64\bin\instrument.dll
Event: 0.343 Loaded shared library C:\Users\khami\.vscode\extensions\redhat.java-1.20.0-win32-x64\jre\17.0.7-win32-x86_64\bin\net.dll
Event: 0.347 Loaded shared library C:\Users\khami\.vscode\extensions\redhat.java-1.20.0-win32-x64\jre\17.0.7-win32-x86_64\bin\nio.dll
Event: 0.353 Loaded shared library C:\Users\khami\.vscode\extensions\redhat.java-1.20.0-win32-x64\jre\17.0.7-win32-x86_64\bin\zip.dll
Event: 0.366 Loaded shared library C:\Users\khami\.vscode\extensions\redhat.java-1.20.0-win32-x64\jre\17.0.7-win32-x86_64\bin\jimage.dll
Event: 0.423 Loaded shared library c:\Users\khami\.vscode\extensions\redhat.java-1.20.0-win32-x64\jre\17.0.7-win32-x86_64\bin\verify.dll

Deoptimization events (20 events):
Event: 0.932 Thread 0x0000022025c90fc0 DEOPT PACKING pc=0x000002203048a87c sp=0x000000ba104fe570
Event: 0.932 Thread 0x0000022025c90fc0 DEOPT UNPACKING pc=0x000002202fef66a3 sp=0x000000ba104fe408 mode 2
Event: 0.932 Thread 0x0000022025c90fc0 Uncommon trap: trap_request=0xffffff45 fr.pc=0x00000220304836fc relative=0x00000000000002bc
Event: 0.932 Thread 0x0000022025c90fc0 Uncommon trap: reason=unstable_if action=reinterpret pc=0x00000220304836fc method=java.util.HashMap.hash(Ljava/lang/Object;)I @ 1 c2
Event: 0.932 Thread 0x0000022025c90fc0 DEOPT PACKING pc=0x00000220304836fc sp=0x000000ba104fe600
Event: 0.932 Thread 0x0000022025c90fc0 DEOPT UNPACKING pc=0x000002202fef66a3 sp=0x000000ba104fe518 mode 2
Event: 0.932 Thread 0x0000022025c90fc0 Uncommon trap: trap_request=0xffffffde fr.pc=0x00000220304737cc relative=0x000000000000056c
Event: 0.932 Thread 0x0000022025c90fc0 Uncommon trap: reason=class_check action=maybe_recompile pc=0x00000220304737cc method=java.util.Collections$UnmodifiableCollection$1.<init>(Ljava/util/Collections$UnmodifiableCollection;)V @ 17 c2
Event: 0.932 Thread 0x0000022025c90fc0 DEOPT PACKING pc=0x00000220304737cc sp=0x000000ba104fe5c0
Event: 0.932 Thread 0x0000022025c90fc0 DEOPT UNPACKING pc=0x000002202fef66a3 sp=0x000000ba104fe508 mode 2
Event: 0.932 Thread 0x0000022025c90fc0 Uncommon trap: trap_request=0xffffff45 fr.pc=0x0000022030481898 relative=0x0000000000000098
Event: 0.932 Thread 0x0000022025c90fc0 Uncommon trap: reason=unstable_if action=reinterpret pc=0x0000022030481898 method=java.util.HashMap.hash(Ljava/lang/Object;)I @ 1 c2
Event: 0.932 Thread 0x0000022025c90fc0 DEOPT PACKING pc=0x0000022030481898 sp=0x000000ba104fe470
Event: 0.932 Thread 0x0000022025c90fc0 DEOPT UNPACKING pc=0x000002202fef66a3 sp=0x000000ba104fe408 mode 2
Event: 1.028 Thread 0x0000022025c90fc0 DEOPT PACKING pc=0x00000220289ba022 sp=0x000000ba104f9f20
Event: 1.028 Thread 0x0000022025c90fc0 DEOPT UNPACKING pc=0x000002202fef6e43 sp=0x000000ba104f9380 mode 0
Event: 1.089 Thread 0x0000022025c90fc0 Uncommon trap: trap_request=0xffffff45 fr.pc=0x000002203047bb10 relative=0x0000000000000cf0
Event: 1.089 Thread 0x0000022025c90fc0 Uncommon trap: reason=unstable_if action=reinterpret pc=0x000002203047bb10 method=lombok.patcher.PatchScript.classMatches(Ljava/lang/String;Ljava/util/Collection;)Z @ 25 c2
Event: 1.089 Thread 0x0000022025c90fc0 DEOPT PACKING pc=0x000002203047bb10 sp=0x000000ba104f8730
Event: 1.089 Thread 0x0000022025c90fc0 DEOPT UNPACKING pc=0x000002202fef66a3 sp=0x000000ba104f8698 mode 2

Classes unloaded (0 events):
No events

Classes redefined (0 events):
No events

Internal exceptions (20 events):
Event: 0.697 Thread 0x0000022025c90fc0 Exception <a 'java/io/FileNotFoundException'{0x00000000eb7b2f08}> (0x00000000eb7b2f08) 
thrown [s\src\hotspot\share\prims\jni.cpp, line 516]
Event: 0.697 Thread 0x0000022025c90fc0 Exception <a 'java/io/FileNotFoundException'{0x00000000eb7b3bf8}> (0x00000000eb7b3bf8) 
thrown [s\src\hotspot\share\prims\jni.cpp, line 516]
Event: 0.697 Thread 0x0000022025c90fc0 Exception <a 'java/io/FileNotFoundException'{0x00000000eb7b48b8}> (0x00000000eb7b48b8) 
thrown [s\src\hotspot\share\prims\jni.cpp, line 516]
Event: 0.704 Thread 0x0000022025c90fc0 Implicit null exception at 0x0000022030462072 to 0x00000220304625c0
Event: 0.708 Thread 0x0000022025c90fc0 Exception <a 'java/io/FileNotFoundException'{0x00000000eb7ef818}> (0x00000000eb7ef818) 
thrown [s\src\hotspot\share\prims\jni.cpp, line 516]
Event: 0.886 Thread 0x0000022025c90fc0 Exception <a 'java/lang/ClassNotFoundException'{0x00000000ebff2ee0}: sun/net/www/protocol/c/Handler> (0x00000000ebff2ee0) 
thrown [s\src\hotspot\share\classfile\systemDictionary.cpp, line 256]
Event: 0.887 Thread 0x0000022025c90fc0 Exception <a 'java/lang/ClassNotFoundException'{0x00000000ebff4280}: sun/net/www/protocol/d/Handler> (0x00000000ebff4280) 
thrown [s\src\hotspot\share\classfile\systemDictionary.cpp, line 256]
Event: 0.887 Thread 0x0000022025c90fc0 Exception <a 'java/lang/ClassNotFoundException'{0x00000000ebff5498}: sun/net/www/protocol/c/Handler> (0x00000000ebff5498) 
thrown [s\src\hotspot\share\classfile\systemDictionary.cpp, line 256]
Event: 0.894 Thread 0x0000022025c90fc0 Exception <a 'java/io/FileNotFoundException'{0x00000000ec014268}> (0x00000000ec014268) 
thrown [s\src\hotspot\share\prims\jni.cpp, line 516]
Event: 0.932 Thread 0x0000022025c90fc0 Implicit null exception at 0x0000022030481bc0 to 0x0000022030482514
Event: 0.932 Thread 0x0000022025c90fc0 Implicit null exception at 0x000002203048a66c to 0x000002203048a864
Event: 0.932 Thread 0x0000022025c90fc0 Implicit null exception at 0x000002203048348e to 0x00000220304836dc
Event: 0.932 Thread 0x0000022025c90fc0 Implicit null exception at 0x000002203048180f to 0x0000022030481889
Event: 0.993 Thread 0x0000022025c90fc0 Exception <a 'java/lang/NoSuchMethodError'{0x00000000ec2dd8f0}: 'int java.lang.invoke.DirectMethodHandle$Holder.invokeStaticInit(java.lang.Object, java.lang.Object, java.lang.Object, java.lang.Object)'> (0x00000000ec2dd8f0) 
thrown [s\src\hotspot\share\interpreter\linkResolver.cpp, line 759]
Event: 0.994 Thread 0x0000022025c90fc0 Exception <a 'java/lang/NoSuchMethodError'{0x00000000ec2e7f60}: 'java.lang.Object java.lang.invoke.DirectMethodHandle$Holder.invokeInterface(java.lang.Object, java.lang.Object)'> (0x00000000ec2e7f60) 
thrown [s\src\hotspot\share\interpreter\linkResolver.cpp, line 759]
Event: 0.995 Thread 0x0000022025c90fc0 Exception <a 'java/lang/IncompatibleClassChangeError'{0x00000000ec2eb758}: Found class java.lang.Object, but interface was expected> (0x00000000ec2eb758) 
thrown [s\src\hotspot\share\interpreter\linkResolver.cpp, line 826]
Event: 0.995 Thread 0x0000022025c90fc0 Exception <a 'java/lang/NoSuchMethodError'{0x00000000ec2efc50}: 'void java.lang.invoke.DirectMethodHandle$Holder.invokeStatic(java.lang.Object, java.lang.Object)'> (0x00000000ec2efc50) 
thrown [s\src\hotspot\share\interpreter\linkResolver.cpp, line 759]
Event: 0.996 Thread 0x0000022025c90fc0 Exception <a 'java/lang/NoSuchMethodError'{0x00000000ec2f3450}: 'void java.lang.invoke.DirectMethodHandle$Holder.invokeStaticInit(java.lang.Object, java.lang.Object)'> (0x00000000ec2f3450) 
thrown [s\src\hotspot\share\interpreter\linkResolver.cpp, line 759]
Event: 0.996 Thread 0x0000022025c90fc0 Exception <a 'java/lang/NoSuchMethodError'{0x00000000ec2fa868}: 'int java.lang.invoke.DirectMethodHandle$Holder.invokeStaticInit(java.lang.Object, java.lang.Object)'> (0x00000000ec2fa868) 
thrown [s\src\hotspot\share\interpreter\linkResolver.cpp, line 759]
Event: 1.036 Thread 0x0000022025c90fc0 Exception <a 'java/lang/NoSuchMethodError'{0x00000000eab22748}: 'void java.lang.invoke.DirectMethodHandle$Holder.invokeSpecial(java.lang.Object, java.lang.Object, java.lang.Object)'> (0x00000000eab22748) 
thrown [s\src\hotspot\share\interpreter\linkResolver.cpp, line 759]

VM Operations (18 events):
Event: 0.306 Executing VM operation: HandshakeAllThreads
Event: 0.306 Executing VM operation: HandshakeAllThreads done
Event: 0.671 Executing VM operation: HandshakeAllThreads
Event: 0.671 Executing VM operation: HandshakeAllThreads done
Event: 0.689 Executing VM operation: HandshakeAllThreads
Event: 0.689 Executing VM operation: HandshakeAllThreads done
Event: 0.992 Executing VM operation: ICBufferFull
Event: 0.992 Executing VM operation: ICBufferFull done
Event: 1.028 Executing VM operation: ParallelGCFailedAllocation
Event: 1.034 Executing VM operation: ParallelGCFailedAllocation done
Event: 1.186 Executing VM operation: HandshakeAllThreads
Event: 1.186 Executing VM operation: HandshakeAllThreads done
Event: 1.187 Executing VM operation: HandshakeAllThreads
Event: 1.187 Executing VM operation: HandshakeAllThreads done
Event: 1.190 Executing VM operation: HandshakeAllThreads
Event: 1.190 Executing VM operation: HandshakeAllThreads done
Event: 2.196 Executing VM operation: Cleanup
Event: 2.196 Executing VM operation: Cleanup done

Events (20 events):
Event: 1.179 loading class java/util/concurrent/Executors$RunnableAdapter done
Event: 1.180 loading class java/util/concurrent/ThreadPoolExecutor$Worker
Event: 1.180 loading class java/util/concurrent/ThreadPoolExecutor$Worker done
Event: 1.180 loading class java/lang/Thread$State
Event: 1.180 loading class java/lang/Thread$State done
Event: 1.180 Thread 0x0000022041574030 Thread added: 0x0000022041574030
Event: 1.180 loading class java/util/concurrent/TimeUnit$1
Event: 1.180 loading class java/util/concurrent/TimeUnit$1 done
Event: 1.180 loading class java/util/concurrent/locks/AbstractQueuedSynchronizer$ConditionNode
Event: 1.181 loading class java/util/concurrent/locks/AbstractQueuedSynchronizer$Node
Event: 1.181 loading class java/util/concurrent/locks/AbstractQueuedSynchronizer$Node done
Event: 1.181 loading class java/util/concurrent/locks/AbstractQueuedSynchronizer$ConditionNode done
Event: 1.181 loading class java/util/concurrent/locks/AbstractQueuedSynchronizer$ExclusiveNode
Event: 1.181 loading class java/util/concurrent/locks/AbstractQueuedSynchronizer$ExclusiveNode done
Event: 1.181 loading class java/lang/ApplicationShutdownHooks
Event: 1.181 loading class java/lang/ApplicationShutdownHooks done
Event: 1.181 loading class java/lang/ApplicationShutdownHooks$1
Event: 1.181 loading class java/lang/ApplicationShutdownHooks$1 done
Event: 1.190 loading class java/util/ArrayList$ListItr
Event: 1.190 loading class java/util/ArrayList$ListItr done


Dynamic libraries:
0x00007ff755550000 - 0x00007ff75555e000 	c:\Users\khami\.vscode\extensions\redhat.java-1.20.0-win32-x64\jre\17.0.7-win32-x86_64\bin\java.exe
0x00007ffb9e820000 - 0x00007ffb9ea4b000 	C:\WINDOWS\SYSTEM32\ntdll.dll
0x00007ffb9cef0000 - 0x00007ffb9cfb6000 	C:\WINDOWS\System32\KERNEL32.DLL
0x00007ffb9bc50000 - 0x00007ffb9bfae000 	C:\WINDOWS\System32\KERNELBASE.dll
0x00007ffb9bfc0000 - 0x00007ffb9c0f3000 	C:\WINDOWS\System32\ucrtbase.dll
0x00007ffb95830000 - 0x00007ffb95847000 	c:\Users\khami\.vscode\extensions\redhat.java-1.20.0-win32-x64\jre\17.0.7-win32-x86_64\bin\jli.dll
0x00007ffb92f00000 - 0x00007ffb92f19000 	c:\Users\khami\.vscode\extensions\redhat.java-1.20.0-win32-x64\jre\17.0.7-win32-x86_64\bin\VCRUNTIME140.dll
0x00007ffb9e1c0000 - 0x00007ffb9e371000 	C:\WINDOWS\System32\USER32.dll
0x00007ffb7aee0000 - 0x00007ffb7b171000 	C:\WINDOWS\WinSxS\amd64_microsoft.windows.common-controls_6595b64144ccf1df_6.0.25905.1000_none_87b90b8fab340372\COMCTL32.dll
0x00007ffb9c2b0000 - 0x00007ffb9c2d7000 	C:\WINDOWS\System32\win32u.dll
0x00007ffb9c9f0000 - 0x00007ffb9ca97000 	C:\WINDOWS\System32\msvcrt.dll
0x00007ffb9c680000 - 0x00007ffb9c6a9000 	C:\WINDOWS\System32\GDI32.dll
0x00007ffb9c180000 - 0x00007ffb9c29f000 	C:\WINDOWS\System32\gdi32full.dll
0x00007ffb9c5b0000 - 0x00007ffb9c655000 	C:\WINDOWS\System32\msvcp_win.dll
0x00007ffb9e010000 - 0x00007ffb9e040000 	C:\WINDOWS\System32\IMM32.DLL
0x00007ffb989d0000 - 0x00007ffb989dc000 	c:\Users\khami\.vscode\extensions\redhat.java-1.20.0-win32-x64\jre\17.0.7-win32-x86_64\bin\vcruntime140_1.dll
0x00007ffb1f770000 - 0x00007ffb1f801000 	c:\Users\khami\.vscode\extensions\redhat.java-1.20.0-win32-x64\jre\17.0.7-win32-x86_64\bin\msvcp140.dll
0x00007ffaf2cd0000 - 0x00007ffaf3918000 	c:\Users\khami\.vscode\extensions\redhat.java-1.20.0-win32-x64\jre\17.0.7-win32-x86_64\bin\server\jvm.dll
0x00007ffb9d040000 - 0x00007ffb9d0f0000 	C:\WINDOWS\System32\ADVAPI32.dll
0x00007ffb9cc90000 - 0x00007ffb9cd30000 	C:\WINDOWS\System32\sechost.dll
0x00007ffb9c6b0000 - 0x00007ffb9c7d5000 	C:\WINDOWS\System32\RPCRT4.dll
0x00007ffb94370000 - 0x00007ffb943a4000 	C:\WINDOWS\SYSTEM32\WINMM.dll
0x00007ffb93a40000 - 0x00007ffb93a4a000 	C:\WINDOWS\SYSTEM32\VERSION.dll
0x00007ffb96ea0000 - 0x00007ffb96ea9000 	C:\WINDOWS\SYSTEM32\WSOCK32.dll
0x00007ffb9cc10000 - 0x00007ffb9cc83000 	C:\WINDOWS\System32\WS2_32.dll
0x00007ffb9abb0000 - 0x00007ffb9abc8000 	C:\WINDOWS\SYSTEM32\kernel.appcore.dll
0x00007ffb96ec0000 - 0x00007ffb96eca000 	c:\Users\khami\.vscode\extensions\redhat.java-1.20.0-win32-x64\jre\17.0.7-win32-x86_64\bin\jimage.dll
0x00007ffb99460000 - 0x00007ffb99695000 	C:\WINDOWS\SYSTEM32\DBGHELP.DLL
0x00007ffb9e460000 - 0x00007ffb9e7db000 	C:\WINDOWS\System32\combase.dll
0x00007ffb9e050000 - 0x00007ffb9e125000 	C:\WINDOWS\System32\OLEAUT32.dll
0x00007ffb75f60000 - 0x00007ffb75f98000 	C:\WINDOWS\SYSTEM32\dbgcore.DLL
0x00007ffb9c2e0000 - 0x00007ffb9c361000 	C:\WINDOWS\System32\bcryptPrimitives.dll
0x00007ffb93d50000 - 0x00007ffb93d5e000 	c:\Users\khami\.vscode\extensions\redhat.java-1.20.0-win32-x64\jre\17.0.7-win32-x86_64\bin\instrument.dll
0x00007ffb85ba0000 - 0x00007ffb85bc5000 	c:\Users\khami\.vscode\extensions\redhat.java-1.20.0-win32-x64\jre\17.0.7-win32-x86_64\bin\java.dll
0x00007ffb89480000 - 0x00007ffb89498000 	c:\Users\khami\.vscode\extensions\redhat.java-1.20.0-win32-x64\jre\17.0.7-win32-x86_64\bin\zip.dll
0x00007ffb9d810000 - 0x00007ffb9df83000 	C:\WINDOWS\System32\SHELL32.dll
0x00007ffb999f0000 - 0x00007ffb9a242000 	C:\WINDOWS\SYSTEM32\windows.storage.dll
0x00007ffb9e380000 - 0x00007ffb9e453000 	C:\WINDOWS\System32\SHCORE.dll
0x00007ffb9cfe0000 - 0x00007ffb9d03c000 	C:\WINDOWS\System32\shlwapi.dll
0x00007ffb9bb80000 - 0x00007ffb9bba3000 	C:\WINDOWS\SYSTEM32\profapi.dll
0x00007ffb83470000 - 0x00007ffb83489000 	C:\Users\khami\.vscode\extensions\redhat.java-1.20.0-win32-x64\jre\17.0.7-win32-x86_64\bin\net.dll
0x00007ffb945e0000 - 0x00007ffb946fb000 	C:\WINDOWS\SYSTEM32\WINHTTP.dll
0x00007ffb9b0e0000 - 0x00007ffb9b148000 	C:\WINDOWS\system32\mswsock.dll
0x00007ffb820a0000 - 0x00007ffb820b5000 	C:\Users\khami\.vscode\extensions\redhat.java-1.20.0-win32-x64\jre\17.0.7-win32-x86_64\bin\nio.dll
0x00007ffb93b30000 - 0x00007ffb93b40000 	c:\Users\khami\.vscode\extensions\redhat.java-1.20.0-win32-x64\jre\17.0.7-win32-x86_64\bin\verify.dll

dbghelp: loaded successfully - version: 4.0.5 - missing functions: none
symbol engine: initialized successfully - sym options: 0x614 - pdb path: .;c:\Users\khami\.vscode\extensions\redhat.java-1.20.0-win32-x64\jre\17.0.7-win32-x86_64\bin;C:\WINDOWS\SYSTEM32;C:\WINDOWS\WinSxS\amd64_microsoft.windows.common-controls_6595b64144ccf1df_6.0.25905.1000_none_87b90b8fab340372;c:\Users\khami\.vscode\extensions\redhat.java-1.20.0-win32-x64\jre\17.0.7-win32-x86_64\bin\server

VM Arguments:
jvm_args: --add-modules=ALL-SYSTEM --add-opens=java.base/java.util=ALL-UNNAMED --add-opens=java.base/java.lang=ALL-UNNAMED --add-opens=java.base/sun.nio.fs=ALL-UNNAMED -Declipse.application=org.eclipse.jdt.ls.core.id1 -Dosgi.bundles.defaultStartLevel=4 -Declipse.product=org.eclipse.jdt.ls.core.product -Djava.import.generatesMetadataFilesAtProjectRoot=false -Dfile.encoding=utf8 -XX:+UseParallelGC -XX:GCTimeRatio=4 -XX:AdaptiveSizePolicyWeight=90 -Dsun.zip.disableMemoryMapping=true -Xmx1G -Xms100m -Xlog:disable -javaagent:c:\Users\khami\.vscode\extensions\redhat.java-1.20.0-win32-x64\lombok\lombok-1.18.28.jar 
java_command: c:\Users\khami\.vscode\extensions\redhat.java-1.20.0-win32-x64\server\plugins\org.eclipse.equinox.launcher_1.6.500.v20230622-2056.jar -configuration c:\Users\khami\AppData\Roaming\Code\User\globalStorage\redhat.java\1.20.0\config_ss_win -data c:\Users\khami\AppData\Roaming\Code\User\workspaceStorage\6a2d3d3737832186bb7f3db857603596\redhat.java\ss_ws
java_class_path (initial): c:\Users\khami\.vscode\extensions\redhat.java-1.20.0-win32-x64\server\plugins\org.eclipse.equinox.launcher_1.6.500.v20230622-2056.jar
Launcher Type: SUN_STANDARD

[Global flags]
    uintx AdaptiveSizePolicyWeight                 = 90                                        {product} {command line}
     intx CICompilerCount                          = 4                                         {product} {ergonomic}
    uintx GCTimeRatio                              = 4                                         {product} {command line}
   size_t InitialHeapSize                          = 104857600                                 {product} {command line}
   size_t MaxHeapSize                              = 1073741824                                {product} {command line}
   size_t MaxNewSize                               = 357564416                                 {product} {ergonomic}
   size_t MinHeapDeltaBytes                        = 524288                                    {product} {ergonomic}
   size_t MinHeapSize                              = 104857600                                 {product} {command line}
   size_t NewSize                                  = 34603008                                  {product} {ergonomic}
    uintx NonNMethodCodeHeapSize                   = 5839372                                {pd product} {ergonomic}
    uintx NonProfiledCodeHeapSize                  = 122909434                              {pd product} {ergonomic}
   size_t OldSize                                  = 70254592                                  {product} {ergonomic}
    uintx ProfiledCodeHeapSize                     = 122909434                              {pd product} {ergonomic}
    uintx ReservedCodeCacheSize                    = 251658240                              {pd product} {ergonomic}
     bool SegmentedCodeCache                       = true                                      {product} {ergonomic}
   size_t SoftMaxHeapSize                          = 1073741824                             {manageable} {ergonomic}
     bool UseCompressedClassPointers               = true                           {product lp64_product} {ergonomic}
     bool UseCompressedOops                        = true                           {product lp64_product} {ergonomic}
     bool UseLargePagesIndividualAllocation        = false                                  {pd product} {ergonomic}
     bool UseParallelGC                            = true                                      {product} {command line}

Logging:
Log output configuration:
 #0: stdout all=off uptime,level,tags
 #1: stderr all=off uptime,level,tags

Environment Variables:
JAVA_HOME=C:\Program Files\Eclipse Adoptium\jdk-11.0.19.7-hotspot\
PATH=C:\Program Files\Eclipse Adoptium\jdk-11.0.19.7-hotspot\bin;C:\Program Files\Java\jdk-11\bin;C:\Program Files\Common Files\Oracle\Java\javapath;C:\Program Files (x86)\Common Files\Oracle\Java\javapath;C:\Program Files\Microsoft\jdk-11.0.16.101-hotspot\bin;C:\Program Files\Eclipse Adoptium\jdk-8.0.362.9-hotspot\bin;C:\ProgramData\Oracle\Java\javapath;C:\Program Files\Microsoft MPI\Bin\;C:\windows\system32;C:\windows;C:\windows\System32\Wbem;C:\windows\System32\WindowsPowerShell\v1.0\;C:\windows\System32\OpenSSH\;C:\Program Files (x86)\NVIDIA Corporation\PhysX\Common;C:\Program Files\NVIDIA Corporation\NVIDIA NvDLISR;C:\WINDOWS\system32;C:\WINDOWS;C:\WINDOWS\System32\Wbem;C:\WINDOWS\System32\WindowsPowerShell\v1.0\;C:\WINDOWS\System32\OpenSSH\;C:\TDM-GCC-64\bin;C:\Program Files\Microsoft SQL Server\Client SDK\ODBC\170\Tools\Binn\;C:\Program Files (x86)\Microsoft SQL Server\150\Tools\Binn\;C:\Program Files\Microsoft SQL Server\150\Tools\Binn\;C:\Program Files\Microsoft SQL Server\150\DTS\Binn\;C:\Program Files (x86)\Microsoft SQL Server\150\DTS\Binn\;C:\Program Files\dotnet\;C:\Program Files\Git\cmd;C:\Program Files\Calibre2\;C:\Program Files\Cloudflare\Cloudflare WARP\;C:\Program Files\MySQL\MySQL Shell 8.0\bin\;C:\Users\khami\AppData\Local\Microsoft\WindowsApps;C:\Users\khami\AppData\Local\Programs\Microsoft VS Code\bin;;C:\Program Files\Azure Data Studio\bin;C:\Users\khami\.dotnet\tools
USERNAME=khami
OS=Windows_NT
PROCESSOR_IDENTIFIER=Intel64 Family 6 Model 165 Stepping 2, GenuineIntel
TMP=C:\Users\khami\AppData\Local\Temp
TEMP=C:\Users\khami\AppData\Local\Temp



---------------  S Y S T E M  ---------------

OS:
 Windows 11 , 64 bit Build 25905 (10.0.25905.1000)
OS uptime: 0 days 21:52 hours
Hyper-V role detected

CPU: total 12 (initial active 12) (6 cores per cpu, 2 threads per core) family 6 model 165 stepping 2 microcode 0xf0, cx8, cmov, fxsr, ht, mmx, 3dnowpref, sse, sse2, sse3, ssse3, sse4.1, sse4.2, popcnt, lzcnt, tsc, tscinvbit, avx, avx2, aes, erms, clmul, bmi1, bmi2, adx, fma, vzeroupper, clflush, clflushopt, hv

Memory: 4k page, system-wide physical 16160M (3737M free)
TotalPageFile size 16160M (AvailPageFile size 242M)
current process WorkingSet (physical memory assigned to process): 82M, peak: 82M
current process commit charge ("private bytes"): 209M, peak: 209M

vm_info: OpenJDK 64-Bit Server VM (17.0.7+7) for windows-amd64 JRE (17.0.7+7), built on Apr 18 2023 22:10:42 by "temurin" with MS VC++ 16.7 (VS2019)

END.
