#
# There is insufficient memory for the Java Runtime Environment to continue.
# Native memory allocation (malloc) failed to allocate 1048576 bytes for AllocateHeap
# Possible reasons:
#   The system is out of physical RAM or swap space
#   The process is running with CompressedOops enabled, and the Java Heap may be blocking the growth of the native heap
# Possible solutions:
#   Reduce memory load on the system
#   Increase physical memory or swap space
#   Check if swap backing store is full
#   Decrease Java heap size (-Xmx/-Xms)
#   Decrease number of Java threads
#   Decrease Java thread stack sizes (-Xss)
#   Set larger code cache with -XX:ReservedCodeCacheSize=
#   JVM is running with Unscaled Compressed Oops mode in which the Java heap is
#     placed in the first 4GB address space. The Java Heap base address is the
#     maximum limit for the native heap growth. Please use -XX:HeapBaseMinAddress
#     to set the Java Heap base and to place the Java Heap above 4GB virtual address.
# This output file may be truncated or incomplete.
#
#  Out of Memory Error (allocation.cpp:44), pid=12160, tid=6072
#
# JRE version: OpenJDK Runtime Environment Temurin-17.0.7+7 (17.0.7+7) (build 17.0.7+7)
# Java VM: OpenJDK 64-Bit Server VM Temurin-17.0.7+7 (17.0.7+7, mixed mode, emulated-client, tiered, compressed oops, compressed class ptrs, g1 gc, windows-amd64)
# No core dump will be written. Minidumps are not enabled by default on client versions of Windows
#

---------------  S U M M A R Y ------------

Command Line: -XX:+HeapDumpOnOutOfMemoryError -Xmx1024m -Dsts.lsp.client=vscode -Dsts.log.file=/dev/null -XX:TieredStopAtLevel=1 -Xlog:jni+resolve=off -Dspring.config.location=file:c:\Users\khami\.vscode\extensions\vmware.vscode-spring-boot-1.47.0\language-server\BOOT-INF\classes\application.properties org.springframework.ide.vscode.boot.app.BootLanguageServerBootApp

Host: Intel(R) Core(TM) i7-10750H CPU @ 2.60GHz, 12 cores, 15G,  Windows 11 , 64 bit Build 25905 (10.0.25905.1000)
Time: Tue Jul 18 02:34:13 2023 SE Asia Standard Time elapsed time: 4918.465028 seconds (0d 1h 21m 58s)

---------------  T H R E A D  ---------------

Current thread (0x0000026256a9d7c0):  VMThread "VM Thread" [stack: 0x000000fdf2000000,0x000000fdf2100000] [id=6072]

Stack: [0x000000fdf2000000,0x000000fdf2100000]
Native frames: (J=compiled Java code, j=interpreted, Vv=VM code, C=native code)
V  [jvm.dll+0x67754a]
V  [jvm.dll+0x834304]
V  [jvm.dll+0x835aae]
V  [jvm.dll+0x836113]
V  [jvm.dll+0x24696f]
V  [jvm.dll+0xa681f]
V  [jvm.dll+0x2f73f3]
V  [jvm.dll+0x2f30f0]
V  [jvm.dll+0x2db6c7]
V  [jvm.dll+0x31e777]
V  [jvm.dll+0x83a5bb]
V  [jvm.dll+0x83b2f4]
V  [jvm.dll+0x83b80c]
V  [jvm.dll+0x83bbe4]
V  [jvm.dll+0x83bcb0]
V  [jvm.dll+0x7e4e7a]
V  [jvm.dll+0x676395]
C  [ucrtbase.dll+0x609e1]
C  [KERNEL32.DLL+0x124d8]
C  [ntdll.dll+0x4091]

VM_Operation (0x000000fdf3cfeee0): G1CollectFull, mode: safepoint, requested by thread 0x000002625c5dde20


---------------  P R O C E S S  ---------------

Threads class SMR info:
_java_thread_list=0x000002625b789270, length=18, elements={
0x0000026256ab33a0, 0x0000026256ab3e60, 0x0000026256af6130, 0x0000026256af8b00,
0x0000026256af93c0, 0x0000026256afa290, 0x0000026256afae10, 0x0000026256affd50,
0x0000026256d40ee0, 0x0000026256d4e000, 0x000002625c56c080, 0x000002625c5dc050,
0x000002625c5dde20, 0x000002625c5e25f0, 0x000002624958e9a0, 0x000002625c646210,
0x000002625c682510, 0x0000026256d09150
}

Java Threads: ( => current thread )
  0x0000026256ab33a0 JavaThread "Reference Handler" daemon [_thread_blocked, id=3556, stack(0x000000fdf2100000,0x000000fdf2200000)]
  0x0000026256ab3e60 JavaThread "Finalizer" daemon [_thread_blocked, id=8, stack(0x000000fdf2200000,0x000000fdf2300000)]
  0x0000026256af6130 JavaThread "Signal Dispatcher" daemon [_thread_blocked, id=14180, stack(0x000000fdf2300000,0x000000fdf2400000)]
  0x0000026256af8b00 JavaThread "Attach Listener" daemon [_thread_blocked, id=8932, stack(0x000000fdf2400000,0x000000fdf2500000)]
  0x0000026256af93c0 JavaThread "Service Thread" daemon [_thread_blocked, id=19992, stack(0x000000fdf2500000,0x000000fdf2600000)]
  0x0000026256afa290 JavaThread "Monitor Deflation Thread" daemon [_thread_blocked, id=1392, stack(0x000000fdf2600000,0x000000fdf2700000)]
  0x0000026256afae10 JavaThread "C1 CompilerThread0" daemon [_thread_blocked, id=19956, stack(0x000000fdf2700000,0x000000fdf2800000)]
  0x0000026256affd50 JavaThread "Sweeper thread" daemon [_thread_blocked, id=10616, stack(0x000000fdf2800000,0x000000fdf2900000)]
  0x0000026256d40ee0 JavaThread "Notification Thread" daemon [_thread_blocked, id=11612, stack(0x000000fdf2a00000,0x000000fdf2b00000)]
  0x0000026256d4e000 JavaThread "Common-Cleaner" daemon [_thread_blocked, id=3660, stack(0x000000fdf2c00000,0x000000fdf2d00000)]
  0x000002625c56c080 JavaThread "boundedElastic-evictor-1" daemon [_thread_blocked, id=15996, stack(0x000000fdf3400000,0x000000fdf3500000)]
  0x000002625c5dc050 JavaThread "boundedElastic-evictor-2" daemon [_thread_blocked, id=10664, stack(0x000000fdf3b00000,0x000000fdf3c00000)]
  0x000002625c5dde20 JavaThread "pool-10-thread-1" [_thread_blocked, id=11708, stack(0x000000fdf3c00000,0x000000fdf3d00000)]
  0x000002625c5e25f0 JavaThread "LanguageServerApp-lifecycle" [_thread_blocked, id=22592, stack(0x000000fdf3d00000,0x000000fdf3e00000)]
  0x000002624958e9a0 JavaThread "DestroyJavaVM" [_thread_blocked, id=21460, stack(0x000000fdf1a00000,0x000000fdf1b00000)]
  0x000002625c646210 JavaThread "pool-11-thread-1" [_thread_in_native, id=5636, stack(0x000000fdf3e00000,0x000000fdf3f00000)]
  0x000002625c682510 JavaThread "Simple-Language-Server main thread" daemon [_thread_blocked, id=22472, stack(0x000000fdf3f00000,0x000000fdf4000000)]
  0x0000026256d09150 JavaThread "pool-6-thread-1" [_thread_blocked, id=1940, stack(0x000000fdf2900000,0x000000fdf2a00000)]

Other Threads:
=>0x0000026256a9d7c0 VMThread "VM Thread" [stack: 0x000000fdf2000000,0x000000fdf2100000] [id=6072]
  0x000002624b02b710 WatcherThread [stack: 0x000000fdf2b00000,0x000000fdf2c00000] [id=22248]
  0x000002624b0092f0 GCTaskThread "GC Thread#0" [stack: 0x000000fdf1b00000,0x000000fdf1c00000] [id=22424]
  0x000002625ba8bbd0 GCTaskThread "GC Thread#1" [stack: 0x000000fdf2d00000,0x000000fdf2e00000] [id=22116]
  0x000002625ba8be80 GCTaskThread "GC Thread#2" [stack: 0x000000fdf2e00000,0x000000fdf2f00000] [id=1644]
  0x000002625ba8c130 GCTaskThread "GC Thread#3" [stack: 0x000000fdf2f00000,0x000000fdf3000000] [id=12884]
  0x000002625bab8ee0 GCTaskThread "GC Thread#4" [stack: 0x000000fdf3000000,0x000000fdf3100000] [id=3312]
  0x000002625bab9190 GCTaskThread "GC Thread#5" [stack: 0x000000fdf3100000,0x000000fdf3200000] [id=22580]
  0x000002625bd79a40 GCTaskThread "GC Thread#6" [stack: 0x000000fdf3200000,0x000000fdf3300000] [id=22600]
  0x000002625bd79cf0 GCTaskThread "GC Thread#7" [stack: 0x000000fdf3300000,0x000000fdf3400000] [id=16848]
  0x000002625be19920 GCTaskThread "GC Thread#8" [stack: 0x000000fdf3700000,0x000000fdf3800000] [id=6300]
  0x000002625bdeae30 GCTaskThread "GC Thread#9" [stack: 0x000000fdf3800000,0x000000fdf3900000] [id=6176]
  0x000002624b012e10 ConcurrentGCThread "G1 Main Marker" [stack: 0x000000fdf1c00000,0x000000fdf1d00000] [id=16996]
  0x000002624b013ed0 ConcurrentGCThread "G1 Conc#0" [stack: 0x000000fdf1d00000,0x000000fdf1e00000] [id=9484]
  0x000002625bf52450 ConcurrentGCThread "G1 Conc#1" [stack: 0x000000fdf3900000,0x000000fdf3a00000] [id=5368]
  0x000002625bf52700 ConcurrentGCThread "G1 Conc#2" [stack: 0x000000fdf3a00000,0x000000fdf3b00000] [id=416]
  0x000002624b07e800 ConcurrentGCThread "G1 Refine#0" [stack: 0x000000fdf1e00000,0x000000fdf1f00000] [id=7980]
  0x00000262568fe550 ConcurrentGCThread "G1 Service" [stack: 0x000000fdf1f00000,0x000000fdf2000000] [id=20776]

Threads with active compile tasks:

VM state: at safepoint (normal execution)

VM Mutex/Monitor currently owned by a thread:  ([mutex/lock_event])
[0x00000262494d0b20] Threads_lock - owner thread: 0x0000026256a9d7c0
[0x000002624afc8d70] Heap_lock - owner thread: 0x000002625c5dde20

Heap address: 0x00000000c0000000, size: 1024 MB, Compressed Oops mode: 32-bit

CDS archive(s) not mapped
Compressed class space mapped at: 0x0000000100000000-0x0000000140000000, reserved size: 1073741824
Narrow klass base: 0x0000000000000000, Narrow klass shift: 3, Narrow klass range: 0x140000000

GC Precious Log:
 CPUs: 12 total, 12 available
 Memory: 16160M
 Large Page Support: Disabled
 NUMA Support: Disabled
 Compressed Oops: Enabled (32-bit)
 Heap Region Size: 1M
 Heap Min Capacity: 8M
 Heap Initial Capacity: 254M
 Heap Max Capacity: 1G
 Pre-touch: Disabled
 Parallel Workers: 10
 Concurrent Workers: 3
 Concurrent Refinement Workers: 10
 Periodic GC: Disabled

Heap:
 garbage-first heap   total 65536K, used 18360K [0x00000000c0000000, 0x0000000100000000)
  region size 1024K, 1 young (1024K), 0 survivors (0K)
 Metaspace       used 37326K, committed 37696K, reserved 1114112K
  class space    used 4853K, committed 4992K, reserved 1048576K

Heap Regions: E=young(eden), S=young(survivor), O=old, HS=humongous(starts), HC=humongous(continues), CS=collection set, F=free, OA=open archive, CA=closed archive, TAMS=top-at-mark-start (previous, next)
|   0|0x00000000c0000000, 0x00000000c0100000, 0x00000000c0100000|100%|HS|  |TAMS 0x00000000c0100000, 0x00000000c0000000| Untracked 
|   1|0x00000000c0100000, 0x00000000c0200000, 0x00000000c0200000|100%| O|  |TAMS 0x00000000c0200000, 0x00000000c0100000| Untracked 
|   2|0x00000000c0200000, 0x00000000c02ffff8, 0x00000000c0300000| 99%| O|  |TAMS 0x00000000c02ffff8, 0x00000000c0200000| Untracked 
|   3|0x00000000c0300000, 0x00000000c0400000, 0x00000000c0400000|100%| O|  |TAMS 0x00000000c0400000, 0x00000000c0300000| Untracked 
|   4|0x00000000c0400000, 0x00000000c0500000, 0x00000000c0500000|100%| O|  |TAMS 0x00000000c0500000, 0x00000000c0400000| Untracked 
|   5|0x00000000c0500000, 0x00000000c0600000, 0x00000000c0600000|100%| O|  |TAMS 0x00000000c0600000, 0x00000000c0500000| Untracked 
|   6|0x00000000c0600000, 0x00000000c06f86c0, 0x00000000c0700000| 97%| O|  |TAMS 0x00000000c06f86c0, 0x00000000c0600000| Untracked 
|   7|0x00000000c0700000, 0x00000000c07ffff0, 0x00000000c0800000| 99%| O|  |TAMS 0x00000000c07ffff0, 0x00000000c0700000| Untracked 
|   8|0x00000000c0800000, 0x00000000c0900000, 0x00000000c0900000|100%| O|  |TAMS 0x00000000c0900000, 0x00000000c0800000| Untracked 
|   9|0x00000000c0900000, 0x00000000c09ffd00, 0x00000000c0a00000| 99%| O|  |TAMS 0x00000000c09ffd00, 0x00000000c0900000| Untracked 
|  10|0x00000000c0a00000, 0x00000000c0afffa8, 0x00000000c0b00000| 99%| O|  |TAMS 0x00000000c0afffa8, 0x00000000c0a00000| Untracked 
|  11|0x00000000c0b00000, 0x00000000c0bfffe8, 0x00000000c0c00000| 99%| O|  |TAMS 0x00000000c0bfffe8, 0x00000000c0b00000| Untracked 
|  12|0x00000000c0c00000, 0x00000000c0cffff8, 0x00000000c0d00000| 99%| O|  |TAMS 0x00000000c0cffff8, 0x00000000c0c00000| Untracked 
|  13|0x00000000c0d00000, 0x00000000c0dfda48, 0x00000000c0e00000| 99%| O|  |TAMS 0x00000000c0dfda48, 0x00000000c0d00000| Untracked 
|  14|0x00000000c0e00000, 0x00000000c0effff0, 0x00000000c0f00000| 99%| O|  |TAMS 0x00000000c0effff0, 0x00000000c0e00000| Untracked 
|  15|0x00000000c0f00000, 0x00000000c0ffffe0, 0x00000000c1000000| 99%| O|  |TAMS 0x00000000c0ffffe0, 0x00000000c0f00000| Untracked 
|  16|0x00000000c1000000, 0x00000000c1100000, 0x00000000c1100000|100%| O|  |TAMS 0x00000000c1100000, 0x00000000c1000000| Untracked 
|  17|0x00000000c1100000, 0x00000000c1183ec0, 0x00000000c1200000| 51%| O|  |TAMS 0x00000000c1100000, 0x00000000c1100000| Untracked 
|  18|0x00000000c1200000, 0x00000000c1274530, 0x00000000c1300000| 45%| O|  |TAMS 0x00000000c1200000, 0x00000000c1200000| Untracked 
|  19|0x00000000c1300000, 0x00000000c1300000, 0x00000000c1400000|  0%| F|  |TAMS 0x00000000c1300000, 0x00000000c1300000| Untracked 
|  20|0x00000000c1400000, 0x00000000c1400000, 0x00000000c1500000|  0%| F|  |TAMS 0x00000000c1400000, 0x00000000c1400000| Untracked 
|  21|0x00000000c1500000, 0x00000000c1500000, 0x00000000c1600000|  0%| F|  |TAMS 0x00000000c1500000, 0x00000000c1500000| Untracked 
|  22|0x00000000c1600000, 0x00000000c1600000, 0x00000000c1700000|  0%| F|  |TAMS 0x00000000c1600000, 0x00000000c1600000| Untracked 
|  23|0x00000000c1700000, 0x00000000c1700000, 0x00000000c1800000|  0%| F|  |TAMS 0x00000000c1700000, 0x00000000c1700000| Untracked 
|  24|0x00000000c1800000, 0x00000000c1800000, 0x00000000c1900000|  0%| F|  |TAMS 0x00000000c1800000, 0x00000000c1800000| Untracked 
|  25|0x00000000c1900000, 0x00000000c1900000, 0x00000000c1a00000|  0%| F|  |TAMS 0x00000000c1900000, 0x00000000c1900000| Untracked 
|  26|0x00000000c1a00000, 0x00000000c1a00000, 0x00000000c1b00000|  0%| F|  |TAMS 0x00000000c1a00000, 0x00000000c1a00000| Untracked 
|  27|0x00000000c1b00000, 0x00000000c1b00000, 0x00000000c1c00000|  0%| F|  |TAMS 0x00000000c1b00000, 0x00000000c1b00000| Untracked 
|  28|0x00000000c1c00000, 0x00000000c1c00000, 0x00000000c1d00000|  0%| F|  |TAMS 0x00000000c1c00000, 0x00000000c1c00000| Untracked 
|  29|0x00000000c1d00000, 0x00000000c1d00000, 0x00000000c1e00000|  0%| F|  |TAMS 0x00000000c1d00000, 0x00000000c1d00000| Untracked 
|  30|0x00000000c1e00000, 0x00000000c1e00000, 0x00000000c1f00000|  0%| F|  |TAMS 0x00000000c1e00000, 0x00000000c1e00000| Untracked 
|  31|0x00000000c1f00000, 0x00000000c1f00000, 0x00000000c2000000|  0%| F|  |TAMS 0x00000000c1f00000, 0x00000000c1f00000| Untracked 
|  32|0x00000000c2000000, 0x00000000c2000000, 0x00000000c2100000|  0%| F|  |TAMS 0x00000000c2000000, 0x00000000c2000000| Untracked 
|  33|0x00000000c2100000, 0x00000000c2100000, 0x00000000c2200000|  0%| F|  |TAMS 0x00000000c2100000, 0x00000000c2100000| Untracked 
|  34|0x00000000c2200000, 0x00000000c2200000, 0x00000000c2300000|  0%| F|  |TAMS 0x00000000c2200000, 0x00000000c2200000| Untracked 
|  35|0x00000000c2300000, 0x00000000c2300000, 0x00000000c2400000|  0%| F|  |TAMS 0x00000000c2300000, 0x00000000c2300000| Untracked 
|  36|0x00000000c2400000, 0x00000000c2400000, 0x00000000c2500000|  0%| F|  |TAMS 0x00000000c2400000, 0x00000000c2400000| Untracked 
|  37|0x00000000c2500000, 0x00000000c2500000, 0x00000000c2600000|  0%| F|  |TAMS 0x00000000c2500000, 0x00000000c2500000| Untracked 
|  38|0x00000000c2600000, 0x00000000c2600000, 0x00000000c2700000|  0%| F|  |TAMS 0x00000000c2600000, 0x00000000c2600000| Untracked 
|  39|0x00000000c2700000, 0x00000000c2700000, 0x00000000c2800000|  0%| F|  |TAMS 0x00000000c2700000, 0x00000000c2700000| Untracked 
|  40|0x00000000c2800000, 0x00000000c2800000, 0x00000000c2900000|  0%| F|  |TAMS 0x00000000c2800000, 0x00000000c2800000| Untracked 
|  41|0x00000000c2900000, 0x00000000c2900000, 0x00000000c2a00000|  0%| F|  |TAMS 0x00000000c2900000, 0x00000000c2900000| Untracked 
|  42|0x00000000c2a00000, 0x00000000c2a00000, 0x00000000c2b00000|  0%| F|  |TAMS 0x00000000c2a00000, 0x00000000c2a00000| Untracked 
|  43|0x00000000c2b00000, 0x00000000c2b00000, 0x00000000c2c00000|  0%| F|  |TAMS 0x00000000c2b00000, 0x00000000c2b00000| Untracked 
|  44|0x00000000c2c00000, 0x00000000c2c00000, 0x00000000c2d00000|  0%| F|  |TAMS 0x00000000c2c00000, 0x00000000c2c00000| Untracked 
|  45|0x00000000c2d00000, 0x00000000c2d00000, 0x00000000c2e00000|  0%| F|  |TAMS 0x00000000c2d00000, 0x00000000c2d00000| Untracked 
|  46|0x00000000c2e00000, 0x00000000c2e00000, 0x00000000c2f00000|  0%| F|  |TAMS 0x00000000c2e00000, 0x00000000c2e00000| Untracked 
|  47|0x00000000c2f00000, 0x00000000c2f00000, 0x00000000c3000000|  0%| F|  |TAMS 0x00000000c2f00000, 0x00000000c2f00000| Untracked 
|  48|0x00000000c3000000, 0x00000000c3000000, 0x00000000c3100000|  0%| F|  |TAMS 0x00000000c3000000, 0x00000000c3000000| Untracked 
|  49|0x00000000c3100000, 0x00000000c3100000, 0x00000000c3200000|  0%| F|  |TAMS 0x00000000c3100000, 0x00000000c3100000| Untracked 
|  50|0x00000000c3200000, 0x00000000c3200000, 0x00000000c3300000|  0%| F|  |TAMS 0x00000000c3200000, 0x00000000c3200000| Untracked 
|  51|0x00000000c3300000, 0x00000000c3300000, 0x00000000c3400000|  0%| F|  |TAMS 0x00000000c3300000, 0x00000000c3300000| Untracked 
|  52|0x00000000c3400000, 0x00000000c3400000, 0x00000000c3500000|  0%| F|  |TAMS 0x00000000c3400000, 0x00000000c3400000| Untracked 
|  53|0x00000000c3500000, 0x00000000c3500000, 0x00000000c3600000|  0%| F|  |TAMS 0x00000000c3500000, 0x00000000c3500000| Untracked 
|  54|0x00000000c3600000, 0x00000000c3600000, 0x00000000c3700000|  0%| F|  |TAMS 0x00000000c3600000, 0x00000000c3600000| Untracked 
|  55|0x00000000c3700000, 0x00000000c3700000, 0x00000000c3800000|  0%| F|  |TAMS 0x00000000c3700000, 0x00000000c3700000| Untracked 
|  56|0x00000000c3800000, 0x00000000c3800000, 0x00000000c3900000|  0%| F|  |TAMS 0x00000000c3800000, 0x00000000c3800000| Untracked 
|  57|0x00000000c3900000, 0x00000000c3900000, 0x00000000c3a00000|  0%| F|  |TAMS 0x00000000c3900000, 0x00000000c3900000| Untracked 
|  58|0x00000000c3a00000, 0x00000000c3a00000, 0x00000000c3b00000|  0%| F|  |TAMS 0x00000000c3a00000, 0x00000000c3a00000| Untracked 
|  59|0x00000000c3b00000, 0x00000000c3b00000, 0x00000000c3c00000|  0%| F|  |TAMS 0x00000000c3b00000, 0x00000000c3b00000| Untracked 
|  60|0x00000000c3c00000, 0x00000000c3c00000, 0x00000000c3d00000|  0%| F|  |TAMS 0x00000000c3c00000, 0x00000000c3c00000| Untracked 
|  61|0x00000000c3d00000, 0x00000000c3d00000, 0x00000000c3e00000|  0%| F|  |TAMS 0x00000000c3d00000, 0x00000000c3d00000| Untracked 
|  62|0x00000000c3e00000, 0x00000000c3e00000, 0x00000000c3f00000|  0%| F|  |TAMS 0x00000000c3e00000, 0x00000000c3e00000| Untracked 
|  63|0x00000000c3f00000, 0x00000000c3f060d0, 0x00000000c4000000|  2%| E|  |TAMS 0x00000000c3f00000, 0x00000000c3f00000| Complete 

Card table byte_map: [0x0000026251990000,0x0000026251b90000] _byte_map_base: 0x0000026251390000

Marking Bits (Prev, Next): (CMBitMap*) 0x000002624b009810, (CMBitMap*) 0x000002624b009850
 Prev Bits: [0x0000026251d90000, 0x0000026252d90000)
 Next Bits: [0x0000026252d90000, 0x0000026253d90000)

Polling page: 0x0000026249780000

Metaspace:

Usage:
  Non-class:     31.71 MB used.
      Class:      4.74 MB used.
       Both:     36.45 MB used.

Virtual space:
  Non-class space:       64.00 MB reserved,      31.94 MB ( 50%) committed,  1 nodes.
      Class space:        1.00 GB reserved,       4.88 MB ( <1%) committed,  1 nodes.
             Both:        1.06 GB reserved,      36.81 MB (  3%) committed. 

Chunk freelists:
   Non-Class:  15.41 MB
       Class:  11.02 MB
        Both:  26.43 MB

MaxMetaspaceSize: unlimited
CompressedClassSpaceSize: 1.00 GB
Initial GC threshold: 21.00 MB
Current GC threshold: 61.19 MB
CDS: off
MetaspaceReclaimPolicy: balanced
 - commit_granule_bytes: 65536.
 - commit_granule_words: 8192.
 - virtual_space_node_default_size: 8388608.
 - enlarge_chunks_in_place: 1.
 - new_chunks_are_fully_committed: 0.
 - uncommit_free_chunks: 1.
 - use_allocation_guard: 0.
 - handle_deallocations: 1.


Internal statistics:

num_allocs_failed_limit: 6.
num_arena_births: 534.
num_arena_deaths: 144.
num_vsnodes_births: 2.
num_vsnodes_deaths: 0.
num_space_committed: 589.
num_space_uncommitted: 0.
num_chunks_returned_to_freelist: 172.
num_chunks_taken_from_freelist: 1684.
num_chunk_merges: 52.
num_chunk_splits: 1096.
num_chunks_enlarged: 804.
num_inconsistent_stats: 0.

CodeCache: size=49152Kb used=7641Kb max_used=8805Kb free=41510Kb
 bounds [0x000002624dcf0000, 0x000002624e600000, 0x0000026250cf0000]
 total_blobs=4677 nmethods=4140 adapters=464
 compilation: enabled
              stopped_count=0, restarted_count=0
 full_count=0

Compilation events (20 events):
Event: 3524.799 Thread 0x0000026256afae10 4129       1       org.eclipse.lsp4j.TextDocumentContentChangeEvent::getText (5 bytes)
Event: 3524.799 Thread 0x0000026256afae10 nmethod 4129 0x000002624e1a0310 code [0x000002624e1a04a0, 0x000002624e1a0578]
Event: 3527.723 Thread 0x0000026256afae10 4131   !   1       java.util.regex.Pattern::matcher (44 bytes)
Event: 3527.724 Thread 0x0000026256afae10 nmethod 4131 0x000002624e19fd90 code [0x000002624e19ff40, 0x000002624e1a01b8]
Event: 3527.724 Thread 0x0000026256afae10 4132       1       java.util.regex.Matcher::<init> (95 bytes)
Event: 3527.725 Thread 0x0000026256afae10 nmethod 4132 0x000002624e19f610 code [0x000002624e19f7c0, 0x000002624e19fc88]
Event: 3537.226 Thread 0x0000026256afae10 4133       1       java.util.concurrent.ForkJoinPool::compareAndExchangeCtl (10 bytes)
Event: 3537.226 Thread 0x0000026256afae10 nmethod 4133 0x000002624e19f110 code [0x000002624e19f2c0, 0x000002624e19f4c8]
Event: 3537.226 Thread 0x0000026256afae10 4134       1       java.lang.invoke.VarHandleGuards::guard_LJJ_J (88 bytes)
Event: 3537.227 Thread 0x0000026256afae10 nmethod 4134 0x000002624e19da90 code [0x000002624e19dd20, 0x000002624e19e7c8]
Event: 3537.227 Thread 0x0000026256afae10 4135       1       java.lang.invoke.VarHandleLongs$FieldInstanceReadWrite::compareAndExchange (33 bytes)
Event: 3537.227 Thread 0x0000026256afae10 nmethod 4135 0x000002624e19d410 code [0x000002624e19d5e0, 0x000002624e19d8b8]
Event: 3538.290 Thread 0x0000026256afae10 4137       1       org.eclipse.lsp4j.DocumentSymbolParams::getTextDocument (5 bytes)
Event: 3538.290 Thread 0x0000026256afae10 nmethod 4137 0x000002624e19d110 code [0x000002624e19d2a0, 0x000002624e19d378]
Event: 3636.234 Thread 0x0000026256afae10 4138       1       com.google.common.collect.ImmutableList$Builder::getReadyToExpandTo (66 bytes)
Event: 3636.234 Thread 0x0000026256afae10 nmethod 4138 0x000002624e19cb90 code [0x000002624e19cd60, 0x000002624e19cfc8]
Event: 3733.651 Thread 0x0000026256afae10 4139       1       ch.qos.logback.classic.Logger::info (15 bytes)
Event: 3733.651 Thread 0x0000026256afae10 nmethod 4139 0x000002624e19c890 code [0x000002624e19ca20, 0x000002624e19cb28]
Event: 4240.671 Thread 0x0000026256afae10 4140       1       java.util.concurrent.ConcurrentHashMap::size (31 bytes)
Event: 4240.671 Thread 0x0000026256afae10 nmethod 4140 0x000002624e19c510 code [0x000002624e19c6c0, 0x000002624e19c828]

GC Heap History (20 events):
Event: 3812.114 GC heap before
{Heap before GC invocations=61 (full 3):
 garbage-first heap   total 65536K, used 54282K [0x00000000c0000000, 0x0000000100000000)
  region size 1024K, 36 young (36864K), 1 survivors (1024K)
 Metaspace       used 37337K, committed 37696K, reserved 1114112K
  class space    used 4856K, committed 4992K, reserved 1048576K
}
Event: 3812.115 GC heap after
{Heap after GC invocations=62 (full 3):
 garbage-first heap   total 65536K, used 18472K [0x00000000c0000000, 0x0000000100000000)
  region size 1024K, 1 young (1024K), 1 survivors (1024K)
 Metaspace       used 37337K, committed 37696K, reserved 1114112K
  class space    used 4856K, committed 4992K, reserved 1048576K
}
Event: 4172.559 GC heap before
{Heap before GC invocations=62 (full 3):
 garbage-first heap   total 65536K, used 54312K [0x00000000c0000000, 0x0000000100000000)
  region size 1024K, 36 young (36864K), 1 survivors (1024K)
 Metaspace       used 37337K, committed 37696K, reserved 1114112K
  class space    used 4856K, committed 4992K, reserved 1048576K
}
Event: 4172.560 GC heap after
{Heap after GC invocations=63 (full 3):
 garbage-first heap   total 65536K, used 18486K [0x00000000c0000000, 0x0000000100000000)
  region size 1024K, 1 young (1024K), 1 survivors (1024K)
 Metaspace       used 37337K, committed 37696K, reserved 1114112K
  class space    used 4856K, committed 4992K, reserved 1048576K
}
Event: 4535.998 GC heap before
{Heap before GC invocations=63 (full 3):
 garbage-first heap   total 65536K, used 54326K [0x00000000c0000000, 0x0000000100000000)
  region size 1024K, 36 young (36864K), 1 survivors (1024K)
 Metaspace       used 37337K, committed 37696K, reserved 1114112K
  class space    used 4856K, committed 4992K, reserved 1048576K
}
Event: 4535.999 GC heap after
{Heap after GC invocations=64 (full 3):
 garbage-first heap   total 65536K, used 18489K [0x00000000c0000000, 0x0000000100000000)
  region size 1024K, 1 young (1024K), 1 survivors (1024K)
 Metaspace       used 37337K, committed 37696K, reserved 1114112K
  class space    used 4856K, committed 4992K, reserved 1048576K
}
Event: 4806.546 GC heap before
{Heap before GC invocations=64 (full 3):
 garbage-first heap   total 65536K, used 38969K [0x00000000c0000000, 0x0000000100000000)
  region size 1024K, 22 young (22528K), 1 survivors (1024K)
 Metaspace       used 37337K, committed 37696K, reserved 1114112K
  class space    used 4856K, committed 4992K, reserved 1048576K
}
Event: 4806.569 GC heap after
{Heap after GC invocations=65 (full 4):
 garbage-first heap   total 65536K, used 18361K [0x00000000c0000000, 0x0000000100000000)
  region size 1024K, 0 young (0K), 0 survivors (0K)
 Metaspace       used 37326K, committed 37696K, reserved 1114112K
  class space    used 4853K, committed 4992K, reserved 1048576K
}
Event: 4816.691 GC heap before
{Heap before GC invocations=65 (full 4):
 garbage-first heap   total 65536K, used 18361K [0x00000000c0000000, 0x0000000100000000)
  region size 1024K, 1 young (1024K), 0 survivors (0K)
 Metaspace       used 37326K, committed 37696K, reserved 1114112K
  class space    used 4853K, committed 4992K, reserved 1048576K
}
Event: 4816.702 GC heap after
{Heap after GC invocations=66 (full 5):
 garbage-first heap   total 65536K, used 18361K [0x00000000c0000000, 0x0000000100000000)
  region size 1024K, 0 young (0K), 0 survivors (0K)
 Metaspace       used 37326K, committed 37696K, reserved 1114112K
  class space    used 4853K, committed 4992K, reserved 1048576K
}
Event: 4826.823 GC heap before
{Heap before GC invocations=66 (full 5):
 garbage-first heap   total 65536K, used 18361K [0x00000000c0000000, 0x0000000100000000)
  region size 1024K, 1 young (1024K), 0 survivors (0K)
 Metaspace       used 37326K, committed 37696K, reserved 1114112K
  class space    used 4853K, committed 4992K, reserved 1048576K
}
Event: 4826.837 GC heap after
{Heap after GC invocations=67 (full 6):
 garbage-first heap   total 65536K, used 18361K [0x00000000c0000000, 0x0000000100000000)
  region size 1024K, 0 young (0K), 0 survivors (0K)
 Metaspace       used 37326K, committed 37696K, reserved 1114112K
  class space    used 4853K, committed 4992K, reserved 1048576K
}
Event: 4866.975 GC heap before
{Heap before GC invocations=67 (full 6):
 garbage-first heap   total 65536K, used 18361K [0x00000000c0000000, 0x0000000100000000)
  region size 1024K, 1 young (1024K), 0 survivors (0K)
 Metaspace       used 37326K, committed 37696K, reserved 1114112K
  class space    used 4853K, committed 4992K, reserved 1048576K
}
Event: 4866.989 GC heap after
{Heap after GC invocations=68 (full 7):
 garbage-first heap   total 65536K, used 18361K [0x00000000c0000000, 0x0000000100000000)
  region size 1024K, 0 young (0K), 0 survivors (0K)
 Metaspace       used 37326K, committed 37696K, reserved 1114112K
  class space    used 4853K, committed 4992K, reserved 1048576K
}
Event: 4877.101 GC heap before
{Heap before GC invocations=68 (full 7):
 garbage-first heap   total 65536K, used 18361K [0x00000000c0000000, 0x0000000100000000)
  region size 1024K, 1 young (1024K), 0 survivors (0K)
 Metaspace       used 37326K, committed 37696K, reserved 1114112K
  class space    used 4853K, committed 4992K, reserved 1048576K
}
Event: 4877.117 GC heap after
{Heap after GC invocations=69 (full 8):
 garbage-first heap   total 65536K, used 18361K [0x00000000c0000000, 0x0000000100000000)
  region size 1024K, 0 young (0K), 0 survivors (0K)
 Metaspace       used 37326K, committed 37696K, reserved 1114112K
  class space    used 4853K, committed 4992K, reserved 1048576K
}
Event: 4887.234 GC heap before
{Heap before GC invocations=69 (full 8):
 garbage-first heap   total 65536K, used 18361K [0x00000000c0000000, 0x0000000100000000)
  region size 1024K, 1 young (1024K), 0 survivors (0K)
 Metaspace       used 37326K, committed 37696K, reserved 1114112K
  class space    used 4853K, committed 4992K, reserved 1048576K
}
Event: 4887.247 GC heap after
{Heap after GC invocations=70 (full 9):
 garbage-first heap   total 65536K, used 18361K [0x00000000c0000000, 0x0000000100000000)
  region size 1024K, 0 young (0K), 0 survivors (0K)
 Metaspace       used 37326K, committed 37696K, reserved 1114112K
  class space    used 4853K, committed 4992K, reserved 1048576K
}
Event: 4897.374 GC heap before
{Heap before GC invocations=70 (full 9):
 garbage-first heap   total 65536K, used 18361K [0x00000000c0000000, 0x0000000100000000)
  region size 1024K, 1 young (1024K), 0 survivors (0K)
 Metaspace       used 37326K, committed 37696K, reserved 1114112K
  class space    used 4853K, committed 4992K, reserved 1048576K
}
Event: 4897.388 GC heap after
{Heap after GC invocations=71 (full 10):
 garbage-first heap   total 65536K, used 18360K [0x00000000c0000000, 0x0000000100000000)
  region size 1024K, 0 young (0K), 0 survivors (0K)
 Metaspace       used 37326K, committed 37696K, reserved 1114112K
  class space    used 4853K, committed 4992K, reserved 1048576K
}

Dll operation events (7 events):
Event: 0.009 Loaded shared library c:\Users\khami\.vscode\extensions\redhat.java-1.20.0-win32-x64\jre\17.0.7-win32-x86_64\bin\java.dll
Event: 0.150 Loaded shared library C:\Users\khami\.vscode\extensions\redhat.java-1.20.0-win32-x64\jre\17.0.7-win32-x86_64\bin\net.dll
Event: 0.151 Loaded shared library C:\Users\khami\.vscode\extensions\redhat.java-1.20.0-win32-x64\jre\17.0.7-win32-x86_64\bin\nio.dll
Event: 0.157 Loaded shared library C:\Users\khami\.vscode\extensions\redhat.java-1.20.0-win32-x64\jre\17.0.7-win32-x86_64\bin\zip.dll
Event: 0.382 Loaded shared library C:\Users\khami\.vscode\extensions\redhat.java-1.20.0-win32-x64\jre\17.0.7-win32-x86_64\bin\jimage.dll
Event: 2.330 Loaded shared library C:\Users\khami\.vscode\extensions\redhat.java-1.20.0-win32-x64\jre\17.0.7-win32-x86_64\bin\management.dll
Event: 2.332 Loaded shared library C:\Users\khami\.vscode\extensions\redhat.java-1.20.0-win32-x64\jre\17.0.7-win32-x86_64\bin\management_ext.dll

Deoptimization events (8 events):
Event: 1.410 Thread 0x000002624958e9a0 DEOPT PACKING pc=0x000002624e2eb499 sp=0x000000fdf1afd7f0
Event: 1.410 Thread 0x000002624958e9a0 DEOPT UNPACKING pc=0x000002624dd47143 sp=0x000000fdf1afccd0 mode 3
Event: 2.508 Thread 0x000002625c682510 DEOPT PACKING pc=0x000002624e4d5335 sp=0x000000fdf3ffd5e0
Event: 2.508 Thread 0x000002625c682510 DEOPT UNPACKING pc=0x000002624dd47143 sp=0x000000fdf3ffcb08 mode 3
Event: 85.430 Thread 0x000002625c646210 DEOPT PACKING pc=0x000002624e361e54 sp=0x000000fdf3efefb0
Event: 85.430 Thread 0x000002625c646210 DEOPT UNPACKING pc=0x000002624dd47143 sp=0x000000fdf3efe458 mode 0
Event: 1593.952 Thread 0x000002625c646210 DEOPT PACKING pc=0x000002624e28d701 sp=0x000000fdf3efdce0
Event: 1593.952 Thread 0x000002625c646210 DEOPT UNPACKING pc=0x000002624dd47143 sp=0x000000fdf3efd170 mode 3

Classes unloaded (20 events):
Event: 72.618 Thread 0x0000026256a9d7c0 Unloading class 0x0000000100090c00 'java/lang/invoke/LambdaForm$MH+0x0000000100090c00'
Event: 72.618 Thread 0x0000026256a9d7c0 Unloading class 0x0000000100090800 'java/lang/invoke/LambdaForm$MH+0x0000000100090800'
Event: 72.618 Thread 0x0000026256a9d7c0 Unloading class 0x0000000100090400 'java/lang/invoke/LambdaForm$MH+0x0000000100090400'
Event: 72.618 Thread 0x0000026256a9d7c0 Unloading class 0x0000000100090000 'java/lang/invoke/LambdaForm$MH+0x0000000100090000'
Event: 72.618 Thread 0x0000026256a9d7c0 Unloading class 0x000000010008b800 'java/lang/invoke/LambdaForm$MH+0x000000010008b800'
Event: 72.618 Thread 0x0000026256a9d7c0 Unloading class 0x000000010008b400 'java/lang/invoke/LambdaForm$MH+0x000000010008b400'
Event: 72.618 Thread 0x0000026256a9d7c0 Unloading class 0x000000010008b000 'java/lang/invoke/LambdaForm$MH+0x000000010008b000'
Event: 72.618 Thread 0x0000026256a9d7c0 Unloading class 0x000000010008ac00 'java/lang/invoke/LambdaForm$MH+0x000000010008ac00'
Event: 72.618 Thread 0x0000026256a9d7c0 Unloading class 0x000000010008a800 'java/lang/invoke/LambdaForm$MH+0x000000010008a800'
Event: 72.618 Thread 0x0000026256a9d7c0 Unloading class 0x000000010008a400 'java/lang/invoke/LambdaForm$MH+0x000000010008a400'
Event: 72.618 Thread 0x0000026256a9d7c0 Unloading class 0x0000000100089c00 'java/lang/invoke/LambdaForm$MH+0x0000000100089c00'
Event: 72.618 Thread 0x0000026256a9d7c0 Unloading class 0x0000000100089400 'java/lang/invoke/LambdaForm$MH+0x0000000100089400'
Event: 72.618 Thread 0x0000026256a9d7c0 Unloading class 0x0000000100088c00 'java/lang/invoke/LambdaForm$MH+0x0000000100088c00'
Event: 72.618 Thread 0x0000026256a9d7c0 Unloading class 0x0000000100088400 'java/lang/invoke/LambdaForm$MH+0x0000000100088400'
Event: 4806.552 Thread 0x0000026256a9d7c0 Unloading class 0x0000000100399c00 'java/lang/invoke/LambdaForm$MH+0x0000000100399c00'
Event: 4806.552 Thread 0x0000026256a9d7c0 Unloading class 0x000000010039ac00 'java/lang/invoke/LambdaForm$MH+0x000000010039ac00'
Event: 4806.552 Thread 0x0000026256a9d7c0 Unloading class 0x00000001003a0800 'java/lang/invoke/LambdaForm$MH+0x00000001003a0800'
Event: 4806.552 Thread 0x0000026256a9d7c0 Unloading class 0x0000000100420400 'java/lang/invoke/LambdaForm$MH+0x0000000100420400'
Event: 4806.552 Thread 0x0000026256a9d7c0 Unloading class 0x0000000100422000 'java/lang/invoke/LambdaForm$MH+0x0000000100422000'
Event: 4806.552 Thread 0x0000026256a9d7c0 Unloading class 0x00000001004f0400 'java/lang/invoke/LambdaForm$MH+0x00000001004f0400'

Classes redefined (0 events):
No events

Internal exceptions (20 events):
Event: 1.720 Thread 0x000002624958e9a0 Exception <a 'java/lang/NoSuchMethodError'{0x00000000c2bd59a0}: 'java.lang.Object java.lang.invoke.DirectMethodHandle$Holder.invokeSpecial(java.lang.Object, java.lang.Object, java.lang.Object, java.lang.Object, java.lang.Object, java.lang.Object, java.lang.Object, java.lang.Object, java.lang.Object, java.lang.Object)'> (0x00000000c2bd59a0) 
thrown [s\src\hotspot\share\interpreter\linkResolver.cpp, line 759]
Event: 1.720 Thread 0x000002624958e9a0 Exception <a 'java/lang/NoSuchMethodError'{0x00000000c2bd9f88}: 'java.lang.Object java.lang.invoke.Invokers$Holder.invoke_MT(java.lang.Object, java.lang.Object, java.lang.Object, java.lang.Object, java.lang.Object, java.lang.Object, java.lang.Object, java.lang.Object, java.lang.Object, java.lang.Object)'> (0x00000000c2bd9f88) 
thrown [s\src\hotspot\share\interpreter\linkResolver.cpp, line 759]
Event: 1.724 Thread 0x000002624958e9a0 Exception <a 'java/lang/NoSuchMethodError'{0x00000000c2a1f4a8}: 'java.lang.Object java.lang.invoke.DirectMethodHandle$Holder.invokeSpecial(java.lang.Object, java.lang.Object, int, java.lang.Object, java.lang.Object)'> (0x00000000c2a1f4a8) 
thrown [s\src\hotspot\share\interpreter\linkResolver.cpp, line 759]
Event: 1.724 Thread 0x000002624958e9a0 Exception <a 'java/lang/NoSuchMethodError'{0x00000000c2a23150}: 'java.lang.Object java.lang.invoke.DelegatingMethodHandle$Holder.delegate(java.lang.Object, int, java.lang.Object, java.lang.Object)'> (0x00000000c2a23150) 
thrown [s\src\hotspot\share\interpreter\linkResolver.cpp, line 759]
Event: 1.725 Thread 0x000002624958e9a0 Exception <a 'java/lang/NoSuchMethodError'{0x00000000c2a33fd8}: 'int java.lang.invoke.Invokers$Holder.linkToTargetMethod(java.lang.Object, java.lang.Object, java.lang.Object)'> (0x00000000c2a33fd8) 
thrown [s\src\hotspot\share\interpreter\linkResolver.cpp, line 759]
Event: 1.762 Thread 0x000002624958e9a0 Exception <a 'java/lang/NoSuchMethodError'{0x00000000c289f7d0}: 'void java.lang.invoke.DirectMethodHandle$Holder.invokeSpecial(java.lang.Object, java.lang.Object, java.lang.Object, java.lang.Object, java.lang.Object, java.lang.Object)'> (0x00000000c289f7d0) 
thrown [s\src\hotspot\share\interpreter\linkResolver.cpp, line 759]
Event: 1.788 Thread 0x000002624958e9a0 Exception <a 'java/lang/NoSuchMethodError'{0x00000000c2642c78}: 'java.lang.Object java.lang.invoke.DirectMethodHandle$Holder.invokeStaticInit(java.lang.Object, int, int, int, int)'> (0x00000000c2642c78) 
thrown [s\src\hotspot\share\interpreter\linkResolver.cpp, line 759]
Event: 1.835 Thread 0x000002624958e9a0 Exception <a 'java/lang/NoSuchMethodError'{0x00000000c26cae00}: 'java.lang.Object java.lang.invoke.DirectMethodHandle$Holder.invokeStaticInit(java.lang.Object, java.lang.Object, int, int, int, int)'> (0x00000000c26cae00) 
thrown [s\src\hotspot\share\interpreter\linkResolver.cpp, line 759]
Event: 1.956 Thread 0x000002624958e9a0 Exception <a 'java/lang/NoSuchMethodError'{0x00000000cdf6eb58}: 'void java.lang.invoke.DirectMethodHandle$Holder.invokeSpecialIFC(java.lang.Object, java.lang.Object, java.lang.Object)'> (0x00000000cdf6eb58) 
thrown [s\src\hotspot\share\interpreter\linkResolver.cpp, line 759]
Event: 2.172 Thread 0x000002624958e9a0 Exception <a 'java/lang/NoSuchMethodError'{0x00000000ce436690}: 'void java.lang.invoke.DirectMethodHandle$Holder.invokeSpecial(java.lang.Object, java.lang.Object, java.lang.Object, java.lang.Object, java.lang.Object, java.lang.Object, java.lang.Object)'> (0x00000000ce436690) 
thrown [s\src\hotspot\share\interpreter\linkResolver.cpp, line 759]
Event: 2.242 Thread 0x000002624958e9a0 Exception <a 'java/lang/NoSuchMethodError'{0x00000000cdffeeb0}: 'java.lang.Object java.lang.invoke.DirectMethodHandle$Holder.invokeInterface(java.lang.Object, java.lang.Object, int)'> (0x00000000cdffeeb0) 
thrown [s\src\hotspot\share\interpreter\linkResolver.cpp, line 759]
Event: 2.243 Thread 0x000002624958e9a0 Exception <a 'java/lang/IncompatibleClassChangeError'{0x00000000cde11d60}: Found class java.lang.Object, but interface was expected> (0x00000000cde11d60) 
thrown [s\src\hotspot\share\interpreter\linkResolver.cpp, line 826]
Event: 2.323 Thread 0x000002624958e9a0 Exception <a 'java/lang/NoSuchMethodError'{0x00000000c2e1d158}: 'java.lang.Object java.lang.invoke.DirectMethodHandle$Holder.newInvokeSpecial(java.lang.Object, java.lang.Object, int, java.lang.Object, java.lang.Object)'> (0x00000000c2e1d158) 
thrown [s\src\hotspot\share\interpreter\linkResolver.cpp, line 759]
Event: 2.325 Thread 0x000002624958e9a0 Exception <a 'java/lang/NoSuchMethodError'{0x00000000c2e2f1a0}: 'java.lang.Object java.lang.invoke.DirectMethodHandle$Holder.invokeSpecial(java.lang.Object, java.lang.Object, int, java.lang.Object, int, java.lang.Object)'> (0x00000000c2e2f1a0) 
thrown [s\src\hotspot\share\interpreter\linkResolver.cpp, line 759]
Event: 2.325 Thread 0x000002624958e9a0 Exception <a 'java/lang/NoSuchMethodError'{0x00000000c2e36fa8}: 'java.lang.Object java.lang.invoke.DirectMethodHandle$Holder.newInvokeSpecial(java.lang.Object, java.lang.Object, int, java.lang.Object, int)'> (0x00000000c2e36fa8) 
thrown [s\src\hotspot\share\interpreter\linkResolver.cpp, line 759]
Event: 2.325 Thread 0x000002624958e9a0 Exception <a 'java/lang/NoSuchMethodError'{0x00000000c2e3b0a8}: 'java.lang.Object java.lang.invoke.DirectMethodHandle$Holder.invokeSpecial(java.lang.Object, java.lang.Object, java.lang.Object, int, java.lang.Object, int)'> (0x00000000c2e3b0a8) 
thrown [s\src\hotspot\share\interpreter\linkResolver.cpp, line 759]
Event: 2.506 Thread 0x000002625c682510 Exception <a 'java/lang/NoSuchMethodError'{0x00000000c4873fc0}: 'java.lang.Object java.lang.invoke.DirectMethodHandle$Holder.invokeStatic(java.lang.Object, int, java.lang.Object)'> (0x00000000c4873fc0) 
thrown [s\src\hotspot\share\interpreter\linkResolver.cpp, line 759]
Event: 22.924 Thread 0x000002625c646210 Exception <a 'java/lang/NoSuchMethodError'{0x00000000c4746e40}: 'java.lang.Object java.lang.invoke.DirectMethodHandle$Holder.invokeStatic(java.lang.Object, java.lang.Object, java.lang.Object, int, java.lang.Object, java.lang.Object)'> (0x00000000c4746e40) 
thrown [s\src\hotspot\share\interpreter\linkResolver.cpp, line 759]
Event: 62.357 Thread 0x000002625c5dde20 Exception <a 'java/lang/NoSuchMethodError'{0x00000000c4702cd0}: 'void java.lang.invoke.DirectMethodHandle$Holder.invokeStatic(java.lang.Object, long)'> (0x00000000c4702cd0) 
thrown [s\src\hotspot\share\interpreter\linkResolver.cpp, line 759]
Event: 62.358 Thread 0x000002625c5dde20 Exception <a 'java/lang/NoSuchMethodError'{0x00000000c4708078}: 'java.lang.Object java.lang.invoke.DirectMethodHandle$Holder.newInvokeSpecial(java.lang.Object, long)'> (0x00000000c4708078) 
thrown [s\src\hotspot\share\interpreter\linkResolver.cpp, line 759]

VM Operations (20 events):
Event: 3812.115 Executing VM operation: G1CollectForAllocation done
Event: 4172.559 Executing VM operation: G1CollectForAllocation
Event: 4172.560 Executing VM operation: G1CollectForAllocation done
Event: 4535.998 Executing VM operation: G1CollectForAllocation
Event: 4535.999 Executing VM operation: G1CollectForAllocation done
Event: 4806.546 Executing VM operation: G1CollectFull
Event: 4806.569 Executing VM operation: G1CollectFull done
Event: 4816.691 Executing VM operation: G1CollectFull
Event: 4816.702 Executing VM operation: G1CollectFull done
Event: 4826.823 Executing VM operation: G1CollectFull
Event: 4826.837 Executing VM operation: G1CollectFull done
Event: 4866.975 Executing VM operation: G1CollectFull
Event: 4866.989 Executing VM operation: G1CollectFull done
Event: 4877.101 Executing VM operation: G1CollectFull
Event: 4877.117 Executing VM operation: G1CollectFull done
Event: 4887.233 Executing VM operation: G1CollectFull
Event: 4887.248 Executing VM operation: G1CollectFull done
Event: 4897.374 Executing VM operation: G1CollectFull
Event: 4897.388 Executing VM operation: G1CollectFull done
Event: 4917.434 Executing VM operation: G1CollectFull

Events (20 events):
Event: 3756.618 Thread 0x000002625b763b50 Thread added: 0x000002625b763b50
Event: 3816.626 Thread 0x000002625b764020 Thread exited: 0x000002625b764020
Event: 3821.415 Thread 0x000002625b762ce0 Thread exited: 0x000002625b762ce0
Event: 3821.662 Thread 0x000002625b763b50 Thread exited: 0x000002625b763b50
Event: 3894.882 Thread 0x000002625b7661d0 Thread added: 0x000002625b7661d0
Event: 3954.887 Thread 0x000002625b7644f0 Thread exited: 0x000002625b7644f0
Event: 4101.214 Thread 0x000002625b7649c0 Thread exited: 0x000002625b7649c0
Event: 4118.976 Thread 0x000002625b764020 Thread added: 0x000002625b764020
Event: 4158.399 Thread 0x000002625b7644f0 Thread added: 0x000002625b7644f0
Event: 4203.903 Thread 0x000002625b7666a0 Thread added: 0x000002625b7666a0
Event: 4232.567 Thread 0x000002625b764020 Thread exited: 0x000002625b764020
Event: 4300.678 Thread 0x000002625b7666a0 Thread exited: 0x000002625b7666a0
Event: 4346.651 Thread 0x000002625b7661d0 Thread exited: 0x000002625b7661d0
Event: 4367.458 Thread 0x000002625b763680 Thread added: 0x000002625b763680
Event: 4499.118 Thread 0x000002625b7644f0 Thread exited: 0x000002625b7644f0
Event: 4512.788 Thread 0x000002625b765360 Thread added: 0x000002625b765360
Event: 4785.710 Thread 0x000002625b765360 Thread exited: 0x000002625b765360
Event: 4830.352 Thread 0x000002625b7631b0 Thread added: 0x000002625b7631b0
Event: 4832.710 Thread 0x000002625b763680 Thread exited: 0x000002625b763680
Event: 4891.281 Thread 0x000002625b7631b0 Thread exited: 0x000002625b7631b0


Dynamic libraries:
0x00007ff783220000 - 0x00007ff78322e000 	c:\Users\khami\.vscode\extensions\redhat.java-1.20.0-win32-x64\jre\17.0.7-win32-x86_64\bin\java.exe
0x00007ffef9e00000 - 0x00007ffefa02b000 	C:\WINDOWS\SYSTEM32\ntdll.dll
0x00007ffef8010000 - 0x00007ffef80d6000 	C:\WINDOWS\System32\KERNEL32.DLL
0x00007ffef78d0000 - 0x00007ffef7c2e000 	C:\WINDOWS\System32\KERNELBASE.dll
0x00007ffef75b0000 - 0x00007ffef76e3000 	C:\WINDOWS\System32\ucrtbase.dll
0x00007ffeef5c0000 - 0x00007ffeef5d7000 	c:\Users\khami\.vscode\extensions\redhat.java-1.20.0-win32-x64\jre\17.0.7-win32-x86_64\bin\jli.dll
0x00007ffec94e0000 - 0x00007ffec94f9000 	c:\Users\khami\.vscode\extensions\redhat.java-1.20.0-win32-x64\jre\17.0.7-win32-x86_64\bin\VCRUNTIME140.dll
0x00007ffef8290000 - 0x00007ffef8441000 	C:\WINDOWS\System32\USER32.dll
0x00007ffed5dc0000 - 0x00007ffed6051000 	C:\WINDOWS\WinSxS\amd64_microsoft.windows.common-controls_6595b64144ccf1df_6.0.25905.1000_none_87b90b8fab340372\COMCTL32.dll
0x00007ffef7580000 - 0x00007ffef75a7000 	C:\WINDOWS\System32\win32u.dll
0x00007ffef7fe0000 - 0x00007ffef8009000 	C:\WINDOWS\System32\GDI32.dll
0x00007ffef8ef0000 - 0x00007ffef8f97000 	C:\WINDOWS\System32\msvcrt.dll
0x00007ffef76f0000 - 0x00007ffef780f000 	C:\WINDOWS\System32\gdi32full.dll
0x00007ffef7820000 - 0x00007ffef78c5000 	C:\WINDOWS\System32\msvcp_win.dll
0x00007ffef9990000 - 0x00007ffef99c0000 	C:\WINDOWS\System32\IMM32.DLL
0x00007ffef2520000 - 0x00007ffef252c000 	c:\Users\khami\.vscode\extensions\redhat.java-1.20.0-win32-x64\jre\17.0.7-win32-x86_64\bin\vcruntime140_1.dll
0x00007ffe94a00000 - 0x00007ffe94a91000 	c:\Users\khami\.vscode\extensions\redhat.java-1.20.0-win32-x64\jre\17.0.7-win32-x86_64\bin\msvcp140.dll
0x00007ffe5c460000 - 0x00007ffe5d0a8000 	c:\Users\khami\.vscode\extensions\redhat.java-1.20.0-win32-x64\jre\17.0.7-win32-x86_64\bin\server\jvm.dll
0x00007ffef9ac0000 - 0x00007ffef9b70000 	C:\WINDOWS\System32\ADVAPI32.dll
0x00007ffef7c40000 - 0x00007ffef7ce0000 	C:\WINDOWS\System32\sechost.dll
0x00007ffef8dc0000 - 0x00007ffef8ee5000 	C:\WINDOWS\System32\RPCRT4.dll
0x00007ffeef5e0000 - 0x00007ffeef614000 	C:\WINDOWS\SYSTEM32\WINMM.dll
0x00007ffeeec80000 - 0x00007ffeeec8a000 	C:\WINDOWS\SYSTEM32\VERSION.dll
0x00007ffef0ad0000 - 0x00007ffef0ad9000 	C:\WINDOWS\SYSTEM32\WSOCK32.dll
0x00007ffef9cc0000 - 0x00007ffef9d33000 	C:\WINDOWS\System32\WS2_32.dll
0x00007ffef6190000 - 0x00007ffef61a8000 	C:\WINDOWS\SYSTEM32\kernel.appcore.dll
0x00007ffeef000000 - 0x00007ffeef00a000 	c:\Users\khami\.vscode\extensions\redhat.java-1.20.0-win32-x64\jre\17.0.7-win32-x86_64\bin\jimage.dll
0x00007ffef4790000 - 0x00007ffef49c5000 	C:\WINDOWS\SYSTEM32\DBGHELP.DLL
0x00007ffef8fa0000 - 0x00007ffef931b000 	C:\WINDOWS\System32\combase.dll
0x00007ffef8c30000 - 0x00007ffef8d05000 	C:\WINDOWS\System32\OLEAUT32.dll
0x00007ffec9fe0000 - 0x00007ffeca018000 	C:\WINDOWS\SYSTEM32\dbgcore.DLL
0x00007ffef7370000 - 0x00007ffef73f1000 	C:\WINDOWS\System32\bcryptPrimitives.dll
0x00007ffeb4930000 - 0x00007ffeb4955000 	c:\Users\khami\.vscode\extensions\redhat.java-1.20.0-win32-x64\jre\17.0.7-win32-x86_64\bin\java.dll
0x00007ffeb4c10000 - 0x00007ffeb4c28000 	c:\Users\khami\.vscode\extensions\redhat.java-1.20.0-win32-x64\jre\17.0.7-win32-x86_64\bin\zip.dll
0x00007ffef84b0000 - 0x00007ffef8c23000 	C:\WINDOWS\System32\SHELL32.dll
0x00007ffef4fd0000 - 0x00007ffef5822000 	C:\WINDOWS\SYSTEM32\windows.storage.dll
0x00007ffef93e0000 - 0x00007ffef94b3000 	C:\WINDOWS\System32\SHCORE.dll
0x00007ffef9c00000 - 0x00007ffef9c5c000 	C:\WINDOWS\System32\shlwapi.dll
0x00007ffef7160000 - 0x00007ffef7183000 	C:\WINDOWS\SYSTEM32\profapi.dll
0x00007ffeb4710000 - 0x00007ffeb4729000 	C:\Users\khami\.vscode\extensions\redhat.java-1.20.0-win32-x64\jre\17.0.7-win32-x86_64\bin\net.dll
0x00007ffeef800000 - 0x00007ffeef91b000 	C:\WINDOWS\SYSTEM32\WINHTTP.dll
0x00007ffef66e0000 - 0x00007ffef6748000 	C:\WINDOWS\system32\mswsock.dll
0x00007ffeb3e00000 - 0x00007ffeb3e15000 	C:\Users\khami\.vscode\extensions\redhat.java-1.20.0-win32-x64\jre\17.0.7-win32-x86_64\bin\nio.dll
0x00007ffef6990000 - 0x00007ffef69ab000 	C:\WINDOWS\SYSTEM32\CRYPTSP.dll
0x00007ffef6090000 - 0x00007ffef60c7000 	C:\WINDOWS\system32\rsaenh.dll
0x00007ffef67e0000 - 0x00007ffef680a000 	C:\WINDOWS\SYSTEM32\USERENV.dll
0x00007ffef6bd0000 - 0x00007ffef6bf8000 	C:\WINDOWS\SYSTEM32\bcrypt.dll
0x00007ffef6980000 - 0x00007ffef698c000 	C:\WINDOWS\SYSTEM32\CRYPTBASE.dll
0x00007ffef5ab0000 - 0x00007ffef5adf000 	C:\WINDOWS\SYSTEM32\IPHLPAPI.DLL
0x00007ffef94c0000 - 0x00007ffef94ca000 	C:\WINDOWS\System32\NSI.dll
0x00007ffeef370000 - 0x00007ffeef389000 	C:\WINDOWS\SYSTEM32\dhcpcsvc6.DLL
0x00007ffeef340000 - 0x00007ffeef35f000 	C:\WINDOWS\SYSTEM32\dhcpcsvc.DLL
0x00007ffef5b30000 - 0x00007ffef5c3f000 	C:\WINDOWS\SYSTEM32\DNSAPI.dll
0x00007ffebab00000 - 0x00007ffebab09000 	C:\Users\khami\.vscode\extensions\redhat.java-1.20.0-win32-x64\jre\17.0.7-win32-x86_64\bin\management.dll
0x00007ffeb4860000 - 0x00007ffeb486b000 	C:\Users\khami\.vscode\extensions\redhat.java-1.20.0-win32-x64\jre\17.0.7-win32-x86_64\bin\management_ext.dll
0x00007ffef9c60000 - 0x00007ffef9c68000 	C:\WINDOWS\System32\PSAPI.DLL

dbghelp: loaded successfully - version: 4.0.5 - missing functions: none
symbol engine: initialized successfully - sym options: 0x614 - pdb path: .;c:\Users\khami\.vscode\extensions\redhat.java-1.20.0-win32-x64\jre\17.0.7-win32-x86_64\bin;C:\WINDOWS\SYSTEM32;C:\WINDOWS\WinSxS\amd64_microsoft.windows.common-controls_6595b64144ccf1df_6.0.25905.1000_none_87b90b8fab340372;c:\Users\khami\.vscode\extensions\redhat.java-1.20.0-win32-x64\jre\17.0.7-win32-x86_64\bin\server

VM Arguments:
jvm_args: -XX:+HeapDumpOnOutOfMemoryError -Xmx1024m -Dsts.lsp.client=vscode -Dsts.log.file=/dev/null -XX:TieredStopAtLevel=1 -Xlog:jni+resolve=off -Dspring.config.location=file:c:\Users\khami\.vscode\extensions\vmware.vscode-spring-boot-1.47.0\language-server\BOOT-INF\classes\application.properties 
java_command: org.springframework.ide.vscode.boot.app.BootLanguageServerBootApp
java_class_path (initial): c:\Users\khami\.vscode\extensions\vmware.vscode-spring-boot-1.47.0\language-server\BOOT-INF\classes;c:\Users\khami\.vscode\extensions\vmware.vscode-spring-boot-1.47.0\language-server\BOOT-INF\lib\annotations-24.0.1.jar;c:\Users\khami\.vscode\extensions\vmware.vscode-spring-boot-1.47.0\language-server\BOOT-INF\lib\antlr-runtime-3.5.3.jar;c:\Users\khami\.vscode\extensions\vmware.vscode-spring-boot-1.47.0\language-server\BOOT-INF\lib\antlr4-4.11.1.jar;c:\Users\khami\.vscode\extensions\vmware.vscode-spring-boot-1.47.0\language-server\BOOT-INF\lib\antlr4-runtime-4.11.1.jar;c:\Users\khami\.vscode\extensions\vmware.vscode-spring-boot-1.47.0\language-server\BOOT-INF\lib\aopalliance-1.0.jar;c:\Users\khami\.vscode\extensions\vmware.vscode-spring-boot-1.47.0\language-server\BOOT-INF\lib\asm-9.5.jar;c:\Users\khami\.vscode\extensions\vmware.vscode-spring-boot-1.47.0\language-server\BOOT-INF\lib\asm-analysis-9.5.jar;c:\Users\khami\.vscode\extensions\vmware.vscode-spring-boot-1.47.0\language-server\BOOT-INF\lib\asm-tree-9.5.jar;c:\Users\khami\.vscode\extensions\vmware.vscode-spring-boot-1.47.0\language-server\BOOT-INF\lib\asm-util-9.5.jar;c:\Users\khami\.vscode\extensions\vmware.vscode-spring-boot-1.47.0\language-server\BOOT-INF\lib\auto-common-1.2.1.jar;c:\Users\khami\.vscode\extensions\vmware.vscode-spring-boot-1.47.0\language-server\BOOT-INF\lib\auto-value-annotations-1.9.jar;c:\Users\khami\.vscode\extensions\vmware.vscode-spring-boot-1.47.0\language-server\BOOT-INF\lib\caffeine-3.1.2.jar;c:\Users\khami\.vscode\extensions\vmware.vscode-spring-boot-1.47.0\language-server\BOOT-INF\lib\checker-qual-3.12.0.jar;c:\Users\khami\.vscode\extensions\vmware.vscode-spring-boot-1.47.0\language-server\BOOT-INF\lib\classgraph-4.8.149.jar;c:\Users\khami\.vscode\extensions\vmware.vscode-spring-boot-1.47.0\language-server\BOOT-INF\lib\commons-codec-1.15.jar;c:\Users\khami\.vscode\extensions\vmware.vscode-spring-boot-1.47.0\language-server\BOOT-INF\lib\commons-compres
Launcher Type: SUN_STANDARD

[Global flags]
     intx CICompilerCount                          = 4                                         {product} {ergonomic}
     uint ConcGCThreads                            = 3                                         {product} {ergonomic}
     uint G1ConcRefinementThreads                  = 10                                        {product} {ergonomic}
   size_t G1HeapRegionSize                         = 1048576                                   {product} {ergonomic}
    uintx GCDrainStackTargetSize                   = 64                                        {product} {ergonomic}
     bool HeapDumpOnOutOfMemoryError               = true                                   {manageable} {command line}
   size_t InitialHeapSize                          = 266338304                                 {product} {ergonomic}
   size_t MarkStackSize                            = 4194304                                   {product} {ergonomic}
   size_t MaxHeapSize                              = 1073741824                                {product} {command line}
   size_t MaxNewSize                               = 643825664                                 {product} {ergonomic}
   size_t MinHeapDeltaBytes                        = 1048576                                   {product} {ergonomic}
   size_t MinHeapSize                              = 8388608                                   {product} {ergonomic}
    uintx NonProfiledCodeHeapSize                  = 0                                      {pd product} {ergonomic}
     bool ProfileInterpreter                       = false                                  {pd product} {command line}
    uintx ProfiledCodeHeapSize                     = 0                                      {pd product} {ergonomic}
   size_t SoftMaxHeapSize                          = 1073741824                             {manageable} {ergonomic}
     intx TieredStopAtLevel                        = 1                                         {product} {command line}
     bool UseCompressedClassPointers               = true                           {product lp64_product} {ergonomic}
     bool UseCompressedOops                        = true                           {product lp64_product} {ergonomic}
     bool UseG1GC                                  = true                                      {product} {ergonomic}
     bool UseLargePagesIndividualAllocation        = false                                  {pd product} {ergonomic}

Logging:
Log output configuration:
 #0: stdout all=warning,jni+resolve=off uptime,level,tags
 #1: stderr all=off uptime,level,tags

Environment Variables:
JAVA_HOME=C:\Program Files\Eclipse Adoptium\jdk-11.0.19.7-hotspot\
PATH=C:\Program Files\Eclipse Adoptium\jdk-11.0.19.7-hotspot\bin;C:\Program Files\Java\jdk-11\bin;C:\Program Files\Common Files\Oracle\Java\javapath;C:\Program Files (x86)\Common Files\Oracle\Java\javapath;C:\Program Files\Microsoft\jdk-11.0.16.101-hotspot\bin;C:\Program Files\Eclipse Adoptium\jdk-8.0.362.9-hotspot\bin;C:\ProgramData\Oracle\Java\javapath;C:\Program Files\Microsoft MPI\Bin\;C:\windows\system32;C:\windows;C:\windows\System32\Wbem;C:\windows\System32\WindowsPowerShell\v1.0\;C:\windows\System32\OpenSSH\;C:\Program Files (x86)\NVIDIA Corporation\PhysX\Common;C:\Program Files\NVIDIA Corporation\NVIDIA NvDLISR;C:\WINDOWS\system32;C:\WINDOWS;C:\WINDOWS\System32\Wbem;C:\WINDOWS\System32\WindowsPowerShell\v1.0\;C:\WINDOWS\System32\OpenSSH\;C:\TDM-GCC-64\bin;C:\Program Files\Microsoft SQL Server\Client SDK\ODBC\170\Tools\Binn\;C:\Program Files (x86)\Microsoft SQL Server\150\Tools\Binn\;C:\Program Files\Microsoft SQL Server\150\Tools\Binn\;C:\Program Files\Microsoft SQL Server\150\DTS\Binn\;C:\Program Files (x86)\Microsoft SQL Server\150\DTS\Binn\;C:\Program Files\dotnet\;C:\Program Files\Git\cmd;C:\Program Files\Calibre2\;C:\Program Files\Cloudflare\Cloudflare WARP\;C:\Program Files\MySQL\MySQL Shell 8.0\bin\;C:\Users\khami\AppData\Local\Microsoft\WindowsApps;C:\Users\khami\AppData\Local\Programs\Microsoft VS Code\bin;;C:\Program Files\Azure Data Studio\bin;C:\Users\khami\.dotnet\tools
USERNAME=khami
OS=Windows_NT
PROCESSOR_IDENTIFIER=Intel64 Family 6 Model 165 Stepping 2, GenuineIntel
TMP=C:\Users\khami\AppData\Local\Temp
TEMP=C:\Users\khami\AppData\Local\Temp



---------------  S Y S T E M  ---------------

OS:
 Windows 11 , 64 bit Build 25905 (10.0.25905.1000)
OS uptime: 0 days 2:03 hours
Hyper-V role detected

CPU: total 12 (initial active 12) (6 cores per cpu, 2 threads per core) family 6 model 165 stepping 2 microcode 0xf0, cx8, cmov, fxsr, ht, mmx, 3dnowpref, sse, sse2, sse3, ssse3, sse4.1, sse4.2, popcnt, lzcnt, tsc, tscinvbit, avx, avx2, aes, erms, clmul, bmi1, bmi2, adx, fma, vzeroupper, clflush, clflushopt, hv

Memory: 4k page, system-wide physical 16160M (5226M free)
TotalPageFile size 16160M (AvailPageFile size 3M)
current process WorkingSet (physical memory assigned to process): 131M, peak: 158M
current process commit charge ("private bytes"): 199M, peak: 369M

vm_info: OpenJDK 64-Bit Server VM (17.0.7+7) for windows-amd64 JRE (17.0.7+7), built on Apr 18 2023 22:10:42 by "temurin" with MS VC++ 16.7 (VS2019)

END.
