#
# There is insufficient memory for the Java Runtime Environment to continue.
# Native memory allocation (malloc) failed to allocate 2097152 bytes for AllocateHeap
# Possible reasons:
#   The system is out of physical RAM or swap space
#   The process is running with CompressedOops enabled, and the Java Heap may be blocking the growth of the native heap
# Possible solutions:
#   Reduce memory load on the system
#   Increase physical memory or swap space
#   Check if swap backing store is full
#   Decrease Java heap size (-Xmx/-Xms)
#   Decrease number of Java threads
#   Decrease Java thread stack sizes (-Xss)
#   Set larger code cache with -XX:ReservedCodeCacheSize=
#   JVM is running with Unscaled Compressed Oops mode in which the Java heap is
#     placed in the first 4GB address space. The Java Heap base address is the
#     maximum limit for the native heap growth. Please use -XX:HeapBaseMinAddress
#     to set the Java Heap base and to place the Java Heap above 4GB virtual address.
# This output file may be truncated or incomplete.
#
#  Out of Memory Error (allocation.cpp:44), pid=18368, tid=3284
#
# JRE version: OpenJDK Runtime Environment Temurin-17.0.7+7 (17.0.7+7) (build 17.0.7+7)
# Java VM: OpenJDK 64-Bit Server VM Temurin-17.0.7+7 (17.0.7+7, mixed mode, emulated-client, tiered, compressed oops, compressed class ptrs, g1 gc, windows-amd64)
# No core dump will be written. Minidumps are not enabled by default on client versions of Windows
#

---------------  S U M M A R Y ------------

Command Line: -XX:+HeapDumpOnOutOfMemoryError -Xmx1024m -Dsts.lsp.client=vscode -Dsts.log.file=/dev/null -XX:TieredStopAtLevel=1 -Xlog:jni+resolve=off -Dspring.config.location=file:c:\Users\khami\.vscode\extensions\vmware.vscode-spring-boot-1.47.0\language-server\BOOT-INF\classes\application.properties org.springframework.ide.vscode.boot.app.BootLanguageServerBootApp

Host: Intel(R) Core(TM) i7-10750H CPU @ 2.60GHz, 12 cores, 15G,  Windows 11 , 64 bit Build 25905 (10.0.25905.1000)
Time: Tue Jul 18 11:37:28 2023 SE Asia Standard Time elapsed time: 138.552302 seconds (0d 0h 2m 18s)

---------------  T H R E A D  ---------------

Current thread (0x000001dfeb79de40):  VMThread "VM Thread" [stack: 0x00000072fe500000,0x00000072fe600000] [id=3284]

Stack: [0x00000072fe500000,0x00000072fe600000]
Native frames: (J=compiled Java code, j=interpreted, Vv=VM code, C=native code)
V  [jvm.dll+0x67754a]
V  [jvm.dll+0x834304]
V  [jvm.dll+0x835aae]
V  [jvm.dll+0x836113]
V  [jvm.dll+0x24696f]
V  [jvm.dll+0xa681f]
V  [jvm.dll+0x2f7481]
V  [jvm.dll+0x2f30f0]
V  [jvm.dll+0x2db6c7]
V  [jvm.dll+0x31e777]
V  [jvm.dll+0x83a5bb]
V  [jvm.dll+0x83b2f4]
V  [jvm.dll+0x83b80c]
V  [jvm.dll+0x83bbe4]
V  [jvm.dll+0x83bcb0]
V  [jvm.dll+0x7e4e7a]
V  [jvm.dll+0x676395]
C  [ucrtbase.dll+0x609e1]
C  [KERNEL32.DLL+0x124d8]
C  [ntdll.dll+0x4091]

VM_Operation (0x00000072801fee70): G1CollectFull, mode: safepoint, requested by thread 0x000001dff12a2030


---------------  P R O C E S S  ---------------

Threads class SMR info:
_java_thread_list=0x000001dff21aba20, length=27, elements={
0x000001dfeb7b8380, 0x000001dfeb7b9e50, 0x000001dfeb7e7e50, 0x000001dfeb7ea820,
0x000001dfeb7ebc50, 0x000001dfeb7efc00, 0x000001dfeb7f30f0, 0x000001dfeb801a80,
0x000001dfeba09c80, 0x000001dfeba1b0e0, 0x000001dff12ee8f0, 0x000001dff1411e00,
0x000001dff12a2030, 0x000001dff1419df0, 0x000001dfde28e5b0, 0x000001dff14b9fc0,
0x000001dff14d9610, 0x000001dff163bf30, 0x000001dff16398b0, 0x000001dff1639d80,
0x000001dff163c400, 0x000001dff1635a20, 0x000001dff1638f10, 0x000001dff16363c0,
0x000001dff1636890, 0x000001dff1638570, 0x000001dff1637230
}

Java Threads: ( => current thread )
  0x000001dfeb7b8380 JavaThread "Reference Handler" daemon [_thread_blocked, id=23656, stack(0x00000072fe600000,0x00000072fe700000)]
  0x000001dfeb7b9e50 JavaThread "Finalizer" daemon [_thread_blocked, id=19856, stack(0x00000072fe700000,0x00000072fe800000)]
  0x000001dfeb7e7e50 JavaThread "Signal Dispatcher" daemon [_thread_blocked, id=12308, stack(0x00000072fe800000,0x00000072fe900000)]
  0x000001dfeb7ea820 JavaThread "Attach Listener" daemon [_thread_blocked, id=412, stack(0x00000072fe900000,0x00000072fea00000)]
  0x000001dfeb7ebc50 JavaThread "Service Thread" daemon [_thread_blocked, id=23432, stack(0x00000072fea00000,0x00000072feb00000)]
  0x000001dfeb7efc00 JavaThread "Monitor Deflation Thread" daemon [_thread_blocked, id=13228, stack(0x00000072feb00000,0x00000072fec00000)]
  0x000001dfeb7f30f0 JavaThread "C1 CompilerThread0" daemon [_thread_blocked, id=12964, stack(0x00000072fec00000,0x00000072fed00000)]
  0x000001dfeb801a80 JavaThread "Sweeper thread" daemon [_thread_blocked, id=14044, stack(0x00000072fed00000,0x00000072fee00000)]
  0x000001dfeba09c80 JavaThread "Notification Thread" daemon [_thread_blocked, id=16744, stack(0x00000072fef00000,0x00000072ff000000)]
  0x000001dfeba1b0e0 JavaThread "Common-Cleaner" daemon [_thread_blocked, id=19048, stack(0x00000072ff100000,0x00000072ff200000)]
  0x000001dff12ee8f0 JavaThread "boundedElastic-evictor-1" daemon [_thread_blocked, id=18604, stack(0x00000072ff900000,0x00000072ffa00000)]
  0x000001dff1411e00 JavaThread "boundedElastic-evictor-2" daemon [_thread_blocked, id=9240, stack(0x0000007280000000,0x0000007280100000)]
  0x000001dff12a2030 JavaThread "pool-10-thread-1" [_thread_blocked, id=10292, stack(0x0000007280100000,0x0000007280200000)]
  0x000001dff1419df0 JavaThread "LanguageServerApp-lifecycle" [_thread_blocked, id=21272, stack(0x0000007280200000,0x0000007280300000)]
  0x000001dfde28e5b0 JavaThread "DestroyJavaVM" [_thread_blocked, id=15160, stack(0x00000072fdf00000,0x00000072fe000000)]
  0x000001dff14b9fc0 JavaThread "pool-11-thread-1" [_thread_in_native, id=9968, stack(0x0000007280300000,0x0000007280400000)]
  0x000001dff14d9610 JavaThread "Simple-Language-Server main thread" daemon [_thread_blocked, id=19572, stack(0x0000007280400000,0x0000007280500000)]
  0x000001dff163bf30 JavaThread "parallel-1" daemon [_thread_blocked, id=12700, stack(0x0000007281c00000,0x0000007281d00000)]
  0x000001dff16398b0 JavaThread "pool-4-thread-1" [_thread_blocked, id=19108, stack(0x0000007281d00000,0x0000007281e00000)]
  0x000001dff1639d80 JavaThread "parallel-2" daemon [_thread_blocked, id=20408, stack(0x0000007281e00000,0x0000007281f00000)]
  0x000001dff163c400 JavaThread "ForkJoinPool.commonPool-worker-3" daemon [_thread_blocked, id=22988, stack(0x0000007282500000,0x0000007282600000)]
  0x000001dff1635a20 JavaThread "parallel-3" daemon [_thread_blocked, id=16496, stack(0x0000007280d00000,0x0000007280e00000)]
  0x000001dff1638f10 JavaThread "pool-2-thread-4" [_thread_blocked, id=18448, stack(0x0000007280700000,0x0000007280800000)]
  0x000001dff16363c0 JavaThread "parallel-4" daemon [_thread_blocked, id=24080, stack(0x0000007280600000,0x0000007280700000)]
  0x000001dff1636890 JavaThread "parallel-5" daemon [_thread_blocked, id=14496, stack(0x0000007280800000,0x0000007280900000)]
  0x000001dff1638570 JavaThread "parallel-6" daemon [_thread_blocked, id=23568, stack(0x0000007281000000,0x0000007281100000)]
  0x000001dff1637230 JavaThread "parallel-7" daemon [_thread_blocked, id=23928, stack(0x0000007281100000,0x0000007281200000)]

Other Threads:
=>0x000001dfeb79de40 VMThread "VM Thread" [stack: 0x00000072fe500000,0x00000072fe600000] [id=3284]
  0x000001dfe0529e30 WatcherThread [stack: 0x00000072ff000000,0x00000072ff100000] [id=8448]
  0x000001dfe0516c30 GCTaskThread "GC Thread#0" [stack: 0x00000072fe000000,0x00000072fe100000] [id=24148]
  0x000001dff096a070 GCTaskThread "GC Thread#1" [stack: 0x00000072ff200000,0x00000072ff300000] [id=22028]
  0x000001dff096a320 GCTaskThread "GC Thread#2" [stack: 0x00000072ff300000,0x00000072ff400000] [id=9244]
  0x000001dff096a5d0 GCTaskThread "GC Thread#3" [stack: 0x00000072ff400000,0x00000072ff500000] [id=10404]
  0x000001dff096a880 GCTaskThread "GC Thread#4" [stack: 0x00000072ff500000,0x00000072ff600000] [id=11548]
  0x000001dff096ab30 GCTaskThread "GC Thread#5" [stack: 0x00000072ff600000,0x00000072ff700000] [id=20312]
  0x000001dff09d4820 GCTaskThread "GC Thread#6" [stack: 0x00000072ff700000,0x00000072ff800000] [id=5688]
  0x000001dff0bc6a30 GCTaskThread "GC Thread#7" [stack: 0x00000072ff800000,0x00000072ff900000] [id=13196]
  0x000001dff0c60750 GCTaskThread "GC Thread#8" [stack: 0x00000072ffc00000,0x00000072ffd00000] [id=12312]
  0x000001dff0e09060 GCTaskThread "GC Thread#9" [stack: 0x00000072ffd00000,0x00000072ffe00000] [id=9980]
  0x000001dfe0520750 ConcurrentGCThread "G1 Main Marker" [stack: 0x00000072fe100000,0x00000072fe200000] [id=5064]
  0x000001dfe0521f20 ConcurrentGCThread "G1 Conc#0" [stack: 0x00000072fe200000,0x00000072fe300000] [id=15156]
  0x000001dff0d002a0 ConcurrentGCThread "G1 Conc#1" [stack: 0x00000072ffe00000,0x00000072fff00000] [id=22864]
  0x000001dff0ce0230 ConcurrentGCThread "G1 Conc#2" [stack: 0x00000072fff00000,0x0000007300000000] [id=23980]
  0x000001dfe058e070 ConcurrentGCThread "G1 Refine#0" [stack: 0x00000072fe300000,0x00000072fe400000] [id=18132]
  0x000001dff16ee640 ConcurrentGCThread "G1 Refine#1" [stack: 0x0000007281f00000,0x0000007282000000] [id=19052]
  0x000001dff153e7b0 ConcurrentGCThread "G1 Refine#2" [stack: 0x0000007282000000,0x0000007282100000] [id=22216]
  0x000001dff1770be0 ConcurrentGCThread "G1 Refine#3" [stack: 0x0000007282100000,0x0000007282200000] [id=19616]
  0x000001dff1770340 ConcurrentGCThread "G1 Refine#4" [stack: 0x0000007282200000,0x0000007282300000] [id=8064]
  0x000001dff1770620 ConcurrentGCThread "G1 Refine#5" [stack: 0x0000007282600000,0x0000007282700000] [id=23040]
  0x000001dff1770900 ConcurrentGCThread "G1 Refine#6" [stack: 0x0000007282800000,0x0000007282900000] [id=20416]
  0x000001dff1ce4450 ConcurrentGCThread "G1 Refine#7" [stack: 0x0000007280a00000,0x0000007280b00000] [id=24200]
  0x000001dff1ce4cf0 ConcurrentGCThread "G1 Refine#8" [stack: 0x0000007280b00000,0x0000007280c00000] [id=20280]
  0x000001dff1ce7250 ConcurrentGCThread "G1 Refine#9" [stack: 0x0000007280c00000,0x0000007280d00000] [id=22612]
  0x000001dfe058e840 ConcurrentGCThread "G1 Service" [stack: 0x00000072fe400000,0x00000072fe500000] [id=22896]

Threads with active compile tasks:

VM state: at safepoint (normal execution)

VM Mutex/Monitor currently owned by a thread:  ([mutex/lock_event])
[0x000001dfde1cd8a0] Threads_lock - owner thread: 0x000001dfeb79de40
[0x000001dfde28c480] Heap_lock - owner thread: 0x000001dff12a2030

Heap address: 0x00000000c0000000, size: 1024 MB, Compressed Oops mode: 32-bit

CDS archive(s) not mapped
Compressed class space mapped at: 0x0000000100000000-0x0000000140000000, reserved size: 1073741824
Narrow klass base: 0x0000000000000000, Narrow klass shift: 3, Narrow klass range: 0x140000000

GC Precious Log:
 CPUs: 12 total, 12 available
 Memory: 16160M
 Large Page Support: Disabled
 NUMA Support: Disabled
 Compressed Oops: Enabled (32-bit)
 Heap Region Size: 1M
 Heap Min Capacity: 8M
 Heap Initial Capacity: 254M
 Heap Max Capacity: 1G
 Pre-touch: Disabled
 Parallel Workers: 10
 Concurrent Workers: 3
 Concurrent Refinement Workers: 10
 Periodic GC: Disabled

Heap:
 garbage-first heap   total 211968K, used 61018K [0x00000000c0000000, 0x0000000100000000)
  region size 1024K, 2 young (2048K), 0 survivors (0K)
 Metaspace       used 75257K, committed 75776K, reserved 1179648K
  class space    used 10277K, committed 10496K, reserved 1048576K

Heap Regions: E=young(eden), S=young(survivor), O=old, HS=humongous(starts), HC=humongous(continues), CS=collection set, F=free, OA=open archive, CA=closed archive, TAMS=top-at-mark-start (previous, next)
|   0|0x00000000c0000000, 0x00000000c0100000, 0x00000000c0100000|100%|HS|  |TAMS 0x00000000c0100000, 0x00000000c0000000| Untracked 
|   1|0x00000000c0100000, 0x00000000c0200000, 0x00000000c0200000|100%| O|  |TAMS 0x00000000c0200000, 0x00000000c0100000| Untracked 
|   2|0x00000000c0200000, 0x00000000c0300000, 0x00000000c0300000|100%| O|  |TAMS 0x00000000c0300000, 0x00000000c0200000| Untracked 
|   3|0x00000000c0300000, 0x00000000c0400000, 0x00000000c0400000|100%| O|  |TAMS 0x00000000c0400000, 0x00000000c0300000| Untracked 
|   4|0x00000000c0400000, 0x00000000c0500000, 0x00000000c0500000|100%| O|  |TAMS 0x00000000c0500000, 0x00000000c0400000| Untracked 
|   5|0x00000000c0500000, 0x00000000c0600000, 0x00000000c0600000|100%| O|  |TAMS 0x00000000c0600000, 0x00000000c0500000| Untracked 
|   6|0x00000000c0600000, 0x00000000c0700000, 0x00000000c0700000|100%| O|  |TAMS 0x00000000c0700000, 0x00000000c0600000| Untracked 
|   7|0x00000000c0700000, 0x00000000c07ffff0, 0x00000000c0800000| 99%| O|  |TAMS 0x00000000c07ffff0, 0x00000000c0700000| Untracked 
|   8|0x00000000c0800000, 0x00000000c0900000, 0x00000000c0900000|100%| O|  |TAMS 0x00000000c0900000, 0x00000000c0800000| Untracked 
|   9|0x00000000c0900000, 0x00000000c09fffe8, 0x00000000c0a00000| 99%| O|  |TAMS 0x00000000c0900000, 0x00000000c0900000| Untracked 
|  10|0x00000000c0a00000, 0x00000000c0afffe8, 0x00000000c0b00000| 99%| O|  |TAMS 0x00000000c0afffe8, 0x00000000c0a00000| Untracked 
|  11|0x00000000c0b00000, 0x00000000c0c00000, 0x00000000c0c00000|100%| O|  |TAMS 0x00000000c0c00000, 0x00000000c0b00000| Untracked 
|  12|0x00000000c0c00000, 0x00000000c0d00000, 0x00000000c0d00000|100%| O|  |TAMS 0x00000000c0d00000, 0x00000000c0c00000| Untracked 
|  13|0x00000000c0d00000, 0x00000000c0e00000, 0x00000000c0e00000|100%| O|  |TAMS 0x00000000c0e00000, 0x00000000c0d00000| Untracked 
|  14|0x00000000c0e00000, 0x00000000c0effff0, 0x00000000c0f00000| 99%| O|  |TAMS 0x00000000c0effff0, 0x00000000c0e00000| Untracked 
|  15|0x00000000c0f00000, 0x00000000c0ffffe8, 0x00000000c1000000| 99%| O|  |TAMS 0x00000000c0ffffe8, 0x00000000c0f00000| Untracked 
|  16|0x00000000c1000000, 0x00000000c1100000, 0x00000000c1100000|100%| O|  |TAMS 0x00000000c1100000, 0x00000000c1000000| Untracked 
|  17|0x00000000c1100000, 0x00000000c1200000, 0x00000000c1200000|100%| O|  |TAMS 0x00000000c1200000, 0x00000000c1100000| Untracked 
|  18|0x00000000c1200000, 0x00000000c12fffa0, 0x00000000c1300000| 99%| O|  |TAMS 0x00000000c12fffa0, 0x00000000c1200000| Untracked 
|  19|0x00000000c1300000, 0x00000000c1400000, 0x00000000c1400000|100%| O|  |TAMS 0x00000000c1400000, 0x00000000c1300000| Untracked 
|  20|0x00000000c1400000, 0x00000000c14fffb0, 0x00000000c1500000| 99%| O|  |TAMS 0x00000000c14fffb0, 0x00000000c1400000| Untracked 
|  21|0x00000000c1500000, 0x00000000c15ffff0, 0x00000000c1600000| 99%| O|  |TAMS 0x00000000c15ffff0, 0x00000000c1500000| Untracked 
|  22|0x00000000c1600000, 0x00000000c16ff958, 0x00000000c1700000| 99%| O|  |TAMS 0x00000000c16ff958, 0x00000000c1600000| Untracked 
|  23|0x00000000c1700000, 0x00000000c1800000, 0x00000000c1800000|100%| O|  |TAMS 0x00000000c1800000, 0x00000000c1700000| Untracked 
|  24|0x00000000c1800000, 0x00000000c18fffd8, 0x00000000c1900000| 99%| O|  |TAMS 0x00000000c18fffd8, 0x00000000c1800000| Untracked 
|  25|0x00000000c1900000, 0x00000000c19f4d50, 0x00000000c1a00000| 95%| O|  |TAMS 0x00000000c19f4d50, 0x00000000c1900000| Untracked 
|  26|0x00000000c1a00000, 0x00000000c1afff38, 0x00000000c1b00000| 99%| O|  |TAMS 0x00000000c1afff38, 0x00000000c1a00000| Untracked 
|  27|0x00000000c1b00000, 0x00000000c1bfffe0, 0x00000000c1c00000| 99%| O|  |TAMS 0x00000000c1bfffe0, 0x00000000c1b00000| Untracked 
|  28|0x00000000c1c00000, 0x00000000c1cffc40, 0x00000000c1d00000| 99%| O|  |TAMS 0x00000000c1cffc40, 0x00000000c1c00000| Untracked 
|  29|0x00000000c1d00000, 0x00000000c1df8680, 0x00000000c1e00000| 97%| O|  |TAMS 0x00000000c1d00000, 0x00000000c1d00000| Untracked 
|  30|0x00000000c1e00000, 0x00000000c1effff0, 0x00000000c1f00000| 99%| O|  |TAMS 0x00000000c1effff0, 0x00000000c1e00000| Untracked 
|  31|0x00000000c1f00000, 0x00000000c1ffff70, 0x00000000c2000000| 99%| O|  |TAMS 0x00000000c1f00000, 0x00000000c1f00000| Untracked 
|  32|0x00000000c2000000, 0x00000000c20ffff8, 0x00000000c2100000| 99%| O|  |TAMS 0x00000000c2000000, 0x00000000c2000000| Untracked 
|  33|0x00000000c2100000, 0x00000000c21f9350, 0x00000000c2200000| 97%| O|  |TAMS 0x00000000c2100000, 0x00000000c2100000| Untracked 
|  34|0x00000000c2200000, 0x00000000c2300000, 0x00000000c2300000|100%| O|  |TAMS 0x00000000c2200000, 0x00000000c2200000| Untracked 
|  35|0x00000000c2300000, 0x00000000c23fffd8, 0x00000000c2400000| 99%| O|  |TAMS 0x00000000c23fffd8, 0x00000000c2300000| Untracked 
|  36|0x00000000c2400000, 0x00000000c24fffe8, 0x00000000c2500000| 99%| O|  |TAMS 0x00000000c24fffe8, 0x00000000c2400000| Untracked 
|  37|0x00000000c2500000, 0x00000000c25ffff8, 0x00000000c2600000| 99%| O|  |TAMS 0x00000000c2500000, 0x00000000c2500000| Untracked 
|  38|0x00000000c2600000, 0x00000000c26ea258, 0x00000000c2700000| 91%| O|  |TAMS 0x00000000c2600000, 0x00000000c2600000| Untracked 
|  39|0x00000000c2700000, 0x00000000c27ffea0, 0x00000000c2800000| 99%| O|  |TAMS 0x00000000c27ffea0, 0x00000000c2700000| Untracked 
|  40|0x00000000c2800000, 0x00000000c28fffb8, 0x00000000c2900000| 99%| O|  |TAMS 0x00000000c2800000, 0x00000000c2800000| Untracked 
|  41|0x00000000c2900000, 0x00000000c2a00000, 0x00000000c2a00000|100%| O|  |TAMS 0x00000000c2a00000, 0x00000000c2900000| Untracked 
|  42|0x00000000c2a00000, 0x00000000c2b00000, 0x00000000c2b00000|100%| O|  |TAMS 0x00000000c2a00000, 0x00000000c2a00000| Untracked 
|  43|0x00000000c2b00000, 0x00000000c2bfffe8, 0x00000000c2c00000| 99%| O|  |TAMS 0x00000000c2bfffe8, 0x00000000c2b00000| Untracked 
|  44|0x00000000c2c00000, 0x00000000c2d00000, 0x00000000c2d00000|100%| O|  |TAMS 0x00000000c2d00000, 0x00000000c2c00000| Untracked 
|  45|0x00000000c2d00000, 0x00000000c2dfffb8, 0x00000000c2e00000| 99%| O|  |TAMS 0x00000000c2d00000, 0x00000000c2d00000| Untracked 
|  46|0x00000000c2e00000, 0x00000000c2efffe8, 0x00000000c2f00000| 99%| O|  |TAMS 0x00000000c2e00000, 0x00000000c2e00000| Untracked 
|  47|0x00000000c2f00000, 0x00000000c2fc2030, 0x00000000c3000000| 75%| O|  |TAMS 0x00000000c2f00000, 0x00000000c2f00000| Untracked 
|  48|0x00000000c3000000, 0x00000000c3000000, 0x00000000c3100000|  0%| F|  |TAMS 0x00000000c3000000, 0x00000000c3000000| Untracked 
|  49|0x00000000c3100000, 0x00000000c3100000, 0x00000000c3200000|  0%| F|  |TAMS 0x00000000c3100000, 0x00000000c3100000| Untracked 
|  50|0x00000000c3200000, 0x00000000c3200000, 0x00000000c3300000|  0%| F|  |TAMS 0x00000000c3200000, 0x00000000c3200000| Untracked 
|  51|0x00000000c3300000, 0x00000000c3300000, 0x00000000c3400000|  0%| F|  |TAMS 0x00000000c3300000, 0x00000000c3300000| Untracked 
|  52|0x00000000c3400000, 0x00000000c34ffff8, 0x00000000c3500000| 99%| O|  |TAMS 0x00000000c34ffff8, 0x00000000c3400000| Untracked 
|  53|0x00000000c3500000, 0x00000000c3600000, 0x00000000c3600000|100%| O|  |TAMS 0x00000000c3600000, 0x00000000c3500000| Untracked 
|  54|0x00000000c3600000, 0x00000000c3692b20, 0x00000000c3700000| 57%| O|  |TAMS 0x00000000c3600000, 0x00000000c3600000| Untracked 
|  55|0x00000000c3700000, 0x00000000c37ffff8, 0x00000000c3800000| 99%| O|  |TAMS 0x00000000c37ffff8, 0x00000000c3700000| Untracked 
|  56|0x00000000c3800000, 0x00000000c3800000, 0x00000000c3900000|  0%| F|  |TAMS 0x00000000c3800000, 0x00000000c3800000| Untracked 
|  57|0x00000000c3900000, 0x00000000c3900000, 0x00000000c3a00000|  0%| F|  |TAMS 0x00000000c3900000, 0x00000000c3900000| Untracked 
|  58|0x00000000c3a00000, 0x00000000c3a00000, 0x00000000c3b00000|  0%| F|  |TAMS 0x00000000c3a00000, 0x00000000c3a00000| Untracked 
|  59|0x00000000c3b00000, 0x00000000c3c00000, 0x00000000c3c00000|100%| O|  |TAMS 0x00000000c3b00000, 0x00000000c3b00000| Untracked 
|  60|0x00000000c3c00000, 0x00000000c3c458b8, 0x00000000c3d00000| 27%| O|  |TAMS 0x00000000c3c00000, 0x00000000c3c00000| Untracked 
|  61|0x00000000c3d00000, 0x00000000c3d00000, 0x00000000c3e00000|  0%| F|  |TAMS 0x00000000c3d00000, 0x00000000c3d00000| Untracked 
|  62|0x00000000c3e00000, 0x00000000c3effff0, 0x00000000c3f00000| 99%| O|  |TAMS 0x00000000c3e00000, 0x00000000c3e00000| Untracked 
|  63|0x00000000c3f00000, 0x00000000c3f00000, 0x00000000c4000000|  0%| F|  |TAMS 0x00000000c3f00000, 0x00000000c3f00000| Untracked 
|  64|0x00000000c4000000, 0x00000000c4000000, 0x00000000c4100000|  0%| F|  |TAMS 0x00000000c4000000, 0x00000000c4000000| Untracked 
|  65|0x00000000c4100000, 0x00000000c4200000, 0x00000000c4200000|100%|HS|  |TAMS 0x00000000c4200000, 0x00000000c4100000| Untracked 
|  66|0x00000000c4200000, 0x00000000c4200000, 0x00000000c4300000|  0%| F|  |TAMS 0x00000000c4200000, 0x00000000c4200000| Untracked 
|  67|0x00000000c4300000, 0x00000000c4300000, 0x00000000c4400000|  0%| F|  |TAMS 0x00000000c4300000, 0x00000000c4300000| Untracked 
|  68|0x00000000c4400000, 0x00000000c4400000, 0x00000000c4500000|  0%| F|  |TAMS 0x00000000c4400000, 0x00000000c4400000| Untracked 
|  69|0x00000000c4500000, 0x00000000c4500000, 0x00000000c4600000|  0%| F|  |TAMS 0x00000000c4500000, 0x00000000c4500000| Untracked 
|  70|0x00000000c4600000, 0x00000000c4600000, 0x00000000c4700000|  0%| F|  |TAMS 0x00000000c4600000, 0x00000000c4600000| Untracked 
|  71|0x00000000c4700000, 0x00000000c4700000, 0x00000000c4800000|  0%| F|  |TAMS 0x00000000c4700000, 0x00000000c4700000| Untracked 
|  72|0x00000000c4800000, 0x00000000c4800000, 0x00000000c4900000|  0%| F|  |TAMS 0x00000000c4800000, 0x00000000c4800000| Untracked 
|  73|0x00000000c4900000, 0x00000000c4900000, 0x00000000c4a00000|  0%| F|  |TAMS 0x00000000c4900000, 0x00000000c4900000| Untracked 
|  74|0x00000000c4a00000, 0x00000000c4a00000, 0x00000000c4b00000|  0%| F|  |TAMS 0x00000000c4a00000, 0x00000000c4a00000| Untracked 
|  75|0x00000000c4b00000, 0x00000000c4b00000, 0x00000000c4c00000|  0%| F|  |TAMS 0x00000000c4b00000, 0x00000000c4b00000| Untracked 
|  76|0x00000000c4c00000, 0x00000000c4c00000, 0x00000000c4d00000|  0%| F|  |TAMS 0x00000000c4c00000, 0x00000000c4c00000| Untracked 
|  77|0x00000000c4d00000, 0x00000000c4d00000, 0x00000000c4e00000|  0%| F|  |TAMS 0x00000000c4d00000, 0x00000000c4d00000| Untracked 
|  78|0x00000000c4e00000, 0x00000000c4e00000, 0x00000000c4f00000|  0%| F|  |TAMS 0x00000000c4e00000, 0x00000000c4e00000| Untracked 
|  79|0x00000000c4f00000, 0x00000000c4f00000, 0x00000000c5000000|  0%| F|  |TAMS 0x00000000c4f00000, 0x00000000c4f00000| Untracked 
|  80|0x00000000c5000000, 0x00000000c5000000, 0x00000000c5100000|  0%| F|  |TAMS 0x00000000c5000000, 0x00000000c5000000| Untracked 
|  81|0x00000000c5100000, 0x00000000c5100000, 0x00000000c5200000|  0%| F|  |TAMS 0x00000000c5100000, 0x00000000c5100000| Untracked 
|  82|0x00000000c5200000, 0x00000000c5200000, 0x00000000c5300000|  0%| F|  |TAMS 0x00000000c5200000, 0x00000000c5200000| Untracked 
|  83|0x00000000c5300000, 0x00000000c53fffe8, 0x00000000c5400000| 99%| O|  |TAMS 0x00000000c5300000, 0x00000000c5300000| Untracked 
|  84|0x00000000c5400000, 0x00000000c5400000, 0x00000000c5500000|  0%| F|  |TAMS 0x00000000c5400000, 0x00000000c5400000| Untracked 
|  85|0x00000000c5500000, 0x00000000c5500000, 0x00000000c5600000|  0%| F|  |TAMS 0x00000000c5500000, 0x00000000c5500000| Untracked 
|  86|0x00000000c5600000, 0x00000000c5691870, 0x00000000c5700000| 56%| O|  |TAMS 0x00000000c5600000, 0x00000000c5600000| Untracked 
|  87|0x00000000c5700000, 0x00000000c5700000, 0x00000000c5800000|  0%| F|  |TAMS 0x00000000c5700000, 0x00000000c5700000| Untracked 
|  88|0x00000000c5800000, 0x00000000c5800000, 0x00000000c5900000|  0%| F|  |TAMS 0x00000000c5800000, 0x00000000c5800000| Untracked 
|  89|0x00000000c5900000, 0x00000000c59d1398, 0x00000000c5a00000| 81%| O|  |TAMS 0x00000000c5900000, 0x00000000c5900000| Untracked 
|  90|0x00000000c5a00000, 0x00000000c5a865a8, 0x00000000c5b00000| 52%| O|  |TAMS 0x00000000c5a00000, 0x00000000c5a00000| Untracked 
|  91|0x00000000c5b00000, 0x00000000c5b00000, 0x00000000c5c00000|  0%| F|  |TAMS 0x00000000c5b00000, 0x00000000c5b00000| Untracked 
|  92|0x00000000c5c00000, 0x00000000c5c00000, 0x00000000c5d00000|  0%| F|  |TAMS 0x00000000c5c00000, 0x00000000c5c00000| Untracked 
|  93|0x00000000c5d00000, 0x00000000c5d00000, 0x00000000c5e00000|  0%| F|  |TAMS 0x00000000c5d00000, 0x00000000c5d00000| Untracked 
|  94|0x00000000c5e00000, 0x00000000c5e00000, 0x00000000c5f00000|  0%| F|  |TAMS 0x00000000c5e00000, 0x00000000c5e00000| Untracked 
|  95|0x00000000c5f00000, 0x00000000c5f00000, 0x00000000c6000000|  0%| F|  |TAMS 0x00000000c5f00000, 0x00000000c5f00000| Untracked 
|  96|0x00000000c6000000, 0x00000000c6000000, 0x00000000c6100000|  0%| F|  |TAMS 0x00000000c6000000, 0x00000000c6000000| Untracked 
|  97|0x00000000c6100000, 0x00000000c6100000, 0x00000000c6200000|  0%| F|  |TAMS 0x00000000c6100000, 0x00000000c6100000| Untracked 
|  98|0x00000000c6200000, 0x00000000c6200000, 0x00000000c6300000|  0%| F|  |TAMS 0x00000000c6200000, 0x00000000c6200000| Untracked 
|  99|0x00000000c6300000, 0x00000000c6300000, 0x00000000c6400000|  0%| F|  |TAMS 0x00000000c6300000, 0x00000000c6300000| Untracked 
| 100|0x00000000c6400000, 0x00000000c6400000, 0x00000000c6500000|  0%| F|  |TAMS 0x00000000c6400000, 0x00000000c6400000| Untracked 
| 101|0x00000000c6500000, 0x00000000c6500000, 0x00000000c6600000|  0%| F|  |TAMS 0x00000000c6500000, 0x00000000c6500000| Untracked 
| 102|0x00000000c6600000, 0x00000000c6600000, 0x00000000c6700000|  0%| F|  |TAMS 0x00000000c6600000, 0x00000000c6600000| Untracked 
| 103|0x00000000c6700000, 0x00000000c6700000, 0x00000000c6800000|  0%| F|  |TAMS 0x00000000c6700000, 0x00000000c6700000| Untracked 
| 104|0x00000000c6800000, 0x00000000c6800000, 0x00000000c6900000|  0%| F|  |TAMS 0x00000000c6800000, 0x00000000c6800000| Untracked 
| 105|0x00000000c6900000, 0x00000000c6900000, 0x00000000c6a00000|  0%| F|  |TAMS 0x00000000c6900000, 0x00000000c6900000| Untracked 
| 106|0x00000000c6a00000, 0x00000000c6a00000, 0x00000000c6b00000|  0%| F|  |TAMS 0x00000000c6a00000, 0x00000000c6a00000| Untracked 
| 107|0x00000000c6b00000, 0x00000000c6b00000, 0x00000000c6c00000|  0%| F|  |TAMS 0x00000000c6b00000, 0x00000000c6b00000| Untracked 
| 108|0x00000000c6c00000, 0x00000000c6c00000, 0x00000000c6d00000|  0%| F|  |TAMS 0x00000000c6c00000, 0x00000000c6c00000| Untracked 
| 109|0x00000000c6d00000, 0x00000000c6d00000, 0x00000000c6e00000|  0%| F|  |TAMS 0x00000000c6d00000, 0x00000000c6d00000| Untracked 
| 110|0x00000000c6e00000, 0x00000000c6e00000, 0x00000000c6f00000|  0%| F|  |TAMS 0x00000000c6e00000, 0x00000000c6e00000| Untracked 
| 111|0x00000000c6f00000, 0x00000000c6f00000, 0x00000000c7000000|  0%| F|  |TAMS 0x00000000c6f00000, 0x00000000c6f00000| Untracked 
| 112|0x00000000c7000000, 0x00000000c7000000, 0x00000000c7100000|  0%| F|  |TAMS 0x00000000c7000000, 0x00000000c7000000| Untracked 
| 113|0x00000000c7100000, 0x00000000c7100000, 0x00000000c7200000|  0%| F|  |TAMS 0x00000000c7100000, 0x00000000c7100000| Untracked 
| 114|0x00000000c7200000, 0x00000000c7200000, 0x00000000c7300000|  0%| F|  |TAMS 0x00000000c7200000, 0x00000000c7200000| Untracked 
| 115|0x00000000c7300000, 0x00000000c7300000, 0x00000000c7400000|  0%| F|  |TAMS 0x00000000c7300000, 0x00000000c7300000| Untracked 
| 116|0x00000000c7400000, 0x00000000c7400000, 0x00000000c7500000|  0%| F|  |TAMS 0x00000000c7400000, 0x00000000c7400000| Untracked 
| 117|0x00000000c7500000, 0x00000000c7500000, 0x00000000c7600000|  0%| F|  |TAMS 0x00000000c7500000, 0x00000000c7500000| Untracked 
| 118|0x00000000c7600000, 0x00000000c7600000, 0x00000000c7700000|  0%| F|  |TAMS 0x00000000c7600000, 0x00000000c7600000| Untracked 
| 119|0x00000000c7700000, 0x00000000c7700000, 0x00000000c7800000|  0%| F|  |TAMS 0x00000000c7700000, 0x00000000c7700000| Untracked 
| 120|0x00000000c7800000, 0x00000000c78ffff0, 0x00000000c7900000| 99%| O|  |TAMS 0x00000000c78ffff0, 0x00000000c7800000| Untracked 
| 121|0x00000000c7900000, 0x00000000c7900000, 0x00000000c7a00000|  0%| F|  |TAMS 0x00000000c7900000, 0x00000000c7900000| Untracked 
| 122|0x00000000c7a00000, 0x00000000c7a00000, 0x00000000c7b00000|  0%| F|  |TAMS 0x00000000c7a00000, 0x00000000c7a00000| Untracked 
| 123|0x00000000c7b00000, 0x00000000c7b00000, 0x00000000c7c00000|  0%| F|  |TAMS 0x00000000c7b00000, 0x00000000c7b00000| Untracked 
| 124|0x00000000c7c00000, 0x00000000c7c00000, 0x00000000c7d00000|  0%| F|  |TAMS 0x00000000c7c00000, 0x00000000c7c00000| Untracked 
| 125|0x00000000c7d00000, 0x00000000c7d00000, 0x00000000c7e00000|  0%| F|  |TAMS 0x00000000c7d00000, 0x00000000c7d00000| Untracked 
| 126|0x00000000c7e00000, 0x00000000c7e00000, 0x00000000c7f00000|  0%| F|  |TAMS 0x00000000c7e00000, 0x00000000c7e00000| Untracked 
| 127|0x00000000c7f00000, 0x00000000c7f00000, 0x00000000c8000000|  0%| F|  |TAMS 0x00000000c7f00000, 0x00000000c7f00000| Untracked 
| 128|0x00000000c8000000, 0x00000000c8000000, 0x00000000c8100000|  0%| F|  |TAMS 0x00000000c8000000, 0x00000000c8000000| Untracked 
| 129|0x00000000c8100000, 0x00000000c8100000, 0x00000000c8200000|  0%| F|  |TAMS 0x00000000c8100000, 0x00000000c8100000| Untracked 
| 130|0x00000000c8200000, 0x00000000c8200000, 0x00000000c8300000|  0%| F|  |TAMS 0x00000000c8200000, 0x00000000c8200000| Untracked 
| 131|0x00000000c8300000, 0x00000000c8300000, 0x00000000c8400000|  0%| F|  |TAMS 0x00000000c8300000, 0x00000000c8300000| Untracked 
| 132|0x00000000c8400000, 0x00000000c8400000, 0x00000000c8500000|  0%| F|  |TAMS 0x00000000c8400000, 0x00000000c8400000| Untracked 
| 133|0x00000000c8500000, 0x00000000c8500000, 0x00000000c8600000|  0%| F|  |TAMS 0x00000000c8500000, 0x00000000c8500000| Untracked 
| 134|0x00000000c8600000, 0x00000000c8600000, 0x00000000c8700000|  0%| F|  |TAMS 0x00000000c8600000, 0x00000000c8600000| Untracked 
| 135|0x00000000c8700000, 0x00000000c8700000, 0x00000000c8800000|  0%| F|  |TAMS 0x00000000c8700000, 0x00000000c8700000| Untracked 
| 136|0x00000000c8800000, 0x00000000c8800000, 0x00000000c8900000|  0%| F|  |TAMS 0x00000000c8800000, 0x00000000c8800000| Untracked 
| 137|0x00000000c8900000, 0x00000000c8900000, 0x00000000c8a00000|  0%| F|  |TAMS 0x00000000c8900000, 0x00000000c8900000| Untracked 
| 138|0x00000000c8a00000, 0x00000000c8a00000, 0x00000000c8b00000|  0%| F|  |TAMS 0x00000000c8a00000, 0x00000000c8a00000| Untracked 
| 139|0x00000000c8b00000, 0x00000000c8b00000, 0x00000000c8c00000|  0%| F|  |TAMS 0x00000000c8b00000, 0x00000000c8b00000| Untracked 
| 140|0x00000000c8c00000, 0x00000000c8c00000, 0x00000000c8d00000|  0%| F|  |TAMS 0x00000000c8c00000, 0x00000000c8c00000| Untracked 
| 141|0x00000000c8d00000, 0x00000000c8d00000, 0x00000000c8e00000|  0%| F|  |TAMS 0x00000000c8d00000, 0x00000000c8d00000| Untracked 
| 142|0x00000000c8e00000, 0x00000000c8e00000, 0x00000000c8f00000|  0%| F|  |TAMS 0x00000000c8e00000, 0x00000000c8e00000| Untracked 
| 143|0x00000000c8f00000, 0x00000000c8f00000, 0x00000000c9000000|  0%| F|  |TAMS 0x00000000c8f00000, 0x00000000c8f00000| Untracked 
| 144|0x00000000c9000000, 0x00000000c9000000, 0x00000000c9100000|  0%| F|  |TAMS 0x00000000c9000000, 0x00000000c9000000| Untracked 
| 145|0x00000000c9100000, 0x00000000c9100000, 0x00000000c9200000|  0%| F|  |TAMS 0x00000000c9100000, 0x00000000c9100000| Untracked 
| 146|0x00000000c9200000, 0x00000000c9200000, 0x00000000c9300000|  0%| F|  |TAMS 0x00000000c9200000, 0x00000000c9200000| Untracked 
| 147|0x00000000c9300000, 0x00000000c9300000, 0x00000000c9400000|  0%| F|  |TAMS 0x00000000c9300000, 0x00000000c9300000| Untracked 
| 148|0x00000000c9400000, 0x00000000c9400000, 0x00000000c9500000|  0%| F|  |TAMS 0x00000000c9400000, 0x00000000c9400000| Untracked 
| 149|0x00000000c9500000, 0x00000000c9500000, 0x00000000c9600000|  0%| F|  |TAMS 0x00000000c9500000, 0x00000000c9500000| Untracked 
| 150|0x00000000c9600000, 0x00000000c9600000, 0x00000000c9700000|  0%| F|  |TAMS 0x00000000c9600000, 0x00000000c9600000| Untracked 
| 151|0x00000000c9700000, 0x00000000c9700000, 0x00000000c9800000|  0%| F|  |TAMS 0x00000000c9700000, 0x00000000c9700000| Untracked 
| 152|0x00000000c9800000, 0x00000000c9800000, 0x00000000c9900000|  0%| F|  |TAMS 0x00000000c9800000, 0x00000000c9800000| Untracked 
| 153|0x00000000c9900000, 0x00000000c9900000, 0x00000000c9a00000|  0%| F|  |TAMS 0x00000000c9900000, 0x00000000c9900000| Untracked 
| 154|0x00000000c9a00000, 0x00000000c9a00000, 0x00000000c9b00000|  0%| F|  |TAMS 0x00000000c9a00000, 0x00000000c9a00000| Untracked 
| 155|0x00000000c9b00000, 0x00000000c9b00000, 0x00000000c9c00000|  0%| F|  |TAMS 0x00000000c9b00000, 0x00000000c9b00000| Untracked 
| 156|0x00000000c9c00000, 0x00000000c9c00000, 0x00000000c9d00000|  0%| F|  |TAMS 0x00000000c9c00000, 0x00000000c9c00000| Untracked 
| 157|0x00000000c9d00000, 0x00000000c9d00000, 0x00000000c9e00000|  0%| F|  |TAMS 0x00000000c9d00000, 0x00000000c9d00000| Untracked 
| 158|0x00000000c9e00000, 0x00000000c9e00000, 0x00000000c9f00000|  0%| F|  |TAMS 0x00000000c9e00000, 0x00000000c9e00000| Untracked 
| 159|0x00000000c9f00000, 0x00000000c9f00000, 0x00000000ca000000|  0%| F|  |TAMS 0x00000000c9f00000, 0x00000000c9f00000| Untracked 
| 160|0x00000000ca000000, 0x00000000ca000000, 0x00000000ca100000|  0%| F|  |TAMS 0x00000000ca000000, 0x00000000ca000000| Untracked 
| 161|0x00000000ca100000, 0x00000000ca100000, 0x00000000ca200000|  0%| F|  |TAMS 0x00000000ca100000, 0x00000000ca100000| Untracked 
| 162|0x00000000ca200000, 0x00000000ca200000, 0x00000000ca300000|  0%| F|  |TAMS 0x00000000ca200000, 0x00000000ca200000| Untracked 
| 163|0x00000000ca300000, 0x00000000ca300000, 0x00000000ca400000|  0%| F|  |TAMS 0x00000000ca300000, 0x00000000ca300000| Untracked 
| 164|0x00000000ca400000, 0x00000000ca400000, 0x00000000ca500000|  0%| F|  |TAMS 0x00000000ca400000, 0x00000000ca400000| Untracked 
| 165|0x00000000ca500000, 0x00000000ca500000, 0x00000000ca600000|  0%| F|  |TAMS 0x00000000ca500000, 0x00000000ca500000| Untracked 
| 166|0x00000000ca600000, 0x00000000ca600000, 0x00000000ca700000|  0%| F|  |TAMS 0x00000000ca600000, 0x00000000ca600000| Untracked 
| 167|0x00000000ca700000, 0x00000000ca700000, 0x00000000ca800000|  0%| F|  |TAMS 0x00000000ca700000, 0x00000000ca700000| Untracked 
| 168|0x00000000ca800000, 0x00000000ca800000, 0x00000000ca900000|  0%| F|  |TAMS 0x00000000ca800000, 0x00000000ca800000| Untracked 
| 169|0x00000000ca900000, 0x00000000ca900000, 0x00000000caa00000|  0%| F|  |TAMS 0x00000000ca900000, 0x00000000ca900000| Untracked 
| 170|0x00000000caa00000, 0x00000000caa00000, 0x00000000cab00000|  0%| F|  |TAMS 0x00000000caa00000, 0x00000000caa00000| Untracked 
| 171|0x00000000cab00000, 0x00000000cab43af8, 0x00000000cac00000| 26%| O|  |TAMS 0x00000000cab00000, 0x00000000cab00000| Untracked 
| 172|0x00000000cac00000, 0x00000000cac00000, 0x00000000cad00000|  0%| F|  |TAMS 0x00000000cac00000, 0x00000000cac00000| Untracked 
| 173|0x00000000cad00000, 0x00000000cad00000, 0x00000000cae00000|  0%| F|  |TAMS 0x00000000cad00000, 0x00000000cad00000| Untracked 
| 174|0x00000000cae00000, 0x00000000cae00000, 0x00000000caf00000|  0%| F|  |TAMS 0x00000000cae00000, 0x00000000cae00000| Untracked 
| 175|0x00000000caf00000, 0x00000000caf00000, 0x00000000cb000000|  0%| F|  |TAMS 0x00000000caf00000, 0x00000000caf00000| Untracked 
| 176|0x00000000cb000000, 0x00000000cb000000, 0x00000000cb100000|  0%| F|  |TAMS 0x00000000cb000000, 0x00000000cb000000| Untracked 
| 177|0x00000000cb100000, 0x00000000cb100000, 0x00000000cb200000|  0%| F|  |TAMS 0x00000000cb100000, 0x00000000cb100000| Untracked 
| 178|0x00000000cb200000, 0x00000000cb200000, 0x00000000cb300000|  0%| F|  |TAMS 0x00000000cb200000, 0x00000000cb200000| Untracked 
| 179|0x00000000cb300000, 0x00000000cb300000, 0x00000000cb400000|  0%| F|  |TAMS 0x00000000cb300000, 0x00000000cb300000| Untracked 
| 180|0x00000000cb400000, 0x00000000cb400000, 0x00000000cb500000|  0%| F|  |TAMS 0x00000000cb400000, 0x00000000cb400000| Untracked 
| 181|0x00000000cb500000, 0x00000000cb500000, 0x00000000cb600000|  0%| F|  |TAMS 0x00000000cb500000, 0x00000000cb500000| Untracked 
| 182|0x00000000cb600000, 0x00000000cb600000, 0x00000000cb700000|  0%| F|  |TAMS 0x00000000cb600000, 0x00000000cb600000| Untracked 
| 183|0x00000000cb700000, 0x00000000cb700000, 0x00000000cb800000|  0%| F|  |TAMS 0x00000000cb700000, 0x00000000cb700000| Untracked 
| 184|0x00000000cb800000, 0x00000000cb800000, 0x00000000cb900000|  0%| F|  |TAMS 0x00000000cb800000, 0x00000000cb800000| Untracked 
| 185|0x00000000cb900000, 0x00000000cb900000, 0x00000000cba00000|  0%| F|  |TAMS 0x00000000cb900000, 0x00000000cb900000| Untracked 
| 186|0x00000000cba00000, 0x00000000cba00000, 0x00000000cbb00000|  0%| F|  |TAMS 0x00000000cba00000, 0x00000000cba00000| Untracked 
| 187|0x00000000cbb00000, 0x00000000cbb00000, 0x00000000cbc00000|  0%| F|  |TAMS 0x00000000cbb00000, 0x00000000cbb00000| Untracked 
| 188|0x00000000cbc00000, 0x00000000cbc00000, 0x00000000cbd00000|  0%| F|  |TAMS 0x00000000cbc00000, 0x00000000cbc00000| Untracked 
| 189|0x00000000cbd00000, 0x00000000cbd00000, 0x00000000cbe00000|  0%| F|  |TAMS 0x00000000cbd00000, 0x00000000cbd00000| Untracked 
| 190|0x00000000cbe00000, 0x00000000cbe00000, 0x00000000cbf00000|  0%| F|  |TAMS 0x00000000cbe00000, 0x00000000cbe00000| Untracked 
| 191|0x00000000cbf00000, 0x00000000cbf00000, 0x00000000cc000000|  0%| F|  |TAMS 0x00000000cbf00000, 0x00000000cbf00000| Untracked 
| 192|0x00000000cc000000, 0x00000000cc000000, 0x00000000cc100000|  0%| F|  |TAMS 0x00000000cc000000, 0x00000000cc000000| Untracked 
| 193|0x00000000cc100000, 0x00000000cc100000, 0x00000000cc200000|  0%| F|  |TAMS 0x00000000cc100000, 0x00000000cc100000| Untracked 
| 194|0x00000000cc200000, 0x00000000cc200000, 0x00000000cc300000|  0%| F|  |TAMS 0x00000000cc200000, 0x00000000cc200000| Untracked 
| 195|0x00000000cc300000, 0x00000000cc300000, 0x00000000cc400000|  0%| F|  |TAMS 0x00000000cc300000, 0x00000000cc300000| Untracked 
| 196|0x00000000cc400000, 0x00000000cc400000, 0x00000000cc500000|  0%| F|  |TAMS 0x00000000cc400000, 0x00000000cc400000| Untracked 
| 197|0x00000000cc500000, 0x00000000cc500000, 0x00000000cc600000|  0%| F|  |TAMS 0x00000000cc500000, 0x00000000cc500000| Untracked 
| 198|0x00000000cc600000, 0x00000000cc600000, 0x00000000cc700000|  0%| F|  |TAMS 0x00000000cc600000, 0x00000000cc600000| Untracked 
| 199|0x00000000cc700000, 0x00000000cc700000, 0x00000000cc800000|  0%| F|  |TAMS 0x00000000cc700000, 0x00000000cc700000| Untracked 
| 200|0x00000000cc800000, 0x00000000cc800000, 0x00000000cc900000|  0%| F|  |TAMS 0x00000000cc800000, 0x00000000cc800000| Untracked 
| 201|0x00000000cc900000, 0x00000000cc900000, 0x00000000cca00000|  0%| F|  |TAMS 0x00000000cc900000, 0x00000000cc900000| Untracked 
| 202|0x00000000cca00000, 0x00000000cca00000, 0x00000000ccb00000|  0%| F|  |TAMS 0x00000000cca00000, 0x00000000cca00000| Untracked 
| 203|0x00000000ccb00000, 0x00000000ccb00000, 0x00000000ccc00000|  0%| F|  |TAMS 0x00000000ccb00000, 0x00000000ccb00000| Untracked 
| 204|0x00000000ccc00000, 0x00000000ccc00000, 0x00000000ccd00000|  0%| F|  |TAMS 0x00000000ccc00000, 0x00000000ccc00000| Untracked 
| 205|0x00000000ccd00000, 0x00000000ccd1a760, 0x00000000cce00000| 10%| E|  |TAMS 0x00000000ccd00000, 0x00000000ccd00000| Complete 
| 206|0x00000000cce00000, 0x00000000ccf00000, 0x00000000ccf00000|100%| E|CS|TAMS 0x00000000cce00000, 0x00000000cce00000| Complete 

Card table byte_map: [0x000001dfe6680000,0x000001dfe6880000] _byte_map_base: 0x000001dfe6080000

Marking Bits (Prev, Next): (CMBitMap*) 0x000001dfe0517190, (CMBitMap*) 0x000001dfe0517150
 Prev Bits: [0x000001dfe7a80000, 0x000001dfe8a80000)
 Next Bits: [0x000001dfe6a80000, 0x000001dfe7a80000)

Polling page: 0x000001dfde470000

Metaspace:

Usage:
  Non-class:     63.46 MB used.
      Class:     10.04 MB used.
       Both:     73.49 MB used.

Virtual space:
  Non-class space:      128.00 MB reserved,      63.75 MB ( 50%) committed,  2 nodes.
      Class space:        1.00 GB reserved,      10.25 MB (  1%) committed,  1 nodes.
             Both:        1.12 GB reserved,      74.00 MB (  6%) committed. 

Chunk freelists:
   Non-Class:  15.73 MB
       Class:  5.70 MB
        Both:  21.42 MB

MaxMetaspaceSize: unlimited
CompressedClassSpaceSize: 1.00 GB
Initial GC threshold: 21.00 MB
Current GC threshold: 123.38 MB
CDS: off
MetaspaceReclaimPolicy: balanced
 - commit_granule_bytes: 65536.
 - commit_granule_words: 8192.
 - virtual_space_node_default_size: 8388608.
 - enlarge_chunks_in_place: 1.
 - new_chunks_are_fully_committed: 0.
 - uncommit_free_chunks: 1.
 - use_allocation_guard: 0.
 - handle_deallocations: 1.


Internal statistics:

num_allocs_failed_limit: 6.
num_arena_births: 724.
num_arena_deaths: 0.
num_vsnodes_births: 3.
num_vsnodes_deaths: 0.
num_space_committed: 1184.
num_space_uncommitted: 0.
num_chunks_returned_to_freelist: 6.
num_chunks_taken_from_freelist: 3168.
num_chunk_merges: 6.
num_chunk_splits: 2280.
num_chunks_enlarged: 1760.
num_inconsistent_stats: 0.

CodeCache: size=49152Kb used=25271Kb max_used=26395Kb free=23880Kb
 bounds [0x000001dfe3150000, 0x000001dfe4b20000, 0x000001dfe6150000]
 total_blobs=14362 nmethods=13671 adapters=616
 compilation: enabled
              stopped_count=0, restarted_count=0
 full_count=0

Compilation events (20 events):
Event: 92.395 Thread 0x000001dfeb7f30f0 nmethod 13885 0x000001dfe4b14e90 code [0x000001dfe4b15020, 0x000001dfe4b150f8]
Event: 92.395 Thread 0x000001dff3410030 nmethod 13884 0x000001dfe4b15190 code [0x000001dfe4b15320, 0x000001dfe4b154a8]
Event: 92.396 Thread 0x000001dfeb7f30f0 13886       1       org.springframework.ide.vscode.commons.util.text.TextDocument::getLength (8 bytes)
Event: 92.396 Thread 0x000001dfeb7f30f0 nmethod 13886 0x000001dfe4b15590 code [0x000001dfe4b15720, 0x000001dfe4b15808]
Event: 92.396 Thread 0x000001dfeb7f30f0 13887       1       com.google.gson.stream.JsonWriter::value (40 bytes)
Event: 92.397 Thread 0x000001dfeb7f30f0 nmethod 13887 0x000001dfe4b15890 code [0x000001dfe4b15a60, 0x000001dfe4b15c88]
Event: 92.397 Thread 0x000001dfeb7f30f0 13888       1       org.springframework.ide.vscode.boot.java.handlers.BootJavaReconcileEngine$$Lambda$1254/0x0000000100957678::accept (8 bytes)
Event: 92.397 Thread 0x000001dff3410030 13889       1       org.springframework.ide.vscode.boot.java.handlers.BootJavaReconcileEngine::lambda$reconcile$12 (7 bytes)
Event: 92.397 Thread 0x000001dff380e700 13890       1       org.springframework.ide.vscode.commons.languageserver.util.SimpleLanguageServer$3::endCollecting (51 bytes)
Event: 92.397 Thread 0x000001dfeb7f30f0 nmethod 13888 0x000001dfe4b15d90 code [0x000001dfe4b15f20, 0x000001dfe4b16048]
Event: 92.397 Thread 0x000001dfeb7f30f0 13891       1       org.springframework.ide.vscode.commons.languageserver.util.SimpleTextDocumentService::setQuickfixes (27 bytes)
Event: 92.397 Thread 0x000001dff3410030 nmethod 13889 0x000001dfe4b16110 code [0x000001dfe4b162a0, 0x000001dfe4b16368]
Event: 92.397 Thread 0x000001dfeb7f30f0 nmethod 13891 0x000001dfe4b16410 code [0x000001dfe4b165c0, 0x000001dfe4b16718]
Event: 92.398 Thread 0x000001dff380e700 nmethod 13890 0x000001dfe4b16810 code [0x000001dfe4b16a00, 0x000001dfe4b16cf8]
Event: 104.587 Thread 0x000001dfeb7f30f0 13892       1       java.util.IdentityHashMap$KeyIterator::next (13 bytes)
Event: 104.587 Thread 0x000001dfeb7f30f0 nmethod 13892 0x000001dfe360ef90 code [0x000001dfe360f140, 0x000001dfe360f268]
Event: 104.587 Thread 0x000001dfeb7f30f0 13893       1       jdk.internal.misc.TerminatingThreadLocal::_threadTerminated (9 bytes)
Event: 104.587 Thread 0x000001dfeb7f30f0 nmethod 13893 0x000001dfe360ec10 code [0x000001dfe360edc0, 0x000001dfe360eed8]
Event: 125.540 Thread 0x000001dfeb7f30f0 13894       1       java.util.Collections$SynchronizedCollection::iterator (10 bytes)
Event: 125.540 Thread 0x000001dfeb7f30f0 nmethod 13894 0x000001dfe360e910 code [0x000001dfe360eaa0, 0x000001dfe360eb88]

GC Heap History (20 events):
Event: 90.056 GC heap before
{Heap before GC invocations=97 (full 4):
 garbage-first heap   total 389120K, used 261365K [0x00000000c0000000, 0x0000000100000000)
  region size 1024K, 159 young (162816K), 8 survivors (8192K)
 Metaspace       used 75257K, committed 75776K, reserved 1179648K
  class space    used 10277K, committed 10496K, reserved 1048576K
}
Event: 90.061 GC heap after
{Heap after GC invocations=98 (full 4):
 garbage-first heap   total 389120K, used 115189K [0x00000000c0000000, 0x0000000100000000)
  region size 1024K, 16 young (16384K), 16 survivors (16384K)
 Metaspace       used 75257K, committed 75776K, reserved 1179648K
  class space    used 10277K, committed 10496K, reserved 1048576K
}
Event: 90.081 GC heap before
{Heap before GC invocations=98 (full 4):
 garbage-first heap   total 389120K, used 272885K [0x00000000c0000000, 0x0000000100000000)
  region size 1024K, 171 young (175104K), 16 survivors (16384K)
 Metaspace       used 75257K, committed 75776K, reserved 1179648K
  class space    used 10277K, committed 10496K, reserved 1048576K
}
Event: 90.090 GC heap after
{Heap after GC invocations=99 (full 4):
 garbage-first heap   total 625664K, used 123570K [0x00000000c0000000, 0x0000000100000000)
  region size 1024K, 16 young (16384K), 16 survivors (16384K)
 Metaspace       used 75257K, committed 75776K, reserved 1179648K
  class space    used 10277K, committed 10496K, reserved 1048576K
}
Event: 90.191 GC heap before
{Heap before GC invocations=100 (full 4):
 garbage-first heap   total 625664K, used 428722K [0x00000000c0000000, 0x0000000100000000)
  region size 1024K, 315 young (322560K), 16 survivors (16384K)
 Metaspace       used 75257K, committed 75776K, reserved 1179648K
  class space    used 10277K, committed 10496K, reserved 1048576K
}
Event: 90.200 GC heap after
{Heap after GC invocations=101 (full 4):
 garbage-first heap   total 625664K, used 138775K [0x00000000c0000000, 0x0000000100000000)
  region size 1024K, 31 young (31744K), 31 survivors (31744K)
 Metaspace       used 75257K, committed 75776K, reserved 1179648K
  class space    used 10277K, committed 10496K, reserved 1048576K
}
Event: 90.202 GC heap before
{Heap before GC invocations=101 (full 4):
 garbage-first heap   total 625664K, used 144919K [0x00000000c0000000, 0x0000000100000000)
  region size 1024K, 38 young (38912K), 31 survivors (31744K)
 Metaspace       used 75257K, committed 75776K, reserved 1179648K
  class space    used 10277K, committed 10496K, reserved 1048576K
}
Event: 90.211 GC heap after
{Heap after GC invocations=102 (full 4):
 garbage-first heap   total 625664K, used 139786K [0x00000000c0000000, 0x0000000100000000)
  region size 1024K, 5 young (5120K), 5 survivors (5120K)
 Metaspace       used 75257K, committed 75776K, reserved 1179648K
  class space    used 10277K, committed 10496K, reserved 1048576K
}
Event: 90.254 GC heap before
{Heap before GC invocations=102 (full 4):
 garbage-first heap   total 625664K, used 449034K [0x00000000c0000000, 0x0000000100000000)
  region size 1024K, 308 young (315392K), 5 survivors (5120K)
 Metaspace       used 75257K, committed 75776K, reserved 1179648K
  class space    used 10277K, committed 10496K, reserved 1048576K
}
Event: 90.261 GC heap after
{Heap after GC invocations=103 (full 4):
 garbage-first heap   total 625664K, used 151864K [0x00000000c0000000, 0x0000000100000000)
  region size 1024K, 17 young (17408K), 17 survivors (17408K)
 Metaspace       used 75257K, committed 75776K, reserved 1179648K
  class space    used 10277K, committed 10496K, reserved 1048576K
}
Event: 90.269 GC heap before
{Heap before GC invocations=103 (full 4):
 garbage-first heap   total 625664K, used 223544K [0x00000000c0000000, 0x0000000100000000)
  region size 1024K, 89 young (91136K), 17 survivors (17408K)
 Metaspace       used 75257K, committed 75776K, reserved 1179648K
  class space    used 10277K, committed 10496K, reserved 1048576K
}
Event: 90.275 GC heap after
{Heap after GC invocations=104 (full 4):
 garbage-first heap   total 625664K, used 156170K [0x00000000c0000000, 0x0000000100000000)
  region size 1024K, 21 young (21504K), 21 survivors (21504K)
 Metaspace       used 75257K, committed 75776K, reserved 1179648K
  class space    used 10277K, committed 10496K, reserved 1048576K
}
Event: 90.323 GC heap before
{Heap before GC invocations=104 (full 4):
 garbage-first heap   total 625664K, used 473610K [0x00000000c0000000, 0x0000000100000000)
  region size 1024K, 331 young (338944K), 21 survivors (21504K)
 Metaspace       used 75257K, committed 75776K, reserved 1179648K
  class space    used 10277K, committed 10496K, reserved 1048576K
}
Event: 90.334 GC heap after
{Heap after GC invocations=105 (full 4):
 garbage-first heap   total 795648K, used 173578K [0x00000000c0000000, 0x0000000100000000)
  region size 1024K, 37 young (37888K), 37 survivors (37888K)
 Metaspace       used 75257K, committed 75776K, reserved 1179648K
  class space    used 10277K, committed 10496K, reserved 1048576K
}
Event: 91.435 GC heap before
{Heap before GC invocations=106 (full 4):
 garbage-first heap   total 795648K, used 610826K [0x00000000c0000000, 0x0000000100000000)
  region size 1024K, 457 young (467968K), 37 survivors (37888K)
 Metaspace       used 75257K, committed 75776K, reserved 1179648K
  class space    used 10277K, committed 10496K, reserved 1048576K
}
Event: 91.462 GC heap after
{Heap after GC invocations=107 (full 4):
 garbage-first heap   total 795648K, used 220754K [0x00000000c0000000, 0x0000000100000000)
  region size 1024K, 58 young (59392K), 58 survivors (59392K)
 Metaspace       used 75257K, committed 75776K, reserved 1179648K
  class space    used 10277K, committed 10496K, reserved 1048576K
}
Event: 91.482 GC heap before
{Heap before GC invocations=107 (full 4):
 garbage-first heap   total 795648K, used 226898K [0x00000000c0000000, 0x0000000100000000)
  region size 1024K, 65 young (66560K), 58 survivors (59392K)
 Metaspace       used 75257K, committed 75776K, reserved 1179648K
  class space    used 10277K, committed 10496K, reserved 1048576K
}
Event: 91.501 GC heap after
{Heap after GC invocations=108 (full 4):
 garbage-first heap   total 795648K, used 224795K [0x00000000c0000000, 0x0000000100000000)
  region size 1024K, 5 young (5120K), 5 survivors (5120K)
 Metaspace       used 75257K, committed 75776K, reserved 1179648K
  class space    used 10277K, committed 10496K, reserved 1048576K
}
Event: 125.427 GC heap before
{Heap before GC invocations=108 (full 4):
 garbage-first heap   total 795648K, used 435739K [0x00000000c0000000, 0x0000000100000000)
  region size 1024K, 210 young (215040K), 5 survivors (5120K)
 Metaspace       used 75257K, committed 75776K, reserved 1179648K
  class space    used 10277K, committed 10496K, reserved 1048576K
}
Event: 125.469 GC heap after
{Heap after GC invocations=109 (full 5):
 garbage-first heap   total 211968K, used 59994K [0x00000000c0000000, 0x0000000100000000)
  region size 1024K, 0 young (0K), 0 survivors (0K)
 Metaspace       used 75257K, committed 75776K, reserved 1179648K
  class space    used 10277K, committed 10496K, reserved 1048576K
}

Dll operation events (10 events):
Event: 0.009 Loaded shared library c:\Users\khami\.vscode\extensions\redhat.java-1.20.0-win32-x64\jre\17.0.7-win32-x86_64\bin\java.dll
Event: 0.215 Loaded shared library C:\Users\khami\.vscode\extensions\redhat.java-1.20.0-win32-x64\jre\17.0.7-win32-x86_64\bin\net.dll
Event: 0.217 Loaded shared library C:\Users\khami\.vscode\extensions\redhat.java-1.20.0-win32-x64\jre\17.0.7-win32-x86_64\bin\nio.dll
Event: 0.224 Loaded shared library C:\Users\khami\.vscode\extensions\redhat.java-1.20.0-win32-x64\jre\17.0.7-win32-x86_64\bin\zip.dll
Event: 0.578 Loaded shared library C:\Users\khami\.vscode\extensions\redhat.java-1.20.0-win32-x64\jre\17.0.7-win32-x86_64\bin\jimage.dll
Event: 4.616 Loaded shared library C:\Users\khami\.vscode\extensions\redhat.java-1.20.0-win32-x64\jre\17.0.7-win32-x86_64\bin\management.dll
Event: 4.620 Loaded shared library C:\Users\khami\.vscode\extensions\redhat.java-1.20.0-win32-x64\jre\17.0.7-win32-x86_64\bin\management_ext.dll
Event: 5.795 Loaded shared library C:\Users\khami\.vscode\extensions\redhat.java-1.20.0-win32-x64\jre\17.0.7-win32-x86_64\bin\sunmscapi.dll
Event: 12.227 Loaded shared library c:\Users\khami\.vscode\extensions\redhat.java-1.20.0-win32-x64\jre\17.0.7-win32-x86_64\bin\verify.dll
Event: 15.680 Loaded shared library C:\Users\khami\AppData\Local\Temp\snappy-1.1.8-772e8a88-8158-4b18-abaf-ad5dc333c0e4-snappyjava.dll

Deoptimization events (20 events):
Event: 87.617 Thread 0x000001dff16398b0 DEOPT PACKING pc=0x000001dfe3b350c4 sp=0x0000007281dfe4a0
Event: 87.617 Thread 0x000001dff16398b0 DEOPT UNPACKING pc=0x000001dfe31a7143 sp=0x0000007281dfd980 mode 0
Event: 87.617 Thread 0x000001dff16398b0 DEOPT PACKING pc=0x000001dfe3b3864c sp=0x0000007281dfe540
Event: 87.617 Thread 0x000001dff16398b0 DEOPT UNPACKING pc=0x000001dfe31a7143 sp=0x0000007281dfda20 mode 0
Event: 87.617 Thread 0x000001dff16398b0 DEOPT PACKING pc=0x000001dfe3b350c4 sp=0x0000007281dfe660
Event: 87.617 Thread 0x000001dff16398b0 DEOPT UNPACKING pc=0x000001dfe31a7143 sp=0x0000007281dfdb40 mode 0
Event: 87.617 Thread 0x000001dff16398b0 DEOPT PACKING pc=0x000001dfe3b3864c sp=0x0000007281dfe700
Event: 87.617 Thread 0x000001dff16398b0 DEOPT UNPACKING pc=0x000001dfe31a7143 sp=0x0000007281dfdbe0 mode 0
Event: 87.627 Thread 0x000001dff16398b0 DEOPT PACKING pc=0x000001dfe3b350c4 sp=0x0000007281dfe9b0
Event: 87.627 Thread 0x000001dff16398b0 DEOPT UNPACKING pc=0x000001dfe31a7143 sp=0x0000007281dfde90 mode 0
Event: 87.627 Thread 0x000001dff16398b0 DEOPT PACKING pc=0x000001dfe3b3864c sp=0x0000007281dfea50
Event: 87.627 Thread 0x000001dff16398b0 DEOPT UNPACKING pc=0x000001dfe31a7143 sp=0x0000007281dfdf30 mode 0
Event: 87.768 Thread 0x000001dff16398b0 DEOPT PACKING pc=0x000001dfe47df76e sp=0x0000007281dfdc60
Event: 87.768 Thread 0x000001dff16398b0 DEOPT UNPACKING pc=0x000001dfe31a7143 sp=0x0000007281dfd158 mode 3
Event: 87.814 Thread 0x000001dff16398b0 DEOPT PACKING pc=0x000001dfe468fdd4 sp=0x0000007281dfe240
Event: 87.814 Thread 0x000001dff16398b0 DEOPT UNPACKING pc=0x000001dfe31a7143 sp=0x0000007281dfd768 mode 0
Event: 87.898 Thread 0x000001dff16398b0 DEOPT PACKING pc=0x000001dfe4897de6 sp=0x0000007281dfe480
Event: 87.898 Thread 0x000001dff16398b0 DEOPT UNPACKING pc=0x000001dfe31a7143 sp=0x0000007281dfd940 mode 3
Event: 87.924 Thread 0x000001dff16398b0 DEOPT PACKING pc=0x000001dfe48606cf sp=0x0000007281dfe090
Event: 87.924 Thread 0x000001dff16398b0 DEOPT UNPACKING pc=0x000001dfe31a7143 sp=0x0000007281dfd580 mode 3

Classes unloaded (0 events):
No events

Classes redefined (0 events):
No events

Internal exceptions (20 events):
Event: 92.335 Thread 0x000001dff163a250 Exception <a 'sun/nio/fs/WindowsException'{0x00000000e4ae7770}> (0x00000000e4ae7770) 
thrown [s\src\hotspot\share\prims\jni.cpp, line 516]
Event: 92.335 Thread 0x000001dff163a250 Exception <a 'sun/nio/fs/WindowsException'{0x00000000e4ae7af0}> (0x00000000e4ae7af0) 
thrown [s\src\hotspot\share\prims\jni.cpp, line 516]
Event: 92.335 Thread 0x000001dff163a250 Exception <a 'sun/nio/fs/WindowsException'{0x00000000e4ae8fb0}> (0x00000000e4ae8fb0) 
thrown [s\src\hotspot\share\prims\jni.cpp, line 516]
Event: 92.335 Thread 0x000001dff163a250 Exception <a 'sun/nio/fs/WindowsException'{0x00000000e4ae9350}> (0x00000000e4ae9350) 
thrown [s\src\hotspot\share\prims\jni.cpp, line 516]
Event: 92.335 Thread 0x000001dff163a250 Exception <a 'sun/nio/fs/WindowsException'{0x00000000e4af4b68}> (0x00000000e4af4b68) 
thrown [s\src\hotspot\share\prims\jni.cpp, line 516]
Event: 92.335 Thread 0x000001dff163a250 Exception <a 'sun/nio/fs/WindowsException'{0x00000000e4af4f08}> (0x00000000e4af4f08) 
thrown [s\src\hotspot\share\prims\jni.cpp, line 516]
Event: 92.335 Thread 0x000001dff163a250 Exception <a 'sun/nio/fs/WindowsException'{0x00000000e4af63e0}> (0x00000000e4af63e0) 
thrown [s\src\hotspot\share\prims\jni.cpp, line 516]
Event: 92.335 Thread 0x000001dff163a250 Exception <a 'sun/nio/fs/WindowsException'{0x00000000e4af67a0}> (0x00000000e4af67a0) 
thrown [s\src\hotspot\share\prims\jni.cpp, line 516]
Event: 92.336 Thread 0x000001dff163a250 Exception <a 'sun/nio/fs/WindowsException'{0x00000000e492d3e8}> (0x00000000e492d3e8) 
thrown [s\src\hotspot\share\prims\jni.cpp, line 516]
Event: 92.336 Thread 0x000001dff163a250 Exception <a 'sun/nio/fs/WindowsException'{0x00000000e492d778}> (0x00000000e492d778) 
thrown [s\src\hotspot\share\prims\jni.cpp, line 516]
Event: 92.336 Thread 0x000001dff163a250 Exception <a 'sun/nio/fs/WindowsException'{0x00000000e492ec50}> (0x00000000e492ec50) 
thrown [s\src\hotspot\share\prims\jni.cpp, line 516]
Event: 92.336 Thread 0x000001dff163a250 Exception <a 'sun/nio/fs/WindowsException'{0x00000000e492f000}> (0x00000000e492f000) 
thrown [s\src\hotspot\share\prims\jni.cpp, line 516]
Event: 92.337 Thread 0x000001dff163a250 Exception <a 'sun/nio/fs/WindowsException'{0x00000000e49742b8}> (0x00000000e49742b8) 
thrown [s\src\hotspot\share\prims\jni.cpp, line 516]
Event: 92.337 Thread 0x000001dff163a250 Exception <a 'sun/nio/fs/WindowsException'{0x00000000e49746b8}> (0x00000000e49746b8) 
thrown [s\src\hotspot\share\prims\jni.cpp, line 516]
Event: 92.337 Thread 0x000001dff163a250 Exception <a 'sun/nio/fs/WindowsException'{0x00000000e4975bf0}> (0x00000000e4975bf0) 
thrown [s\src\hotspot\share\prims\jni.cpp, line 516]
Event: 92.337 Thread 0x000001dff163a250 Exception <a 'sun/nio/fs/WindowsException'{0x00000000e4976010}> (0x00000000e4976010) 
thrown [s\src\hotspot\share\prims\jni.cpp, line 516]
Event: 92.338 Thread 0x000001dff163a250 Exception <a 'sun/nio/fs/WindowsException'{0x00000000e49e7008}> (0x00000000e49e7008) 
thrown [s\src\hotspot\share\prims\jni.cpp, line 516]
Event: 92.338 Thread 0x000001dff163a250 Exception <a 'sun/nio/fs/WindowsException'{0x00000000e49e7398}> (0x00000000e49e7398) 
thrown [s\src\hotspot\share\prims\jni.cpp, line 516]
Event: 92.338 Thread 0x000001dff163a250 Exception <a 'sun/nio/fs/WindowsException'{0x00000000e49e8870}> (0x00000000e49e8870) 
thrown [s\src\hotspot\share\prims\jni.cpp, line 516]
Event: 92.338 Thread 0x000001dff163a250 Exception <a 'sun/nio/fs/WindowsException'{0x00000000e49e8c28}> (0x00000000e49e8c28) 
thrown [s\src\hotspot\share\prims\jni.cpp, line 516]

VM Operations (20 events):
Event: 90.323 Executing VM operation: G1CollectForAllocation done
Event: 90.323 Executing VM operation: G1CollectForAllocation
Event: 90.334 Executing VM operation: G1CollectForAllocation done
Event: 90.357 Executing VM operation: G1Concurrent
Event: 90.364 Executing VM operation: G1Concurrent done
Event: 90.382 Executing VM operation: G1Concurrent
Event: 90.382 Executing VM operation: G1Concurrent done
Event: 91.382 Executing VM operation: Cleanup
Event: 91.382 Executing VM operation: Cleanup done
Event: 91.435 Executing VM operation: G1CollectForAllocation
Event: 91.462 Executing VM operation: G1CollectForAllocation done
Event: 91.482 Executing VM operation: G1CollectForAllocation
Event: 91.501 Executing VM operation: G1CollectForAllocation done
Event: 92.261 Executing VM operation: ICBufferFull
Event: 92.261 Executing VM operation: ICBufferFull done
Event: 93.267 Executing VM operation: Cleanup
Event: 93.267 Executing VM operation: Cleanup done
Event: 125.427 Executing VM operation: G1CollectFull
Event: 125.469 Executing VM operation: G1CollectFull done
Event: 137.546 Executing VM operation: G1CollectFull

Events (20 events):
Event: 90.467 Thread 0x000001dff38363a0 Thread exited: 0x000001dff38363a0
Event: 90.467 Thread 0x000001dff11d5590 Thread exited: 0x000001dff11d5590
Event: 90.467 Thread 0x000001dff3836d40 Thread exited: 0x000001dff3836d40
Event: 90.467 Thread 0x000001dff11d3d80 Thread exited: 0x000001dff11d3d80
Event: 90.467 Thread 0x000001dff1637700 Thread exited: 0x000001dff1637700
Event: 90.467 Thread 0x000001dff1637bd0 Thread exited: 0x000001dff1637bd0
Event: 90.467 Thread 0x000001dff3832eb0 Thread exited: 0x000001dff3832eb0
Event: 90.467 Thread 0x000001dff11d4720 Thread exited: 0x000001dff11d4720
Event: 90.467 Thread 0x000001dff3831b70 Thread exited: 0x000001dff3831b70
Event: 90.467 Thread 0x000001dff3835060 Thread exited: 0x000001dff3835060
Event: 90.467 Thread 0x000001dff38346c0 Thread exited: 0x000001dff38346c0
Event: 90.467 Thread 0x000001dff38316a0 Thread exited: 0x000001dff38316a0
Event: 90.467 Thread 0x000001dff3838550 Thread exited: 0x000001dff3838550
Event: 90.467 Thread 0x000001dff3836870 Thread exited: 0x000001dff3836870
Event: 90.467 Thread 0x000001dff11d50c0 Thread exited: 0x000001dff11d50c0
Event: 97.406 Thread 0x000001dff380e700 Thread exited: 0x000001dff380e700
Event: 97.406 Thread 0x000001dff3410030 Thread exited: 0x000001dff3410030
Event: 104.540 Thread 0x000001dff163ba60 Thread exited: 0x000001dff163ba60
Event: 104.587 Thread 0x000001dff163a250 Thread exited: 0x000001dff163a250
Event: 133.242 Thread 0x000001dff163c8d0 Thread exited: 0x000001dff163c8d0


Dynamic libraries:
0x00007ff750b90000 - 0x00007ff750b9e000 	c:\Users\khami\.vscode\extensions\redhat.java-1.20.0-win32-x64\jre\17.0.7-win32-x86_64\bin\java.exe
0x00007ffb9e820000 - 0x00007ffb9ea4b000 	C:\WINDOWS\SYSTEM32\ntdll.dll
0x00007ffb9cef0000 - 0x00007ffb9cfb6000 	C:\WINDOWS\System32\KERNEL32.DLL
0x00007ffb9bc50000 - 0x00007ffb9bfae000 	C:\WINDOWS\System32\KERNELBASE.dll
0x00007ffb9bfc0000 - 0x00007ffb9c0f3000 	C:\WINDOWS\System32\ucrtbase.dll
0x00007ffb62860000 - 0x00007ffb62877000 	c:\Users\khami\.vscode\extensions\redhat.java-1.20.0-win32-x64\jre\17.0.7-win32-x86_64\bin\jli.dll
0x00007ffb50b60000 - 0x00007ffb50b79000 	c:\Users\khami\.vscode\extensions\redhat.java-1.20.0-win32-x64\jre\17.0.7-win32-x86_64\bin\VCRUNTIME140.dll
0x00007ffb9e1c0000 - 0x00007ffb9e371000 	C:\WINDOWS\System32\USER32.dll
0x00007ffb7aee0000 - 0x00007ffb7b171000 	C:\WINDOWS\WinSxS\amd64_microsoft.windows.common-controls_6595b64144ccf1df_6.0.25905.1000_none_87b90b8fab340372\COMCTL32.dll
0x00007ffb9c2b0000 - 0x00007ffb9c2d7000 	C:\WINDOWS\System32\win32u.dll
0x00007ffb9c9f0000 - 0x00007ffb9ca97000 	C:\WINDOWS\System32\msvcrt.dll
0x00007ffb9c680000 - 0x00007ffb9c6a9000 	C:\WINDOWS\System32\GDI32.dll
0x00007ffb9c180000 - 0x00007ffb9c29f000 	C:\WINDOWS\System32\gdi32full.dll
0x00007ffb9c5b0000 - 0x00007ffb9c655000 	C:\WINDOWS\System32\msvcp_win.dll
0x00007ffb9e010000 - 0x00007ffb9e040000 	C:\WINDOWS\System32\IMM32.DLL
0x00007ffb97670000 - 0x00007ffb9767c000 	c:\Users\khami\.vscode\extensions\redhat.java-1.20.0-win32-x64\jre\17.0.7-win32-x86_64\bin\vcruntime140_1.dll
0x00007ffb37680000 - 0x00007ffb37711000 	c:\Users\khami\.vscode\extensions\redhat.java-1.20.0-win32-x64\jre\17.0.7-win32-x86_64\bin\msvcp140.dll
0x00007ffafae40000 - 0x00007ffafba88000 	c:\Users\khami\.vscode\extensions\redhat.java-1.20.0-win32-x64\jre\17.0.7-win32-x86_64\bin\server\jvm.dll
0x00007ffb9d040000 - 0x00007ffb9d0f0000 	C:\WINDOWS\System32\ADVAPI32.dll
0x00007ffb9cc90000 - 0x00007ffb9cd30000 	C:\WINDOWS\System32\sechost.dll
0x00007ffb9c6b0000 - 0x00007ffb9c7d5000 	C:\WINDOWS\System32\RPCRT4.dll
0x00007ffb68ce0000 - 0x00007ffb68ce9000 	C:\WINDOWS\SYSTEM32\WSOCK32.dll
0x00007ffb94370000 - 0x00007ffb943a4000 	C:\WINDOWS\SYSTEM32\WINMM.dll
0x00007ffb9cc10000 - 0x00007ffb9cc83000 	C:\WINDOWS\System32\WS2_32.dll
0x00007ffb93a40000 - 0x00007ffb93a4a000 	C:\WINDOWS\SYSTEM32\VERSION.dll
0x00007ffb9abb0000 - 0x00007ffb9abc8000 	C:\WINDOWS\SYSTEM32\kernel.appcore.dll
0x00007ffb95960000 - 0x00007ffb9596a000 	c:\Users\khami\.vscode\extensions\redhat.java-1.20.0-win32-x64\jre\17.0.7-win32-x86_64\bin\jimage.dll
0x00007ffb99460000 - 0x00007ffb99695000 	C:\WINDOWS\SYSTEM32\DBGHELP.DLL
0x00007ffb9e460000 - 0x00007ffb9e7db000 	C:\WINDOWS\System32\combase.dll
0x00007ffb9e050000 - 0x00007ffb9e125000 	C:\WINDOWS\System32\OLEAUT32.dll
0x00007ffb75f60000 - 0x00007ffb75f98000 	C:\WINDOWS\SYSTEM32\dbgcore.DLL
0x00007ffb9c2e0000 - 0x00007ffb9c361000 	C:\WINDOWS\System32\bcryptPrimitives.dll
0x00007ffb47da0000 - 0x00007ffb47dc5000 	c:\Users\khami\.vscode\extensions\redhat.java-1.20.0-win32-x64\jre\17.0.7-win32-x86_64\bin\java.dll
0x00007ffb47040000 - 0x00007ffb47058000 	c:\Users\khami\.vscode\extensions\redhat.java-1.20.0-win32-x64\jre\17.0.7-win32-x86_64\bin\zip.dll
0x00007ffb9d810000 - 0x00007ffb9df83000 	C:\WINDOWS\System32\SHELL32.dll
0x00007ffb999f0000 - 0x00007ffb9a242000 	C:\WINDOWS\SYSTEM32\windows.storage.dll
0x00007ffb9e380000 - 0x00007ffb9e453000 	C:\WINDOWS\System32\SHCORE.dll
0x00007ffb9cfe0000 - 0x00007ffb9d03c000 	C:\WINDOWS\System32\shlwapi.dll
0x00007ffb9bb80000 - 0x00007ffb9bba3000 	C:\WINDOWS\SYSTEM32\profapi.dll
0x00007ffb46bf0000 - 0x00007ffb46c09000 	C:\Users\khami\.vscode\extensions\redhat.java-1.20.0-win32-x64\jre\17.0.7-win32-x86_64\bin\net.dll
0x00007ffb945e0000 - 0x00007ffb946fb000 	C:\WINDOWS\SYSTEM32\WINHTTP.dll
0x00007ffb9b0e0000 - 0x00007ffb9b148000 	C:\WINDOWS\system32\mswsock.dll
0x00007ffb46bd0000 - 0x00007ffb46be5000 	C:\Users\khami\.vscode\extensions\redhat.java-1.20.0-win32-x64\jre\17.0.7-win32-x86_64\bin\nio.dll
0x00007ffb9b3a0000 - 0x00007ffb9b3bb000 	C:\WINDOWS\SYSTEM32\CRYPTSP.dll
0x00007ffb9aab0000 - 0x00007ffb9aae7000 	C:\WINDOWS\system32\rsaenh.dll
0x00007ffb9b200000 - 0x00007ffb9b22a000 	C:\WINDOWS\SYSTEM32\USERENV.dll
0x00007ffb9b5f0000 - 0x00007ffb9b618000 	C:\WINDOWS\SYSTEM32\bcrypt.dll
0x00007ffb9b3c0000 - 0x00007ffb9b3cc000 	C:\WINDOWS\SYSTEM32\CRYPTBASE.dll
0x00007ffb9a4d0000 - 0x00007ffb9a4ff000 	C:\WINDOWS\SYSTEM32\IPHLPAPI.DLL
0x00007ffb9cfc0000 - 0x00007ffb9cfca000 	C:\WINDOWS\System32\NSI.dll
0x00007ffb948f0000 - 0x00007ffb94909000 	C:\WINDOWS\SYSTEM32\dhcpcsvc6.DLL
0x00007ffb94340000 - 0x00007ffb9435f000 	C:\WINDOWS\SYSTEM32\dhcpcsvc.DLL
0x00007ffb9a550000 - 0x00007ffb9a65f000 	C:\WINDOWS\SYSTEM32\DNSAPI.dll
0x00007ffb62af0000 - 0x00007ffb62af9000 	C:\Users\khami\.vscode\extensions\redhat.java-1.20.0-win32-x64\jre\17.0.7-win32-x86_64\bin\management.dll
0x00007ffb62840000 - 0x00007ffb6284b000 	C:\Users\khami\.vscode\extensions\redhat.java-1.20.0-win32-x64\jre\17.0.7-win32-x86_64\bin\management_ext.dll
0x00007ffb9cfd0000 - 0x00007ffb9cfd8000 	C:\WINDOWS\System32\PSAPI.DLL
0x00007ffb61020000 - 0x00007ffb6102e000 	C:\Users\khami\.vscode\extensions\redhat.java-1.20.0-win32-x64\jre\17.0.7-win32-x86_64\bin\sunmscapi.dll
0x00007ffb9c430000 - 0x00007ffb9c5a4000 	C:\WINDOWS\System32\CRYPT32.dll
0x00007ffb9b5b0000 - 0x00007ffb9b5e1000 	C:\WINDOWS\SYSTEM32\ncrypt.dll
0x00007ffb9b560000 - 0x00007ffb9b59e000 	C:\WINDOWS\SYSTEM32\NTASN1.dll
0x00007ffb948e0000 - 0x00007ffb948ea000 	C:\Windows\System32\rasadhlp.dll
0x00007ffb933b0000 - 0x00007ffb93432000 	C:\WINDOWS\System32\fwpuclnt.dll
0x00007ffb78160000 - 0x00007ffb78170000 	c:\Users\khami\.vscode\extensions\redhat.java-1.20.0-win32-x64\jre\17.0.7-win32-x86_64\bin\verify.dll
0x000000006c500000 - 0x000000006c5c7000 	C:\Users\khami\AppData\Local\Temp\snappy-1.1.8-772e8a88-8158-4b18-abaf-ad5dc333c0e4-snappyjava.dll

dbghelp: loaded successfully - version: 4.0.5 - missing functions: none
symbol engine: initialized successfully - sym options: 0x614 - pdb path: .;c:\Users\khami\.vscode\extensions\redhat.java-1.20.0-win32-x64\jre\17.0.7-win32-x86_64\bin;C:\WINDOWS\SYSTEM32;C:\WINDOWS\WinSxS\amd64_microsoft.windows.common-controls_6595b64144ccf1df_6.0.25905.1000_none_87b90b8fab340372;c:\Users\khami\.vscode\extensions\redhat.java-1.20.0-win32-x64\jre\17.0.7-win32-x86_64\bin\server;C:\Users\khami\AppData\Local\Temp

VM Arguments:
jvm_args: -XX:+HeapDumpOnOutOfMemoryError -Xmx1024m -Dsts.lsp.client=vscode -Dsts.log.file=/dev/null -XX:TieredStopAtLevel=1 -Xlog:jni+resolve=off -Dspring.config.location=file:c:\Users\khami\.vscode\extensions\vmware.vscode-spring-boot-1.47.0\language-server\BOOT-INF\classes\application.properties 
java_command: org.springframework.ide.vscode.boot.app.BootLanguageServerBootApp
java_class_path (initial): c:\Users\khami\.vscode\extensions\vmware.vscode-spring-boot-1.47.0\language-server\BOOT-INF\classes;c:\Users\khami\.vscode\extensions\vmware.vscode-spring-boot-1.47.0\language-server\BOOT-INF\lib\annotations-24.0.1.jar;c:\Users\khami\.vscode\extensions\vmware.vscode-spring-boot-1.47.0\language-server\BOOT-INF\lib\antlr-runtime-3.5.3.jar;c:\Users\khami\.vscode\extensions\vmware.vscode-spring-boot-1.47.0\language-server\BOOT-INF\lib\antlr4-4.11.1.jar;c:\Users\khami\.vscode\extensions\vmware.vscode-spring-boot-1.47.0\language-server\BOOT-INF\lib\antlr4-runtime-4.11.1.jar;c:\Users\khami\.vscode\extensions\vmware.vscode-spring-boot-1.47.0\language-server\BOOT-INF\lib\aopalliance-1.0.jar;c:\Users\khami\.vscode\extensions\vmware.vscode-spring-boot-1.47.0\language-server\BOOT-INF\lib\asm-9.5.jar;c:\Users\khami\.vscode\extensions\vmware.vscode-spring-boot-1.47.0\language-server\BOOT-INF\lib\asm-analysis-9.5.jar;c:\Users\khami\.vscode\extensions\vmware.vscode-spring-boot-1.47.0\language-server\BOOT-INF\lib\asm-tree-9.5.jar;c:\Users\khami\.vscode\extensions\vmware.vscode-spring-boot-1.47.0\language-server\BOOT-INF\lib\asm-util-9.5.jar;c:\Users\khami\.vscode\extensions\vmware.vscode-spring-boot-1.47.0\language-server\BOOT-INF\lib\auto-common-1.2.1.jar;c:\Users\khami\.vscode\extensions\vmware.vscode-spring-boot-1.47.0\language-server\BOOT-INF\lib\auto-value-annotations-1.9.jar;c:\Users\khami\.vscode\extensions\vmware.vscode-spring-boot-1.47.0\language-server\BOOT-INF\lib\caffeine-3.1.2.jar;c:\Users\khami\.vscode\extensions\vmware.vscode-spring-boot-1.47.0\language-server\BOOT-INF\lib\checker-qual-3.12.0.jar;c:\Users\khami\.vscode\extensions\vmware.vscode-spring-boot-1.47.0\language-server\BOOT-INF\lib\classgraph-4.8.149.jar;c:\Users\khami\.vscode\extensions\vmware.vscode-spring-boot-1.47.0\language-server\BOOT-INF\lib\commons-codec-1.15.jar;c:\Users\khami\.vscode\extensions\vmware.vscode-spring-boot-1.47.0\language-server\BOOT-INF\lib\commons-compres
Launcher Type: SUN_STANDARD

[Global flags]
     intx CICompilerCount                          = 4                                         {product} {ergonomic}
     uint ConcGCThreads                            = 3                                         {product} {ergonomic}
     uint G1ConcRefinementThreads                  = 10                                        {product} {ergonomic}
   size_t G1HeapRegionSize                         = 1048576                                   {product} {ergonomic}
    uintx GCDrainStackTargetSize                   = 64                                        {product} {ergonomic}
     bool HeapDumpOnOutOfMemoryError               = true                                   {manageable} {command line}
   size_t InitialHeapSize                          = 266338304                                 {product} {ergonomic}
   size_t MarkStackSize                            = 4194304                                   {product} {ergonomic}
   size_t MaxHeapSize                              = 1073741824                                {product} {command line}
   size_t MaxNewSize                               = 643825664                                 {product} {ergonomic}
   size_t MinHeapDeltaBytes                        = 1048576                                   {product} {ergonomic}
   size_t MinHeapSize                              = 8388608                                   {product} {ergonomic}
    uintx NonProfiledCodeHeapSize                  = 0                                      {pd product} {ergonomic}
     bool ProfileInterpreter                       = false                                  {pd product} {command line}
    uintx ProfiledCodeHeapSize                     = 0                                      {pd product} {ergonomic}
   size_t SoftMaxHeapSize                          = 1073741824                             {manageable} {ergonomic}
     intx TieredStopAtLevel                        = 1                                         {product} {command line}
     bool UseCompressedClassPointers               = true                           {product lp64_product} {ergonomic}
     bool UseCompressedOops                        = true                           {product lp64_product} {ergonomic}
     bool UseG1GC                                  = true                                      {product} {ergonomic}
     bool UseLargePagesIndividualAllocation        = false                                  {pd product} {ergonomic}

Logging:
Log output configuration:
 #0: stdout all=warning,jni+resolve=off uptime,level,tags
 #1: stderr all=off uptime,level,tags

Environment Variables:
JAVA_HOME=C:\Program Files\Eclipse Adoptium\jdk-11.0.19.7-hotspot\
PATH=C:\Program Files\Eclipse Adoptium\jdk-11.0.19.7-hotspot\bin;C:\Program Files\Java\jdk-11\bin;C:\Program Files\Common Files\Oracle\Java\javapath;C:\Program Files (x86)\Common Files\Oracle\Java\javapath;C:\Program Files\Microsoft\jdk-11.0.16.101-hotspot\bin;C:\Program Files\Eclipse Adoptium\jdk-8.0.362.9-hotspot\bin;C:\ProgramData\Oracle\Java\javapath;C:\Program Files\Microsoft MPI\Bin\;C:\windows\system32;C:\windows;C:\windows\System32\Wbem;C:\windows\System32\WindowsPowerShell\v1.0\;C:\windows\System32\OpenSSH\;C:\Program Files (x86)\NVIDIA Corporation\PhysX\Common;C:\Program Files\NVIDIA Corporation\NVIDIA NvDLISR;C:\WINDOWS\system32;C:\WINDOWS;C:\WINDOWS\System32\Wbem;C:\WINDOWS\System32\WindowsPowerShell\v1.0\;C:\WINDOWS\System32\OpenSSH\;C:\TDM-GCC-64\bin;C:\Program Files\Microsoft SQL Server\Client SDK\ODBC\170\Tools\Binn\;C:\Program Files (x86)\Microsoft SQL Server\150\Tools\Binn\;C:\Program Files\Microsoft SQL Server\150\Tools\Binn\;C:\Program Files\Microsoft SQL Server\150\DTS\Binn\;C:\Program Files (x86)\Microsoft SQL Server\150\DTS\Binn\;C:\Program Files\dotnet\;C:\Program Files\Git\cmd;C:\Program Files\Calibre2\;C:\Program Files\Cloudflare\Cloudflare WARP\;C:\Program Files\MySQL\MySQL Shell 8.0\bin\;C:\Users\khami\AppData\Local\Microsoft\WindowsApps;C:\Users\khami\AppData\Local\Programs\Microsoft VS Code\bin;;C:\Program Files\Azure Data Studio\bin;C:\Users\khami\.dotnet\tools
USERNAME=khami
OS=Windows_NT
PROCESSOR_IDENTIFIER=Intel64 Family 6 Model 165 Stepping 2, GenuineIntel
TMP=C:\Users\khami\AppData\Local\Temp
TEMP=C:\Users\khami\AppData\Local\Temp



---------------  S Y S T E M  ---------------

OS:
 Windows 11 , 64 bit Build 25905 (10.0.25905.1000)
OS uptime: 0 days 8:34 hours
Hyper-V role detected

CPU: total 12 (initial active 12) (6 cores per cpu, 2 threads per core) family 6 model 165 stepping 2 microcode 0xf0, cx8, cmov, fxsr, ht, mmx, 3dnowpref, sse, sse2, sse3, ssse3, sse4.1, sse4.2, popcnt, lzcnt, tsc, tscinvbit, avx, avx2, aes, erms, clmul, bmi1, bmi2, adx, fma, vzeroupper, clflush, clflushopt, hv

Memory: 4k page, system-wide physical 16160M (4502M free)
TotalPageFile size 16160M (AvailPageFile size 10M)
current process WorkingSet (physical memory assigned to process): 435M, peak: 1051M
current process commit charge ("private bytes"): 430M, peak: 1058M

vm_info: OpenJDK 64-Bit Server VM (17.0.7+7) for windows-amd64 JRE (17.0.7+7), built on Apr 18 2023 22:10:42 by "temurin" with MS VC++ 16.7 (VS2019)

END.
