#
# There is insufficient memory for the Java Runtime Environment to continue.
# Native memory allocation (malloc) failed to allocate 1616496 bytes for Chunk::new
# Possible reasons:
#   The system is out of physical RAM or swap space
#   The process is running with CompressedOops enabled, and the Java Heap may be blocking the growth of the native heap
# Possible solutions:
#   Reduce memory load on the system
#   Increase physical memory or swap space
#   Check if swap backing store is full
#   Decrease Java heap size (-Xmx/-Xms)
#   Decrease number of Java threads
#   Decrease Java thread stack sizes (-Xss)
#   Set larger code cache with -XX:ReservedCodeCacheSize=
#   JVM is running with Unscaled Compressed Oops mode in which the Java heap is
#     placed in the first 4GB address space. The Java Heap base address is the
#     maximum limit for the native heap growth. Please use -XX:HeapBaseMinAddress
#     to set the Java Heap base and to place the Java Heap above 4GB virtual address.
# This output file may be truncated or incomplete.
#
#  Out of Memory Error (arena.cpp:189), pid=20260, tid=7624
#
# JRE version: OpenJDK Runtime Environment Temurin-17.0.7+7 (17.0.7+7) (build 17.0.7+7)
# Java VM: OpenJDK 64-Bit Server VM Temurin-17.0.7+7 (17.0.7+7, mixed mode, tiered, compressed oops, compressed class ptrs, parallel gc, windows-amd64)
# No core dump will be written. Minidumps are not enabled by default on client versions of Windows
#

---------------  S U M M A R Y ------------

Command Line: --add-modules=ALL-SYSTEM --add-opens=java.base/java.util=ALL-UNNAMED --add-opens=java.base/java.lang=ALL-UNNAMED --add-opens=java.base/sun.nio.fs=ALL-UNNAMED -Declipse.application=org.eclipse.jdt.ls.core.id1 -Dosgi.bundles.defaultStartLevel=4 -Declipse.product=org.eclipse.jdt.ls.core.product -Djava.import.generatesMetadataFilesAtProjectRoot=false -Dfile.encoding=utf8 -XX:+UseParallelGC -XX:GCTimeRatio=4 -XX:AdaptiveSizePolicyWeight=90 -Dsun.zip.disableMemoryMapping=true -Xmx1G -Xms100m -Xlog:disable -javaagent:c:\Users\khami\.vscode\extensions\redhat.java-1.20.0-win32-x64\lombok\lombok-1.18.28.jar -XX:+HeapDumpOnOutOfMemoryError -XX:HeapDumpPath=c:\Users\khami\AppData\Roaming\Code\User\workspaceStorage\6a2d3d3737832186bb7f3db857603596\redhat.java -Daether.dependencyCollector.impl=bf c:\Users\khami\.vscode\extensions\redhat.java-1.20.0-win32-x64\server\plugins\org.eclipse.equinox.launcher_1.6.500.v20230622-2056.jar -configuration c:\Users\khami\AppData\Roaming\Code\User\globalStorage\redhat.java\1.20.0\config_win -data c:\Users\khami\AppData\Roaming\Code\User\workspaceStorage\6a2d3d3737832186bb7f3db857603596\redhat.java\jdt_ws

Host: Intel(R) Core(TM) i7-10750H CPU @ 2.60GHz, 12 cores, 15G,  Windows 11 , 64 bit Build 25905 (10.0.25905.1000)
Time: Tue Jul 18 23:52:11 2023 SE Asia Standard Time elapsed time: 12.148720 seconds (0d 0h 0m 12s)

---------------  T H R E A D  ---------------

Current thread (0x0000016ffa5efb00):  JavaThread "C2 CompilerThread0" daemon [_thread_in_native, id=7624, stack(0x0000005089200000,0x0000005089300000)]


Current CompileTask:
C2:  12148 6710       4       org.eclipse.jdt.internal.core.JarPackageFragmentRoot::initRawPackageInfo (349 bytes)

Stack: [0x0000005089200000,0x0000005089300000]
Native frames: (J=compiled Java code, j=interpreted, Vv=VM code, C=native code)
V  [jvm.dll+0x67754a]
V  [jvm.dll+0x834304]
V  [jvm.dll+0x835aae]
V  [jvm.dll+0x836113]
V  [jvm.dll+0x24696f]
V  [jvm.dll+0xac0ac]
V  [jvm.dll+0xac67c]
V  [jvm.dll+0x364de2]
V  [jvm.dll+0x32f6b1]
V  [jvm.dll+0x32eb5a]
V  [jvm.dll+0x219641]
V  [jvm.dll+0x218a61]
V  [jvm.dll+0x1a4d8d]
V  [jvm.dll+0x2284da]
V  [jvm.dll+0x226615]
V  [jvm.dll+0x7ea90b]
V  [jvm.dll+0x7e4e7a]
V  [jvm.dll+0x676395]
C  [ucrtbase.dll+0x609e1]
C  [KERNEL32.DLL+0x124d8]
C  [ntdll.dll+0x4091]


---------------  P R O C E S S  ---------------

Threads class SMR info:
_java_thread_list=0x0000016f80eb40f0, length=31, elements={
0x0000016fe1425810, 0x0000016ff529abe0, 0x0000016ff529de00, 0x0000016fe14dcfd0,
0x0000016fe14dda90, 0x0000016fe14de550, 0x0000016ffa5eef10, 0x0000016ffa5efb00,
0x0000016ffa5f4730, 0x0000016ffa657e20, 0x0000016ffa6e4a30, 0x0000016ffa919360,
0x0000016ffc327aa0, 0x0000016ffc5b4a90, 0x0000016ffc729840, 0x0000016ffcc12010,
0x0000016ffc226a70, 0x0000016ffcc73e50, 0x0000016ffcc72170, 0x0000016ffc8b7120,
0x0000016ffcc71300, 0x0000016ffcc73980, 0x0000016ffcc70490, 0x0000016ffcc717d0,
0x0000016ffcc71ca0, 0x0000016ffcc70e30, 0x0000016ffcc72640, 0x0000016ffdde4d70,
0x0000016ffdcce950, 0x0000016ffdde5240, 0x0000016ffdde9f40
}

Java Threads: ( => current thread )
  0x0000016fe1425810 JavaThread "main" [_thread_blocked, id=17156, stack(0x0000005088900000,0x0000005088a00000)]
  0x0000016ff529abe0 JavaThread "Reference Handler" daemon [_thread_blocked, id=15344, stack(0x0000005088c00000,0x0000005088d00000)]
  0x0000016ff529de00 JavaThread "Finalizer" daemon [_thread_blocked, id=4564, stack(0x0000005088d00000,0x0000005088e00000)]
  0x0000016fe14dcfd0 JavaThread "Signal Dispatcher" daemon [_thread_blocked, id=17472, stack(0x0000005088e00000,0x0000005088f00000)]
  0x0000016fe14dda90 JavaThread "Attach Listener" daemon [_thread_blocked, id=24416, stack(0x0000005088f00000,0x0000005089000000)]
  0x0000016fe14de550 JavaThread "Service Thread" daemon [_thread_blocked, id=21784, stack(0x0000005089000000,0x0000005089100000)]
  0x0000016ffa5eef10 JavaThread "Monitor Deflation Thread" daemon [_thread_blocked, id=11260, stack(0x0000005089100000,0x0000005089200000)]
=>0x0000016ffa5efb00 JavaThread "C2 CompilerThread0" daemon [_thread_in_native, id=7624, stack(0x0000005089200000,0x0000005089300000)]
  0x0000016ffa5f4730 JavaThread "C1 CompilerThread0" daemon [_thread_blocked, id=12360, stack(0x0000005089300000,0x0000005089400000)]
  0x0000016ffa657e20 JavaThread "Sweeper thread" daemon [_thread_blocked, id=24388, stack(0x0000005089400000,0x0000005089500000)]
  0x0000016ffa6e4a30 JavaThread "Common-Cleaner" daemon [_thread_blocked, id=3212, stack(0x0000005089500000,0x0000005089600000)]
  0x0000016ffa919360 JavaThread "Notification Thread" daemon [_thread_blocked, id=3908, stack(0x0000005089600000,0x0000005089700000)]
  0x0000016ffc327aa0 JavaThread "Active Thread: Equinox Container: c7d14b69-f44f-4587-8320-4ef66d44f425" [_thread_blocked, id=17632, stack(0x0000005089f00000,0x000000508a000000)]
  0x0000016ffc5b4a90 JavaThread "Framework Event Dispatcher: Equinox Container: c7d14b69-f44f-4587-8320-4ef66d44f425" daemon [_thread_blocked, id=8224, stack(0x000000508a000000,0x000000508a100000)]
  0x0000016ffc729840 JavaThread "Start Level: Equinox Container: c7d14b69-f44f-4587-8320-4ef66d44f425" daemon [_thread_blocked, id=22228, stack(0x000000508a100000,0x000000508a200000)]
  0x0000016ffcc12010 JavaThread "SCR Component Actor" daemon [_thread_blocked, id=4820, stack(0x000000508a200000,0x000000508a300000)]
  0x0000016ffc226a70 JavaThread "Worker-JM" [_thread_blocked, id=14116, stack(0x000000508a500000,0x000000508a600000)]
  0x0000016ffcc73e50 JavaThread "Worker-0" [_thread_blocked, id=19924, stack(0x000000508a800000,0x000000508a900000)]
  0x0000016ffcc72170 JavaThread "Worker-1" [_thread_blocked, id=1932, stack(0x000000508a900000,0x000000508aa00000)]
  0x0000016ffc8b7120 JavaThread "C2 CompilerThread1" daemon [_thread_in_native, id=1436, stack(0x0000005089800000,0x0000005089900000)]
  0x0000016ffcc71300 JavaThread "Java indexing" daemon [_thread_blocked, id=14060, stack(0x000000508ab00000,0x000000508ac00000)]
  0x0000016ffcc73980 JavaThread "JNA Cleaner" daemon [_thread_blocked, id=2340, stack(0x000000508ac00000,0x000000508ad00000)]
  0x0000016ffcc70490 JavaThread "Worker-2: Publish Diagnostics" [_thread_in_native, id=16644, stack(0x000000508ae00000,0x000000508af00000)]
  0x0000016ffcc717d0 JavaThread "pool-2-thread-1" [_thread_blocked, id=8876, stack(0x000000508af00000,0x000000508b000000)]
  0x0000016ffcc71ca0 JavaThread "WorkspaceEventsHandler" [_thread_blocked, id=7388, stack(0x000000508b000000,0x000000508b100000)]
  0x0000016ffcc70e30 JavaThread "pool-1-thread-1" [_thread_in_native, id=9204, stack(0x000000508b100000,0x000000508b200000)]
  0x0000016ffcc72640 JavaThread "Worker-3: Initialize Workspace" [_thread_blocked, id=9124, stack(0x000000508b300000,0x000000508b400000)]
  0x0000016ffdde4d70 JavaThread "Worker-4: Initialize workspace" [_thread_blocked, id=22324, stack(0x000000508a400000,0x000000508a500000)]
  0x0000016ffdcce950 JavaThread "C2 CompilerThread2" daemon [_thread_in_native, id=19080, stack(0x000000508b200000,0x000000508b300000)]
  0x0000016ffdde5240 JavaThread "ForkJoinPool.commonPool-worker-1" daemon [_thread_in_vm, id=16504, stack(0x000000508b400000,0x000000508b500000)]
  0x0000016ffdde9f40 JavaThread "Worker-5" [_thread_blocked, id=3808, stack(0x000000508b500000,0x000000508b600000)]

Other Threads:
  0x0000016fe14d8c10 VMThread "VM Thread" [stack: 0x0000005088b00000,0x0000005088c00000] [id=13308]
  0x0000016ffa921c30 WatcherThread [stack: 0x0000005089700000,0x0000005089800000] [id=14880]
  0x0000016fe143c9d0 GCTaskThread "GC Thread#0" [stack: 0x0000005088a00000,0x0000005088b00000] [id=17280]
  0x0000016ffc2a1630 GCTaskThread "GC Thread#1" [stack: 0x0000005089900000,0x0000005089a00000] [id=22220]
  0x0000016ffbd3f660 GCTaskThread "GC Thread#2" [stack: 0x0000005089a00000,0x0000005089b00000] [id=20768]
  0x0000016ffbd3f910 GCTaskThread "GC Thread#3" [stack: 0x0000005089b00000,0x0000005089c00000] [id=14704]
  0x0000016ffc051090 GCTaskThread "GC Thread#4" [stack: 0x0000005089c00000,0x0000005089d00000] [id=2992]
  0x0000016ffc051340 GCTaskThread "GC Thread#5" [stack: 0x0000005089d00000,0x0000005089e00000] [id=15896]
  0x0000016ffc1551f0 GCTaskThread "GC Thread#6" [stack: 0x0000005089e00000,0x0000005089f00000] [id=15148]
  0x0000016ffc7adaa0 GCTaskThread "GC Thread#7" [stack: 0x000000508a300000,0x000000508a400000] [id=17604]
  0x0000016ffc169160 GCTaskThread "GC Thread#8" [stack: 0x000000508a600000,0x000000508a700000] [id=19308]
  0x0000016ffc2049b0 GCTaskThread "GC Thread#9" [stack: 0x000000508a700000,0x000000508a800000] [id=12588]

Threads with active compile tasks:
C2 CompilerThread0    12178 6710       4       org.eclipse.jdt.internal.core.JarPackageFragmentRoot::initRawPackageInfo (349 bytes)
C1 CompilerThread0    12178 6949       3       java.lang.PublicMethods$MethodList::merge (192 bytes)
C2 CompilerThread1    12178 6914       4       org.codehaus.plexus.util.xml.pull.MXParser::parseStartTag (1190 bytes)
C2 CompilerThread2    12178 6468       4       org.objectweb.asm.ClassReader::readMethod (1066 bytes)

VM state: not at safepoint (normal execution)

VM Mutex/Monitor currently owned by a thread: None

Heap address: 0x00000000c0000000, size: 1024 MB, Compressed Oops mode: 32-bit

CDS archive(s) not mapped
Compressed class space mapped at: 0x0000000100000000-0x0000000140000000, reserved size: 1073741824
Narrow klass base: 0x0000000000000000, Narrow klass shift: 3, Narrow klass range: 0x140000000

GC Precious Log:
 CPUs: 12 total, 12 available
 Memory: 16160M
 Large Page Support: Disabled
 NUMA Support: Disabled
 Compressed Oops: Enabled (32-bit)
 Alignments: Space 512K, Generation 512K, Heap 2M
 Heap Min Capacity: 100M
 Heap Initial Capacity: 100M
 Heap Max Capacity: 1G
 Pre-touch: Disabled
 Parallel Workers: 10

Heap:
 PSYoungGen      total 22016K, used 4944K [0x00000000eab00000, 0x00000000ec280000, 0x0000000100000000)
  eden space 20992K, 23% used [0x00000000eab00000,0x00000000eafd41d0,0x00000000ebf80000)
  from space 1024K, 0% used [0x00000000ec180000,0x00000000ec180000,0x00000000ec280000)
  to   space 1536K, 0% used [0x00000000ebf80000,0x00000000ebf80000,0x00000000ec100000)
 ParOldGen       total 68608K, used 37075K [0x00000000c0000000, 0x00000000c4300000, 0x00000000eab00000)
  object space 68608K, 54% used [0x00000000c0000000,0x00000000c2434d88,0x00000000c4300000)
 Metaspace       used 59251K, committed 60224K, reserved 1114112K
  class space    used 6399K, committed 6784K, reserved 1048576K

Card table byte_map: [0x0000016fe0dc0000,0x0000016fe0fd0000] _byte_map_base: 0x0000016fe07c0000

Marking Bits: (ParMarkBitMap*) 0x00007ffaf41452c0
 Begin Bits: [0x0000016ff30a0000, 0x0000016ff40a0000)
 End Bits:   [0x0000016ff40a0000, 0x0000016ff50a0000)

Polling page: 0x0000016fdf340000

Metaspace:

Usage:
  Non-class:     51.61 MB used.
      Class:      6.25 MB used.
       Both:     57.86 MB used.

Virtual space:
  Non-class space:       64.00 MB reserved,      52.19 MB ( 82%) committed,  1 nodes.
      Class space:        1.00 GB reserved,       6.62 MB ( <1%) committed,  1 nodes.
             Both:        1.06 GB reserved,      58.81 MB (  5%) committed. 

Chunk freelists:
   Non-Class:  11.53 MB
       Class:  9.38 MB
        Both:  20.91 MB

MaxMetaspaceSize: unlimited
CompressedClassSpaceSize: 1.00 GB
Initial GC threshold: 21.00 MB
Current GC threshold: 97.31 MB
CDS: off
MetaspaceReclaimPolicy: balanced
 - commit_granule_bytes: 65536.
 - commit_granule_words: 8192.
 - virtual_space_node_default_size: 8388608.
 - enlarge_chunks_in_place: 1.
 - new_chunks_are_fully_committed: 0.
 - uncommit_free_chunks: 1.
 - use_allocation_guard: 0.
 - handle_deallocations: 1.


Internal statistics:

num_allocs_failed_limit: 9.
num_arena_births: 652.
num_arena_deaths: 14.
num_vsnodes_births: 2.
num_vsnodes_deaths: 0.
num_space_committed: 941.
num_space_uncommitted: 0.
num_chunks_returned_to_freelist: 23.
num_chunks_taken_from_freelist: 2964.
num_chunk_merges: 10.
num_chunk_splits: 1870.
num_chunks_enlarged: 1101.
num_inconsistent_stats: 0.

CodeHeap 'non-profiled nmethods': size=120000Kb used=3663Kb max_used=3663Kb free=116336Kb
 bounds [0x0000016febb70000, 0x0000016febf10000, 0x0000016ff30a0000]
CodeHeap 'profiled nmethods': size=120000Kb used=12725Kb max_used=12725Kb free=107274Kb
 bounds [0x0000016fe40a0000, 0x0000016fe4d10000, 0x0000016feb5d0000]
CodeHeap 'non-nmethods': size=5760Kb used=1315Kb max_used=1381Kb free=4444Kb
 bounds [0x0000016feb5d0000, 0x0000016feb840000, 0x0000016febb70000]
 total_blobs=6714 nmethods=6065 adapters=561
 compilation: enabled
              stopped_count=0, restarted_count=0
 full_count=0

Compilation events (20 events):
Event: 11.127 Thread 0x0000016ffa5f4730 6892       3       org.codehaus.plexus.util.xml.pull.MXParser::isEmptyElementTag (25 bytes)
Event: 11.128 Thread 0x0000016ffa5f4730 nmethod 6892 0x0000016fe4cef190 code [0x0000016fe4cef340, 0x0000016fe4cef588]
Event: 11.130 Thread 0x0000016ffc8b7120 nmethod 6875 0x0000016febefed90 code [0x0000016febefef20, 0x0000016febeff458]
Event: 11.130 Thread 0x0000016ffc8b7120 6893       4       org.codehaus.plexus.util.xml.pull.MXParser::getName (84 bytes)
Event: 11.131 Thread 0x0000016ffc8b7120 nmethod 6893 0x0000016febeff710 code [0x0000016febeff880, 0x0000016febeff958]
Event: 11.133 Thread 0x0000016ffa5f4730 6894   !   3       sun.net.www.protocol.jar.JarFileFactory::getOrCreate (91 bytes)
Event: 11.133 Thread 0x0000016ffa5f4730 nmethod 6894 0x0000016fe4cef690 code [0x0000016fe4cef8e0, 0x0000016fe4cefff8]
Event: 11.133 Thread 0x0000016ffa5f4730 6895   !   3       sun.net.www.protocol.jar.JarFileFactory::get (146 bytes)
Event: 11.134 Thread 0x0000016ffa5f4730 nmethod 6895 0x0000016fe4cf0310 code [0x0000016fe4cf0580, 0x0000016fe4cf0fe8]
Event: 11.135 Thread 0x0000016ffa5f4730 6896   !   3       org.eclipse.osgi.storage.bundlefile.BundleFile::createURL (35 bytes)
Event: 11.136 Thread 0x0000016ffa5f4730 nmethod 6896 0x0000016fe4cf1490 code [0x0000016fe4cf16c0, 0x0000016fe4cf1cd8]
Event: 11.136 Thread 0x0000016ffa5f4730 6897   !   3       java.nio.channels.spi.AbstractInterruptibleChannel::close (37 bytes)
Event: 11.136 Thread 0x0000016ffa5f4730 nmethod 6897 0x0000016fe4cf2090 code [0x0000016fe4cf2240, 0x0000016fe4cf2588]
Event: 11.137 Thread 0x0000016ffa5f4730 6898       3       java.lang.String::replace (42 bytes)
Event: 11.137 Thread 0x0000016ffa5f4730 nmethod 6898 0x0000016fe4cf2690 code [0x0000016fe4cf2860, 0x0000016fe4cf2b98]
Event: 11.138 Thread 0x0000016ffa5f4730 6899       3       org.apache.maven.model.InputLocation::<init> (30 bytes)
Event: 11.138 Thread 0x0000016ffc8b7120 6900       4       java.util.LinkedHashMap::afterNodeInsertion (40 bytes)
Event: 11.138 Thread 0x0000016ffa5f4730 nmethod 6899 0x0000016fe4cf2c90 code [0x0000016fe4cf2e20, 0x0000016fe4cf2fb8]
Event: 11.139 Thread 0x0000016ffc8b7120 nmethod 6900 0x0000016febeffa10 code [0x0000016febeffb80, 0x0000016febeffc38]
Event: 11.142 Thread 0x0000016ffa5f4730 6901       3       lombok.launch.ShadowClassLoader::exclusionListMatch (44 bytes)

GC Heap History (20 events):
Event: 7.289 GC heap before
{Heap before GC invocations=24 (full 2):
 PSYoungGen      total 24576K, used 24192K [0x00000000eab00000, 0x00000000ec600000, 0x0000000100000000)
  eden space 22016K, 100% used [0x00000000eab00000,0x00000000ec080000,0x00000000ec080000)
  from space 2560K, 85% used [0x00000000ec180000,0x00000000ec3a0000,0x00000000ec400000)
  to   space 2048K, 0% used [0x00000000ec400000,0x00000000ec400000,0x00000000ec600000)
 ParOldGen       total 68608K, used 30920K [0x00000000c0000000, 0x00000000c4300000, 0x00000000eab00000)
  object space 68608K, 45% used [0x00000000c0000000,0x00000000c1e32250,0x00000000c4300000)
 Metaspace       used 49993K, committed 50880K, reserved 1114112K
  class space    used 5476K, committed 5888K, reserved 1048576K
}
Event: 8.298 GC heap after
{Heap after GC invocations=24 (full 2):
 PSYoungGen      total 23040K, used 2048K [0x00000000eab00000, 0x00000000ec980000, 0x0000000100000000)
  eden space 20992K, 0% used [0x00000000eab00000,0x00000000eab00000,0x00000000ebf80000)
  from space 2048K, 100% used [0x00000000ec400000,0x00000000ec600000,0x00000000ec600000)
  to   space 4608K, 0% used [0x00000000ebf80000,0x00000000ebf80000,0x00000000ec400000)
 ParOldGen       total 68608K, used 32965K [0x00000000c0000000, 0x00000000c4300000, 0x00000000eab00000)
  object space 68608K, 48% used [0x00000000c0000000,0x00000000c20315a8,0x00000000c4300000)
 Metaspace       used 49993K, committed 50880K, reserved 1114112K
  class space    used 5476K, committed 5888K, reserved 1048576K
}
Event: 8.702 GC heap before
{Heap before GC invocations=25 (full 2):
 PSYoungGen      total 23040K, used 23024K [0x00000000eab00000, 0x00000000ec980000, 0x0000000100000000)
  eden space 20992K, 99% used [0x00000000eab00000,0x00000000ebf7c0e8,0x00000000ebf80000)
  from space 2048K, 100% used [0x00000000ec400000,0x00000000ec600000,0x00000000ec600000)
  to   space 4608K, 0% used [0x00000000ebf80000,0x00000000ebf80000,0x00000000ec400000)
 ParOldGen       total 68608K, used 32965K [0x00000000c0000000, 0x00000000c4300000, 0x00000000eab00000)
  object space 68608K, 48% used [0x00000000c0000000,0x00000000c20315a8,0x00000000c4300000)
 Metaspace       used 52458K, committed 53440K, reserved 1114112K
  class space    used 5770K, committed 6208K, reserved 1048576K
}
Event: 8.704 GC heap after
{Heap after GC invocations=25 (full 2):
 PSYoungGen      total 22016K, used 935K [0x00000000eab00000, 0x00000000ec480000, 0x0000000100000000)
  eden space 20992K, 0% used [0x00000000eab00000,0x00000000eab00000,0x00000000ebf80000)
  from space 1024K, 91% used [0x00000000ebf80000,0x00000000ec069f60,0x00000000ec080000)
  to   space 2560K, 0% used [0x00000000ec200000,0x00000000ec200000,0x00000000ec480000)
 ParOldGen       total 68608K, used 34869K [0x00000000c0000000, 0x00000000c4300000, 0x00000000eab00000)
  object space 68608K, 50% used [0x00000000c0000000,0x00000000c220d5a8,0x00000000c4300000)
 Metaspace       used 52458K, committed 53440K, reserved 1114112K
  class space    used 5770K, committed 6208K, reserved 1048576K
}
Event: 9.107 GC heap before
{Heap before GC invocations=26 (full 2):
 PSYoungGen      total 22016K, used 21927K [0x00000000eab00000, 0x00000000ec480000, 0x0000000100000000)
  eden space 20992K, 100% used [0x00000000eab00000,0x00000000ebf80000,0x00000000ebf80000)
  from space 1024K, 91% used [0x00000000ebf80000,0x00000000ec069f60,0x00000000ec080000)
  to   space 2560K, 0% used [0x00000000ec200000,0x00000000ec200000,0x00000000ec480000)
 ParOldGen       total 68608K, used 34869K [0x00000000c0000000, 0x00000000c4300000, 0x00000000eab00000)
  object space 68608K, 50% used [0x00000000c0000000,0x00000000c220d5a8,0x00000000c4300000)
 Metaspace       used 53886K, committed 54912K, reserved 1114112K
  class space    used 5911K, committed 6336K, reserved 1048576K
}
Event: 9.108 GC heap after
{Heap after GC invocations=26 (full 2):
 PSYoungGen      total 22016K, used 632K [0x00000000eab00000, 0x00000000ec300000, 0x0000000100000000)
  eden space 20992K, 0% used [0x00000000eab00000,0x00000000eab00000,0x00000000ebf80000)
  from space 1024K, 61% used [0x00000000ec200000,0x00000000ec29e098,0x00000000ec300000)
  to   space 1024K, 0% used [0x00000000ebf80000,0x00000000ebf80000,0x00000000ec080000)
 ParOldGen       total 68608K, used 35654K [0x00000000c0000000, 0x00000000c4300000, 0x00000000eab00000)
  object space 68608K, 51% used [0x00000000c0000000,0x00000000c22d1a58,0x00000000c4300000)
 Metaspace       used 53886K, committed 54912K, reserved 1114112K
  class space    used 5911K, committed 6336K, reserved 1048576K
}
Event: 9.468 GC heap before
{Heap before GC invocations=27 (full 2):
 PSYoungGen      total 22016K, used 21471K [0x00000000eab00000, 0x00000000ec300000, 0x0000000100000000)
  eden space 20992K, 99% used [0x00000000eab00000,0x00000000ebf59ea8,0x00000000ebf80000)
  from space 1024K, 61% used [0x00000000ec200000,0x00000000ec29e098,0x00000000ec300000)
  to   space 1024K, 0% used [0x00000000ebf80000,0x00000000ebf80000,0x00000000ec080000)
 ParOldGen       total 68608K, used 35654K [0x00000000c0000000, 0x00000000c4300000, 0x00000000eab00000)
  object space 68608K, 51% used [0x00000000c0000000,0x00000000c22d1a58,0x00000000c4300000)
 Metaspace       used 55379K, committed 56256K, reserved 1114112K
  class space    used 6034K, committed 6400K, reserved 1048576K
}
Event: 9.469 GC heap after
{Heap after GC invocations=27 (full 2):
 PSYoungGen      total 22016K, used 416K [0x00000000eab00000, 0x00000000ec280000, 0x0000000100000000)
  eden space 20992K, 0% used [0x00000000eab00000,0x00000000eab00000,0x00000000ebf80000)
  from space 1024K, 40% used [0x00000000ebf80000,0x00000000ebfe8000,0x00000000ec080000)
  to   space 1024K, 0% used [0x00000000ec180000,0x00000000ec180000,0x00000000ec280000)
 ParOldGen       total 68608K, used 36134K [0x00000000c0000000, 0x00000000c4300000, 0x00000000eab00000)
  object space 68608K, 52% used [0x00000000c0000000,0x00000000c2349b68,0x00000000c4300000)
 Metaspace       used 55379K, committed 56256K, reserved 1114112K
  class space    used 6034K, committed 6400K, reserved 1048576K
}
Event: 9.519 GC heap before
{Heap before GC invocations=28 (full 2):
 PSYoungGen      total 22016K, used 21408K [0x00000000eab00000, 0x00000000ec280000, 0x0000000100000000)
  eden space 20992K, 100% used [0x00000000eab00000,0x00000000ebf80000,0x00000000ebf80000)
  from space 1024K, 40% used [0x00000000ebf80000,0x00000000ebfe8000,0x00000000ec080000)
  to   space 1024K, 0% used [0x00000000ec180000,0x00000000ec180000,0x00000000ec280000)
 ParOldGen       total 68608K, used 36134K [0x00000000c0000000, 0x00000000c4300000, 0x00000000eab00000)
  object space 68608K, 52% used [0x00000000c0000000,0x00000000c2349b68,0x00000000c4300000)
 Metaspace       used 55409K, committed 56384K, reserved 1114112K
  class space    used 6034K, committed 6400K, reserved 1048576K
}
Event: 9.519 GC heap after
{Heap after GC invocations=28 (full 2):
 PSYoungGen      total 22016K, used 702K [0x00000000eab00000, 0x00000000ec280000, 0x0000000100000000)
  eden space 20992K, 0% used [0x00000000eab00000,0x00000000eab00000,0x00000000ebf80000)
  from space 1024K, 68% used [0x00000000ec180000,0x00000000ec22fbb0,0x00000000ec280000)
  to   space 1024K, 0% used [0x00000000ebf80000,0x00000000ebf80000,0x00000000ec080000)
 ParOldGen       total 68608K, used 36390K [0x00000000c0000000, 0x00000000c4300000, 0x00000000eab00000)
  object space 68608K, 53% used [0x00000000c0000000,0x00000000c2389b68,0x00000000c4300000)
 Metaspace       used 55409K, committed 56384K, reserved 1114112K
  class space    used 6034K, committed 6400K, reserved 1048576K
}
Event: 9.642 GC heap before
{Heap before GC invocations=29 (full 2):
 PSYoungGen      total 22016K, used 21694K [0x00000000eab00000, 0x00000000ec280000, 0x0000000100000000)
  eden space 20992K, 99% used [0x00000000eab00000,0x00000000ebf7fd20,0x00000000ebf80000)
  from space 1024K, 68% used [0x00000000ec180000,0x00000000ec22fbb0,0x00000000ec280000)
  to   space 1024K, 0% used [0x00000000ebf80000,0x00000000ebf80000,0x00000000ec080000)
 ParOldGen       total 68608K, used 36390K [0x00000000c0000000, 0x00000000c4300000, 0x00000000eab00000)
  object space 68608K, 53% used [0x00000000c0000000,0x00000000c2389b68,0x00000000c4300000)
 Metaspace       used 56532K, committed 57472K, reserved 1114112K
  class space    used 6140K, committed 6528K, reserved 1048576K
}
Event: 9.642 GC heap after
{Heap after GC invocations=29 (full 2):
 PSYoungGen      total 22016K, used 395K [0x00000000eab00000, 0x00000000ec200000, 0x0000000100000000)
  eden space 20992K, 0% used [0x00000000eab00000,0x00000000eab00000,0x00000000ebf80000)
  from space 1024K, 38% used [0x00000000ebf80000,0x00000000ebfe2cb0,0x00000000ec080000)
  to   space 512K, 0% used [0x00000000ec180000,0x00000000ec180000,0x00000000ec200000)
 ParOldGen       total 68608K, used 36406K [0x00000000c0000000, 0x00000000c4300000, 0x00000000eab00000)
  object space 68608K, 53% used [0x00000000c0000000,0x00000000c238db68,0x00000000c4300000)
 Metaspace       used 56532K, committed 57472K, reserved 1114112K
  class space    used 6140K, committed 6528K, reserved 1048576K
}
Event: 9.817 GC heap before
{Heap before GC invocations=30 (full 2):
 PSYoungGen      total 22016K, used 21387K [0x00000000eab00000, 0x00000000ec200000, 0x0000000100000000)
  eden space 20992K, 100% used [0x00000000eab00000,0x00000000ebf80000,0x00000000ebf80000)
  from space 1024K, 38% used [0x00000000ebf80000,0x00000000ebfe2cb0,0x00000000ec080000)
  to   space 512K, 0% used [0x00000000ec180000,0x00000000ec180000,0x00000000ec200000)
 ParOldGen       total 68608K, used 36406K [0x00000000c0000000, 0x00000000c4300000, 0x00000000eab00000)
  object space 68608K, 53% used [0x00000000c0000000,0x00000000c238db68,0x00000000c4300000)
 Metaspace       used 57362K, committed 58240K, reserved 1114112K
  class space    used 6221K, committed 6592K, reserved 1048576K
}
Event: 9.818 GC heap after
{Heap after GC invocations=30 (full 2):
 PSYoungGen      total 21504K, used 505K [0x00000000eab00000, 0x00000000ec200000, 0x0000000100000000)
  eden space 20992K, 0% used [0x00000000eab00000,0x00000000eab00000,0x00000000ebf80000)
  from space 512K, 98% used [0x00000000ec180000,0x00000000ec1fe470,0x00000000ec200000)
  to   space 1024K, 0% used [0x00000000ec000000,0x00000000ec000000,0x00000000ec100000)
 ParOldGen       total 68608K, used 36702K [0x00000000c0000000, 0x00000000c4300000, 0x00000000eab00000)
  object space 68608K, 53% used [0x00000000c0000000,0x00000000c23d7b88,0x00000000c4300000)
 Metaspace       used 57362K, committed 58240K, reserved 1114112K
  class space    used 6221K, committed 6592K, reserved 1048576K
}
Event: 9.910 GC heap before
{Heap before GC invocations=31 (full 2):
 PSYoungGen      total 21504K, used 21497K [0x00000000eab00000, 0x00000000ec200000, 0x0000000100000000)
  eden space 20992K, 100% used [0x00000000eab00000,0x00000000ebf80000,0x00000000ebf80000)
  from space 512K, 98% used [0x00000000ec180000,0x00000000ec1fe470,0x00000000ec200000)
  to   space 1024K, 0% used [0x00000000ec000000,0x00000000ec000000,0x00000000ec100000)
 ParOldGen       total 68608K, used 36702K [0x00000000c0000000, 0x00000000c4300000, 0x00000000eab00000)
  object space 68608K, 53% used [0x00000000c0000000,0x00000000c23d7b88,0x00000000c4300000)
 Metaspace       used 57924K, committed 58816K, reserved 1114112K
  class space    used 6260K, committed 6656K, reserved 1048576K
}
Event: 9.911 GC heap after
{Heap after GC invocations=31 (full 2):
 PSYoungGen      total 22016K, used 1024K [0x00000000eab00000, 0x00000000ec380000, 0x0000000100000000)
  eden space 20992K, 0% used [0x00000000eab00000,0x00000000eab00000,0x00000000ebf80000)
  from space 1024K, 100% used [0x00000000ec000000,0x00000000ec100000,0x00000000ec100000)
  to   space 2048K, 0% used [0x00000000ec180000,0x00000000ec180000,0x00000000ec380000)
 ParOldGen       total 68608K, used 37344K [0x00000000c0000000, 0x00000000c4300000, 0x00000000eab00000)
  object space 68608K, 54% used [0x00000000c0000000,0x00000000c2478238,0x00000000c4300000)
 Metaspace       used 57924K, committed 58816K, reserved 1114112K
  class space    used 6260K, committed 6656K, reserved 1048576K
}
Event: 11.076 GC heap before
{Heap before GC invocations=32 (full 2):
 PSYoungGen      total 22016K, used 13329K [0x00000000eab00000, 0x00000000ec380000, 0x0000000100000000)
  eden space 20992K, 58% used [0x00000000eab00000,0x00000000eb704768,0x00000000ebf80000)
  from space 1024K, 100% used [0x00000000ec000000,0x00000000ec100000,0x00000000ec100000)
  to   space 2048K, 0% used [0x00000000ec180000,0x00000000ec180000,0x00000000ec380000)
 ParOldGen       total 68608K, used 37344K [0x00000000c0000000, 0x00000000c4300000, 0x00000000eab00000)
  object space 68608K, 54% used [0x00000000c0000000,0x00000000c2478238,0x00000000c4300000)
 Metaspace       used 58850K, committed 59776K, reserved 1114112K
  class space    used 6361K, committed 6784K, reserved 1048576K
}
Event: 11.078 GC heap after
{Heap after GC invocations=32 (full 2):
 PSYoungGen      total 22016K, used 896K [0x00000000eab00000, 0x00000000ec280000, 0x0000000100000000)
  eden space 20992K, 0% used [0x00000000eab00000,0x00000000eab00000,0x00000000ebf80000)
  from space 1024K, 87% used [0x00000000ec180000,0x00000000ec260000,0x00000000ec280000)
  to   space 1536K, 0% used [0x00000000ebf80000,0x00000000ebf80000,0x00000000ec100000)
 ParOldGen       total 68608K, used 38392K [0x00000000c0000000, 0x00000000c4300000, 0x00000000eab00000)
  object space 68608K, 55% used [0x00000000c0000000,0x00000000c257e238,0x00000000c4300000)
 Metaspace       used 58850K, committed 59776K, reserved 1114112K
  class space    used 6361K, committed 6784K, reserved 1048576K
}
Event: 11.078 GC heap before
{Heap before GC invocations=33 (full 3):
 PSYoungGen      total 22016K, used 896K [0x00000000eab00000, 0x00000000ec280000, 0x0000000100000000)
  eden space 20992K, 0% used [0x00000000eab00000,0x00000000eab00000,0x00000000ebf80000)
  from space 1024K, 87% used [0x00000000ec180000,0x00000000ec260000,0x00000000ec280000)
  to   space 1536K, 0% used [0x00000000ebf80000,0x00000000ebf80000,0x00000000ec100000)
 ParOldGen       total 68608K, used 38392K [0x00000000c0000000, 0x00000000c4300000, 0x00000000eab00000)
  object space 68608K, 55% used [0x00000000c0000000,0x00000000c257e238,0x00000000c4300000)
 Metaspace       used 58850K, committed 59776K, reserved 1114112K
  class space    used 6361K, committed 6784K, reserved 1048576K
}
Event: 11.123 GC heap after
{Heap after GC invocations=33 (full 3):
 PSYoungGen      total 22016K, used 0K [0x00000000eab00000, 0x00000000ec280000, 0x0000000100000000)
  eden space 20992K, 0% used [0x00000000eab00000,0x00000000eab00000,0x00000000ebf80000)
  from space 1024K, 0% used [0x00000000ec180000,0x00000000ec180000,0x00000000ec280000)
  to   space 1536K, 0% used [0x00000000ebf80000,0x00000000ebf80000,0x00000000ec100000)
 ParOldGen       total 68608K, used 37075K [0x00000000c0000000, 0x00000000c4300000, 0x00000000eab00000)
  object space 68608K, 54% used [0x00000000c0000000,0x00000000c2434d88,0x00000000c4300000)
 Metaspace       used 58850K, committed 59776K, reserved 1114112K
  class space    used 6361K, committed 6784K, reserved 1048576K
}

Dll operation events (10 events):
Event: 0.012 Loaded shared library c:\Users\khami\.vscode\extensions\redhat.java-1.20.0-win32-x64\jre\17.0.7-win32-x86_64\bin\java.dll
Event: 0.243 Loaded shared library c:\Users\khami\.vscode\extensions\redhat.java-1.20.0-win32-x64\jre\17.0.7-win32-x86_64\bin\zip.dll
Event: 0.248 Loaded shared library C:\Users\khami\.vscode\extensions\redhat.java-1.20.0-win32-x64\jre\17.0.7-win32-x86_64\bin\instrument.dll
Event: 0.267 Loaded shared library C:\Users\khami\.vscode\extensions\redhat.java-1.20.0-win32-x64\jre\17.0.7-win32-x86_64\bin\net.dll
Event: 0.270 Loaded shared library C:\Users\khami\.vscode\extensions\redhat.java-1.20.0-win32-x64\jre\17.0.7-win32-x86_64\bin\nio.dll
Event: 0.281 Loaded shared library C:\Users\khami\.vscode\extensions\redhat.java-1.20.0-win32-x64\jre\17.0.7-win32-x86_64\bin\zip.dll
Event: 0.308 Loaded shared library C:\Users\khami\.vscode\extensions\redhat.java-1.20.0-win32-x64\jre\17.0.7-win32-x86_64\bin\jimage.dll
Event: 0.382 Loaded shared library c:\Users\khami\.vscode\extensions\redhat.java-1.20.0-win32-x64\jre\17.0.7-win32-x86_64\bin\verify.dll
Event: 1.394 Loaded shared library C:\Users\khami\AppData\Roaming\Code\User\globalStorage\redhat.java\1.20.0\config_win\org.eclipse.equinox.launcher\org.eclipse.equinox.launcher.win32.win32.x86_64_1.2.700.v20221108-1024\eclipse_11801.dll
Event: 3.805 Loaded shared library C:\Users\khami\AppData\Local\Temp\jna-102011712\jna8977519116834070939.dll

Deoptimization events (20 events):
Event: 9.942 Thread 0x0000016ffdde5240 DEOPT PACKING pc=0x0000016fe40c6824 sp=0x000000508b4fe130
Event: 9.942 Thread 0x0000016ffdde5240 DEOPT UNPACKING pc=0x0000016feb626e43 sp=0x000000508b4fd5a8 mode 0
Event: 9.946 Thread 0x0000016ffdde5240 DEOPT PACKING pc=0x0000016fe4ca021e sp=0x000000508b4fe100
Event: 9.946 Thread 0x0000016ffdde5240 DEOPT UNPACKING pc=0x0000016feb626e43 sp=0x000000508b4fd5c0 mode 0
Event: 9.950 Thread 0x0000016ffdde5240 Uncommon trap: trap_request=0xffffffde fr.pc=0x0000016febdcff18 relative=0x00000000000010b8
Event: 9.950 Thread 0x0000016ffdde5240 Uncommon trap: reason=class_check action=maybe_recompile pc=0x0000016febdcff18 method=java.util.zip.InflaterInputStream.read([BII)I @ 100 c2
Event: 9.950 Thread 0x0000016ffdde5240 DEOPT PACKING pc=0x0000016febdcff18 sp=0x000000508b4fe0d0
Event: 9.950 Thread 0x0000016ffdde5240 DEOPT UNPACKING pc=0x0000016feb6266a3 sp=0x000000508b4fe120 mode 2
Event: 9.990 Thread 0x0000016ffdde5240 Uncommon trap: trap_request=0xffffff45 fr.pc=0x0000016febc825dc relative=0x0000000000000bfc
Event: 9.990 Thread 0x0000016ffdde5240 Uncommon trap: reason=unstable_if action=reinterpret pc=0x0000016febc825dc method=java.util.concurrent.ConcurrentHashMap.transfer([Ljava/util/concurrent/ConcurrentHashMap$Node;[Ljava/util/concurrent/ConcurrentHashMap$Node;)V @ 26 c2
Event: 9.990 Thread 0x0000016ffdde5240 DEOPT PACKING pc=0x0000016febc825dc sp=0x000000508b4fd190
Event: 9.990 Thread 0x0000016ffdde5240 DEOPT UNPACKING pc=0x0000016feb6266a3 sp=0x000000508b4fd0f0 mode 2
Event: 10.026 Thread 0x0000016ffdde5240 Uncommon trap: trap_request=0xffffffc6 fr.pc=0x0000016febd07de8 relative=0x0000000000000228
Event: 10.026 Thread 0x0000016ffdde5240 Uncommon trap: reason=bimorphic_or_optimized_type_check action=maybe_recompile pc=0x0000016febd07de8 method=java.lang.ThreadLocal.set(Ljava/lang/Object;)V @ 6 c2
Event: 10.026 Thread 0x0000016ffdde5240 DEOPT PACKING pc=0x0000016febd07de8 sp=0x000000508b4fdc30
Event: 10.026 Thread 0x0000016ffdde5240 DEOPT UNPACKING pc=0x0000016feb6266a3 sp=0x000000508b4fdbd8 mode 2
Event: 11.128 Thread 0x0000016ffdde5240 Uncommon trap: trap_request=0xffffff45 fr.pc=0x0000016febd4c218 relative=0x00000000000004d8
Event: 11.128 Thread 0x0000016ffdde5240 Uncommon trap: reason=unstable_if action=reinterpret pc=0x0000016febd4c218 method=java.lang.String.replace(CC)Ljava/lang/String; @ 2 c2
Event: 11.128 Thread 0x0000016ffdde5240 DEOPT PACKING pc=0x0000016febd4c218 sp=0x000000508b4fd3d0
Event: 11.128 Thread 0x0000016ffdde5240 DEOPT UNPACKING pc=0x0000016feb6266a3 sp=0x000000508b4fd380 mode 2

Classes unloaded (7 events):
Event: 2.287 Thread 0x0000016fe14d8c10 Unloading class 0x0000000100212400 'java/lang/invoke/LambdaForm$MH+0x0000000100212400'
Event: 2.287 Thread 0x0000016fe14d8c10 Unloading class 0x0000000100212000 'java/lang/invoke/LambdaForm$MH+0x0000000100212000'
Event: 2.287 Thread 0x0000016fe14d8c10 Unloading class 0x0000000100211c00 'java/lang/invoke/LambdaForm$MH+0x0000000100211c00'
Event: 2.287 Thread 0x0000016fe14d8c10 Unloading class 0x0000000100211800 'java/lang/invoke/LambdaForm$MH+0x0000000100211800'
Event: 2.287 Thread 0x0000016fe14d8c10 Unloading class 0x0000000100211000 'java/lang/invoke/LambdaForm$BMH+0x0000000100211000'
Event: 2.287 Thread 0x0000016fe14d8c10 Unloading class 0x0000000100210c00 'java/lang/invoke/LambdaForm$DMH+0x0000000100210c00'
Event: 2.287 Thread 0x0000016fe14d8c10 Unloading class 0x000000010020e000 'java/lang/invoke/LambdaForm$DMH+0x000000010020e000'

Classes redefined (0 events):
No events

Internal exceptions (20 events):
Event: 6.988 Thread 0x0000016ffcc72640 Exception <a 'sun/nio/fs/WindowsException'{0x00000000eb2f3490}> (0x00000000eb2f3490) 
thrown [s\src\hotspot\share\prims\jni.cpp, line 516]
Event: 6.988 Thread 0x0000016ffcc72640 Exception <a 'sun/nio/fs/WindowsException'{0x00000000eb2f3be8}> (0x00000000eb2f3be8) 
thrown [s\src\hotspot\share\prims\jni.cpp, line 516]
Event: 6.988 Thread 0x0000016ffcc72640 Exception <a 'sun/nio/fs/WindowsException'{0x00000000eb2f4350}> (0x00000000eb2f4350) 
thrown [s\src\hotspot\share\prims\jni.cpp, line 516]
Event: 8.418 Thread 0x0000016ffcc72640 Exception <a 'sun/nio/fs/WindowsException'{0x00000000eadac948}> (0x00000000eadac948) 
thrown [s\src\hotspot\share\prims\jni.cpp, line 516]
Event: 8.436 Thread 0x0000016ffcc72640 Exception <a 'sun/nio/fs/WindowsException'{0x00000000eadfbcb0}> (0x00000000eadfbcb0) 
thrown [s\src\hotspot\share\prims\jni.cpp, line 516]
Event: 8.501 Thread 0x0000016ffcc70e30 Exception <a 'java/lang/NoSuchMethodError'{0x00000000eb061200}: 'java.lang.Object java.lang.invoke.DirectMethodHandle$Holder.invokeInterface(java.lang.Object, java.lang.Object, java.lang.Object)'> (0x00000000eb061200) 
thrown [s\src\hotspot\share\interpreter\linkResolver.cpp, line 759]
Event: 8.572 Thread 0x0000016ffcc70e30 Exception <a 'java/io/FileNotFoundException'{0x00000000eb414f18}> (0x00000000eb414f18) 
thrown [s\src\hotspot\share\prims\jni.cpp, line 516]
Event: 9.681 Thread 0x0000016ffcc70e30 Exception <a 'sun/nio/fs/WindowsException'{0x00000000eacfd468}> (0x00000000eacfd468) 
thrown [s\src\hotspot\share\prims\jni.cpp, line 516]
Event: 9.700 Thread 0x0000016ffcc70e30 Exception <a 'sun/nio/fs/WindowsException'{0x00000000ead0dac0}> (0x00000000ead0dac0) 
thrown [s\src\hotspot\share\prims\jni.cpp, line 516]
Event: 9.711 Thread 0x0000016ffcc70e30 Exception <a 'java/lang/NoSuchMethodError'{0x00000000ead16e40}: 'java.lang.Object java.lang.invoke.DirectMethodHandle$Holder.invokeStatic(java.lang.Object, java.lang.Object, int, java.lang.Object)'> (0x00000000ead16e40) 
thrown [s\src\hotspot\share\interpreter\linkResolver.cpp, line 759]
Event: 9.711 Thread 0x0000016ffcc70e30 Exception <a 'java/lang/NoSuchMethodError'{0x00000000ead1e780}: 'java.lang.Object java.lang.invoke.DirectMethodHandle$Holder.newInvokeSpecial(java.lang.Object, java.lang.Object, int)'> (0x00000000ead1e780) 
thrown [s\src\hotspot\share\interpreter\linkResolver.cpp, line 759]
Event: 9.725 Thread 0x0000016ffdde5240 Exception <a 'java/lang/NoSuchMethodError'{0x00000000eade03c0}: 'java.lang.Object java.lang.invoke.DirectMethodHandle$Holder.newInvokeSpecial(java.lang.Object, java.lang.Object, java.lang.Object, java.lang.Object, java.lang.Object, java.lang.Object)'> (0x00000000eade03c0) 
thrown [s\src\hotspot\share\interpreter\linkResolver.cpp, line 759]
Event: 9.727 Thread 0x0000016ffdde5240 Exception <a 'java/lang/NoSuchMethodError'{0x00000000eadefd08}: 'int java.lang.invoke.DirectMethodHandle$Holder.invokeStatic(java.lang.Object)'> (0x00000000eadefd08) 
thrown [s\src\hotspot\share\interpreter\linkResolver.cpp, line 759]
Event: 9.753 Thread 0x0000016ffdde5240 Exception <a 'java/io/FileNotFoundException'{0x00000000eae863f0}> (0x00000000eae863f0) 
thrown [s\src\hotspot\share\prims\jni.cpp, line 516]
Event: 9.753 Thread 0x0000016ffdde5240 Exception <a 'java/io/FileNotFoundException'{0x00000000eae88208}> (0x00000000eae88208) 
thrown [s\src\hotspot\share\prims\jni.cpp, line 516]
Event: 9.753 Thread 0x0000016ffdde5240 Exception <a 'java/io/FileNotFoundException'{0x00000000eae897a0}> (0x00000000eae897a0) 
thrown [s\src\hotspot\share\prims\jni.cpp, line 516]
Event: 9.991 Thread 0x0000016ffdde5240 Exception <a 'java/lang/NoSuchMethodError'{0x00000000eb26d0c8}: 'java.lang.Object java.lang.invoke.DirectMethodHandle$Holder.newInvokeSpecial(java.lang.Object, java.lang.Object, java.lang.Object, int)'> (0x00000000eb26d0c8) 
thrown [s\src\hotspot\share\interpreter\linkResolver.cpp, line 759]
Event: 9.991 Thread 0x0000016ffdde5240 Exception <a 'java/lang/NoSuchMethodError'{0x00000000eb2711d0}: 'java.lang.Object java.lang.invoke.DirectMethodHandle$Holder.invokeSpecial(java.lang.Object, java.lang.Object, java.lang.Object, java.lang.Object, int)'> (0x00000000eb2711d0) 
thrown [s\src\hotspot\share\interpreter\linkResolver.cpp, line 759]
Event: 9.991 Thread 0x0000016ffdde5240 Exception <a 'java/lang/NoSuchMethodError'{0x00000000eb2748d8}: 'java.lang.Object java.lang.invoke.Invokers$Holder.linkToTargetMethod(java.lang.Object, java.lang.Object, int, java.lang.Object)'> (0x00000000eb2748d8) 
thrown [s\src\hotspot\share\interpreter\linkResolver.cpp, line 759]
Event: 9.997 Thread 0x0000016ffdde5240 Exception <a 'java/lang/NoSuchMethodError'{0x00000000eb298a48}: 'java.lang.Object java.lang.invoke.DirectMethodHandle$Holder.invokeInterface(java.lang.Object, java.lang.Object, java.lang.Object, java.lang.Object)'> (0x00000000eb298a48) 
thrown [s\src\hotspot\share\interpreter\linkResolver.cpp, line 759]

VM Operations (20 events):
Event: 9.519 Executing VM operation: ParallelGCFailedAllocation done
Event: 9.624 Executing VM operation: HandshakeAllThreads
Event: 9.624 Executing VM operation: HandshakeAllThreads done
Event: 9.641 Executing VM operation: ParallelGCFailedAllocation
Event: 9.642 Executing VM operation: ParallelGCFailedAllocation done
Event: 9.661 Executing VM operation: HandshakeAllThreads
Event: 9.661 Executing VM operation: HandshakeAllThreads done
Event: 9.728 Executing VM operation: HandshakeAllThreads
Event: 9.728 Executing VM operation: HandshakeAllThreads done
Event: 9.812 Executing VM operation: HandshakeAllThreads
Event: 9.812 Executing VM operation: HandshakeAllThreads done
Event: 9.817 Executing VM operation: ParallelGCFailedAllocation
Event: 9.818 Executing VM operation: ParallelGCFailedAllocation done
Event: 9.910 Executing VM operation: ParallelGCFailedAllocation
Event: 9.911 Executing VM operation: ParallelGCFailedAllocation done
Event: 10.911 Executing VM operation: Cleanup
Event: 11.037 Executing VM operation: Cleanup done
Event: 11.076 Executing VM operation: CollectForMetadataAllocation
Event: 11.123 Executing VM operation: CollectForMetadataAllocation done
Event: 12.125 Executing VM operation: Cleanup

Events (20 events):
Event: 9.426 loading class java/util/stream/Node$Builder$OfInt done
Event: 9.426 loading class java/util/stream/Nodes$IntArrayNode
Event: 9.426 loading class java/util/stream/Nodes$IntArrayNode done
Event: 9.426 loading class java/util/stream/Nodes$IntFixedNodeBuilder done
Event: 9.426 loading class java/util/stream/ReferencePipeline$4$1
Event: 9.426 loading class java/util/stream/ReferencePipeline$4$1 done
Event: 9.671 loading class java/util/Hashtable$ValueCollection
Event: 9.671 loading class java/util/Hashtable$ValueCollection done
Event: 9.713 loading class java/util/concurrent/CompletableFuture$UniApply
Event: 9.713 loading class java/util/concurrent/CompletableFuture$UniApply done
Event: 9.713 loading class java/util/concurrent/ForkJoinPool$DefaultCommonPoolForkJoinWorkerThreadFactory$1
Event: 9.713 loading class java/util/concurrent/ForkJoinPool$DefaultCommonPoolForkJoinWorkerThreadFactory$1 done
Event: 9.714 Thread 0x0000016ffdde5240 Thread added: 0x0000016ffdde5240
Event: 9.812 loading class java/util/zip/CheckedInputStream
Event: 9.812 loading class java/util/zip/CheckedInputStream done
Event: 11.124 loading class java/util/AbstractMap$2
Event: 11.124 loading class java/util/AbstractMap$2 done
Event: 11.124 loading class java/util/AbstractMap$2$1
Event: 11.124 loading class java/util/AbstractMap$2$1 done
Event: 12.146 Thread 0x0000016ffdde9f40 Thread added: 0x0000016ffdde9f40


Dynamic libraries:
0x00007ff69d5c0000 - 0x00007ff69d5ce000 	c:\Users\khami\.vscode\extensions\redhat.java-1.20.0-win32-x64\jre\17.0.7-win32-x86_64\bin\java.exe
0x00007ffb9e820000 - 0x00007ffb9ea4b000 	C:\WINDOWS\SYSTEM32\ntdll.dll
0x00007ffb9cef0000 - 0x00007ffb9cfb6000 	C:\WINDOWS\System32\KERNEL32.DLL
0x00007ffb9bc50000 - 0x00007ffb9bfae000 	C:\WINDOWS\System32\KERNELBASE.dll
0x00007ffb9bfc0000 - 0x00007ffb9c0f3000 	C:\WINDOWS\System32\ucrtbase.dll
0x00007ffb83470000 - 0x00007ffb83487000 	c:\Users\khami\.vscode\extensions\redhat.java-1.20.0-win32-x64\jre\17.0.7-win32-x86_64\bin\jli.dll
0x00007ffb4b380000 - 0x00007ffb4b399000 	c:\Users\khami\.vscode\extensions\redhat.java-1.20.0-win32-x64\jre\17.0.7-win32-x86_64\bin\VCRUNTIME140.dll
0x00007ffb9e1c0000 - 0x00007ffb9e371000 	C:\WINDOWS\System32\USER32.dll
0x00007ffb9c2b0000 - 0x00007ffb9c2d7000 	C:\WINDOWS\System32\win32u.dll
0x00007ffb7aee0000 - 0x00007ffb7b171000 	C:\WINDOWS\WinSxS\amd64_microsoft.windows.common-controls_6595b64144ccf1df_6.0.25905.1000_none_87b90b8fab340372\COMCTL32.dll
0x00007ffb9c680000 - 0x00007ffb9c6a9000 	C:\WINDOWS\System32\GDI32.dll
0x00007ffb9c9f0000 - 0x00007ffb9ca97000 	C:\WINDOWS\System32\msvcrt.dll
0x00007ffb9c180000 - 0x00007ffb9c29f000 	C:\WINDOWS\System32\gdi32full.dll
0x00007ffb9c5b0000 - 0x00007ffb9c655000 	C:\WINDOWS\System32\msvcp_win.dll
0x00007ffb9e010000 - 0x00007ffb9e040000 	C:\WINDOWS\System32\IMM32.DLL
0x00007ffb96ec0000 - 0x00007ffb96ecc000 	c:\Users\khami\.vscode\extensions\redhat.java-1.20.0-win32-x64\jre\17.0.7-win32-x86_64\bin\vcruntime140_1.dll
0x00007ffb1f620000 - 0x00007ffb1f6b1000 	c:\Users\khami\.vscode\extensions\redhat.java-1.20.0-win32-x64\jre\17.0.7-win32-x86_64\bin\msvcp140.dll
0x00007ffaf35c0000 - 0x00007ffaf4208000 	c:\Users\khami\.vscode\extensions\redhat.java-1.20.0-win32-x64\jre\17.0.7-win32-x86_64\bin\server\jvm.dll
0x00007ffb9d040000 - 0x00007ffb9d0f0000 	C:\WINDOWS\System32\ADVAPI32.dll
0x00007ffb9cc90000 - 0x00007ffb9cd30000 	C:\WINDOWS\System32\sechost.dll
0x00007ffb9c6b0000 - 0x00007ffb9c7d5000 	C:\WINDOWS\System32\RPCRT4.dll
0x00007ffb94370000 - 0x00007ffb943a4000 	C:\WINDOWS\SYSTEM32\WINMM.dll
0x00007ffb93a40000 - 0x00007ffb93a4a000 	C:\WINDOWS\SYSTEM32\VERSION.dll
0x00007ffb96ea0000 - 0x00007ffb96ea9000 	C:\WINDOWS\SYSTEM32\WSOCK32.dll
0x00007ffb9cc10000 - 0x00007ffb9cc83000 	C:\WINDOWS\System32\WS2_32.dll
0x00007ffb9abb0000 - 0x00007ffb9abc8000 	C:\WINDOWS\SYSTEM32\kernel.appcore.dll
0x00007ffb68ef0000 - 0x00007ffb68efa000 	c:\Users\khami\.vscode\extensions\redhat.java-1.20.0-win32-x64\jre\17.0.7-win32-x86_64\bin\jimage.dll
0x00007ffb99460000 - 0x00007ffb99695000 	C:\WINDOWS\SYSTEM32\DBGHELP.DLL
0x00007ffb9e460000 - 0x00007ffb9e7db000 	C:\WINDOWS\System32\combase.dll
0x00007ffb9e050000 - 0x00007ffb9e125000 	C:\WINDOWS\System32\OLEAUT32.dll
0x00007ffb75f60000 - 0x00007ffb75f98000 	C:\WINDOWS\SYSTEM32\dbgcore.DLL
0x00007ffb9c2e0000 - 0x00007ffb9c361000 	C:\WINDOWS\System32\bcryptPrimitives.dll
0x00007ffb61050000 - 0x00007ffb6105e000 	c:\Users\khami\.vscode\extensions\redhat.java-1.20.0-win32-x64\jre\17.0.7-win32-x86_64\bin\instrument.dll
0x00007ffb46a10000 - 0x00007ffb46a35000 	c:\Users\khami\.vscode\extensions\redhat.java-1.20.0-win32-x64\jre\17.0.7-win32-x86_64\bin\java.dll
0x00007ffb4a7b0000 - 0x00007ffb4a7c8000 	c:\Users\khami\.vscode\extensions\redhat.java-1.20.0-win32-x64\jre\17.0.7-win32-x86_64\bin\zip.dll
0x00007ffb9d810000 - 0x00007ffb9df83000 	C:\WINDOWS\System32\SHELL32.dll
0x00007ffb999f0000 - 0x00007ffb9a242000 	C:\WINDOWS\SYSTEM32\windows.storage.dll
0x00007ffb9e380000 - 0x00007ffb9e453000 	C:\WINDOWS\System32\SHCORE.dll
0x00007ffb9cfe0000 - 0x00007ffb9d03c000 	C:\WINDOWS\System32\shlwapi.dll
0x00007ffb9bb80000 - 0x00007ffb9bba3000 	C:\WINDOWS\SYSTEM32\profapi.dll
0x00007ffb4a6a0000 - 0x00007ffb4a6b9000 	C:\Users\khami\.vscode\extensions\redhat.java-1.20.0-win32-x64\jre\17.0.7-win32-x86_64\bin\net.dll
0x00007ffb945e0000 - 0x00007ffb946fb000 	C:\WINDOWS\SYSTEM32\WINHTTP.dll
0x00007ffb9b0e0000 - 0x00007ffb9b148000 	C:\WINDOWS\system32\mswsock.dll
0x00007ffb463d0000 - 0x00007ffb463e5000 	C:\Users\khami\.vscode\extensions\redhat.java-1.20.0-win32-x64\jre\17.0.7-win32-x86_64\bin\nio.dll
0x00007ffb60c70000 - 0x00007ffb60c80000 	c:\Users\khami\.vscode\extensions\redhat.java-1.20.0-win32-x64\jre\17.0.7-win32-x86_64\bin\verify.dll
0x00007ffb27200000 - 0x00007ffb2723e000 	C:\Users\khami\AppData\Roaming\Code\User\globalStorage\redhat.java\1.20.0\config_win\org.eclipse.equinox.launcher\org.eclipse.equinox.launcher.win32.win32.x86_64_1.2.700.v20221108-1024\eclipse_11801.dll
0x00007ffb9d100000 - 0x00007ffb9d292000 	C:\WINDOWS\System32\ole32.dll
0x00007ffb9b3a0000 - 0x00007ffb9b3bb000 	C:\WINDOWS\SYSTEM32\CRYPTSP.dll
0x00007ffb9aab0000 - 0x00007ffb9aae7000 	C:\WINDOWS\system32\rsaenh.dll
0x00007ffb9b200000 - 0x00007ffb9b22a000 	C:\WINDOWS\SYSTEM32\USERENV.dll
0x00007ffb9b5f0000 - 0x00007ffb9b618000 	C:\WINDOWS\SYSTEM32\bcrypt.dll
0x00007ffb9b3c0000 - 0x00007ffb9b3cc000 	C:\WINDOWS\SYSTEM32\CRYPTBASE.dll
0x00007ffb9a4d0000 - 0x00007ffb9a4ff000 	C:\WINDOWS\SYSTEM32\IPHLPAPI.DLL
0x00007ffb9cfc0000 - 0x00007ffb9cfca000 	C:\WINDOWS\System32\NSI.dll
0x00007ffb948f0000 - 0x00007ffb94909000 	C:\WINDOWS\SYSTEM32\dhcpcsvc6.DLL
0x00007ffb94340000 - 0x00007ffb9435f000 	C:\WINDOWS\SYSTEM32\dhcpcsvc.DLL
0x00007ffb9a550000 - 0x00007ffb9a65f000 	C:\WINDOWS\SYSTEM32\DNSAPI.dll
0x00007ffb1e3f0000 - 0x00007ffb1e435000 	C:\Users\khami\AppData\Local\Temp\jna-102011712\jna8977519116834070939.dll
0x00007ffb9cfd0000 - 0x00007ffb9cfd8000 	C:\WINDOWS\System32\PSAPI.DLL

dbghelp: loaded successfully - version: 4.0.5 - missing functions: none
symbol engine: initialized successfully - sym options: 0x614 - pdb path: .;c:\Users\khami\.vscode\extensions\redhat.java-1.20.0-win32-x64\jre\17.0.7-win32-x86_64\bin;C:\WINDOWS\SYSTEM32;C:\WINDOWS\WinSxS\amd64_microsoft.windows.common-controls_6595b64144ccf1df_6.0.25905.1000_none_87b90b8fab340372;c:\Users\khami\.vscode\extensions\redhat.java-1.20.0-win32-x64\jre\17.0.7-win32-x86_64\bin\server;C:\Users\khami\AppData\Roaming\Code\User\globalStorage\redhat.java\1.20.0\config_win\org.eclipse.equinox.launcher\org.eclipse.equinox.launcher.win32.win32.x86_64_1.2.700.v20221108-1024;C:\Users\khami\AppData\Local\Temp\jna-102011712

VM Arguments:
jvm_args: --add-modules=ALL-SYSTEM --add-opens=java.base/java.util=ALL-UNNAMED --add-opens=java.base/java.lang=ALL-UNNAMED --add-opens=java.base/sun.nio.fs=ALL-UNNAMED -Declipse.application=org.eclipse.jdt.ls.core.id1 -Dosgi.bundles.defaultStartLevel=4 -Declipse.product=org.eclipse.jdt.ls.core.product -Djava.import.generatesMetadataFilesAtProjectRoot=false -Dfile.encoding=utf8 -XX:+UseParallelGC -XX:GCTimeRatio=4 -XX:AdaptiveSizePolicyWeight=90 -Dsun.zip.disableMemoryMapping=true -Xmx1G -Xms100m -Xlog:disable -javaagent:c:\Users\khami\.vscode\extensions\redhat.java-1.20.0-win32-x64\lombok\lombok-1.18.28.jar -XX:+HeapDumpOnOutOfMemoryError -XX:HeapDumpPath=c:\Users\khami\AppData\Roaming\Code\User\workspaceStorage\6a2d3d3737832186bb7f3db857603596\redhat.java -Daether.dependencyCollector.impl=bf 
java_command: c:\Users\khami\.vscode\extensions\redhat.java-1.20.0-win32-x64\server\plugins\org.eclipse.equinox.launcher_1.6.500.v20230622-2056.jar -configuration c:\Users\khami\AppData\Roaming\Code\User\globalStorage\redhat.java\1.20.0\config_win -data c:\Users\khami\AppData\Roaming\Code\User\workspaceStorage\6a2d3d3737832186bb7f3db857603596\redhat.java\jdt_ws
java_class_path (initial): c:\Users\khami\.vscode\extensions\redhat.java-1.20.0-win32-x64\server\plugins\org.eclipse.equinox.launcher_1.6.500.v20230622-2056.jar
Launcher Type: SUN_STANDARD

[Global flags]
    uintx AdaptiveSizePolicyWeight                 = 90                                        {product} {command line}
     intx CICompilerCount                          = 4                                         {product} {ergonomic}
    uintx GCTimeRatio                              = 4                                         {product} {command line}
     bool HeapDumpOnOutOfMemoryError               = true                                   {manageable} {command line}
    ccstr HeapDumpPath                             = c:\Users\khami\AppData\Roaming\Code\User\workspaceStorage\6a2d3d3737832186bb7f3db857603596\redhat.java         {manageable} {command line}
   size_t InitialHeapSize                          = 104857600                                 {product} {command line}
   size_t MaxHeapSize                              = 1073741824                                {product} {command line}
   size_t MaxNewSize                               = 357564416                                 {product} {ergonomic}
   size_t MinHeapDeltaBytes                        = 524288                                    {product} {ergonomic}
   size_t MinHeapSize                              = 104857600                                 {product} {command line}
   size_t NewSize                                  = 34603008                                  {product} {ergonomic}
    uintx NonNMethodCodeHeapSize                   = 5839372                                {pd product} {ergonomic}
    uintx NonProfiledCodeHeapSize                  = 122909434                              {pd product} {ergonomic}
   size_t OldSize                                  = 70254592                                  {product} {ergonomic}
    uintx ProfiledCodeHeapSize                     = 122909434                              {pd product} {ergonomic}
    uintx ReservedCodeCacheSize                    = 251658240                              {pd product} {ergonomic}
     bool SegmentedCodeCache                       = true                                      {product} {ergonomic}
   size_t SoftMaxHeapSize                          = 1073741824                             {manageable} {ergonomic}
     bool UseCompressedClassPointers               = true                           {product lp64_product} {ergonomic}
     bool UseCompressedOops                        = true                           {product lp64_product} {ergonomic}
     bool UseLargePagesIndividualAllocation        = false                                  {pd product} {ergonomic}
     bool UseParallelGC                            = true                                      {product} {command line}

Logging:
Log output configuration:
 #0: stdout all=off uptime,level,tags
 #1: stderr all=off uptime,level,tags

Environment Variables:
JAVA_HOME=C:\Program Files\Eclipse Adoptium\jdk-11.0.19.7-hotspot\
PATH=C:\Program Files\Eclipse Adoptium\jdk-11.0.19.7-hotspot\bin;C:\Program Files\Java\jdk-11\bin;C:\Program Files\Common Files\Oracle\Java\javapath;C:\Program Files (x86)\Common Files\Oracle\Java\javapath;C:\Program Files\Microsoft\jdk-11.0.16.101-hotspot\bin;C:\Program Files\Eclipse Adoptium\jdk-8.0.362.9-hotspot\bin;C:\ProgramData\Oracle\Java\javapath;C:\Program Files\Microsoft MPI\Bin\;C:\windows\system32;C:\windows;C:\windows\System32\Wbem;C:\windows\System32\WindowsPowerShell\v1.0\;C:\windows\System32\OpenSSH\;C:\Program Files (x86)\NVIDIA Corporation\PhysX\Common;C:\Program Files\NVIDIA Corporation\NVIDIA NvDLISR;C:\WINDOWS\system32;C:\WINDOWS;C:\WINDOWS\System32\Wbem;C:\WINDOWS\System32\WindowsPowerShell\v1.0\;C:\WINDOWS\System32\OpenSSH\;C:\TDM-GCC-64\bin;C:\Program Files\Microsoft SQL Server\Client SDK\ODBC\170\Tools\Binn\;C:\Program Files (x86)\Microsoft SQL Server\150\Tools\Binn\;C:\Program Files\Microsoft SQL Server\150\Tools\Binn\;C:\Program Files\Microsoft SQL Server\150\DTS\Binn\;C:\Program Files (x86)\Microsoft SQL Server\150\DTS\Binn\;C:\Program Files\dotnet\;C:\Program Files\Git\cmd;C:\Program Files\Calibre2\;C:\Program Files\Cloudflare\Cloudflare WARP\;C:\Program Files\MySQL\MySQL Shell 8.0\bin\;C:\Users\khami\AppData\Local\Microsoft\WindowsApps;C:\Users\khami\AppData\Local\Programs\Microsoft VS Code\bin;;C:\Program Files\Azure Data Studio\bin;C:\Users\khami\.dotnet\tools
USERNAME=khami
OS=Windows_NT
PROCESSOR_IDENTIFIER=Intel64 Family 6 Model 165 Stepping 2, GenuineIntel
TMP=C:\Users\khami\AppData\Local\Temp
TEMP=C:\Users\khami\AppData\Local\Temp



---------------  S Y S T E M  ---------------

OS:
 Windows 11 , 64 bit Build 25905 (10.0.25905.1000)
OS uptime: 0 days 20:48 hours
Hyper-V role detected

CPU: total 12 (initial active 12) (6 cores per cpu, 2 threads per core) family 6 model 165 stepping 2 microcode 0xf0, cx8, cmov, fxsr, ht, mmx, 3dnowpref, sse, sse2, sse3, ssse3, sse4.1, sse4.2, popcnt, lzcnt, tsc, tscinvbit, avx, avx2, aes, erms, clmul, bmi1, bmi2, adx, fma, vzeroupper, clflush, clflushopt, hv

Memory: 4k page, system-wide physical 16160M (3830M free)
TotalPageFile size 16160M (AvailPageFile size 56M)
current process WorkingSet (physical memory assigned to process): 256M, peak: 256M
current process commit charge ("private bytes"): 332M, peak: 332M

vm_info: OpenJDK 64-Bit Server VM (17.0.7+7) for windows-amd64 JRE (17.0.7+7), built on Apr 18 2023 22:10:42 by "temurin" with MS VC++ 16.7 (VS2019)

END.
