#
# There is insufficient memory for the Java Runtime Environment to continue.
# Native memory allocation (malloc) failed to allocate 1060240 bytes for Chunk::new
# Possible reasons:
#   The system is out of physical RAM or swap space
#   The process is running with CompressedOops enabled, and the Java Heap may be blocking the growth of the native heap
# Possible solutions:
#   Reduce memory load on the system
#   Increase physical memory or swap space
#   Check if swap backing store is full
#   Decrease Java heap size (-Xmx/-Xms)
#   Decrease number of Java threads
#   Decrease Java thread stack sizes (-Xss)
#   Set larger code cache with -XX:ReservedCodeCacheSize=
#   JVM is running with Unscaled Compressed Oops mode in which the Java heap is
#     placed in the first 4GB address space. The Java Heap base address is the
#     maximum limit for the native heap growth. Please use -XX:HeapBaseMinAddress
#     to set the Java Heap base and to place the Java Heap above 4GB virtual address.
# This output file may be truncated or incomplete.
#
#  Out of Memory Error (arena.cpp:189), pid=21480, tid=26584
#
# JRE version: OpenJDK Runtime Environment Temurin-17.0.7+7 (17.0.7+7) (build 17.0.7+7)
# Java VM: OpenJDK 64-Bit Server VM Temurin-17.0.7+7 (17.0.7+7, mixed mode, tiered, compressed oops, compressed class ptrs, parallel gc, windows-amd64)
# No core dump will be written. Minidumps are not enabled by default on client versions of Windows
#

---------------  S U M M A R Y ------------

Command Line: --add-modules=ALL-SYSTEM --add-opens=java.base/java.util=ALL-UNNAMED --add-opens=java.base/java.lang=ALL-UNNAMED --add-opens=java.base/sun.nio.fs=ALL-UNNAMED -Declipse.application=org.eclipse.jdt.ls.core.id1 -Dosgi.bundles.defaultStartLevel=4 -Declipse.product=org.eclipse.jdt.ls.core.product -Djava.import.generatesMetadataFilesAtProjectRoot=false -Dfile.encoding=utf8 -XX:+UseParallelGC -XX:GCTimeRatio=4 -XX:AdaptiveSizePolicyWeight=90 -Dsun.zip.disableMemoryMapping=true -Xmx1G -Xms100m -Xlog:disable -javaagent:c:\Users\khami\.vscode\extensions\redhat.java-1.20.0-win32-x64\lombok\lombok-1.18.28.jar -XX:+HeapDumpOnOutOfMemoryError -XX:HeapDumpPath=c:\Users\khami\AppData\Roaming\Code\User\workspaceStorage\6a2d3d3737832186bb7f3db857603596\redhat.java -Daether.dependencyCollector.impl=bf c:\Users\khami\.vscode\extensions\redhat.java-1.20.0-win32-x64\server\plugins\org.eclipse.equinox.launcher_1.6.500.v20230622-2056.jar -configuration c:\Users\khami\AppData\Roaming\Code\User\globalStorage\redhat.java\1.20.0\config_win -data c:\Users\khami\AppData\Roaming\Code\User\workspaceStorage\6a2d3d3737832186bb7f3db857603596\redhat.java\jdt_ws

Host: Intel(R) Core(TM) i7-10750H CPU @ 2.60GHz, 12 cores, 15G,  Windows 11 , 64 bit Build 25905 (10.0.25905.1000)
Time: Mon Jul 17 16:57:36 2023 SE Asia Standard Time elapsed time: 185.120198 seconds (0d 0h 3m 5s)

---------------  T H R E A D  ---------------

Current thread (0x000002bfb8d75790):  JavaThread "C2 CompilerThread0" daemon [_thread_in_native, id=26584, stack(0x000000c2a1c00000,0x000000c2a1d00000)]


Current CompileTask:
C2: 185120 19861   !   4       org.eclipse.jdt.internal.compiler.parser.Scanner::getNextToken0 (2562 bytes)

Stack: [0x000000c2a1c00000,0x000000c2a1d00000]
Native frames: (J=compiled Java code, j=interpreted, Vv=VM code, C=native code)
V  [jvm.dll+0x67754a]
V  [jvm.dll+0x834304]
V  [jvm.dll+0x835aae]
V  [jvm.dll+0x836113]
V  [jvm.dll+0x24696f]
V  [jvm.dll+0xac0ac]
V  [jvm.dll+0xac67c]
V  [jvm.dll+0x364e37]
V  [jvm.dll+0x32f6b1]
V  [jvm.dll+0x32eb5a]
V  [jvm.dll+0x219641]
V  [jvm.dll+0x218a61]
V  [jvm.dll+0x1a4d8d]
V  [jvm.dll+0x2284da]
V  [jvm.dll+0x226615]
V  [jvm.dll+0x7ea90b]
V  [jvm.dll+0x7e4e7a]
V  [jvm.dll+0x676395]
C  [ucrtbase.dll+0x609e1]
C  [KERNEL32.DLL+0x124d8]
C  [ntdll.dll+0x4091]


---------------  P R O C E S S  ---------------

Threads class SMR info:
_java_thread_list=0x000002bfbac47df0, length=46, elements={
0x000002bf9fc23fb0, 0x000002bf9fcd2680, 0x000002bfb3a9cb20, 0x000002bf9fcdb4f0,
0x000002bf9fcdbfb0, 0x000002bf9fcdde70, 0x000002bfb8d70e80, 0x000002bfb8d75790,
0x000002bfb8d7a7d0, 0x000002bfb8d7f210, 0x000002bfb8efe070, 0x000002bfb8f006f0,
0x000002bfb8f01560, 0x000002bfb8f01a30, 0x000002bfb8efeee0, 0x000002bfb8f01090,
0x000002bfb8efe540, 0x000002bfb8f00220, 0x000002bfbbd20f60, 0x000002bfbbd26600,
0x000002bfbbd252c0, 0x000002bfbbd21430, 0x000002bfbbd24450, 0x000002bfbbd23ab0,
0x000002bfbbd22770, 0x000002bfbbd26ad0, 0x000002bfbbd21900, 0x000002bfbbd21dd0,
0x000002bfbbd200f0, 0x000002bfbbd27470, 0x000002bfbbd235e0, 0x000002bfb8f00bc0,
0x000002bfbaff7bc0, 0x000002bfbaff6d50, 0x000002bfbaff76f0, 0x000002bfbaff8560,
0x000002bfbaff5a10, 0x000002bfbaff8a30, 0x000002bfb8effd50, 0x000002bfbf199bb0,
0x000002bfbf198d40, 0x000002bfbf19e8b0, 0x000002bfbf19da40, 0x000002bfc914b610,
0x000002bfbb56fa90, 0x000002bfbea58080
}

Java Threads: ( => current thread )
  0x000002bf9fc23fb0 JavaThread "main" [_thread_blocked, id=27068, stack(0x000000c2a1300000,0x000000c2a1400000)]
  0x000002bf9fcd2680 JavaThread "Reference Handler" daemon [_thread_blocked, id=4256, stack(0x000000c2a1600000,0x000000c2a1700000)]
  0x000002bfb3a9cb20 JavaThread "Finalizer" daemon [_thread_blocked, id=8900, stack(0x000000c2a1700000,0x000000c2a1800000)]
  0x000002bf9fcdb4f0 JavaThread "Signal Dispatcher" daemon [_thread_blocked, id=27092, stack(0x000000c2a1800000,0x000000c2a1900000)]
  0x000002bf9fcdbfb0 JavaThread "Attach Listener" daemon [_thread_blocked, id=6092, stack(0x000000c2a1900000,0x000000c2a1a00000)]
  0x000002bf9fcdde70 JavaThread "Service Thread" daemon [_thread_blocked, id=21648, stack(0x000000c2a1a00000,0x000000c2a1b00000)]
  0x000002bfb8d70e80 JavaThread "Monitor Deflation Thread" daemon [_thread_blocked, id=8340, stack(0x000000c2a1b00000,0x000000c2a1c00000)]
=>0x000002bfb8d75790 JavaThread "C2 CompilerThread0" daemon [_thread_in_native, id=26584, stack(0x000000c2a1c00000,0x000000c2a1d00000)]
  0x000002bfb8d7a7d0 JavaThread "C1 CompilerThread0" daemon [_thread_blocked, id=10540, stack(0x000000c2a1d00000,0x000000c2a1e00000)]
  0x000002bfb8d7f210 JavaThread "Sweeper thread" daemon [_thread_blocked, id=2636, stack(0x000000c2a1e00000,0x000000c2a1f00000)]
  0x000002bfb8efe070 JavaThread "Common-Cleaner" daemon [_thread_blocked, id=25604, stack(0x000000c2a1f00000,0x000000c2a2000000)]
  0x000002bfb8f006f0 JavaThread "Notification Thread" daemon [_thread_blocked, id=2816, stack(0x000000c2a2100000,0x000000c2a2200000)]
  0x000002bfb8f01560 JavaThread "Active Thread: Equinox Container: 27967e24-4731-4215-b791-092232451782" [_thread_blocked, id=20060, stack(0x000000c2a2a00000,0x000000c2a2b00000)]
  0x000002bfb8f01a30 JavaThread "Framework Event Dispatcher: Equinox Container: 27967e24-4731-4215-b791-092232451782" daemon [_thread_blocked, id=17724, stack(0x000000c2a2b00000,0x000000c2a2c00000)]
  0x000002bfb8efeee0 JavaThread "Start Level: Equinox Container: 27967e24-4731-4215-b791-092232451782" daemon [_thread_blocked, id=17472, stack(0x000000c2a2c00000,0x000000c2a2d00000)]
  0x000002bfb8f01090 JavaThread "SCR Component Actor" daemon [_thread_blocked, id=19604, stack(0x000000c2a2d00000,0x000000c2a2e00000)]
  0x000002bfb8efe540 JavaThread "Worker-JM" [_thread_blocked, id=17260, stack(0x000000c2a3000000,0x000000c2a3100000)]
  0x000002bfb8f00220 JavaThread "Worker-0" [_thread_blocked, id=15712, stack(0x000000c2a3300000,0x000000c2a3400000)]
  0x000002bfbbd20f60 JavaThread "Java indexing" daemon [_thread_blocked, id=3844, stack(0x000000c2a3500000,0x000000c2a3600000)]
  0x000002bfbbd26600 JavaThread "JNA Cleaner" daemon [_thread_blocked, id=18024, stack(0x000000c2a3600000,0x000000c2a3700000)]
  0x000002bfbbd252c0 JavaThread "pool-2-thread-1" [_thread_blocked, id=17164, stack(0x000000c2a3900000,0x000000c2a3a00000)]
  0x000002bfbbd21430 JavaThread "WorkspaceEventsHandler" [_thread_blocked, id=22676, stack(0x000000c2a3a00000,0x000000c2a3b00000)]
  0x000002bfbbd24450 JavaThread "pool-1-thread-1" [_thread_in_native, id=18260, stack(0x000000c2a3b00000,0x000000c2a3c00000)]
  0x000002bfbbd23ab0 JavaThread "ForkJoinPool.commonPool-worker-1" daemon [_thread_blocked, id=25228, stack(0x000000c2a3f00000,0x000000c2a4000000)]
  0x000002bfbbd22770 JavaThread "ForkJoinPool.commonPool-worker-2" daemon [_thread_blocked, id=19024, stack(0x000000c2a4000000,0x000000c2a4100000)]
  0x000002bfbbd26ad0 JavaThread "ForkJoinPool.commonPool-worker-3" daemon [_thread_blocked, id=16600, stack(0x000000c2a4100000,0x000000c2a4200000)]
  0x000002bfbbd21900 JavaThread "Bundle File Closer" daemon [_thread_blocked, id=10104, stack(0x000000c2a4200000,0x000000c2a4300000)]
  0x000002bfbbd21dd0 JavaThread "Worker-5" [_thread_blocked, id=17476, stack(0x000000c2a4300000,0x000000c2a4400000)]
  0x000002bfbbd200f0 JavaThread "ForkJoinPool.commonPool-worker-4" daemon [_thread_blocked, id=3604, stack(0x000000c2a2f00000,0x000000c2a3000000)]
  0x000002bfbbd27470 JavaThread "ForkJoinPool.commonPool-worker-5" daemon [_thread_blocked, id=13876, stack(0x000000c2a4400000,0x000000c2a4500000)]
  0x000002bfbbd235e0 JavaThread "ForkJoinPool.commonPool-worker-6" daemon [_thread_blocked, id=3900, stack(0x000000c2a4500000,0x000000c2a4600000)]
  0x000002bfb8f00bc0 JavaThread "ForkJoinPool.commonPool-worker-8" daemon [_thread_blocked, id=25208, stack(0x000000c2a4800000,0x000000c2a4900000)]
  0x000002bfbaff7bc0 JavaThread "ForkJoinPool.commonPool-worker-9" daemon [_thread_blocked, id=25220, stack(0x000000c2a4900000,0x000000c2a4a00000)]
  0x000002bfbaff6d50 JavaThread "ForkJoinPool.commonPool-worker-10" daemon [_thread_blocked, id=18664, stack(0x000000c2a4a00000,0x000000c2a4b00000)]
  0x000002bfbaff76f0 JavaThread "ForkJoinPool.commonPool-worker-11" daemon [_thread_blocked, id=3004, stack(0x000000c2a4b00000,0x000000c2a4c00000)]
  0x000002bfbaff8560 JavaThread "Java Debug Server" daemon [_thread_in_native, id=27456, stack(0x000000c2a4c00000,0x000000c2a4d00000)]
  0x000002bfbaff5a10 JavaThread "pool-4-thread-1" [_thread_in_native, id=7692, stack(0x000000c2a4d00000,0x000000c2a4e00000)]
  0x000002bfbaff8a30 JavaThread "RxSchedulerPurge-1" daemon [_thread_blocked, id=10012, stack(0x000000c2a4e00000,0x000000c2a4f00000)]
  0x000002bfb8effd50 JavaThread "RxCachedWorkerPoolEvictor-1" daemon [_thread_blocked, id=23268, stack(0x000000c2a4f00000,0x000000c2a5000000)]
  0x000002bfbf199bb0 JavaThread "process reaper (pid 6532)" daemon [_thread_in_native, id=27208, stack(0x000000c2a0d80000,0x000000c2a0da0000)]
  0x000002bfbf198d40 JavaThread "OkHttp repo.maven.apache.org" daemon [_thread_in_native, id=13036, stack(0x000000c2a2300000,0x000000c2a2400000)]
  0x000002bfbf19e8b0 JavaThread "OkHttp ConnectionPool" daemon [_thread_blocked, id=27380, stack(0x000000c2a5600000,0x000000c2a5700000)]
  0x000002bfbf19da40 JavaThread "OkHttp repo.maven.apache.org Writer" [_thread_blocked, id=8320, stack(0x000000c2a5800000,0x000000c2a5900000)]
  0x000002bfc914b610 JavaThread "Worker-8" [_thread_blocked, id=27200, stack(0x000000c2a5400000,0x000000c2a5500000)]
  0x000002bfbb56fa90 JavaThread "RxNewThreadScheduler-5" daemon [_thread_blocked, id=20132, stack(0x000000c2a2000000,0x000000c2a2100000)]
  0x000002bfbea58080 JavaThread "C2 CompilerThread1" daemon [_thread_in_native, id=16784, stack(0x000000c2a1000000,0x000000c2a1100000)]

Other Threads:
  0x000002bf9fcabb80 VMThread "VM Thread" [stack: 0x000000c2a1500000,0x000000c2a1600000] [id=27088]
  0x000002bfb906e1d0 WatcherThread [stack: 0x000000c2a2200000,0x000000c2a2300000] [id=27084]
  0x000002bf9fc3c180 GCTaskThread "GC Thread#0" [stack: 0x000000c2a1400000,0x000000c2a1500000] [id=27076]
  0x000002bfbaec2450 GCTaskThread "GC Thread#1" [stack: 0x000000c2a2400000,0x000000c2a2500000] [id=18564]
  0x000002bfbaca5ee0 GCTaskThread "GC Thread#2" [stack: 0x000000c2a2500000,0x000000c2a2600000] [id=19664]
  0x000002bfbaca6190 GCTaskThread "GC Thread#3" [stack: 0x000000c2a2600000,0x000000c2a2700000] [id=9964]
  0x000002bfba5cc9e0 GCTaskThread "GC Thread#4" [stack: 0x000000c2a2700000,0x000000c2a2800000] [id=19624]
  0x000002bfba5ccc90 GCTaskThread "GC Thread#5" [stack: 0x000000c2a2800000,0x000000c2a2900000] [id=19660]
  0x000002bfba5ccf40 GCTaskThread "GC Thread#6" [stack: 0x000000c2a2900000,0x000000c2a2a00000] [id=19628]
  0x000002bfbae0c350 GCTaskThread "GC Thread#7" [stack: 0x000000c2a2e00000,0x000000c2a2f00000] [id=20056]
  0x000002bfbae679e0 GCTaskThread "GC Thread#8" [stack: 0x000000c2a3100000,0x000000c2a3200000] [id=16372]
  0x000002bfbafd73d0 GCTaskThread "GC Thread#9" [stack: 0x000000c2a3200000,0x000000c2a3300000] [id=15724]

Threads with active compile tasks:
C2 CompilerThread0   185143 19861   !   4       org.eclipse.jdt.internal.compiler.parser.Scanner::getNextToken0 (2562 bytes)
C2 CompilerThread1   185143 19882       4       org.eclipse.jdt.internal.core.SearchableEnvironment::findType (71 bytes)

VM state: not at safepoint (normal execution)

VM Mutex/Monitor currently owned by a thread: None

Heap address: 0x00000000c0000000, size: 1024 MB, Compressed Oops mode: 32-bit

CDS archive(s) not mapped
Compressed class space mapped at: 0x0000000100000000-0x0000000140000000, reserved size: 1073741824
Narrow klass base: 0x0000000000000000, Narrow klass shift: 3, Narrow klass range: 0x140000000

GC Precious Log:
 CPUs: 12 total, 12 available
 Memory: 16160M
 Large Page Support: Disabled
 NUMA Support: Disabled
 Compressed Oops: Enabled (32-bit)
 Alignments: Space 512K, Generation 512K, Heap 2M
 Heap Min Capacity: 100M
 Heap Initial Capacity: 100M
 Heap Max Capacity: 1G
 Pre-touch: Disabled
 Parallel Workers: 10

Heap:
 PSYoungGen      total 7168K, used 4134K [0x00000000eab00000, 0x00000000eb680000, 0x0000000100000000)
  eden space 6656K, 54% used [0x00000000eab00000,0x00000000eae8c8b0,0x00000000eb180000)
  from space 512K, 97% used [0x00000000eb600000,0x00000000eb67d200,0x00000000eb680000)
  to   space 1024K, 0% used [0x00000000eb480000,0x00000000eb480000,0x00000000eb580000)
 ParOldGen       total 172544K, used 171734K [0x00000000c0000000, 0x00000000ca880000, 0x00000000eab00000)
  object space 172544K, 99% used [0x00000000c0000000,0x00000000ca7b58f8,0x00000000ca880000)
 Metaspace       used 88458K, committed 89728K, reserved 1179648K
  class space    used 9013K, committed 9600K, reserved 1048576K

Card table byte_map: [0x000002bf9f5c0000,0x000002bf9f7d0000] _byte_map_base: 0x000002bf9efc0000

Marking Bits: (ParMarkBitMap*) 0x00007ffc130b52c0
 Begin Bits: [0x000002bfb18a0000, 0x000002bfb28a0000)
 End Bits:   [0x000002bfb28a0000, 0x000002bfb38a0000)

Polling page: 0x000002bf9db60000

Metaspace:

Usage:
  Non-class:     77.58 MB used.
      Class:      8.80 MB used.
       Both:     86.38 MB used.

Virtual space:
  Non-class space:      128.00 MB reserved,      78.25 MB ( 61%) committed,  2 nodes.
      Class space:        1.00 GB reserved,       9.38 MB ( <1%) committed,  1 nodes.
             Both:        1.12 GB reserved,      87.62 MB (  8%) committed. 

Chunk freelists:
   Non-Class:  1.33 MB
       Class:  6.56 MB
        Both:  7.89 MB

MaxMetaspaceSize: unlimited
CompressedClassSpaceSize: 1.00 GB
Initial GC threshold: 21.00 MB
Current GC threshold: 144.94 MB
CDS: off
MetaspaceReclaimPolicy: balanced
 - commit_granule_bytes: 65536.
 - commit_granule_words: 8192.
 - virtual_space_node_default_size: 8388608.
 - enlarge_chunks_in_place: 1.
 - new_chunks_are_fully_committed: 0.
 - uncommit_free_chunks: 1.
 - use_allocation_guard: 0.
 - handle_deallocations: 1.


Internal statistics:

num_allocs_failed_limit: 9.
num_arena_births: 996.
num_arena_deaths: 30.
num_vsnodes_births: 3.
num_vsnodes_deaths: 0.
num_space_committed: 1406.
num_space_uncommitted: 4.
num_chunks_returned_to_freelist: 66.
num_chunks_taken_from_freelist: 4731.
num_chunk_merges: 24.
num_chunk_splits: 2891.
num_chunks_enlarged: 1645.
num_inconsistent_stats: 0.

CodeHeap 'non-profiled nmethods': size=120000Kb used=14797Kb max_used=14797Kb free=105202Kb
 bounds [0x000002bfaa370000, 0x000002bfab1f0000, 0x000002bfb18a0000]
CodeHeap 'profiled nmethods': size=120000Kb used=33774Kb max_used=34713Kb free=86225Kb
 bounds [0x000002bfa28a0000, 0x000002bfa4aa0000, 0x000002bfa9dd0000]
CodeHeap 'non-nmethods': size=5760Kb used=1442Kb max_used=1569Kb free=4317Kb
 bounds [0x000002bfa9dd0000, 0x000002bfaa040000, 0x000002bfaa370000]
 total_blobs=15885 nmethods=15090 adapters=705
 compilation: enabled
              stopped_count=0, restarted_count=0
 full_count=0

Compilation events (20 events):
Event: 183.032 Thread 0x000002bfb8d7a7d0 19877       3       org.eclipse.jdt.internal.core.BinaryType::isInterface (48 bytes)
Event: 183.033 Thread 0x000002bfb8d7a7d0 nmethod 19877 0x000002bfa430b410 code [0x000002bfa430b5e0, 0x000002bfa430bb08]
Event: 183.036 Thread 0x000002bfb8d7a7d0 19878       3       java.lang.ThreadLocal$ThreadLocalMap::<init> (53 bytes)
Event: 184.065 Thread 0x000002bfb8d7a7d0 nmethod 19878 0x000002bfa34e9390 code [0x000002bfa34e9560, 0x000002bfa34e9b48]
Event: 184.065 Thread 0x000002bfb8d7a7d0 19881   !   3       org.eclipse.jdt.internal.core.NameLookup::<init> (845 bytes)
Event: 184.065 Thread 0x000002bfbea58080 nmethod 19874 0x000002bfab1deb10 code [0x000002bfab1deca0, 0x000002bfab1df458]
Event: 184.065 Thread 0x000002bfbea58080 19862       4       org.eclipse.jdt.internal.core.JavaProject::getResolvedClasspath (49 bytes)
Event: 184.069 Thread 0x000002bfb8d7a7d0 nmethod 19881 0x000002bfa42c5c90 code [0x000002bfa42c6420, 0x000002bfa42cb518]
Event: 184.076 Thread 0x000002bfb8d7a7d0 19884       3       org.eclipse.jdt.internal.compiler.lookup.MethodBinding::<init> (16 bytes)
Event: 184.076 Thread 0x000002bfb8d7a7d0 nmethod 19884 0x000002bfa324d410 code [0x000002bfa324d5c0, 0x000002bfa324d728]
Event: 184.077 Thread 0x000002bfbea58080 nmethod 19862 0x000002bfab1df710 code [0x000002bfab1df900, 0x000002bfab1e0790]
Event: 184.077 Thread 0x000002bfbea58080 19883       4       lombok.eclipse.handlers.SetGeneratedByVisitor::visit (22 bytes)
Event: 184.078 Thread 0x000002bfbea58080 nmethod 19883 0x000002bfab1e0f10 code [0x000002bfab1e10a0, 0x000002bfab1e11a8]
Event: 184.078 Thread 0x000002bfbea58080 19879   !   4       org.eclipse.core.internal.registry.osgi.RegistryStrategyOSGI::getBundle (164 bytes)
Event: 184.079 Thread 0x000002bfb8d7a7d0 19885       3       org.eclipse.jdt.internal.core.BinaryMethod::isConstructor (34 bytes)
Event: 184.079 Thread 0x000002bfb8d7a7d0 nmethod 19885 0x000002bfa3fd3e90 code [0x000002bfa3fd40a0, 0x000002bfa3fd4998]
Event: 184.097 Thread 0x000002bfbea58080 nmethod 19879 0x000002bfab1e1310 code [0x000002bfab1e1540, 0x000002bfab1e2260]
Event: 184.098 Thread 0x000002bfbea58080 19880   !   4       java.util.regex.Pattern::<init> (146 bytes)
Event: 184.101 Thread 0x000002bfbea58080 nmethod 19880 0x000002bfab1e2f90 code [0x000002bfab1e3140, 0x000002bfab1e32f8]
Event: 184.102 Thread 0x000002bfbea58080 19882       4       org.eclipse.jdt.internal.core.SearchableEnvironment::findType (71 bytes)

GC Heap History (20 events):
Event: 100.666 GC heap before
{Heap before GC invocations=722 (full 15):
 PSYoungGen      total 7168K, used 7168K [0x00000000eab00000, 0x00000000eb800000, 0x0000000100000000)
  eden space 6656K, 100% used [0x00000000eab00000,0x00000000eb180000,0x00000000eb180000)
  from space 512K, 100% used [0x00000000eb780000,0x00000000eb800000,0x00000000eb800000)
  to   space 1536K, 0% used [0x00000000eb500000,0x00000000eb500000,0x00000000eb680000)
 ParOldGen       total 172544K, used 166759K [0x00000000c0000000, 0x00000000ca880000, 0x00000000eab00000)
  object space 172544K, 96% used [0x00000000c0000000,0x00000000ca2d9d20,0x00000000ca880000)
 Metaspace       used 88356K, committed 89664K, reserved 1179648K
  class space    used 9003K, committed 9600K, reserved 1048576K
}
Event: 100.666 GC heap after
{Heap after GC invocations=722 (full 15):
 PSYoungGen      total 8192K, used 756K [0x00000000eab00000, 0x00000000eb800000, 0x0000000100000000)
  eden space 6656K, 0% used [0x00000000eab00000,0x00000000eab00000,0x00000000eb180000)
  from space 1536K, 49% used [0x00000000eb500000,0x00000000eb5bd200,0x00000000eb680000)
  to   space 1024K, 0% used [0x00000000eb700000,0x00000000eb700000,0x00000000eb800000)
 ParOldGen       total 172544K, used 167255K [0x00000000c0000000, 0x00000000ca880000, 0x00000000eab00000)
  object space 172544K, 96% used [0x00000000c0000000,0x00000000ca355d30,0x00000000ca880000)
 Metaspace       used 88356K, committed 89664K, reserved 1179648K
  class space    used 9003K, committed 9600K, reserved 1048576K
}
Event: 100.677 GC heap before
{Heap before GC invocations=723 (full 15):
 PSYoungGen      total 8192K, used 7412K [0x00000000eab00000, 0x00000000eb800000, 0x0000000100000000)
  eden space 6656K, 100% used [0x00000000eab00000,0x00000000eb180000,0x00000000eb180000)
  from space 1536K, 49% used [0x00000000eb500000,0x00000000eb5bd200,0x00000000eb680000)
  to   space 1024K, 0% used [0x00000000eb700000,0x00000000eb700000,0x00000000eb800000)
 ParOldGen       total 172544K, used 167255K [0x00000000c0000000, 0x00000000ca880000, 0x00000000eab00000)
  object space 172544K, 96% used [0x00000000c0000000,0x00000000ca355d30,0x00000000ca880000)
 Metaspace       used 88387K, committed 89664K, reserved 1179648K
  class space    used 9009K, committed 9600K, reserved 1048576K
}
Event: 100.678 GC heap after
{Heap after GC invocations=723 (full 15):
 PSYoungGen      total 7680K, used 788K [0x00000000eab00000, 0x00000000eb800000, 0x0000000100000000)
  eden space 6656K, 0% used [0x00000000eab00000,0x00000000eab00000,0x00000000eb180000)
  from space 1024K, 77% used [0x00000000eb700000,0x00000000eb7c5200,0x00000000eb800000)
  to   space 1024K, 0% used [0x00000000eb600000,0x00000000eb600000,0x00000000eb700000)
 ParOldGen       total 172544K, used 167860K [0x00000000c0000000, 0x00000000ca880000, 0x00000000eab00000)
  object space 172544K, 97% used [0x00000000c0000000,0x00000000ca3ed308,0x00000000ca880000)
 Metaspace       used 88387K, committed 89664K, reserved 1179648K
  class space    used 9009K, committed 9600K, reserved 1048576K
}
Event: 100.693 GC heap before
{Heap before GC invocations=724 (full 15):
 PSYoungGen      total 7680K, used 7444K [0x00000000eab00000, 0x00000000eb800000, 0x0000000100000000)
  eden space 6656K, 100% used [0x00000000eab00000,0x00000000eb180000,0x00000000eb180000)
  from space 1024K, 77% used [0x00000000eb700000,0x00000000eb7c5200,0x00000000eb800000)
  to   space 1024K, 0% used [0x00000000eb600000,0x00000000eb600000,0x00000000eb700000)
 ParOldGen       total 172544K, used 167860K [0x00000000c0000000, 0x00000000ca880000, 0x00000000eab00000)
  object space 172544K, 97% used [0x00000000c0000000,0x00000000ca3ed308,0x00000000ca880000)
 Metaspace       used 88387K, committed 89664K, reserved 1179648K
  class space    used 9009K, committed 9600K, reserved 1048576K
}
Event: 100.694 GC heap after
{Heap after GC invocations=724 (full 15):
 PSYoungGen      total 7680K, used 762K [0x00000000eab00000, 0x00000000eb780000, 0x0000000100000000)
  eden space 6656K, 0% used [0x00000000eab00000,0x00000000eab00000,0x00000000eb180000)
  from space 1024K, 74% used [0x00000000eb600000,0x00000000eb6be900,0x00000000eb700000)
  to   space 512K, 0% used [0x00000000eb700000,0x00000000eb700000,0x00000000eb780000)
 ParOldGen       total 172544K, used 168555K [0x00000000c0000000, 0x00000000ca880000, 0x00000000eab00000)
  object space 172544K, 97% used [0x00000000c0000000,0x00000000ca49ac98,0x00000000ca880000)
 Metaspace       used 88387K, committed 89664K, reserved 1179648K
  class space    used 9009K, committed 9600K, reserved 1048576K
}
Event: 100.701 GC heap before
{Heap before GC invocations=725 (full 15):
 PSYoungGen      total 7680K, used 7418K [0x00000000eab00000, 0x00000000eb780000, 0x0000000100000000)
  eden space 6656K, 100% used [0x00000000eab00000,0x00000000eb180000,0x00000000eb180000)
  from space 1024K, 74% used [0x00000000eb600000,0x00000000eb6be900,0x00000000eb700000)
  to   space 512K, 0% used [0x00000000eb700000,0x00000000eb700000,0x00000000eb780000)
 ParOldGen       total 172544K, used 168555K [0x00000000c0000000, 0x00000000ca880000, 0x00000000eab00000)
  object space 172544K, 97% used [0x00000000c0000000,0x00000000ca49ac98,0x00000000ca880000)
 Metaspace       used 88406K, committed 89664K, reserved 1179648K
  class space    used 9009K, committed 9600K, reserved 1048576K
}
Event: 100.702 GC heap after
{Heap after GC invocations=725 (full 15):
 PSYoungGen      total 7168K, used 512K [0x00000000eab00000, 0x00000000eb780000, 0x0000000100000000)
  eden space 6656K, 0% used [0x00000000eab00000,0x00000000eab00000,0x00000000eb180000)
  from space 512K, 100% used [0x00000000eb700000,0x00000000eb780000,0x00000000eb780000)
  to   space 1536K, 0% used [0x00000000eb480000,0x00000000eb480000,0x00000000eb600000)
 ParOldGen       total 172544K, used 169232K [0x00000000c0000000, 0x00000000ca880000, 0x00000000eab00000)
  object space 172544K, 98% used [0x00000000c0000000,0x00000000ca544290,0x00000000ca880000)
 Metaspace       used 88406K, committed 89664K, reserved 1179648K
  class space    used 9009K, committed 9600K, reserved 1048576K
}
Event: 100.717 GC heap before
{Heap before GC invocations=726 (full 15):
 PSYoungGen      total 7168K, used 7167K [0x00000000eab00000, 0x00000000eb780000, 0x0000000100000000)
  eden space 6656K, 99% used [0x00000000eab00000,0x00000000eb17fff8,0x00000000eb180000)
  from space 512K, 100% used [0x00000000eb700000,0x00000000eb780000,0x00000000eb780000)
  to   space 1536K, 0% used [0x00000000eb480000,0x00000000eb480000,0x00000000eb600000)
 ParOldGen       total 172544K, used 169232K [0x00000000c0000000, 0x00000000ca880000, 0x00000000eab00000)
  object space 172544K, 98% used [0x00000000c0000000,0x00000000ca544290,0x00000000ca880000)
 Metaspace       used 88411K, committed 89664K, reserved 1179648K
  class space    used 9010K, committed 9600K, reserved 1048576K
}
Event: 100.718 GC heap after
{Heap after GC invocations=726 (full 15):
 PSYoungGen      total 8192K, used 912K [0x00000000eab00000, 0x00000000eb780000, 0x0000000100000000)
  eden space 6656K, 0% used [0x00000000eab00000,0x00000000eab00000,0x00000000eb180000)
  from space 1536K, 59% used [0x00000000eb480000,0x00000000eb564010,0x00000000eb600000)
  to   space 1024K, 0% used [0x00000000eb680000,0x00000000eb680000,0x00000000eb780000)
 ParOldGen       total 172544K, used 169720K [0x00000000c0000000, 0x00000000ca880000, 0x00000000eab00000)
  object space 172544K, 98% used [0x00000000c0000000,0x00000000ca5be2d0,0x00000000ca880000)
 Metaspace       used 88411K, committed 89664K, reserved 1179648K
  class space    used 9010K, committed 9600K, reserved 1048576K
}
Event: 100.829 GC heap before
{Heap before GC invocations=727 (full 15):
 PSYoungGen      total 8192K, used 7568K [0x00000000eab00000, 0x00000000eb780000, 0x0000000100000000)
  eden space 6656K, 100% used [0x00000000eab00000,0x00000000eb180000,0x00000000eb180000)
  from space 1536K, 59% used [0x00000000eb480000,0x00000000eb564010,0x00000000eb600000)
  to   space 1024K, 0% used [0x00000000eb680000,0x00000000eb680000,0x00000000eb780000)
 ParOldGen       total 172544K, used 169720K [0x00000000c0000000, 0x00000000ca880000, 0x00000000eab00000)
  object space 172544K, 98% used [0x00000000c0000000,0x00000000ca5be2d0,0x00000000ca880000)
 Metaspace       used 88415K, committed 89664K, reserved 1179648K
  class space    used 9010K, committed 9600K, reserved 1048576K
}
Event: 100.830 GC heap after
{Heap after GC invocations=727 (full 15):
 PSYoungGen      total 7168K, used 384K [0x00000000eab00000, 0x00000000eb700000, 0x0000000100000000)
  eden space 6656K, 0% used [0x00000000eab00000,0x00000000eab00000,0x00000000eb180000)
  from space 512K, 75% used [0x00000000eb680000,0x00000000eb6e0000,0x00000000eb700000)
  to   space 1024K, 0% used [0x00000000eb500000,0x00000000eb500000,0x00000000eb600000)
 ParOldGen       total 172544K, used 170472K [0x00000000c0000000, 0x00000000ca880000, 0x00000000eab00000)
  object space 172544K, 98% used [0x00000000c0000000,0x00000000ca67a2f0,0x00000000ca880000)
 Metaspace       used 88415K, committed 89664K, reserved 1179648K
  class space    used 9010K, committed 9600K, reserved 1048576K
}
Event: 100.847 GC heap before
{Heap before GC invocations=728 (full 15):
 PSYoungGen      total 7168K, used 7040K [0x00000000eab00000, 0x00000000eb700000, 0x0000000100000000)
  eden space 6656K, 100% used [0x00000000eab00000,0x00000000eb180000,0x00000000eb180000)
  from space 512K, 75% used [0x00000000eb680000,0x00000000eb6e0000,0x00000000eb700000)
  to   space 1024K, 0% used [0x00000000eb500000,0x00000000eb500000,0x00000000eb600000)
 ParOldGen       total 172544K, used 170472K [0x00000000c0000000, 0x00000000ca880000, 0x00000000eab00000)
  object space 172544K, 98% used [0x00000000c0000000,0x00000000ca67a2f0,0x00000000ca880000)
 Metaspace       used 88416K, committed 89664K, reserved 1179648K
  class space    used 9010K, committed 9600K, reserved 1048576K
}
Event: 100.849 GC heap after
{Heap after GC invocations=728 (full 15):
 PSYoungGen      total 7680K, used 506K [0x00000000eab00000, 0x00000000eb700000, 0x0000000100000000)
  eden space 6656K, 0% used [0x00000000eab00000,0x00000000eab00000,0x00000000eb180000)
  from space 1024K, 49% used [0x00000000eb500000,0x00000000eb57e900,0x00000000eb600000)
  to   space 1024K, 0% used [0x00000000eb600000,0x00000000eb600000,0x00000000eb700000)
 ParOldGen       total 172544K, used 170680K [0x00000000c0000000, 0x00000000ca880000, 0x00000000eab00000)
  object space 172544K, 98% used [0x00000000c0000000,0x00000000ca6ae300,0x00000000ca880000)
 Metaspace       used 88416K, committed 89664K, reserved 1179648K
  class space    used 9010K, committed 9600K, reserved 1048576K
}
Event: 100.929 GC heap before
{Heap before GC invocations=729 (full 15):
 PSYoungGen      total 7680K, used 7162K [0x00000000eab00000, 0x00000000eb700000, 0x0000000100000000)
  eden space 6656K, 100% used [0x00000000eab00000,0x00000000eb180000,0x00000000eb180000)
  from space 1024K, 49% used [0x00000000eb500000,0x00000000eb57e900,0x00000000eb600000)
  to   space 1024K, 0% used [0x00000000eb600000,0x00000000eb600000,0x00000000eb700000)
 ParOldGen       total 172544K, used 170680K [0x00000000c0000000, 0x00000000ca880000, 0x00000000eab00000)
  object space 172544K, 98% used [0x00000000c0000000,0x00000000ca6ae300,0x00000000ca880000)
 Metaspace       used 88425K, committed 89728K, reserved 1179648K
  class space    used 9010K, committed 9600K, reserved 1048576K
}
Event: 100.930 GC heap after
{Heap after GC invocations=729 (full 15):
 PSYoungGen      total 7680K, used 736K [0x00000000eab00000, 0x00000000eb700000, 0x0000000100000000)
  eden space 6656K, 0% used [0x00000000eab00000,0x00000000eab00000,0x00000000eb180000)
  from space 1024K, 71% used [0x00000000eb600000,0x00000000eb6b8000,0x00000000eb700000)
  to   space 1024K, 0% used [0x00000000eb500000,0x00000000eb500000,0x00000000eb600000)
 ParOldGen       total 172544K, used 171078K [0x00000000c0000000, 0x00000000ca880000, 0x00000000eab00000)
  object space 172544K, 99% used [0x00000000c0000000,0x00000000ca7118d8,0x00000000ca880000)
 Metaspace       used 88425K, committed 89728K, reserved 1179648K
  class space    used 9010K, committed 9600K, reserved 1048576K
}
Event: 183.022 GC heap before
{Heap before GC invocations=730 (full 15):
 PSYoungGen      total 7680K, used 7392K [0x00000000eab00000, 0x00000000eb700000, 0x0000000100000000)
  eden space 6656K, 100% used [0x00000000eab00000,0x00000000eb180000,0x00000000eb180000)
  from space 1024K, 71% used [0x00000000eb600000,0x00000000eb6b8000,0x00000000eb700000)
  to   space 1024K, 0% used [0x00000000eb500000,0x00000000eb500000,0x00000000eb600000)
 ParOldGen       total 172544K, used 171078K [0x00000000c0000000, 0x00000000ca880000, 0x00000000eab00000)
  object space 172544K, 99% used [0x00000000c0000000,0x00000000ca7118d8,0x00000000ca880000)
 Metaspace       used 88452K, committed 89728K, reserved 1179648K
  class space    used 9013K, committed 9600K, reserved 1048576K
}
Event: 183.024 GC heap after
{Heap after GC invocations=730 (full 15):
 PSYoungGen      total 7680K, used 692K [0x00000000eab00000, 0x00000000eb680000, 0x0000000100000000)
  eden space 6656K, 0% used [0x00000000eab00000,0x00000000eab00000,0x00000000eb180000)
  from space 1024K, 67% used [0x00000000eb500000,0x00000000eb5ad200,0x00000000eb600000)
  to   space 512K, 0% used [0x00000000eb600000,0x00000000eb600000,0x00000000eb680000)
 ParOldGen       total 172544K, used 171638K [0x00000000c0000000, 0x00000000ca880000, 0x00000000eab00000)
  object space 172544K, 99% used [0x00000000c0000000,0x00000000ca79d8f8,0x00000000ca880000)
 Metaspace       used 88452K, committed 89728K, reserved 1179648K
  class space    used 9013K, committed 9600K, reserved 1048576K
}
Event: 184.072 GC heap before
{Heap before GC invocations=731 (full 15):
 PSYoungGen      total 7680K, used 7348K [0x00000000eab00000, 0x00000000eb680000, 0x0000000100000000)
  eden space 6656K, 100% used [0x00000000eab00000,0x00000000eb180000,0x00000000eb180000)
  from space 1024K, 67% used [0x00000000eb500000,0x00000000eb5ad200,0x00000000eb600000)
  to   space 512K, 0% used [0x00000000eb600000,0x00000000eb600000,0x00000000eb680000)
 ParOldGen       total 172544K, used 171638K [0x00000000c0000000, 0x00000000ca880000, 0x00000000eab00000)
  object space 172544K, 99% used [0x00000000c0000000,0x00000000ca79d8f8,0x00000000ca880000)
 Metaspace       used 88457K, committed 89728K, reserved 1179648K
  class space    used 9013K, committed 9600K, reserved 1048576K
}
Event: 184.072 GC heap after
{Heap after GC invocations=731 (full 15):
 PSYoungGen      total 7168K, used 500K [0x00000000eab00000, 0x00000000eb680000, 0x0000000100000000)
  eden space 6656K, 0% used [0x00000000eab00000,0x00000000eab00000,0x00000000eb180000)
  from space 512K, 97% used [0x00000000eb600000,0x00000000eb67d200,0x00000000eb680000)
  to   space 1024K, 0% used [0x00000000eb480000,0x00000000eb480000,0x00000000eb580000)
 ParOldGen       total 172544K, used 171734K [0x00000000c0000000, 0x00000000ca880000, 0x00000000eab00000)
  object space 172544K, 99% used [0x00000000c0000000,0x00000000ca7b58f8,0x00000000ca880000)
 Metaspace       used 88457K, committed 89728K, reserved 1179648K
  class space    used 9013K, committed 9600K, reserved 1048576K
}

Dll operation events (11 events):
Event: 0.008 Loaded shared library c:\Users\khami\.vscode\extensions\redhat.java-1.20.0-win32-x64\jre\17.0.7-win32-x86_64\bin\java.dll
Event: 0.118 Loaded shared library c:\Users\khami\.vscode\extensions\redhat.java-1.20.0-win32-x64\jre\17.0.7-win32-x86_64\bin\zip.dll
Event: 0.121 Loaded shared library C:\Users\khami\.vscode\extensions\redhat.java-1.20.0-win32-x64\jre\17.0.7-win32-x86_64\bin\instrument.dll
Event: 0.129 Loaded shared library C:\Users\khami\.vscode\extensions\redhat.java-1.20.0-win32-x64\jre\17.0.7-win32-x86_64\bin\net.dll
Event: 0.131 Loaded shared library C:\Users\khami\.vscode\extensions\redhat.java-1.20.0-win32-x64\jre\17.0.7-win32-x86_64\bin\nio.dll
Event: 0.137 Loaded shared library C:\Users\khami\.vscode\extensions\redhat.java-1.20.0-win32-x64\jre\17.0.7-win32-x86_64\bin\zip.dll
Event: 0.148 Loaded shared library C:\Users\khami\.vscode\extensions\redhat.java-1.20.0-win32-x64\jre\17.0.7-win32-x86_64\bin\jimage.dll
Event: 0.197 Loaded shared library c:\Users\khami\.vscode\extensions\redhat.java-1.20.0-win32-x64\jre\17.0.7-win32-x86_64\bin\verify.dll
Event: 1.052 Loaded shared library C:\Users\khami\AppData\Roaming\Code\User\globalStorage\redhat.java\1.20.0\config_win\org.eclipse.equinox.launcher\org.eclipse.equinox.launcher.win32.win32.x86_64_1.2.700.v20221108-1024\eclipse_11801.dll
Event: 2.445 Loaded shared library C:\Users\khami\AppData\Local\Temp\jna-102011712\jna17839930107128376770.dll
Event: 22.132 Loaded shared library C:\Users\khami\.vscode\extensions\redhat.java-1.20.0-win32-x64\jre\17.0.7-win32-x86_64\bin\sunmscapi.dll

Deoptimization events (20 events):
Event: 100.686 Thread 0x000002bfb8eff880 Uncommon trap: trap_request=0xffffffde fr.pc=0x000002bfaa5d6d1c relative=0x0000000000008c3c
Event: 100.686 Thread 0x000002bfb8eff880 Uncommon trap: reason=class_check action=maybe_recompile pc=0x000002bfaa5d6d1c method=org.eclipse.jdt.internal.core.JavaElement.openWhenClosed(Ljava/lang/Object;ZLorg/eclipse/core/runtime/IProgressMonitor;)Ljava/lang/Object; @ 74 c2
Event: 100.686 Thread 0x000002bfb8eff880 DEOPT PACKING pc=0x000002bfaa5d6d1c sp=0x000000c2a47fe460
Event: 100.686 Thread 0x000002bfb8eff880 DEOPT UNPACKING pc=0x000002bfa9e266a3 sp=0x000000c2a47fe458 mode 2
Event: 100.703 Thread 0x000002bfc914b610 DEOPT PACKING pc=0x000002bfa2f76650 sp=0x000000c2a54fec10
Event: 100.703 Thread 0x000002bfc914b610 DEOPT UNPACKING pc=0x000002bfa9e26e43 sp=0x000000c2a54fe070 mode 0
Event: 100.703 Thread 0x000002bfbbd24450 DEOPT PACKING pc=0x000002bfa2ba6a00 sp=0x000000c2a3bfd520
Event: 100.703 Thread 0x000002bfbbd24450 DEOPT UNPACKING pc=0x000002bfa9e26e43 sp=0x000000c2a3bfca00 mode 0
Event: 101.080 Thread 0x000002bfb8f00220 Uncommon trap: trap_request=0xffffffbe fr.pc=0x000002bfab1bd43c relative=0x00000000000002bc
Event: 101.080 Thread 0x000002bfb8f00220 Uncommon trap: reason=profile_predicate action=maybe_recompile pc=0x000002bfab1bd43c method=sun.security.provider.HashDrbg.addBytes([BI[[B)V @ 36 c2
Event: 101.080 Thread 0x000002bfb8f00220 DEOPT PACKING pc=0x000002bfab1bd43c sp=0x000000c2a33fe970
Event: 101.080 Thread 0x000002bfb8f00220 DEOPT UNPACKING pc=0x000002bfa9e266a3 sp=0x000000c2a33fe8c0 mode 2
Event: 101.080 Thread 0x000002bfb8eff880 Uncommon trap: trap_request=0xffffffbe fr.pc=0x000002bfab1bd43c relative=0x00000000000002bc
Event: 101.080 Thread 0x000002bfb8eff880 Uncommon trap: reason=profile_predicate action=maybe_recompile pc=0x000002bfab1bd43c method=sun.security.provider.HashDrbg.addBytes([BI[[B)V @ 36 c2
Event: 101.080 Thread 0x000002bfb8eff880 DEOPT PACKING pc=0x000002bfab1bd43c sp=0x000000c2a47fe480
Event: 101.081 Thread 0x000002bfb8eff880 DEOPT UNPACKING pc=0x000002bfa9e266a3 sp=0x000000c2a47fe3d0 mode 2
Event: 101.186 Thread 0x000002bfbbd21dd0 Uncommon trap: trap_request=0xffffffbe fr.pc=0x000002bfab1bd43c relative=0x00000000000002bc
Event: 101.186 Thread 0x000002bfbbd21dd0 Uncommon trap: reason=profile_predicate action=maybe_recompile pc=0x000002bfab1bd43c method=sun.security.provider.HashDrbg.addBytes([BI[[B)V @ 36 c2
Event: 101.186 Thread 0x000002bfbbd21dd0 DEOPT PACKING pc=0x000002bfab1bd43c sp=0x000000c2a43fec70
Event: 101.186 Thread 0x000002bfbbd21dd0 DEOPT UNPACKING pc=0x000002bfa9e266a3 sp=0x000000c2a43febc0 mode 2

Classes unloaded (20 events):
Event: 33.764 Thread 0x000002bf9fcabb80 Unloading class 0x000000010090b708 'org/apache/maven/shared/filtering/BaseFilter'
Event: 33.764 Thread 0x000002bf9fcabb80 Unloading class 0x000000010090b4f0 'org/sonatype/plexus/components/cipher/PBECipher'
Event: 33.764 Thread 0x000002bf9fcabb80 Unloading class 0x000000010090b240 'org/sonatype/plexus/components/cipher/DefaultPlexusCipher'
Event: 33.764 Thread 0x000002bf9fcabb80 Unloading class 0x000000010090afe8 'org/sonatype/plexus/components/sec/dispatcher/model/SettingsSecurity'
Event: 33.764 Thread 0x000002bf9fcabb80 Unloading class 0x000000010090ad90 'org/sonatype/plexus/components/sec/dispatcher/SecDispatcherException'
Event: 33.764 Thread 0x000002bf9fcabb80 Unloading class 0x000000010090ab38 'org/sonatype/plexus/components/cipher/PlexusCipherException'
Event: 33.764 Thread 0x000002bf9fcabb80 Unloading class 0x000000010090a8d8 'org/sonatype/plexus/components/sec/dispatcher/DefaultSecDispatcher'
Event: 33.764 Thread 0x000002bf9fcabb80 Unloading class 0x000000010090a528 'org/apache/maven/shared/filtering/MavenResourcesExecution'
Event: 33.764 Thread 0x000002bf9fcabb80 Unloading class 0x000000010090a258 'org/apache/maven/shared/filtering/AbstractMavenFilteringRequest'
Event: 33.764 Thread 0x000002bf9fcabb80 Unloading class 0x000000010090a000 'org/apache/maven/shared/filtering/MavenFilteringException'
Event: 33.764 Thread 0x000002bf9fcabb80 Unloading class 0x0000000100909d00 'org/apache/maven/shared/filtering/MavenResourcesFiltering'
Event: 33.764 Thread 0x000002bf9fcabb80 Unloading class 0x0000000100909b08 'org/apache/maven/shared/filtering/MavenReaderFilter'
Event: 33.764 Thread 0x000002bf9fcabb80 Unloading class 0x0000000100909910 'org/apache/maven/shared/filtering/MavenFileFilter'
Event: 33.764 Thread 0x000002bf9fcabb80 Unloading class 0x0000000100909718 'org/apache/maven/shared/filtering/DefaultFilterInfo'
Event: 33.764 Thread 0x000002bf9fcabb80 Unloading class 0x0000000100909520 'org/sonatype/plexus/components/cipher/PlexusCipher'
Event: 33.764 Thread 0x000002bf9fcabb80 Unloading class 0x0000000100909328 'org/sonatype/plexus/components/sec/dispatcher/SecDispatcher'
Event: 33.764 Thread 0x000002bf9fcabb80 Unloading class 0x0000000100909000 'org/apache/maven/plugins/resources/TestResourcesMojo'
Event: 33.764 Thread 0x000002bf9fcabb80 Unloading class 0x0000000100908400 'org/apache/maven/plugins/resources/HelpMojo'
Event: 33.764 Thread 0x000002bf9fcabb80 Unloading class 0x0000000100908b28 'org/apache/maven/plugins/resources/CopyResourcesMojo'
Event: 33.764 Thread 0x000002bf9fcabb80 Unloading class 0x0000000100908800 'org/apache/maven/plugins/resources/ResourcesMojo'

Classes redefined (0 events):
No events

Internal exceptions (20 events):
Event: 184.074 Thread 0x000002bfbbd23ab0 Implicit null exception at 0x000002bfa46a92cf to 0x000002bfa46aa61c
Event: 184.074 Thread 0x000002bfbbd23ab0 Exception <a 'java/lang/NullPointerException'{0x00000000eac5c378}> (0x00000000eac5c378) 
thrown [s\src\hotspot\share\runtime\sharedRuntime.cpp, line 628]
Event: 184.074 Thread 0x000002bfbbd23ab0 Implicit null exception at 0x000002bfa46a92cf to 0x000002bfa46aa61c
Event: 184.075 Thread 0x000002bfbbd23ab0 Exception <a 'java/lang/NullPointerException'{0x00000000eac5dc20}> (0x00000000eac5dc20) 
thrown [s\src\hotspot\share\runtime\sharedRuntime.cpp, line 628]
Event: 184.075 Thread 0x000002bfbbd23ab0 Implicit null exception at 0x000002bfa46a92cf to 0x000002bfa46aa61c
Event: 184.075 Thread 0x000002bfbbd23ab0 Exception <a 'java/lang/NullPointerException'{0x00000000eac65118}> (0x00000000eac65118) 
thrown [s\src\hotspot\share\runtime\sharedRuntime.cpp, line 628]
Event: 184.075 Thread 0x000002bfbbd23ab0 Implicit null exception at 0x000002bfa46a92cf to 0x000002bfa46aa61c
Event: 184.075 Thread 0x000002bfbbd23ab0 Exception <a 'java/lang/NullPointerException'{0x00000000eac669c8}> (0x00000000eac669c8) 
thrown [s\src\hotspot\share\runtime\sharedRuntime.cpp, line 628]
Event: 184.075 Thread 0x000002bfbbd23ab0 Implicit null exception at 0x000002bfa46a92cf to 0x000002bfa46aa61c
Event: 184.075 Thread 0x000002bfbbd23ab0 Exception <a 'java/lang/NullPointerException'{0x00000000eac6e4a0}> (0x00000000eac6e4a0) 
thrown [s\src\hotspot\share\runtime\sharedRuntime.cpp, line 628]
Event: 184.075 Thread 0x000002bfbbd23ab0 Implicit null exception at 0x000002bfa46a92cf to 0x000002bfa46aa61c
Event: 184.075 Thread 0x000002bfbbd23ab0 Exception <a 'java/lang/NullPointerException'{0x00000000eac6fe20}> (0x00000000eac6fe20) 
thrown [s\src\hotspot\share\runtime\sharedRuntime.cpp, line 628]
Event: 184.075 Thread 0x000002bfbbd23ab0 Implicit null exception at 0x000002bfa46a92cf to 0x000002bfa46aa61c
Event: 184.075 Thread 0x000002bfbbd23ab0 Exception <a 'java/lang/NullPointerException'{0x00000000eac786e8}> (0x00000000eac786e8) 
thrown [s\src\hotspot\share\runtime\sharedRuntime.cpp, line 628]
Event: 184.075 Thread 0x000002bfbbd23ab0 Implicit null exception at 0x000002bfa46a92cf to 0x000002bfa46aa61c
Event: 184.075 Thread 0x000002bfbbd23ab0 Exception <a 'java/lang/NullPointerException'{0x00000000eac7a058}> (0x00000000eac7a058) 
thrown [s\src\hotspot\share\runtime\sharedRuntime.cpp, line 628]
Event: 184.075 Thread 0x000002bfbbd23ab0 Implicit null exception at 0x000002bfa46a92cf to 0x000002bfa46aa61c
Event: 184.075 Thread 0x000002bfbbd23ab0 Exception <a 'java/lang/NullPointerException'{0x00000000eac815c8}> (0x00000000eac815c8) 
thrown [s\src\hotspot\share\runtime\sharedRuntime.cpp, line 628]
Event: 184.075 Thread 0x000002bfbbd23ab0 Implicit null exception at 0x000002bfa46a92cf to 0x000002bfa46aa61c
Event: 184.075 Thread 0x000002bfbbd23ab0 Exception <a 'java/lang/NullPointerException'{0x00000000eac82e70}> (0x00000000eac82e70) 
thrown [s\src\hotspot\share\runtime\sharedRuntime.cpp, line 628]

VM Operations (20 events):
Event: 100.693 Executing VM operation: ParallelGCFailedAllocation
Event: 100.694 Executing VM operation: ParallelGCFailedAllocation done
Event: 100.701 Executing VM operation: ParallelGCFailedAllocation
Event: 100.702 Executing VM operation: ParallelGCFailedAllocation done
Event: 100.717 Executing VM operation: ParallelGCFailedAllocation
Event: 100.718 Executing VM operation: ParallelGCFailedAllocation done
Event: 100.829 Executing VM operation: ParallelGCFailedAllocation
Event: 100.830 Executing VM operation: ParallelGCFailedAllocation done
Event: 100.847 Executing VM operation: ParallelGCFailedAllocation
Event: 100.849 Executing VM operation: ParallelGCFailedAllocation done
Event: 100.929 Executing VM operation: ParallelGCFailedAllocation
Event: 100.930 Executing VM operation: ParallelGCFailedAllocation done
Event: 102.939 Executing VM operation: Cleanup
Event: 102.940 Executing VM operation: Cleanup done
Event: 183.022 Executing VM operation: ParallelGCFailedAllocation
Event: 183.024 Executing VM operation: ParallelGCFailedAllocation done
Event: 184.033 Executing VM operation: Cleanup
Event: 184.064 Executing VM operation: Cleanup done
Event: 184.072 Executing VM operation: ParallelGCFailedAllocation
Event: 184.072 Executing VM operation: ParallelGCFailedAllocation done

Events (20 events):
Event: 43.990 Thread 0x000002bfbb573df0 Thread exited: 0x000002bfbb573df0
Event: 44.151 Thread 0x000002bfbb56f0f0 Thread exited: 0x000002bfbb56f0f0
Event: 82.732 Thread 0x000002bfbf19c230 Thread exited: 0x000002bfbf19c230
Event: 83.857 Thread 0x000002bfbf197530 Thread exited: 0x000002bfbf197530
Event: 97.465 Thread 0x000002bfbea5ae10 Thread added: 0x000002bfbea5ae10
Event: 97.475 Thread 0x000002bfbea58080 Thread added: 0x000002bfbea58080
Event: 99.912 Thread 0x000002bfbea58080 Thread exited: 0x000002bfbea58080
Event: 99.914 Thread 0x000002bfbea5ae10 Thread exited: 0x000002bfbea5ae10
Event: 100.412 Thread 0x000002bfbbd222a0 Thread exited: 0x000002bfbbd222a0
Event: 100.412 Thread 0x000002bfbf19d570 Thread exited: 0x000002bfbf19d570
Event: 100.412 Thread 0x000002bfb8efea10 Thread exited: 0x000002bfb8efea10
Event: 100.428 Thread 0x000002bfbbd25790 Thread exited: 0x000002bfbbd25790
Event: 100.608 Thread 0x000002bfbea58080 Thread added: 0x000002bfbea58080
Event: 100.608 Thread 0x000002bfbea5ae10 Thread added: 0x000002bfbea5ae10
Event: 100.698 Thread 0x000002bfbbd20a90 Thread exited: 0x000002bfbbd20a90
Event: 104.095 Thread 0x000002bfbea58080 Thread exited: 0x000002bfbea58080
Event: 104.095 Thread 0x000002bfbea5ae10 Thread exited: 0x000002bfbea5ae10
Event: 161.082 Thread 0x000002bfb8eff880 Thread exited: 0x000002bfb8eff880
Event: 161.259 Thread 0x000002bfbf1996e0 Thread exited: 0x000002bfbf1996e0
Event: 183.020 Thread 0x000002bfbea58080 Thread added: 0x000002bfbea58080


Dynamic libraries:
0x00007ff7eb5b0000 - 0x00007ff7eb5be000 	c:\Users\khami\.vscode\extensions\redhat.java-1.20.0-win32-x64\jre\17.0.7-win32-x86_64\bin\java.exe
0x00007ffc8f6e0000 - 0x00007ffc8f90b000 	C:\WINDOWS\SYSTEM32\ntdll.dll
0x00007ffc8e4c0000 - 0x00007ffc8e586000 	C:\WINDOWS\System32\KERNEL32.DLL
0x00007ffc8cc50000 - 0x00007ffc8cfae000 	C:\WINDOWS\System32\KERNELBASE.dll
0x00007ffc8cb10000 - 0x00007ffc8cc43000 	C:\WINDOWS\System32\ucrtbase.dll
0x00007ffc6b640000 - 0x00007ffc6b657000 	c:\Users\khami\.vscode\extensions\redhat.java-1.20.0-win32-x64\jre\17.0.7-win32-x86_64\bin\jli.dll
0x00007ffc2b9c0000 - 0x00007ffc2b9d9000 	c:\Users\khami\.vscode\extensions\redhat.java-1.20.0-win32-x64\jre\17.0.7-win32-x86_64\bin\VCRUNTIME140.dll
0x00007ffc8f2f0000 - 0x00007ffc8f4a1000 	C:\WINDOWS\System32\USER32.dll
0x00007ffc6d660000 - 0x00007ffc6d8f1000 	C:\WINDOWS\WinSxS\amd64_microsoft.windows.common-controls_6595b64144ccf1df_6.0.25905.1000_none_87b90b8fab340372\COMCTL32.dll
0x00007ffc8d320000 - 0x00007ffc8d347000 	C:\WINDOWS\System32\win32u.dll
0x00007ffc8dcf0000 - 0x00007ffc8dd97000 	C:\WINDOWS\System32\msvcrt.dll
0x00007ffc8d550000 - 0x00007ffc8d579000 	C:\WINDOWS\System32\GDI32.dll
0x00007ffc8d1f0000 - 0x00007ffc8d30f000 	C:\WINDOWS\System32\gdi32full.dll
0x00007ffc8d140000 - 0x00007ffc8d1e5000 	C:\WINDOWS\System32\msvcp_win.dll
0x00007ffc8e590000 - 0x00007ffc8e5c0000 	C:\WINDOWS\System32\IMM32.DLL
0x00007ffc86ea0000 - 0x00007ffc86eac000 	c:\Users\khami\.vscode\extensions\redhat.java-1.20.0-win32-x64\jre\17.0.7-win32-x86_64\bin\vcruntime140_1.dll
0x00007ffc13180000 - 0x00007ffc13211000 	c:\Users\khami\.vscode\extensions\redhat.java-1.20.0-win32-x64\jre\17.0.7-win32-x86_64\bin\msvcp140.dll
0x00007ffc12530000 - 0x00007ffc13178000 	c:\Users\khami\.vscode\extensions\redhat.java-1.20.0-win32-x64\jre\17.0.7-win32-x86_64\bin\server\jvm.dll
0x00007ffc8d580000 - 0x00007ffc8d630000 	C:\WINDOWS\System32\ADVAPI32.dll
0x00007ffc8f240000 - 0x00007ffc8f2e0000 	C:\WINDOWS\System32\sechost.dll
0x00007ffc8f570000 - 0x00007ffc8f695000 	C:\WINDOWS\System32\RPCRT4.dll
0x00007ffc85f10000 - 0x00007ffc85f44000 	C:\WINDOWS\SYSTEM32\WINMM.dll
0x00007ffc872a0000 - 0x00007ffc872a9000 	C:\WINDOWS\SYSTEM32\WSOCK32.dll
0x00007ffc85780000 - 0x00007ffc8578a000 	C:\WINDOWS\SYSTEM32\VERSION.dll
0x00007ffc8e220000 - 0x00007ffc8e293000 	C:\WINDOWS\System32\WS2_32.dll
0x00007ffc8b970000 - 0x00007ffc8b988000 	C:\WINDOWS\SYSTEM32\kernel.appcore.dll
0x00007ffc58010000 - 0x00007ffc5801a000 	c:\Users\khami\.vscode\extensions\redhat.java-1.20.0-win32-x64\jre\17.0.7-win32-x86_64\bin\jimage.dll
0x00007ffc8a330000 - 0x00007ffc8a565000 	C:\WINDOWS\SYSTEM32\DBGHELP.DLL
0x00007ffc8eec0000 - 0x00007ffc8f23b000 	C:\WINDOWS\System32\combase.dll
0x00007ffc8d9e0000 - 0x00007ffc8dab5000 	C:\WINDOWS\System32\OLEAUT32.dll
0x00007ffc6b0e0000 - 0x00007ffc6b118000 	C:\WINDOWS\SYSTEM32\dbgcore.DLL
0x00007ffc8d350000 - 0x00007ffc8d3d1000 	C:\WINDOWS\System32\bcryptPrimitives.dll
0x00007ffc54050000 - 0x00007ffc5405e000 	c:\Users\khami\.vscode\extensions\redhat.java-1.20.0-win32-x64\jre\17.0.7-win32-x86_64\bin\instrument.dll
0x00007ffc12500000 - 0x00007ffc12525000 	c:\Users\khami\.vscode\extensions\redhat.java-1.20.0-win32-x64\jre\17.0.7-win32-x86_64\bin\java.dll
0x00007ffc124e0000 - 0x00007ffc124f8000 	c:\Users\khami\.vscode\extensions\redhat.java-1.20.0-win32-x64\jre\17.0.7-win32-x86_64\bin\zip.dll
0x00007ffc8e660000 - 0x00007ffc8edd3000 	C:\WINDOWS\System32\SHELL32.dll
0x00007ffc8a8b0000 - 0x00007ffc8b102000 	C:\WINDOWS\SYSTEM32\windows.storage.dll
0x00007ffc8dac0000 - 0x00007ffc8db93000 	C:\WINDOWS\System32\SHCORE.dll
0x00007ffc8d980000 - 0x00007ffc8d9dc000 	C:\WINDOWS\System32\shlwapi.dll
0x00007ffc8ca40000 - 0x00007ffc8ca63000 	C:\WINDOWS\SYSTEM32\profapi.dll
0x00007ffc86110000 - 0x00007ffc86129000 	C:\Users\khami\.vscode\extensions\redhat.java-1.20.0-win32-x64\jre\17.0.7-win32-x86_64\bin\net.dll
0x00007ffc85ab0000 - 0x00007ffc85bcb000 	C:\WINDOWS\SYSTEM32\WINHTTP.dll
0x00007ffc8be30000 - 0x00007ffc8be98000 	C:\WINDOWS\system32\mswsock.dll
0x00007ffc12350000 - 0x00007ffc12365000 	C:\Users\khami\.vscode\extensions\redhat.java-1.20.0-win32-x64\jre\17.0.7-win32-x86_64\bin\nio.dll
0x00007ffc3ae50000 - 0x00007ffc3ae60000 	c:\Users\khami\.vscode\extensions\redhat.java-1.20.0-win32-x64\jre\17.0.7-win32-x86_64\bin\verify.dll
0x00007ffc11b00000 - 0x00007ffc11b3e000 	C:\Users\khami\AppData\Roaming\Code\User\globalStorage\redhat.java\1.20.0\config_win\org.eclipse.equinox.launcher\org.eclipse.equinox.launcher.win32.win32.x86_64_1.2.700.v20221108-1024\eclipse_11801.dll
0x00007ffc8d7e0000 - 0x00007ffc8d972000 	C:\WINDOWS\System32\ole32.dll
0x00007ffc8c0d0000 - 0x00007ffc8c0eb000 	C:\WINDOWS\SYSTEM32\CRYPTSP.dll
0x00007ffc8b8d0000 - 0x00007ffc8b907000 	C:\WINDOWS\system32\rsaenh.dll
0x00007ffc8bf60000 - 0x00007ffc8bf8a000 	C:\WINDOWS\SYSTEM32\USERENV.dll
0x00007ffc8c320000 - 0x00007ffc8c348000 	C:\WINDOWS\SYSTEM32\bcrypt.dll
0x00007ffc8c0f0000 - 0x00007ffc8c0fc000 	C:\WINDOWS\SYSTEM32\CRYPTBASE.dll
0x00007ffc8b390000 - 0x00007ffc8b3bf000 	C:\WINDOWS\SYSTEM32\IPHLPAPI.DLL
0x00007ffc8e4b0000 - 0x00007ffc8e4ba000 	C:\WINDOWS\System32\NSI.dll
0x00007ffc85a90000 - 0x00007ffc85aa9000 	C:\WINDOWS\SYSTEM32\dhcpcsvc6.DLL
0x00007ffc85a00000 - 0x00007ffc85a1f000 	C:\WINDOWS\SYSTEM32\dhcpcsvc.DLL
0x00007ffc8b410000 - 0x00007ffc8b51f000 	C:\WINDOWS\SYSTEM32\DNSAPI.dll
0x00007ffc77740000 - 0x00007ffc77785000 	C:\Users\khami\AppData\Local\Temp\jna-102011712\jna17839930107128376770.dll
0x00007ffc8f560000 - 0x00007ffc8f568000 	C:\WINDOWS\System32\PSAPI.DLL
0x00007ffc777a0000 - 0x00007ffc777ae000 	C:\Users\khami\.vscode\extensions\redhat.java-1.20.0-win32-x64\jre\17.0.7-win32-x86_64\bin\sunmscapi.dll
0x00007ffc8cfc0000 - 0x00007ffc8d134000 	C:\WINDOWS\System32\CRYPT32.dll
0x00007ffc8c2e0000 - 0x00007ffc8c311000 	C:\WINDOWS\SYSTEM32\ncrypt.dll
0x00007ffc8c290000 - 0x00007ffc8c2ce000 	C:\WINDOWS\SYSTEM32\NTASN1.dll
0x00007ffc7b600000 - 0x00007ffc7b60a000 	C:\Windows\System32\rasadhlp.dll
0x00007ffc84cc0000 - 0x00007ffc84d42000 	C:\WINDOWS\System32\fwpuclnt.dll

dbghelp: loaded successfully - version: 4.0.5 - missing functions: none
symbol engine: initialized successfully - sym options: 0x614 - pdb path: .;c:\Users\khami\.vscode\extensions\redhat.java-1.20.0-win32-x64\jre\17.0.7-win32-x86_64\bin;C:\WINDOWS\SYSTEM32;C:\WINDOWS\WinSxS\amd64_microsoft.windows.common-controls_6595b64144ccf1df_6.0.25905.1000_none_87b90b8fab340372;c:\Users\khami\.vscode\extensions\redhat.java-1.20.0-win32-x64\jre\17.0.7-win32-x86_64\bin\server;C:\Users\khami\AppData\Roaming\Code\User\globalStorage\redhat.java\1.20.0\config_win\org.eclipse.equinox.launcher\org.eclipse.equinox.launcher.win32.win32.x86_64_1.2.700.v20221108-1024;C:\Users\khami\AppData\Local\Temp\jna-102011712

VM Arguments:
jvm_args: --add-modules=ALL-SYSTEM --add-opens=java.base/java.util=ALL-UNNAMED --add-opens=java.base/java.lang=ALL-UNNAMED --add-opens=java.base/sun.nio.fs=ALL-UNNAMED -Declipse.application=org.eclipse.jdt.ls.core.id1 -Dosgi.bundles.defaultStartLevel=4 -Declipse.product=org.eclipse.jdt.ls.core.product -Djava.import.generatesMetadataFilesAtProjectRoot=false -Dfile.encoding=utf8 -XX:+UseParallelGC -XX:GCTimeRatio=4 -XX:AdaptiveSizePolicyWeight=90 -Dsun.zip.disableMemoryMapping=true -Xmx1G -Xms100m -Xlog:disable -javaagent:c:\Users\khami\.vscode\extensions\redhat.java-1.20.0-win32-x64\lombok\lombok-1.18.28.jar -XX:+HeapDumpOnOutOfMemoryError -XX:HeapDumpPath=c:\Users\khami\AppData\Roaming\Code\User\workspaceStorage\6a2d3d3737832186bb7f3db857603596\redhat.java -Daether.dependencyCollector.impl=bf 
java_command: c:\Users\khami\.vscode\extensions\redhat.java-1.20.0-win32-x64\server\plugins\org.eclipse.equinox.launcher_1.6.500.v20230622-2056.jar -configuration c:\Users\khami\AppData\Roaming\Code\User\globalStorage\redhat.java\1.20.0\config_win -data c:\Users\khami\AppData\Roaming\Code\User\workspaceStorage\6a2d3d3737832186bb7f3db857603596\redhat.java\jdt_ws
java_class_path (initial): c:\Users\khami\.vscode\extensions\redhat.java-1.20.0-win32-x64\server\plugins\org.eclipse.equinox.launcher_1.6.500.v20230622-2056.jar
Launcher Type: SUN_STANDARD

[Global flags]
    uintx AdaptiveSizePolicyWeight                 = 90                                        {product} {command line}
     intx CICompilerCount                          = 4                                         {product} {ergonomic}
    uintx GCTimeRatio                              = 4                                         {product} {command line}
     bool HeapDumpOnOutOfMemoryError               = true                                   {manageable} {command line}
    ccstr HeapDumpPath                             = c:\Users\khami\AppData\Roaming\Code\User\workspaceStorage\6a2d3d3737832186bb7f3db857603596\redhat.java         {manageable} {command line}
   size_t InitialHeapSize                          = 104857600                                 {product} {command line}
   size_t MaxHeapSize                              = 1073741824                                {product} {command line}
   size_t MaxNewSize                               = 357564416                                 {product} {ergonomic}
   size_t MinHeapDeltaBytes                        = 524288                                    {product} {ergonomic}
   size_t MinHeapSize                              = 104857600                                 {product} {command line}
   size_t NewSize                                  = 34603008                                  {product} {ergonomic}
    uintx NonNMethodCodeHeapSize                   = 5839372                                {pd product} {ergonomic}
    uintx NonProfiledCodeHeapSize                  = 122909434                              {pd product} {ergonomic}
   size_t OldSize                                  = 70254592                                  {product} {ergonomic}
    uintx ProfiledCodeHeapSize                     = 122909434                              {pd product} {ergonomic}
    uintx ReservedCodeCacheSize                    = 251658240                              {pd product} {ergonomic}
     bool SegmentedCodeCache                       = true                                      {product} {ergonomic}
   size_t SoftMaxHeapSize                          = 1073741824                             {manageable} {ergonomic}
     bool UseCompressedClassPointers               = true                           {product lp64_product} {ergonomic}
     bool UseCompressedOops                        = true                           {product lp64_product} {ergonomic}
     bool UseLargePagesIndividualAllocation        = false                                  {pd product} {ergonomic}
     bool UseParallelGC                            = true                                      {product} {command line}

Logging:
Log output configuration:
 #0: stdout all=off uptime,level,tags
 #1: stderr all=off uptime,level,tags

Environment Variables:
JAVA_HOME=C:\Program Files\Eclipse Adoptium\jdk-11.0.19.7-hotspot\
PATH=C:\Program Files\Eclipse Adoptium\jdk-11.0.19.7-hotspot\bin;C:\Program Files\Java\jdk-11\bin;C:\Program Files\Common Files\Oracle\Java\javapath;C:\Program Files (x86)\Common Files\Oracle\Java\javapath;C:\Program Files\Microsoft\jdk-11.0.16.101-hotspot\bin;C:\Program Files\Eclipse Adoptium\jdk-8.0.362.9-hotspot\bin;C:\ProgramData\Oracle\Java\javapath;C:\Program Files\Microsoft MPI\Bin\;C:\windows\system32;C:\windows;C:\windows\System32\Wbem;C:\windows\System32\WindowsPowerShell\v1.0\;C:\windows\System32\OpenSSH\;C:\Program Files (x86)\NVIDIA Corporation\PhysX\Common;C:\Program Files\NVIDIA Corporation\NVIDIA NvDLISR;C:\WINDOWS\system32;C:\WINDOWS;C:\WINDOWS\System32\Wbem;C:\WINDOWS\System32\WindowsPowerShell\v1.0\;C:\WINDOWS\System32\OpenSSH\;C:\TDM-GCC-64\bin;C:\Program Files\Microsoft SQL Server\Client SDK\ODBC\170\Tools\Binn\;C:\Program Files (x86)\Microsoft SQL Server\150\Tools\Binn\;C:\Program Files\Microsoft SQL Server\150\Tools\Binn\;C:\Program Files\Microsoft SQL Server\150\DTS\Binn\;C:\Program Files (x86)\Microsoft SQL Server\150\DTS\Binn\;C:\Program Files\dotnet\;C:\Program Files\Git\cmd;C:\Program Files\Calibre2\;C:\Program Files\Cloudflare\Cloudflare WARP\;C:\Program Files\MySQL\MySQL Shell 8.0\bin\;C:\Users\khami\AppData\Local\Microsoft\WindowsApps;C:\Users\khami\AppData\Local\Programs\Microsoft VS Code\bin;;C:\Program Files\Azure Data Studio\bin;C:\Users\khami\.dotnet\tools
USERNAME=khami
OS=Windows_NT
PROCESSOR_IDENTIFIER=Intel64 Family 6 Model 165 Stepping 2, GenuineIntel
TMP=C:\Users\khami\AppData\Local\Temp
TEMP=C:\Users\khami\AppData\Local\Temp



---------------  S Y S T E M  ---------------

OS:
 Windows 11 , 64 bit Build 25905 (10.0.25905.1000)
OS uptime: 0 days 0:05 hours
Hyper-V role detected

CPU: total 12 (initial active 12) (6 cores per cpu, 2 threads per core) family 6 model 165 stepping 2 microcode 0xf0, cx8, cmov, fxsr, ht, mmx, 3dnowpref, sse, sse2, sse3, ssse3, sse4.1, sse4.2, popcnt, lzcnt, tsc, tscinvbit, avx, avx2, aes, erms, clmul, bmi1, bmi2, adx, fma, vzeroupper, clflush, clflushopt, hv

Memory: 4k page, system-wide physical 16160M (3918M free)
TotalPageFile size 16160M (AvailPageFile size 5M)
current process WorkingSet (physical memory assigned to process): 431M, peak: 494M
current process commit charge ("private bytes"): 471M, peak: 525M

vm_info: OpenJDK 64-Bit Server VM (17.0.7+7) for windows-amd64 JRE (17.0.7+7), built on Apr 18 2023 22:10:42 by "temurin" with MS VC++ 16.7 (VS2019)

END.
