#
# There is insufficient memory for the Java Runtime Environment to continue.
# Native memory allocation (malloc) failed to allocate 1239584 bytes for Chunk::new
# Possible reasons:
#   The system is out of physical RAM or swap space
#   The process is running with CompressedOops enabled, and the Java Heap may be blocking the growth of the native heap
# Possible solutions:
#   Reduce memory load on the system
#   Increase physical memory or swap space
#   Check if swap backing store is full
#   Decrease Java heap size (-Xmx/-Xms)
#   Decrease number of Java threads
#   Decrease Java thread stack sizes (-Xss)
#   Set larger code cache with -XX:ReservedCodeCacheSize=
#   JVM is running with Unscaled Compressed Oops mode in which the Java heap is
#     placed in the first 4GB address space. The Java Heap base address is the
#     maximum limit for the native heap growth. Please use -XX:HeapBaseMinAddress
#     to set the Java Heap base and to place the Java Heap above 4GB virtual address.
# This output file may be truncated or incomplete.
#
#  Out of Memory Error (arena.cpp:189), pid=15216, tid=11228
#
# JRE version: OpenJDK Runtime Environment Temurin-17.0.7+7 (17.0.7+7) (build 17.0.7+7)
# Java VM: OpenJDK 64-Bit Server VM Temurin-17.0.7+7 (17.0.7+7, mixed mode, tiered, compressed oops, compressed class ptrs, parallel gc, windows-amd64)
# No core dump will be written. Minidumps are not enabled by default on client versions of Windows
#

---------------  S U M M A R Y ------------

Command Line: --add-modules=ALL-SYSTEM --add-opens=java.base/java.util=ALL-UNNAMED --add-opens=java.base/java.lang=ALL-UNNAMED --add-opens=java.base/sun.nio.fs=ALL-UNNAMED -Declipse.application=org.eclipse.jdt.ls.core.id1 -Dosgi.bundles.defaultStartLevel=4 -Declipse.product=org.eclipse.jdt.ls.core.product -Djava.import.generatesMetadataFilesAtProjectRoot=false -Dfile.encoding=utf8 -XX:+UseParallelGC -XX:GCTimeRatio=4 -XX:AdaptiveSizePolicyWeight=90 -Dsun.zip.disableMemoryMapping=true -Xmx1G -Xms100m -Xlog:disable -javaagent:c:\Users\khami\.vscode\extensions\redhat.java-1.20.0-win32-x64\lombok\lombok-1.18.28.jar -XX:+HeapDumpOnOutOfMemoryError -XX:HeapDumpPath=c:\Users\khami\AppData\Roaming\Code\User\workspaceStorage\6a2d3d3737832186bb7f3db857603596\redhat.java -Daether.dependencyCollector.impl=bf c:\Users\khami\.vscode\extensions\redhat.java-1.20.0-win32-x64\server\plugins\org.eclipse.equinox.launcher_1.6.500.v20230622-2056.jar -configuration c:\Users\khami\AppData\Roaming\Code\User\globalStorage\redhat.java\1.20.0\config_win -data c:\Users\khami\AppData\Roaming\Code\User\workspaceStorage\6a2d3d3737832186bb7f3db857603596\redhat.java\jdt_ws

Host: Intel(R) Core(TM) i7-10750H CPU @ 2.60GHz, 12 cores, 15G,  Windows 11 , 64 bit Build 25905 (10.0.25905.1000)
Time: Tue Jul 18 11:56:25 2023 SE Asia Standard Time elapsed time: 19.341389 seconds (0d 0h 0m 19s)

---------------  T H R E A D  ---------------

Current thread (0x0000023efd35d6f0):  JavaThread "C2 CompilerThread1" daemon [_thread_in_native, id=11228, stack(0x000000c422700000,0x000000c422800000)]


Current CompileTask:
C2:  19341 11709       4       org.eclipse.jdt.internal.compiler.classfmt.ModuleInfo::readModuleAttribute (1166 bytes)

Stack: [0x000000c422700000,0x000000c422800000]
Native frames: (J=compiled Java code, j=interpreted, Vv=VM code, C=native code)
V  [jvm.dll+0x67754a]
V  [jvm.dll+0x834304]
V  [jvm.dll+0x835aae]
V  [jvm.dll+0x836113]
V  [jvm.dll+0x24696f]
V  [jvm.dll+0xac0ac]
V  [jvm.dll+0xac67c]
V  [jvm.dll+0x364e37]
V  [jvm.dll+0x32f6b1]
V  [jvm.dll+0x32eb5a]
V  [jvm.dll+0x219641]
V  [jvm.dll+0x218a61]
V  [jvm.dll+0x1a4d8d]
V  [jvm.dll+0x2284da]
V  [jvm.dll+0x226615]
V  [jvm.dll+0x7ea90b]
V  [jvm.dll+0x7e4e7a]
V  [jvm.dll+0x676395]
C  [ucrtbase.dll+0x609e1]
C  [KERNEL32.DLL+0x124d8]
C  [ntdll.dll+0x4091]


---------------  P R O C E S S  ---------------

Threads class SMR info:
_java_thread_list=0x0000023ef3743df0, length=42, elements={
0x0000023ed4850750, 0x0000023ee86c3020, 0x0000023ee86c5550, 0x0000023eed717f20,
0x0000023eed7189e0, 0x0000023eed7194a0, 0x0000023eed719d60, 0x0000023eed71a950,
0x0000023eed76c3e0, 0x0000023eed76c8f0, 0x0000023eed81ebc0, 0x0000023eeda042f0,
0x0000023eef699e40, 0x0000023eefa63a60, 0x0000023eef8c2120, 0x0000023eefa3b1d0,
0x0000023eefaff5d0, 0x0000023eefb2daa0, 0x0000023eefb6c490, 0x0000023eefb6ce30,
0x0000023eefb6efe0, 0x0000023eefb6d7d0, 0x0000023eefb6e170, 0x0000023eefb6eb10,
0x0000023eefb6f4b0, 0x0000023eefb6fe50, 0x0000023eefb6c960, 0x0000023ef0f199e0,
0x0000023ef0f16e90, 0x0000023ef0f14ce0, 0x0000023ef0f19040, 0x0000023ef0f151b0,
0x0000023ef0f16020, 0x0000023ef0f19510, 0x0000023ef0f164f0, 0x0000023ef0f17360,
0x0000023ef0f17830, 0x0000023ef0f17d00, 0x0000023ef0f181d0, 0x0000023ef0be3260,
0x0000023efd35d6f0, 0x0000023efd35f550
}

Java Threads: ( => current thread )
  0x0000023ed4850750 JavaThread "main" [_thread_blocked, id=13784, stack(0x000000c420100000,0x000000c420200000)]
  0x0000023ee86c3020 JavaThread "Reference Handler" daemon [_thread_blocked, id=16248, stack(0x000000c420400000,0x000000c420500000)]
  0x0000023ee86c5550 JavaThread "Finalizer" daemon [_thread_blocked, id=16668, stack(0x000000c420500000,0x000000c420600000)]
  0x0000023eed717f20 JavaThread "Signal Dispatcher" daemon [_thread_blocked, id=16976, stack(0x000000c420600000,0x000000c420700000)]
  0x0000023eed7189e0 JavaThread "Attach Listener" daemon [_thread_blocked, id=16980, stack(0x000000c420700000,0x000000c420800000)]
  0x0000023eed7194a0 JavaThread "Service Thread" daemon [_thread_blocked, id=16992, stack(0x000000c420800000,0x000000c420900000)]
  0x0000023eed719d60 JavaThread "Monitor Deflation Thread" daemon [_thread_blocked, id=5928, stack(0x000000c420900000,0x000000c420a00000)]
  0x0000023eed71a950 JavaThread "C2 CompilerThread0" daemon [_thread_in_native, id=24200, stack(0x000000c420a00000,0x000000c420b00000)]
  0x0000023eed76c3e0 JavaThread "C1 CompilerThread0" daemon [_thread_in_vm, id=13244, stack(0x000000c420b00000,0x000000c420c00000)]
  0x0000023eed76c8f0 JavaThread "Sweeper thread" daemon [_thread_blocked, id=13956, stack(0x000000c420c00000,0x000000c420d00000)]
  0x0000023eed81ebc0 JavaThread "Common-Cleaner" daemon [_thread_blocked, id=18332, stack(0x000000c420d00000,0x000000c420e00000)]
  0x0000023eeda042f0 JavaThread "Notification Thread" daemon [_thread_blocked, id=22468, stack(0x000000c420f00000,0x000000c421000000)]
  0x0000023eef699e40 JavaThread "Active Thread: Equinox Container: 1717af6c-0378-4520-827a-0e44062cdbfc" [_thread_blocked, id=14596, stack(0x000000c421800000,0x000000c421900000)]
  0x0000023eefa63a60 JavaThread "Framework Event Dispatcher: Equinox Container: 1717af6c-0378-4520-827a-0e44062cdbfc" daemon [_thread_blocked, id=19144, stack(0x000000c421900000,0x000000c421a00000)]
  0x0000023eef8c2120 JavaThread "Start Level: Equinox Container: 1717af6c-0378-4520-827a-0e44062cdbfc" daemon [_thread_blocked, id=6408, stack(0x000000c421a00000,0x000000c421b00000)]
  0x0000023eefa3b1d0 JavaThread "SCR Component Actor" daemon [_thread_blocked, id=12880, stack(0x000000c421b00000,0x000000c421c00000)]
  0x0000023eefaff5d0 JavaThread "Worker-JM" [_thread_blocked, id=13000, stack(0x000000c421e00000,0x000000c421f00000)]
  0x0000023eefb2daa0 JavaThread "Worker-0: Updating workspace" [_thread_blocked, id=16524, stack(0x000000c422100000,0x000000c422200000)]
  0x0000023eefb6c490 JavaThread "Worker-1: Building" [_thread_in_native, id=10860, stack(0x000000c422200000,0x000000c422300000)]
  0x0000023eefb6ce30 JavaThread "Java indexing" daemon [_thread_blocked, id=10976, stack(0x000000c422300000,0x000000c422400000)]
  0x0000023eefb6efe0 JavaThread "JNA Cleaner" daemon [_thread_blocked, id=17892, stack(0x000000c421100000,0x000000c421200000)]
  0x0000023eefb6d7d0 JavaThread "Worker-2: Validate documents" [_thread_in_Java, id=14924, stack(0x000000c422600000,0x000000c422700000)]
  0x0000023eefb6e170 JavaThread "pool-2-thread-1" [_thread_blocked, id=18776, stack(0x000000c422800000,0x000000c422900000)]
  0x0000023eefb6eb10 JavaThread "WorkspaceEventsHandler" [_thread_blocked, id=18328, stack(0x000000c422900000,0x000000c422a00000)]
  0x0000023eefb6f4b0 JavaThread "pool-1-thread-1" [_thread_in_native, id=804, stack(0x000000c422a00000,0x000000c422b00000)]
  0x0000023eefb6fe50 JavaThread "Worker-3" [_thread_blocked, id=24124, stack(0x000000c422b00000,0x000000c422c00000)]
  0x0000023eefb6c960 JavaThread "Worker-4" [_thread_blocked, id=12828, stack(0x000000c422c00000,0x000000c422d00000)]
  0x0000023ef0f199e0 JavaThread "ForkJoinPool.commonPool-worker-1" daemon [_thread_blocked, id=14412, stack(0x000000c422d00000,0x000000c422e00000)]
  0x0000023ef0f16e90 JavaThread "Bundle File Closer" daemon [_thread_blocked, id=6984, stack(0x000000c422e00000,0x000000c422f00000)]
  0x0000023ef0f14ce0 JavaThread "ForkJoinPool.commonPool-worker-2" daemon [_thread_blocked, id=17252, stack(0x000000c421d00000,0x000000c421e00000)]
  0x0000023ef0f19040 JavaThread "ForkJoinPool.commonPool-worker-3" daemon [_thread_blocked, id=3480, stack(0x000000c422f00000,0x000000c423000000)]
  0x0000023ef0f151b0 JavaThread "ForkJoinPool.commonPool-worker-4" daemon [_thread_blocked, id=13688, stack(0x000000c423500000,0x000000c423600000)]
  0x0000023ef0f16020 JavaThread "ForkJoinPool.commonPool-worker-5" daemon [_thread_blocked, id=10012, stack(0x000000c423600000,0x000000c423700000)]
  0x0000023ef0f19510 JavaThread "ForkJoinPool.commonPool-worker-6" daemon [_thread_blocked, id=11104, stack(0x000000c423700000,0x000000c423800000)]
  0x0000023ef0f164f0 JavaThread "ForkJoinPool.commonPool-worker-7" daemon [_thread_blocked, id=20832, stack(0x000000c423800000,0x000000c423900000)]
  0x0000023ef0f17360 JavaThread "ForkJoinPool.commonPool-worker-8" daemon [_thread_blocked, id=11600, stack(0x000000c423900000,0x000000c423a00000)]
  0x0000023ef0f17830 JavaThread "ForkJoinPool.commonPool-worker-9" daemon [_thread_blocked, id=10124, stack(0x000000c423000000,0x000000c423100000)]
  0x0000023ef0f17d00 JavaThread "ForkJoinPool.commonPool-worker-10" daemon [_thread_in_native, id=14264, stack(0x000000c423100000,0x000000c423200000)]
  0x0000023ef0f181d0 JavaThread "ForkJoinPool.commonPool-worker-11" daemon [_thread_blocked, id=21256, stack(0x000000c423300000,0x000000c423400000)]
  0x0000023ef0be3260 JavaThread "Worker-5: Shutdown..." [_thread_blocked, id=23892, stack(0x000000c420e00000,0x000000c420f00000)]
=>0x0000023efd35d6f0 JavaThread "C2 CompilerThread1" daemon [_thread_in_native, id=11228, stack(0x000000c422700000,0x000000c422800000)]
  0x0000023efd35f550 JavaThread "C2 CompilerThread2" daemon [_thread_in_native, id=19340, stack(0x000000c423200000,0x000000c423300000)]

Other Threads:
  0x0000023eed6f4870 VMThread "VM Thread" [stack: 0x000000c420300000,0x000000c420400000] [id=16676]
  0x0000023eed9e0cf0 WatcherThread [stack: 0x000000c421000000,0x000000c421100000] [id=22768]
  0x0000023ed4865900 GCTaskThread "GC Thread#0" [stack: 0x000000c420200000,0x000000c420300000] [id=17064]
  0x0000023eef02e190 GCTaskThread "GC Thread#1" [stack: 0x000000c421200000,0x000000c421300000] [id=11200]
  0x0000023eef412700 GCTaskThread "GC Thread#2" [stack: 0x000000c421300000,0x000000c421400000] [id=2312]
  0x0000023eef02e440 GCTaskThread "GC Thread#3" [stack: 0x000000c421400000,0x000000c421500000] [id=5092]
  0x0000023eef02e6f0 GCTaskThread "GC Thread#4" [stack: 0x000000c421500000,0x000000c421600000] [id=18208]
  0x0000023eef02e9a0 GCTaskThread "GC Thread#5" [stack: 0x000000c421600000,0x000000c421700000] [id=9780]
  0x0000023eef02ec50 GCTaskThread "GC Thread#6" [stack: 0x000000c421700000,0x000000c421800000] [id=18320]
  0x0000023ed25eca20 GCTaskThread "GC Thread#7" [stack: 0x000000c421c00000,0x000000c421d00000] [id=13628]
  0x0000023eefb2b0d0 GCTaskThread "GC Thread#8" [stack: 0x000000c421f00000,0x000000c422000000] [id=23444]
  0x0000023eefb23020 GCTaskThread "GC Thread#9" [stack: 0x000000c422000000,0x000000c422100000] [id=10180]

Threads with active compile tasks:
C2 CompilerThread0    19372 11789       4       jdk.internal.ref.PhantomCleanable::<init> (49 bytes)
C1 CompilerThread0    19372 11793       3       org.eclipse.jdt.internal.compiler.parser.Parser::consumeToken (2309 bytes)
C2 CompilerThread1    19372 11709       4       org.eclipse.jdt.internal.compiler.classfmt.ModuleInfo::readModuleAttribute (1166 bytes)
C2 CompilerThread2    19372 11759   !   4       sun.nio.fs.WindowsLinkSupport::getRealPath (500 bytes)

VM state: not at safepoint (normal execution)

VM Mutex/Monitor currently owned by a thread: None

Heap address: 0x00000000c0000000, size: 1024 MB, Compressed Oops mode: 32-bit

CDS archive(s) not mapped
Compressed class space mapped at: 0x0000000100000000-0x0000000140000000, reserved size: 1073741824
Narrow klass base: 0x0000000000000000, Narrow klass shift: 3, Narrow klass range: 0x140000000

GC Precious Log:
 CPUs: 12 total, 12 available
 Memory: 16160M
 Large Page Support: Disabled
 NUMA Support: Disabled
 Compressed Oops: Enabled (32-bit)
 Alignments: Space 512K, Generation 512K, Heap 2M
 Heap Min Capacity: 100M
 Heap Initial Capacity: 100M
 Heap Max Capacity: 1G
 Pre-touch: Disabled
 Parallel Workers: 10

Heap:
 PSYoungGen      total 11776K, used 7345K [0x00000000eab00000, 0x00000000ebb00000, 0x0000000100000000)
  eden space 7168K, 39% used [0x00000000eab00000,0x00000000eadc1b28,0x00000000eb200000)
  from space 4608K, 98% used [0x00000000eb200000,0x00000000eb66a910,0x00000000eb680000)
  to   space 4608K, 0% used [0x00000000eb680000,0x00000000eb680000,0x00000000ebb00000)
 ParOldGen       total 168960K, used 109251K [0x00000000c0000000, 0x00000000ca500000, 0x00000000eab00000)
  object space 168960K, 64% used [0x00000000c0000000,0x00000000c6ab0db8,0x00000000ca500000)
 Metaspace       used 73099K, committed 74304K, reserved 1179648K
  class space    used 7754K, committed 8320K, reserved 1048576K

Card table byte_map: [0x0000023ed4100000,0x0000023ed4310000] _byte_map_base: 0x0000023ed3b00000

Marking Bits: (ParMarkBitMap*) 0x00007ffb3f8652c0
 Begin Bits: [0x0000023ee64d0000, 0x0000023ee74d0000)
 End Bits:   [0x0000023ee74d0000, 0x0000023ee84d0000)

Polling page: 0x0000023ed24e0000

Metaspace:

Usage:
  Non-class:     63.81 MB used.
      Class:      7.57 MB used.
       Both:     71.39 MB used.

Virtual space:
  Non-class space:      128.00 MB reserved,      64.44 MB ( 50%) committed,  2 nodes.
      Class space:        1.00 GB reserved,       8.12 MB ( <1%) committed,  1 nodes.
             Both:        1.12 GB reserved,      72.56 MB (  6%) committed. 

Chunk freelists:
   Non-Class:  15.22 MB
       Class:  7.83 MB
        Both:  23.04 MB

MaxMetaspaceSize: unlimited
CompressedClassSpaceSize: 1.00 GB
Initial GC threshold: 21.00 MB
Current GC threshold: 120.62 MB
CDS: off
MetaspaceReclaimPolicy: balanced
 - commit_granule_bytes: 65536.
 - commit_granule_words: 8192.
 - virtual_space_node_default_size: 8388608.
 - enlarge_chunks_in_place: 1.
 - new_chunks_are_fully_committed: 0.
 - uncommit_free_chunks: 1.
 - use_allocation_guard: 0.
 - handle_deallocations: 1.


Internal statistics:

num_allocs_failed_limit: 9.
num_arena_births: 842.
num_arena_deaths: 34.
num_vsnodes_births: 3.
num_vsnodes_deaths: 0.
num_space_committed: 1161.
num_space_uncommitted: 0.
num_chunks_returned_to_freelist: 52.
num_chunks_taken_from_freelist: 4051.
num_chunk_merges: 20.
num_chunk_splits: 2413.
num_chunks_enlarged: 1246.
num_inconsistent_stats: 0.

CodeHeap 'non-profiled nmethods': size=120000Kb used=6832Kb max_used=6832Kb free=113167Kb
 bounds [0x0000023edefa0000, 0x0000023edf650000, 0x0000023ee64d0000]
CodeHeap 'profiled nmethods': size=120000Kb used=19438Kb max_used=19438Kb free=100561Kb
 bounds [0x0000023ed74d0000, 0x0000023ed87d0000, 0x0000023edea00000]
CodeHeap 'non-nmethods': size=5760Kb used=1373Kb max_used=1498Kb free=4386Kb
 bounds [0x0000023edea00000, 0x0000023edec70000, 0x0000023edefa0000]
 total_blobs=10409 nmethods=9693 adapters=628
 compilation: enabled
              stopped_count=0, restarted_count=0
 full_count=0

Compilation events (20 events):
Event: 18.258 Thread 0x0000023eed71a950 nmethod 11732 0x0000023edf62f690 code [0x0000023edf62f800, 0x0000023edf62f898]
Event: 18.265 Thread 0x0000023eed76c3e0 11752       3       org.eclipse.core.filesystem.provider.FileStore::childInfos (47 bytes)
Event: 18.266 Thread 0x0000023eed76c3e0 nmethod 11752 0x0000023ed87b2c90 code [0x0000023ed87b2ec0, 0x0000023ed87b3878]
Event: 18.266 Thread 0x0000023eed76c3e0 11753       3       org.eclipse.core.filesystem.provider.FileStore::childStores (47 bytes)
Event: 18.266 Thread 0x0000023eed76c3e0 nmethod 11753 0x0000023ed87b3c90 code [0x0000023ed87b3e60, 0x0000023ed87b43d8]
Event: 18.272 Thread 0x0000023eed71a950 11754       4       jdk.internal.reflect.DelegatingConstructorAccessorImpl::newInstance (9 bytes)
Event: 18.272 Thread 0x0000023eed71a950 nmethod 11754 0x0000023edf62f990 code [0x0000023edf62fb00, 0x0000023edf62fb98]
Event: 18.296 Thread 0x0000023eed71a950 11755       4       org.eclipse.core.internal.resources.Resource::isMember (65 bytes)
Event: 18.297 Thread 0x0000023eed71a950 nmethod 11755 0x0000023edf62fc90 code [0x0000023edf62fe00, 0x0000023edf62ff18]
Event: 18.342 Thread 0x0000023eed76c3e0 11756       3       org.eclipse.core.internal.resources.Resource::filterChildren (37 bytes)
Event: 18.343 Thread 0x0000023eed76c3e0 nmethod 11756 0x0000023ed87b4590 code [0x0000023ed87b47a0, 0x0000023ed87b4f28]
Event: 18.347 Thread 0x0000023eed71a950 11757   !   4       sun.nio.fs.WindowsFileAttributes::get (236 bytes)
Event: 18.383 Thread 0x0000023eed76c3e0 11758       3       java.util.Formatter$FormatSpecifier::printString (107 bytes)
Event: 18.384 Thread 0x0000023eed76c3e0 nmethod 11758 0x0000023ed87b5190 code [0x0000023ed87b5460, 0x0000023ed87b6318]
Event: 18.400 Thread 0x0000023eed76c3e0 11760       3       org.eclipse.core.internal.localstore.UnifiedTree::addChildrenFromFileSystem (75 bytes)
Event: 18.401 Thread 0x0000023eed76c3e0 nmethod 11760 0x0000023ed87b6890 code [0x0000023ed87b6b00, 0x0000023ed87b76e8]
Event: 18.401 Thread 0x0000023eed76c3e0 11762       3       org.eclipse.core.internal.localstore.UnifiedTreeNode::getStore (26 bytes)
Event: 18.401 Thread 0x0000023eed76c3e0 nmethod 11762 0x0000023ed87b7c90 code [0x0000023ed87b7e60, 0x0000023ed87b82e8]
Event: 18.401 Thread 0x0000023eed76c3e0 11761   !   3       org.eclipse.core.internal.localstore.UnifiedTree::getLocalList (122 bytes)
Event: 18.401 Thread 0x0000023eed76c3e0 nmethod 11761 0x0000023ed87b8490 code [0x0000023ed87b8720, 0x0000023ed87b93a8]

GC Heap History (20 events):
Event: 17.836 GC heap after
{Heap after GC invocations=174 (full 10):
 PSYoungGen      total 16896K, used 11753K [0x00000000eab00000, 0x00000000ecb80000, 0x0000000100000000)
  eden space 5120K, 0% used [0x00000000eab00000,0x00000000eab00000,0x00000000eb000000)
  from space 11776K, 99% used [0x00000000eb000000,0x00000000ebb7a5a0,0x00000000ebb80000)
  to   space 13824K, 0% used [0x00000000ebe00000,0x00000000ebe00000,0x00000000ecb80000)
 ParOldGen       total 165376K, used 157233K [0x00000000c0000000, 0x00000000ca180000, 0x00000000eab00000)
  object space 165376K, 95% used [0x00000000c0000000,0x00000000c998c658,0x00000000ca180000)
 Metaspace       used 72889K, committed 74048K, reserved 1179648K
  class space    used 7743K, committed 8320K, reserved 1048576K
}
Event: 17.855 GC heap before
{Heap before GC invocations=175 (full 10):
 PSYoungGen      total 16896K, used 16873K [0x00000000eab00000, 0x00000000ecb80000, 0x0000000100000000)
  eden space 5120K, 100% used [0x00000000eab00000,0x00000000eb000000,0x00000000eb000000)
  from space 11776K, 99% used [0x00000000eb000000,0x00000000ebb7a5a0,0x00000000ebb80000)
  to   space 13824K, 0% used [0x00000000ebe00000,0x00000000ebe00000,0x00000000ecb80000)
 ParOldGen       total 165376K, used 157233K [0x00000000c0000000, 0x00000000ca180000, 0x00000000eab00000)
  object space 165376K, 95% used [0x00000000c0000000,0x00000000c998c658,0x00000000ca180000)
 Metaspace       used 72908K, committed 74048K, reserved 1179648K
  class space    used 7743K, committed 8320K, reserved 1048576K
}
Event: 17.858 GC heap after
{Heap after GC invocations=175 (full 10):
 PSYoungGen      total 6656K, used 692K [0x00000000eab00000, 0x00000000ebf00000, 0x0000000100000000)
  eden space 5632K, 0% used [0x00000000eab00000,0x00000000eab00000,0x00000000eb080000)
  from space 1024K, 67% used [0x00000000ebe00000,0x00000000ebead200,0x00000000ebf00000)
  to   space 5632K, 0% used [0x00000000eb400000,0x00000000eb400000,0x00000000eb980000)
 ParOldGen       total 165376K, used 157537K [0x00000000c0000000, 0x00000000ca180000, 0x00000000eab00000)
  object space 165376K, 95% used [0x00000000c0000000,0x00000000c99d8658,0x00000000ca180000)
 Metaspace       used 72908K, committed 74048K, reserved 1179648K
  class space    used 7743K, committed 8320K, reserved 1048576K
}
Event: 17.881 GC heap before
{Heap before GC invocations=176 (full 10):
 PSYoungGen      total 6656K, used 6324K [0x00000000eab00000, 0x00000000ebf00000, 0x0000000100000000)
  eden space 5632K, 100% used [0x00000000eab00000,0x00000000eb080000,0x00000000eb080000)
  from space 1024K, 67% used [0x00000000ebe00000,0x00000000ebead200,0x00000000ebf00000)
  to   space 5632K, 0% used [0x00000000eb400000,0x00000000eb400000,0x00000000eb980000)
 ParOldGen       total 165376K, used 157537K [0x00000000c0000000, 0x00000000ca180000, 0x00000000eab00000)
  object space 165376K, 95% used [0x00000000c0000000,0x00000000c99d8658,0x00000000ca180000)
 Metaspace       used 72938K, committed 74112K, reserved 1179648K
  class space    used 7743K, committed 8320K, reserved 1048576K
}
Event: 17.882 GC heap after
{Heap after GC invocations=176 (full 10):
 PSYoungGen      total 11776K, used 500K [0x00000000eab00000, 0x00000000ebe80000, 0x0000000100000000)
  eden space 6144K, 0% used [0x00000000eab00000,0x00000000eab00000,0x00000000eb100000)
  from space 5632K, 8% used [0x00000000eb400000,0x00000000eb47d200,0x00000000eb980000)
  to   space 1536K, 0% used [0x00000000ebd00000,0x00000000ebd00000,0x00000000ebe80000)
 ParOldGen       total 165376K, used 157537K [0x00000000c0000000, 0x00000000ca180000, 0x00000000eab00000)
  object space 165376K, 95% used [0x00000000c0000000,0x00000000c99d8658,0x00000000ca180000)
 Metaspace       used 72938K, committed 74112K, reserved 1179648K
  class space    used 7743K, committed 8320K, reserved 1048576K
}
Event: 18.004 GC heap before
{Heap before GC invocations=177 (full 10):
 PSYoungGen      total 11776K, used 6644K [0x00000000eab00000, 0x00000000ebe80000, 0x0000000100000000)
  eden space 6144K, 100% used [0x00000000eab00000,0x00000000eb100000,0x00000000eb100000)
  from space 5632K, 8% used [0x00000000eb400000,0x00000000eb47d200,0x00000000eb980000)
  to   space 1536K, 0% used [0x00000000ebd00000,0x00000000ebd00000,0x00000000ebe80000)
 ParOldGen       total 165376K, used 157537K [0x00000000c0000000, 0x00000000ca180000, 0x00000000eab00000)
  object space 165376K, 95% used [0x00000000c0000000,0x00000000c99d8658,0x00000000ca180000)
 Metaspace       used 72946K, committed 74112K, reserved 1179648K
  class space    used 7743K, committed 8320K, reserved 1048576K
}
Event: 18.006 GC heap after
{Heap after GC invocations=177 (full 10):
 PSYoungGen      total 7680K, used 730K [0x00000000eab00000, 0x00000000ebe00000, 0x0000000100000000)
  eden space 6656K, 0% used [0x00000000eab00000,0x00000000eab00000,0x00000000eb180000)
  from space 1024K, 71% used [0x00000000ebd00000,0x00000000ebdb6900,0x00000000ebe00000)
  to   space 1024K, 0% used [0x00000000ebc00000,0x00000000ebc00000,0x00000000ebd00000)
 ParOldGen       total 165376K, used 157537K [0x00000000c0000000, 0x00000000ca180000, 0x00000000eab00000)
  object space 165376K, 95% used [0x00000000c0000000,0x00000000c99d8658,0x00000000ca180000)
 Metaspace       used 72946K, committed 74112K, reserved 1179648K
  class space    used 7743K, committed 8320K, reserved 1048576K
}
Event: 18.036 GC heap before
{Heap before GC invocations=178 (full 10):
 PSYoungGen      total 7680K, used 7386K [0x00000000eab00000, 0x00000000ebe00000, 0x0000000100000000)
  eden space 6656K, 100% used [0x00000000eab00000,0x00000000eb180000,0x00000000eb180000)
  from space 1024K, 71% used [0x00000000ebd00000,0x00000000ebdb6900,0x00000000ebe00000)
  to   space 1024K, 0% used [0x00000000ebc00000,0x00000000ebc00000,0x00000000ebd00000)
 ParOldGen       total 165376K, used 157537K [0x00000000c0000000, 0x00000000ca180000, 0x00000000eab00000)
  object space 165376K, 95% used [0x00000000c0000000,0x00000000c99d8658,0x00000000ca180000)
 Metaspace       used 72984K, committed 74112K, reserved 1179648K
  class space    used 7744K, committed 8320K, reserved 1048576K
}
Event: 18.037 GC heap after
{Heap after GC invocations=178 (full 10):
 PSYoungGen      total 7680K, used 1022K [0x00000000eab00000, 0x00000000ebd80000, 0x0000000100000000)
  eden space 6656K, 0% used [0x00000000eab00000,0x00000000eab00000,0x00000000eb180000)
  from space 1024K, 99% used [0x00000000ebc00000,0x00000000ebcffb10,0x00000000ebd00000)
  to   space 512K, 0% used [0x00000000ebd00000,0x00000000ebd00000,0x00000000ebd80000)
 ParOldGen       total 165376K, used 157585K [0x00000000c0000000, 0x00000000ca180000, 0x00000000eab00000)
  object space 165376K, 95% used [0x00000000c0000000,0x00000000c99e4658,0x00000000ca180000)
 Metaspace       used 72984K, committed 74112K, reserved 1179648K
  class space    used 7744K, committed 8320K, reserved 1048576K
}
Event: 18.059 GC heap before
{Heap before GC invocations=179 (full 10):
 PSYoungGen      total 7680K, used 7678K [0x00000000eab00000, 0x00000000ebd80000, 0x0000000100000000)
  eden space 6656K, 100% used [0x00000000eab00000,0x00000000eb180000,0x00000000eb180000)
  from space 1024K, 99% used [0x00000000ebc00000,0x00000000ebcffb10,0x00000000ebd00000)
  to   space 512K, 0% used [0x00000000ebd00000,0x00000000ebd00000,0x00000000ebd80000)
 ParOldGen       total 165376K, used 157585K [0x00000000c0000000, 0x00000000ca180000, 0x00000000eab00000)
  object space 165376K, 95% used [0x00000000c0000000,0x00000000c99e4658,0x00000000ca180000)
 Metaspace       used 72986K, committed 74112K, reserved 1179648K
  class space    used 7744K, committed 8320K, reserved 1048576K
}
Event: 18.062 GC heap after
{Heap after GC invocations=179 (full 10):
 PSYoungGen      total 7680K, used 484K [0x00000000eab00000, 0x00000000ec000000, 0x0000000100000000)
  eden space 7168K, 0% used [0x00000000eab00000,0x00000000eab00000,0x00000000eb200000)
  from space 512K, 94% used [0x00000000ebd00000,0x00000000ebd79210,0x00000000ebd80000)
  to   space 7168K, 0% used [0x00000000eb200000,0x00000000eb200000,0x00000000eb900000)
 ParOldGen       total 165376K, used 163317K [0x00000000c0000000, 0x00000000ca180000, 0x00000000eab00000)
  object space 165376K, 98% used [0x00000000c0000000,0x00000000c9f7d408,0x00000000ca180000)
 Metaspace       used 72986K, committed 74112K, reserved 1179648K
  class space    used 7744K, committed 8320K, reserved 1048576K
}
Event: 18.062 GC heap before
{Heap before GC invocations=180 (full 11):
 PSYoungGen      total 7680K, used 484K [0x00000000eab00000, 0x00000000ec000000, 0x0000000100000000)
  eden space 7168K, 0% used [0x00000000eab00000,0x00000000eab00000,0x00000000eb200000)
  from space 512K, 94% used [0x00000000ebd00000,0x00000000ebd79210,0x00000000ebd80000)
  to   space 7168K, 0% used [0x00000000eb200000,0x00000000eb200000,0x00000000eb900000)
 ParOldGen       total 165376K, used 163317K [0x00000000c0000000, 0x00000000ca180000, 0x00000000eab00000)
  object space 165376K, 98% used [0x00000000c0000000,0x00000000c9f7d408,0x00000000ca180000)
 Metaspace       used 72986K, committed 74112K, reserved 1179648K
  class space    used 7744K, committed 8320K, reserved 1048576K
}
Event: 18.146 GC heap after
{Heap after GC invocations=180 (full 11):
 PSYoungGen      total 14336K, used 0K [0x00000000eab00000, 0x00000000ec000000, 0x0000000100000000)
  eden space 7168K, 0% used [0x00000000eab00000,0x00000000eab00000,0x00000000eb200000)
  from space 7168K, 0% used [0x00000000eb200000,0x00000000eb200000,0x00000000eb900000)
  to   space 7168K, 0% used [0x00000000eb900000,0x00000000eb900000,0x00000000ec000000)
 ParOldGen       total 168960K, used 109251K [0x00000000c0000000, 0x00000000ca500000, 0x00000000eab00000)
  object space 168960K, 64% used [0x00000000c0000000,0x00000000c6ab0db8,0x00000000ca500000)
 Metaspace       used 72986K, committed 74112K, reserved 1179648K
  class space    used 7744K, committed 8320K, reserved 1048576K
}
Event: 18.175 GC heap before
{Heap before GC invocations=181 (full 11):
 PSYoungGen      total 14336K, used 7168K [0x00000000eab00000, 0x00000000ec000000, 0x0000000100000000)
  eden space 7168K, 100% used [0x00000000eab00000,0x00000000eb200000,0x00000000eb200000)
  from space 7168K, 0% used [0x00000000eb200000,0x00000000eb200000,0x00000000eb900000)
  to   space 7168K, 0% used [0x00000000eb900000,0x00000000eb900000,0x00000000ec000000)
 ParOldGen       total 168960K, used 109251K [0x00000000c0000000, 0x00000000ca500000, 0x00000000eab00000)
  object space 168960K, 64% used [0x00000000c0000000,0x00000000c6ab0db8,0x00000000ca500000)
 Metaspace       used 72994K, committed 74240K, reserved 1179648K
  class space    used 7744K, committed 8320K, reserved 1048576K
}
Event: 18.180 GC heap after
{Heap after GC invocations=181 (full 11):
 PSYoungGen      total 13824K, used 6174K [0x00000000eab00000, 0x00000000ebf80000, 0x0000000100000000)
  eden space 7168K, 0% used [0x00000000eab00000,0x00000000eab00000,0x00000000eb200000)
  from space 6656K, 92% used [0x00000000eb900000,0x00000000ebf07810,0x00000000ebf80000)
  to   space 6656K, 0% used [0x00000000eb280000,0x00000000eb280000,0x00000000eb900000)
 ParOldGen       total 168960K, used 109251K [0x00000000c0000000, 0x00000000ca500000, 0x00000000eab00000)
  object space 168960K, 64% used [0x00000000c0000000,0x00000000c6ab0db8,0x00000000ca500000)
 Metaspace       used 72994K, committed 74240K, reserved 1179648K
  class space    used 7744K, committed 8320K, reserved 1048576K
}
Event: 18.202 GC heap before
{Heap before GC invocations=182 (full 11):
 PSYoungGen      total 13824K, used 13342K [0x00000000eab00000, 0x00000000ebf80000, 0x0000000100000000)
  eden space 7168K, 100% used [0x00000000eab00000,0x00000000eb200000,0x00000000eb200000)
  from space 6656K, 92% used [0x00000000eb900000,0x00000000ebf07810,0x00000000ebf80000)
  to   space 6656K, 0% used [0x00000000eb280000,0x00000000eb280000,0x00000000eb900000)
 ParOldGen       total 168960K, used 109251K [0x00000000c0000000, 0x00000000ca500000, 0x00000000eab00000)
  object space 168960K, 64% used [0x00000000c0000000,0x00000000c6ab0db8,0x00000000ca500000)
 Metaspace       used 73001K, committed 74240K, reserved 1179648K
  class space    used 7744K, committed 8320K, reserved 1048576K
}
Event: 18.205 GC heap after
{Heap after GC invocations=182 (full 11):
 PSYoungGen      total 11264K, used 4026K [0x00000000eab00000, 0x00000000ebc00000, 0x0000000100000000)
  eden space 7168K, 0% used [0x00000000eab00000,0x00000000eab00000,0x00000000eb200000)
  from space 4096K, 98% used [0x00000000eb280000,0x00000000eb66e900,0x00000000eb680000)
  to   space 5120K, 0% used [0x00000000eb700000,0x00000000eb700000,0x00000000ebc00000)
 ParOldGen       total 168960K, used 109251K [0x00000000c0000000, 0x00000000ca500000, 0x00000000eab00000)
  object space 168960K, 64% used [0x00000000c0000000,0x00000000c6ab0db8,0x00000000ca500000)
 Metaspace       used 73001K, committed 74240K, reserved 1179648K
  class space    used 7744K, committed 8320K, reserved 1048576K
}
Event: 18.229 GC heap before
{Heap before GC invocations=183 (full 11):
 PSYoungGen      total 11264K, used 11194K [0x00000000eab00000, 0x00000000ebc00000, 0x0000000100000000)
  eden space 7168K, 100% used [0x00000000eab00000,0x00000000eb200000,0x00000000eb200000)
  from space 4096K, 98% used [0x00000000eb280000,0x00000000eb66e900,0x00000000eb680000)
  to   space 5120K, 0% used [0x00000000eb700000,0x00000000eb700000,0x00000000ebc00000)
 ParOldGen       total 168960K, used 109251K [0x00000000c0000000, 0x00000000ca500000, 0x00000000eab00000)
  object space 168960K, 64% used [0x00000000c0000000,0x00000000c6ab0db8,0x00000000ca500000)
 Metaspace       used 73012K, committed 74240K, reserved 1179648K
  class space    used 7744K, committed 8320K, reserved 1048576K
}
Event: 18.233 GC heap after
{Heap after GC invocations=183 (full 11):
 PSYoungGen      total 12288K, used 4510K [0x00000000eab00000, 0x00000000ebd00000, 0x0000000100000000)
  eden space 7168K, 0% used [0x00000000eab00000,0x00000000eab00000,0x00000000eb200000)
  from space 5120K, 88% used [0x00000000eb700000,0x00000000ebb67b10,0x00000000ebc00000)
  to   space 5120K, 0% used [0x00000000eb200000,0x00000000eb200000,0x00000000eb700000)
 ParOldGen       total 168960K, used 109251K [0x00000000c0000000, 0x00000000ca500000, 0x00000000eab00000)
  object space 168960K, 64% used [0x00000000c0000000,0x00000000c6ab0db8,0x00000000ca500000)
 Metaspace       used 73012K, committed 74240K, reserved 1179648K
  class space    used 7744K, committed 8320K, reserved 1048576K
}
Event: 18.438 GC heap before
{Heap before GC invocations=184 (full 11):
 PSYoungGen      total 12288K, used 11678K [0x00000000eab00000, 0x00000000ebd00000, 0x0000000100000000)
  eden space 7168K, 99% used [0x00000000eab00000,0x00000000eb1fffe8,0x00000000eb200000)
  from space 5120K, 88% used [0x00000000eb700000,0x00000000ebb67b10,0x00000000ebc00000)
  to   space 5120K, 0% used [0x00000000eb200000,0x00000000eb200000,0x00000000eb700000)
 ParOldGen       total 168960K, used 109251K [0x00000000c0000000, 0x00000000ca500000, 0x00000000eab00000)
  object space 168960K, 64% used [0x00000000c0000000,0x00000000c6ab0db8,0x00000000ca500000)
 Metaspace       used 73030K, committed 74240K, reserved 1179648K
  class space    used 7744K, committed 8320K, reserved 1048576K
}

Dll operation events (11 events):
Event: 0.017 Loaded shared library c:\Users\khami\.vscode\extensions\redhat.java-1.20.0-win32-x64\jre\17.0.7-win32-x86_64\bin\java.dll
Event: 0.222 Loaded shared library c:\Users\khami\.vscode\extensions\redhat.java-1.20.0-win32-x64\jre\17.0.7-win32-x86_64\bin\zip.dll
Event: 0.226 Loaded shared library C:\Users\khami\.vscode\extensions\redhat.java-1.20.0-win32-x64\jre\17.0.7-win32-x86_64\bin\instrument.dll
Event: 0.240 Loaded shared library C:\Users\khami\.vscode\extensions\redhat.java-1.20.0-win32-x64\jre\17.0.7-win32-x86_64\bin\net.dll
Event: 0.242 Loaded shared library C:\Users\khami\.vscode\extensions\redhat.java-1.20.0-win32-x64\jre\17.0.7-win32-x86_64\bin\nio.dll
Event: 0.249 Loaded shared library C:\Users\khami\.vscode\extensions\redhat.java-1.20.0-win32-x64\jre\17.0.7-win32-x86_64\bin\zip.dll
Event: 0.265 Loaded shared library C:\Users\khami\.vscode\extensions\redhat.java-1.20.0-win32-x64\jre\17.0.7-win32-x86_64\bin\jimage.dll
Event: 0.316 Loaded shared library c:\Users\khami\.vscode\extensions\redhat.java-1.20.0-win32-x64\jre\17.0.7-win32-x86_64\bin\verify.dll
Event: 1.257 Loaded shared library C:\Users\khami\AppData\Roaming\Code\User\globalStorage\redhat.java\1.20.0\config_win\org.eclipse.equinox.launcher\org.eclipse.equinox.launcher.win32.win32.x86_64_1.2.700.v20221108-1024\eclipse_11801.dll
Event: 3.777 Loaded shared library C:\Users\khami\AppData\Local\Temp\jna-102011712\jna7754813294916749500.dll
Event: 12.305 Loaded shared library C:\Users\khami\.vscode\extensions\redhat.java-1.20.0-win32-x64\jre\17.0.7-win32-x86_64\bin\sunmscapi.dll

Deoptimization events (20 events):
Event: 17.792 Thread 0x0000023ef0f164f0 DEOPT PACKING pc=0x0000023ed86dcebe sp=0x000000c4238fd7f0
Event: 17.792 Thread 0x0000023ef0f164f0 DEOPT UNPACKING pc=0x0000023edea56e43 sp=0x000000c4238fcd78 mode 0
Event: 17.792 Thread 0x0000023ef0f17360 DEOPT PACKING pc=0x0000023ed86dcebe sp=0x000000c4239fe3d0
Event: 17.793 Thread 0x0000023ef0f17360 DEOPT UNPACKING pc=0x0000023edea56e43 sp=0x000000c4239fd958 mode 0
Event: 17.793 Thread 0x0000023ef0f17360 DEOPT PACKING pc=0x0000023ed86dcebe sp=0x000000c4239fe3d0
Event: 17.793 Thread 0x0000023ef0f17360 DEOPT UNPACKING pc=0x0000023edea56e43 sp=0x000000c4239fd958 mode 0
Event: 17.793 Thread 0x0000023ef0f17360 DEOPT PACKING pc=0x0000023ed86dcebe sp=0x000000c4239fe3d0
Event: 17.794 Thread 0x0000023ef0f17360 DEOPT UNPACKING pc=0x0000023edea56e43 sp=0x000000c4239fd958 mode 0
Event: 17.794 Thread 0x0000023ef0f17360 DEOPT PACKING pc=0x0000023ed86dcebe sp=0x000000c4239fe3d0
Event: 17.795 Thread 0x0000023ef0f17360 DEOPT UNPACKING pc=0x0000023edea56e43 sp=0x000000c4239fd958 mode 0
Event: 17.795 Thread 0x0000023ef0f17360 DEOPT PACKING pc=0x0000023ed86dcebe sp=0x000000c4239fe3d0
Event: 17.795 Thread 0x0000023ef0f17360 DEOPT UNPACKING pc=0x0000023edea56e43 sp=0x000000c4239fd958 mode 0
Event: 17.796 Thread 0x0000023ef0f17360 DEOPT PACKING pc=0x0000023ed86dcebe sp=0x000000c4239fe3d0
Event: 17.796 Thread 0x0000023ef0f17360 DEOPT UNPACKING pc=0x0000023edea56e43 sp=0x000000c4239fd958 mode 0
Event: 17.795 Thread 0x0000023ef0f17830 DEOPT PACKING pc=0x0000023ed86dcebe sp=0x000000c4230fe540
Event: 17.797 Thread 0x0000023ef0f17830 DEOPT UNPACKING pc=0x0000023edea56e43 sp=0x000000c4230fdac8 mode 0
Event: 17.840 Thread 0x0000023ef0f151b0 DEOPT PACKING pc=0x0000023ed86dcebe sp=0x000000c4235fe510
Event: 17.840 Thread 0x0000023ef0f151b0 DEOPT UNPACKING pc=0x0000023edea56e43 sp=0x000000c4235fda98 mode 0
Event: 18.200 Thread 0x0000023ef0f164f0 DEOPT PACKING pc=0x0000023ed8045c1b sp=0x000000c4238fdc10
Event: 18.200 Thread 0x0000023ef0f164f0 DEOPT UNPACKING pc=0x0000023edea56e43 sp=0x000000c4238fd0d0 mode 0

Classes unloaded (17 events):
Event: 2.194 Thread 0x0000023eed6f4870 Unloading class 0x0000000100212400 'java/lang/invoke/LambdaForm$MH+0x0000000100212400'
Event: 2.194 Thread 0x0000023eed6f4870 Unloading class 0x0000000100212000 'java/lang/invoke/LambdaForm$MH+0x0000000100212000'
Event: 2.194 Thread 0x0000023eed6f4870 Unloading class 0x0000000100211c00 'java/lang/invoke/LambdaForm$MH+0x0000000100211c00'
Event: 2.194 Thread 0x0000023eed6f4870 Unloading class 0x0000000100211800 'java/lang/invoke/LambdaForm$MH+0x0000000100211800'
Event: 2.194 Thread 0x0000023eed6f4870 Unloading class 0x0000000100211000 'java/lang/invoke/LambdaForm$BMH+0x0000000100211000'
Event: 2.194 Thread 0x0000023eed6f4870 Unloading class 0x0000000100210c00 'java/lang/invoke/LambdaForm$DMH+0x0000000100210c00'
Event: 2.194 Thread 0x0000023eed6f4870 Unloading class 0x000000010020e000 'java/lang/invoke/LambdaForm$DMH+0x000000010020e000'
Event: 10.288 Thread 0x0000023eed6f4870 Unloading class 0x0000000100754c00 'java/lang/invoke/LambdaForm$DMH+0x0000000100754c00'
Event: 10.288 Thread 0x0000023eed6f4870 Unloading class 0x0000000100730400 'java/lang/invoke/LambdaForm$DMH+0x0000000100730400'
Event: 10.288 Thread 0x0000023eed6f4870 Unloading class 0x0000000100721c00 'java/lang/invoke/LambdaForm$DMH+0x0000000100721c00'
Event: 10.288 Thread 0x0000023eed6f4870 Unloading class 0x00000001006de000 'java/lang/invoke/LambdaForm$MH+0x00000001006de000'
Event: 10.288 Thread 0x0000023eed6f4870 Unloading class 0x00000001006ddc00 'java/lang/invoke/LambdaForm$MH+0x00000001006ddc00'
Event: 10.288 Thread 0x0000023eed6f4870 Unloading class 0x00000001006dd800 'java/lang/invoke/LambdaForm$MH+0x00000001006dd800'
Event: 10.288 Thread 0x0000023eed6f4870 Unloading class 0x00000001006dd400 'java/lang/invoke/LambdaForm$MH+0x00000001006dd400'
Event: 10.288 Thread 0x0000023eed6f4870 Unloading class 0x00000001006dcc00 'java/lang/invoke/LambdaForm$DMH+0x00000001006dcc00'
Event: 10.288 Thread 0x0000023eed6f4870 Unloading class 0x00000001006dc800 'java/lang/invoke/LambdaForm$DMH+0x00000001006dc800'
Event: 10.288 Thread 0x0000023eed6f4870 Unloading class 0x00000001006dc400 'java/lang/invoke/LambdaForm$DMH+0x00000001006dc400'

Classes redefined (0 events):
No events

Internal exceptions (20 events):
Event: 18.217 Thread 0x0000023ef0f164f0 Implicit null exception at 0x0000023ed864feb9 to 0x0000023ed8650644
Event: 18.217 Thread 0x0000023ef0f164f0 Exception <a 'java/lang/NullPointerException'{0x00000000eae64f70}> (0x00000000eae64f70) 
thrown [s\src\hotspot\share\runtime\sharedRuntime.cpp, line 628]
Event: 18.217 Thread 0x0000023ef0f164f0 Implicit null exception at 0x0000023ed864feb9 to 0x0000023ed8650644
Event: 18.217 Thread 0x0000023ef0f164f0 Exception <a 'java/lang/NullPointerException'{0x00000000eae66f78}> (0x00000000eae66f78) 
thrown [s\src\hotspot\share\runtime\sharedRuntime.cpp, line 628]
Event: 18.217 Thread 0x0000023ef0f164f0 Implicit null exception at 0x0000023ed864feb9 to 0x0000023ed8650644
Event: 18.217 Thread 0x0000023ef0f164f0 Exception <a 'java/lang/NullPointerException'{0x00000000eae6ea80}> (0x00000000eae6ea80) 
thrown [s\src\hotspot\share\runtime\sharedRuntime.cpp, line 628]
Event: 18.217 Thread 0x0000023ef0f164f0 Implicit null exception at 0x0000023ed864feb9 to 0x0000023ed8650644
Event: 18.217 Thread 0x0000023ef0f164f0 Exception <a 'java/lang/NullPointerException'{0x00000000eae707b8}> (0x00000000eae707b8) 
thrown [s\src\hotspot\share\runtime\sharedRuntime.cpp, line 628]
Event: 18.217 Thread 0x0000023ef0f164f0 Implicit null exception at 0x0000023ed864feb9 to 0x0000023ed8650644
Event: 18.217 Thread 0x0000023ef0f164f0 Exception <a 'java/lang/NullPointerException'{0x00000000eae783b8}> (0x00000000eae783b8) 
thrown [s\src\hotspot\share\runtime\sharedRuntime.cpp, line 628]
Event: 18.217 Thread 0x0000023ef0f164f0 Implicit null exception at 0x0000023ed864feb9 to 0x0000023ed8650644
Event: 18.217 Thread 0x0000023ef0f164f0 Exception <a 'java/lang/NullPointerException'{0x00000000eae7d880}> (0x00000000eae7d880) 
thrown [s\src\hotspot\share\runtime\sharedRuntime.cpp, line 628]
Event: 18.217 Thread 0x0000023ef0f164f0 Implicit null exception at 0x0000023ed864feb9 to 0x0000023ed8650644
Event: 18.217 Thread 0x0000023ef0f164f0 Exception <a 'java/lang/NullPointerException'{0x00000000eae85378}> (0x00000000eae85378) 
thrown [s\src\hotspot\share\runtime\sharedRuntime.cpp, line 628]
Event: 18.217 Thread 0x0000023ef0f164f0 Implicit null exception at 0x0000023ed864feb9 to 0x0000023ed8650644
Event: 18.217 Thread 0x0000023ef0f164f0 Exception <a 'java/lang/NullPointerException'{0x00000000eae87098}> (0x00000000eae87098) 
thrown [s\src\hotspot\share\runtime\sharedRuntime.cpp, line 628]
Event: 18.217 Thread 0x0000023ef0f164f0 Implicit null exception at 0x0000023ed864feb9 to 0x0000023ed8650644
Event: 18.217 Thread 0x0000023ef0f164f0 Exception <a 'java/lang/NullPointerException'{0x00000000eae8ed18}> (0x00000000eae8ed18) 
thrown [s\src\hotspot\share\runtime\sharedRuntime.cpp, line 628]
Event: 18.217 Thread 0x0000023ef0f164f0 Implicit null exception at 0x0000023ed864feb9 to 0x0000023ed8650644
Event: 18.217 Thread 0x0000023ef0f164f0 Exception <a 'java/lang/NullPointerException'{0x00000000eae90cc8}> (0x00000000eae90cc8) 
thrown [s\src\hotspot\share\runtime\sharedRuntime.cpp, line 628]

VM Operations (20 events):
Event: 17.811 Executing VM operation: ParallelGCFailedAllocation done
Event: 17.832 Executing VM operation: ParallelGCFailedAllocation
Event: 17.836 Executing VM operation: ParallelGCFailedAllocation done
Event: 17.855 Executing VM operation: ParallelGCFailedAllocation
Event: 17.858 Executing VM operation: ParallelGCFailedAllocation done
Event: 17.881 Executing VM operation: ParallelGCFailedAllocation
Event: 17.882 Executing VM operation: ParallelGCFailedAllocation done
Event: 18.004 Executing VM operation: ParallelGCFailedAllocation
Event: 18.006 Executing VM operation: ParallelGCFailedAllocation done
Event: 18.036 Executing VM operation: ParallelGCFailedAllocation
Event: 18.038 Executing VM operation: ParallelGCFailedAllocation done
Event: 18.059 Executing VM operation: ParallelGCFailedAllocation
Event: 18.146 Executing VM operation: ParallelGCFailedAllocation done
Event: 18.175 Executing VM operation: ParallelGCFailedAllocation
Event: 18.180 Executing VM operation: ParallelGCFailedAllocation done
Event: 18.202 Executing VM operation: ParallelGCFailedAllocation
Event: 18.205 Executing VM operation: ParallelGCFailedAllocation done
Event: 18.229 Executing VM operation: ParallelGCFailedAllocation
Event: 18.233 Executing VM operation: ParallelGCFailedAllocation done
Event: 18.438 Executing VM operation: ParallelGCFailedAllocation

Events (20 events):
Event: 16.597 loading class jdk/internal/module/IllegalAccessLogger done
Event: 16.607 Thread 0x0000023ef0be1f20 Thread added: 0x0000023ef0be1f20
Event: 16.620 Thread 0x0000023ef0be1f20 Thread exited: 0x0000023ef0be1f20
Event: 16.769 Thread 0x0000023efd35f550 Thread added: 0x0000023efd35f550
Event: 16.770 Thread 0x0000023ef0be3730 Thread added: 0x0000023ef0be3730
Event: 16.770 Thread 0x0000023ef0be40d0 Thread added: 0x0000023ef0be40d0
Event: 16.770 Thread 0x0000023ef0be10b0 Thread added: 0x0000023ef0be10b0
Event: 16.770 Thread 0x0000023ef0be3c00 Thread added: 0x0000023ef0be3c00
Event: 16.770 Thread 0x0000023ef0be0240 Thread added: 0x0000023ef0be0240
Event: 16.854 Thread 0x0000023ef0be3730 Thread exited: 0x0000023ef0be3730
Event: 16.854 Thread 0x0000023ef0be0240 Thread exited: 0x0000023ef0be0240
Event: 16.854 Thread 0x0000023ef0be3c00 Thread exited: 0x0000023ef0be3c00
Event: 16.854 Thread 0x0000023ef0be40d0 Thread exited: 0x0000023ef0be40d0
Event: 16.854 Thread 0x0000023ef0be10b0 Thread exited: 0x0000023ef0be10b0
Event: 17.294 loading class java/lang/StrictMath
Event: 17.295 loading class java/lang/StrictMath done
Event: 17.310 loading class java/nio/BufferMismatch
Event: 17.310 loading class java/nio/BufferMismatch done
Event: 17.310 loading class java/nio/file/attribute/PosixFileAttributes
Event: 17.311 loading class java/nio/file/attribute/PosixFileAttributes done


Dynamic libraries:
0x00007ff750b90000 - 0x00007ff750b9e000 	c:\Users\khami\.vscode\extensions\redhat.java-1.20.0-win32-x64\jre\17.0.7-win32-x86_64\bin\java.exe
0x00007ffb9e820000 - 0x00007ffb9ea4b000 	C:\WINDOWS\SYSTEM32\ntdll.dll
0x00007ffb9cef0000 - 0x00007ffb9cfb6000 	C:\WINDOWS\System32\KERNEL32.DLL
0x00007ffb9bc50000 - 0x00007ffb9bfae000 	C:\WINDOWS\System32\KERNELBASE.dll
0x00007ffb9bfc0000 - 0x00007ffb9c0f3000 	C:\WINDOWS\System32\ucrtbase.dll
0x00007ffb69a90000 - 0x00007ffb69aa7000 	c:\Users\khami\.vscode\extensions\redhat.java-1.20.0-win32-x64\jre\17.0.7-win32-x86_64\bin\jli.dll
0x00007ffb9e1c0000 - 0x00007ffb9e371000 	C:\WINDOWS\System32\USER32.dll
0x00007ffb9c2b0000 - 0x00007ffb9c2d7000 	C:\WINDOWS\System32\win32u.dll
0x00007ffb9c680000 - 0x00007ffb9c6a9000 	C:\WINDOWS\System32\GDI32.dll
0x00007ffb9c180000 - 0x00007ffb9c29f000 	C:\WINDOWS\System32\gdi32full.dll
0x00007ffb9c5b0000 - 0x00007ffb9c655000 	C:\WINDOWS\System32\msvcp_win.dll
0x00007ffb6a300000 - 0x00007ffb6a319000 	c:\Users\khami\.vscode\extensions\redhat.java-1.20.0-win32-x64\jre\17.0.7-win32-x86_64\bin\VCRUNTIME140.dll
0x00007ffb7aee0000 - 0x00007ffb7b171000 	C:\WINDOWS\WinSxS\amd64_microsoft.windows.common-controls_6595b64144ccf1df_6.0.25905.1000_none_87b90b8fab340372\COMCTL32.dll
0x00007ffb9c9f0000 - 0x00007ffb9ca97000 	C:\WINDOWS\System32\msvcrt.dll
0x00007ffb9e010000 - 0x00007ffb9e040000 	C:\WINDOWS\System32\IMM32.DLL
0x00007ffb96f00000 - 0x00007ffb96f0c000 	c:\Users\khami\.vscode\extensions\redhat.java-1.20.0-win32-x64\jre\17.0.7-win32-x86_64\bin\vcruntime140_1.dll
0x00007ffb49780000 - 0x00007ffb49811000 	c:\Users\khami\.vscode\extensions\redhat.java-1.20.0-win32-x64\jre\17.0.7-win32-x86_64\bin\msvcp140.dll
0x00007ffb3ece0000 - 0x00007ffb3f928000 	c:\Users\khami\.vscode\extensions\redhat.java-1.20.0-win32-x64\jre\17.0.7-win32-x86_64\bin\server\jvm.dll
0x00007ffb9d040000 - 0x00007ffb9d0f0000 	C:\WINDOWS\System32\ADVAPI32.dll
0x00007ffb9cc90000 - 0x00007ffb9cd30000 	C:\WINDOWS\System32\sechost.dll
0x00007ffb9c6b0000 - 0x00007ffb9c7d5000 	C:\WINDOWS\System32\RPCRT4.dll
0x00007ffb68ce0000 - 0x00007ffb68ce9000 	C:\WINDOWS\SYSTEM32\WSOCK32.dll
0x00007ffb9cc10000 - 0x00007ffb9cc83000 	C:\WINDOWS\System32\WS2_32.dll
0x00007ffb94370000 - 0x00007ffb943a4000 	C:\WINDOWS\SYSTEM32\WINMM.dll
0x00007ffb93a40000 - 0x00007ffb93a4a000 	C:\WINDOWS\SYSTEM32\VERSION.dll
0x00007ffb9abb0000 - 0x00007ffb9abc8000 	C:\WINDOWS\SYSTEM32\kernel.appcore.dll
0x00007ffb96e50000 - 0x00007ffb96e5a000 	c:\Users\khami\.vscode\extensions\redhat.java-1.20.0-win32-x64\jre\17.0.7-win32-x86_64\bin\jimage.dll
0x00007ffb99460000 - 0x00007ffb99695000 	C:\WINDOWS\SYSTEM32\DBGHELP.DLL
0x00007ffb9e460000 - 0x00007ffb9e7db000 	C:\WINDOWS\System32\combase.dll
0x00007ffb9e050000 - 0x00007ffb9e125000 	C:\WINDOWS\System32\OLEAUT32.dll
0x00007ffb75f60000 - 0x00007ffb75f98000 	C:\WINDOWS\SYSTEM32\dbgcore.DLL
0x00007ffb9c2e0000 - 0x00007ffb9c361000 	C:\WINDOWS\System32\bcryptPrimitives.dll
0x00007ffb95ad0000 - 0x00007ffb95ade000 	c:\Users\khami\.vscode\extensions\redhat.java-1.20.0-win32-x64\jre\17.0.7-win32-x86_64\bin\instrument.dll
0x00007ffb5cbd0000 - 0x00007ffb5cbf5000 	c:\Users\khami\.vscode\extensions\redhat.java-1.20.0-win32-x64\jre\17.0.7-win32-x86_64\bin\java.dll
0x00007ffb62860000 - 0x00007ffb62878000 	c:\Users\khami\.vscode\extensions\redhat.java-1.20.0-win32-x64\jre\17.0.7-win32-x86_64\bin\zip.dll
0x00007ffb9d810000 - 0x00007ffb9df83000 	C:\WINDOWS\System32\SHELL32.dll
0x00007ffb999f0000 - 0x00007ffb9a242000 	C:\WINDOWS\SYSTEM32\windows.storage.dll
0x00007ffb9e380000 - 0x00007ffb9e453000 	C:\WINDOWS\System32\SHCORE.dll
0x00007ffb9cfe0000 - 0x00007ffb9d03c000 	C:\WINDOWS\System32\shlwapi.dll
0x00007ffb9bb80000 - 0x00007ffb9bba3000 	C:\WINDOWS\SYSTEM32\profapi.dll
0x00007ffb62ab0000 - 0x00007ffb62ac9000 	C:\Users\khami\.vscode\extensions\redhat.java-1.20.0-win32-x64\jre\17.0.7-win32-x86_64\bin\net.dll
0x00007ffb945e0000 - 0x00007ffb946fb000 	C:\WINDOWS\SYSTEM32\WINHTTP.dll
0x00007ffb9b0e0000 - 0x00007ffb9b148000 	C:\WINDOWS\system32\mswsock.dll
0x00007ffb5d220000 - 0x00007ffb5d235000 	C:\Users\khami\.vscode\extensions\redhat.java-1.20.0-win32-x64\jre\17.0.7-win32-x86_64\bin\nio.dll
0x00007ffb95960000 - 0x00007ffb95970000 	c:\Users\khami\.vscode\extensions\redhat.java-1.20.0-win32-x64\jre\17.0.7-win32-x86_64\bin\verify.dll
0x00007ffb59a90000 - 0x00007ffb59ace000 	C:\Users\khami\AppData\Roaming\Code\User\globalStorage\redhat.java\1.20.0\config_win\org.eclipse.equinox.launcher\org.eclipse.equinox.launcher.win32.win32.x86_64_1.2.700.v20221108-1024\eclipse_11801.dll
0x00007ffb9d100000 - 0x00007ffb9d292000 	C:\WINDOWS\System32\ole32.dll
0x00007ffb9b3a0000 - 0x00007ffb9b3bb000 	C:\WINDOWS\SYSTEM32\CRYPTSP.dll
0x00007ffb9aab0000 - 0x00007ffb9aae7000 	C:\WINDOWS\system32\rsaenh.dll
0x00007ffb9b200000 - 0x00007ffb9b22a000 	C:\WINDOWS\SYSTEM32\USERENV.dll
0x00007ffb9b5f0000 - 0x00007ffb9b618000 	C:\WINDOWS\SYSTEM32\bcrypt.dll
0x00007ffb9b3c0000 - 0x00007ffb9b3cc000 	C:\WINDOWS\SYSTEM32\CRYPTBASE.dll
0x00007ffb9a4d0000 - 0x00007ffb9a4ff000 	C:\WINDOWS\SYSTEM32\IPHLPAPI.DLL
0x00007ffb9cfc0000 - 0x00007ffb9cfca000 	C:\WINDOWS\System32\NSI.dll
0x00007ffb948f0000 - 0x00007ffb94909000 	C:\WINDOWS\SYSTEM32\dhcpcsvc6.DLL
0x00007ffb94340000 - 0x00007ffb9435f000 	C:\WINDOWS\SYSTEM32\dhcpcsvc.DLL
0x00007ffb9a550000 - 0x00007ffb9a65f000 	C:\WINDOWS\SYSTEM32\DNSAPI.dll
0x00007ffb49090000 - 0x00007ffb490d5000 	C:\Users\khami\AppData\Local\Temp\jna-102011712\jna7754813294916749500.dll
0x00007ffb9cfd0000 - 0x00007ffb9cfd8000 	C:\WINDOWS\System32\PSAPI.DLL
0x00007ffb75110000 - 0x00007ffb7511e000 	C:\Users\khami\.vscode\extensions\redhat.java-1.20.0-win32-x64\jre\17.0.7-win32-x86_64\bin\sunmscapi.dll
0x00007ffb9c430000 - 0x00007ffb9c5a4000 	C:\WINDOWS\System32\CRYPT32.dll
0x00007ffb9b5b0000 - 0x00007ffb9b5e1000 	C:\WINDOWS\SYSTEM32\ncrypt.dll
0x00007ffb9b560000 - 0x00007ffb9b59e000 	C:\WINDOWS\SYSTEM32\NTASN1.dll

dbghelp: loaded successfully - version: 4.0.5 - missing functions: none
symbol engine: initialized successfully - sym options: 0x614 - pdb path: .;c:\Users\khami\.vscode\extensions\redhat.java-1.20.0-win32-x64\jre\17.0.7-win32-x86_64\bin;C:\WINDOWS\SYSTEM32;C:\WINDOWS\WinSxS\amd64_microsoft.windows.common-controls_6595b64144ccf1df_6.0.25905.1000_none_87b90b8fab340372;c:\Users\khami\.vscode\extensions\redhat.java-1.20.0-win32-x64\jre\17.0.7-win32-x86_64\bin\server;C:\Users\khami\AppData\Roaming\Code\User\globalStorage\redhat.java\1.20.0\config_win\org.eclipse.equinox.launcher\org.eclipse.equinox.launcher.win32.win32.x86_64_1.2.700.v20221108-1024;C:\Users\khami\AppData\Local\Temp\jna-102011712

VM Arguments:
jvm_args: --add-modules=ALL-SYSTEM --add-opens=java.base/java.util=ALL-UNNAMED --add-opens=java.base/java.lang=ALL-UNNAMED --add-opens=java.base/sun.nio.fs=ALL-UNNAMED -Declipse.application=org.eclipse.jdt.ls.core.id1 -Dosgi.bundles.defaultStartLevel=4 -Declipse.product=org.eclipse.jdt.ls.core.product -Djava.import.generatesMetadataFilesAtProjectRoot=false -Dfile.encoding=utf8 -XX:+UseParallelGC -XX:GCTimeRatio=4 -XX:AdaptiveSizePolicyWeight=90 -Dsun.zip.disableMemoryMapping=true -Xmx1G -Xms100m -Xlog:disable -javaagent:c:\Users\khami\.vscode\extensions\redhat.java-1.20.0-win32-x64\lombok\lombok-1.18.28.jar -XX:+HeapDumpOnOutOfMemoryError -XX:HeapDumpPath=c:\Users\khami\AppData\Roaming\Code\User\workspaceStorage\6a2d3d3737832186bb7f3db857603596\redhat.java -Daether.dependencyCollector.impl=bf 
java_command: c:\Users\khami\.vscode\extensions\redhat.java-1.20.0-win32-x64\server\plugins\org.eclipse.equinox.launcher_1.6.500.v20230622-2056.jar -configuration c:\Users\khami\AppData\Roaming\Code\User\globalStorage\redhat.java\1.20.0\config_win -data c:\Users\khami\AppData\Roaming\Code\User\workspaceStorage\6a2d3d3737832186bb7f3db857603596\redhat.java\jdt_ws
java_class_path (initial): c:\Users\khami\.vscode\extensions\redhat.java-1.20.0-win32-x64\server\plugins\org.eclipse.equinox.launcher_1.6.500.v20230622-2056.jar
Launcher Type: SUN_STANDARD

[Global flags]
    uintx AdaptiveSizePolicyWeight                 = 90                                        {product} {command line}
     intx CICompilerCount                          = 4                                         {product} {ergonomic}
    uintx GCTimeRatio                              = 4                                         {product} {command line}
     bool HeapDumpOnOutOfMemoryError               = true                                   {manageable} {command line}
    ccstr HeapDumpPath                             = c:\Users\khami\AppData\Roaming\Code\User\workspaceStorage\6a2d3d3737832186bb7f3db857603596\redhat.java         {manageable} {command line}
   size_t InitialHeapSize                          = 104857600                                 {product} {command line}
   size_t MaxHeapSize                              = 1073741824                                {product} {command line}
   size_t MaxNewSize                               = 357564416                                 {product} {ergonomic}
   size_t MinHeapDeltaBytes                        = 524288                                    {product} {ergonomic}
   size_t MinHeapSize                              = 104857600                                 {product} {command line}
   size_t NewSize                                  = 34603008                                  {product} {ergonomic}
    uintx NonNMethodCodeHeapSize                   = 5839372                                {pd product} {ergonomic}
    uintx NonProfiledCodeHeapSize                  = 122909434                              {pd product} {ergonomic}
   size_t OldSize                                  = 70254592                                  {product} {ergonomic}
    uintx ProfiledCodeHeapSize                     = 122909434                              {pd product} {ergonomic}
    uintx ReservedCodeCacheSize                    = 251658240                              {pd product} {ergonomic}
     bool SegmentedCodeCache                       = true                                      {product} {ergonomic}
   size_t SoftMaxHeapSize                          = 1073741824                             {manageable} {ergonomic}
     bool UseCompressedClassPointers               = true                           {product lp64_product} {ergonomic}
     bool UseCompressedOops                        = true                           {product lp64_product} {ergonomic}
     bool UseLargePagesIndividualAllocation        = false                                  {pd product} {ergonomic}
     bool UseParallelGC                            = true                                      {product} {command line}

Logging:
Log output configuration:
 #0: stdout all=off uptime,level,tags
 #1: stderr all=off uptime,level,tags

Environment Variables:
JAVA_HOME=C:\Program Files\Eclipse Adoptium\jdk-11.0.19.7-hotspot\
PATH=C:\Program Files\Eclipse Adoptium\jdk-11.0.19.7-hotspot\bin;C:\Program Files\Java\jdk-11\bin;C:\Program Files\Common Files\Oracle\Java\javapath;C:\Program Files (x86)\Common Files\Oracle\Java\javapath;C:\Program Files\Microsoft\jdk-11.0.16.101-hotspot\bin;C:\Program Files\Eclipse Adoptium\jdk-8.0.362.9-hotspot\bin;C:\ProgramData\Oracle\Java\javapath;C:\Program Files\Microsoft MPI\Bin\;C:\windows\system32;C:\windows;C:\windows\System32\Wbem;C:\windows\System32\WindowsPowerShell\v1.0\;C:\windows\System32\OpenSSH\;C:\Program Files (x86)\NVIDIA Corporation\PhysX\Common;C:\Program Files\NVIDIA Corporation\NVIDIA NvDLISR;C:\WINDOWS\system32;C:\WINDOWS;C:\WINDOWS\System32\Wbem;C:\WINDOWS\System32\WindowsPowerShell\v1.0\;C:\WINDOWS\System32\OpenSSH\;C:\TDM-GCC-64\bin;C:\Program Files\Microsoft SQL Server\Client SDK\ODBC\170\Tools\Binn\;C:\Program Files (x86)\Microsoft SQL Server\150\Tools\Binn\;C:\Program Files\Microsoft SQL Server\150\Tools\Binn\;C:\Program Files\Microsoft SQL Server\150\DTS\Binn\;C:\Program Files (x86)\Microsoft SQL Server\150\DTS\Binn\;C:\Program Files\dotnet\;C:\Program Files\Git\cmd;C:\Program Files\Calibre2\;C:\Program Files\Cloudflare\Cloudflare WARP\;C:\Program Files\MySQL\MySQL Shell 8.0\bin\;C:\Users\khami\AppData\Local\Microsoft\WindowsApps;C:\Users\khami\AppData\Local\Programs\Microsoft VS Code\bin;;C:\Program Files\Azure Data Studio\bin;C:\Users\khami\.dotnet\tools
USERNAME=khami
OS=Windows_NT
PROCESSOR_IDENTIFIER=Intel64 Family 6 Model 165 Stepping 2, GenuineIntel
TMP=C:\Users\khami\AppData\Local\Temp
TEMP=C:\Users\khami\AppData\Local\Temp



---------------  S Y S T E M  ---------------

OS:
 Windows 11 , 64 bit Build 25905 (10.0.25905.1000)
OS uptime: 0 days 8:53 hours
Hyper-V role detected

CPU: total 12 (initial active 12) (6 cores per cpu, 2 threads per core) family 6 model 165 stepping 2 microcode 0xf0, cx8, cmov, fxsr, ht, mmx, 3dnowpref, sse, sse2, sse3, ssse3, sse4.1, sse4.2, popcnt, lzcnt, tsc, tscinvbit, avx, avx2, aes, erms, clmul, bmi1, bmi2, adx, fma, vzeroupper, clflush, clflushopt, hv

Memory: 4k page, system-wide physical 16160M (4095M free)
TotalPageFile size 16160M (AvailPageFile size 15M)
current process WorkingSet (physical memory assigned to process): 408M, peak: 422M
current process commit charge ("private bytes"): 446M, peak: 462M

vm_info: OpenJDK 64-Bit Server VM (17.0.7+7) for windows-amd64 JRE (17.0.7+7), built on Apr 18 2023 22:10:42 by "temurin" with MS VC++ 16.7 (VS2019)

END.
