#
# There is insufficient memory for the Java Runtime Environment to continue.
# Native memory allocation (malloc) failed to allocate 2097152 bytes for AllocateHeap
# Possible reasons:
#   The system is out of physical RAM or swap space
#   The process is running with CompressedOops enabled, and the Java Heap may be blocking the growth of the native heap
# Possible solutions:
#   Reduce memory load on the system
#   Increase physical memory or swap space
#   Check if swap backing store is full
#   Decrease Java heap size (-Xmx/-Xms)
#   Decrease number of Java threads
#   Decrease Java thread stack sizes (-Xss)
#   Set larger code cache with -XX:ReservedCodeCacheSize=
#   JVM is running with Unscaled Compressed Oops mode in which the Java heap is
#     placed in the first 4GB address space. The Java Heap base address is the
#     maximum limit for the native heap growth. Please use -XX:HeapBaseMinAddress
#     to set the Java Heap base and to place the Java Heap above 4GB virtual address.
# This output file may be truncated or incomplete.
#
#  Out of Memory Error (allocation.cpp:44), pid=10288, tid=10456
#
# JRE version: OpenJDK Runtime Environment Temurin-17.0.7+7 (17.0.7+7) (build 17.0.7+7)
# Java VM: OpenJDK 64-Bit Server VM Temurin-17.0.7+7 (17.0.7+7, mixed mode, emulated-client, tiered, compressed oops, compressed class ptrs, g1 gc, windows-amd64)
# No core dump will be written. Minidumps are not enabled by default on client versions of Windows
#

---------------  S U M M A R Y ------------

Command Line: -XX:+HeapDumpOnOutOfMemoryError -Xmx1024m -Dsts.lsp.client=vscode -Dsts.log.file=/dev/null -XX:TieredStopAtLevel=1 -Xlog:jni+resolve=off -Dspring.config.location=file:c:\Users\khami\.vscode\extensions\vmware.vscode-spring-boot-1.47.0\language-server\BOOT-INF\classes\application.properties org.springframework.ide.vscode.boot.app.BootLanguageServerBootApp

Host: Intel(R) Core(TM) i7-10750H CPU @ 2.60GHz, 12 cores, 15G,  Windows 11 , 64 bit Build 25905 (10.0.25905.1000)
Time: Mon Jul 17 16:42:41 2023 SE Asia Standard Time elapsed time: 1789.706080 seconds (0d 0h 29m 49s)

---------------  T H R E A D  ---------------

Current thread (0x0000026fa666e8b0):  VMThread "VM Thread" [stack: 0x000000e96f600000,0x000000e96f700000] [id=10456]

Stack: [0x000000e96f600000,0x000000e96f700000]
Native frames: (J=compiled Java code, j=interpreted, Vv=VM code, C=native code)
V  [jvm.dll+0x67754a]
V  [jvm.dll+0x834304]
V  [jvm.dll+0x835aae]
V  [jvm.dll+0x836113]
V  [jvm.dll+0x24696f]
V  [jvm.dll+0xa681f]
V  [jvm.dll+0x2f7481]
V  [jvm.dll+0x2f30f0]
V  [jvm.dll+0x2db6c7]
V  [jvm.dll+0x31e777]
V  [jvm.dll+0x83a5bb]
V  [jvm.dll+0x83b2f4]
V  [jvm.dll+0x83b80c]
V  [jvm.dll+0x83bbe4]
V  [jvm.dll+0x83bcb0]
V  [jvm.dll+0x7e4e7a]
V  [jvm.dll+0x676395]
C  [ucrtbase.dll+0x609e1]
C  [KERNEL32.DLL+0x124d8]
C  [ntdll.dll+0x4091]

VM_Operation (0x000000e9712fea60): G1CollectFull, mode: safepoint, requested by thread 0x0000026fac497450


---------------  P R O C E S S  ---------------

Threads class SMR info:
_java_thread_list=0x0000026facd24a10, length=27, elements={
0x0000026fa669c390, 0x0000026fa669cd50, 0x0000026fa66ccc10, 0x0000026fa66cf5e0,
0x0000026fa66cfea0, 0x0000026fa66e2010, 0x0000026fa66ee9b0, 0x0000026fa66fc050,
0x0000026fa68fdce0, 0x0000026fa69031d0, 0x0000026fac4569f0, 0x0000026fabd96ec0,
0x0000026fac497450, 0x0000026fac4f9980, 0x0000026f991de570, 0x0000026fac118370,
0x0000026fac598820, 0x0000026fac5a4a00, 0x0000026fac546370, 0x0000026fac545ea0,
0x0000026fac548520, 0x0000026fb66dc840, 0x0000026fb66db500, 0x0000026fb66db9d0,
0x0000026facc43d40, 0x0000026facb48060, 0x0000026fb6a65680
}

Java Threads: ( => current thread )
  0x0000026fa669c390 JavaThread "Reference Handler" daemon [_thread_blocked, id=16196, stack(0x000000e96f700000,0x000000e96f800000)]
  0x0000026fa669cd50 JavaThread "Finalizer" daemon [_thread_blocked, id=6484, stack(0x000000e96f800000,0x000000e96f900000)]
  0x0000026fa66ccc10 JavaThread "Signal Dispatcher" daemon [_thread_blocked, id=21104, stack(0x000000e96f900000,0x000000e96fa00000)]
  0x0000026fa66cf5e0 JavaThread "Attach Listener" daemon [_thread_blocked, id=5348, stack(0x000000e96fa00000,0x000000e96fb00000)]
  0x0000026fa66cfea0 JavaThread "Service Thread" daemon [_thread_blocked, id=22852, stack(0x000000e96fb00000,0x000000e96fc00000)]
  0x0000026fa66e2010 JavaThread "Monitor Deflation Thread" daemon [_thread_blocked, id=17280, stack(0x000000e96fc00000,0x000000e96fd00000)]
  0x0000026fa66ee9b0 JavaThread "C1 CompilerThread0" daemon [_thread_blocked, id=6216, stack(0x000000e96fd00000,0x000000e96fe00000)]
  0x0000026fa66fc050 JavaThread "Sweeper thread" daemon [_thread_blocked, id=8428, stack(0x000000e96fe00000,0x000000e96ff00000)]
  0x0000026fa68fdce0 JavaThread "Notification Thread" daemon [_thread_blocked, id=24200, stack(0x000000e970000000,0x000000e970100000)]
  0x0000026fa69031d0 JavaThread "Common-Cleaner" daemon [_thread_blocked, id=5940, stack(0x000000e970200000,0x000000e970300000)]
  0x0000026fac4569f0 JavaThread "boundedElastic-evictor-1" daemon [_thread_blocked, id=3480, stack(0x000000e970a00000,0x000000e970b00000)]
  0x0000026fabd96ec0 JavaThread "boundedElastic-evictor-2" daemon [_thread_blocked, id=3924, stack(0x000000e971100000,0x000000e971200000)]
  0x0000026fac497450 JavaThread "pool-10-thread-1" [_thread_blocked, id=22316, stack(0x000000e971200000,0x000000e971300000)]
  0x0000026fac4f9980 JavaThread "LanguageServerApp-lifecycle" [_thread_blocked, id=4256, stack(0x000000e971300000,0x000000e971400000)]
  0x0000026f991de570 JavaThread "DestroyJavaVM" [_thread_blocked, id=9932, stack(0x000000e96f000000,0x000000e96f100000)]
  0x0000026fac118370 JavaThread "pool-11-thread-1" [_thread_in_native, id=15532, stack(0x000000e971400000,0x000000e971500000)]
  0x0000026fac598820 JavaThread "Simple-Language-Server main thread" daemon [_thread_blocked, id=14912, stack(0x000000e971500000,0x000000e971600000)]
  0x0000026fac5a4a00 JavaThread "pool-6-thread-1" [_thread_blocked, id=7172, stack(0x000000e971900000,0x000000e971a00000)]
  0x0000026fac546370 JavaThread "parallel-1" daemon [_thread_blocked, id=3668, stack(0x000000e972e00000,0x000000e972f00000)]
  0x0000026fac545ea0 JavaThread "pool-4-thread-1" [_thread_blocked, id=15436, stack(0x000000e973300000,0x000000e973400000)]
  0x0000026fac548520 JavaThread "parallel-2" daemon [_thread_blocked, id=6840, stack(0x000000e973400000,0x000000e973500000)]
  0x0000026fb66dc840 JavaThread "parallel-3" daemon [_thread_blocked, id=8292, stack(0x000000e971c00000,0x000000e971d00000)]
  0x0000026fb66db500 JavaThread "parallel-4" daemon [_thread_blocked, id=12468, stack(0x000000e971d00000,0x000000e971e00000)]
  0x0000026fb66db9d0 JavaThread "parallel-5" daemon [_thread_blocked, id=2668, stack(0x000000e971e00000,0x000000e971f00000)]
  0x0000026facc43d40 JavaThread "Reconciler-1" daemon [_thread_blocked, id=5192, stack(0x000000e971f00000,0x000000e972000000)]
  0x0000026facb48060 JavaThread "parallel-6" daemon [_thread_blocked, id=16480, stack(0x000000e96ee00000,0x000000e96ef00000)]
  0x0000026fb6a65680 JavaThread "parallel-7" daemon [_thread_blocked, id=9412, stack(0x000000e96ed00000,0x000000e96ee00000)]

Other Threads:
=>0x0000026fa666e8b0 VMThread "VM Thread" [stack: 0x000000e96f600000,0x000000e96f700000] [id=10456]
  0x0000026f9b468750 WatcherThread [stack: 0x000000e970100000,0x000000e970200000] [id=22864]
  0x0000026f9b446dc0 GCTaskThread "GC Thread#0" [stack: 0x000000e96f100000,0x000000e96f200000] [id=18632]
  0x0000026fab7fdd80 GCTaskThread "GC Thread#1" [stack: 0x000000e970300000,0x000000e970400000] [id=7072]
  0x0000026fab7bfb10 GCTaskThread "GC Thread#2" [stack: 0x000000e970400000,0x000000e970500000] [id=4692]
  0x0000026fab7bfdc0 GCTaskThread "GC Thread#3" [stack: 0x000000e970500000,0x000000e970600000] [id=13532]
  0x0000026fab7c0070 GCTaskThread "GC Thread#4" [stack: 0x000000e970600000,0x000000e970700000] [id=20992]
  0x0000026fab7c0320 GCTaskThread "GC Thread#5" [stack: 0x000000e970700000,0x000000e970800000] [id=14420]
  0x0000026fabbe5af0 GCTaskThread "GC Thread#6" [stack: 0x000000e970800000,0x000000e970900000] [id=19776]
  0x0000026fabbe5da0 GCTaskThread "GC Thread#7" [stack: 0x000000e970900000,0x000000e970a00000] [id=13656]
  0x0000026fabd6c860 GCTaskThread "GC Thread#8" [stack: 0x000000e970d00000,0x000000e970e00000] [id=9424]
  0x0000026fabc80d80 GCTaskThread "GC Thread#9" [stack: 0x000000e970e00000,0x000000e970f00000] [id=11688]
  0x0000026f9b44fc10 ConcurrentGCThread "G1 Main Marker" [stack: 0x000000e96f200000,0x000000e96f300000] [id=13012]
  0x0000026f9b450530 ConcurrentGCThread "G1 Conc#0" [stack: 0x000000e96f300000,0x000000e96f400000] [id=11948]
  0x0000026fabe2c020 ConcurrentGCThread "G1 Conc#1" [stack: 0x000000e970f00000,0x000000e971000000] [id=16904]
  0x0000026fabe2c4e0 ConcurrentGCThread "G1 Conc#2" [stack: 0x000000e971000000,0x000000e971100000] [id=860]
  0x0000026f9b4be4f0 ConcurrentGCThread "G1 Refine#0" [stack: 0x000000e96f400000,0x000000e96f500000] [id=4828]
  0x0000026fad3623e0 ConcurrentGCThread "G1 Refine#1" [stack: 0x000000e973600000,0x000000e973700000] [id=8728]
  0x0000026fad6064f0 ConcurrentGCThread "G1 Refine#2" [stack: 0x000000e973700000,0x000000e973800000] [id=15256]
  0x0000026fad606d90 ConcurrentGCThread "G1 Refine#3" [stack: 0x000000e973900000,0x000000e973a00000] [id=2340]
  0x0000026fad605f30 ConcurrentGCThread "G1 Refine#4" [stack: 0x000000e973a00000,0x000000e973b00000] [id=2240]
  0x0000026fad605690 ConcurrentGCThread "G1 Refine#5" [stack: 0x000000e973d00000,0x000000e973e00000] [id=20840]
  0x0000026fb6481990 ConcurrentGCThread "G1 Refine#6" [stack: 0x000000e973e00000,0x000000e973f00000] [id=17452]
  0x0000026fb6482ad0 ConcurrentGCThread "G1 Refine#7" [stack: 0x000000e973f00000,0x000000e974000000] [id=8372]
  0x0000026fb6482230 ConcurrentGCThread "G1 Refine#8" [stack: 0x000000e974000000,0x000000e974100000] [id=14752]
  0x0000026fb6483090 ConcurrentGCThread "G1 Refine#9" [stack: 0x000000e970b00000,0x000000e970c00000] [id=20292]
  0x0000026f9b4becc0 ConcurrentGCThread "G1 Service" [stack: 0x000000e96f500000,0x000000e96f600000] [id=18456]

Threads with active compile tasks:

VM state: at safepoint (normal execution)

VM Mutex/Monitor currently owned by a thread:  ([mutex/lock_event])
[0x0000026f9911fbc0] Threads_lock - owner thread: 0x0000026fa666e8b0
[0x0000026f991dc8c0] Heap_lock - owner thread: 0x0000026fac497450

Heap address: 0x00000000c0000000, size: 1024 MB, Compressed Oops mode: 32-bit

CDS archive(s) not mapped
Compressed class space mapped at: 0x0000000100000000-0x0000000140000000, reserved size: 1073741824
Narrow klass base: 0x0000000000000000, Narrow klass shift: 3, Narrow klass range: 0x140000000

GC Precious Log:
 CPUs: 12 total, 12 available
 Memory: 16160M
 Large Page Support: Disabled
 NUMA Support: Disabled
 Compressed Oops: Enabled (32-bit)
 Heap Region Size: 1M
 Heap Min Capacity: 8M
 Heap Initial Capacity: 254M
 Heap Max Capacity: 1G
 Pre-touch: Disabled
 Parallel Workers: 10
 Concurrent Workers: 3
 Concurrent Refinement Workers: 10
 Periodic GC: Disabled

Heap:
 garbage-first heap   total 342016K, used 99647K [0x00000000c0000000, 0x0000000100000000)
  region size 1024K, 1 young (1024K), 0 survivors (0K)
 Metaspace       used 75087K, committed 75904K, reserved 1114112K
  class space    used 10258K, committed 10624K, reserved 1048576K

Heap Regions: E=young(eden), S=young(survivor), O=old, HS=humongous(starts), HC=humongous(continues), CS=collection set, F=free, OA=open archive, CA=closed archive, TAMS=top-at-mark-start (previous, next)
|   0|0x00000000c0000000, 0x00000000c0100000, 0x00000000c0100000|100%|HS|  |TAMS 0x00000000c0100000, 0x00000000c0000000| Untracked 
|   1|0x00000000c0100000, 0x00000000c0200000, 0x00000000c0200000|100%| O|  |TAMS 0x00000000c0200000, 0x00000000c0100000| Untracked 
|   2|0x00000000c0200000, 0x00000000c0300000, 0x00000000c0300000|100%| O|  |TAMS 0x00000000c0300000, 0x00000000c0200000| Untracked 
|   3|0x00000000c0300000, 0x00000000c0400000, 0x00000000c0400000|100%| O|  |TAMS 0x00000000c0400000, 0x00000000c0300000| Untracked 
|   4|0x00000000c0400000, 0x00000000c04fffd8, 0x00000000c0500000| 99%| O|  |TAMS 0x00000000c04fffd8, 0x00000000c0400000| Untracked 
|   5|0x00000000c0500000, 0x00000000c0600000, 0x00000000c0600000|100%| O|  |TAMS 0x00000000c0600000, 0x00000000c0500000| Untracked 
|   6|0x00000000c0600000, 0x00000000c06ffff0, 0x00000000c0700000| 99%| O|  |TAMS 0x00000000c06ffff0, 0x00000000c0600000| Untracked 
|   7|0x00000000c0700000, 0x00000000c0800000, 0x00000000c0800000|100%| O|  |TAMS 0x00000000c0800000, 0x00000000c0700000| Untracked 
|   8|0x00000000c0800000, 0x00000000c08fffc0, 0x00000000c0900000| 99%| O|  |TAMS 0x00000000c08fffc0, 0x00000000c0800000| Untracked 
|   9|0x00000000c0900000, 0x00000000c09ffff8, 0x00000000c0a00000| 99%| O|  |TAMS 0x00000000c09ffff8, 0x00000000c0900000| Untracked 
|  10|0x00000000c0a00000, 0x00000000c0affff8, 0x00000000c0b00000| 99%| O|  |TAMS 0x00000000c0affff8, 0x00000000c0a00000| Untracked 
|  11|0x00000000c0b00000, 0x00000000c0c00000, 0x00000000c0c00000|100%| O|  |TAMS 0x00000000c0c00000, 0x00000000c0b00000| Untracked 
|  12|0x00000000c0c00000, 0x00000000c0cffff0, 0x00000000c0d00000| 99%| O|  |TAMS 0x00000000c0cffff0, 0x00000000c0c00000| Untracked 
|  13|0x00000000c0d00000, 0x00000000c0dfffc0, 0x00000000c0e00000| 99%| O|  |TAMS 0x00000000c0dfffc0, 0x00000000c0d00000| Untracked 
|  14|0x00000000c0e00000, 0x00000000c0effff0, 0x00000000c0f00000| 99%| O|  |TAMS 0x00000000c0effff0, 0x00000000c0e00000| Untracked 
|  15|0x00000000c0f00000, 0x00000000c0ffffe8, 0x00000000c1000000| 99%| O|  |TAMS 0x00000000c0ffffe8, 0x00000000c0f00000| Untracked 
|  16|0x00000000c1000000, 0x00000000c1100000, 0x00000000c1100000|100%| O|  |TAMS 0x00000000c1100000, 0x00000000c1000000| Untracked 
|  17|0x00000000c1100000, 0x00000000c11fffd0, 0x00000000c1200000| 99%| O|  |TAMS 0x00000000c11fffd0, 0x00000000c1100000| Untracked 
|  18|0x00000000c1200000, 0x00000000c1300000, 0x00000000c1300000|100%| O|  |TAMS 0x00000000c1300000, 0x00000000c1200000| Untracked 
|  19|0x00000000c1300000, 0x00000000c13ffff8, 0x00000000c1400000| 99%| O|  |TAMS 0x00000000c13ffff8, 0x00000000c1300000| Untracked 
|  20|0x00000000c1400000, 0x00000000c1500000, 0x00000000c1500000|100%| O|  |TAMS 0x00000000c1500000, 0x00000000c1400000| Untracked 
|  21|0x00000000c1500000, 0x00000000c1600000, 0x00000000c1600000|100%| O|  |TAMS 0x00000000c1600000, 0x00000000c1500000| Untracked 
|  22|0x00000000c1600000, 0x00000000c16fffe8, 0x00000000c1700000| 99%| O|  |TAMS 0x00000000c16fffe8, 0x00000000c1600000| Untracked 
|  23|0x00000000c1700000, 0x00000000c17fffc0, 0x00000000c1800000| 99%| O|  |TAMS 0x00000000c17fffc0, 0x00000000c1700000| Untracked 
|  24|0x00000000c1800000, 0x00000000c18ffff8, 0x00000000c1900000| 99%| O|  |TAMS 0x00000000c18ffff8, 0x00000000c1800000| Untracked 
|  25|0x00000000c1900000, 0x00000000c19ffff8, 0x00000000c1a00000| 99%| O|  |TAMS 0x00000000c19ffff8, 0x00000000c1900000| Untracked 
|  26|0x00000000c1a00000, 0x00000000c1afffc0, 0x00000000c1b00000| 99%| O|  |TAMS 0x00000000c1afffc0, 0x00000000c1a00000| Untracked 
|  27|0x00000000c1b00000, 0x00000000c1bfffe8, 0x00000000c1c00000| 99%| O|  |TAMS 0x00000000c1bfffe8, 0x00000000c1b00000| Untracked 
|  28|0x00000000c1c00000, 0x00000000c1d00000, 0x00000000c1d00000|100%| O|  |TAMS 0x00000000c1d00000, 0x00000000c1c00000| Untracked 
|  29|0x00000000c1d00000, 0x00000000c1e00000, 0x00000000c1e00000|100%| O|  |TAMS 0x00000000c1e00000, 0x00000000c1d00000| Untracked 
|  30|0x00000000c1e00000, 0x00000000c1f00000, 0x00000000c1f00000|100%| O|  |TAMS 0x00000000c1f00000, 0x00000000c1e00000| Untracked 
|  31|0x00000000c1f00000, 0x00000000c1ffffd0, 0x00000000c2000000| 99%| O|  |TAMS 0x00000000c1ffffd0, 0x00000000c1f00000| Untracked 
|  32|0x00000000c2000000, 0x00000000c20fd4c8, 0x00000000c2100000| 98%| O|  |TAMS 0x00000000c20fd4c8, 0x00000000c2000000| Untracked 
|  33|0x00000000c2100000, 0x00000000c21ffff8, 0x00000000c2200000| 99%| O|  |TAMS 0x00000000c21ffff8, 0x00000000c2100000| Untracked 
|  34|0x00000000c2200000, 0x00000000c22ffc40, 0x00000000c2300000| 99%| O|  |TAMS 0x00000000c22ffc40, 0x00000000c2200000| Untracked 
|  35|0x00000000c2300000, 0x00000000c23fffb8, 0x00000000c2400000| 99%| O|  |TAMS 0x00000000c23fffb8, 0x00000000c2300000| Untracked 
|  36|0x00000000c2400000, 0x00000000c24ffff8, 0x00000000c2500000| 99%| O|  |TAMS 0x00000000c24ffff8, 0x00000000c2400000| Untracked 
|  37|0x00000000c2500000, 0x00000000c25ffff8, 0x00000000c2600000| 99%| O|  |TAMS 0x00000000c25ffff8, 0x00000000c2500000| Untracked 
|  38|0x00000000c2600000, 0x00000000c2700000, 0x00000000c2700000|100%| O|  |TAMS 0x00000000c2700000, 0x00000000c2600000| Untracked 
|  39|0x00000000c2700000, 0x00000000c27ffc00, 0x00000000c2800000| 99%| O|  |TAMS 0x00000000c27ffc00, 0x00000000c2700000| Untracked 
|  40|0x00000000c2800000, 0x00000000c28fffe8, 0x00000000c2900000| 99%| O|  |TAMS 0x00000000c28fffe8, 0x00000000c2800000| Untracked 
|  41|0x00000000c2900000, 0x00000000c29fff18, 0x00000000c2a00000| 99%| O|  |TAMS 0x00000000c29fff18, 0x00000000c2900000| Untracked 
|  42|0x00000000c2a00000, 0x00000000c2b00000, 0x00000000c2b00000|100%| O|  |TAMS 0x00000000c2b00000, 0x00000000c2a00000| Untracked 
|  43|0x00000000c2b00000, 0x00000000c2bf8d20, 0x00000000c2c00000| 97%| O|  |TAMS 0x00000000c2bf8d20, 0x00000000c2b00000| Untracked 
|  44|0x00000000c2c00000, 0x00000000c2cff0f8, 0x00000000c2d00000| 99%| O|  |TAMS 0x00000000c2cff0f8, 0x00000000c2c00000| Untracked 
|  45|0x00000000c2d00000, 0x00000000c2dfffd0, 0x00000000c2e00000| 99%| O|  |TAMS 0x00000000c2dfffd0, 0x00000000c2d00000| Untracked 
|  46|0x00000000c2e00000, 0x00000000c2f00000, 0x00000000c2f00000|100%| O|  |TAMS 0x00000000c2f00000, 0x00000000c2e00000| Untracked 
|  47|0x00000000c2f00000, 0x00000000c2ffffd0, 0x00000000c3000000| 99%| O|  |TAMS 0x00000000c2ffffd0, 0x00000000c2f00000| Untracked 
|  48|0x00000000c3000000, 0x00000000c30ffff8, 0x00000000c3100000| 99%| O|  |TAMS 0x00000000c30ffff8, 0x00000000c3000000| Untracked 
|  49|0x00000000c3100000, 0x00000000c31fffe8, 0x00000000c3200000| 99%| O|  |TAMS 0x00000000c31fffe8, 0x00000000c3100000| Untracked 
|  50|0x00000000c3200000, 0x00000000c32fffc8, 0x00000000c3300000| 99%| O|  |TAMS 0x00000000c32fffc8, 0x00000000c3200000| Untracked 
|  51|0x00000000c3300000, 0x00000000c33ffff8, 0x00000000c3400000| 99%| O|  |TAMS 0x00000000c33ffff8, 0x00000000c3300000| Untracked 
|  52|0x00000000c3400000, 0x00000000c34fffb0, 0x00000000c3500000| 99%| O|  |TAMS 0x00000000c34fffb0, 0x00000000c3400000| Untracked 
|  53|0x00000000c3500000, 0x00000000c35ffff0, 0x00000000c3600000| 99%| O|  |TAMS 0x00000000c35ffff0, 0x00000000c3500000| Untracked 
|  54|0x00000000c3600000, 0x00000000c36fffc8, 0x00000000c3700000| 99%| O|  |TAMS 0x00000000c36fffc8, 0x00000000c3600000| Untracked 
|  55|0x00000000c3700000, 0x00000000c3800000, 0x00000000c3800000|100%|HS|  |TAMS 0x00000000c3800000, 0x00000000c3700000| Untracked 
|  56|0x00000000c3800000, 0x00000000c38ad588, 0x00000000c3900000| 67%| O|  |TAMS 0x00000000c3800000, 0x00000000c3800000| Untracked 
|  57|0x00000000c3900000, 0x00000000c3a00000, 0x00000000c3a00000|100%| O|  |TAMS 0x00000000c3a00000, 0x00000000c3900000| Untracked 
|  58|0x00000000c3a00000, 0x00000000c3afffe8, 0x00000000c3b00000| 99%| O|  |TAMS 0x00000000c3afffe8, 0x00000000c3a00000| Untracked 
|  59|0x00000000c3b00000, 0x00000000c3bfffd8, 0x00000000c3c00000| 99%| O|  |TAMS 0x00000000c3bfffd8, 0x00000000c3b00000| Untracked 
|  60|0x00000000c3c00000, 0x00000000c3cfffb8, 0x00000000c3d00000| 99%| O|  |TAMS 0x00000000c3cfffb8, 0x00000000c3c00000| Untracked 
|  61|0x00000000c3d00000, 0x00000000c3dfcf50, 0x00000000c3e00000| 98%| O|  |TAMS 0x00000000c3dfcf50, 0x00000000c3d00000| Untracked 
|  62|0x00000000c3e00000, 0x00000000c3efffc8, 0x00000000c3f00000| 99%| O|  |TAMS 0x00000000c3efffc8, 0x00000000c3e00000| Untracked 
|  63|0x00000000c3f00000, 0x00000000c3fffff0, 0x00000000c4000000| 99%| O|  |TAMS 0x00000000c3fffff0, 0x00000000c3f00000| Untracked 
|  64|0x00000000c4000000, 0x00000000c40ffff0, 0x00000000c4100000| 99%| O|  |TAMS 0x00000000c40ffff0, 0x00000000c4000000| Untracked 
|  65|0x00000000c4100000, 0x00000000c41fffe8, 0x00000000c4200000| 99%| O|  |TAMS 0x00000000c41fffe8, 0x00000000c4100000| Untracked 
|  66|0x00000000c4200000, 0x00000000c42fffc8, 0x00000000c4300000| 99%| O|  |TAMS 0x00000000c42fffc8, 0x00000000c4200000| Untracked 
|  67|0x00000000c4300000, 0x00000000c43f6300, 0x00000000c4400000| 96%| O|  |TAMS 0x00000000c43f6300, 0x00000000c4300000| Untracked 
|  68|0x00000000c4400000, 0x00000000c44fffd8, 0x00000000c4500000| 99%| O|  |TAMS 0x00000000c44fffd8, 0x00000000c4400000| Untracked 
|  69|0x00000000c4500000, 0x00000000c45fffc0, 0x00000000c4600000| 99%| O|  |TAMS 0x00000000c45fffc0, 0x00000000c4500000| Untracked 
|  70|0x00000000c4600000, 0x00000000c46fffb0, 0x00000000c4700000| 99%| O|  |TAMS 0x00000000c46fffb0, 0x00000000c4600000| Untracked 
|  71|0x00000000c4700000, 0x00000000c47f9f50, 0x00000000c4800000| 97%| O|  |TAMS 0x00000000c47f9f50, 0x00000000c4700000| Untracked 
|  72|0x00000000c4800000, 0x00000000c48ffff0, 0x00000000c4900000| 99%| O|  |TAMS 0x00000000c48ffff0, 0x00000000c4800000| Untracked 
|  73|0x00000000c4900000, 0x00000000c49fffd0, 0x00000000c4a00000| 99%| O|  |TAMS 0x00000000c49fffd0, 0x00000000c4900000| Untracked 
|  74|0x00000000c4a00000, 0x00000000c4affff8, 0x00000000c4b00000| 99%| O|  |TAMS 0x00000000c4affff8, 0x00000000c4a00000| Untracked 
|  75|0x00000000c4b00000, 0x00000000c4c00000, 0x00000000c4c00000|100%| O|  |TAMS 0x00000000c4c00000, 0x00000000c4b00000| Untracked 
|  76|0x00000000c4c00000, 0x00000000c4cbdfc8, 0x00000000c4d00000| 74%| O|  |TAMS 0x00000000c4c00000, 0x00000000c4c00000| Untracked 
|  77|0x00000000c4d00000, 0x00000000c4e00000, 0x00000000c4e00000|100%| O|  |TAMS 0x00000000c4e00000, 0x00000000c4d00000| Untracked 
|  78|0x00000000c4e00000, 0x00000000c4efff78, 0x00000000c4f00000| 99%| O|  |TAMS 0x00000000c4efff78, 0x00000000c4e00000| Untracked 
|  79|0x00000000c4f00000, 0x00000000c4fc9b08, 0x00000000c5000000| 78%| O|  |TAMS 0x00000000c4f00000, 0x00000000c4f00000| Untracked 
|  80|0x00000000c5000000, 0x00000000c50e10b8, 0x00000000c5100000| 87%| O|  |TAMS 0x00000000c5000000, 0x00000000c5000000| Untracked 
|  81|0x00000000c5100000, 0x00000000c51ffff8, 0x00000000c5200000| 99%| O|  |TAMS 0x00000000c51ffff8, 0x00000000c5100000| Untracked 
|  82|0x00000000c5200000, 0x00000000c52ffff0, 0x00000000c5300000| 99%| O|  |TAMS 0x00000000c52ffff0, 0x00000000c5200000| Untracked 
|  83|0x00000000c5300000, 0x00000000c53dd110, 0x00000000c5400000| 86%| O|  |TAMS 0x00000000c5300000, 0x00000000c5300000| Untracked 
|  84|0x00000000c5400000, 0x00000000c54ffff8, 0x00000000c5500000| 99%| O|  |TAMS 0x00000000c54ffff8, 0x00000000c5400000| Untracked 
|  85|0x00000000c5500000, 0x00000000c554baa8, 0x00000000c5600000| 29%| O|  |TAMS 0x00000000c5500000, 0x00000000c5500000| Untracked 
|  86|0x00000000c5600000, 0x00000000c56ffff8, 0x00000000c5700000| 99%| O|  |TAMS 0x00000000c56ffff8, 0x00000000c5600000| Untracked 
|  87|0x00000000c5700000, 0x00000000c57ffff0, 0x00000000c5800000| 99%| O|  |TAMS 0x00000000c57ffff0, 0x00000000c5700000| Untracked 
|  88|0x00000000c5800000, 0x00000000c58322e0, 0x00000000c5900000| 19%| O|  |TAMS 0x00000000c5800000, 0x00000000c5800000| Untracked 
|  89|0x00000000c5900000, 0x00000000c5900000, 0x00000000c5a00000|  0%| F|  |TAMS 0x00000000c5900000, 0x00000000c5900000| Untracked 
|  90|0x00000000c5a00000, 0x00000000c5affff8, 0x00000000c5b00000| 99%| O|  |TAMS 0x00000000c5affff8, 0x00000000c5a00000| Untracked 
|  91|0x00000000c5b00000, 0x00000000c5bffff0, 0x00000000c5c00000| 99%| O|  |TAMS 0x00000000c5bffff0, 0x00000000c5b00000| Untracked 
|  92|0x00000000c5c00000, 0x00000000c5c00000, 0x00000000c5d00000|  0%| F|  |TAMS 0x00000000c5c00000, 0x00000000c5c00000| Untracked 
|  93|0x00000000c5d00000, 0x00000000c5d00000, 0x00000000c5e00000|  0%| F|  |TAMS 0x00000000c5d00000, 0x00000000c5d00000| Untracked 
|  94|0x00000000c5e00000, 0x00000000c5e00000, 0x00000000c5f00000|  0%| F|  |TAMS 0x00000000c5e00000, 0x00000000c5e00000| Untracked 
|  95|0x00000000c5f00000, 0x00000000c5ffffd0, 0x00000000c6000000| 99%| O|  |TAMS 0x00000000c5ffffd0, 0x00000000c5f00000| Untracked 
|  96|0x00000000c6000000, 0x00000000c6000000, 0x00000000c6100000|  0%| F|  |TAMS 0x00000000c6000000, 0x00000000c6000000| Untracked 
|  97|0x00000000c6100000, 0x00000000c6100000, 0x00000000c6200000|  0%| F|  |TAMS 0x00000000c6100000, 0x00000000c6100000| Untracked 
|  98|0x00000000c6200000, 0x00000000c6200000, 0x00000000c6300000|  0%| F|  |TAMS 0x00000000c6200000, 0x00000000c6200000| Untracked 
|  99|0x00000000c6300000, 0x00000000c6300000, 0x00000000c6400000|  0%| F|  |TAMS 0x00000000c6300000, 0x00000000c6300000| Untracked 
| 100|0x00000000c6400000, 0x00000000c6400000, 0x00000000c6500000|  0%| F|  |TAMS 0x00000000c6400000, 0x00000000c6400000| Untracked 
| 101|0x00000000c6500000, 0x00000000c65ffe50, 0x00000000c6600000| 99%| O|  |TAMS 0x00000000c65ffe50, 0x00000000c6500000| Untracked 
| 102|0x00000000c6600000, 0x00000000c66fdae8, 0x00000000c6700000| 99%| O|  |TAMS 0x00000000c66fdae8, 0x00000000c6600000| Untracked 
| 103|0x00000000c6700000, 0x00000000c6700000, 0x00000000c6800000|  0%| F|  |TAMS 0x00000000c6700000, 0x00000000c6700000| Untracked 
| 104|0x00000000c6800000, 0x00000000c6800000, 0x00000000c6900000|  0%| F|  |TAMS 0x00000000c6800000, 0x00000000c6800000| Untracked 
| 105|0x00000000c6900000, 0x00000000c6900000, 0x00000000c6a00000|  0%| F|  |TAMS 0x00000000c6900000, 0x00000000c6900000| Untracked 
| 106|0x00000000c6a00000, 0x00000000c6a00000, 0x00000000c6b00000|  0%| F|  |TAMS 0x00000000c6a00000, 0x00000000c6a00000| Untracked 
| 107|0x00000000c6b00000, 0x00000000c6b00000, 0x00000000c6c00000|  0%| F|  |TAMS 0x00000000c6b00000, 0x00000000c6b00000| Untracked 
| 108|0x00000000c6c00000, 0x00000000c6c00000, 0x00000000c6d00000|  0%| F|  |TAMS 0x00000000c6c00000, 0x00000000c6c00000| Untracked 
| 109|0x00000000c6d00000, 0x00000000c6d00000, 0x00000000c6e00000|  0%| F|  |TAMS 0x00000000c6d00000, 0x00000000c6d00000| Untracked 
| 110|0x00000000c6e00000, 0x00000000c6e00000, 0x00000000c6f00000|  0%| F|  |TAMS 0x00000000c6e00000, 0x00000000c6e00000| Untracked 
| 111|0x00000000c6f00000, 0x00000000c6f00000, 0x00000000c7000000|  0%| F|  |TAMS 0x00000000c6f00000, 0x00000000c6f00000| Untracked 
| 112|0x00000000c7000000, 0x00000000c7000000, 0x00000000c7100000|  0%| F|  |TAMS 0x00000000c7000000, 0x00000000c7000000| Untracked 
| 113|0x00000000c7100000, 0x00000000c7100000, 0x00000000c7200000|  0%| F|  |TAMS 0x00000000c7100000, 0x00000000c7100000| Untracked 
| 114|0x00000000c7200000, 0x00000000c7200000, 0x00000000c7300000|  0%| F|  |TAMS 0x00000000c7200000, 0x00000000c7200000| Untracked 
| 115|0x00000000c7300000, 0x00000000c7300000, 0x00000000c7400000|  0%| F|  |TAMS 0x00000000c7300000, 0x00000000c7300000| Untracked 
| 116|0x00000000c7400000, 0x00000000c7400000, 0x00000000c7500000|  0%| F|  |TAMS 0x00000000c7400000, 0x00000000c7400000| Untracked 
| 117|0x00000000c7500000, 0x00000000c7500000, 0x00000000c7600000|  0%| F|  |TAMS 0x00000000c7500000, 0x00000000c7500000| Untracked 
| 118|0x00000000c7600000, 0x00000000c7600000, 0x00000000c7700000|  0%| F|  |TAMS 0x00000000c7600000, 0x00000000c7600000| Untracked 
| 119|0x00000000c7700000, 0x00000000c7700000, 0x00000000c7800000|  0%| F|  |TAMS 0x00000000c7700000, 0x00000000c7700000| Untracked 
| 120|0x00000000c7800000, 0x00000000c7900000, 0x00000000c7900000|100%| O|  |TAMS 0x00000000c7900000, 0x00000000c7800000| Untracked 
| 121|0x00000000c7900000, 0x00000000c7900000, 0x00000000c7a00000|  0%| F|  |TAMS 0x00000000c7900000, 0x00000000c7900000| Untracked 
| 122|0x00000000c7a00000, 0x00000000c7a00000, 0x00000000c7b00000|  0%| F|  |TAMS 0x00000000c7a00000, 0x00000000c7a00000| Untracked 
| 123|0x00000000c7b00000, 0x00000000c7b00000, 0x00000000c7c00000|  0%| F|  |TAMS 0x00000000c7b00000, 0x00000000c7b00000| Untracked 
| 124|0x00000000c7c00000, 0x00000000c7c00000, 0x00000000c7d00000|  0%| F|  |TAMS 0x00000000c7c00000, 0x00000000c7c00000| Untracked 
| 125|0x00000000c7d00000, 0x00000000c7d00000, 0x00000000c7e00000|  0%| F|  |TAMS 0x00000000c7d00000, 0x00000000c7d00000| Untracked 
| 126|0x00000000c7e00000, 0x00000000c7e00000, 0x00000000c7f00000|  0%| F|  |TAMS 0x00000000c7e00000, 0x00000000c7e00000| Untracked 
| 127|0x00000000c7f00000, 0x00000000c8000000, 0x00000000c8000000|100%| O|  |TAMS 0x00000000c8000000, 0x00000000c7f00000| Untracked 
| 128|0x00000000c8000000, 0x00000000c8000000, 0x00000000c8100000|  0%| F|  |TAMS 0x00000000c8000000, 0x00000000c8000000| Untracked 
| 129|0x00000000c8100000, 0x00000000c8100000, 0x00000000c8200000|  0%| F|  |TAMS 0x00000000c8100000, 0x00000000c8100000| Untracked 
| 130|0x00000000c8200000, 0x00000000c8200000, 0x00000000c8300000|  0%| F|  |TAMS 0x00000000c8200000, 0x00000000c8200000| Untracked 
| 131|0x00000000c8300000, 0x00000000c8300000, 0x00000000c8400000|  0%| F|  |TAMS 0x00000000c8300000, 0x00000000c8300000| Untracked 
| 132|0x00000000c8400000, 0x00000000c8400000, 0x00000000c8500000|  0%| F|  |TAMS 0x00000000c8400000, 0x00000000c8400000| Untracked 
| 133|0x00000000c8500000, 0x00000000c8500000, 0x00000000c8600000|  0%| F|  |TAMS 0x00000000c8500000, 0x00000000c8500000| Untracked 
| 134|0x00000000c8600000, 0x00000000c8600000, 0x00000000c8700000|  0%| F|  |TAMS 0x00000000c8600000, 0x00000000c8600000| Untracked 
| 135|0x00000000c8700000, 0x00000000c8700000, 0x00000000c8800000|  0%| F|  |TAMS 0x00000000c8700000, 0x00000000c8700000| Untracked 
| 136|0x00000000c8800000, 0x00000000c8800000, 0x00000000c8900000|  0%| F|  |TAMS 0x00000000c8800000, 0x00000000c8800000| Untracked 
| 137|0x00000000c8900000, 0x00000000c8900000, 0x00000000c8a00000|  0%| F|  |TAMS 0x00000000c8900000, 0x00000000c8900000| Untracked 
| 138|0x00000000c8a00000, 0x00000000c8a00000, 0x00000000c8b00000|  0%| F|  |TAMS 0x00000000c8a00000, 0x00000000c8a00000| Untracked 
| 139|0x00000000c8b00000, 0x00000000c8b00000, 0x00000000c8c00000|  0%| F|  |TAMS 0x00000000c8b00000, 0x00000000c8b00000| Untracked 
| 140|0x00000000c8c00000, 0x00000000c8c00000, 0x00000000c8d00000|  0%| F|  |TAMS 0x00000000c8c00000, 0x00000000c8c00000| Untracked 
| 141|0x00000000c8d00000, 0x00000000c8e00000, 0x00000000c8e00000|100%|HS|  |TAMS 0x00000000c8e00000, 0x00000000c8d00000| Untracked 
| 142|0x00000000c8e00000, 0x00000000c8f00000, 0x00000000c8f00000|100%|HC|  |TAMS 0x00000000c8f00000, 0x00000000c8e00000| Untracked 
| 143|0x00000000c8f00000, 0x00000000c9000000, 0x00000000c9000000|100%|HC|  |TAMS 0x00000000c9000000, 0x00000000c8f00000| Untracked 
| 144|0x00000000c9000000, 0x00000000c9000000, 0x00000000c9100000|  0%| F|  |TAMS 0x00000000c9000000, 0x00000000c9000000| Untracked 
| 145|0x00000000c9100000, 0x00000000c9100000, 0x00000000c9200000|  0%| F|  |TAMS 0x00000000c9100000, 0x00000000c9100000| Untracked 
| 146|0x00000000c9200000, 0x00000000c9200000, 0x00000000c9300000|  0%| F|  |TAMS 0x00000000c9200000, 0x00000000c9200000| Untracked 
| 147|0x00000000c9300000, 0x00000000c9300000, 0x00000000c9400000|  0%| F|  |TAMS 0x00000000c9300000, 0x00000000c9300000| Untracked 
| 148|0x00000000c9400000, 0x00000000c9400000, 0x00000000c9500000|  0%| F|  |TAMS 0x00000000c9400000, 0x00000000c9400000| Untracked 
| 149|0x00000000c9500000, 0x00000000c9500000, 0x00000000c9600000|  0%| F|  |TAMS 0x00000000c9500000, 0x00000000c9500000| Untracked 
| 150|0x00000000c9600000, 0x00000000c9600000, 0x00000000c9700000|  0%| F|  |TAMS 0x00000000c9600000, 0x00000000c9600000| Untracked 
| 151|0x00000000c9700000, 0x00000000c9700000, 0x00000000c9800000|  0%| F|  |TAMS 0x00000000c9700000, 0x00000000c9700000| Untracked 
| 152|0x00000000c9800000, 0x00000000c9800000, 0x00000000c9900000|  0%| F|  |TAMS 0x00000000c9800000, 0x00000000c9800000| Untracked 
| 153|0x00000000c9900000, 0x00000000c9900000, 0x00000000c9a00000|  0%| F|  |TAMS 0x00000000c9900000, 0x00000000c9900000| Untracked 
| 154|0x00000000c9a00000, 0x00000000c9a00000, 0x00000000c9b00000|  0%| F|  |TAMS 0x00000000c9a00000, 0x00000000c9a00000| Untracked 
| 155|0x00000000c9b00000, 0x00000000c9b00000, 0x00000000c9c00000|  0%| F|  |TAMS 0x00000000c9b00000, 0x00000000c9b00000| Untracked 
| 156|0x00000000c9c00000, 0x00000000c9c00000, 0x00000000c9d00000|  0%| F|  |TAMS 0x00000000c9c00000, 0x00000000c9c00000| Untracked 
| 157|0x00000000c9d00000, 0x00000000c9d00000, 0x00000000c9e00000|  0%| F|  |TAMS 0x00000000c9d00000, 0x00000000c9d00000| Untracked 
| 158|0x00000000c9e00000, 0x00000000c9e00000, 0x00000000c9f00000|  0%| F|  |TAMS 0x00000000c9e00000, 0x00000000c9e00000| Untracked 
| 159|0x00000000c9f00000, 0x00000000c9f00000, 0x00000000ca000000|  0%| F|  |TAMS 0x00000000c9f00000, 0x00000000c9f00000| Untracked 
| 160|0x00000000ca000000, 0x00000000ca000000, 0x00000000ca100000|  0%| F|  |TAMS 0x00000000ca000000, 0x00000000ca000000| Untracked 
| 161|0x00000000ca100000, 0x00000000ca100000, 0x00000000ca200000|  0%| F|  |TAMS 0x00000000ca100000, 0x00000000ca100000| Untracked 
| 162|0x00000000ca200000, 0x00000000ca200000, 0x00000000ca300000|  0%| F|  |TAMS 0x00000000ca200000, 0x00000000ca200000| Untracked 
| 163|0x00000000ca300000, 0x00000000ca300000, 0x00000000ca400000|  0%| F|  |TAMS 0x00000000ca300000, 0x00000000ca300000| Untracked 
| 164|0x00000000ca400000, 0x00000000ca400000, 0x00000000ca500000|  0%| F|  |TAMS 0x00000000ca400000, 0x00000000ca400000| Untracked 
| 165|0x00000000ca500000, 0x00000000ca500000, 0x00000000ca600000|  0%| F|  |TAMS 0x00000000ca500000, 0x00000000ca500000| Untracked 
| 166|0x00000000ca600000, 0x00000000ca600000, 0x00000000ca700000|  0%| F|  |TAMS 0x00000000ca600000, 0x00000000ca600000| Untracked 
| 167|0x00000000ca700000, 0x00000000ca700000, 0x00000000ca800000|  0%| F|  |TAMS 0x00000000ca700000, 0x00000000ca700000| Untracked 
| 168|0x00000000ca800000, 0x00000000ca800000, 0x00000000ca900000|  0%| F|  |TAMS 0x00000000ca800000, 0x00000000ca800000| Untracked 
| 169|0x00000000ca900000, 0x00000000ca900000, 0x00000000caa00000|  0%| F|  |TAMS 0x00000000ca900000, 0x00000000ca900000| Untracked 
| 170|0x00000000caa00000, 0x00000000caa00000, 0x00000000cab00000|  0%| F|  |TAMS 0x00000000caa00000, 0x00000000caa00000| Untracked 
| 171|0x00000000cab00000, 0x00000000cab00000, 0x00000000cac00000|  0%| F|  |TAMS 0x00000000cab00000, 0x00000000cab00000| Untracked 
| 172|0x00000000cac00000, 0x00000000cac00000, 0x00000000cad00000|  0%| F|  |TAMS 0x00000000cac00000, 0x00000000cac00000| Untracked 
| 173|0x00000000cad00000, 0x00000000cad00000, 0x00000000cae00000|  0%| F|  |TAMS 0x00000000cad00000, 0x00000000cad00000| Untracked 
| 174|0x00000000cae00000, 0x00000000cae00000, 0x00000000caf00000|  0%| F|  |TAMS 0x00000000cae00000, 0x00000000cae00000| Untracked 
| 175|0x00000000caf00000, 0x00000000caf00000, 0x00000000cb000000|  0%| F|  |TAMS 0x00000000caf00000, 0x00000000caf00000| Untracked 
| 176|0x00000000cb000000, 0x00000000cb000000, 0x00000000cb100000|  0%| F|  |TAMS 0x00000000cb000000, 0x00000000cb000000| Untracked 
| 177|0x00000000cb100000, 0x00000000cb100000, 0x00000000cb200000|  0%| F|  |TAMS 0x00000000cb100000, 0x00000000cb100000| Untracked 
| 178|0x00000000cb200000, 0x00000000cb200000, 0x00000000cb300000|  0%| F|  |TAMS 0x00000000cb200000, 0x00000000cb200000| Untracked 
| 179|0x00000000cb300000, 0x00000000cb300000, 0x00000000cb400000|  0%| F|  |TAMS 0x00000000cb300000, 0x00000000cb300000| Untracked 
| 180|0x00000000cb400000, 0x00000000cb400000, 0x00000000cb500000|  0%| F|  |TAMS 0x00000000cb400000, 0x00000000cb400000| Untracked 
| 181|0x00000000cb500000, 0x00000000cb500000, 0x00000000cb600000|  0%| F|  |TAMS 0x00000000cb500000, 0x00000000cb500000| Untracked 
| 182|0x00000000cb600000, 0x00000000cb600000, 0x00000000cb700000|  0%| F|  |TAMS 0x00000000cb600000, 0x00000000cb600000| Untracked 
| 183|0x00000000cb700000, 0x00000000cb700000, 0x00000000cb800000|  0%| F|  |TAMS 0x00000000cb700000, 0x00000000cb700000| Untracked 
| 184|0x00000000cb800000, 0x00000000cb800000, 0x00000000cb900000|  0%| F|  |TAMS 0x00000000cb800000, 0x00000000cb800000| Untracked 
| 185|0x00000000cb900000, 0x00000000cb900000, 0x00000000cba00000|  0%| F|  |TAMS 0x00000000cb900000, 0x00000000cb900000| Untracked 
| 186|0x00000000cba00000, 0x00000000cba00000, 0x00000000cbb00000|  0%| F|  |TAMS 0x00000000cba00000, 0x00000000cba00000| Untracked 
| 187|0x00000000cbb00000, 0x00000000cbb00000, 0x00000000cbc00000|  0%| F|  |TAMS 0x00000000cbb00000, 0x00000000cbb00000| Untracked 
| 188|0x00000000cbc00000, 0x00000000cbc00000, 0x00000000cbd00000|  0%| F|  |TAMS 0x00000000cbc00000, 0x00000000cbc00000| Untracked 
| 189|0x00000000cbd00000, 0x00000000cbd00000, 0x00000000cbe00000|  0%| F|  |TAMS 0x00000000cbd00000, 0x00000000cbd00000| Untracked 
| 190|0x00000000cbe00000, 0x00000000cbe00000, 0x00000000cbf00000|  0%| F|  |TAMS 0x00000000cbe00000, 0x00000000cbe00000| Untracked 
| 191|0x00000000cbf00000, 0x00000000cbf00000, 0x00000000cc000000|  0%| F|  |TAMS 0x00000000cbf00000, 0x00000000cbf00000| Untracked 
| 192|0x00000000cc000000, 0x00000000cc000000, 0x00000000cc100000|  0%| F|  |TAMS 0x00000000cc000000, 0x00000000cc000000| Untracked 
| 193|0x00000000cc100000, 0x00000000cc200000, 0x00000000cc200000|100%|HS|  |TAMS 0x00000000cc200000, 0x00000000cc100000| Untracked 
| 194|0x00000000cc200000, 0x00000000cc200000, 0x00000000cc300000|  0%| F|  |TAMS 0x00000000cc200000, 0x00000000cc200000| Untracked 
| 195|0x00000000cc300000, 0x00000000cc300000, 0x00000000cc400000|  0%| F|  |TAMS 0x00000000cc300000, 0x00000000cc300000| Untracked 
| 196|0x00000000cc400000, 0x00000000cc400000, 0x00000000cc500000|  0%| F|  |TAMS 0x00000000cc400000, 0x00000000cc400000| Untracked 
| 197|0x00000000cc500000, 0x00000000cc500000, 0x00000000cc600000|  0%| F|  |TAMS 0x00000000cc500000, 0x00000000cc500000| Untracked 
| 198|0x00000000cc600000, 0x00000000cc600000, 0x00000000cc700000|  0%| F|  |TAMS 0x00000000cc600000, 0x00000000cc600000| Untracked 
| 199|0x00000000cc700000, 0x00000000cc700000, 0x00000000cc800000|  0%| F|  |TAMS 0x00000000cc700000, 0x00000000cc700000| Untracked 
| 200|0x00000000cc800000, 0x00000000cc800000, 0x00000000cc900000|  0%| F|  |TAMS 0x00000000cc800000, 0x00000000cc800000| Untracked 
| 201|0x00000000cc900000, 0x00000000cc900000, 0x00000000cca00000|  0%| F|  |TAMS 0x00000000cc900000, 0x00000000cc900000| Untracked 
| 202|0x00000000cca00000, 0x00000000cca00000, 0x00000000ccb00000|  0%| F|  |TAMS 0x00000000cca00000, 0x00000000cca00000| Untracked 
| 203|0x00000000ccb00000, 0x00000000ccb00000, 0x00000000ccc00000|  0%| F|  |TAMS 0x00000000ccb00000, 0x00000000ccb00000| Untracked 
| 204|0x00000000ccc00000, 0x00000000ccc00000, 0x00000000ccd00000|  0%| F|  |TAMS 0x00000000ccc00000, 0x00000000ccc00000| Untracked 
| 205|0x00000000ccd00000, 0x00000000ccd00000, 0x00000000cce00000|  0%| F|  |TAMS 0x00000000ccd00000, 0x00000000ccd00000| Untracked 
| 206|0x00000000cce00000, 0x00000000cce00000, 0x00000000ccf00000|  0%| F|  |TAMS 0x00000000cce00000, 0x00000000cce00000| Untracked 
| 207|0x00000000ccf00000, 0x00000000ccf00000, 0x00000000cd000000|  0%| F|  |TAMS 0x00000000ccf00000, 0x00000000ccf00000| Untracked 
| 208|0x00000000cd000000, 0x00000000cd000000, 0x00000000cd100000|  0%| F|  |TAMS 0x00000000cd000000, 0x00000000cd000000| Untracked 
| 209|0x00000000cd100000, 0x00000000cd100000, 0x00000000cd200000|  0%| F|  |TAMS 0x00000000cd100000, 0x00000000cd100000| Untracked 
| 210|0x00000000cd200000, 0x00000000cd200000, 0x00000000cd300000|  0%| F|  |TAMS 0x00000000cd200000, 0x00000000cd200000| Untracked 
| 211|0x00000000cd300000, 0x00000000cd300000, 0x00000000cd400000|  0%| F|  |TAMS 0x00000000cd300000, 0x00000000cd300000| Untracked 
| 212|0x00000000cd400000, 0x00000000cd400000, 0x00000000cd500000|  0%| F|  |TAMS 0x00000000cd400000, 0x00000000cd400000| Untracked 
| 213|0x00000000cd500000, 0x00000000cd500000, 0x00000000cd600000|  0%| F|  |TAMS 0x00000000cd500000, 0x00000000cd500000| Untracked 
| 214|0x00000000cd600000, 0x00000000cd600000, 0x00000000cd700000|  0%| F|  |TAMS 0x00000000cd600000, 0x00000000cd600000| Untracked 
| 215|0x00000000cd700000, 0x00000000cd700000, 0x00000000cd800000|  0%| F|  |TAMS 0x00000000cd700000, 0x00000000cd700000| Untracked 
| 216|0x00000000cd800000, 0x00000000cd800000, 0x00000000cd900000|  0%| F|  |TAMS 0x00000000cd800000, 0x00000000cd800000| Untracked 
| 217|0x00000000cd900000, 0x00000000cd900000, 0x00000000cda00000|  0%| F|  |TAMS 0x00000000cd900000, 0x00000000cd900000| Untracked 
| 218|0x00000000cda00000, 0x00000000cda00000, 0x00000000cdb00000|  0%| F|  |TAMS 0x00000000cda00000, 0x00000000cda00000| Untracked 
| 219|0x00000000cdb00000, 0x00000000cdb00000, 0x00000000cdc00000|  0%| F|  |TAMS 0x00000000cdb00000, 0x00000000cdb00000| Untracked 
| 220|0x00000000cdc00000, 0x00000000cdc00000, 0x00000000cdd00000|  0%| F|  |TAMS 0x00000000cdc00000, 0x00000000cdc00000| Untracked 
| 221|0x00000000cdd00000, 0x00000000cdd00000, 0x00000000cde00000|  0%| F|  |TAMS 0x00000000cdd00000, 0x00000000cdd00000| Untracked 
| 222|0x00000000cde00000, 0x00000000cde00000, 0x00000000cdf00000|  0%| F|  |TAMS 0x00000000cde00000, 0x00000000cde00000| Untracked 
| 223|0x00000000cdf00000, 0x00000000cdf00000, 0x00000000ce000000|  0%| F|  |TAMS 0x00000000cdf00000, 0x00000000cdf00000| Untracked 
| 224|0x00000000ce000000, 0x00000000ce000000, 0x00000000ce100000|  0%| F|  |TAMS 0x00000000ce000000, 0x00000000ce000000| Untracked 
| 225|0x00000000ce100000, 0x00000000ce100000, 0x00000000ce200000|  0%| F|  |TAMS 0x00000000ce100000, 0x00000000ce100000| Untracked 
| 226|0x00000000ce200000, 0x00000000ce200000, 0x00000000ce300000|  0%| F|  |TAMS 0x00000000ce200000, 0x00000000ce200000| Untracked 
| 227|0x00000000ce300000, 0x00000000ce300000, 0x00000000ce400000|  0%| F|  |TAMS 0x00000000ce300000, 0x00000000ce300000| Untracked 
| 228|0x00000000ce400000, 0x00000000ce400000, 0x00000000ce500000|  0%| F|  |TAMS 0x00000000ce400000, 0x00000000ce400000| Untracked 
| 229|0x00000000ce500000, 0x00000000ce500000, 0x00000000ce600000|  0%| F|  |TAMS 0x00000000ce500000, 0x00000000ce500000| Untracked 
| 230|0x00000000ce600000, 0x00000000ce600000, 0x00000000ce700000|  0%| F|  |TAMS 0x00000000ce600000, 0x00000000ce600000| Untracked 
| 231|0x00000000ce700000, 0x00000000ce700000, 0x00000000ce800000|  0%| F|  |TAMS 0x00000000ce700000, 0x00000000ce700000| Untracked 
| 232|0x00000000ce800000, 0x00000000ce800000, 0x00000000ce900000|  0%| F|  |TAMS 0x00000000ce800000, 0x00000000ce800000| Untracked 
| 233|0x00000000ce900000, 0x00000000ce900000, 0x00000000cea00000|  0%| F|  |TAMS 0x00000000ce900000, 0x00000000ce900000| Untracked 
| 234|0x00000000cea00000, 0x00000000cea00000, 0x00000000ceb00000|  0%| F|  |TAMS 0x00000000cea00000, 0x00000000cea00000| Untracked 
| 235|0x00000000ceb00000, 0x00000000ceb00000, 0x00000000cec00000|  0%| F|  |TAMS 0x00000000ceb00000, 0x00000000ceb00000| Untracked 
| 236|0x00000000cec00000, 0x00000000cec00000, 0x00000000ced00000|  0%| F|  |TAMS 0x00000000cec00000, 0x00000000cec00000| Untracked 
| 237|0x00000000ced00000, 0x00000000ced00000, 0x00000000cee00000|  0%| F|  |TAMS 0x00000000ced00000, 0x00000000ced00000| Untracked 
| 238|0x00000000cee00000, 0x00000000cee00000, 0x00000000cef00000|  0%| F|  |TAMS 0x00000000cee00000, 0x00000000cee00000| Untracked 
| 239|0x00000000cef00000, 0x00000000cef00000, 0x00000000cf000000|  0%| F|  |TAMS 0x00000000cef00000, 0x00000000cef00000| Untracked 
| 240|0x00000000cf000000, 0x00000000cf000000, 0x00000000cf100000|  0%| F|  |TAMS 0x00000000cf000000, 0x00000000cf000000| Untracked 
| 241|0x00000000cf100000, 0x00000000cf100000, 0x00000000cf200000|  0%| F|  |TAMS 0x00000000cf100000, 0x00000000cf100000| Untracked 
| 242|0x00000000cf200000, 0x00000000cf200000, 0x00000000cf300000|  0%| F|  |TAMS 0x00000000cf200000, 0x00000000cf200000| Untracked 
| 243|0x00000000cf300000, 0x00000000cf300000, 0x00000000cf400000|  0%| F|  |TAMS 0x00000000cf300000, 0x00000000cf300000| Untracked 
| 244|0x00000000cf400000, 0x00000000cf400000, 0x00000000cf500000|  0%| F|  |TAMS 0x00000000cf400000, 0x00000000cf400000| Untracked 
| 245|0x00000000cf500000, 0x00000000cf500000, 0x00000000cf600000|  0%| F|  |TAMS 0x00000000cf500000, 0x00000000cf500000| Untracked 
| 246|0x00000000cf600000, 0x00000000cf600000, 0x00000000cf700000|  0%| F|  |TAMS 0x00000000cf600000, 0x00000000cf600000| Untracked 
| 247|0x00000000cf700000, 0x00000000cf700000, 0x00000000cf800000|  0%| F|  |TAMS 0x00000000cf700000, 0x00000000cf700000| Untracked 
| 248|0x00000000cf800000, 0x00000000cf800000, 0x00000000cf900000|  0%| F|  |TAMS 0x00000000cf800000, 0x00000000cf800000| Untracked 
| 249|0x00000000cf900000, 0x00000000cf900000, 0x00000000cfa00000|  0%| F|  |TAMS 0x00000000cf900000, 0x00000000cf900000| Untracked 
| 250|0x00000000cfa00000, 0x00000000cfa00000, 0x00000000cfb00000|  0%| F|  |TAMS 0x00000000cfa00000, 0x00000000cfa00000| Untracked 
| 251|0x00000000cfb00000, 0x00000000cfb00000, 0x00000000cfc00000|  0%| F|  |TAMS 0x00000000cfb00000, 0x00000000cfb00000| Untracked 
| 252|0x00000000cfc00000, 0x00000000cfc00000, 0x00000000cfd00000|  0%| F|  |TAMS 0x00000000cfc00000, 0x00000000cfc00000| Untracked 
| 253|0x00000000cfd00000, 0x00000000cfd00000, 0x00000000cfe00000|  0%| F|  |TAMS 0x00000000cfd00000, 0x00000000cfd00000| Untracked 
| 254|0x00000000cfe00000, 0x00000000cfe00000, 0x00000000cff00000|  0%| F|  |TAMS 0x00000000cfe00000, 0x00000000cfe00000| Untracked 
| 255|0x00000000cff00000, 0x00000000cff00000, 0x00000000d0000000|  0%| F|  |TAMS 0x00000000cff00000, 0x00000000cff00000| Untracked 
| 256|0x00000000d0000000, 0x00000000d0000000, 0x00000000d0100000|  0%| F|  |TAMS 0x00000000d0000000, 0x00000000d0000000| Untracked 
| 257|0x00000000d0100000, 0x00000000d0100000, 0x00000000d0200000|  0%| F|  |TAMS 0x00000000d0100000, 0x00000000d0100000| Untracked 
| 258|0x00000000d0200000, 0x00000000d0200000, 0x00000000d0300000|  0%| F|  |TAMS 0x00000000d0200000, 0x00000000d0200000| Untracked 
| 259|0x00000000d0300000, 0x00000000d0300000, 0x00000000d0400000|  0%| F|  |TAMS 0x00000000d0300000, 0x00000000d0300000| Untracked 
| 260|0x00000000d0400000, 0x00000000d0400000, 0x00000000d0500000|  0%| F|  |TAMS 0x00000000d0400000, 0x00000000d0400000| Untracked 
| 261|0x00000000d0500000, 0x00000000d0500000, 0x00000000d0600000|  0%| F|  |TAMS 0x00000000d0500000, 0x00000000d0500000| Untracked 
| 262|0x00000000d0600000, 0x00000000d0600000, 0x00000000d0700000|  0%| F|  |TAMS 0x00000000d0600000, 0x00000000d0600000| Untracked 
| 263|0x00000000d0700000, 0x00000000d0700000, 0x00000000d0800000|  0%| F|  |TAMS 0x00000000d0700000, 0x00000000d0700000| Untracked 
| 264|0x00000000d0800000, 0x00000000d0800000, 0x00000000d0900000|  0%| F|  |TAMS 0x00000000d0800000, 0x00000000d0800000| Untracked 
| 265|0x00000000d0900000, 0x00000000d0900000, 0x00000000d0a00000|  0%| F|  |TAMS 0x00000000d0900000, 0x00000000d0900000| Untracked 
| 266|0x00000000d0a00000, 0x00000000d0a00000, 0x00000000d0b00000|  0%| F|  |TAMS 0x00000000d0a00000, 0x00000000d0a00000| Untracked 
| 267|0x00000000d0b00000, 0x00000000d0b00000, 0x00000000d0c00000|  0%| F|  |TAMS 0x00000000d0b00000, 0x00000000d0b00000| Untracked 
| 268|0x00000000d0c00000, 0x00000000d0c00000, 0x00000000d0d00000|  0%| F|  |TAMS 0x00000000d0c00000, 0x00000000d0c00000| Untracked 
| 269|0x00000000d0d00000, 0x00000000d0d00000, 0x00000000d0e00000|  0%| F|  |TAMS 0x00000000d0d00000, 0x00000000d0d00000| Untracked 
| 270|0x00000000d0e00000, 0x00000000d0e00000, 0x00000000d0f00000|  0%| F|  |TAMS 0x00000000d0e00000, 0x00000000d0e00000| Untracked 
| 271|0x00000000d0f00000, 0x00000000d0f00000, 0x00000000d1000000|  0%| F|  |TAMS 0x00000000d0f00000, 0x00000000d0f00000| Untracked 
| 272|0x00000000d1000000, 0x00000000d1000000, 0x00000000d1100000|  0%| F|  |TAMS 0x00000000d1000000, 0x00000000d1000000| Untracked 
| 273|0x00000000d1100000, 0x00000000d1100000, 0x00000000d1200000|  0%| F|  |TAMS 0x00000000d1100000, 0x00000000d1100000| Untracked 
| 274|0x00000000d1200000, 0x00000000d1200000, 0x00000000d1300000|  0%| F|  |TAMS 0x00000000d1200000, 0x00000000d1200000| Untracked 
| 275|0x00000000d1300000, 0x00000000d1300000, 0x00000000d1400000|  0%| F|  |TAMS 0x00000000d1300000, 0x00000000d1300000| Untracked 
| 276|0x00000000d1400000, 0x00000000d1400000, 0x00000000d1500000|  0%| F|  |TAMS 0x00000000d1400000, 0x00000000d1400000| Untracked 
| 277|0x00000000d1500000, 0x00000000d1500000, 0x00000000d1600000|  0%| F|  |TAMS 0x00000000d1500000, 0x00000000d1500000| Untracked 
| 278|0x00000000d1600000, 0x00000000d1600000, 0x00000000d1700000|  0%| F|  |TAMS 0x00000000d1600000, 0x00000000d1600000| Untracked 
| 279|0x00000000d1700000, 0x00000000d1700000, 0x00000000d1800000|  0%| F|  |TAMS 0x00000000d1700000, 0x00000000d1700000| Untracked 
| 280|0x00000000d1800000, 0x00000000d1800000, 0x00000000d1900000|  0%| F|  |TAMS 0x00000000d1800000, 0x00000000d1800000| Untracked 
| 281|0x00000000d1900000, 0x00000000d1900000, 0x00000000d1a00000|  0%| F|  |TAMS 0x00000000d1900000, 0x00000000d1900000| Untracked 
| 282|0x00000000d1a00000, 0x00000000d1a00000, 0x00000000d1b00000|  0%| F|  |TAMS 0x00000000d1a00000, 0x00000000d1a00000| Untracked 
| 283|0x00000000d1b00000, 0x00000000d1b00000, 0x00000000d1c00000|  0%| F|  |TAMS 0x00000000d1b00000, 0x00000000d1b00000| Untracked 
| 284|0x00000000d1c00000, 0x00000000d1c00000, 0x00000000d1d00000|  0%| F|  |TAMS 0x00000000d1c00000, 0x00000000d1c00000| Untracked 
| 285|0x00000000d1d00000, 0x00000000d1d00000, 0x00000000d1e00000|  0%| F|  |TAMS 0x00000000d1d00000, 0x00000000d1d00000| Untracked 
| 286|0x00000000d1e00000, 0x00000000d1e00000, 0x00000000d1f00000|  0%| F|  |TAMS 0x00000000d1e00000, 0x00000000d1e00000| Untracked 
| 287|0x00000000d1f00000, 0x00000000d1f00000, 0x00000000d2000000|  0%| F|  |TAMS 0x00000000d1f00000, 0x00000000d1f00000| Untracked 
| 288|0x00000000d2000000, 0x00000000d2000000, 0x00000000d2100000|  0%| F|  |TAMS 0x00000000d2000000, 0x00000000d2000000| Untracked 
| 289|0x00000000d2100000, 0x00000000d2100000, 0x00000000d2200000|  0%| F|  |TAMS 0x00000000d2100000, 0x00000000d2100000| Untracked 
| 290|0x00000000d2200000, 0x00000000d2200000, 0x00000000d2300000|  0%| F|  |TAMS 0x00000000d2200000, 0x00000000d2200000| Untracked 
| 291|0x00000000d2300000, 0x00000000d2300000, 0x00000000d2400000|  0%| F|  |TAMS 0x00000000d2300000, 0x00000000d2300000| Untracked 
| 292|0x00000000d2400000, 0x00000000d2400000, 0x00000000d2500000|  0%| F|  |TAMS 0x00000000d2400000, 0x00000000d2400000| Untracked 
| 293|0x00000000d2500000, 0x00000000d2500000, 0x00000000d2600000|  0%| F|  |TAMS 0x00000000d2500000, 0x00000000d2500000| Untracked 
| 294|0x00000000d2600000, 0x00000000d2600000, 0x00000000d2700000|  0%| F|  |TAMS 0x00000000d2600000, 0x00000000d2600000| Untracked 
| 295|0x00000000d2700000, 0x00000000d2700000, 0x00000000d2800000|  0%| F|  |TAMS 0x00000000d2700000, 0x00000000d2700000| Untracked 
| 296|0x00000000d2800000, 0x00000000d2800000, 0x00000000d2900000|  0%| F|  |TAMS 0x00000000d2800000, 0x00000000d2800000| Untracked 
| 297|0x00000000d2900000, 0x00000000d2900000, 0x00000000d2a00000|  0%| F|  |TAMS 0x00000000d2900000, 0x00000000d2900000| Untracked 
| 298|0x00000000d2a00000, 0x00000000d2a00000, 0x00000000d2b00000|  0%| F|  |TAMS 0x00000000d2a00000, 0x00000000d2a00000| Untracked 
| 299|0x00000000d2b00000, 0x00000000d2b00000, 0x00000000d2c00000|  0%| F|  |TAMS 0x00000000d2b00000, 0x00000000d2b00000| Untracked 
| 300|0x00000000d2c00000, 0x00000000d2c00000, 0x00000000d2d00000|  0%| F|  |TAMS 0x00000000d2c00000, 0x00000000d2c00000| Untracked 
| 301|0x00000000d2d00000, 0x00000000d2d00000, 0x00000000d2e00000|  0%| F|  |TAMS 0x00000000d2d00000, 0x00000000d2d00000| Untracked 
| 302|0x00000000d2e00000, 0x00000000d2e00000, 0x00000000d2f00000|  0%| F|  |TAMS 0x00000000d2e00000, 0x00000000d2e00000| Untracked 
| 303|0x00000000d2f00000, 0x00000000d2f00000, 0x00000000d3000000|  0%| F|  |TAMS 0x00000000d2f00000, 0x00000000d2f00000| Untracked 
| 304|0x00000000d3000000, 0x00000000d3000000, 0x00000000d3100000|  0%| F|  |TAMS 0x00000000d3000000, 0x00000000d3000000| Untracked 
| 305|0x00000000d3100000, 0x00000000d3100000, 0x00000000d3200000|  0%| F|  |TAMS 0x00000000d3100000, 0x00000000d3100000| Untracked 
| 306|0x00000000d3200000, 0x00000000d3200000, 0x00000000d3300000|  0%| F|  |TAMS 0x00000000d3200000, 0x00000000d3200000| Untracked 
| 307|0x00000000d3300000, 0x00000000d3300000, 0x00000000d3400000|  0%| F|  |TAMS 0x00000000d3300000, 0x00000000d3300000| Untracked 
| 308|0x00000000d3400000, 0x00000000d3400000, 0x00000000d3500000|  0%| F|  |TAMS 0x00000000d3400000, 0x00000000d3400000| Untracked 
| 309|0x00000000d3500000, 0x00000000d3500000, 0x00000000d3600000|  0%| F|  |TAMS 0x00000000d3500000, 0x00000000d3500000| Untracked 
| 310|0x00000000d3600000, 0x00000000d3600000, 0x00000000d3700000|  0%| F|  |TAMS 0x00000000d3600000, 0x00000000d3600000| Untracked 
| 311|0x00000000d3700000, 0x00000000d3700000, 0x00000000d3800000|  0%| F|  |TAMS 0x00000000d3700000, 0x00000000d3700000| Untracked 
| 312|0x00000000d3800000, 0x00000000d3800000, 0x00000000d3900000|  0%| F|  |TAMS 0x00000000d3800000, 0x00000000d3800000| Untracked 
| 313|0x00000000d3900000, 0x00000000d3900000, 0x00000000d3a00000|  0%| F|  |TAMS 0x00000000d3900000, 0x00000000d3900000| Untracked 
| 314|0x00000000d3a00000, 0x00000000d3a00000, 0x00000000d3b00000|  0%| F|  |TAMS 0x00000000d3a00000, 0x00000000d3a00000| Untracked 
| 315|0x00000000d3b00000, 0x00000000d3b00000, 0x00000000d3c00000|  0%| F|  |TAMS 0x00000000d3b00000, 0x00000000d3b00000| Untracked 
| 316|0x00000000d3c00000, 0x00000000d3c00000, 0x00000000d3d00000|  0%| F|  |TAMS 0x00000000d3c00000, 0x00000000d3c00000| Untracked 
| 317|0x00000000d3d00000, 0x00000000d3d00000, 0x00000000d3e00000|  0%| F|  |TAMS 0x00000000d3d00000, 0x00000000d3d00000| Untracked 
| 318|0x00000000d3e00000, 0x00000000d3e00000, 0x00000000d3f00000|  0%| F|  |TAMS 0x00000000d3e00000, 0x00000000d3e00000| Untracked 
| 319|0x00000000d3f00000, 0x00000000d3f00000, 0x00000000d4000000|  0%| F|  |TAMS 0x00000000d3f00000, 0x00000000d3f00000| Untracked 
| 320|0x00000000d4000000, 0x00000000d4000000, 0x00000000d4100000|  0%| F|  |TAMS 0x00000000d4000000, 0x00000000d4000000| Untracked 
| 321|0x00000000d4100000, 0x00000000d4100000, 0x00000000d4200000|  0%| F|  |TAMS 0x00000000d4100000, 0x00000000d4100000| Untracked 
| 322|0x00000000d4200000, 0x00000000d4200000, 0x00000000d4300000|  0%| F|  |TAMS 0x00000000d4200000, 0x00000000d4200000| Untracked 
| 323|0x00000000d4300000, 0x00000000d4300000, 0x00000000d4400000|  0%| F|  |TAMS 0x00000000d4300000, 0x00000000d4300000| Untracked 
| 324|0x00000000d4400000, 0x00000000d4400000, 0x00000000d4500000|  0%| F|  |TAMS 0x00000000d4400000, 0x00000000d4400000| Untracked 
| 325|0x00000000d4500000, 0x00000000d4500000, 0x00000000d4600000|  0%| F|  |TAMS 0x00000000d4500000, 0x00000000d4500000| Untracked 
| 326|0x00000000d4600000, 0x00000000d4600000, 0x00000000d4700000|  0%| F|  |TAMS 0x00000000d4600000, 0x00000000d4600000| Untracked 
| 327|0x00000000d4700000, 0x00000000d4700000, 0x00000000d4800000|  0%| F|  |TAMS 0x00000000d4700000, 0x00000000d4700000| Untracked 
| 328|0x00000000d4800000, 0x00000000d4800000, 0x00000000d4900000|  0%| F|  |TAMS 0x00000000d4800000, 0x00000000d4800000| Untracked 
| 329|0x00000000d4900000, 0x00000000d4900000, 0x00000000d4a00000|  0%| F|  |TAMS 0x00000000d4900000, 0x00000000d4900000| Untracked 
| 330|0x00000000d4a00000, 0x00000000d4a00000, 0x00000000d4b00000|  0%| F|  |TAMS 0x00000000d4a00000, 0x00000000d4a00000| Untracked 
| 331|0x00000000d4b00000, 0x00000000d4b00000, 0x00000000d4c00000|  0%| F|  |TAMS 0x00000000d4b00000, 0x00000000d4b00000| Untracked 
| 332|0x00000000d4c00000, 0x00000000d4c00000, 0x00000000d4d00000|  0%| F|  |TAMS 0x00000000d4c00000, 0x00000000d4c00000| Untracked 
| 333|0x00000000d4d00000, 0x00000000d4d5b840, 0x00000000d4e00000| 35%| E|  |TAMS 0x00000000d4d00000, 0x00000000d4d00000| Complete 

Card table byte_map: [0x0000026fa15b0000,0x0000026fa17b0000] _byte_map_base: 0x0000026fa0fb0000

Marking Bits (Prev, Next): (CMBitMap*) 0x0000026f9b447320, (CMBitMap*) 0x0000026f9b4472e0
 Prev Bits: [0x0000026fa29b0000, 0x0000026fa39b0000)
 Next Bits: [0x0000026fa19b0000, 0x0000026fa29b0000)

Polling page: 0x0000026f990b0000

Metaspace:

Usage:
  Non-class:     63.31 MB used.
      Class:     10.02 MB used.
       Both:     73.33 MB used.

Virtual space:
  Non-class space:       64.00 MB reserved,      63.75 MB (>99%) committed,  1 nodes.
      Class space:        1.00 GB reserved,      10.38 MB (  1%) committed,  1 nodes.
             Both:        1.06 GB reserved,      74.12 MB (  7%) committed. 

Chunk freelists:
   Non-Class:  302.00 KB
       Class:  5.72 MB
        Both:  6.02 MB

MaxMetaspaceSize: unlimited
CompressedClassSpaceSize: 1.00 GB
Initial GC threshold: 21.00 MB
Current GC threshold: 123.38 MB
CDS: off
MetaspaceReclaimPolicy: balanced
 - commit_granule_bytes: 65536.
 - commit_granule_words: 8192.
 - virtual_space_node_default_size: 8388608.
 - enlarge_chunks_in_place: 1.
 - new_chunks_are_fully_committed: 0.
 - uncommit_free_chunks: 1.
 - use_allocation_guard: 0.
 - handle_deallocations: 1.


Internal statistics:

num_allocs_failed_limit: 8.
num_arena_births: 754.
num_arena_deaths: 230.
num_vsnodes_births: 2.
num_vsnodes_deaths: 0.
num_space_committed: 1186.
num_space_uncommitted: 0.
num_chunks_returned_to_freelist: 290.
num_chunks_taken_from_freelist: 3259.
num_chunk_merges: 101.
num_chunk_splits: 2308.
num_chunks_enlarged: 1725.
num_inconsistent_stats: 0.

CodeCache: size=49152Kb used=24351Kb max_used=25429Kb free=24800Kb
 bounds [0x0000026f9e080000, 0x0000026f9fa50000, 0x0000026fa1080000]
 total_blobs=13903 nmethods=13209 adapters=619
 compilation: enabled
              stopped_count=0, restarted_count=0
 full_count=0

Compilation events (20 events):
Event: 1675.312 Thread 0x0000026facdaa670 13389       1       org.eclipse.jdt.internal.compiler.ast.Annotation::isRuntimeInvisible (66 bytes)
Event: 1675.312 Thread 0x0000026facdaa670 nmethod 13389 0x0000026f9f868690 code [0x0000026f9f868840, 0x0000026f9f868a68]
Event: 1675.313 Thread 0x0000026facdaa670 13390       1       org.eclipse.jdt.internal.compiler.ast.Expression::generateCode (20 bytes)
Event: 1675.313 Thread 0x0000026facdaa670 nmethod 13390 0x0000026f9f868310 code [0x0000026f9f8684c0, 0x0000026f9f8685e8]
Event: 1675.313 Thread 0x0000026facdaa670 13391       1       org.eclipse.jdt.core.dom.Annotation::<init> (11 bytes)
Event: 1675.313 Thread 0x0000026fa66ee9b0 13392       1       org.eclipse.jdt.core.dom.ASTConverter::setTypeNameForAnnotation (139 bytes)
Event: 1675.314 Thread 0x0000026facdaa670 nmethod 13391 0x0000026f9f867f90 code [0x0000026f9f868120, 0x0000026f9f868228]
Event: 1675.314 Thread 0x0000026facdaa670 13393       1       org.eclipse.jdt.core.dom.Annotation::setTypeName (42 bytes)
Event: 1675.314 Thread 0x0000026facdaa670 nmethod 13393 0x0000026f9f867a10 code [0x0000026f9f867be0, 0x0000026f9f867e38]
Event: 1675.314 Thread 0x0000026facdaa670 13394       1       org.eclipse.jdt.core.dom.Annotation::resolveAnnotationBinding (12 bytes)
Event: 1675.314 Thread 0x0000026facdaa670 nmethod 13394 0x0000026f9f867690 code [0x0000026f9f867820, 0x0000026f9f867928]
Event: 1675.314 Thread 0x0000026facdaa670 13395  s    1       org.eclipse.jdt.core.dom.DefaultBindingResolver::resolveAnnotation (58 bytes)
Event: 1675.314 Thread 0x0000026fa66ee9b0 nmethod 13392 0x0000026f9f866b10 code [0x0000026f9f866d40, 0x0000026f9f867288]
Event: 1675.315 Thread 0x0000026facdaa670 nmethod 13395 0x0000026f9f866490 code [0x0000026f9f866660, 0x0000026f9f8669c8]
Event: 1736.465 Thread 0x0000026fa66ee9b0 13396       1       java.util.StringTokenizer::countTokens (46 bytes)
Event: 1736.465 Thread 0x0000026fa66ee9b0 nmethod 13396 0x0000026f9f866090 code [0x0000026f9f866240, 0x0000026f9f866398]
Event: 1746.721 Thread 0x0000026fa66ee9b0 13397   !   1       java.lang.ProcessBuilder::start (430 bytes)
Event: 1746.723 Thread 0x0000026fa66ee9b0 nmethod 13397 0x0000026f9f864310 code [0x0000026f9f8646a0, 0x0000026f9f8656a8]
Event: 1752.839 Thread 0x0000026fa66ee9b0 13398       1       jdk.internal.misc.TerminatingThreadLocal::_threadTerminated (9 bytes)
Event: 1752.839 Thread 0x0000026fa66ee9b0 nmethod 13398 0x0000026f9f863f90 code [0x0000026f9f864140, 0x0000026f9f864258]

GC Heap History (20 events):
Event: 1635.423 GC heap before
{Heap before GC invocations=194 (full 96):
 garbage-first heap   total 342016K, used 108797K [0x00000000c0000000, 0x0000000100000000)
  region size 1024K, 10 young (10240K), 0 survivors (0K)
 Metaspace       used 75087K, committed 75904K, reserved 1114112K
  class space    used 10258K, committed 10624K, reserved 1048576K
}
Event: 1635.477 GC heap after
{Heap after GC invocations=195 (full 97):
 garbage-first heap   total 342016K, used 99605K [0x00000000c0000000, 0x0000000100000000)
  region size 1024K, 0 young (0K), 0 survivors (0K)
 Metaspace       used 75087K, committed 75904K, reserved 1114112K
  class space    used 10258K, committed 10624K, reserved 1048576K
}
Event: 1645.607 GC heap before
{Heap before GC invocations=195 (full 97):
 garbage-first heap   total 342016K, used 99605K [0x00000000c0000000, 0x0000000100000000)
  region size 1024K, 1 young (1024K), 0 survivors (0K)
 Metaspace       used 75087K, committed 75904K, reserved 1114112K
  class space    used 10258K, committed 10624K, reserved 1048576K
}
Event: 1645.661 GC heap after
{Heap after GC invocations=196 (full 98):
 garbage-first heap   total 342016K, used 99604K [0x00000000c0000000, 0x0000000100000000)
  region size 1024K, 0 young (0K), 0 survivors (0K)
 Metaspace       used 75087K, committed 75904K, reserved 1114112K
  class space    used 10258K, committed 10624K, reserved 1048576K
}
Event: 1655.830 GC heap before
{Heap before GC invocations=196 (full 98):
 garbage-first heap   total 342016K, used 99604K [0x00000000c0000000, 0x0000000100000000)
  region size 1024K, 1 young (1024K), 0 survivors (0K)
 Metaspace       used 75087K, committed 75904K, reserved 1114112K
  class space    used 10258K, committed 10624K, reserved 1048576K
}
Event: 1655.892 GC heap after
{Heap after GC invocations=197 (full 99):
 garbage-first heap   total 342016K, used 99604K [0x00000000c0000000, 0x0000000100000000)
  region size 1024K, 0 young (0K), 0 survivors (0K)
 Metaspace       used 75087K, committed 75904K, reserved 1114112K
  class space    used 10258K, committed 10624K, reserved 1048576K
}
Event: 1666.100 GC heap before
{Heap before GC invocations=197 (full 99):
 garbage-first heap   total 342016K, used 99604K [0x00000000c0000000, 0x0000000100000000)
  region size 1024K, 1 young (1024K), 0 survivors (0K)
 Metaspace       used 75087K, committed 75904K, reserved 1114112K
  class space    used 10258K, committed 10624K, reserved 1048576K
}
Event: 1666.159 GC heap after
{Heap after GC invocations=198 (full 100):
 garbage-first heap   total 342016K, used 99601K [0x00000000c0000000, 0x0000000100000000)
  region size 1024K, 0 young (0K), 0 survivors (0K)
 Metaspace       used 75087K, committed 75904K, reserved 1114112K
  class space    used 10258K, committed 10624K, reserved 1048576K
}
Event: 1726.395 GC heap before
{Heap before GC invocations=198 (full 100):
 garbage-first heap   total 342016K, used 109841K [0x00000000c0000000, 0x0000000100000000)
  region size 1024K, 11 young (11264K), 0 survivors (0K)
 Metaspace       used 75087K, committed 75904K, reserved 1114112K
  class space    used 10258K, committed 10624K, reserved 1048576K
}
Event: 1726.460 GC heap after
{Heap after GC invocations=199 (full 101):
 garbage-first heap   total 342016K, used 99650K [0x00000000c0000000, 0x0000000100000000)
  region size 1024K, 0 young (0K), 0 survivors (0K)
 Metaspace       used 75087K, committed 75904K, reserved 1114112K
  class space    used 10258K, committed 10624K, reserved 1048576K
}
Event: 1736.657 GC heap before
{Heap before GC invocations=199 (full 101):
 garbage-first heap   total 342016K, used 99650K [0x00000000c0000000, 0x0000000100000000)
  region size 1024K, 1 young (1024K), 0 survivors (0K)
 Metaspace       used 75087K, committed 75904K, reserved 1114112K
  class space    used 10258K, committed 10624K, reserved 1048576K
}
Event: 1736.716 GC heap after
{Heap after GC invocations=200 (full 102):
 garbage-first heap   total 342016K, used 99650K [0x00000000c0000000, 0x0000000100000000)
  region size 1024K, 0 young (0K), 0 survivors (0K)
 Metaspace       used 75087K, committed 75904K, reserved 1114112K
  class space    used 10258K, committed 10624K, reserved 1048576K
}
Event: 1746.861 GC heap before
{Heap before GC invocations=200 (full 102):
 garbage-first heap   total 342016K, used 99650K [0x00000000c0000000, 0x0000000100000000)
  region size 1024K, 1 young (1024K), 0 survivors (0K)
 Metaspace       used 75087K, committed 75904K, reserved 1114112K
  class space    used 10258K, committed 10624K, reserved 1048576K
}
Event: 1746.915 GC heap after
{Heap after GC invocations=201 (full 103):
 garbage-first heap   total 342016K, used 99650K [0x00000000c0000000, 0x0000000100000000)
  region size 1024K, 0 young (0K), 0 survivors (0K)
 Metaspace       used 75087K, committed 75904K, reserved 1114112K
  class space    used 10258K, committed 10624K, reserved 1048576K
}
Event: 1757.061 GC heap before
{Heap before GC invocations=201 (full 103):
 garbage-first heap   total 342016K, used 99650K [0x00000000c0000000, 0x0000000100000000)
  region size 1024K, 1 young (1024K), 0 survivors (0K)
 Metaspace       used 75087K, committed 75904K, reserved 1114112K
  class space    used 10258K, committed 10624K, reserved 1048576K
}
Event: 1757.116 GC heap after
{Heap after GC invocations=202 (full 104):
 garbage-first heap   total 342016K, used 99647K [0x00000000c0000000, 0x0000000100000000)
  region size 1024K, 0 young (0K), 0 survivors (0K)
 Metaspace       used 75087K, committed 75904K, reserved 1114112K
  class space    used 10258K, committed 10624K, reserved 1048576K
}
Event: 1767.286 GC heap before
{Heap before GC invocations=202 (full 104):
 garbage-first heap   total 342016K, used 99647K [0x00000000c0000000, 0x0000000100000000)
  region size 1024K, 1 young (1024K), 0 survivors (0K)
 Metaspace       used 75087K, committed 75904K, reserved 1114112K
  class space    used 10258K, committed 10624K, reserved 1048576K
}
Event: 1767.346 GC heap after
{Heap after GC invocations=203 (full 105):
 garbage-first heap   total 342016K, used 99647K [0x00000000c0000000, 0x0000000100000000)
  region size 1024K, 0 young (0K), 0 survivors (0K)
 Metaspace       used 75087K, committed 75904K, reserved 1114112K
  class space    used 10258K, committed 10624K, reserved 1048576K
}
Event: 1777.551 GC heap before
{Heap before GC invocations=203 (full 105):
 garbage-first heap   total 342016K, used 99647K [0x00000000c0000000, 0x0000000100000000)
  region size 1024K, 1 young (1024K), 0 survivors (0K)
 Metaspace       used 75087K, committed 75904K, reserved 1114112K
  class space    used 10258K, committed 10624K, reserved 1048576K
}
Event: 1777.616 GC heap after
{Heap after GC invocations=204 (full 106):
 garbage-first heap   total 342016K, used 99647K [0x00000000c0000000, 0x0000000100000000)
  region size 1024K, 0 young (0K), 0 survivors (0K)
 Metaspace       used 75087K, committed 75904K, reserved 1114112K
  class space    used 10258K, committed 10624K, reserved 1048576K
}

Dll operation events (10 events):
Event: 0.025 Loaded shared library c:\Users\khami\.vscode\extensions\redhat.java-1.20.0-win32-x64\jre\17.0.7-win32-x86_64\bin\java.dll
Event: 0.456 Loaded shared library C:\Users\khami\.vscode\extensions\redhat.java-1.20.0-win32-x64\jre\17.0.7-win32-x86_64\bin\net.dll
Event: 0.459 Loaded shared library C:\Users\khami\.vscode\extensions\redhat.java-1.20.0-win32-x64\jre\17.0.7-win32-x86_64\bin\nio.dll
Event: 0.477 Loaded shared library C:\Users\khami\.vscode\extensions\redhat.java-1.20.0-win32-x64\jre\17.0.7-win32-x86_64\bin\zip.dll
Event: 0.914 Loaded shared library C:\Users\khami\.vscode\extensions\redhat.java-1.20.0-win32-x64\jre\17.0.7-win32-x86_64\bin\jimage.dll
Event: 4.967 Loaded shared library C:\Users\khami\.vscode\extensions\redhat.java-1.20.0-win32-x64\jre\17.0.7-win32-x86_64\bin\management.dll
Event: 4.969 Loaded shared library C:\Users\khami\.vscode\extensions\redhat.java-1.20.0-win32-x64\jre\17.0.7-win32-x86_64\bin\management_ext.dll
Event: 6.730 Loaded shared library C:\Users\khami\.vscode\extensions\redhat.java-1.20.0-win32-x64\jre\17.0.7-win32-x86_64\bin\sunmscapi.dll
Event: 13.221 Loaded shared library C:\Users\khami\AppData\Local\Temp\snappy-1.1.8-f9b2d86f-6d58-421b-acce-46323dde11a0-snappyjava.dll
Event: 19.864 Loaded shared library c:\Users\khami\.vscode\extensions\redhat.java-1.20.0-win32-x64\jre\17.0.7-win32-x86_64\bin\verify.dll

Deoptimization events (20 events):
Event: 21.001 Thread 0x0000026fac5a4ed0 DEOPT PACKING pc=0x0000026f9f2d2274 sp=0x000000e971afe360
Event: 21.001 Thread 0x0000026fac5a4ed0 DEOPT UNPACKING pc=0x0000026f9e0d7143 sp=0x000000e971afd858 mode 0
Event: 21.001 Thread 0x0000026fac5a4ed0 DEOPT PACKING pc=0x0000026f9f2ca174 sp=0x000000e971afe430
Event: 21.001 Thread 0x0000026fac5a4ed0 DEOPT UNPACKING pc=0x0000026f9e0d7143 sp=0x000000e971afd908 mode 0
Event: 21.001 Thread 0x0000026fac5a4ed0 DEOPT PACKING pc=0x0000026f9f2c70a4 sp=0x000000e971afe4e0
Event: 21.001 Thread 0x0000026fac5a4ed0 DEOPT UNPACKING pc=0x0000026f9e0d7143 sp=0x000000e971afda60 mode 0
Event: 21.002 Thread 0x0000026fac5a4ed0 DEOPT PACKING pc=0x0000026f9f35daac sp=0x000000e971afe800
Event: 21.002 Thread 0x0000026fac5a4ed0 DEOPT UNPACKING pc=0x0000026f9e0d7143 sp=0x000000e971afdc90 mode 0
Event: 21.020 Thread 0x0000026fac5a4ed0 DEOPT PACKING pc=0x0000026f9e5fe873 sp=0x000000e971afdc40
Event: 21.020 Thread 0x0000026fac5a4ed0 DEOPT UNPACKING pc=0x0000026f9e0d7143 sp=0x000000e971afd160 mode 3
Event: 23.742 Thread 0x0000026fab685470 DEOPT PACKING pc=0x0000026f9ef19b7c sp=0x000000e9720fc9c0
Event: 23.742 Thread 0x0000026fab685470 DEOPT UNPACKING pc=0x0000026f9e0d7143 sp=0x000000e9720fbf48 mode 0
Event: 67.761 Thread 0x0000026fac118370 DEOPT PACKING pc=0x0000026f9e6f6fd4 sp=0x000000e9714fec50
Event: 67.761 Thread 0x0000026fac118370 DEOPT UNPACKING pc=0x0000026f9e0d7143 sp=0x000000e9714fe0d8 mode 0
Event: 228.070 Thread 0x0000026fac5a4ed0 DEOPT PACKING pc=0x0000026f9e1ef4b6 sp=0x000000e971afd2a0
Event: 228.070 Thread 0x0000026fac5a4ed0 DEOPT UNPACKING pc=0x0000026f9e0d7143 sp=0x000000e971afc798 mode 3
Event: 392.626 Thread 0x0000026fac5a4ed0 DEOPT PACKING pc=0x0000026f9f4c0ce6 sp=0x000000e971afe200
Event: 392.626 Thread 0x0000026fac5a4ed0 DEOPT UNPACKING pc=0x0000026f9e0d7143 sp=0x000000e971afd6c0 mode 3
Event: 398.622 Thread 0x0000026facb493a0 DEOPT PACKING pc=0x0000026f9f472620 sp=0x000000e96effdd40
Event: 398.622 Thread 0x0000026facb493a0 DEOPT UNPACKING pc=0x0000026f9e0d7143 sp=0x000000e96effd1c0 mode 3

Classes unloaded (20 events):
Event: 316.131 Thread 0x0000026fa666e8b0 Unloading class 0x00000001000d1400 'java/lang/invoke/LambdaForm$MH+0x00000001000d1400'
Event: 316.131 Thread 0x0000026fa666e8b0 Unloading class 0x00000001000d1000 'java/lang/invoke/LambdaForm$MH+0x00000001000d1000'
Event: 316.131 Thread 0x0000026fa666e8b0 Unloading class 0x00000001000d0c00 'java/lang/invoke/LambdaForm$MH+0x00000001000d0c00'
Event: 316.131 Thread 0x0000026fa666e8b0 Unloading class 0x00000001000d0800 'java/lang/invoke/LambdaForm$MH+0x00000001000d0800'
Event: 316.131 Thread 0x0000026fa666e8b0 Unloading class 0x00000001000d0400 'java/lang/invoke/LambdaForm$MH+0x00000001000d0400'
Event: 316.131 Thread 0x0000026fa666e8b0 Unloading class 0x00000001000d0000 'java/lang/invoke/LambdaForm$MH+0x00000001000d0000'
Event: 316.131 Thread 0x0000026fa666e8b0 Unloading class 0x00000001000cb800 'java/lang/invoke/LambdaForm$MH+0x00000001000cb800'
Event: 316.131 Thread 0x0000026fa666e8b0 Unloading class 0x00000001000cb400 'java/lang/invoke/LambdaForm$MH+0x00000001000cb400'
Event: 316.131 Thread 0x0000026fa666e8b0 Unloading class 0x00000001000cb000 'java/lang/invoke/LambdaForm$MH+0x00000001000cb000'
Event: 316.131 Thread 0x0000026fa666e8b0 Unloading class 0x00000001000cac00 'java/lang/invoke/LambdaForm$MH+0x00000001000cac00'
Event: 316.131 Thread 0x0000026fa666e8b0 Unloading class 0x00000001000ca800 'java/lang/invoke/LambdaForm$MH+0x00000001000ca800'
Event: 316.131 Thread 0x0000026fa666e8b0 Unloading class 0x00000001000ca400 'java/lang/invoke/LambdaForm$MH+0x00000001000ca400'
Event: 316.131 Thread 0x0000026fa666e8b0 Unloading class 0x00000001000c9c00 'java/lang/invoke/LambdaForm$MH+0x00000001000c9c00'
Event: 316.131 Thread 0x0000026fa666e8b0 Unloading class 0x00000001000c9400 'java/lang/invoke/LambdaForm$MH+0x00000001000c9400'
Event: 316.131 Thread 0x0000026fa666e8b0 Unloading class 0x00000001000c8c00 'java/lang/invoke/LambdaForm$MH+0x00000001000c8c00'
Event: 386.415 Thread 0x0000026fa666e8b0 Unloading class 0x0000000100a60c00 'java/lang/invoke/LambdaForm$MH+0x0000000100a60c00'
Event: 386.415 Thread 0x0000026fa666e8b0 Unloading class 0x0000000100a60800 'java/lang/invoke/LambdaForm$MH+0x0000000100a60800'
Event: 386.415 Thread 0x0000026fa666e8b0 Unloading class 0x0000000100a60400 'java/lang/invoke/LambdaForm$MH+0x0000000100a60400'
Event: 386.415 Thread 0x0000026fa666e8b0 Unloading class 0x00000001003a4000 'java/lang/invoke/LambdaForm$MH+0x00000001003a4000'
Event: 386.415 Thread 0x0000026fa666e8b0 Unloading class 0x00000001000c8400 'java/lang/invoke/LambdaForm$MH+0x00000001000c8400'

Classes redefined (0 events):
No events

Internal exceptions (20 events):
Event: 64.981 Thread 0x0000026fac497450 Exception <a 'java/lang/NoSuchMethodError'{0x00000000e7b07050}: 'java.lang.Object java.lang.invoke.DirectMethodHandle$Holder.newInvokeSpecial(java.lang.Object, long)'> (0x00000000e7b07050) 
thrown [s\src\hotspot\share\interpreter\linkResolver.cpp, line 759]
Event: 99.879 Thread 0x0000026fac5a4ed0 Exception <a 'sun/nio/fs/WindowsException'{0x00000000d92877a0}> (0x00000000d92877a0) 
thrown [s\src\hotspot\share\prims\jni.cpp, line 516]
Event: 99.880 Thread 0x0000026fac5a4ed0 Exception <a 'sun/nio/fs/WindowsException'{0x00000000d9288328}> (0x00000000d9288328) 
thrown [s\src\hotspot\share\prims\jni.cpp, line 516]
Event: 228.070 Thread 0x0000026fac5a4ed0 Implicit null exception at 0x0000026f9e1ee962 to 0x0000026f9e1ef4b1
Event: 253.322 Thread 0x0000026fac5a4ed0 Exception <a 'sun/nio/fs/WindowsException'{0x00000000d6460b18}> (0x00000000d6460b18) 
thrown [s\src\hotspot\share\prims\jni.cpp, line 516]
Event: 253.322 Thread 0x0000026fac5a4ed0 Exception <a 'sun/nio/fs/WindowsException'{0x00000000d64616a0}> (0x00000000d64616a0) 
thrown [s\src\hotspot\share\prims\jni.cpp, line 516]
Event: 392.626 Thread 0x0000026fac5a4ed0 Implicit null exception at 0x0000026f9f4c0a35 to 0x0000026f9f4c0ce1
Event: 398.440 Thread 0x0000026fac5a4ed0 Exception <a 'sun/nio/fs/WindowsException'{0x00000000d5310988}> (0x00000000d5310988) 
thrown [s\src\hotspot\share\prims\jni.cpp, line 516]
Event: 398.441 Thread 0x0000026fac5a4ed0 Exception <a 'sun/nio/fs/WindowsException'{0x00000000d5311510}> (0x00000000d5311510) 
thrown [s\src\hotspot\share\prims\jni.cpp, line 516]
Event: 398.621 Thread 0x0000026facb493a0 Implicit null exception at 0x0000026f9f4723da to 0x0000026f9f47261b
Event: 489.034 Thread 0x0000026fac5a4ed0 Exception <a 'sun/nio/fs/WindowsException'{0x00000000d4cca568}> (0x00000000d4cca568) 
thrown [s\src\hotspot\share\prims\jni.cpp, line 516]
Event: 489.035 Thread 0x0000026fac5a4ed0 Exception <a 'sun/nio/fs/WindowsException'{0x00000000d4ccb0f0}> (0x00000000d4ccb0f0) 
thrown [s\src\hotspot\share\prims\jni.cpp, line 516]
Event: 489.191 Thread 0x0000026fac5a4ed0 Exception <a 'sun/nio/fs/WindowsException'{0x00000000d37dec10}> (0x00000000d37dec10) 
thrown [s\src\hotspot\share\prims\jni.cpp, line 516]
Event: 489.191 Thread 0x0000026fac5a4ed0 Exception <a 'sun/nio/fs/WindowsException'{0x00000000d37defc0}> (0x00000000d37defc0) 
thrown [s\src\hotspot\share\prims\jni.cpp, line 516]
Event: 489.192 Thread 0x0000026fac5a4ed0 Exception <a 'sun/nio/fs/WindowsException'{0x00000000d37dff60}> (0x00000000d37dff60) 
thrown [s\src\hotspot\share\prims\jni.cpp, line 516]
Event: 489.192 Thread 0x0000026fac5a4ed0 Exception <a 'sun/nio/fs/WindowsException'{0x00000000d37e0330}> (0x00000000d37e0330) 
thrown [s\src\hotspot\share\prims\jni.cpp, line 516]
Event: 1564.719 Thread 0x0000026fad754760 Exception <a 'sun/nio/fs/WindowsException'{0x00000000d4d24848}> (0x00000000d4d24848) 
thrown [s\src\hotspot\share\prims\jni.cpp, line 516]
Event: 1564.720 Thread 0x0000026fad754760 Exception <a 'sun/nio/fs/WindowsException'{0x00000000d4d253d0}> (0x00000000d4d253d0) 
thrown [s\src\hotspot\share\prims\jni.cpp, line 516]
Event: 1674.913 Thread 0x0000026fb67b8110 Exception <a 'sun/nio/fs/WindowsException'{0x00000000d4d42c88}> (0x00000000d4d42c88) 
thrown [s\src\hotspot\share\prims\jni.cpp, line 516]
Event: 1674.913 Thread 0x0000026fb67b8110 Exception <a 'sun/nio/fs/WindowsException'{0x00000000d4d43810}> (0x00000000d4d43810) 
thrown [s\src\hotspot\share\prims\jni.cpp, line 516]

VM Operations (20 events):
Event: 1645.662 Executing VM operation: G1CollectFull done
Event: 1655.830 Executing VM operation: G1CollectFull
Event: 1655.892 Executing VM operation: G1CollectFull done
Event: 1666.100 Executing VM operation: G1CollectFull
Event: 1666.159 Executing VM operation: G1CollectFull done
Event: 1676.219 Executing VM operation: Cleanup
Event: 1676.219 Executing VM operation: Cleanup done
Event: 1726.395 Executing VM operation: G1CollectFull
Event: 1726.460 Executing VM operation: G1CollectFull done
Event: 1736.657 Executing VM operation: G1CollectFull
Event: 1736.717 Executing VM operation: G1CollectFull done
Event: 1746.860 Executing VM operation: G1CollectFull
Event: 1746.915 Executing VM operation: G1CollectFull done
Event: 1757.061 Executing VM operation: G1CollectFull
Event: 1757.116 Executing VM operation: G1CollectFull done
Event: 1767.285 Executing VM operation: G1CollectFull
Event: 1767.346 Executing VM operation: G1CollectFull done
Event: 1777.551 Executing VM operation: G1CollectFull
Event: 1777.616 Executing VM operation: G1CollectFull done
Event: 1788.685 Executing VM operation: G1CollectFull

Events (20 events):
Event: 569.523 Thread 0x0000026fad01f4c0 Thread exited: 0x0000026fad01f4c0
Event: 619.005 Thread 0x0000026fac5a4ed0 Thread exited: 0x0000026fac5a4ed0
Event: 619.507 Thread 0x0000026facb493a0 Thread exited: 0x0000026facb493a0
Event: 676.389 Thread 0x0000026fac757570 Thread added: 0x0000026fac757570
Event: 736.415 Thread 0x0000026fac757570 Thread exited: 0x0000026fac757570
Event: 736.415 Thread 0x0000026fac5476b0 Thread exited: 0x0000026fac5476b0
Event: 771.509 Thread 0x0000026facdd45c0 Thread added: 0x0000026facdd45c0
Event: 831.530 Thread 0x0000026facdd45c0 Thread exited: 0x0000026facdd45c0
Event: 831.533 Thread 0x0000026fac5471e0 Thread exited: 0x0000026fac5471e0
Event: 891.534 Thread 0x0000026fac544690 Thread exited: 0x0000026fac544690
Event: 1564.714 Thread 0x0000026fad754760 Thread added: 0x0000026fad754760
Event: 1564.714 Thread 0x0000026fb68ff2e0 Thread added: 0x0000026fb68ff2e0
Event: 1657.703 Thread 0x0000026fad754760 Thread exited: 0x0000026fad754760
Event: 1657.718 Thread 0x0000026fb68ff2e0 Thread exited: 0x0000026fb68ff2e0
Event: 1674.903 Thread 0x0000026fb67b8110 Thread added: 0x0000026fb67b8110
Event: 1674.904 Thread 0x0000026facc44210 Thread added: 0x0000026facc44210
Event: 1675.277 Thread 0x0000026facdaa670 Thread added: 0x0000026facdaa670
Event: 1680.318 Thread 0x0000026facdaa670 Thread exited: 0x0000026facdaa670
Event: 1752.698 Thread 0x0000026fb67b8110 Thread exited: 0x0000026fb67b8110
Event: 1752.839 Thread 0x0000026facc44210 Thread exited: 0x0000026facc44210


Dynamic libraries:
0x00007ff64c310000 - 0x00007ff64c31e000 	c:\Users\khami\.vscode\extensions\redhat.java-1.20.0-win32-x64\jre\17.0.7-win32-x86_64\bin\java.exe
0x00007ffa056c0000 - 0x00007ffa058eb000 	C:\WINDOWS\SYSTEM32\ntdll.dll
0x00007ffa03500000 - 0x00007ffa035c6000 	C:\WINDOWS\System32\KERNEL32.DLL
0x00007ffa030d0000 - 0x00007ffa0342e000 	C:\WINDOWS\System32\KERNELBASE.dll
0x00007ffa02d20000 - 0x00007ffa02e53000 	C:\WINDOWS\System32\ucrtbase.dll
0x00007ff9b6b20000 - 0x00007ff9b6b37000 	c:\Users\khami\.vscode\extensions\redhat.java-1.20.0-win32-x64\jre\17.0.7-win32-x86_64\bin\jli.dll
0x00007ffa03d70000 - 0x00007ffa03f21000 	C:\WINDOWS\System32\USER32.dll
0x00007ffa03010000 - 0x00007ffa03037000 	C:\WINDOWS\System32\win32u.dll
0x00007ffa03f30000 - 0x00007ffa03f59000 	C:\WINDOWS\System32\GDI32.dll
0x00007ffa02e60000 - 0x00007ffa02f7f000 	C:\WINDOWS\System32\gdi32full.dll
0x00007ffa02c70000 - 0x00007ffa02d15000 	C:\WINDOWS\System32\msvcp_win.dll
0x00007ff9b6820000 - 0x00007ff9b6839000 	c:\Users\khami\.vscode\extensions\redhat.java-1.20.0-win32-x64\jre\17.0.7-win32-x86_64\bin\VCRUNTIME140.dll
0x00007ff9dff60000 - 0x00007ff9e01f1000 	C:\WINDOWS\WinSxS\amd64_microsoft.windows.common-controls_6595b64144ccf1df_6.0.25905.1000_none_87b90b8fab340372\COMCTL32.dll
0x00007ffa054c0000 - 0x00007ffa05567000 	C:\WINDOWS\System32\msvcrt.dll
0x00007ffa03cd0000 - 0x00007ffa03d00000 	C:\WINDOWS\System32\IMM32.DLL
0x00007ff9ff020000 - 0x00007ff9ff02c000 	c:\Users\khami\.vscode\extensions\redhat.java-1.20.0-win32-x64\jre\17.0.7-win32-x86_64\bin\vcruntime140_1.dll
0x00007ff9a3e70000 - 0x00007ff9a3f01000 	c:\Users\khami\.vscode\extensions\redhat.java-1.20.0-win32-x64\jre\17.0.7-win32-x86_64\bin\msvcp140.dll
0x00007ff995e30000 - 0x00007ff996a78000 	c:\Users\khami\.vscode\extensions\redhat.java-1.20.0-win32-x64\jre\17.0.7-win32-x86_64\bin\server\jvm.dll
0x00007ffa038b0000 - 0x00007ffa03960000 	C:\WINDOWS\System32\ADVAPI32.dll
0x00007ffa03c20000 - 0x00007ffa03cc0000 	C:\WINDOWS\System32\sechost.dll
0x00007ffa035d0000 - 0x00007ffa036f5000 	C:\WINDOWS\System32\RPCRT4.dll
0x00007ff9dbef0000 - 0x00007ff9dbef9000 	C:\WINDOWS\SYSTEM32\WSOCK32.dll
0x00007ffa05600000 - 0x00007ffa05673000 	C:\WINDOWS\System32\WS2_32.dll
0x00007ff9fa750000 - 0x00007ff9fa75a000 	C:\WINDOWS\SYSTEM32\VERSION.dll
0x00007ff9fadc0000 - 0x00007ff9fadf4000 	C:\WINDOWS\SYSTEM32\WINMM.dll
0x00007ffa019f0000 - 0x00007ffa01a08000 	C:\WINDOWS\SYSTEM32\kernel.appcore.dll
0x00007ff9dbb00000 - 0x00007ff9dbb0a000 	c:\Users\khami\.vscode\extensions\redhat.java-1.20.0-win32-x64\jre\17.0.7-win32-x86_64\bin\jimage.dll
0x00007ffa00050000 - 0x00007ffa00285000 	C:\WINDOWS\SYSTEM32\DBGHELP.DLL
0x00007ffa04940000 - 0x00007ffa04cbb000 	C:\WINDOWS\System32\combase.dll
0x00007ffa041e0000 - 0x00007ffa042b5000 	C:\WINDOWS\System32\OLEAUT32.dll
0x00007ff9d4200000 - 0x00007ff9d4238000 	C:\WINDOWS\SYSTEM32\dbgcore.DLL
0x00007ffa03040000 - 0x00007ffa030c1000 	C:\WINDOWS\System32\bcryptPrimitives.dll
0x00007ff9b2cf0000 - 0x00007ff9b2d15000 	c:\Users\khami\.vscode\extensions\redhat.java-1.20.0-win32-x64\jre\17.0.7-win32-x86_64\bin\java.dll
0x00007ff9b3f30000 - 0x00007ff9b3f48000 	c:\Users\khami\.vscode\extensions\redhat.java-1.20.0-win32-x64\jre\17.0.7-win32-x86_64\bin\zip.dll
0x00007ffa04cc0000 - 0x00007ffa05433000 	C:\WINDOWS\System32\SHELL32.dll
0x00007ffa00890000 - 0x00007ffa010e2000 	C:\WINDOWS\SYSTEM32\windows.storage.dll
0x00007ffa03b40000 - 0x00007ffa03c13000 	C:\WINDOWS\System32\SHCORE.dll
0x00007ffa05460000 - 0x00007ffa054bc000 	C:\WINDOWS\System32\shlwapi.dll
0x00007ffa02a20000 - 0x00007ffa02a43000 	C:\WINDOWS\SYSTEM32\profapi.dll
0x00007ff9b3a60000 - 0x00007ff9b3a79000 	C:\Users\khami\.vscode\extensions\redhat.java-1.20.0-win32-x64\jre\17.0.7-win32-x86_64\bin\net.dll
0x00007ff9fb260000 - 0x00007ff9fb37b000 	C:\WINDOWS\SYSTEM32\WINHTTP.dll
0x00007ffa01f80000 - 0x00007ffa01fe8000 	C:\WINDOWS\system32\mswsock.dll
0x00007ff9b3860000 - 0x00007ff9b3875000 	C:\Users\khami\.vscode\extensions\redhat.java-1.20.0-win32-x64\jre\17.0.7-win32-x86_64\bin\nio.dll
0x00007ffa02250000 - 0x00007ffa0226b000 	C:\WINDOWS\SYSTEM32\CRYPTSP.dll
0x00007ffa01930000 - 0x00007ffa01967000 	C:\WINDOWS\system32\rsaenh.dll
0x00007ffa020a0000 - 0x00007ffa020ca000 	C:\WINDOWS\SYSTEM32\USERENV.dll
0x00007ffa02490000 - 0x00007ffa024b8000 	C:\WINDOWS\SYSTEM32\bcrypt.dll
0x00007ffa02240000 - 0x00007ffa0224c000 	C:\WINDOWS\SYSTEM32\CRYPTBASE.dll
0x00007ffa013b0000 - 0x00007ffa013df000 	C:\WINDOWS\SYSTEM32\IPHLPAPI.DLL
0x00007ffa04110000 - 0x00007ffa0411a000 	C:\WINDOWS\System32\NSI.dll
0x00007ff9fb210000 - 0x00007ff9fb229000 	C:\WINDOWS\SYSTEM32\dhcpcsvc6.DLL
0x00007ff9fb1e0000 - 0x00007ff9fb1ff000 	C:\WINDOWS\SYSTEM32\dhcpcsvc.DLL
0x00007ffa013f0000 - 0x00007ffa014ff000 	C:\WINDOWS\SYSTEM32\DNSAPI.dll
0x00007ff9d5dd0000 - 0x00007ff9d5dd9000 	C:\Users\khami\.vscode\extensions\redhat.java-1.20.0-win32-x64\jre\17.0.7-win32-x86_64\bin\management.dll
0x00007ff9d57b0000 - 0x00007ff9d57bb000 	C:\Users\khami\.vscode\extensions\redhat.java-1.20.0-win32-x64\jre\17.0.7-win32-x86_64\bin\management_ext.dll
0x00007ffa04120000 - 0x00007ffa04128000 	C:\WINDOWS\System32\PSAPI.DLL
0x00007ff9fbf00000 - 0x00007ff9fbf0e000 	C:\Users\khami\.vscode\extensions\redhat.java-1.20.0-win32-x64\jre\17.0.7-win32-x86_64\bin\sunmscapi.dll
0x00007ffa02af0000 - 0x00007ffa02c64000 	C:\WINDOWS\System32\CRYPT32.dll
0x00007ffa02450000 - 0x00007ffa02481000 	C:\WINDOWS\SYSTEM32\ncrypt.dll
0x00007ffa02400000 - 0x00007ffa0243e000 	C:\WINDOWS\SYSTEM32\NTASN1.dll
0x00007ff9fa790000 - 0x00007ff9fa79a000 	C:\Windows\System32\rasadhlp.dll
0x00007ff9fa380000 - 0x00007ff9fa402000 	C:\WINDOWS\System32\fwpuclnt.dll
0x000000006c500000 - 0x000000006c5c7000 	C:\Users\khami\AppData\Local\Temp\snappy-1.1.8-f9b2d86f-6d58-421b-acce-46323dde11a0-snappyjava.dll
0x00007ff9d97c0000 - 0x00007ff9d97d0000 	c:\Users\khami\.vscode\extensions\redhat.java-1.20.0-win32-x64\jre\17.0.7-win32-x86_64\bin\verify.dll

dbghelp: loaded successfully - version: 4.0.5 - missing functions: none
symbol engine: initialized successfully - sym options: 0x614 - pdb path: .;c:\Users\khami\.vscode\extensions\redhat.java-1.20.0-win32-x64\jre\17.0.7-win32-x86_64\bin;C:\WINDOWS\SYSTEM32;C:\WINDOWS\WinSxS\amd64_microsoft.windows.common-controls_6595b64144ccf1df_6.0.25905.1000_none_87b90b8fab340372;c:\Users\khami\.vscode\extensions\redhat.java-1.20.0-win32-x64\jre\17.0.7-win32-x86_64\bin\server;C:\Users\khami\AppData\Local\Temp

VM Arguments:
jvm_args: -XX:+HeapDumpOnOutOfMemoryError -Xmx1024m -Dsts.lsp.client=vscode -Dsts.log.file=/dev/null -XX:TieredStopAtLevel=1 -Xlog:jni+resolve=off -Dspring.config.location=file:c:\Users\khami\.vscode\extensions\vmware.vscode-spring-boot-1.47.0\language-server\BOOT-INF\classes\application.properties 
java_command: org.springframework.ide.vscode.boot.app.BootLanguageServerBootApp
java_class_path (initial): c:\Users\khami\.vscode\extensions\vmware.vscode-spring-boot-1.47.0\language-server\BOOT-INF\classes;c:\Users\khami\.vscode\extensions\vmware.vscode-spring-boot-1.47.0\language-server\BOOT-INF\lib\annotations-24.0.1.jar;c:\Users\khami\.vscode\extensions\vmware.vscode-spring-boot-1.47.0\language-server\BOOT-INF\lib\antlr-runtime-3.5.3.jar;c:\Users\khami\.vscode\extensions\vmware.vscode-spring-boot-1.47.0\language-server\BOOT-INF\lib\antlr4-4.11.1.jar;c:\Users\khami\.vscode\extensions\vmware.vscode-spring-boot-1.47.0\language-server\BOOT-INF\lib\antlr4-runtime-4.11.1.jar;c:\Users\khami\.vscode\extensions\vmware.vscode-spring-boot-1.47.0\language-server\BOOT-INF\lib\aopalliance-1.0.jar;c:\Users\khami\.vscode\extensions\vmware.vscode-spring-boot-1.47.0\language-server\BOOT-INF\lib\asm-9.5.jar;c:\Users\khami\.vscode\extensions\vmware.vscode-spring-boot-1.47.0\language-server\BOOT-INF\lib\asm-analysis-9.5.jar;c:\Users\khami\.vscode\extensions\vmware.vscode-spring-boot-1.47.0\language-server\BOOT-INF\lib\asm-tree-9.5.jar;c:\Users\khami\.vscode\extensions\vmware.vscode-spring-boot-1.47.0\language-server\BOOT-INF\lib\asm-util-9.5.jar;c:\Users\khami\.vscode\extensions\vmware.vscode-spring-boot-1.47.0\language-server\BOOT-INF\lib\auto-common-1.2.1.jar;c:\Users\khami\.vscode\extensions\vmware.vscode-spring-boot-1.47.0\language-server\BOOT-INF\lib\auto-value-annotations-1.9.jar;c:\Users\khami\.vscode\extensions\vmware.vscode-spring-boot-1.47.0\language-server\BOOT-INF\lib\caffeine-3.1.2.jar;c:\Users\khami\.vscode\extensions\vmware.vscode-spring-boot-1.47.0\language-server\BOOT-INF\lib\checker-qual-3.12.0.jar;c:\Users\khami\.vscode\extensions\vmware.vscode-spring-boot-1.47.0\language-server\BOOT-INF\lib\classgraph-4.8.149.jar;c:\Users\khami\.vscode\extensions\vmware.vscode-spring-boot-1.47.0\language-server\BOOT-INF\lib\commons-codec-1.15.jar;c:\Users\khami\.vscode\extensions\vmware.vscode-spring-boot-1.47.0\language-server\BOOT-INF\lib\commons-compres
Launcher Type: SUN_STANDARD

[Global flags]
     intx CICompilerCount                          = 4                                         {product} {ergonomic}
     uint ConcGCThreads                            = 3                                         {product} {ergonomic}
     uint G1ConcRefinementThreads                  = 10                                        {product} {ergonomic}
   size_t G1HeapRegionSize                         = 1048576                                   {product} {ergonomic}
    uintx GCDrainStackTargetSize                   = 64                                        {product} {ergonomic}
     bool HeapDumpOnOutOfMemoryError               = true                                   {manageable} {command line}
   size_t InitialHeapSize                          = 266338304                                 {product} {ergonomic}
   size_t MarkStackSize                            = 4194304                                   {product} {ergonomic}
   size_t MaxHeapSize                              = 1073741824                                {product} {command line}
   size_t MaxNewSize                               = 643825664                                 {product} {ergonomic}
   size_t MinHeapDeltaBytes                        = 1048576                                   {product} {ergonomic}
   size_t MinHeapSize                              = 8388608                                   {product} {ergonomic}
    uintx NonProfiledCodeHeapSize                  = 0                                      {pd product} {ergonomic}
     bool ProfileInterpreter                       = false                                  {pd product} {command line}
    uintx ProfiledCodeHeapSize                     = 0                                      {pd product} {ergonomic}
   size_t SoftMaxHeapSize                          = 1073741824                             {manageable} {ergonomic}
     intx TieredStopAtLevel                        = 1                                         {product} {command line}
     bool UseCompressedClassPointers               = true                           {product lp64_product} {ergonomic}
     bool UseCompressedOops                        = true                           {product lp64_product} {ergonomic}
     bool UseG1GC                                  = true                                      {product} {ergonomic}
     bool UseLargePagesIndividualAllocation        = false                                  {pd product} {ergonomic}

Logging:
Log output configuration:
 #0: stdout all=warning,jni+resolve=off uptime,level,tags
 #1: stderr all=off uptime,level,tags

Environment Variables:
JAVA_HOME=C:\Program Files\Eclipse Adoptium\jdk-11.0.19.7-hotspot\
PATH=C:\Program Files\Eclipse Adoptium\jdk-11.0.19.7-hotspot\bin;C:\Program Files\Java\jdk-11\bin;C:\Program Files\Common Files\Oracle\Java\javapath;C:\Program Files (x86)\Common Files\Oracle\Java\javapath;C:\Program Files\Microsoft\jdk-11.0.16.101-hotspot\bin;C:\Program Files\Eclipse Adoptium\jdk-8.0.362.9-hotspot\bin;C:\ProgramData\Oracle\Java\javapath;C:\Program Files\Microsoft MPI\Bin\;C:\windows\system32;C:\windows;C:\windows\System32\Wbem;C:\windows\System32\WindowsPowerShell\v1.0\;C:\windows\System32\OpenSSH\;C:\Program Files (x86)\NVIDIA Corporation\PhysX\Common;C:\Program Files\NVIDIA Corporation\NVIDIA NvDLISR;C:\WINDOWS\system32;C:\WINDOWS;C:\WINDOWS\System32\Wbem;C:\WINDOWS\System32\WindowsPowerShell\v1.0\;C:\WINDOWS\System32\OpenSSH\;C:\TDM-GCC-64\bin;C:\Program Files\Microsoft SQL Server\Client SDK\ODBC\170\Tools\Binn\;C:\Program Files (x86)\Microsoft SQL Server\150\Tools\Binn\;C:\Program Files\Microsoft SQL Server\150\Tools\Binn\;C:\Program Files\Microsoft SQL Server\150\DTS\Binn\;C:\Program Files (x86)\Microsoft SQL Server\150\DTS\Binn\;C:\Program Files\dotnet\;C:\Program Files\Git\cmd;C:\Program Files\Calibre2\;C:\Program Files\Cloudflare\Cloudflare WARP\;C:\Program Files\MySQL\MySQL Shell 8.0\bin\;C:\Users\khami\AppData\Local\Microsoft\WindowsApps;C:\Users\khami\AppData\Local\Programs\Microsoft VS Code\bin;;C:\Program Files\Azure Data Studio\bin;C:\Users\khami\.dotnet\tools
USERNAME=khami
OS=Windows_NT
PROCESSOR_IDENTIFIER=Intel64 Family 6 Model 165 Stepping 2, GenuineIntel
TMP=C:\Users\khami\AppData\Local\Temp
TEMP=C:\Users\khami\AppData\Local\Temp



---------------  S Y S T E M  ---------------

OS:
 Windows 11 , 64 bit Build 25905 (10.0.25905.1000)
OS uptime: 0 days 18:39 hours
Hyper-V role detected

CPU: total 12 (initial active 12) (6 cores per cpu, 2 threads per core) family 6 model 165 stepping 2 microcode 0xf0, cx8, cmov, fxsr, ht, mmx, 3dnowpref, sse, sse2, sse3, ssse3, sse4.1, sse4.2, popcnt, lzcnt, tsc, tscinvbit, avx, avx2, aes, erms, clmul, bmi1, bmi2, adx, fma, vzeroupper, clflush, clflushopt, hv

Memory: 4k page, system-wide physical 16160M (4055M free)
TotalPageFile size 16160M (AvailPageFile size 19M)
current process WorkingSet (physical memory assigned to process): 546M, peak: 1332M
current process commit charge ("private bytes"): 571M, peak: 1311M

vm_info: OpenJDK 64-Bit Server VM (17.0.7+7) for windows-amd64 JRE (17.0.7+7), built on Apr 18 2023 22:10:42 by "temurin" with MS VC++ 16.7 (VS2019)

END.
